
          -------------------------------------------------------
          Amber 16 SANDER                              2016
          -------------------------------------------------------

| Run on 03/14/2017 at 15:18:30

|   Executable path: sander.MPI
| Working directory: /home/steboss/projects/mdgx-tests/alanine/IPOLQ/input/PhiPsi_1/345/270
|          Hostname: node005

  [-O]verwriting output

File Assignments:
|  MDIN: min.in                                                                
| MDOUT: Conf270.min.out                                                       
|INPCRD: Conf270.crd                                                           
|  PARM: Conf270.top                                                           
|RESTRT: Conf270.min                                                           
|  REFC: Conf270.crd                                                           
| MDVEL: mdvel                                                                 
| MDFRC: mdfrc                                                                 
|  MDEN: mden                                                                  
| MDCRD: mdcrd                                                                 
|MDINFO: mdinfo                                                                
|  MTMD: mtmd                                                                  
|INPDIP: inpdip                                                                
|RSTDIP: rstdip                                                                
|INPTRA: inptraj                                                               

|    REMLOG: rem.log
|   REMTYPE: rem.type
|  REMSTRIP: 
|   SAVEENE: saveene
|CLUSTERINF: cluster.info
| RESERVOIR: reserv/frame
|   REMDDIM: 


 Here is the input file:

Initial minimization                                                           
 &cntrl                                                                        
  ntx    = 1,       irest  = 0,       ntrx   = 1,      ntxo   = 1,             
  ntpr   = 20,      ntwx   = 0,       ntwv   = 0,      ntwe   = 0,             
                                                                               
  ntf    = 1,       ntb    = 1,                                                
  ntc    = 1,       ntr    = 1,                                                
  restraintmask = ':1',                                                        
  restraint_wt = 100.0,                                                        
  cut    = 9.0,                                                                
                                                                               
  imin   = 1,                                                                  
  maxcyc = 1000,                                                               
  ncyc   = 100,                                                                
                                                                               
 &end                                                                          

--------------------------------------------------------------------------------
   1.  RESOURCE   USE: 
--------------------------------------------------------------------------------

| Flags: MPI                                                                    
 getting new box info from bottom of inpcrd
|  INFO: Old style inpcrd file read

| peek_ewald_inpcrd: Box info found
|Largest sphere to fit in unit cell has radius =    14.520
| New format PARM file being parsed.
| Version =    1.000 Date = 03/14/17 Time = 13:40:13
 NATOM  =    2878 NTYPES =       9 NBONH =    2868 MBONA  =       9
 NTHETH =      25 MTHETA =      11 NPHIH =      43 MPHIA  =      24
 NHPARM =       0 NPARM  =       0 NNB   =    3907 NRES   =     955
 NBONA  =       9 NTHETA =      11 NPHIA =      24 NUMBND =      10
 NUMANG =      16 NPTRA  =      19 NATYP =       9 NPHB   =       1
 IFBOX  =       2 NMXRS  =      10 IFCAP =       0 NEXTRA =       0
 NCOPY  =       0


|     Memory Use     Allocated
|     Real              331614
|     Hollerith           9591
|     Integer            88616
|     Max Pairs         319218
|     nblistReal         34536
|     nblist Int         87561
|       Total             4833 kbytes

| Note: 1-4 EEL scale factors are being read from the topology file.

| Note: 1-4 VDW scale factors are being read from the topology file.
| Duplicated    0 dihedrals
| Duplicated    0 dihedrals

     BOX TYPE: TRUNCATED OCTAHEDRON

--------------------------------------------------------------------------------
   2.  CONTROL  DATA  FOR  THE  RUN
--------------------------------------------------------------------------------

default_name                                                                    

General flags:
     imin    =       1, nmropt  =       0

Nature and format of input:
     ntx     =       1, irest   =       0, ntrx    =       1

Nature and format of output:
     ntxo    =       1, ntpr    =      20, ntrx    =       1, ntwr    =       1
     iwrap   =       0, ntwx    =       0, ntwv    =       0, ntwe    =       0
     ioutfm  =       1, ntwprt  =       0, idecomp =       0, rbornstat=      0

Potential function:
     ntf     =       1, ntb     =       1, igb     =       0, nsnb    =      25
     ipol    =       0, gbsa    =       0, iesp    =       0
     dielc   =   1.00000, cut     =   9.00000, intdiel =   1.00000

Frozen or restrained atoms:
     ibelly  =       0, ntr     =       1
     restraint_wt = 100.00000

Energy minimization:
     maxcyc  =    1000, ncyc    =     100, ntmin   =       1
     dx0     =   0.01000, drms    =   0.00010

Ewald parameters:
     verbose =       0, ew_type =       0, nbflag  =       1, use_pme =       1
     vdwmeth =       1, eedmeth =       1, netfrc  =       0
     Box X =   35.567   Box Y =   35.567   Box Z =   35.567
     Alpha =  109.471   Beta  =  109.471   Gamma =  109.471
     NFFT1 =   36       NFFT2 =   36       NFFT3 =   36
     Cutoff=    9.000   Tol   =0.100E-04
     Ewald Coefficient =  0.30768
     Interpolation order =    4

| MPI Timing options:
|      profile_mpi =        0

    LOADING THE CONSTRAINED ATOMS AS GROUPS


   5.  REFERENCE ATOM COORDINATES

  defa
     Mask :1; matches     6 atoms

--------------------------------------------------------------------------------
   3.  ATOMIC COORDINATES AND VELOCITIES
--------------------------------------------------------------------------------

default_name                                                                    
 begin time read from input coords =     0.000 ps

 Number of triangulated 3-point waters found:      952
|  Atom division among processors:
|         0     361     718    1078    1438    1795    2155    2515
|      2878

     Sum of charges from parm topology file =  -0.00000000
     Forcing neutrality...
|  Running AMBER/MPI version on    8 nodes


--------------------------------------------------------------------------------
   4.  RESULTS
--------------------------------------------------------------------------------

 ---------------------------------------------------
 APPROXIMATING switch and d/dx switch using CUBIC SPLINE INTERPOLATION
 using   5000.0 points per unit in tabled values
 TESTING RELATIVE ERROR over r ranging from 0.0 to cutoff
| CHECK switch(x): max rel err =   0.2738E-14   at   2.422500
| CHECK d/dx switch(x): max rel err =   0.8314E-11   at   2.736960
 ---------------------------------------------------
| Local SIZE OF NONBOND LIST =      91581
| TOTAL SIZE OF NONBOND LIST =     665772


   NSTEP       ENERGY          RMS            GMAX         NAME    NUMBER
      1      -8.0471E+03     1.2252E+01     6.1755E+01     O         299

 BOND    =        0.7352  ANGLE   =        2.6161  DIHED      =       13.8681
 VDWAALS =      924.8456  EEL     =    -9036.5889  HBOND      =        0.0000
 1-4 VDW =        2.5516  1-4 EEL =       44.9143  RESTRAINT  =        0.0000


   NSTEP       ENERGY          RMS            GMAX         NAME    NUMBER
     20      -8.9038E+03     2.7609E+00     2.0111E+01     O         380

 BOND    =      472.3409  ANGLE   =        2.6211  DIHED      =       13.8702
 VDWAALS =      876.9209  EEL     =   -10316.9642  HBOND      =        0.0000
 1-4 VDW =        2.5406  1-4 EEL =       44.8300  RESTRAINT  =        0.0052
 EAMBER  =    -8903.8406


   NSTEP       ENERGY          RMS            GMAX         NAME    NUMBER
     40      -9.5668E+03     2.1651E+00     9.2780E+00     H1       2391

 BOND    =      501.9127  ANGLE   =        2.6683  DIHED      =       13.7996
 VDWAALS =      920.8117  EEL     =   -11053.1642  HBOND      =        0.0000
 1-4 VDW =        2.4950  1-4 EEL =       44.6867  RESTRAINT  =        0.0087
 EAMBER  =    -9566.7902


   NSTEP       ENERGY          RMS            GMAX         NAME    NUMBER
     60      -9.8025E+03     3.3741E+00     1.0428E+01     H2        982

 BOND    =      497.7803  ANGLE   =        2.6874  DIHED      =       13.7443
 VDWAALS =      955.9801  EEL     =   -11319.7518  HBOND      =        0.0000
 1-4 VDW =        2.4678  1-4 EEL =       44.6144  RESTRAINT  =        0.0097
 EAMBER  =    -9802.4774


   NSTEP       ENERGY          RMS            GMAX         NAME    NUMBER
     80      -9.9570E+03     3.9627E+00     1.3028E+01     H2        982

 BOND    =      504.7988  ANGLE   =        2.6992  DIHED      =       13.6945
 VDWAALS =      990.9384  EEL     =   -11516.1718  HBOND      =        0.0000
 1-4 VDW =        2.4487  1-4 EEL =       44.5555  RESTRAINT  =        0.0110
 EAMBER  =    -9957.0367


   NSTEP       ENERGY          RMS            GMAX         NAME    NUMBER
    100      -1.0094E+04     9.4457E-01     4.7583E+00     H1        837

 BOND    =      599.1438  ANGLE   =        2.7091  DIHED      =       13.6477
 VDWAALS =     1024.8634  EEL     =   -11781.4743  HBOND      =        0.0000
 1-4 VDW =        2.4345  1-4 EEL =       44.5096  RESTRAINT  =        0.0123
 EAMBER  =   -10094.1661


   NSTEP       ENERGY          RMS            GMAX         NAME    NUMBER
    120      -1.0563E+04     4.4071E+00     9.9317E+01     H2        430

 BOND    =      735.1560  ANGLE   =        2.9825  DIHED      =       13.1781
 VDWAALS =     1414.4594  EEL     =   -12774.9099  HBOND      =        0.0000
 1-4 VDW =        2.3978  1-4 EEL =       44.1702  RESTRAINT  =        0.0270
 EAMBER  =   -10562.5660


   NSTEP       ENERGY          RMS            GMAX         NAME    NUMBER
    140      -1.0723E+04     1.5422E+00     2.0158E+01     H2       2149

 BOND    =      735.0690  ANGLE   =        3.1007  DIHED      =       13.0004
 VDWAALS =     1422.9689  EEL     =   -12943.5415  HBOND      =        0.0000
 1-4 VDW =        2.3852  1-4 EEL =       44.1610  RESTRAINT  =        0.0368
 EAMBER  =   -10722.8563


   NSTEP       ENERGY          RMS            GMAX         NAME    NUMBER
    160      -1.0828E+04     1.4948E+00     2.2245E+01     O        2690

 BOND    =      692.3228  ANGLE   =        3.1225  DIHED      =       12.7917
 VDWAALS =     1443.7169  EEL     =   -13026.0866  HBOND      =        0.0000
 1-4 VDW =        2.3723  1-4 EEL =       44.1604  RESTRAINT  =        0.0602
 EAMBER  =   -10827.6000


   NSTEP       ENERGY          RMS            GMAX         NAME    NUMBER
    180      -1.0920E+04     1.2833E+00     2.9711E+01     O          16

 BOND    =      746.4010  ANGLE   =        5.8875  DIHED      =       12.4749
 VDWAALS =     1550.7199  EEL     =   -13283.1689  HBOND      =        0.0000
 1-4 VDW =        2.6026  1-4 EEL =       44.5180  RESTRAINT  =        0.2198
 EAMBER  =   -10920.5650


   NSTEP       ENERGY          RMS            GMAX         NAME    NUMBER
    200      -1.1012E+04     1.5737E+00     5.1748E+01     N           7

 BOND    =      750.4637  ANGLE   =        8.2162  DIHED      =       11.9861
 VDWAALS =     1613.1671  EEL     =   -13441.3711  HBOND      =        0.0000
 1-4 VDW =        2.2429  1-4 EEL =       43.1287  RESTRAINT  =        0.4091
 EAMBER  =   -11012.1664


   NSTEP       ENERGY          RMS            GMAX         NAME    NUMBER
    220      -1.1062E+04     9.8440E-01     2.5584E+01     C           5

 BOND    =      766.5071  ANGLE   =        3.1650  DIHED      =       12.0849
 VDWAALS =     1640.5688  EEL     =   -13530.0842  HBOND      =        0.0000
 1-4 VDW =        2.2923  1-4 EEL =       43.8189  RESTRAINT  =        0.1015
 EAMBER  =   -11061.6473


   NSTEP       ENERGY          RMS            GMAX         NAME    NUMBER
    240      -1.1113E+04     8.5790E-01     3.1083E+01     C          15

 BOND    =      772.7383  ANGLE   =        3.8154  DIHED      =       11.8304
 VDWAALS =     1683.7959  EEL     =   -13630.9020  HBOND      =        0.0000
 1-4 VDW =        2.2117  1-4 EEL =       43.7802  RESTRAINT  =        0.0874
 EAMBER  =   -11112.7300


   NSTEP       ENERGY          RMS            GMAX         NAME    NUMBER
    260      -1.1166E+04     1.0677E+00     3.5300E+01     O           6

 BOND    =      780.2956  ANGLE   =        4.7875  DIHED      =       11.3533
 VDWAALS =     1743.6846  EEL     =   -13752.8309  HBOND      =        0.0000
 1-4 VDW =        2.4135  1-4 EEL =       44.1970  RESTRAINT  =        0.5089
 EAMBER  =   -11166.0993


   NSTEP       ENERGY          RMS            GMAX         NAME    NUMBER
    280      -1.1204E+04     5.2472E-01     1.0359E+01     O         734

 BOND    =      796.6217  ANGLE   =        3.7941  DIHED      =       11.3952
 VDWAALS =     1775.3418  EEL     =   -13836.9004  HBOND      =        0.0000
 1-4 VDW =        2.2588  1-4 EEL =       43.3767  RESTRAINT  =        0.2669
 EAMBER  =   -11204.1121


   NSTEP       ENERGY          RMS            GMAX         NAME    NUMBER
    300      -1.1251E+04     1.5872E+00     4.0409E+01     C           5

 BOND    =      820.7673  ANGLE   =        5.4577  DIHED      =       11.4958
 VDWAALS =     1838.9192  EEL     =   -13974.4642  HBOND      =        0.0000
 1-4 VDW =        2.3265  1-4 EEL =       43.6027  RESTRAINT  =        0.5346
 EAMBER  =   -11251.8949


   NSTEP       ENERGY          RMS            GMAX         NAME    NUMBER
    320      -1.1283E+04     8.0726E-01     2.4472E+01     C           5

 BOND    =      805.5526  ANGLE   =        4.8463  DIHED      =       11.1484
 VDWAALS =     1845.9866  EEL     =   -13996.6863  HBOND      =        0.0000
 1-4 VDW =        2.3535  1-4 EEL =       43.7729  RESTRAINT  =        0.3085
 EAMBER  =   -11283.0259


   NSTEP       ENERGY          RMS            GMAX         NAME    NUMBER
    340      -1.1302E+04     5.9046E-01     1.1856E+01     CH3        19

 BOND    =      816.3971  ANGLE   =        3.5571  DIHED      =       11.1101
 VDWAALS =     1861.6835  EEL     =   -14040.3865  HBOND      =        0.0000
 1-4 VDW =        2.3897  1-4 EEL =       43.4593  RESTRAINT  =        0.2199
 EAMBER  =   -11301.7896


   NSTEP       ENERGY          RMS            GMAX         NAME    NUMBER
    360      -1.1351E+04     1.1124E+00     4.2968E+01     C          15

 BOND    =      815.2993  ANGLE   =        3.8075  DIHED      =       10.7105
 VDWAALS =     1916.5071  EEL     =   -14142.4627  HBOND      =        0.0000
 1-4 VDW =        2.2175  1-4 EEL =       43.0273  RESTRAINT  =        0.1648
 EAMBER  =   -11350.8935


   NSTEP       ENERGY          RMS            GMAX         NAME    NUMBER
    380      -1.1375E+04     3.2000E-01     7.3582E+00     C           5

 BOND    =      828.1605  ANGLE   =        3.8955  DIHED      =       10.7810
 VDWAALS =     1931.5454  EEL     =   -14194.7129  HBOND      =        0.0000
 1-4 VDW =        2.2965  1-4 EEL =       43.1563  RESTRAINT  =        0.0838
 EAMBER  =   -11374.8777


   NSTEP       ENERGY          RMS            GMAX         NAME    NUMBER
    400      -1.1418E+04     1.1494E+00     2.6501E+01     CA          9

 BOND    =      852.9601  ANGLE   =        6.3263  DIHED      =       11.6700
 VDWAALS =     1985.7114  EEL     =   -14320.4764  HBOND      =        0.0000
 1-4 VDW =        2.3593  1-4 EEL =       42.6673  RESTRAINT  =        0.6794
 EAMBER  =   -11418.7821


   NSTEP       ENERGY          RMS            GMAX         NAME    NUMBER
    420      -1.1441E+04     6.2896E-01     1.8379E+01     N           7

 BOND    =      831.6746  ANGLE   =        4.9352  DIHED      =       10.8658
 VDWAALS =     1987.5485  EEL     =   -14321.5590  HBOND      =        0.0000
 1-4 VDW =        2.4049  1-4 EEL =       42.9187  RESTRAINT  =        0.2044
 EAMBER  =   -11441.2113


   NSTEP       ENERGY          RMS            GMAX         NAME    NUMBER
    440      -1.1455E+04     4.5537E-01     1.9477E+01     O           6

 BOND    =      846.6866  ANGLE   =        4.0735  DIHED      =       10.3535
 VDWAALS =     1999.0958  EEL     =   -14361.1766  HBOND      =        0.0000
 1-4 VDW =        2.2760  1-4 EEL =       43.0493  RESTRAINT  =        0.5032
 EAMBER  =   -11455.6420


   NSTEP       ENERGY          RMS            GMAX         NAME    NUMBER
    460      -1.1483E+04     5.6638E-01     1.1606E+01     C          15

 BOND    =      840.4605  ANGLE   =        4.1181  DIHED      =       10.4767
 VDWAALS =     2026.1126  EEL     =   -14409.8298  HBOND      =        0.0000
 1-4 VDW =        2.2505  1-4 EEL =       42.9882  RESTRAINT  =        0.2239
 EAMBER  =   -11483.4231


   NSTEP       ENERGY          RMS            GMAX         NAME    NUMBER
    480      -1.1494E+04     4.3321E-01     1.2371E+01     C          15

 BOND    =      851.5003  ANGLE   =        3.9311  DIHED      =       10.5992
 VDWAALS =     2037.4386  EEL     =   -14442.9634  HBOND      =        0.0000
 1-4 VDW =        2.3871  1-4 EEL =       42.8798  RESTRAINT  =        0.0653
 EAMBER  =   -11494.2272


   NSTEP       ENERGY          RMS            GMAX         NAME    NUMBER
    500      -1.1511E+04     7.7481E-01     1.8228E+01     CA          9

 BOND    =      866.6126  ANGLE   =        5.7694  DIHED      =       11.2608
 VDWAALS =     2054.6738  EEL     =   -14494.6792  HBOND      =        0.0000
 1-4 VDW =        2.4099  1-4 EEL =       42.8177  RESTRAINT  =        0.1899
 EAMBER  =   -11511.1350


   NSTEP       ENERGY          RMS            GMAX         NAME    NUMBER
    520      -1.1522E+04     5.6325E-01     1.4906E+01     C          15

 BOND    =      847.9925  ANGLE   =        4.3883  DIHED      =       10.5814
 VDWAALS =     2060.9133  EEL     =   -14491.0512  HBOND      =        0.0000
 1-4 VDW =        2.4654  1-4 EEL =       43.0130  RESTRAINT  =        0.1432
 EAMBER  =   -11521.6974


   NSTEP       ENERGY          RMS            GMAX         NAME    NUMBER
    540      -1.1531E+04     3.1463E-01     8.7527E+00     H           8

 BOND    =      858.6896  ANGLE   =        3.8997  DIHED      =       10.3618
 VDWAALS =     2067.8444  EEL     =   -14517.6102  HBOND      =        0.0000
 1-4 VDW =        2.4440  1-4 EEL =       43.1049  RESTRAINT  =        0.2493
 EAMBER  =   -11531.2658


   NSTEP       ENERGY          RMS            GMAX         NAME    NUMBER
    560      -1.1543E+04     4.7279E-01     7.9360E+00     O           6

 BOND    =      854.6824  ANGLE   =        3.6567  DIHED      =       10.4159
 VDWAALS =     2078.1286  EEL     =   -14535.7310  HBOND      =        0.0000
 1-4 VDW =        2.4115  1-4 EEL =       43.1257  RESTRAINT  =        0.1934
 EAMBER  =   -11543.3102


   NSTEP       ENERGY          RMS            GMAX         NAME    NUMBER
    580      -1.1551E+04     3.1969E-01     8.3648E+00     N           7

 BOND    =      860.3834  ANGLE   =        3.7002  DIHED      =       10.5315
 VDWAALS =     2086.1170  EEL     =   -14557.6363  HBOND      =        0.0000
 1-4 VDW =        2.4608  1-4 EEL =       43.0121  RESTRAINT  =        0.0654
 EAMBER  =   -11551.4313


   NSTEP       ENERGY          RMS            GMAX         NAME    NUMBER
    600      -1.1563E+04     6.1714E-01     1.9170E+01     CA          9

 BOND    =      871.8111  ANGLE   =        4.3949  DIHED      =       10.8085
 VDWAALS =     2095.6074  EEL     =   -14591.0433  HBOND      =        0.0000
 1-4 VDW =        2.4864  1-4 EEL =       42.9274  RESTRAINT  =        0.0809
 EAMBER  =   -11563.0076


   NSTEP       ENERGY          RMS            GMAX         NAME    NUMBER
    620      -1.1571E+04     3.6933E-01     1.0865E+01     C           5

 BOND    =      860.1575  ANGLE   =        3.8510  DIHED      =       10.4634
 VDWAALS =     2099.5362  EEL     =   -14590.7557  HBOND      =        0.0000
 1-4 VDW =        2.5189  1-4 EEL =       43.0794  RESTRAINT  =        0.0904
 EAMBER  =   -11571.1494


   NSTEP       ENERGY          RMS            GMAX         NAME    NUMBER
    640      -1.1578E+04     3.5409E-01     1.0168E+01     H           8

 BOND    =      865.6240  ANGLE   =        3.7199  DIHED      =       10.3305
 VDWAALS =     2103.2625  EEL     =   -14607.1119  HBOND      =        0.0000
 1-4 VDW =        2.4632  1-4 EEL =       43.2775  RESTRAINT  =        0.2713
 EAMBER  =   -11578.4343


   NSTEP       ENERGY          RMS            GMAX         NAME    NUMBER
    660      -1.1588E+04     4.4689E-01     9.6910E+00     C           5

 BOND    =      860.6495  ANGLE   =        3.3745  DIHED      =       10.3544
 VDWAALS =     2110.4543  EEL     =   -14618.6545  HBOND      =        0.0000
 1-4 VDW =        2.4540  1-4 EEL =       43.2022  RESTRAINT  =        0.1792
 EAMBER  =   -11588.1656


   NSTEP       ENERGY          RMS            GMAX         NAME    NUMBER
    680      -1.1595E+04     3.4942E-01     1.4359E+01     C           5

 BOND    =      867.9751  ANGLE   =        3.5785  DIHED      =       10.4675
 VDWAALS =     2116.0633  EEL     =   -14639.2970  HBOND      =        0.0000
 1-4 VDW =        2.5077  1-4 EEL =       43.1523  RESTRAINT  =        0.0636
 EAMBER  =   -11595.5526


   NSTEP       ENERGY          RMS            GMAX         NAME    NUMBER
    700      -1.1607E+04     6.9373E-01     1.9648E+01     CA          9

 BOND    =      876.4337  ANGLE   =        4.1631  DIHED      =       10.6804
 VDWAALS =     2123.3154  EEL     =   -14667.7533  HBOND      =        0.0000
 1-4 VDW =        2.5518  1-4 EEL =       43.1088  RESTRAINT  =        0.0982
 EAMBER  =   -11607.5001


   NSTEP       ENERGY          RMS            GMAX         NAME    NUMBER
    720      -1.1616E+04     3.4564E-01     8.6914E+00     O           6

 BOND    =      867.1584  ANGLE   =        3.5568  DIHED      =       10.4453
 VDWAALS =     2126.7418  EEL     =   -14669.5789  HBOND      =        0.0000
 1-4 VDW =        2.5750  1-4 EEL =       43.0865  RESTRAINT  =        0.0607
 EAMBER  =   -11616.0150


   NSTEP       ENERGY          RMS            GMAX         NAME    NUMBER
    740      -1.1623E+04     3.3068E-01     9.3155E+00     N           7

 BOND    =      873.7682  ANGLE   =        3.5714  DIHED      =       10.2737
 VDWAALS =     2130.0594  EEL     =   -14686.8217  HBOND      =        0.0000
 1-4 VDW =        2.4924  1-4 EEL =       43.3369  RESTRAINT  =        0.2865
 EAMBER  =   -11623.3197


   NSTEP       ENERGY          RMS            GMAX         NAME    NUMBER
    760      -1.1633E+04     4.4753E-01     1.2978E+01     H           8

 BOND    =      871.8860  ANGLE   =        3.2911  DIHED      =       10.3256
 VDWAALS =     2137.3373  EEL     =   -14702.1400  HBOND      =        0.0000
 1-4 VDW =        2.4511  1-4 EEL =       43.4159  RESTRAINT  =        0.3454
 EAMBER  =   -11633.4330


   NSTEP       ENERGY          RMS            GMAX         NAME    NUMBER
    780      -1.1641E+04     2.7813E-01     7.0297E+00     N           7

 BOND    =      876.5194  ANGLE   =        3.7601  DIHED      =       10.5189
 VDWAALS =     2143.3890  EEL     =   -14721.5419  HBOND      =        0.0000
 1-4 VDW =        2.5901  1-4 EEL =       43.2380  RESTRAINT  =        0.1042
 EAMBER  =   -11641.5264


   NSTEP       ENERGY          RMS            GMAX         NAME    NUMBER
    800      -1.1651E+04     4.5136E-01     1.6189E+01     O           6

 BOND    =      882.1226  ANGLE   =        3.6696  DIHED      =       10.4483
 VDWAALS =     2151.0563  EEL     =   -14743.7045  HBOND      =        0.0000
 1-4 VDW =        2.6382  1-4 EEL =       43.0950  RESTRAINT  =        0.0742
 EAMBER  =   -11650.6745


   NSTEP       ENERGY          RMS            GMAX         NAME    NUMBER
    820      -1.1657E+04     3.1925E-01     8.7084E+00     C          15

 BOND    =      873.7963  ANGLE   =        3.1736  DIHED      =       10.3492
 VDWAALS =     2153.6648  EEL     =   -14743.7601  HBOND      =        0.0000
 1-4 VDW =        2.5970  1-4 EEL =       43.1851  RESTRAINT  =        0.0516
 EAMBER  =   -11656.9941


   NSTEP       ENERGY          RMS            GMAX         NAME    NUMBER
    840      -1.1662E+04     2.9247E-01     7.3116E+00     C           5

 BOND    =      883.4334  ANGLE   =        3.2381  DIHED      =       10.2677
 VDWAALS =     2157.4459  EEL     =   -14762.3838  HBOND      =        0.0000
 1-4 VDW =        2.5147  1-4 EEL =       43.4100  RESTRAINT  =        0.1910
 EAMBER  =   -11662.0740


   NSTEP       ENERGY          RMS            GMAX         NAME    NUMBER
    860      -1.1668E+04     3.3267E-01     1.2199E+01     H           8

 BOND    =      878.1588  ANGLE   =        3.0542  DIHED      =       10.2937
 VDWAALS =     2163.5918  EEL     =   -14769.5154  HBOND      =        0.0000
 1-4 VDW =        2.5340  1-4 EEL =       43.4602  RESTRAINT  =        0.1623
 EAMBER  =   -11668.4227


   NSTEP       ENERGY          RMS            GMAX         NAME    NUMBER
    880      -1.1673E+04     5.2686E-01     1.7852E+01     C          15

 BOND    =      881.8043  ANGLE   =        3.4393  DIHED      =       10.3485
 VDWAALS =     2168.6107  EEL     =   -14783.4751  HBOND      =        0.0000
 1-4 VDW =        2.6283  1-4 EEL =       43.3961  RESTRAINT  =        0.0662
 EAMBER  =   -11673.2480


   NSTEP       ENERGY          RMS            GMAX         NAME    NUMBER
    900      -1.1679E+04     4.4723E-01     2.0394E+01     O           6

 BOND    =      887.6619  ANGLE   =        3.5574  DIHED      =       10.3861
 VDWAALS =     2173.8354  EEL     =   -14800.4352  HBOND      =        0.0000
 1-4 VDW =        2.7013  1-4 EEL =       43.1594  RESTRAINT  =        0.0846
 EAMBER  =   -11679.1337


   NSTEP       ENERGY          RMS            GMAX         NAME    NUMBER
    920      -1.1683E+04     2.8734E-01     6.3393E+00     O           6

 BOND    =      879.1707  ANGLE   =        3.0176  DIHED      =       10.2985
 VDWAALS =     2175.7739  EEL     =   -14797.6055  HBOND      =        0.0000
 1-4 VDW =        2.6158  1-4 EEL =       43.3053  RESTRAINT  =        0.0596
 EAMBER  =   -11683.4237


   NSTEP       ENERGY          RMS            GMAX         NAME    NUMBER
    940      -1.1687E+04     2.6278E-01     7.7817E+00     CB         11

 BOND    =      888.9157  ANGLE   =        3.0593  DIHED      =       10.2767
 VDWAALS =     2178.5854  EEL     =   -14814.4279  HBOND      =        0.0000
 1-4 VDW =        2.5569  1-4 EEL =       43.4795  RESTRAINT  =        0.1431
 EAMBER  =   -11687.5544


   NSTEP       ENERGY          RMS            GMAX         NAME    NUMBER
    960      -1.1693E+04     2.6857E-01     9.7350E+00     H           8

 BOND    =      883.7497  ANGLE   =        3.0154  DIHED      =       10.2860
 VDWAALS =     2182.7539  EEL     =   -14818.6737  HBOND      =        0.0000
 1-4 VDW =        2.5872  1-4 EEL =       43.5003  RESTRAINT  =        0.1185
 EAMBER  =   -11692.7812


   NSTEP       ENERGY          RMS            GMAX         NAME    NUMBER
    980      -1.1696E+04     6.6656E-01     2.1982E+01     C          15

 BOND    =      884.5085  ANGLE   =        3.5320  DIHED      =       10.2803
 VDWAALS =     2185.8105  EEL     =   -14826.5990  HBOND      =        0.0000
 1-4 VDW =        2.6350  1-4 EEL =       43.4785  RESTRAINT  =        0.0537
 EAMBER  =   -11696.3542


   NSTEP       ENERGY          RMS            GMAX         NAME    NUMBER
   1000      -1.1702E+04     6.4354E-01     2.6625E+01     O           6

 BOND    =      893.0297  ANGLE   =        3.4910  DIHED      =       10.4050
 VDWAALS =     2189.8763  EEL     =   -14844.6526  HBOND      =        0.0000
 1-4 VDW =        2.7240  1-4 EEL =       43.1467  RESTRAINT  =        0.1586
 EAMBER  =   -11701.9800


  Maximum number of minimization cycles reached.


                    FINAL RESULTS



   NSTEP       ENERGY          RMS            GMAX         NAME    NUMBER
   1000      -1.1702E+04     6.4354E-01     2.6625E+01     O           6

 BOND    =      893.0297  ANGLE   =        3.4910  DIHED      =       10.4050
 VDWAALS =     2189.8763  EEL     =   -14844.6526  HBOND      =        0.0000
 1-4 VDW =        2.7240  1-4 EEL =       43.1467  RESTRAINT  =        0.1586
 EAMBER  =   -11701.9800

--------------------------------------------------------------------------------
   5.  TIMINGS
--------------------------------------------------------------------------------

|                Build the list             0.09 (62.56% of List )
|                Other                      0.06 (37.44% of List )
|             List time                  0.15 ( 1.32% of Nonbo)
|                   Short_ene time             7.71 (97.10% of Direc)
|                   Other                      0.23 ( 2.90% of Direc)
|                Direct Ewald time          7.94 (72.10% of Ewald)
|                Adjust Ewald time          0.04 ( 0.37% of Ewald)
|                Self Ewald time            0.00 ( 0.01% of Ewald)
|                   Fill Bspline coeffs        0.15 ( 5.65% of Recip)
|                   Fill charge grid           0.15 ( 5.46% of Recip)
|                   Scalar sum                 0.63 (22.95% of Recip)
|                   Grad sum                   0.33 (11.94% of Recip)
|                      FFT back comm time         0.28 (19.70% of FFT t)
|                      Other                      1.16 (80.30% of FFT t)
|                   FFT time                   1.44 (52.94% of Recip)
|                   Other                      0.03 ( 1.07% of Recip)
|                Recip Ewald time           2.73 (24.75% of Ewald)
|                Force Adjust               0.21 ( 1.93% of Ewald)
|                Virial junk                0.09 ( 0.78% of Ewald)
|                Start synchronizatio       0.00 ( 0.01% of Ewald)
|                Other                      0.01 ( 0.05% of Ewald)
|             Ewald time                11.02 (98.67% of Nonbo)
|             Other                      0.00 ( 0.01% of Nonbo)
|          Nonbond force             11.16 (92.10% of Force)
|          Bond/Angle/Dihedral        0.04 ( 0.30% of Force)
|          FRC Collect time           0.23 ( 1.89% of Force)
|          Other                      0.69 ( 5.71% of Force)
|       Force time                12.12 (100.0% of Runmd)
|    Runmd Time                12.12 ( 4.46% of Total)
|    Other                    259.69 (95.54% of Total)
| Total time               271.82 (100.0% of ALL  )

| Highest rstack allocated:      39802
| Highest istack allocated:        852
|           Job began  at 15:18:30.064  on 03/14/2017
|           Setup done at 15:18:30.150  on 03/14/2017
|           Run   done at 15:23:01.880  on 03/14/2017
|     wallclock() was called   44068 times
