
          -------------------------------------------------------
          Amber 16 SANDER                              2016
          -------------------------------------------------------

| Run on 03/14/2017 at 14:58:31

|   Executable path: sander.MPI
| Working directory: /home/steboss/projects/mdgx-tests/alanine/IPOLQ/input/PhiPsi_1/30/105
|          Hostname: node002

  [-O]verwriting output

File Assignments:
|  MDIN: equil.in                                                              
| MDOUT: Conf105.eq.out                                                        
|INPCRD: Conf105.min                                                           
|  PARM: Conf105.top                                                           
|RESTRT: Conf105.rst                                                           
|  REFC: Conf105.crd                                                           
| MDVEL: mdvel                                                                 
| MDFRC: mdfrc                                                                 
|  MDEN: mden                                                                  
| MDCRD: mdcrd                                                                 
|MDINFO: mdinfo                                                                
|  MTMD: mtmd                                                                  
|INPDIP: inpdip                                                                
|RSTDIP: rstdip                                                                
|INPTRA: inptraj                                                               

|    REMLOG: rem.log
|   REMTYPE: rem.type
|  REMSTRIP: 
|   SAVEENE: saveene
|CLUSTERINF: cluster.info
| RESERVOIR: reserv/frame
|   REMDDIM: 


 Here is the input file:

Equilibrate water in NPT                                                       
 &cntrl                                                                        
                                                                               
  nmropt = 0,                                                                  
  ntx    = 1,       irest  = 0,       ntrx   = 1,      ntxo   = 1,             
  ntpr   = 1000,    ntwx   = 1000,    ntwv   = 0,      ntwe   = 1000,          
  iwrap  = 0,       ioutfm = 1,                                                
                                                                               
  ntf    = 2,       ntb    = 2,                                                
  cut = 9.0,                                                                   
                                                                               
  ibelly = 0,       ntr    = 1,                                                
  restraintmask = ':1',                                                        
  restraint_wt = 100.0,                                                        
                                                                               
  imin   = 0,                                                                  
  nstlim = 10000,                                                              
  nscm   = 1000,                                                               
  t      = 0.0,     dt     = 0.002,                                            
                                                                               
  temp0     = 298.0,   tempi  = 0.0,                                           
  ig        = -1,                                                              
  ntt       = 3,                                                               
  gamma_ln  = 3.0,                                                             
                                                                               
  ntp    = 1,       pres0  = 1.0,     comp   = 44.6,                           
  taup   = 1.0,                                                                
                                                                               
  ntc    = 2,       tol    = 0.000001, watnam = 'WAT ',                        
                                                                               
 &end                                                                          

--------------------------------------------------------------------------------
   1.  RESOURCE   USE: 
--------------------------------------------------------------------------------

| Flags: MPI                                                                    
 getting new box info from bottom of inpcrd
|  INFO: Old style inpcrd file read

| peek_ewald_inpcrd: Box info found
|Largest sphere to fit in unit cell has radius =    14.593
| New format PARM file being parsed.
| Version =    1.000 Date = 03/14/17 Time = 13:39:38
 NATOM  =    2911 NTYPES =       9 NBONH =    2901 MBONA  =       9
 NTHETH =      25 MTHETA =      11 NPHIH =      43 MPHIA  =      24
 NHPARM =       0 NPARM  =       0 NNB   =    3951 NRES   =     966
 NBONA  =       9 NTHETA =      11 NPHIA =      24 NUMBND =      10
 NUMANG =      16 NPTRA  =      19 NATYP =       9 NPHB   =       1
 IFBOX  =       2 NMXRS  =      10 IFCAP =       0 NEXTRA =       0
 NCOPY  =       0


|     Memory Use     Allocated
|     Real              299287
|     Hollerith           9701
|     Integer            89364
|     Max Pairs         322878
|     nblistReal         34932
|     nblist Int         88331
|       Total             4604 kbytes

| Note: 1-4 EEL scale factors are being read from the topology file.

| Note: 1-4 VDW scale factors are being read from the topology file.
| Duplicated    0 dihedrals
| Duplicated    0 dihedrals

     BOX TYPE: TRUNCATED OCTAHEDRON
Note: ig = -1. Setting random seed to   906398 based on wallclock time in microseconds
      and disabling the synchronization of random numbers between tasks
      to improve performance.

--------------------------------------------------------------------------------
   2.  CONTROL  DATA  FOR  THE  RUN
--------------------------------------------------------------------------------

default_name                                                                    

General flags:
     imin    =       0, nmropt  =       0

Nature and format of input:
     ntx     =       1, irest   =       0, ntrx    =       1

Nature and format of output:
     ntxo    =       1, ntpr    =    1000, ntrx    =       1, ntwr    =   10000
     iwrap   =       0, ntwx    =    1000, ntwv    =       0, ntwe    =    1000
     ioutfm  =       1, ntwprt  =       0, idecomp =       0, rbornstat=      0

Potential function:
     ntf     =       2, ntb     =       2, igb     =       0, nsnb    =      25
     ipol    =       0, gbsa    =       0, iesp    =       0
     dielc   =   1.00000, cut     =   9.00000, intdiel =   1.00000

Frozen or restrained atoms:
     ibelly  =       0, ntr     =       1
     restraint_wt = 100.00000

Molecular dynamics:
     nstlim  =     10000, nscm    =         0, nrespa  =         1
     t       =   0.00000, dt      =   0.00200, vlimit  =  20.00000

Langevin dynamics temperature regulation:
     ig      =  906398
     temp0   = 298.00000, tempi   =   0.00000, gamma_ln=   3.00000

Pressure regulation:
     ntp     =       1
     pres0   =   1.00000, comp    =  44.60000, taup    =   1.00000

SHAKE:
     ntc     =       2, jfastw  =       0
     tol     =   0.00000

Ewald parameters:
     verbose =       0, ew_type =       0, nbflag  =       1, use_pme =       1
     vdwmeth =       1, eedmeth =       1, netfrc  =       1
     Box X =   35.746   Box Y =   35.746   Box Z =   35.746
     Alpha =  109.471   Beta  =  109.471   Gamma =  109.471
     NFFT1 =   36       NFFT2 =   36       NFFT3 =   36
     Cutoff=    9.000   Tol   =0.100E-04
     Ewald Coefficient =  0.30768
     Interpolation order =    4

| MPI Timing options:
|      profile_mpi =        0

    LOADING THE CONSTRAINED ATOMS AS GROUPS


   5.  REFERENCE ATOM COORDINATES

  defa
     Mask :1; matches     6 atoms

--------------------------------------------------------------------------------
   3.  ATOMIC COORDINATES AND VELOCITIES
--------------------------------------------------------------------------------

defa                                                                            
 begin time read from input coords =     0.000 ps

 Number of triangulated 3-point waters found:      963
|  Atom division among processors:
|         0     364     727    1093    1456    1819    2185    2548
|      2911

     Sum of charges from parm topology file =  -0.00000000
     Forcing neutrality...
|  Running AMBER/MPI version on    8 nodes


--------------------------------------------------------------------------------
   4.  RESULTS
--------------------------------------------------------------------------------

|  # of SOLUTE  degrees of freedom (RNDFP):    5832.
|  # of SOLVENT degrees of freedom (RNDFS):       0.
|  NDFMIN =    5832.     NUM_NOSHAKE =      0     CORRECTED RNDFP =    5832.
|  TOTAL # of degrees of freedom (RNDF) =    5832.
 ---------------------------------------------------
 APPROXIMATING switch and d/dx switch using CUBIC SPLINE INTERPOLATION
 using   5000.0 points per unit in tabled values
 TESTING RELATIVE ERROR over r ranging from 0.0 to cutoff
| CHECK switch(x): max rel err =   0.2738E-14   at   2.422500
| CHECK d/dx switch(x): max rel err =   0.8314E-11   at   2.736960
 ---------------------------------------------------
| Local SIZE OF NONBOND LIST =      95542
| TOTAL SIZE OF NONBOND LIST =     673138

 NSTEP =        0   TIME(PS) =       0.000  TEMP(K) =     0.00  PRESS = -5394.1
 Etot   =    -12795.0751  EKtot   =         0.0000  EPtot      =    -12795.0751
 BOND   =         0.7425  ANGLE   =         2.5531  DIHED      =         9.7815
 1-4 NB =         2.7347  1-4 EEL =        44.6514  VDWAALS    =      2266.0530
 EELEC  =    -15121.6631  EHBOND  =         0.0000  RESTRAINT  =         0.0719
 EAMBER (non-restraint)  =    -12795.1470
 EKCMT  =         0.0000  VIRIAL  =      4094.8850  VOLUME     =     35159.9140
                                                    Density    =         0.8262
 Ewald error estimate:   0.1730E-03
 ------------------------------------------------------------------------------


 NSTEP =     1000   TIME(PS) =       2.000  TEMP(K) =   295.66  PRESS =  -849.8
 Etot   =     -7479.0526  EKtot   =      1713.2728  EPtot      =     -9192.3254
 BOND   =         1.9056  ANGLE   =         5.4124  DIHED      =        12.9496
 1-4 NB =         3.4927  1-4 EEL =        47.4253  VDWAALS    =      1392.6069
 EELEC  =    -10660.5108  EHBOND  =         0.0000  RESTRAINT  =         4.3928
 EAMBER (non-restraint)  =     -9196.7182
 EKCMT  =       840.5032  VIRIAL  =      1433.3736  VOLUME     =     32310.3963
                                                    Density    =         0.8991
 Ewald error estimate:   0.4706E-04
 ------------------------------------------------------------------------------


 NSTEP =     2000   TIME(PS) =       4.000  TEMP(K) =   288.89  PRESS =   136.8
 Etot   =     -7478.7061  EKtot   =      1674.0332  EPtot      =     -9152.7394
 BOND   =         2.2434  ANGLE   =         9.8802  DIHED      =        10.8257
 1-4 NB =         2.1298  1-4 EEL =        45.1255  VDWAALS    =      1428.5650
 EELEC  =    -10653.4704  EHBOND  =         0.0000  RESTRAINT  =         1.9615
 EAMBER (non-restraint)  =     -9154.7009
 EKCMT  =       848.9482  VIRIAL  =       758.2784  VOLUME     =     30701.3130
                                                    Density    =         0.9462
 Ewald error estimate:   0.9704E-04
 ------------------------------------------------------------------------------


 NSTEP =     3000   TIME(PS) =       6.000  TEMP(K) =   311.82  PRESS =  -463.5
 Etot   =     -7458.8846  EKtot   =      1806.8724  EPtot      =     -9265.7571
 BOND   =         3.3290  ANGLE   =        12.1768  DIHED      =        12.1828
 1-4 NB =         2.0470  1-4 EEL =        43.5414  VDWAALS    =      1333.4252
 EELEC  =    -10675.7245  EHBOND  =         0.0000  RESTRAINT  =         3.2654
 EAMBER (non-restraint)  =     -9269.0224
 EKCMT  =       901.6228  VIRIAL  =      1201.8433  VOLUME     =     30002.1126
                                                    Density    =         0.9682
 Ewald error estimate:   0.1128E-03
 ------------------------------------------------------------------------------


 NSTEP =     4000   TIME(PS) =       8.000  TEMP(K) =   292.84  PRESS =   240.2
 Etot   =     -7534.7391  EKtot   =      1696.9064  EPtot      =     -9231.6455
 BOND   =         5.7166  ANGLE   =         8.5621  DIHED      =        10.6585
 1-4 NB =         2.1413  1-4 EEL =        43.0760  VDWAALS    =      1399.1249
 EELEC  =    -10703.6249  EHBOND  =         0.0000  RESTRAINT  =         2.7000
 EAMBER (non-restraint)  =     -9234.3456
 EKCMT  =       859.0425  VIRIAL  =       706.5517  VOLUME     =     29404.8356
                                                    Density    =         0.9879
 Ewald error estimate:   0.8530E-03
 ------------------------------------------------------------------------------


 NSTEP =     5000   TIME(PS) =      10.000  TEMP(K) =   300.30  PRESS =  -170.6
 Etot   =     -7528.9987  EKtot   =      1740.1093  EPtot      =     -9269.1079
 BOND   =         4.9261  ANGLE   =         6.9057  DIHED      =        10.6156
 1-4 NB =         4.1214  1-4 EEL =        45.0421  VDWAALS    =      1351.7579
 EELEC  =    -10695.1835  EHBOND  =         0.0000  RESTRAINT  =         2.7068
 EAMBER (non-restraint)  =     -9271.8147
 EKCMT  =       879.3556  VIRIAL  =       987.5922  VOLUME     =     29388.4800
                                                    Density    =         0.9885
 Ewald error estimate:   0.2060E-03
 ------------------------------------------------------------------------------


 NSTEP =     6000   TIME(PS) =      12.000  TEMP(K) =   295.77  PRESS =   396.6
 Etot   =     -7546.2692  EKtot   =      1713.8990  EPtot      =     -9260.1683
 BOND   =         4.0089  ANGLE   =        11.4043  DIHED      =        10.0382
 1-4 NB =         3.7897  1-4 EEL =        43.6090  VDWAALS    =      1426.9377
 EELEC  =    -10763.2433  EHBOND  =         0.0000  RESTRAINT  =         3.2872
 EAMBER (non-restraint)  =     -9263.4555
 EKCMT  =       829.2063  VIRIAL  =       579.4622  VOLUME     =     29168.2648
                                                    Density    =         0.9959
 Ewald error estimate:   0.5083E-03
 ------------------------------------------------------------------------------


 NSTEP =     7000   TIME(PS) =      14.000  TEMP(K) =   297.43  PRESS =   131.9
 Etot   =     -7545.1393  EKtot   =      1723.4800  EPtot      =     -9268.6193
 BOND   =         6.5953  ANGLE   =        12.1395  DIHED      =        11.2988
 1-4 NB =         2.1811  1-4 EEL =        40.7703  VDWAALS    =      1379.5243
 EELEC  =    -10729.2714  EHBOND  =         0.0000  RESTRAINT  =         8.1428
 EAMBER (non-restraint)  =     -9276.7621
 EKCMT  =       840.5746  VIRIAL  =       757.4046  VOLUME     =     29210.0692
                                                    Density    =         0.9945
 Ewald error estimate:   0.2022E-03
 ------------------------------------------------------------------------------


 NSTEP =     8000   TIME(PS) =      16.000  TEMP(K) =   297.73  PRESS =  -604.8
 Etot   =     -7559.1948  EKtot   =      1725.2618  EPtot      =     -9284.4565
 BOND   =         1.6757  ANGLE   =        15.0452  DIHED      =         8.8735
 1-4 NB =         3.4379  1-4 EEL =        44.9205  VDWAALS    =      1284.7814
 EELEC  =    -10645.7964  EHBOND  =         0.0000  RESTRAINT  =         2.6056
 EAMBER (non-restraint)  =     -9287.0622
 EKCMT  =       878.7264  VIRIAL  =      1261.6082  VOLUME     =     29320.7117
                                                    Density    =         0.9907
 Ewald error estimate:   0.1734E-03
 ------------------------------------------------------------------------------


 NSTEP =     9000   TIME(PS) =      18.000  TEMP(K) =   303.04  PRESS =   -67.1
 Etot   =     -7524.0921  EKtot   =      1756.0264  EPtot      =     -9280.1185
 BOND   =         3.8372  ANGLE   =         9.6381  DIHED      =         9.4959
 1-4 NB =         3.1219  1-4 EEL =        43.5842  VDWAALS    =      1364.3957
 EELEC  =    -10717.9488  EHBOND  =         0.0000  RESTRAINT  =         3.7572
 EAMBER (non-restraint)  =     -9283.8758
 EKCMT  =       866.8876  VIRIAL  =       909.2408  VOLUME     =     29252.5171
                                                    Density    =         0.9931
 Ewald error estimate:   0.1569E-03
 ------------------------------------------------------------------------------


 NSTEP =    10000   TIME(PS) =      20.000  TEMP(K) =   314.43  PRESS =  -263.9
 Etot   =     -7431.5817  EKtot   =      1821.9993  EPtot      =     -9253.5811
 BOND   =         2.4147  ANGLE   =        10.5162  DIHED      =        10.1217
 1-4 NB =         3.9008  1-4 EEL =        46.2655  VDWAALS    =      1323.6940
 EELEC  =    -10652.4720  EHBOND  =         0.0000  RESTRAINT  =         1.9780
 EAMBER (non-restraint)  =     -9255.5590
 EKCMT  =       922.2421  VIRIAL  =      1090.2194  VOLUME     =     29482.0484
                                                    Density    =         0.9853
 Ewald error estimate:   0.4450E-03
 ------------------------------------------------------------------------------


      A V E R A G E S   O V E R   10000 S T E P S


 NSTEP =    10000   TIME(PS) =      20.000  TEMP(K) =   292.59  PRESS =  -196.5
 Etot   =     -7573.4759  EKtot   =      1695.4573  EPtot      =     -9268.9332
 BOND   =         3.4051  ANGLE   =        10.4615  DIHED      =        11.0682
 1-4 NB =         3.1327  1-4 EEL =        43.7137  VDWAALS    =      1386.1220
 EELEC  =    -10729.9779  EHBOND  =         0.0000  RESTRAINT  =         3.1414
 EAMBER (non-restraint)  =     -9272.0746
 EKCMT  =       842.8567  VIRIAL  =       979.6597  VOLUME     =     30059.5835
                                                    Density    =         0.9682
 Ewald error estimate:   0.1887E-03
 ------------------------------------------------------------------------------


      R M S  F L U C T U A T I O N S


 NSTEP =    10000   TIME(PS) =      20.000  TEMP(K) =    26.42  PRESS =   435.4
 Etot   =       330.3503  EKtot   =       153.1050  EPtot      =       184.7716
 BOND   =         1.5903  ANGLE   =         2.5744  DIHED      =         1.5547
 1-4 NB =         0.6621  1-4 EEL =         1.7300  VDWAALS    =        91.7409
 EELEC  =       266.5461  EHBOND  =         0.0000  RESTRAINT  =         1.3189
 EAMBER (non-restraint)  =       183.4527
 EKCMT  =        74.5653  VIRIAL  =       268.7320  VOLUME     =      1336.2572
                                                    Density    =         0.0398
 Ewald error estimate:   0.1439E-03
 ------------------------------------------------------------------------------


--------------------------------------------------------------------------------
   5.  TIMINGS
--------------------------------------------------------------------------------

|>>>>>>>>PROFILE of Average TIMES>>>>>>>>> 
|                Build the list            13.53 (96.42% of List )
|                Other                      0.50 ( 3.58% of List )
|             List time                 14.03 (10.23% of Nonbo)
|                   Short_ene time            81.04 (95.89% of Direc)
|                   Other                      3.47 ( 4.11% of Direc)
|                Direct Ewald time         84.51 (68.62% of Ewald)
|                Adjust Ewald time          0.50 ( 0.41% of Ewald)
|                Self Ewald time            0.01 ( 0.01% of Ewald)
|                   Fill Bspline coeffs        1.95 ( 6.59% of Recip)
|                   Fill charge grid           2.04 ( 6.90% of Recip)
|                   Scalar sum                 7.58 (25.64% of Recip)
|                   Grad sum                   3.52 (11.91% of Recip)
|                      FFT back comm time         4.36 (32.33% of FFT t)
|                      Other                      9.12 (67.67% of FFT t)
|                   FFT time                  13.48 (45.60% of Recip)
|                   Other                      1.00 ( 3.37% of Recip)
|                Recip Ewald time          29.57 (24.01% of Ewald)
|                Force Adjust               7.71 ( 6.26% of Ewald)
|                Virial junk                0.77 ( 0.63% of Ewald)
|                Other                      0.08 ( 0.06% of Ewald)
|             Ewald time               123.15 (89.76% of Nonbo)
|             Other                      0.01 ( 0.01% of Nonbo)
|          Nonbond force            137.20 (97.62% of Force)
|          Bond/Angle/Dihedral        0.24 ( 0.17% of Force)
|          FRC Collect time           2.64 ( 1.88% of Force)
|          Other                      0.47 ( 0.34% of Force)
|       Force time               140.55 (90.66% of Runmd)
|       Shake time                 0.60 ( 0.39% of Runmd)
|       Verlet update time         6.08 ( 3.92% of Runmd)
|       Ekcmr time                 3.06 ( 1.98% of Runmd)
|       CRD distribute time        1.96 ( 1.26% of Runmd)
|       Other                      2.78 ( 1.80% of Runmd)
|    Runmd Time               155.03 (100.0% of Total)
|    Other                      0.09 ( 0.06% of Total)
| Total time               155.12 (100.0% of ALL  )

| Number of list builds   :        903

| Highest rstack allocated:      40072
| Highest istack allocated:        862

| Final Performance Info:
| -----------------------------------------------------
| Average timings for all steps:
|     Elapsed(s) =     156.34 Per Step(ms) =      15.63
|         ns/day =      11.05   seconds/ns =    7816.94
| -----------------------------------------------------

|           Job began  at 14:58:31.862  on 03/14/2017
|           Setup done at 14:58:31.957  on 03/14/2017
|           Run   done at 15:01:08.132  on 03/14/2017
|     wallclock() was called  571873 times
