
          -------------------------------------------------------
          Amber 16 SANDER                              2016
          -------------------------------------------------------

| Run on 03/14/2017 at 14:02:31

|   Executable path: sander.MPI
| Working directory: /home/steboss/projects/mdgx-tests/alanine/IPOLQ/input/PhiPsi_1/150/135
|          Hostname: node012

  [-O]verwriting output

File Assignments:
|  MDIN: min.in                                                                
| MDOUT: Conf135.min.out                                                       
|INPCRD: Conf135.crd                                                           
|  PARM: Conf135.top                                                           
|RESTRT: Conf135.min                                                           
|  REFC: Conf135.crd                                                           
| MDVEL: mdvel                                                                 
| MDFRC: mdfrc                                                                 
|  MDEN: mden                                                                  
| MDCRD: mdcrd                                                                 
|MDINFO: mdinfo                                                                
|  MTMD: mtmd                                                                  
|INPDIP: inpdip                                                                
|RSTDIP: rstdip                                                                
|INPTRA: inptraj                                                               

|    REMLOG: rem.log
|   REMTYPE: rem.type
|  REMSTRIP: 
|   SAVEENE: saveene
|CLUSTERINF: cluster.info
| RESERVOIR: reserv/frame
|   REMDDIM: 


 Here is the input file:

Initial minimization                                                           
 &cntrl                                                                        
  ntx    = 1,       irest  = 0,       ntrx   = 1,      ntxo   = 1,             
  ntpr   = 20,      ntwx   = 0,       ntwv   = 0,      ntwe   = 0,             
                                                                               
  ntf    = 1,       ntb    = 1,                                                
  ntc    = 1,       ntr    = 1,                                                
  restraintmask = ':1',                                                        
  restraint_wt = 100.0,                                                        
  cut    = 9.0,                                                                
                                                                               
  imin   = 1,                                                                  
  maxcyc = 1000,                                                               
  ncyc   = 100,                                                                
                                                                               
 &end                                                                          

--------------------------------------------------------------------------------
   1.  RESOURCE   USE: 
--------------------------------------------------------------------------------

| Flags: MPI                                                                    
 getting new box info from bottom of inpcrd
|  INFO: Old style inpcrd file read

| peek_ewald_inpcrd: Box info found
|Largest sphere to fit in unit cell has radius =    14.995
| New format PARM file being parsed.
| Version =    1.000 Date = 03/14/17 Time = 13:38:16
 NATOM  =    3190 NTYPES =       9 NBONH =    3180 MBONA  =       9
 NTHETH =      25 MTHETA =      11 NPHIH =      43 MPHIA  =      24
 NHPARM =       0 NPARM  =       0 NNB   =    4323 NRES   =    1059
 NBONA  =       9 NTHETA =      11 NPHIA =      24 NUMBND =      10
 NUMANG =      16 NPTRA  =      19 NATYP =       9 NPHB   =       1
 IFBOX  =       2 NMXRS  =      10 IFCAP =       0 NEXTRA =       0
 NCOPY  =       0


|     Memory Use     Allocated
|     Real              358134
|     Hollerith          10631
|     Integer            95688
|     Max Pairs         353824
|     nblistReal         38280
|     nblist Int        104772
|       Total             5303 kbytes

| Note: 1-4 EEL scale factors are being read from the topology file.

| Note: 1-4 VDW scale factors are being read from the topology file.
| Duplicated    0 dihedrals
| Duplicated    0 dihedrals

     BOX TYPE: TRUNCATED OCTAHEDRON

--------------------------------------------------------------------------------
   2.  CONTROL  DATA  FOR  THE  RUN
--------------------------------------------------------------------------------

default_name                                                                    

General flags:
     imin    =       1, nmropt  =       0

Nature and format of input:
     ntx     =       1, irest   =       0, ntrx    =       1

Nature and format of output:
     ntxo    =       1, ntpr    =      20, ntrx    =       1, ntwr    =       1
     iwrap   =       0, ntwx    =       0, ntwv    =       0, ntwe    =       0
     ioutfm  =       1, ntwprt  =       0, idecomp =       0, rbornstat=      0

Potential function:
     ntf     =       1, ntb     =       1, igb     =       0, nsnb    =      25
     ipol    =       0, gbsa    =       0, iesp    =       0
     dielc   =   1.00000, cut     =   9.00000, intdiel =   1.00000

Frozen or restrained atoms:
     ibelly  =       0, ntr     =       1
     restraint_wt = 100.00000

Energy minimization:
     maxcyc  =    1000, ncyc    =     100, ntmin   =       1
     dx0     =   0.01000, drms    =   0.00010

Ewald parameters:
     verbose =       0, ew_type =       0, nbflag  =       1, use_pme =       1
     vdwmeth =       1, eedmeth =       1, netfrc  =       0
     Box X =   36.729   Box Y =   36.729   Box Z =   36.729
     Alpha =  109.471   Beta  =  109.471   Gamma =  109.471
     NFFT1 =   36       NFFT2 =   36       NFFT3 =   36
     Cutoff=    9.000   Tol   =0.100E-04
     Ewald Coefficient =  0.30768
     Interpolation order =    4

| MPI Timing options:
|      profile_mpi =        0

    LOADING THE CONSTRAINED ATOMS AS GROUPS


   5.  REFERENCE ATOM COORDINATES

  defa
     Mask :1; matches     6 atoms

--------------------------------------------------------------------------------
   3.  ATOMIC COORDINATES AND VELOCITIES
--------------------------------------------------------------------------------

default_name                                                                    
 begin time read from input coords =     0.000 ps

 Number of triangulated 3-point waters found:     1056
|  Atom division among processors:
|         0     400     796    1195    1594    1990    2389    2788
|      3190

     Sum of charges from parm topology file =  -0.00000000
     Forcing neutrality...
|  Running AMBER/MPI version on    8 nodes


--------------------------------------------------------------------------------
   4.  RESULTS
--------------------------------------------------------------------------------

 ---------------------------------------------------
 APPROXIMATING switch and d/dx switch using CUBIC SPLINE INTERPOLATION
 using   5000.0 points per unit in tabled values
 TESTING RELATIVE ERROR over r ranging from 0.0 to cutoff
| CHECK switch(x): max rel err =   0.2738E-14   at   2.422500
| CHECK d/dx switch(x): max rel err =   0.8314E-11   at   2.736960
 ---------------------------------------------------
| Local SIZE OF NONBOND LIST =      99586
| TOTAL SIZE OF NONBOND LIST =     743660


   NSTEP       ENERGY          RMS            GMAX         NAME    NUMBER
      1      -8.4036E+03     2.1262E+01     6.4056E+02     O          44

 BOND    =        0.7517  ANGLE   =        1.6027  DIHED      =       11.1609
 VDWAALS =     1418.5027  EEL     =    -9885.5693  HBOND      =        0.0000
 1-4 VDW =        2.8426  1-4 EEL =       47.0789  RESTRAINT  =        0.0000


   NSTEP       ENERGY          RMS            GMAX         NAME    NUMBER
     20      -9.5989E+03     3.0581E+00     2.1974E+01     O         155

 BOND    =      505.2090  ANGLE   =        1.5677  DIHED      =       11.1138
 VDWAALS =     1015.0446  EEL     =   -11181.6814  HBOND      =        0.0000
 1-4 VDW =        2.8178  1-4 EEL =       47.0522  RESTRAINT  =        0.0210
 EAMBER  =    -9598.8764


   NSTEP       ENERGY          RMS            GMAX         NAME    NUMBER
     40      -1.0431E+04     1.5680E+00     9.6574E+00     O        2855

 BOND    =      588.8082  ANGLE   =        1.4811  DIHED      =       10.9193
 VDWAALS =     1014.7167  EEL     =   -12096.7453  HBOND      =        0.0000
 1-4 VDW =        2.8774  1-4 EEL =       47.1605  RESTRAINT  =        0.0615
 EAMBER  =   -10430.7823


   NSTEP       ENERGY          RMS            GMAX         NAME    NUMBER
     60      -1.0692E+04     3.1966E+00     1.4442E+01     H1       2004

 BOND    =      694.7691  ANGLE   =        1.4446  DIHED      =       10.8055
 VDWAALS =     1051.1464  EEL     =   -12500.1240  HBOND      =        0.0000
 1-4 VDW =        2.9190  1-4 EEL =       47.2274  RESTRAINT  =        0.0705
 EAMBER  =   -10691.8118


   NSTEP       ENERGY          RMS            GMAX         NAME    NUMBER
     80      -1.0872E+04     1.0547E+00     5.6628E+00     O        2978

 BOND    =      614.2617  ANGLE   =        1.4078  DIHED      =       10.7181
 VDWAALS =     1090.3131  EEL     =   -12639.0266  HBOND      =        0.0000
 1-4 VDW =        2.9532  1-4 EEL =       47.2701  RESTRAINT  =        0.0808
 EAMBER  =   -10872.1027


   NSTEP       ENERGY          RMS            GMAX         NAME    NUMBER
    100      -1.0998E+04     9.2066E-01     4.3129E+00     H1       2619

 BOND    =      631.5759  ANGLE   =        1.3785  DIHED      =       10.6463
 VDWAALS =     1130.4336  EEL     =   -12822.0549  HBOND      =        0.0000
 1-4 VDW =        2.9787  1-4 EEL =       47.2900  RESTRAINT  =        0.0923
 EAMBER  =   -10997.7519


   NSTEP       ENERGY          RMS            GMAX         NAME    NUMBER
    120      -1.1504E+04     4.1298E+00     3.4063E+01     H1       3105

 BOND    =      883.1382  ANGLE   =        1.7284  DIHED      =       10.4036
 VDWAALS =     1604.2596  EEL     =   -14054.0361  HBOND      =        0.0000
 1-4 VDW =        3.1877  1-4 EEL =       46.9735  RESTRAINT  =        0.2896
 EAMBER  =   -11504.3451


   NSTEP       ENERGY          RMS            GMAX         NAME    NUMBER
    140      -1.1696E+04     1.7505E+00     3.4957E+01     H1       2748

 BOND    =      776.1469  ANGLE   =        2.2767  DIHED      =       10.1772
 VDWAALS =     1656.5012  EEL     =   -14191.5295  HBOND      =        0.0000
 1-4 VDW =        3.2126  1-4 EEL =       47.1086  RESTRAINT  =        0.2217
 EAMBER  =   -11696.1062


   NSTEP       ENERGY          RMS            GMAX         NAME    NUMBER
    160      -1.1805E+04     1.8149E+00     6.9162E+01     C           5

 BOND    =      755.9524  ANGLE   =        2.8622  DIHED      =       10.0394
 VDWAALS =     1659.1021  EEL     =   -14283.4205  HBOND      =        0.0000
 1-4 VDW =        3.1006  1-4 EEL =       46.8050  RESTRAINT  =        0.2439
 EAMBER  =   -11805.5588


   NSTEP       ENERGY          RMS            GMAX         NAME    NUMBER
    180      -1.1911E+04     1.4064E+00     2.6975E+01     N           7

 BOND    =      817.7704  ANGLE   =        2.4844  DIHED      =        9.9046
 VDWAALS =     1789.2069  EEL     =   -14580.3999  HBOND      =        0.0000
 1-4 VDW =        3.2683  1-4 EEL =       46.6977  RESTRAINT  =        0.2364
 EAMBER  =   -11911.0675


   NSTEP       ENERGY          RMS            GMAX         NAME    NUMBER
    200      -1.2011E+04     1.4094E+00     3.3421E+01     C           5

 BOND    =      840.2229  ANGLE   =        1.7796  DIHED      =        9.6381
 VDWAALS =     1863.4037  EEL     =   -14776.3601  HBOND      =        0.0000
 1-4 VDW =        2.9437  1-4 EEL =       46.7429  RESTRAINT  =        0.2618
 EAMBER  =   -12011.6291


   NSTEP       ENERGY          RMS            GMAX         NAME    NUMBER
    220      -1.2075E+04     1.1006E+00     2.9781E+01     C          15

 BOND    =      828.2006  ANGLE   =        2.1693  DIHED      =        9.6260
 VDWAALS =     1888.5554  EEL     =   -14853.3979  HBOND      =        0.0000
 1-4 VDW =        2.9110  1-4 EEL =       46.4898  RESTRAINT  =        0.3830
 EAMBER  =   -12075.4458


   NSTEP       ENERGY          RMS            GMAX         NAME    NUMBER
    240      -1.2114E+04     9.0618E-01     2.0901E+01     C          15

 BOND    =      852.5474  ANGLE   =        1.4010  DIHED      =        9.5291
 VDWAALS =     1920.6601  EEL     =   -14947.8697  HBOND      =        0.0000
 1-4 VDW =        3.0249  1-4 EEL =       46.9710  RESTRAINT  =        0.1403
 EAMBER  =   -12113.7362


   NSTEP       ENERGY          RMS            GMAX         NAME    NUMBER
    260      -1.2220E+04     1.4549E+00     3.7655E+01     CH3         2

 BOND    =      852.1658  ANGLE   =        3.0085  DIHED      =        9.5744
 VDWAALS =     2021.3980  EEL     =   -15156.4221  HBOND      =        0.0000
 1-4 VDW =        2.9866  1-4 EEL =       47.1332  RESTRAINT  =        0.3955
 EAMBER  =   -12220.1556


   NSTEP       ENERGY          RMS            GMAX         NAME    NUMBER
    280      -1.2258E+04     5.8312E-01     1.3595E+01     CH3        19

 BOND    =      870.1940  ANGLE   =        2.3011  DIHED      =        9.4843
 VDWAALS =     2043.9739  EEL     =   -15234.0160  HBOND      =        0.0000
 1-4 VDW =        3.1305  1-4 EEL =       46.4192  RESTRAINT  =        0.2387
 EAMBER  =   -12258.5131


   NSTEP       ENERGY          RMS            GMAX         NAME    NUMBER
    300      -1.2355E+04     1.3278E+00     2.5450E+01     C          15

 BOND    =      903.1485  ANGLE   =        2.2288  DIHED      =        9.6741
 VDWAALS =     2173.4351  EEL     =   -15493.2143  HBOND      =        0.0000
 1-4 VDW =        2.9482  1-4 EEL =       46.1472  RESTRAINT  =        0.2784
 EAMBER  =   -12355.6324


   NSTEP       ENERGY          RMS            GMAX         NAME    NUMBER
    320      -1.2406E+04     7.1174E-01     1.9326E+01     C          15

 BOND    =      891.3702  ANGLE   =        1.5068  DIHED      =        9.2137
 VDWAALS =     2163.9051  EEL     =   -15521.3357  HBOND      =        0.0000
 1-4 VDW =        2.9616  1-4 EEL =       46.2206  RESTRAINT  =        0.2053
 EAMBER  =   -12406.1577


   NSTEP       ENERGY          RMS            GMAX         NAME    NUMBER
    340      -1.2426E+04     9.1029E-01     2.5308E+01     N           7

 BOND    =      899.4159  ANGLE   =        1.3061  DIHED      =        9.2186
 VDWAALS =     2179.2645  EEL     =   -15564.2023  HBOND      =        0.0000
 1-4 VDW =        2.7482  1-4 EEL =       46.1701  RESTRAINT  =        0.1729
 EAMBER  =   -12426.0789


   NSTEP       ENERGY          RMS            GMAX         NAME    NUMBER
    360      -1.2512E+04     7.5692E-01     1.7752E+01     C           5

 BOND    =      917.0938  ANGLE   =        1.8624  DIHED      =        8.9768
 VDWAALS =     2266.0406  EEL     =   -15754.8497  HBOND      =        0.0000
 1-4 VDW =        2.8654  1-4 EEL =       46.0160  RESTRAINT  =        0.2846
 EAMBER  =   -12511.9948


   NSTEP       ENERGY          RMS            GMAX         NAME    NUMBER
    380      -1.2542E+04     4.3064E-01     8.7096E+00     N          17

 BOND    =      920.2856  ANGLE   =        1.4573  DIHED      =        9.3178
 VDWAALS =     2272.8056  EEL     =   -15795.6875  HBOND      =        0.0000
 1-4 VDW =        2.8643  1-4 EEL =       46.2739  RESTRAINT  =        0.2135
 EAMBER  =   -12542.6829


   NSTEP       ENERGY          RMS            GMAX         NAME    NUMBER
    400      -1.2581E+04     1.4253E+00     3.5610E+01     C          15

 BOND    =      933.1685  ANGLE   =        2.9858  DIHED      =        9.2217
 VDWAALS =     2332.1631  EEL     =   -15907.4570  HBOND      =        0.0000
 1-4 VDW =        2.7776  1-4 EEL =       45.6985  RESTRAINT  =        0.4275
 EAMBER  =   -12581.4417


   NSTEP       ENERGY          RMS            GMAX         NAME    NUMBER
    420      -1.2608E+04     6.2602E-01     1.3476E+01     C          15

 BOND    =      932.0154  ANGLE   =        0.9757  DIHED      =        8.9447
 VDWAALS =     2333.9836  EEL     =   -15932.7960  HBOND      =        0.0000
 1-4 VDW =        2.7621  1-4 EEL =       46.4179  RESTRAINT  =        0.0709
 EAMBER  =   -12607.6965


   NSTEP       ENERGY          RMS            GMAX         NAME    NUMBER
    440      -1.2623E+04     5.5775E-01     2.1485E+01     N           7

 BOND    =      937.5851  ANGLE   =        1.2256  DIHED      =        8.9336
 VDWAALS =     2342.1330  EEL     =   -15962.6683  HBOND      =        0.0000
 1-4 VDW =        2.7982  1-4 EEL =       46.4239  RESTRAINT  =        0.0927
 EAMBER  =   -12623.5688


   NSTEP       ENERGY          RMS            GMAX         NAME    NUMBER
    460      -1.2645E+04     6.3363E-01     1.8266E+01     N           7

 BOND    =      935.9020  ANGLE   =        1.9491  DIHED      =        8.9286
 VDWAALS =     2362.6162  EEL     =   -16003.9996  HBOND      =        0.0000
 1-4 VDW =        2.8765  1-4 EEL =       46.4771  RESTRAINT  =        0.1495
 EAMBER  =   -12645.2501


   NSTEP       ENERGY          RMS            GMAX         NAME    NUMBER
    480      -1.2659E+04     3.1728E-01     1.0532E+01     C           5

 BOND    =      941.5468  ANGLE   =        1.1637  DIHED      =        9.0616
 VDWAALS =     2369.6894  EEL     =   -16029.4088  HBOND      =        0.0000
 1-4 VDW =        2.8622  1-4 EEL =       46.3289  RESTRAINT  =        0.1439
 EAMBER  =   -12658.7563


   NSTEP       ENERGY          RMS            GMAX         NAME    NUMBER
    500      -1.2687E+04     8.8072E-01     2.6686E+01     C          15

 BOND    =      955.2128  ANGLE   =        1.9441  DIHED      =        9.1349
 VDWAALS =     2406.0911  EEL     =   -16108.3245  HBOND      =        0.0000
 1-4 VDW =        2.8011  1-4 EEL =       45.8175  RESTRAINT  =        0.4017
 EAMBER  =   -12687.3232


   NSTEP       ENERGY          RMS            GMAX         NAME    NUMBER
    520      -1.2705E+04     4.6936E-01     1.3109E+01     N           7

 BOND    =      943.8822  ANGLE   =        0.7590  DIHED      =        8.9139
 VDWAALS =     2405.5753  EEL     =   -16113.6669  HBOND      =        0.0000
 1-4 VDW =        2.7889  1-4 EEL =       46.2638  RESTRAINT  =        0.0808
 EAMBER  =   -12705.4837


   NSTEP       ENERGY          RMS            GMAX         NAME    NUMBER
    540      -1.2715E+04     4.7130E-01     1.2039E+01     CB         11

 BOND    =      960.0363  ANGLE   =        1.3571  DIHED      =        8.8814
 VDWAALS =     2411.7382  EEL     =   -16146.5201  HBOND      =        0.0000
 1-4 VDW =        2.8038  1-4 EEL =       46.7213  RESTRAINT  =        0.0794
 EAMBER  =   -12714.9820


   NSTEP       ENERGY          RMS            GMAX         NAME    NUMBER
    560      -1.2763E+04     7.9868E-01     2.5763E+01     C          15

 BOND    =      970.7586  ANGLE   =        1.6083  DIHED      =        9.2003
 VDWAALS =     2449.7229  EEL     =   -16243.6088  HBOND      =        0.0000
 1-4 VDW =        3.0267  1-4 EEL =       46.6032  RESTRAINT  =        0.1144
 EAMBER  =   -12762.6889


   NSTEP       ENERGY          RMS            GMAX         NAME    NUMBER
    580      -1.2777E+04     3.3754E-01     1.0061E+01     C           5

 BOND    =      963.3552  ANGLE   =        1.1253  DIHED      =        8.8070
 VDWAALS =     2451.5409  EEL     =   -16251.0919  HBOND      =        0.0000
 1-4 VDW =        2.9432  1-4 EEL =       46.5464  RESTRAINT  =        0.0717
 EAMBER  =   -12776.7738


   NSTEP       ENERGY          RMS            GMAX         NAME    NUMBER
    600      -1.2795E+04     6.2911E-01     1.2921E+01     N          17

 BOND    =      965.8486  ANGLE   =        0.9964  DIHED      =        9.0139
 VDWAALS =     2473.0874  EEL     =   -16293.1534  HBOND      =        0.0000
 1-4 VDW =        2.8692  1-4 EEL =       46.3648  RESTRAINT  =        0.1270
 EAMBER  =   -12794.9732


   NSTEP       ENERGY          RMS            GMAX         NAME    NUMBER
    620      -1.2808E+04     3.6265E-01     7.8968E+00     C          15

 BOND    =      973.5501  ANGLE   =        0.8394  DIHED      =        8.8386
 VDWAALS =     2473.1439  EEL     =   -16313.5570  HBOND      =        0.0000
 1-4 VDW =        2.8497  1-4 EEL =       46.5284  RESTRAINT  =        0.0686
 EAMBER  =   -12807.8069


   NSTEP       ENERGY          RMS            GMAX         NAME    NUMBER
    640      -1.2815E+04     3.7625E-01     8.6142E+00     C          15

 BOND    =      964.4960  ANGLE   =        1.2057  DIHED      =        9.0056
 VDWAALS =     2478.9539  EEL     =   -16318.4642  HBOND      =        0.0000
 1-4 VDW =        2.8126  1-4 EEL =       46.5240  RESTRAINT  =        0.1013
 EAMBER  =   -12815.4663


   NSTEP       ENERGY          RMS            GMAX         NAME    NUMBER
    660      -1.2831E+04     5.1894E-01     1.3498E+01     C          15

 BOND    =      981.2071  ANGLE   =        1.0686  DIHED      =        9.0618
 VDWAALS =     2493.0662  EEL     =   -16364.3909  HBOND      =        0.0000
 1-4 VDW =        2.8977  1-4 EEL =       46.4979  RESTRAINT  =        0.0826
 EAMBER  =   -12830.5917


   NSTEP       ENERGY          RMS            GMAX         NAME    NUMBER
    680      -1.2839E+04     3.2212E-01     9.5766E+00     C          15

 BOND    =      975.4399  ANGLE   =        0.9970  DIHED      =        8.7952
 VDWAALS =     2496.6424  EEL     =   -16369.9230  HBOND      =        0.0000
 1-4 VDW =        2.9353  1-4 EEL =       46.5189  RESTRAINT  =        0.0620
 EAMBER  =   -12838.5942


   NSTEP       ENERGY          RMS            GMAX         NAME    NUMBER
    700      -1.2852E+04     7.1006E-01     1.8583E+01     C          15

 BOND    =      972.9133  ANGLE   =        1.3389  DIHED      =        8.9425
 VDWAALS =     2513.5280  EEL     =   -16398.0913  HBOND      =        0.0000
 1-4 VDW =        2.9459  1-4 EEL =       46.3434  RESTRAINT  =        0.0982
 EAMBER  =   -12852.0792


   NSTEP       ENERGY          RMS            GMAX         NAME    NUMBER
    720      -1.2863E+04     3.1612E-01     1.3362E+01     N          17

 BOND    =      984.2290  ANGLE   =        0.8795  DIHED      =        8.8362
 VDWAALS =     2514.0679  EEL     =   -16420.0454  HBOND      =        0.0000
 1-4 VDW =        2.8235  1-4 EEL =       46.4540  RESTRAINT  =        0.0620
 EAMBER  =   -12862.7551


   NSTEP       ENERGY          RMS            GMAX         NAME    NUMBER
    740      -1.2868E+04     3.1691E-01     9.8939E+00     N          17

 BOND    =      974.8678  ANGLE   =        1.2285  DIHED      =        8.9885
 VDWAALS =     2518.7015  EEL     =   -16420.8211  HBOND      =        0.0000
 1-4 VDW =        2.7584  1-4 EEL =       46.5521  RESTRAINT  =        0.0935
 EAMBER  =   -12867.7242


   NSTEP       ENERGY          RMS            GMAX         NAME    NUMBER
    760      -1.2883E+04     5.4134E-01     2.1217E+01     C          15

 BOND    =      994.6644  ANGLE   =        1.2277  DIHED      =        9.0679
 VDWAALS =     2536.5826  EEL     =   -16473.9105  HBOND      =        0.0000
 1-4 VDW =        2.8780  1-4 EEL =       46.4676  RESTRAINT  =        0.0906
 EAMBER  =   -12883.0222


   NSTEP       ENERGY          RMS            GMAX         NAME    NUMBER
    780      -1.2890E+04     3.3716E-01     1.1039E+01     C          15

 BOND    =      987.5117  ANGLE   =        0.9380  DIHED      =        8.7859
 VDWAALS =     2539.2896  EEL     =   -16475.7828  HBOND      =        0.0000
 1-4 VDW =        2.8858  1-4 EEL =       46.5133  RESTRAINT  =        0.0542
 EAMBER  =   -12889.8584


   NSTEP       ENERGY          RMS            GMAX         NAME    NUMBER
    800      -1.2900E+04     5.4762E-01     1.4347E+01     C          15

 BOND    =      982.0692  ANGLE   =        1.3056  DIHED      =        8.9010
 VDWAALS =     2554.9028  EEL     =   -16496.6275  HBOND      =        0.0000
 1-4 VDW =        2.9539  1-4 EEL =       46.3592  RESTRAINT  =        0.0705
 EAMBER  =   -12900.1358


   NSTEP       ENERGY          RMS            GMAX         NAME    NUMBER
    820      -1.2908E+04     2.7296E-01     1.1452E+01     N          17

 BOND    =      993.1522  ANGLE   =        0.8273  DIHED      =        8.8205
 VDWAALS =     2555.9698  EEL     =   -16515.6183  HBOND      =        0.0000
 1-4 VDW =        2.8310  1-4 EEL =       46.4449  RESTRAINT  =        0.0578
 EAMBER  =   -12907.5727


   NSTEP       ENERGY          RMS            GMAX         NAME    NUMBER
    840      -1.2912E+04     2.6006E-01     7.9852E+00     N          17

 BOND    =      984.3743  ANGLE   =        1.0669  DIHED      =        8.9416
 VDWAALS =     2559.6652  EEL     =   -16515.0408  HBOND      =        0.0000
 1-4 VDW =        2.7617  1-4 EEL =       46.4955  RESTRAINT  =        0.0780
 EAMBER  =   -12911.7355


   NSTEP       ENERGY          RMS            GMAX         NAME    NUMBER
    860      -1.2921E+04     4.2599E-01     1.7152E+01     C          15

 BOND    =      999.0556  ANGLE   =        1.1182  DIHED      =        8.9087
 VDWAALS =     2570.3359  EEL     =   -16549.7577  HBOND      =        0.0000
 1-4 VDW =        2.8675  1-4 EEL =       46.4086  RESTRAINT  =        0.0768
 EAMBER  =   -12921.0632


   NSTEP       ENERGY          RMS            GMAX         NAME    NUMBER
    880      -1.2926E+04     5.0270E-01     1.8804E+01     C           5

 BOND    =      993.2025  ANGLE   =        0.9968  DIHED      =        8.7663
 VDWAALS =     2572.4137  EEL     =   -16550.6459  HBOND      =        0.0000
 1-4 VDW =        2.8846  1-4 EEL =       46.4703  RESTRAINT  =        0.0566
 EAMBER  =   -12925.9116


   NSTEP       ENERGY          RMS            GMAX         NAME    NUMBER
    900      -1.2934E+04     7.5389E-01     2.0830E+01     C          15

 BOND    =      988.7684  ANGLE   =        1.3140  DIHED      =        8.8886
 VDWAALS =     2582.0651  EEL     =   -16564.1496  HBOND      =        0.0000
 1-4 VDW =        2.9236  1-4 EEL =       46.3319  RESTRAINT  =        0.0719
 EAMBER  =   -12933.8580


   NSTEP       ENERGY          RMS            GMAX         NAME    NUMBER
    920      -1.2941E+04     2.7024E-01     1.1661E+01     N          17

 BOND    =      998.7981  ANGLE   =        0.8158  DIHED      =        8.8180
 VDWAALS =     2581.9915  EEL     =   -16581.0824  HBOND      =        0.0000
 1-4 VDW =        2.8212  1-4 EEL =       46.4029  RESTRAINT  =        0.0554
 EAMBER  =   -12941.4349


   NSTEP       ENERGY          RMS            GMAX         NAME    NUMBER
    940      -1.2945E+04     2.6793E-01     9.6467E+00     N          17

 BOND    =      990.4184  ANGLE   =        1.0699  DIHED      =        8.9226
 VDWAALS =     2584.0162  EEL     =   -16579.1235  HBOND      =        0.0000
 1-4 VDW =        2.7634  1-4 EEL =       46.4757  RESTRAINT  =        0.0722
 EAMBER  =   -12945.4572


   NSTEP       ENERGY          RMS            GMAX         NAME    NUMBER
    960      -1.2957E+04     5.0173E-01     2.1257E+01     C          15

 BOND    =     1004.4365  ANGLE   =        1.1761  DIHED      =        8.9708
 VDWAALS =     2591.6766  EEL     =   -16612.1682  HBOND      =        0.0000
 1-4 VDW =        2.8578  1-4 EEL =       46.4099  RESTRAINT  =        0.0895
 EAMBER  =   -12956.6406


   NSTEP       ENERGY          RMS            GMAX         NAME    NUMBER
    980      -1.2963E+04     3.5839E-01     1.0995E+01     C          15

 BOND    =     1000.0428  ANGLE   =        0.9325  DIHED      =        8.7439
 VDWAALS =     2593.5954  EEL     =   -16615.2597  HBOND      =        0.0000
 1-4 VDW =        2.9164  1-4 EEL =       46.4801  RESTRAINT  =        0.0417
 EAMBER  =   -12962.5486


   NSTEP       ENERGY          RMS            GMAX         NAME    NUMBER
   1000      -1.2971E+04     5.4915E-01     1.4963E+01     C          15

 BOND    =      996.2430  ANGLE   =        0.9546  DIHED      =        8.8313
 VDWAALS =     2604.8953  EEL     =   -16631.6799  HBOND      =        0.0000
 1-4 VDW =        2.9002  1-4 EEL =       46.4112  RESTRAINT  =        0.0602
 EAMBER  =   -12971.4443


  Maximum number of minimization cycles reached.


                    FINAL RESULTS



   NSTEP       ENERGY          RMS            GMAX         NAME    NUMBER
   1000      -1.2971E+04     5.4915E-01     1.4963E+01     C          15

 BOND    =      996.2430  ANGLE   =        0.9546  DIHED      =        8.8313
 VDWAALS =     2604.8953  EEL     =   -16631.6799  HBOND      =        0.0000
 1-4 VDW =        2.9002  1-4 EEL =       46.4112  RESTRAINT  =        0.0602
 EAMBER  =   -12971.4443

--------------------------------------------------------------------------------
   5.  TIMINGS
--------------------------------------------------------------------------------

|    Read coords time           0.05 ( 0.02% of Total)
|                Build the list             0.11 (68.92% of List )
|                Other                      0.05 (31.08% of List )
|             List time                  0.16 ( 1.05% of Nonbo)
|                   Short_ene time             6.02 (96.26% of Direc)
|                   Other                      0.23 ( 3.74% of Direc)
|                Direct Ewald time          6.25 (42.78% of Ewald)
|                Adjust Ewald time          0.04 ( 0.27% of Ewald)
|                Self Ewald time            0.00 ( 0.01% of Ewald)
|                   Fill Bspline coeffs        0.16 ( 2.12% of Recip)
|                   Fill charge grid           0.13 ( 1.80% of Recip)
|                   Scalar sum                 0.47 ( 6.32% of Recip)
|                   Grad sum                   0.27 ( 3.65% of Recip)
|                      FFT back comm time         4.12 (65.43% of FFT t)
|                      Other                      2.17 (34.57% of FFT t)
|                   FFT time                   6.29 (84.41% of Recip)
|                   Other                      0.13 ( 1.70% of Recip)
|                Recip Ewald time           7.45 (51.00% of Ewald)
|                Force Adjust               0.71 ( 4.89% of Ewald)
|                Virial junk                0.15 ( 1.02% of Ewald)
|                Other                      0.00 ( 0.03% of Ewald)
|             Ewald time                14.61 (98.94% of Nonbo)
|             Other                      0.00 ( 0.01% of Nonbo)
|          Nonbond force             14.77 (83.35% of Force)
|          Bond/Angle/Dihedral        0.05 ( 0.28% of Force)
|          FRC Collect time           0.61 ( 3.44% of Force)
|          Other                      2.29 (12.93% of Force)
|       Force time                17.72 (100.0% of Runmd)
|    Runmd Time                17.72 ( 8.55% of Total)
|    Other                    189.58 (91.43% of Total)
| Total time               207.35 (100.0% of ALL  )

| Highest rstack allocated:      42313
| Highest istack allocated:        945
|           Job began  at 14:02:31.046  on 03/14/2017
|           Setup done at 14:02:31.231  on 03/14/2017
|           Run   done at 14:05:58.393  on 03/14/2017
|     wallclock() was called   44072 times
