
          -------------------------------------------------------
          Amber 16 SANDER                              2016
          -------------------------------------------------------

| Run on 03/14/2017 at 13:50:45

|   Executable path: sander.MPI
| Working directory: /home/steboss/projects/mdgx-tests/alanine/IPOLQ/input/PhiPsi_1/105/45
|          Hostname: node006

  [-O]verwriting output

File Assignments:
|  MDIN: equil.in                                                              
| MDOUT: Conf45.eq.out                                                         
|INPCRD: Conf45.min                                                            
|  PARM: Conf45.top                                                            
|RESTRT: Conf45.rst                                                            
|  REFC: Conf45.crd                                                            
| MDVEL: mdvel                                                                 
| MDFRC: mdfrc                                                                 
|  MDEN: mden                                                                  
| MDCRD: mdcrd                                                                 
|MDINFO: mdinfo                                                                
|  MTMD: mtmd                                                                  
|INPDIP: inpdip                                                                
|RSTDIP: rstdip                                                                
|INPTRA: inptraj                                                               

|    REMLOG: rem.log
|   REMTYPE: rem.type
|  REMSTRIP: 
|   SAVEENE: saveene
|CLUSTERINF: cluster.info
| RESERVOIR: reserv/frame
|   REMDDIM: 


 Here is the input file:

Equilibrate water in NPT                                                       
 &cntrl                                                                        
                                                                               
  nmropt = 0,                                                                  
  ntx    = 1,       irest  = 0,       ntrx   = 1,      ntxo   = 1,             
  ntpr   = 1000,    ntwx   = 1000,    ntwv   = 0,      ntwe   = 1000,          
  iwrap  = 0,       ioutfm = 1,                                                
                                                                               
  ntf    = 2,       ntb    = 2,                                                
  cut = 9.0,                                                                   
                                                                               
  ibelly = 0,       ntr    = 1,                                                
  restraintmask = ':1',                                                        
  restraint_wt = 100.0,                                                        
                                                                               
  imin   = 0,                                                                  
  nstlim = 10000,                                                              
  nscm   = 1000,                                                               
  t      = 0.0,     dt     = 0.002,                                            
                                                                               
  temp0     = 298.0,   tempi  = 0.0,                                           
  ig        = -1,                                                              
  ntt       = 3,                                                               
  gamma_ln  = 3.0,                                                             
                                                                               
  ntp    = 1,       pres0  = 1.0,     comp   = 44.6,                           
  taup   = 1.0,                                                                
                                                                               
  ntc    = 2,       tol    = 0.000001, watnam = 'WAT ',                        
                                                                               
 &end                                                                          

--------------------------------------------------------------------------------
   1.  RESOURCE   USE: 
--------------------------------------------------------------------------------

| Flags: MPI                                                                    
 getting new box info from bottom of inpcrd
|  INFO: Old style inpcrd file read

| peek_ewald_inpcrd: Box info found
|Largest sphere to fit in unit cell has radius =    14.384
| New format PARM file being parsed.
| Version =    1.000 Date = 03/14/17 Time = 13:37:48
 NATOM  =    2812 NTYPES =       9 NBONH =    2802 MBONA  =       9
 NTHETH =      25 MTHETA =      11 NPHIH =      43 MPHIA  =      24
 NHPARM =       0 NPARM  =       0 NNB   =    3819 NRES   =     933
 NBONA  =       9 NTHETA =      11 NPHIA =      24 NUMBND =      10
 NUMANG =      16 NPTRA  =      19 NATYP =       9 NPHB   =       1
 IFBOX  =       2 NMXRS  =      10 IFCAP =       0 NEXTRA =       0
 NCOPY  =       0


|     Memory Use     Allocated
|     Real              292060
|     Hollerith           9371
|     Integer            87120
|     Max Pairs         311896
|     nblistReal         33744
|     nblist Int         86021
|       Total             4476 kbytes

| Note: 1-4 EEL scale factors are being read from the topology file.

| Note: 1-4 VDW scale factors are being read from the topology file.
| Duplicated    0 dihedrals
| Duplicated    0 dihedrals

     BOX TYPE: TRUNCATED OCTAHEDRON
Note: ig = -1. Setting random seed to    33007 based on wallclock time in microseconds
      and disabling the synchronization of random numbers between tasks
      to improve performance.

--------------------------------------------------------------------------------
   2.  CONTROL  DATA  FOR  THE  RUN
--------------------------------------------------------------------------------

default_name                                                                    

General flags:
     imin    =       0, nmropt  =       0

Nature and format of input:
     ntx     =       1, irest   =       0, ntrx    =       1

Nature and format of output:
     ntxo    =       1, ntpr    =    1000, ntrx    =       1, ntwr    =   10000
     iwrap   =       0, ntwx    =    1000, ntwv    =       0, ntwe    =    1000
     ioutfm  =       1, ntwprt  =       0, idecomp =       0, rbornstat=      0

Potential function:
     ntf     =       2, ntb     =       2, igb     =       0, nsnb    =      25
     ipol    =       0, gbsa    =       0, iesp    =       0
     dielc   =   1.00000, cut     =   9.00000, intdiel =   1.00000

Frozen or restrained atoms:
     ibelly  =       0, ntr     =       1
     restraint_wt = 100.00000

Molecular dynamics:
     nstlim  =     10000, nscm    =         0, nrespa  =         1
     t       =   0.00000, dt      =   0.00200, vlimit  =  20.00000

Langevin dynamics temperature regulation:
     ig      =   33007
     temp0   = 298.00000, tempi   =   0.00000, gamma_ln=   3.00000

Pressure regulation:
     ntp     =       1
     pres0   =   1.00000, comp    =  44.60000, taup    =   1.00000

SHAKE:
     ntc     =       2, jfastw  =       0
     tol     =   0.00000

Ewald parameters:
     verbose =       0, ew_type =       0, nbflag  =       1, use_pme =       1
     vdwmeth =       1, eedmeth =       1, netfrc  =       1
     Box X =   35.233   Box Y =   35.233   Box Z =   35.233
     Alpha =  109.471   Beta  =  109.471   Gamma =  109.471
     NFFT1 =   36       NFFT2 =   36       NFFT3 =   36
     Cutoff=    9.000   Tol   =0.100E-04
     Ewald Coefficient =  0.30768
     Interpolation order =    4

| MPI Timing options:
|      profile_mpi =        0

    LOADING THE CONSTRAINED ATOMS AS GROUPS


   5.  REFERENCE ATOM COORDINATES

  defa
     Mask :1; matches     6 atoms

--------------------------------------------------------------------------------
   3.  ATOMIC COORDINATES AND VELOCITIES
--------------------------------------------------------------------------------

defa                                                                            
 begin time read from input coords =     0.000 ps

 Number of triangulated 3-point waters found:      930
|  Atom division among processors:
|         0     352     703    1054    1405    1756    2110    2461
|      2812

     Sum of charges from parm topology file =  -0.00000000
     Forcing neutrality...
|  Running AMBER/MPI version on    8 nodes


--------------------------------------------------------------------------------
   4.  RESULTS
--------------------------------------------------------------------------------

|  # of SOLUTE  degrees of freedom (RNDFP):    5634.
|  # of SOLVENT degrees of freedom (RNDFS):       0.
|  NDFMIN =    5634.     NUM_NOSHAKE =      0     CORRECTED RNDFP =    5634.
|  TOTAL # of degrees of freedom (RNDF) =    5634.
 ---------------------------------------------------
 APPROXIMATING switch and d/dx switch using CUBIC SPLINE INTERPOLATION
 using   5000.0 points per unit in tabled values
 TESTING RELATIVE ERROR over r ranging from 0.0 to cutoff
| CHECK switch(x): max rel err =   0.2738E-14   at   2.422500
| CHECK d/dx switch(x): max rel err =   0.8314E-11   at   2.736960
 ---------------------------------------------------
| Local SIZE OF NONBOND LIST =      87635
| TOTAL SIZE OF NONBOND LIST =     655551

 NSTEP =        0   TIME(PS) =       0.000  TEMP(K) =     0.00  PRESS = -5096.3
 Etot   =    -12305.5169  EKtot   =         0.0000  EPtot      =    -12305.5169
 BOND   =         0.4506  ANGLE   =         2.2898  DIHED      =        12.4506
 1-4 NB =         2.2821  1-4 EEL =        45.9685  VDWAALS    =      2217.5906
 EELEC  =    -14587.1598  EHBOND  =         0.0000  RESTRAINT  =         0.6107
 EAMBER (non-restraint)  =    -12306.1276
 EKCMT  =         0.0000  VIRIAL  =      3704.8850  VOLUME     =     33669.7952
                                                    Density    =         0.8334
 Ewald error estimate:   0.1917E-03
 ------------------------------------------------------------------------------


 NSTEP =     1000   TIME(PS) =       2.000  TEMP(K) =   300.91  PRESS =  -754.5
 Etot   =     -7189.1106  EKtot   =      1684.4832  EPtot      =     -8873.5937
 BOND   =         2.7635  ANGLE   =         8.3959  DIHED      =        12.4686
 1-4 NB =         2.2184  1-4 EEL =        43.9833  VDWAALS    =      1333.2379
 EELEC  =    -10279.9827  EHBOND  =         0.0000  RESTRAINT  =         3.3214
 EAMBER (non-restraint)  =     -8876.9152
 EKCMT  =       814.9078  VIRIAL  =      1317.0949  VOLUME     =     30828.3610
                                                    Density    =         0.9103
 Ewald error estimate:   0.1837E-03
 ------------------------------------------------------------------------------


 NSTEP =     2000   TIME(PS) =       4.000  TEMP(K) =   303.39  PRESS =  -110.2
 Etot   =     -7145.7331  EKtot   =      1698.3343  EPtot      =     -8844.0674
 BOND   =         1.6748  ANGLE   =        10.4517  DIHED      =         9.5481
 1-4 NB =         3.4241  1-4 EEL =        45.1929  VDWAALS    =      1344.9891
 EELEC  =    -10262.1359  EHBOND  =         0.0000  RESTRAINT  =         2.7878
 EAMBER (non-restraint)  =     -8846.8552
 EKCMT  =       844.8360  VIRIAL  =       915.5147  VOLUME     =     29698.7964
                                                    Density    =         0.9449
 Ewald error estimate:   0.4219E-03
 ------------------------------------------------------------------------------


 NSTEP =     3000   TIME(PS) =       6.000  TEMP(K) =   287.57  PRESS =   145.1
 Etot   =     -7227.3585  EKtot   =      1609.7763  EPtot      =     -8837.1347
 BOND   =         2.9488  ANGLE   =         9.5176  DIHED      =         9.7136
 1-4 NB =         3.4828  1-4 EEL =        44.4576  VDWAALS    =      1350.8672
 EELEC  =    -10263.4845  EHBOND  =         0.0000  RESTRAINT  =         5.3623
 EAMBER (non-restraint)  =     -8842.4970
 EKCMT  =       800.9488  VIRIAL  =       709.7954  VOLUME     =     29099.5648
                                                    Density    =         0.9643
 Ewald error estimate:   0.3808E-03
 ------------------------------------------------------------------------------


 NSTEP =     4000   TIME(PS) =       8.000  TEMP(K) =   309.80  PRESS =    35.1
 Etot   =     -7232.7445  EKtot   =      1734.2152  EPtot      =     -8966.9597
 BOND   =         3.1857  ANGLE   =        11.6992  DIHED      =         9.1998
 1-4 NB =         3.2213  1-4 EEL =        43.8644  VDWAALS    =      1345.9161
 EELEC  =    -10386.5005  EHBOND  =         0.0000  RESTRAINT  =         2.4544
 EAMBER (non-restraint)  =     -8969.4141
 EKCMT  =       875.3537  VIRIAL  =       853.5189  VOLUME     =     28836.7452
                                                    Density    =         0.9731
 Ewald error estimate:   0.2430E-03
 ------------------------------------------------------------------------------


 NSTEP =     5000   TIME(PS) =      10.000  TEMP(K) =   296.28  PRESS =   -23.7
 Etot   =     -7303.0852  EKtot   =      1658.5279  EPtot      =     -8961.6131
 BOND   =         4.8510  ANGLE   =         9.7483  DIHED      =         8.3069
 1-4 NB =         3.6770  1-4 EEL =        42.0489  VDWAALS    =      1356.8727
 EELEC  =    -10389.6465  EHBOND  =         0.0000  RESTRAINT  =         2.5286
 EAMBER (non-restraint)  =     -8964.1418
 EKCMT  =       818.6212  VIRIAL  =       833.3283  VOLUME     =     28714.8135
                                                    Density    =         0.9773
 Ewald error estimate:   0.3171E-03
 ------------------------------------------------------------------------------


 NSTEP =     6000   TIME(PS) =      12.000  TEMP(K) =   298.83  PRESS =  -327.7
 Etot   =     -7221.4682  EKtot   =      1672.8028  EPtot      =     -8894.2710
 BOND   =         3.8748  ANGLE   =        10.8996  DIHED      =        11.2470
 1-4 NB =         2.6726  1-4 EEL =        42.7777  VDWAALS    =      1275.2648
 EELEC  =    -10243.3168  EHBOND  =         0.0000  RESTRAINT  =         2.3093
 EAMBER (non-restraint)  =     -8896.5803
 EKCMT  =       845.9576  VIRIAL  =      1047.3830  VOLUME     =     28470.8327
                                                    Density    =         0.9856
 Ewald error estimate:   0.2709E-03
 ------------------------------------------------------------------------------


 NSTEP =     7000   TIME(PS) =      14.000  TEMP(K) =   294.75  PRESS =   483.7
 Etot   =     -7245.9792  EKtot   =      1650.0067  EPtot      =     -8895.9859
 BOND   =         4.0244  ANGLE   =         7.6533  DIHED      =        10.9178
 1-4 NB =         2.8648  1-4 EEL =        42.6386  VDWAALS    =      1362.4379
 EELEC  =    -10330.5060  EHBOND  =         0.0000  RESTRAINT  =         3.9833
 EAMBER (non-restraint)  =     -8899.9692
 EKCMT  =       843.3452  VIRIAL  =       546.0805  VOLUME     =     28463.3881
                                                    Density    =         0.9859
 Ewald error estimate:   0.1348E-04
 ------------------------------------------------------------------------------


 NSTEP =     8000   TIME(PS) =      16.000  TEMP(K) =   298.68  PRESS =  -116.0
 Etot   =     -7221.4749  EKtot   =      1672.0121  EPtot      =     -8893.4871
 BOND   =         3.5462  ANGLE   =        10.9696  DIHED      =         9.7750
 1-4 NB =         4.0469  1-4 EEL =        44.5217  VDWAALS    =      1297.7840
 EELEC  =    -10265.6090  EHBOND  =         0.0000  RESTRAINT  =         1.4786
 EAMBER (non-restraint)  =     -8894.9657
 EKCMT  =       847.3336  VIRIAL  =       918.4644  VOLUME     =     28399.4748
                                                    Density    =         0.9881
 Ewald error estimate:   0.1214E-03
 ------------------------------------------------------------------------------


 NSTEP =     9000   TIME(PS) =      18.000  TEMP(K) =   290.77  PRESS =  -275.0
 Etot   =     -7363.9461  EKtot   =      1627.6977  EPtot      =     -8991.6438
 BOND   =         4.3530  ANGLE   =         8.2668  DIHED      =        10.2899
 1-4 NB =         3.6849  1-4 EEL =        42.6279  VDWAALS    =      1323.6773
 EELEC  =    -10387.5996  EHBOND  =         0.0000  RESTRAINT  =         3.0560
 EAMBER (non-restraint)  =     -8994.6998
 EKCMT  =       799.9706  VIRIAL  =       968.0935  VOLUME     =     28312.1482
                                                    Density    =         0.9912
 Ewald error estimate:   0.2237E-03
 ------------------------------------------------------------------------------


 NSTEP =    10000   TIME(PS) =      20.000  TEMP(K) =   287.79  PRESS =    54.8
 Etot   =     -7353.1749  EKtot   =      1611.0528  EPtot      =     -8964.2277
 BOND   =         2.6858  ANGLE   =        12.1917  DIHED      =        10.5514
 1-4 NB =         3.3605  1-4 EEL =        44.0443  VDWAALS    =      1336.5071
 EELEC  =    -10377.5295  EHBOND  =         0.0000  RESTRAINT  =         3.9610
 EAMBER (non-restraint)  =     -8968.1887
 EKCMT  =       814.9782  VIRIAL  =       781.4000  VOLUME     =     28390.1078
                                                    Density    =         0.9884
 Ewald error estimate:   0.2494E-04
 ------------------------------------------------------------------------------


      A V E R A G E S   O V E R   10000 S T E P S


 NSTEP =    10000   TIME(PS) =      20.000  TEMP(K) =   291.94  PRESS =  -190.2
 Etot   =     -7310.1353  EKtot   =      1634.2347  EPtot      =     -8944.3700
 BOND   =         3.1734  ANGLE   =         9.3240  DIHED      =        10.6182
 1-4 NB =         3.2549  1-4 EEL =        44.9633  VDWAALS    =      1344.2010
 EELEC  =    -10362.9333  EHBOND  =         0.0000  RESTRAINT  =         3.0285
 EAMBER (non-restraint)  =     -8947.3986
 EKCMT  =       815.0724  VIRIAL  =       942.2373  VOLUME     =     29132.5983
                                                    Density    =         0.9647
 Ewald error estimate:   0.1887E-03
 ------------------------------------------------------------------------------


      R M S  F L U C T U A T I O N S


 NSTEP =    10000   TIME(PS) =      20.000  TEMP(K) =    26.93  PRESS =   438.6
 Etot   =       315.8934  EKtot   =       150.7412  EPtot      =       171.1998
 BOND   =         1.4415  ANGLE   =         2.3165  DIHED      =         1.4336
 1-4 NB =         0.6935  1-4 EEL =         1.9383  VDWAALS    =        90.1351
 EELEC  =       251.5038  EHBOND  =         0.0000  RESTRAINT  =         1.2335
 EAMBER (non-restraint)  =       169.9663
 EKCMT  =        73.9202  VIRIAL  =       262.3821  VOLUME     =      1157.8219
                                                    Density    =         0.0357
 Ewald error estimate:   0.1399E-03
 ------------------------------------------------------------------------------


--------------------------------------------------------------------------------
   5.  TIMINGS
--------------------------------------------------------------------------------

|>>>>>>>>PROFILE of Average TIMES>>>>>>>>> 
|                Build the list             9.37 (97.04% of List )
|                Other                      0.29 ( 2.96% of List )
|             List time                  9.66 ( 9.20% of Nonbo)
|                   Short_ene time            61.26 (96.28% of Direc)
|                   Other                      2.36 ( 3.72% of Direc)
|                Direct Ewald time         63.62 (66.72% of Ewald)
|                Adjust Ewald time          0.34 ( 0.36% of Ewald)
|                   Fill Bspline coeffs        1.74 ( 7.72% of Recip)
|                   Fill charge grid           1.21 ( 5.35% of Recip)
|                   Scalar sum                 5.51 (24.40% of Recip)
|                   Grad sum                   2.70 (11.98% of Recip)
|                      FFT back comm time         1.95 (18.81% of FFT t)
|                      Other                      8.43 (81.19% of FFT t)
|                   FFT time                  10.38 (46.01% of Recip)
|                   Other                      1.02 ( 4.53% of Recip)
|                Recip Ewald time          22.56 (23.66% of Ewald)
|                Force Adjust               8.29 ( 8.70% of Ewald)
|                Virial junk                0.50 ( 0.52% of Ewald)
|                Other                      0.05 ( 0.05% of Ewald)
|             Ewald time                95.36 (90.79% of Nonbo)
|             Other                      0.01 ( 0.01% of Nonbo)
|          Nonbond force            105.03 (98.63% of Force)
|          Bond/Angle/Dihedral        0.15 ( 0.14% of Force)
|          FRC Collect time           1.01 ( 0.95% of Force)
|          Other                      0.31 ( 0.29% of Force)
|       Force time               106.49 (90.04% of Runmd)
|       Shake time                 0.40 ( 0.34% of Runmd)
|       Verlet update time         4.66 ( 3.94% of Runmd)
|       Ekcmr time                 5.32 ( 4.50% of Runmd)
|       CRD distribute time        0.53 ( 0.45% of Runmd)
|       Other                      0.86 ( 0.73% of Runmd)
|    Runmd Time               118.27 (99.83% of Total)
|    Other                      0.20 ( 0.16% of Total)
| Total time               118.46 (100.0% of ALL  )

| Number of list builds   :        904

| Highest rstack allocated:      39289
| Highest istack allocated:        833

| Final Performance Info:
| -----------------------------------------------------
| Average timings for all steps:
|     Elapsed(s) =     118.44 Per Step(ms) =      11.84
|         ns/day =      14.59   seconds/ns =    5921.93
| -----------------------------------------------------

|           Job began  at 13:50:45.916  on 03/14/2017
|           Setup done at 13:50:46.112  on 03/14/2017
|           Run   done at 13:52:44.491  on 03/14/2017
|     wallclock() was called  571875 times
