
          -------------------------------------------------------
          Amber 16 SANDER                              2016
          -------------------------------------------------------

| Run on 03/14/2017 at 14:12:39

|   Executable path: sander.MPI
| Working directory: /home/steboss/projects/mdgx-tests/alanine/IPOLQ/input/PhiPsi_1/165/135
|          Hostname: node001

  [-O]verwriting output

File Assignments:
|  MDIN: equil.in                                                              
| MDOUT: Conf135.eq.out                                                        
|INPCRD: Conf135.min                                                           
|  PARM: Conf135.top                                                           
|RESTRT: Conf135.rst                                                           
|  REFC: Conf135.crd                                                           
| MDVEL: mdvel                                                                 
| MDFRC: mdfrc                                                                 
|  MDEN: mden                                                                  
| MDCRD: mdcrd                                                                 
|MDINFO: mdinfo                                                                
|  MTMD: mtmd                                                                  
|INPDIP: inpdip                                                                
|RSTDIP: rstdip                                                                
|INPTRA: inptraj                                                               

|    REMLOG: rem.log
|   REMTYPE: rem.type
|  REMSTRIP: 
|   SAVEENE: saveene
|CLUSTERINF: cluster.info
| RESERVOIR: reserv/frame
|   REMDDIM: 


 Here is the input file:

Equilibrate water in NPT                                                       
 &cntrl                                                                        
                                                                               
  nmropt = 0,                                                                  
  ntx    = 1,       irest  = 0,       ntrx   = 1,      ntxo   = 1,             
  ntpr   = 1000,    ntwx   = 1000,    ntwv   = 0,      ntwe   = 1000,          
  iwrap  = 0,       ioutfm = 1,                                                
                                                                               
  ntf    = 2,       ntb    = 2,                                                
  cut = 9.0,                                                                   
                                                                               
  ibelly = 0,       ntr    = 1,                                                
  restraintmask = ':1',                                                        
  restraint_wt = 100.0,                                                        
                                                                               
  imin   = 0,                                                                  
  nstlim = 10000,                                                              
  nscm   = 1000,                                                               
  t      = 0.0,     dt     = 0.002,                                            
                                                                               
  temp0     = 298.0,   tempi  = 0.0,                                           
  ig        = -1,                                                              
  ntt       = 3,                                                               
  gamma_ln  = 3.0,                                                             
                                                                               
  ntp    = 1,       pres0  = 1.0,     comp   = 44.6,                           
  taup   = 1.0,                                                                
                                                                               
  ntc    = 2,       tol    = 0.000001, watnam = 'WAT ',                        
                                                                               
 &end                                                                          

--------------------------------------------------------------------------------
   1.  RESOURCE   USE: 
--------------------------------------------------------------------------------

| Flags: MPI                                                                    
 getting new box info from bottom of inpcrd
|  INFO: Old style inpcrd file read

| peek_ewald_inpcrd: Box info found
|Largest sphere to fit in unit cell has radius =    14.981
| New format PARM file being parsed.
| Version =    1.000 Date = 03/14/17 Time = 13:38:24
 NATOM  =    3181 NTYPES =       9 NBONH =    3171 MBONA  =       9
 NTHETH =      25 MTHETA =      11 NPHIH =      43 MPHIA  =      24
 NHPARM =       0 NPARM  =       0 NNB   =    4311 NRES   =    1056
 NBONA  =       9 NTHETA =      11 NPHIA =      24 NUMBND =      10
 NUMANG =      16 NPTRA  =      19 NATYP =       9 NPHB   =       1
 IFBOX  =       2 NMXRS  =      10 IFCAP =       0 NEXTRA =       0
 NCOPY  =       0


|     Memory Use     Allocated
|     Real              318997
|     Hollerith          10601
|     Integer            95484
|     Max Pairs         352824
|     nblistReal         38172
|     nblist Int        104562
|       Total             4991 kbytes

| Note: 1-4 EEL scale factors are being read from the topology file.

| Note: 1-4 VDW scale factors are being read from the topology file.
| Duplicated    0 dihedrals
| Duplicated    0 dihedrals

     BOX TYPE: TRUNCATED OCTAHEDRON
Note: ig = -1. Setting random seed to   812747 based on wallclock time in microseconds
      and disabling the synchronization of random numbers between tasks
      to improve performance.

--------------------------------------------------------------------------------
   2.  CONTROL  DATA  FOR  THE  RUN
--------------------------------------------------------------------------------

default_name                                                                    

General flags:
     imin    =       0, nmropt  =       0

Nature and format of input:
     ntx     =       1, irest   =       0, ntrx    =       1

Nature and format of output:
     ntxo    =       1, ntpr    =    1000, ntrx    =       1, ntwr    =   10000
     iwrap   =       0, ntwx    =    1000, ntwv    =       0, ntwe    =    1000
     ioutfm  =       1, ntwprt  =       0, idecomp =       0, rbornstat=      0

Potential function:
     ntf     =       2, ntb     =       2, igb     =       0, nsnb    =      25
     ipol    =       0, gbsa    =       0, iesp    =       0
     dielc   =   1.00000, cut     =   9.00000, intdiel =   1.00000

Frozen or restrained atoms:
     ibelly  =       0, ntr     =       1
     restraint_wt = 100.00000

Molecular dynamics:
     nstlim  =     10000, nscm    =         0, nrespa  =         1
     t       =   0.00000, dt      =   0.00200, vlimit  =  20.00000

Langevin dynamics temperature regulation:
     ig      =  812747
     temp0   = 298.00000, tempi   =   0.00000, gamma_ln=   3.00000

Pressure regulation:
     ntp     =       1
     pres0   =   1.00000, comp    =  44.60000, taup    =   1.00000

SHAKE:
     ntc     =       2, jfastw  =       0
     tol     =   0.00000

Ewald parameters:
     verbose =       0, ew_type =       0, nbflag  =       1, use_pme =       1
     vdwmeth =       1, eedmeth =       1, netfrc  =       1
     Box X =   36.695   Box Y =   36.695   Box Z =   36.695
     Alpha =  109.471   Beta  =  109.471   Gamma =  109.471
     NFFT1 =   36       NFFT2 =   36       NFFT3 =   36
     Cutoff=    9.000   Tol   =0.100E-04
     Ewald Coefficient =  0.30768
     Interpolation order =    4

| MPI Timing options:
|      profile_mpi =        0

    LOADING THE CONSTRAINED ATOMS AS GROUPS


   5.  REFERENCE ATOM COORDINATES

  defa
     Mask :1; matches     6 atoms

--------------------------------------------------------------------------------
   3.  ATOMIC COORDINATES AND VELOCITIES
--------------------------------------------------------------------------------

defa                                                                            
 begin time read from input coords =     0.000 ps

 Number of triangulated 3-point waters found:     1053
|  Atom division among processors:
|         0     397     796    1195    1594    1990    2389    2785
|      3181

     Sum of charges from parm topology file =  -0.00000000
     Forcing neutrality...
|  Running AMBER/MPI version on    8 nodes


--------------------------------------------------------------------------------
   4.  RESULTS
--------------------------------------------------------------------------------

|  # of SOLUTE  degrees of freedom (RNDFP):    6372.
|  # of SOLVENT degrees of freedom (RNDFS):       0.
|  NDFMIN =    6372.     NUM_NOSHAKE =      0     CORRECTED RNDFP =    6372.
|  TOTAL # of degrees of freedom (RNDF) =    6372.
 ---------------------------------------------------
 APPROXIMATING switch and d/dx switch using CUBIC SPLINE INTERPOLATION
 using   5000.0 points per unit in tabled values
 TESTING RELATIVE ERROR over r ranging from 0.0 to cutoff
| CHECK switch(x): max rel err =   0.2738E-14   at   2.422500
| CHECK d/dx switch(x): max rel err =   0.8314E-11   at   2.736960
 ---------------------------------------------------
| Local SIZE OF NONBOND LIST =     101498
| TOTAL SIZE OF NONBOND LIST =     744010

 NSTEP =        0   TIME(PS) =       0.000  TEMP(K) =     0.00  PRESS = -4901.7
 Etot   =    -13841.0048  EKtot   =         0.0000  EPtot      =    -13841.0048
 BOND   =         0.9105  ANGLE   =         0.7967  DIHED      =         8.5618
 1-4 NB =         2.9056  1-4 EEL =        45.6261  VDWAALS    =      2493.7937
 EELEC  =    -16393.8441  EHBOND  =         0.0000  RESTRAINT  =         0.2449
 EAMBER (non-restraint)  =    -13841.2497
 EKCMT  =         0.0000  VIRIAL  =      4025.6543  VOLUME     =     38037.3872
                                                    Density    =         0.8345
 Ewald error estimate:   0.2674E-03
 ------------------------------------------------------------------------------


 NSTEP =     1000   TIME(PS) =       2.000  TEMP(K) =   287.60  PRESS =  -608.5
 Etot   =     -8134.7718  EKtot   =      1820.8225  EPtot      =     -9955.5944
 BOND   =         4.1673  ANGLE   =         6.6915  DIHED      =        10.4719
 1-4 NB =         3.6653  1-4 EEL =        43.3196  VDWAALS    =      1494.6328
 EELEC  =    -11521.2032  EHBOND  =         0.0000  RESTRAINT  =         2.6604
 EAMBER (non-restraint)  =     -9958.2548
 EKCMT  =       902.6940  VIRIAL  =      1359.3694  VOLUME     =     34761.3703
                                                    Density    =         0.9131
 Ewald error estimate:   0.3943E-04
 ------------------------------------------------------------------------------


 NSTEP =     2000   TIME(PS) =       4.000  TEMP(K) =   298.51  PRESS =  -426.1
 Etot   =     -8216.4025  EKtot   =      1889.9100  EPtot      =    -10106.3125
 BOND   =         1.8867  ANGLE   =         6.9789  DIHED      =        11.7230
 1-4 NB =         3.2144  1-4 EEL =        44.8022  VDWAALS    =      1508.9643
 EELEC  =    -11685.8424  EHBOND  =         0.0000  RESTRAINT  =         1.9604
 EAMBER (non-restraint)  =    -10108.2729
 EKCMT  =       934.5158  VIRIAL  =      1240.6280  VOLUME     =     33275.0085
                                                    Density    =         0.9539
 Ewald error estimate:   0.7613E-04
 ------------------------------------------------------------------------------


 NSTEP =     3000   TIME(PS) =       6.000  TEMP(K) =   299.68  PRESS =   488.4
 Etot   =     -8230.6725  EKtot   =      1897.3435  EPtot      =    -10128.0160
 BOND   =         1.9294  ANGLE   =         4.6108  DIHED      =         9.3257
 1-4 NB =         3.7685  1-4 EEL =        46.9415  VDWAALS    =      1588.1656
 EELEC  =    -11786.4281  EHBOND  =         0.0000  RESTRAINT  =         3.6708
 EAMBER (non-restraint)  =    -10131.6868
 EKCMT  =       946.5740  VIRIAL  =       603.0122  VOLUME     =     32583.3094
                                                    Density    =         0.9742
 Ewald error estimate:   0.1600E-03
 ------------------------------------------------------------------------------


 NSTEP =     4000   TIME(PS) =       8.000  TEMP(K) =   310.66  PRESS =   201.5
 Etot   =     -8158.4722  EKtot   =      1966.8235  EPtot      =    -10125.2957
 BOND   =         3.5823  ANGLE   =        10.7456  DIHED      =        10.8864
 1-4 NB =         2.2051  1-4 EEL =        44.5304  VDWAALS    =      1535.4792
 EELEC  =    -11734.1288  EHBOND  =         0.0000  RESTRAINT  =         1.4042
 EAMBER (non-restraint)  =    -10126.6999
 EKCMT  =      1006.8056  VIRIAL  =       866.1473  VOLUME     =     32325.5095
                                                    Density    =         0.9819
 Ewald error estimate:   0.3747E-03
 ------------------------------------------------------------------------------


 NSTEP =     5000   TIME(PS) =      10.000  TEMP(K) =   290.87  PRESS =  -176.6
 Etot   =     -8226.3203  EKtot   =      1841.5467  EPtot      =    -10067.8670
 BOND   =         1.9306  ANGLE   =         7.8486  DIHED      =        10.8235
 1-4 NB =         2.5967  1-4 EEL =        47.4302  VDWAALS    =      1477.1030
 EELEC  =    -11616.4522  EHBOND  =         0.0000  RESTRAINT  =         0.8526
 EAMBER (non-restraint)  =    -10068.7197
 EKCMT  =       898.9014  VIRIAL  =      1022.0039  VOLUME     =     32282.6077
                                                    Density    =         0.9832
 Ewald error estimate:   0.9559E-04
 ------------------------------------------------------------------------------


 NSTEP =     6000   TIME(PS) =      12.000  TEMP(K) =   299.63  PRESS =  -190.2
 Etot   =     -8249.6685  EKtot   =      1897.0059  EPtot      =    -10146.6744
 BOND   =         2.4711  ANGLE   =         5.2211  DIHED      =        10.3709
 1-4 NB =         2.8669  1-4 EEL =        47.3283  VDWAALS    =      1476.2064
 EELEC  =    -11696.0475  EHBOND  =         0.0000  RESTRAINT  =         4.9084
 EAMBER (non-restraint)  =    -10151.5828
 EKCMT  =       932.5987  VIRIAL  =      1065.2823  VOLUME     =     32310.5229
                                                    Density    =         0.9824
 Ewald error estimate:   0.1115E-03
 ------------------------------------------------------------------------------


 NSTEP =     7000   TIME(PS) =      14.000  TEMP(K) =   294.83  PRESS =  -127.6
 Etot   =     -8283.9906  EKtot   =      1866.6286  EPtot      =    -10150.6193
 BOND   =         1.8203  ANGLE   =         5.7354  DIHED      =        10.3278
 1-4 NB =         4.2957  1-4 EEL =        45.0066  VDWAALS    =      1483.8489
 EELEC  =    -11704.9619  EHBOND  =         0.0000  RESTRAINT  =         3.3080
 EAMBER (non-restraint)  =    -10153.9272
 EKCMT  =       897.3243  VIRIAL  =       985.6999  VOLUME     =     32065.8184
                                                    Density    =         0.9899
 Ewald error estimate:   0.1695E-03
 ------------------------------------------------------------------------------


 NSTEP =     8000   TIME(PS) =      16.000  TEMP(K) =   301.58  PRESS =   -30.0
 Etot   =     -8235.7243  EKtot   =      1909.3871  EPtot      =    -10145.1114
 BOND   =         1.7150  ANGLE   =         8.3293  DIHED      =        10.6920
 1-4 NB =         1.9513  1-4 EEL =        43.1427  VDWAALS    =      1524.5338
 EELEC  =    -11740.2879  EHBOND  =         0.0000  RESTRAINT  =         4.8125
 EAMBER (non-restraint)  =    -10149.9238
 EKCMT  =       946.9996  VIRIAL  =       967.9511  VOLUME     =     32357.2438
                                                    Density    =         0.9810
 Ewald error estimate:   0.3263E-03
 ------------------------------------------------------------------------------


 NSTEP =     9000   TIME(PS) =      18.000  TEMP(K) =   299.09  PRESS =     3.4
 Etot   =     -8279.5524  EKtot   =      1893.5673  EPtot      =    -10173.1196
 BOND   =         4.7598  ANGLE   =        10.2726  DIHED      =        10.9570
 1-4 NB =         2.9291  1-4 EEL =        47.4575  VDWAALS    =      1515.2450
 EELEC  =    -11767.8202  EHBOND  =         0.0000  RESTRAINT  =         3.0796
 EAMBER (non-restraint)  =    -10176.1992
 EKCMT  =       942.8247  VIRIAL  =       940.4941  VOLUME     =     32136.8792
                                                    Density    =         0.9877
 Ewald error estimate:   0.1437E-04
 ------------------------------------------------------------------------------


 NSTEP =    10000   TIME(PS) =      20.000  TEMP(K) =   291.42  PRESS =   203.2
 Etot   =     -8288.1441  EKtot   =      1845.0407  EPtot      =    -10133.1848
 BOND   =         3.5212  ANGLE   =         6.7070  DIHED      =        10.5136
 1-4 NB =         3.7726  1-4 EEL =        44.8051  VDWAALS    =      1552.3082
 EELEC  =    -11759.3034  EHBOND  =         0.0000  RESTRAINT  =         4.4909
 EAMBER (non-restraint)  =    -10137.6757
 EKCMT  =       940.6144  VIRIAL  =       798.8565  VOLUME     =     32312.5805
                                                    Density    =         0.9823
 Ewald error estimate:   0.2795E-03
 ------------------------------------------------------------------------------


      A V E R A G E S   O V E R   10000 S T E P S


 NSTEP =    10000   TIME(PS) =      20.000  TEMP(K) =   292.60  PRESS =  -181.8
 Etot   =     -8273.1371  EKtot   =      1852.5095  EPtot      =    -10125.6466
 BOND   =         2.9370  ANGLE   =         8.2419  DIHED      =        11.0049
 1-4 NB =         3.1481  1-4 EEL =        45.7037  VDWAALS    =      1520.7026
 EELEC  =    -11720.3419  EHBOND  =         0.0000  RESTRAINT  =         2.9571
 EAMBER (non-restraint)  =    -10128.6037
 EKCMT  =       924.3493  VIRIAL  =      1062.1966  VOLUME     =     32883.7968
                                                    Density    =         0.9666
 Ewald error estimate:   0.1807E-03
 ------------------------------------------------------------------------------


      R M S  F L U C T U A T I O N S


 NSTEP =    10000   TIME(PS) =      20.000  TEMP(K) =    26.37  PRESS =   444.5
 Etot   =       343.0258  EKtot   =       166.9705  EPtot      =       182.5054
 BOND   =         1.3050  ANGLE   =         2.2202  DIHED      =         1.2180
 1-4 NB =         0.7094  1-4 EEL =         1.9907  VDWAALS    =        93.2812
 EELEC  =       265.6224  EHBOND  =         0.0000  RESTRAINT  =         1.1847
 EAMBER (non-restraint)  =       181.3207
 EKCMT  =        81.6214  VIRIAL  =       299.3897  VOLUME     =      1248.8406
                                                    Density    =         0.0339
 Ewald error estimate:   0.1401E-03
 ------------------------------------------------------------------------------


--------------------------------------------------------------------------------
   5.  TIMINGS
--------------------------------------------------------------------------------

|>>>>>>>>PROFILE of Average TIMES>>>>>>>>> 
|                Build the list            21.77 (96.98% of List )
|                Other                      0.68 ( 3.02% of List )
|             List time                 22.44 (11.17% of Nonbo)
|                   Short_ene time           122.29 (96.20% of Direc)
|                   Other                      4.83 ( 3.80% of Direc)
|                Direct Ewald time        127.11 (71.23% of Ewald)
|                Adjust Ewald time          0.75 ( 0.42% of Ewald)
|                   Fill Bspline coeffs        2.91 ( 7.31% of Recip)
|                   Fill charge grid           3.02 ( 7.58% of Recip)
|                   Scalar sum                10.50 (26.38% of Recip)
|                   Grad sum                   5.33 (13.39% of Recip)
|                      FFT back comm time         4.96 (29.52% of FFT t)
|                      Other                     11.83 (70.48% of FFT t)
|                   FFT time                  16.79 (42.19% of Recip)
|                   Other                      1.25 ( 3.15% of Recip)
|                Recip Ewald time          39.80 (22.30% of Ewald)
|                Force Adjust               9.70 ( 5.43% of Ewald)
|                Virial junk                0.98 ( 0.55% of Ewald)
|                Other                      0.09 ( 0.05% of Ewald)
|             Ewald time               178.44 (88.82% of Nonbo)
|             Other                      0.02 ( 0.01% of Nonbo)
|          Nonbond force            200.91 (98.06% of Force)
|          Bond/Angle/Dihedral        0.31 ( 0.15% of Force)
|          FRC Collect time           3.05 ( 1.49% of Force)
|          Other                      0.61 ( 0.30% of Force)
|       Force time               204.88 (91.69% of Runmd)
|       Shake time                 0.89 ( 0.40% of Runmd)
|       Verlet update time         8.65 ( 3.87% of Runmd)
|       Ekcmr time                 3.59 ( 1.61% of Runmd)
|       CRD distribute time        2.28 ( 1.02% of Runmd)
|       Other                      3.17 ( 1.42% of Runmd)
|    Runmd Time               223.45 (100.0% of Total)
|    Other                      0.13 ( 0.06% of Total)
| Total time               223.58 (100.0% of ALL  )

| Number of list builds   :        910

| Highest rstack allocated:      42232
| Highest istack allocated:        942

| Final Performance Info:
| -----------------------------------------------------
| Average timings for all steps:
|     Elapsed(s) =     223.94 Per Step(ms) =      22.39
|         ns/day =       7.72   seconds/ns =   11196.88
| -----------------------------------------------------

|           Job began  at 14:12:39.768  on 03/14/2017
|           Setup done at 14:12:39.902  on 03/14/2017
|           Run   done at 14:16:23.577  on 03/14/2017
|     wallclock() was called  571887 times
