
          -------------------------------------------------------
          Amber 16 SANDER                              2016
          -------------------------------------------------------

| Run on 03/14/2017 at 13:45:40

|   Executable path: sander.MPI
| Working directory: /home/steboss/projects/mdgx-tests/alanine/IPOLQ/input/PhiPsi_1/105/240
|          Hostname: node007

  [-O]verwriting output

File Assignments:
|  MDIN: min.in                                                                
| MDOUT: Conf240.min.out                                                       
|INPCRD: Conf240.crd                                                           
|  PARM: Conf240.top                                                           
|RESTRT: Conf240.min                                                           
|  REFC: Conf240.crd                                                           
| MDVEL: mdvel                                                                 
| MDFRC: mdfrc                                                                 
|  MDEN: mden                                                                  
| MDCRD: mdcrd                                                                 
|MDINFO: mdinfo                                                                
|  MTMD: mtmd                                                                  
|INPDIP: inpdip                                                                
|RSTDIP: rstdip                                                                
|INPTRA: inptraj                                                               

|    REMLOG: rem.log
|   REMTYPE: rem.type
|  REMSTRIP: 
|   SAVEENE: saveene
|CLUSTERINF: cluster.info
| RESERVOIR: reserv/frame
|   REMDDIM: 


 Here is the input file:

Initial minimization                                                           
 &cntrl                                                                        
  ntx    = 1,       irest  = 0,       ntrx   = 1,      ntxo   = 1,             
  ntpr   = 20,      ntwx   = 0,       ntwv   = 0,      ntwe   = 0,             
                                                                               
  ntf    = 1,       ntb    = 1,                                                
  ntc    = 1,       ntr    = 1,                                                
  restraintmask = ':1',                                                        
  restraint_wt = 100.0,                                                        
  cut    = 9.0,                                                                
                                                                               
  imin   = 1,                                                                  
  maxcyc = 1000,                                                               
  ncyc   = 100,                                                                
                                                                               
 &end                                                                          

--------------------------------------------------------------------------------
   1.  RESOURCE   USE: 
--------------------------------------------------------------------------------

| Flags: MPI                                                                    
 getting new box info from bottom of inpcrd
|  INFO: Old style inpcrd file read

| peek_ewald_inpcrd: Box info found
|Largest sphere to fit in unit cell has radius =    14.588
| New format PARM file being parsed.
| Version =    1.000 Date = 03/14/17 Time = 13:37:45
 NATOM  =    2902 NTYPES =       9 NBONH =    2892 MBONA  =       9
 NTHETH =      25 MTHETA =      11 NPHIH =      43 MPHIA  =      24
 NHPARM =       0 NPARM  =       0 NNB   =    3939 NRES   =     963
 NBONA  =       9 NTHETA =      11 NPHIA =      24 NUMBND =      10
 NUMANG =      16 NPTRA  =      19 NATYP =       9 NPHB   =       1
 IFBOX  =       2 NMXRS  =      10 IFCAP =       0 NEXTRA =       0
 NCOPY  =       0


|     Memory Use     Allocated
|     Real              333654
|     Hollerith           9671
|     Integer            89160
|     Max Pairs         321880
|     nblistReal         34824
|     nblist Int         88121
|       Total             4866 kbytes

| Note: 1-4 EEL scale factors are being read from the topology file.

| Note: 1-4 VDW scale factors are being read from the topology file.
| Duplicated    0 dihedrals
| Duplicated    0 dihedrals

     BOX TYPE: TRUNCATED OCTAHEDRON

--------------------------------------------------------------------------------
   2.  CONTROL  DATA  FOR  THE  RUN
--------------------------------------------------------------------------------

default_name                                                                    

General flags:
     imin    =       1, nmropt  =       0

Nature and format of input:
     ntx     =       1, irest   =       0, ntrx    =       1

Nature and format of output:
     ntxo    =       1, ntpr    =      20, ntrx    =       1, ntwr    =       1
     iwrap   =       0, ntwx    =       0, ntwv    =       0, ntwe    =       0
     ioutfm  =       1, ntwprt  =       0, idecomp =       0, rbornstat=      0

Potential function:
     ntf     =       1, ntb     =       1, igb     =       0, nsnb    =      25
     ipol    =       0, gbsa    =       0, iesp    =       0
     dielc   =   1.00000, cut     =   9.00000, intdiel =   1.00000

Frozen or restrained atoms:
     ibelly  =       0, ntr     =       1
     restraint_wt = 100.00000

Energy minimization:
     maxcyc  =    1000, ncyc    =     100, ntmin   =       1
     dx0     =   0.01000, drms    =   0.00010

Ewald parameters:
     verbose =       0, ew_type =       0, nbflag  =       1, use_pme =       1
     vdwmeth =       1, eedmeth =       1, netfrc  =       0
     Box X =   35.732   Box Y =   35.732   Box Z =   35.732
     Alpha =  109.471   Beta  =  109.471   Gamma =  109.471
     NFFT1 =   36       NFFT2 =   36       NFFT3 =   36
     Cutoff=    9.000   Tol   =0.100E-04
     Ewald Coefficient =  0.30768
     Interpolation order =    4

| MPI Timing options:
|      profile_mpi =        0

    LOADING THE CONSTRAINED ATOMS AS GROUPS


   5.  REFERENCE ATOM COORDINATES

  defa
     Mask :1; matches     6 atoms

--------------------------------------------------------------------------------
   3.  ATOMIC COORDINATES AND VELOCITIES
--------------------------------------------------------------------------------

default_name                                                                    
 begin time read from input coords =     0.000 ps

 Number of triangulated 3-point waters found:      960
|  Atom division among processors:
|         0     364     724    1087    1450    1810    2173    2536
|      2902

     Sum of charges from parm topology file =  -0.00000000
     Forcing neutrality...
|  Running AMBER/MPI version on    8 nodes


--------------------------------------------------------------------------------
   4.  RESULTS
--------------------------------------------------------------------------------

 ---------------------------------------------------
 APPROXIMATING switch and d/dx switch using CUBIC SPLINE INTERPOLATION
 using   5000.0 points per unit in tabled values
 TESTING RELATIVE ERROR over r ranging from 0.0 to cutoff
| CHECK switch(x): max rel err =   0.2738E-14   at   2.422500
| CHECK d/dx switch(x): max rel err =   0.8314E-11   at   2.736960
 ---------------------------------------------------
| Local SIZE OF NONBOND LIST =      91156
| TOTAL SIZE OF NONBOND LIST =     668031


   NSTEP       ENERGY          RMS            GMAX         NAME    NUMBER
      1      -8.1137E+03     1.2208E+01     6.1559E+01     O         302

 BOND    =        0.8728  ANGLE   =        3.5121  DIHED      =       15.1826
 VDWAALS =      906.8150  EEL     =    -9086.8805  HBOND      =        0.0000
 1-4 VDW =        2.7250  1-4 EEL =       44.0503  RESTRAINT  =        0.0000


   NSTEP       ENERGY          RMS            GMAX         NAME    NUMBER
     20      -8.9630E+03     2.7000E+00     1.9438E+01     O         386

 BOND    =      473.1609  ANGLE   =        3.6001  DIHED      =       15.0624
 VDWAALS =      857.2112  EEL     =   -10358.7619  HBOND      =        0.0000
 1-4 VDW =        2.6595  1-4 EEL =       44.0576  RESTRAINT  =        0.0505
 EAMBER  =    -8963.0103


   NSTEP       ENERGY          RMS            GMAX         NAME    NUMBER
     40      -9.5967E+03     1.6078E+00     8.3702E+00     H1       2415

 BOND    =      519.7585  ANGLE   =        3.5915  DIHED      =       14.7893
 VDWAALS =      896.4190  EEL     =   -11077.9565  HBOND      =        0.0000
 1-4 VDW =        2.6163  1-4 EEL =       43.9856  RESTRAINT  =        0.1256
 EAMBER  =    -9596.7964


   NSTEP       ENERGY          RMS            GMAX         NAME    NUMBER
     60      -9.8401E+03     3.3703E+00     1.0402E+01     H2        994

 BOND    =      495.1468  ANGLE   =        3.5725  DIHED      =       14.6164
 VDWAALS =      931.4484  EEL     =   -11331.6765  HBOND      =        0.0000
 1-4 VDW =        2.5922  1-4 EEL =       43.9978  RESTRAINT  =        0.1536
 EAMBER  =    -9840.3025


   NSTEP       ENERGY          RMS            GMAX         NAME    NUMBER
     80      -9.9939E+03     3.9496E+00     1.3026E+01     H2        994

 BOND    =      501.8946  ANGLE   =        3.5505  DIHED      =       14.4870
 VDWAALS =      965.1874  EEL     =   -11525.8400  HBOND      =        0.0000
 1-4 VDW =        2.5790  1-4 EEL =       44.0525  RESTRAINT  =        0.1755
 EAMBER  =    -9994.0891


   NSTEP       ENERGY          RMS            GMAX         NAME    NUMBER
    100      -1.0131E+04     9.4168E-01     4.4296E+00     H2       2173

 BOND    =      595.8787  ANGLE   =        3.5417  DIHED      =       14.3831
 VDWAALS =      998.4190  EEL     =   -11790.2359  HBOND      =        0.0000
 1-4 VDW =        2.5709  1-4 EEL =       44.1339  RESTRAINT  =        0.1934
 EAMBER  =   -10131.3087


   NSTEP       ENERGY          RMS            GMAX         NAME    NUMBER
    120      -1.0657E+04     1.8900E+00     2.9089E+01     O        2171

 BOND    =      703.7287  ANGLE   =        3.1906  DIHED      =       13.8304
 VDWAALS =     1387.5007  EEL     =   -12813.7975  HBOND      =        0.0000
 1-4 VDW =        2.7205  1-4 EEL =       45.3111  RESTRAINT  =        0.3239
 EAMBER  =   -10657.5155


   NSTEP       ENERGY          RMS            GMAX         NAME    NUMBER
    140      -1.0766E+04     1.4061E+00     2.9338E+01     H1       2172

 BOND    =      722.2933  ANGLE   =        2.9523  DIHED      =       13.6702
 VDWAALS =     1428.8743  EEL     =   -12982.3008  HBOND      =        0.0000
 1-4 VDW =        2.7858  1-4 EEL =       45.5391  RESTRAINT  =        0.3798
 EAMBER  =   -10766.1858


   NSTEP       ENERGY          RMS            GMAX         NAME    NUMBER
    160      -1.0890E+04     1.5714E+00     3.0530E+01     O        2306

 BOND    =      690.2538  ANGLE   =        2.8175  DIHED      =       13.3924
 VDWAALS =     1452.6149  EEL     =   -13098.7361  HBOND      =        0.0000
 1-4 VDW =        2.9156  1-4 EEL =       45.9764  RESTRAINT  =        0.3586
 EAMBER  =   -10890.7655


   NSTEP       ENERGY          RMS            GMAX         NAME    NUMBER
    180      -1.0989E+04     1.1852E+00     2.9801E+01     O          16

 BOND    =      731.0934  ANGLE   =        5.0150  DIHED      =       13.3335
 VDWAALS =     1545.3248  EEL     =   -13333.5585  HBOND      =        0.0000
 1-4 VDW =        3.1441  1-4 EEL =       46.1888  RESTRAINT  =        0.4399
 EAMBER  =   -10989.4588


   NSTEP       ENERGY          RMS            GMAX         NAME    NUMBER
    200      -1.1082E+04     1.4825E+00     3.9920E+01     N           7

 BOND    =      762.9882  ANGLE   =        4.1855  DIHED      =       12.9270
 VDWAALS =     1649.9578  EEL     =   -13561.2455  HBOND      =        0.0000
 1-4 VDW =        2.8025  1-4 EEL =       45.5469  RESTRAINT  =        0.9921
 EAMBER  =   -11082.8377


   NSTEP       ENERGY          RMS            GMAX         NAME    NUMBER
    220      -1.1143E+04     8.5635E-01     1.4577E+01     CA          9

 BOND    =      767.8225  ANGLE   =        2.6707  DIHED      =       13.0332
 VDWAALS =     1650.4485  EEL     =   -13626.1095  HBOND      =        0.0000
 1-4 VDW =        2.7594  1-4 EEL =       46.0480  RESTRAINT  =        0.2345
 EAMBER  =   -11143.3271


   NSTEP       ENERGY          RMS            GMAX         NAME    NUMBER
    240      -1.1190E+04     1.5456E+00     4.5216E+01     C           5

 BOND    =      773.0728  ANGLE   =        3.8223  DIHED      =       12.8129
 VDWAALS =     1704.6512  EEL     =   -13735.3704  HBOND      =        0.0000
 1-4 VDW =        3.1710  1-4 EEL =       46.8983  RESTRAINT  =        0.5149
 EAMBER  =   -11190.9419


   NSTEP       ENERGY          RMS            GMAX         NAME    NUMBER
    260      -1.1243E+04     8.7648E-01     1.9672E+01     CA          9

 BOND    =      773.9314  ANGLE   =        3.3421  DIHED      =       12.6351
 VDWAALS =     1753.3027  EEL     =   -13836.3750  HBOND      =        0.0000
 1-4 VDW =        3.1652  1-4 EEL =       46.5107  RESTRAINT  =        0.3391
 EAMBER  =   -11243.4878


   NSTEP       ENERGY          RMS            GMAX         NAME    NUMBER
    280      -1.1283E+04     6.1017E-01     1.1379E+01     N           7

 BOND    =      801.4383  ANGLE   =        3.2530  DIHED      =       12.8826
 VDWAALS =     1794.7321  EEL     =   -13944.8605  HBOND      =        0.0000
 1-4 VDW =        2.7929  1-4 EEL =       45.3678  RESTRAINT  =        0.9517
 EAMBER  =   -11284.3937


   NSTEP       ENERGY          RMS            GMAX         NAME    NUMBER
    300      -1.1327E+04     1.1954E+00     2.3729E+01     C          15

 BOND    =      826.4276  ANGLE   =        4.0245  DIHED      =       13.1208
 VDWAALS =     1855.7016  EEL     =   -14075.4826  HBOND      =        0.0000
 1-4 VDW =        2.8206  1-4 EEL =       45.7383  RESTRAINT  =        0.4332
 EAMBER  =   -11327.6491


   NSTEP       ENERGY          RMS            GMAX         NAME    NUMBER
    320      -1.1358E+04     5.6742E-01     2.3815E+01     C          15

 BOND    =      809.5379  ANGLE   =        3.0311  DIHED      =       12.8218
 VDWAALS =     1859.2107  EEL     =   -14091.6472  HBOND      =        0.0000
 1-4 VDW =        2.8461  1-4 EEL =       46.1182  RESTRAINT  =        0.1567
 EAMBER  =   -11358.0814


   NSTEP       ENERGY          RMS            GMAX         NAME    NUMBER
    340      -1.1381E+04     6.4397E-01     2.2851E+01     C          15

 BOND    =      825.6534  ANGLE   =        2.7549  DIHED      =       12.4907
 VDWAALS =     1884.9434  EEL     =   -14156.3342  HBOND      =        0.0000
 1-4 VDW =        2.9431  1-4 EEL =       46.2497  RESTRAINT  =        0.1360
 EAMBER  =   -11381.2991


   NSTEP       ENERGY          RMS            GMAX         NAME    NUMBER
    360      -1.1433E+04     1.0085E+00     3.3263E+01     C          15

 BOND    =      813.4585  ANGLE   =        3.3992  DIHED      =       12.3930
 VDWAALS =     1958.1772  EEL     =   -14269.8773  HBOND      =        0.0000
 1-4 VDW =        2.9512  1-4 EEL =       46.3020  RESTRAINT  =        0.0811
 EAMBER  =   -11433.1963


   NSTEP       ENERGY          RMS            GMAX         NAME    NUMBER
    380      -1.1456E+04     4.7194E-01     1.2148E+01     C          15

 BOND    =      842.5030  ANGLE   =        3.2887  DIHED      =       12.4784
 VDWAALS =     1966.7696  EEL     =   -14329.4070  HBOND      =        0.0000
 1-4 VDW =        2.8076  1-4 EEL =       45.2050  RESTRAINT  =        0.6458
 EAMBER  =   -11456.3546


   NSTEP       ENERGY          RMS            GMAX         NAME    NUMBER
    400      -1.1506E+04     1.5259E+00     3.4221E+01     CH3        19

 BOND    =      882.2935  ANGLE   =        3.8631  DIHED      =       13.1821
 VDWAALS =     2061.4983  EEL     =   -14515.2131  HBOND      =        0.0000
 1-4 VDW =        2.7706  1-4 EEL =       45.1172  RESTRAINT  =        0.8773
 EAMBER  =   -11506.4883


   NSTEP       ENERGY          RMS            GMAX         NAME    NUMBER
    420      -1.1542E+04     4.3335E-01     1.0315E+01     N          17

 BOND    =      850.4988  ANGLE   =        2.4810  DIHED      =       12.6484
 VDWAALS =     2054.0478  EEL     =   -14510.6898  HBOND      =        0.0000
 1-4 VDW =        2.8733  1-4 EEL =       45.9031  RESTRAINT  =        0.1924
 EAMBER  =   -11542.2374


   NSTEP       ENERGY          RMS            GMAX         NAME    NUMBER
    440      -1.1554E+04     9.8838E-01     2.9668E+01     C          15

 BOND    =      864.9058  ANGLE   =        3.1651  DIHED      =       12.6151
 VDWAALS =     2066.2105  EEL     =   -14550.4035  HBOND      =        0.0000
 1-4 VDW =        3.0368  1-4 EEL =       46.6390  RESTRAINT  =        0.2978
 EAMBER  =   -11553.8311


   NSTEP       ENERGY          RMS            GMAX         NAME    NUMBER
    460      -1.1593E+04     8.9556E-01     3.6047E+01     C          15

 BOND    =      863.5286  ANGLE   =        2.4867  DIHED      =       12.8753
 VDWAALS =     2109.3987  EEL     =   -14630.3779  HBOND      =        0.0000
 1-4 VDW =        2.9570  1-4 EEL =       46.0490  RESTRAINT  =        0.1224
 EAMBER  =   -11593.0826


   NSTEP       ENERGY          RMS            GMAX         NAME    NUMBER
    480      -1.1608E+04     3.8057E-01     9.2902E+00     C           5

 BOND    =      868.9931  ANGLE   =        2.7533  DIHED      =       12.4720
 VDWAALS =     2110.9658  EEL     =   -14652.0030  HBOND      =        0.0000
 1-4 VDW =        2.7749  1-4 EEL =       45.5530  RESTRAINT  =        0.2572
 EAMBER  =   -11608.4909


   NSTEP       ENERGY          RMS            GMAX         NAME    NUMBER
    500      -1.1629E+04     8.9922E-01     2.3132E+01     O           6

 BOND    =      879.9858  ANGLE   =        3.6923  DIHED      =       12.6044
 VDWAALS =     2140.6015  EEL     =   -14714.2508  HBOND      =        0.0000
 1-4 VDW =        2.7333  1-4 EEL =       45.0907  RESTRAINT  =        0.7570
 EAMBER  =   -11629.5429


   NSTEP       ENERGY          RMS            GMAX         NAME    NUMBER
    520      -1.1644E+04     3.8866E-01     1.1668E+01     C          15

 BOND    =      870.9691  ANGLE   =        2.7785  DIHED      =       12.2694
 VDWAALS =     2140.0981  EEL     =   -14718.6431  HBOND      =        0.0000
 1-4 VDW =        2.8242  1-4 EEL =       45.7158  RESTRAINT  =        0.1413
 EAMBER  =   -11643.9880


   NSTEP       ENERGY          RMS            GMAX         NAME    NUMBER
    540      -1.1652E+04     4.9391E-01     1.5207E+01     N           7

 BOND    =      877.4900  ANGLE   =        2.5296  DIHED      =       12.7110
 VDWAALS =     2146.7584  EEL     =   -14741.5497  HBOND      =        0.0000
 1-4 VDW =        3.0051  1-4 EEL =       46.8116  RESTRAINT  =        0.2552
 EAMBER  =   -11652.2441


   NSTEP       ENERGY          RMS            GMAX         NAME    NUMBER
    560      -1.1673E+04     6.7194E-01     2.5253E+01     C          15

 BOND    =      879.4549  ANGLE   =        2.3231  DIHED      =       12.8715
 VDWAALS =     2168.4740  EEL     =   -14785.9329  HBOND      =        0.0000
 1-4 VDW =        2.9889  1-4 EEL =       46.2837  RESTRAINT  =        0.1746
 EAMBER  =   -11673.5368


   NSTEP       ENERGY          RMS            GMAX         NAME    NUMBER
    580      -1.1683E+04     4.1066E-01     8.0244E+00     N          17

 BOND    =      876.9967  ANGLE   =        2.7867  DIHED      =       12.4542
 VDWAALS =     2170.7747  EEL     =   -14794.2247  HBOND      =        0.0000
 1-4 VDW =        2.7860  1-4 EEL =       45.6211  RESTRAINT  =        0.2497
 EAMBER  =   -11682.8053


   NSTEP       ENERGY          RMS            GMAX         NAME    NUMBER
    600      -1.1706E+04     6.3307E-01     1.5467E+01     CH3         2

 BOND    =      885.4414  ANGLE   =        2.8891  DIHED      =       12.3921
 VDWAALS =     2205.6517  EEL     =   -14861.0101  HBOND      =        0.0000
 1-4 VDW =        2.7515  1-4 EEL =       45.9294  RESTRAINT  =        0.2012
 EAMBER  =   -11705.9549


   NSTEP       ENERGY          RMS            GMAX         NAME    NUMBER
    620      -1.1719E+04     3.1621E-01     7.8882E+00     C          15

 BOND    =      888.4089  ANGLE   =        2.6544  DIHED      =       12.3354
 VDWAALS =     2200.6492  EEL     =   -14871.5576  HBOND      =        0.0000
 1-4 VDW =        2.8118  1-4 EEL =       45.7550  RESTRAINT  =        0.1619
 EAMBER  =   -11718.9431


   NSTEP       ENERGY          RMS            GMAX         NAME    NUMBER
    640      -1.1725E+04     2.6121E-01     7.5732E+00     CH3        19

 BOND    =      887.9436  ANGLE   =        2.4514  DIHED      =       12.4626
 VDWAALS =     2203.7461  EEL     =   -14880.7030  HBOND      =        0.0000
 1-4 VDW =        2.9086  1-4 EEL =       46.2874  RESTRAINT  =        0.1336
 EAMBER  =   -11724.9034


   NSTEP       ENERGY          RMS            GMAX         NAME    NUMBER
    660      -1.1736E+04     5.3510E-01     1.5393E+01     N           7

 BOND    =      893.4541  ANGLE   =        2.4260  DIHED      =       12.5688
 VDWAALS =     2209.1512  EEL     =   -14902.7396  HBOND      =        0.0000
 1-4 VDW =        2.9346  1-4 EEL =       46.3320  RESTRAINT  =        0.1589
 EAMBER  =   -11735.8730


   NSTEP       ENERGY          RMS            GMAX         NAME    NUMBER
    680      -1.1742E+04     2.9974E-01     7.2026E+00     C          15

 BOND    =      890.3712  ANGLE   =        2.5596  DIHED      =       12.5108
 VDWAALS =     2210.6828  EEL     =   -14907.4817  HBOND      =        0.0000
 1-4 VDW =        2.8069  1-4 EEL =       45.9435  RESTRAINT  =        0.1664
 EAMBER  =   -11742.6069


   NSTEP       ENERGY          RMS            GMAX         NAME    NUMBER
    700      -1.1753E+04     6.3848E-01     2.0967E+01     C          15

 BOND    =      891.6770  ANGLE   =        3.3753  DIHED      =       12.4253
 VDWAALS =     2218.9933  EEL     =   -14928.3476  HBOND      =        0.0000
 1-4 VDW =        2.7518  1-4 EEL =       45.7682  RESTRAINT  =        0.2965
 EAMBER  =   -11753.3568


   NSTEP       ENERGY          RMS            GMAX         NAME    NUMBER
    720      -1.1762E+04     2.5539E-01     7.8198E+00     C           5

 BOND    =      893.3922  ANGLE   =        2.6857  DIHED      =       12.3603
 VDWAALS =     2219.3206  EEL     =   -14938.5247  HBOND      =        0.0000
 1-4 VDW =        2.8449  1-4 EEL =       45.9278  RESTRAINT  =        0.1143
 EAMBER  =   -11761.9931


   NSTEP       ENERGY          RMS            GMAX         NAME    NUMBER
    740      -1.1768E+04     3.4638E-01     7.7397E+00     CH3        19

 BOND    =      892.4104  ANGLE   =        2.4389  DIHED      =       12.6153
 VDWAALS =     2223.2216  EEL     =   -14948.3446  HBOND      =        0.0000
 1-4 VDW =        2.9153  1-4 EEL =       46.2801  RESTRAINT  =        0.1899
 EAMBER  =   -11768.4631


   NSTEP       ENERGY          RMS            GMAX         NAME    NUMBER
    760      -1.1779E+04     5.4539E-01     1.5227E+01     C           5

 BOND    =      900.9035  ANGLE   =        2.3688  DIHED      =       12.4615
 VDWAALS =     2230.3713  EEL     =   -14974.1849  HBOND      =        0.0000
 1-4 VDW =        2.9244  1-4 EEL =       46.2858  RESTRAINT  =        0.1115
 EAMBER  =   -11778.8696


   NSTEP       ENERGY          RMS            GMAX         NAME    NUMBER
    780      -1.1786E+04     3.0186E-01     6.5168E+00     H1       2055

 BOND    =      895.3559  ANGLE   =        2.7177  DIHED      =       12.4211
 VDWAALS =     2234.0742  EEL     =   -14979.6369  HBOND      =        0.0000
 1-4 VDW =        2.7663  1-4 EEL =       46.1558  RESTRAINT  =        0.1898
 EAMBER  =   -11786.1461


   NSTEP       ENERGY          RMS            GMAX         NAME    NUMBER
    800      -1.1794E+04     4.9020E-01     1.1467E+01     CH3        19

 BOND    =      895.2462  ANGLE   =        2.9583  DIHED      =       12.4257
 VDWAALS =     2244.7162  EEL     =   -14999.0293  HBOND      =        0.0000
 1-4 VDW =        2.8552  1-4 EEL =       46.1808  RESTRAINT  =        0.2118
 EAMBER  =   -11794.6468


   NSTEP       ENERGY          RMS            GMAX         NAME    NUMBER
    820      -1.1801E+04     1.8788E-01     4.8911E+00     C          15

 BOND    =      901.0215  ANGLE   =        2.5647  DIHED      =       12.4919
 VDWAALS =     2245.2996  EEL     =   -15011.4864  HBOND      =        0.0000
 1-4 VDW =        2.8852  1-4 EEL =       46.1235  RESTRAINT  =        0.1244
 EAMBER  =   -11801.1000


   NSTEP       ENERGY          RMS            GMAX         NAME    NUMBER
    840      -1.1806E+04     3.3744E-01     1.1024E+01     CH3         2

 BOND    =      900.4104  ANGLE   =        2.6758  DIHED      =       12.5245
 VDWAALS =     2248.9238  EEL     =   -15019.2025  HBOND      =        0.0000
 1-4 VDW =        2.9298  1-4 EEL =       45.9149  RESTRAINT  =        0.2963
 EAMBER  =   -11805.8233


   NSTEP       ENERGY          RMS            GMAX         NAME    NUMBER
    860      -1.1811E+04     2.6566E-01     7.8068E+00     C          15

 BOND    =      903.4685  ANGLE   =        2.4562  DIHED      =       12.5383
 VDWAALS =     2252.9569  EEL     =   -15031.0421  HBOND      =        0.0000
 1-4 VDW =        2.8101  1-4 EEL =       46.0870  RESTRAINT  =        0.1598
 EAMBER  =   -11810.7251


   NSTEP       ENERGY          RMS            GMAX         NAME    NUMBER
    880      -1.1814E+04     4.9187E-01     1.5632E+01     N           7

 BOND    =      903.9845  ANGLE   =        2.6432  DIHED      =       12.5165
 VDWAALS =     2255.7255  EEL     =   -15038.4318  HBOND      =        0.0000
 1-4 VDW =        2.8458  1-4 EEL =       46.3162  RESTRAINT  =        0.1167
 EAMBER  =   -11814.4002


   NSTEP       ENERGY          RMS            GMAX         NAME    NUMBER
    900      -1.1819E+04     3.3137E-01     9.9506E+00     C          15

 BOND    =      903.1975  ANGLE   =        2.7037  DIHED      =       12.4583
 VDWAALS =     2258.8162  EEL     =   -15045.4223  HBOND      =        0.0000
 1-4 VDW =        2.9209  1-4 EEL =       46.4187  RESTRAINT  =        0.1728
 EAMBER  =   -11818.9070


   NSTEP       ENERGY          RMS            GMAX         NAME    NUMBER
    920      -1.1822E+04     2.3410E-01     5.9272E+00     N           7

 BOND    =      905.7954  ANGLE   =        2.5362  DIHED      =       12.5266
 VDWAALS =     2260.2229  EEL     =   -15052.5428  HBOND      =        0.0000
 1-4 VDW =        2.9229  1-4 EEL =       46.3025  RESTRAINT  =        0.1094
 EAMBER  =   -11822.2363


   NSTEP       ENERGY          RMS            GMAX         NAME    NUMBER
    940      -1.1826E+04     2.9789E-01     9.8409E+00     CH3         2

 BOND    =      905.1124  ANGLE   =        2.5860  DIHED      =       12.5509
 VDWAALS =     2261.9141  EEL     =   -15056.9373  HBOND      =        0.0000
 1-4 VDW =        2.8768  1-4 EEL =       45.9818  RESTRAINT  =        0.2383
 EAMBER  =   -11825.9153


   NSTEP       ENERGY          RMS            GMAX         NAME    NUMBER
    960      -1.1829E+04     2.8046E-01     6.6944E+00     C           5

 BOND    =      907.9410  ANGLE   =        2.4281  DIHED      =       12.5510
 VDWAALS =     2264.2932  EEL     =   -15065.7384  HBOND      =        0.0000
 1-4 VDW =        2.8463  1-4 EEL =       46.1190  RESTRAINT  =        0.1595
 EAMBER  =   -11829.5599


   NSTEP       ENERGY          RMS            GMAX         NAME    NUMBER
    980      -1.1833E+04     4.5691E-01     1.4283E+01     C           5

 BOND    =      908.6160  ANGLE   =        2.6052  DIHED      =       12.5416
 VDWAALS =     2266.2802  EEL     =   -15072.1184  HBOND      =        0.0000
 1-4 VDW =        2.9117  1-4 EEL =       46.4106  RESTRAINT  =        0.1136
 EAMBER  =   -11832.7532


   NSTEP       ENERGY          RMS            GMAX         NAME    NUMBER
   1000      -1.1836E+04     2.5722E-01     6.0222E+00     CH3        19

 BOND    =      906.1526  ANGLE   =        2.5642  DIHED      =       12.4862
 VDWAALS =     2269.3264  EEL     =   -15076.5507  HBOND      =        0.0000
 1-4 VDW =        2.9331  1-4 EEL =       46.4858  RESTRAINT  =        0.1278
 EAMBER  =   -11836.6022


  Maximum number of minimization cycles reached.


                    FINAL RESULTS



   NSTEP       ENERGY          RMS            GMAX         NAME    NUMBER
   1000      -1.1836E+04     2.5722E-01     6.0222E+00     CH3        19

 BOND    =      906.1526  ANGLE   =        2.5642  DIHED      =       12.4862
 VDWAALS =     2269.3264  EEL     =   -15076.5507  HBOND      =        0.0000
 1-4 VDW =        2.9331  1-4 EEL =       46.4858  RESTRAINT  =        0.1278
 EAMBER  =   -11836.6022

--------------------------------------------------------------------------------
   5.  TIMINGS
--------------------------------------------------------------------------------

|                Build the list             0.08 (56.55% of List )
|                Other                      0.06 (43.45% of List )
|             List time                  0.14 ( 1.31% of Nonbo)
|                   Short_ene time             7.31 (96.80% of Direc)
|                   Other                      0.24 ( 3.20% of Direc)
|                Direct Ewald time          7.55 (73.47% of Ewald)
|                Adjust Ewald time          0.04 ( 0.36% of Ewald)
|                Self Ewald time            0.00 ( 0.01% of Ewald)
|                   Fill Bspline coeffs        0.16 ( 6.95% of Recip)
|                   Fill charge grid           0.14 ( 6.10% of Recip)
|                   Scalar sum                 0.61 (25.75% of Recip)
|                   Grad sum                   0.31 (13.28% of Recip)
|                      FFT back comm time         0.23 (21.07% of FFT t)
|                      Other                      0.87 (78.93% of FFT t)
|                   FFT time                   1.10 (46.72% of Recip)
|                   Other                      0.03 ( 1.20% of Recip)
|                Recip Ewald time           2.36 (22.98% of Ewald)
|                Force Adjust               0.27 ( 2.65% of Ewald)
|                Virial junk                0.05 ( 0.47% of Ewald)
|                Start synchronizatio       0.00 ( 0.01% of Ewald)
|                Other                      0.00 ( 0.05% of Ewald)
|             Ewald time                10.27 (98.68% of Nonbo)
|             Other                      0.00 ( 0.01% of Nonbo)
|          Nonbond force             10.41 (93.24% of Force)
|          Bond/Angle/Dihedral        0.03 ( 0.28% of Force)
|          FRC Collect time           0.18 ( 1.65% of Force)
|          Other                      0.54 ( 4.82% of Force)
|       Force time                11.17 (100.0% of Runmd)
|    Runmd Time                11.17 ( 4.60% of Total)
|    Other                    231.52 (95.40% of Total)
| Total time               242.70 (100.0% of ALL  )

| Highest rstack allocated:      39991
| Highest istack allocated:        859
|           Job began  at 13:45:40.193  on 03/14/2017
|           Setup done at 13:45:40.297  on 03/14/2017
|           Run   done at 13:49:42.890  on 03/14/2017
|     wallclock() was called   44068 times
