
          -------------------------------------------------------
          Amber 16 SANDER                              2016
          -------------------------------------------------------

| Run on 03/14/2017 at 14:36:06

|   Executable path: sander.MPI
| Working directory: /home/steboss/projects/mdgx-tests/alanine/IPOLQ/input/PhiPsi_1/225/30
|          Hostname: node005

  [-O]verwriting output

File Assignments:
|  MDIN: equil.in                                                              
| MDOUT: Conf30.eq.out                                                         
|INPCRD: Conf30.min                                                            
|  PARM: Conf30.top                                                            
|RESTRT: Conf30.rst                                                            
|  REFC: Conf30.crd                                                            
| MDVEL: mdvel                                                                 
| MDFRC: mdfrc                                                                 
|  MDEN: mden                                                                  
| MDCRD: mdcrd                                                                 
|MDINFO: mdinfo                                                                
|  MTMD: mtmd                                                                  
|INPDIP: inpdip                                                                
|RSTDIP: rstdip                                                                
|INPTRA: inptraj                                                               

|    REMLOG: rem.log
|   REMTYPE: rem.type
|  REMSTRIP: 
|   SAVEENE: saveene
|CLUSTERINF: cluster.info
| RESERVOIR: reserv/frame
|   REMDDIM: 


 Here is the input file:

Equilibrate water in NPT                                                       
 &cntrl                                                                        
                                                                               
  nmropt = 0,                                                                  
  ntx    = 1,       irest  = 0,       ntrx   = 1,      ntxo   = 1,             
  ntpr   = 1000,    ntwx   = 1000,    ntwv   = 0,      ntwe   = 1000,          
  iwrap  = 0,       ioutfm = 1,                                                
                                                                               
  ntf    = 2,       ntb    = 2,                                                
  cut = 9.0,                                                                   
                                                                               
  ibelly = 0,       ntr    = 1,                                                
  restraintmask = ':1',                                                        
  restraint_wt = 100.0,                                                        
                                                                               
  imin   = 0,                                                                  
  nstlim = 10000,                                                              
  nscm   = 1000,                                                               
  t      = 0.0,     dt     = 0.002,                                            
                                                                               
  temp0     = 298.0,   tempi  = 0.0,                                           
  ig        = -1,                                                              
  ntt       = 3,                                                               
  gamma_ln  = 3.0,                                                             
                                                                               
  ntp    = 1,       pres0  = 1.0,     comp   = 44.6,                           
  taup   = 1.0,                                                                
                                                                               
  ntc    = 2,       tol    = 0.000001, watnam = 'WAT ',                        
                                                                               
 &end                                                                          

--------------------------------------------------------------------------------
   1.  RESOURCE   USE: 
--------------------------------------------------------------------------------

| Flags: MPI                                                                    
 getting new box info from bottom of inpcrd
|  INFO: Old style inpcrd file read

| peek_ewald_inpcrd: Box info found
|Largest sphere to fit in unit cell has radius =    14.497
| New format PARM file being parsed.
| Version =    1.000 Date = 03/14/17 Time = 13:39:01
 NATOM  =    2854 NTYPES =       9 NBONH =    2844 MBONA  =       9
 NTHETH =      25 MTHETA =      11 NPHIH =      43 MPHIA  =      24
 NHPARM =       0 NPARM  =       0 NNB   =    3875 NRES   =     947
 NBONA  =       9 NTHETA =      11 NPHIA =      24 NUMBND =      10
 NUMANG =      16 NPTRA  =      19 NATYP =       9 NPHB   =       1
 IFBOX  =       2 NMXRS  =      10 IFCAP =       0 NEXTRA =       0
 NCOPY  =       0


|     Memory Use     Allocated
|     Real              295126
|     Hollerith           9511
|     Integer            88072
|     Max Pairs         316556
|     nblistReal         34248
|     nblist Int         87001
|       Total             4530 kbytes

| Note: 1-4 EEL scale factors are being read from the topology file.

| Note: 1-4 VDW scale factors are being read from the topology file.
| Duplicated    0 dihedrals
| Duplicated    0 dihedrals

     BOX TYPE: TRUNCATED OCTAHEDRON
Note: ig = -1. Setting random seed to   713234 based on wallclock time in microseconds
      and disabling the synchronization of random numbers between tasks
      to improve performance.

--------------------------------------------------------------------------------
   2.  CONTROL  DATA  FOR  THE  RUN
--------------------------------------------------------------------------------

default_name                                                                    

General flags:
     imin    =       0, nmropt  =       0

Nature and format of input:
     ntx     =       1, irest   =       0, ntrx    =       1

Nature and format of output:
     ntxo    =       1, ntpr    =    1000, ntrx    =       1, ntwr    =   10000
     iwrap   =       0, ntwx    =    1000, ntwv    =       0, ntwe    =    1000
     ioutfm  =       1, ntwprt  =       0, idecomp =       0, rbornstat=      0

Potential function:
     ntf     =       2, ntb     =       2, igb     =       0, nsnb    =      25
     ipol    =       0, gbsa    =       0, iesp    =       0
     dielc   =   1.00000, cut     =   9.00000, intdiel =   1.00000

Frozen or restrained atoms:
     ibelly  =       0, ntr     =       1
     restraint_wt = 100.00000

Molecular dynamics:
     nstlim  =     10000, nscm    =         0, nrespa  =         1
     t       =   0.00000, dt      =   0.00200, vlimit  =  20.00000

Langevin dynamics temperature regulation:
     ig      =  713234
     temp0   = 298.00000, tempi   =   0.00000, gamma_ln=   3.00000

Pressure regulation:
     ntp     =       1
     pres0   =   1.00000, comp    =  44.60000, taup    =   1.00000

SHAKE:
     ntc     =       2, jfastw  =       0
     tol     =   0.00000

Ewald parameters:
     verbose =       0, ew_type =       0, nbflag  =       1, use_pme =       1
     vdwmeth =       1, eedmeth =       1, netfrc  =       1
     Box X =   35.511   Box Y =   35.511   Box Z =   35.511
     Alpha =  109.471   Beta  =  109.471   Gamma =  109.471
     NFFT1 =   36       NFFT2 =   36       NFFT3 =   36
     Cutoff=    9.000   Tol   =0.100E-04
     Ewald Coefficient =  0.30768
     Interpolation order =    4

| MPI Timing options:
|      profile_mpi =        0

    LOADING THE CONSTRAINED ATOMS AS GROUPS


   5.  REFERENCE ATOM COORDINATES

  defa
     Mask :1; matches     6 atoms

--------------------------------------------------------------------------------
   3.  ATOMIC COORDINATES AND VELOCITIES
--------------------------------------------------------------------------------

defa                                                                            
 begin time read from input coords =     0.000 ps

 Number of triangulated 3-point waters found:      944
|  Atom division among processors:
|         0     358     715    1072    1429    1786    2143    2500
|      2854

     Sum of charges from parm topology file =  -0.00000000
     Forcing neutrality...
|  Running AMBER/MPI version on    8 nodes


--------------------------------------------------------------------------------
   4.  RESULTS
--------------------------------------------------------------------------------

|  # of SOLUTE  degrees of freedom (RNDFP):    5718.
|  # of SOLVENT degrees of freedom (RNDFS):       0.
|  NDFMIN =    5718.     NUM_NOSHAKE =      0     CORRECTED RNDFP =    5718.
|  TOTAL # of degrees of freedom (RNDF) =    5718.
 ---------------------------------------------------
 APPROXIMATING switch and d/dx switch using CUBIC SPLINE INTERPOLATION
 using   5000.0 points per unit in tabled values
 TESTING RELATIVE ERROR over r ranging from 0.0 to cutoff
| CHECK switch(x): max rel err =   0.2738E-14   at   2.422500
| CHECK d/dx switch(x): max rel err =   0.8314E-11   at   2.736960
 ---------------------------------------------------
| Local SIZE OF NONBOND LIST =      93731
| TOTAL SIZE OF NONBOND LIST =     659231

 NSTEP =        0   TIME(PS) =       0.000  TEMP(K) =     0.00  PRESS = -4982.1
 Etot   =    -12517.8682  EKtot   =         0.0000  EPtot      =    -12517.8682
 BOND   =         0.6878  ANGLE   =         1.7540  DIHED      =         8.9719
 1-4 NB =         3.0887  1-4 EEL =        44.1807  VDWAALS    =      2270.8422
 EELEC  =    -14847.5251  EHBOND  =         0.0000  RESTRAINT  =         0.1316
 EAMBER (non-restraint)  =    -12517.9998
 EKCMT  =         0.0000  VIRIAL  =      3708.2810  VOLUME     =     34472.9594
                                                    Density    =         0.8262
 Ewald error estimate:   0.3202E-03
 ------------------------------------------------------------------------------


 NSTEP =     1000   TIME(PS) =       2.000  TEMP(K) =   300.05  PRESS =  -555.3
 Etot   =     -7206.4700  EKtot   =      1704.6817  EPtot      =     -8911.1516
 BOND   =         3.9095  ANGLE   =         3.2952  DIHED      =        10.0466
 1-4 NB =         5.0832  1-4 EEL =        46.5119  VDWAALS    =      1355.8641
 EELEC  =    -10341.0579  EHBOND  =         0.0000  RESTRAINT  =         5.1959
 EAMBER (non-restraint)  =     -8916.3475
 EKCMT  =       850.3767  VIRIAL  =      1230.4791  VOLUME     =     31700.8548
                                                    Density    =         0.8984
 Ewald error estimate:   0.1783E-03
 ------------------------------------------------------------------------------


 NSTEP =     2000   TIME(PS) =       4.000  TEMP(K) =   305.77  PRESS =   197.4
 Etot   =     -7237.2893  EKtot   =      1737.2002  EPtot      =     -8974.4895
 BOND   =         2.7189  ANGLE   =         6.3209  DIHED      =        10.4856
 1-4 NB =         3.0639  1-4 EEL =        44.5214  VDWAALS    =      1426.4532
 EELEC  =    -10470.3037  EHBOND  =         0.0000  RESTRAINT  =         2.2503
 EAMBER (non-restraint)  =     -8976.7398
 EKCMT  =       843.8426  VIRIAL  =       714.3411  VOLUME     =     30378.9889
                                                    Density    =         0.9375
 Ewald error estimate:   0.5611E-04
 ------------------------------------------------------------------------------


 NSTEP =     3000   TIME(PS) =       6.000  TEMP(K) =   293.22  PRESS =  -262.2
 Etot   =     -7360.5657  EKtot   =      1665.9123  EPtot      =     -9026.4780
 BOND   =         3.4205  ANGLE   =         9.0966  DIHED      =        11.6596
 1-4 NB =         2.4575  1-4 EEL =        45.6162  VDWAALS    =      1331.8453
 EELEC  =    -10434.6893  EHBOND  =         0.0000  RESTRAINT  =         4.1156
 EAMBER (non-restraint)  =     -9030.5936
 EKCMT  =       827.5372  VIRIAL  =       995.2971  VOLUME     =     29629.2625
                                                    Density    =         0.9612
 Ewald error estimate:   0.2376E-03
 ------------------------------------------------------------------------------


 NSTEP =     4000   TIME(PS) =       8.000  TEMP(K) =   294.93  PRESS =     2.6
 Etot   =     -7339.3076  EKtot   =      1675.6210  EPtot      =     -9014.9286
 BOND   =         2.5328  ANGLE   =        12.3392  DIHED      =        11.8938
 1-4 NB =         3.0852  1-4 EEL =        44.4976  VDWAALS    =      1343.9913
 EELEC  =    -10437.2840  EHBOND  =         0.0000  RESTRAINT  =         4.0155
 EAMBER (non-restraint)  =     -9018.9441
 EKCMT  =       857.6804  VIRIAL  =       856.0056  VOLUME     =     29274.8874
                                                    Density    =         0.9729
 Ewald error estimate:   0.2707E-03
 ------------------------------------------------------------------------------


 NSTEP =     5000   TIME(PS) =      10.000  TEMP(K) =   290.35  PRESS =  -406.5
 Etot   =     -7401.8723  EKtot   =      1649.6105  EPtot      =     -9051.4828
 BOND   =         1.4048  ANGLE   =         8.3772  DIHED      =        11.3413
 1-4 NB =         4.0856  1-4 EEL =        46.4803  VDWAALS    =      1310.8562
 EELEC  =    -10437.6631  EHBOND  =         0.0000  RESTRAINT  =         3.6349
 EAMBER (non-restraint)  =     -9055.1176
 EKCMT  =       832.2391  VIRIAL  =      1087.7518  VOLUME     =     29109.9018
                                                    Density    =         0.9784
 Ewald error estimate:   0.1956E-03
 ------------------------------------------------------------------------------


 NSTEP =     6000   TIME(PS) =      12.000  TEMP(K) =   296.86  PRESS =  -305.9
 Etot   =     -7392.2570  EKtot   =      1686.5592  EPtot      =     -9078.8162
 BOND   =         3.0642  ANGLE   =        12.6410  DIHED      =        11.4101
 1-4 NB =         2.3746  1-4 EEL =        42.7207  VDWAALS    =      1310.4427
 EELEC  =    -10464.3221  EHBOND  =         0.0000  RESTRAINT  =         2.8526
 EAMBER (non-restraint)  =     -9081.6688
 EKCMT  =       815.1741  VIRIAL  =      1005.4843  VOLUME     =     28810.8294
                                                    Density    =         0.9885
 Ewald error estimate:   0.2672E-03
 ------------------------------------------------------------------------------


 NSTEP =     7000   TIME(PS) =      14.000  TEMP(K) =   291.82  PRESS =   -65.1
 Etot   =     -7447.6491  EKtot   =      1657.9325  EPtot      =     -9105.5816
 BOND   =         3.5907  ANGLE   =         7.0844  DIHED      =        11.0376
 1-4 NB =         2.3242  1-4 EEL =        45.5006  VDWAALS    =      1343.3658
 EELEC  =    -10520.7227  EHBOND  =         0.0000  RESTRAINT  =         2.2378
 EAMBER (non-restraint)  =     -9107.8194
 EKCMT  =       847.9804  VIRIAL  =       888.3176  VOLUME     =     28711.1193
                                                    Density    =         0.9920
 Ewald error estimate:   0.2935E-03
 ------------------------------------------------------------------------------


 NSTEP =     8000   TIME(PS) =      16.000  TEMP(K) =   300.34  PRESS =   399.4
 Etot   =     -7394.3168  EKtot   =      1706.3482  EPtot      =     -9100.6650
 BOND   =         3.9802  ANGLE   =         6.0071  DIHED      =        10.2110
 1-4 NB =         2.4067  1-4 EEL =        42.5430  VDWAALS    =      1379.5376
 EELEC  =    -10546.9520  EHBOND  =         0.0000  RESTRAINT  =         1.6012
 EAMBER (non-restraint)  =     -9102.2663
 EKCMT  =       839.4629  VIRIAL  =       592.2564  VOLUME     =     28668.1958
                                                    Density    =         0.9935
 Ewald error estimate:   0.7868E-04
 ------------------------------------------------------------------------------


 NSTEP =     9000   TIME(PS) =      18.000  TEMP(K) =   305.01  PRESS =    87.3
 Etot   =     -7312.9460  EKtot   =      1732.8764  EPtot      =     -9045.8224
 BOND   =         3.6826  ANGLE   =         9.7473  DIHED      =        10.1603
 1-4 NB =         4.2156  1-4 EEL =        47.2173  VDWAALS    =      1354.5347
 EELEC  =    -10477.5470  EHBOND  =         0.0000  RESTRAINT  =         2.1669
 EAMBER (non-restraint)  =     -9047.9892
 EKCMT  =       860.2542  VIRIAL  =       805.8219  VOLUME     =     28881.8924
                                                    Density    =         0.9861
 Ewald error estimate:   0.1776E-04
 ------------------------------------------------------------------------------


 NSTEP =    10000   TIME(PS) =      20.000  TEMP(K) =   292.10  PRESS =     2.3
 Etot   =     -7357.7809  EKtot   =      1659.5144  EPtot      =     -9017.2953
 BOND   =         2.8732  ANGLE   =        11.8376  DIHED      =        10.6297
 1-4 NB =         4.0337  1-4 EEL =        40.8368  VDWAALS    =      1328.0610
 EELEC  =    -10418.2299  EHBOND  =         0.0000  RESTRAINT  =         2.6627
 EAMBER (non-restraint)  =     -9019.9580
 EKCMT  =       800.9244  VIRIAL  =       799.4624  VOLUME     =     29004.5744
                                                    Density    =         0.9819
 Ewald error estimate:   0.3595E-03
 ------------------------------------------------------------------------------


      A V E R A G E S   O V E R   10000 S T E P S


 NSTEP =    10000   TIME(PS) =      20.000  TEMP(K) =   291.71  PRESS =  -192.6
 Etot   =     -7410.1379  EKtot   =      1657.2991  EPtot      =     -9067.4369
 BOND   =         3.0372  ANGLE   =         8.1152  DIHED      =        11.5330
 1-4 NB =         3.5051  1-4 EEL =        45.0953  VDWAALS    =      1363.4290
 EELEC  =    -10505.1300  EHBOND  =         0.0000  RESTRAINT  =         2.9783
 EAMBER (non-restraint)  =     -9070.4152
 EKCMT  =       822.5624  VIRIAL  =       954.2870  VOLUME     =     29640.1788
                                                    Density    =         0.9625
 Ewald error estimate:   0.1961E-03
 ------------------------------------------------------------------------------


      R M S  F L U C T U A T I O N S


 NSTEP =    10000   TIME(PS) =      20.000  TEMP(K) =    26.52  PRESS =   436.8
 Etot   =       318.5859  EKtot   =       150.6565  EPtot      =       175.6909
 BOND   =         1.4114  ANGLE   =         2.2382  DIHED      =         1.4158
 1-4 NB =         0.7549  1-4 EEL =         1.8600  VDWAALS    =        87.0405
 EELEC  =       251.2710  EHBOND  =         0.0000  RESTRAINT  =         1.3033
 EAMBER (non-restraint)  =       174.3876
 EKCMT  =        72.9959  VIRIAL  =       267.7104  VOLUME     =      1266.1987
                                                    Density    =         0.0383
 Ewald error estimate:   0.1474E-03
 ------------------------------------------------------------------------------


--------------------------------------------------------------------------------
   5.  TIMINGS
--------------------------------------------------------------------------------

|>>>>>>>>PROFILE of Average TIMES>>>>>>>>> 
|                Build the list             9.28 (97.23% of List )
|                Other                      0.26 ( 2.77% of List )
|             List time                  9.54 ( 9.64% of Nonbo)
|                   Short_ene time            59.56 (96.57% of Direc)
|                   Other                      2.11 ( 3.43% of Direc)
|                Direct Ewald time         61.67 (68.99% of Ewald)
|                Adjust Ewald time          0.31 ( 0.35% of Ewald)
|                   Fill Bspline coeffs        1.31 ( 6.50% of Recip)
|                   Fill charge grid           1.20 ( 5.95% of Recip)
|                   Scalar sum                 5.34 (26.43% of Recip)
|                   Grad sum                   2.67 (13.21% of Recip)
|                      FFT back comm time         1.59 (17.98% of FFT t)
|                      Other                      7.26 (82.02% of FFT t)
|                   FFT time                   8.86 (43.86% of Recip)
|                   Other                      0.82 ( 4.05% of Recip)
|                Recip Ewald time          20.19 (22.59% of Ewald)
|                Force Adjust               6.80 ( 7.61% of Ewald)
|                Virial junk                0.38 ( 0.42% of Ewald)
|                Other                      0.03 ( 0.04% of Ewald)
|             Ewald time                89.40 (90.35% of Nonbo)
|             Other                      0.01 ( 0.01% of Nonbo)
|          Nonbond force             98.95 (98.82% of Force)
|          Bond/Angle/Dihedral        0.11 ( 0.11% of Force)
|          FRC Collect time           0.86 ( 0.86% of Force)
|          Other                      0.21 ( 0.21% of Force)
|       Force time               100.13 (93.44% of Runmd)
|       Shake time                 0.39 ( 0.36% of Runmd)
|       Verlet update time         3.88 ( 3.62% of Runmd)
|       Ekcmr time                 1.51 ( 1.41% of Runmd)
|       CRD distribute time        0.48 ( 0.45% of Runmd)
|       Other                      0.78 ( 0.73% of Runmd)
|    Runmd Time               107.16 (100.0% of Total)
|    Other                      0.10 ( 0.09% of Total)
| Total time               107.26 (100.0% of ALL  )

| Number of list builds   :        900

| Highest rstack allocated:      39613
| Highest istack allocated:        845

| Final Performance Info:
| -----------------------------------------------------
| Average timings for all steps:
|     Elapsed(s) =     107.38 Per Step(ms) =      10.74
|         ns/day =      16.09   seconds/ns =    5369.06
| -----------------------------------------------------

|           Job began  at 14:36:06.664  on 03/14/2017
|           Setup done at 14:36:06.758  on 03/14/2017
|           Run   done at 14:37:54.080  on 03/14/2017
|     wallclock() was called  571867 times
