
          -------------------------------------------------------
          Amber 16 SANDER                              2016
          -------------------------------------------------------

| Run on 03/14/2017 at 14:53:41

|   Executable path: sander.MPI
| Working directory: /home/steboss/projects/mdgx-tests/alanine/IPOLQ/input/PhiPsi_1/285/90
|          Hostname: node011

  [-O]verwriting output

File Assignments:
|  MDIN: min.in                                                                
| MDOUT: Conf90.min.out                                                        
|INPCRD: Conf90.crd                                                            
|  PARM: Conf90.top                                                            
|RESTRT: Conf90.min                                                            
|  REFC: Conf90.crd                                                            
| MDVEL: mdvel                                                                 
| MDFRC: mdfrc                                                                 
|  MDEN: mden                                                                  
| MDCRD: mdcrd                                                                 
|MDINFO: mdinfo                                                                
|  MTMD: mtmd                                                                  
|INPDIP: inpdip                                                                
|RSTDIP: rstdip                                                                
|INPTRA: inptraj                                                               

|    REMLOG: rem.log
|   REMTYPE: rem.type
|  REMSTRIP: 
|   SAVEENE: saveene
|CLUSTERINF: cluster.info
| RESERVOIR: reserv/frame
|   REMDDIM: 


 Here is the input file:

Initial minimization                                                           
 &cntrl                                                                        
  ntx    = 1,       irest  = 0,       ntrx   = 1,      ntxo   = 1,             
  ntpr   = 20,      ntwx   = 0,       ntwv   = 0,      ntwe   = 0,             
                                                                               
  ntf    = 1,       ntb    = 1,                                                
  ntc    = 1,       ntr    = 1,                                                
  restraintmask = ':1',                                                        
  restraint_wt = 100.0,                                                        
  cut    = 9.0,                                                                
                                                                               
  imin   = 1,                                                                  
  maxcyc = 1000,                                                               
  ncyc   = 100,                                                                
                                                                               
 &end                                                                          

--------------------------------------------------------------------------------
   1.  RESOURCE   USE: 
--------------------------------------------------------------------------------

| Flags: MPI                                                                    
 getting new box info from bottom of inpcrd
|  INFO: Old style inpcrd file read

| peek_ewald_inpcrd: Box info found
|Largest sphere to fit in unit cell has radius =    14.278
| New format PARM file being parsed.
| Version =    1.000 Date = 03/14/17 Time = 13:39:37
 NATOM  =    2758 NTYPES =       9 NBONH =    2748 MBONA  =       9
 NTHETH =      25 MTHETA =      11 NPHIH =      43 MPHIA  =      24
 NHPARM =       0 NPARM  =       0 NNB   =    3747 NRES   =     915
 NBONA  =       9 NTHETA =      11 NPHIA =      24 NUMBND =      10
 NUMANG =      16 NPTRA  =      19 NATYP =       9 NPHB   =       1
 IFBOX  =       2 NMXRS  =      10 IFCAP =       0 NEXTRA =       0
 NCOPY  =       0


|     Memory Use     Allocated
|     Real              321414
|     Hollerith           9191
|     Integer            85896
|     Max Pairs         305908
|     nblistReal         33096
|     nblist Int         84761
|       Total             4667 kbytes

| Note: 1-4 EEL scale factors are being read from the topology file.

| Note: 1-4 VDW scale factors are being read from the topology file.
| Duplicated    0 dihedrals
| Duplicated    0 dihedrals

     BOX TYPE: TRUNCATED OCTAHEDRON

--------------------------------------------------------------------------------
   2.  CONTROL  DATA  FOR  THE  RUN
--------------------------------------------------------------------------------

default_name                                                                    

General flags:
     imin    =       1, nmropt  =       0

Nature and format of input:
     ntx     =       1, irest   =       0, ntrx    =       1

Nature and format of output:
     ntxo    =       1, ntpr    =      20, ntrx    =       1, ntwr    =       1
     iwrap   =       0, ntwx    =       0, ntwv    =       0, ntwe    =       0
     ioutfm  =       1, ntwprt  =       0, idecomp =       0, rbornstat=      0

Potential function:
     ntf     =       1, ntb     =       1, igb     =       0, nsnb    =      25
     ipol    =       0, gbsa    =       0, iesp    =       0
     dielc   =   1.00000, cut     =   9.00000, intdiel =   1.00000

Frozen or restrained atoms:
     ibelly  =       0, ntr     =       1
     restraint_wt = 100.00000

Energy minimization:
     maxcyc  =    1000, ncyc    =     100, ntmin   =       1
     dx0     =   0.01000, drms    =   0.00010

Ewald parameters:
     verbose =       0, ew_type =       0, nbflag  =       1, use_pme =       1
     vdwmeth =       1, eedmeth =       1, netfrc  =       0
     Box X =   34.975   Box Y =   34.975   Box Z =   34.975
     Alpha =  109.471   Beta  =  109.471   Gamma =  109.471
     NFFT1 =   36       NFFT2 =   36       NFFT3 =   36
     Cutoff=    9.000   Tol   =0.100E-04
     Ewald Coefficient =  0.30768
     Interpolation order =    4

| MPI Timing options:
|      profile_mpi =        0

    LOADING THE CONSTRAINED ATOMS AS GROUPS


   5.  REFERENCE ATOM COORDINATES

  defa
     Mask :1; matches     6 atoms

--------------------------------------------------------------------------------
   3.  ATOMIC COORDINATES AND VELOCITIES
--------------------------------------------------------------------------------

default_name                                                                    
 begin time read from input coords =     0.000 ps

 Number of triangulated 3-point waters found:      912
|  Atom division among processors:
|         0     346     688    1033    1378    1720    2065    2410
|      2758

     Sum of charges from parm topology file =  -0.00000000
     Forcing neutrality...
|  Running AMBER/MPI version on    8 nodes


--------------------------------------------------------------------------------
   4.  RESULTS
--------------------------------------------------------------------------------

 ---------------------------------------------------
 APPROXIMATING switch and d/dx switch using CUBIC SPLINE INTERPOLATION
 using   5000.0 points per unit in tabled values
 TESTING RELATIVE ERROR over r ranging from 0.0 to cutoff
| CHECK switch(x): max rel err =   0.2738E-14   at   2.422500
| CHECK d/dx switch(x): max rel err =   0.8314E-11   at   2.736960
 ---------------------------------------------------
| Local SIZE OF NONBOND LIST =      86953
| TOTAL SIZE OF NONBOND LIST =     642860


   NSTEP       ENERGY          RMS            GMAX         NAME    NUMBER
      1      -7.2364E+03     1.3944E+01     9.1417E+01     O        2324

 BOND    =        0.4582  ANGLE   =        0.6393  DIHED      =       11.7542
 VDWAALS =     1438.5463  EEL     =    -8737.6588  HBOND      =        0.0000
 1-4 VDW =        2.6885  1-4 EEL =       47.1899  RESTRAINT  =        0.0000


   NSTEP       ENERGY          RMS            GMAX         NAME    NUMBER
     20      -8.3209E+03     3.4470E+00     2.8453E+01     O         365

 BOND    =      461.9977  ANGLE   =        0.6776  DIHED      =       11.7480
 VDWAALS =     1108.8312  EEL     =    -9953.9976  HBOND      =        0.0000
 1-4 VDW =        2.6690  1-4 EEL =       47.1909  RESTRAINT  =        0.0030
 EAMBER  =    -8320.8832


   NSTEP       ENERGY          RMS            GMAX         NAME    NUMBER
     40      -9.1561E+03     2.2872E+00     8.4058E+00     H2        304

 BOND    =      570.5712  ANGLE   =        0.7201  DIHED      =       11.7783
 VDWAALS =     1053.1128  EEL     =   -10842.0551  HBOND      =        0.0000
 1-4 VDW =        2.6467  1-4 EEL =       47.0874  RESTRAINT  =        0.0061
 EAMBER  =    -9156.1387


   NSTEP       ENERGY          RMS            GMAX         NAME    NUMBER
     60      -9.3900E+03     3.4308E+00     1.1981E+01     H1        846

 BOND    =      640.2464  ANGLE   =        0.7538  DIHED      =       11.7998
 VDWAALS =     1077.2415  EEL     =   -11169.7046  HBOND      =        0.0000
 1-4 VDW =        2.6253  1-4 EEL =       47.0459  RESTRAINT  =        0.0076
 EAMBER  =    -9389.9920


   NSTEP       ENERGY          RMS            GMAX         NAME    NUMBER
     80      -9.5408E+03     4.0399E+00     1.4768E+01     H1        846

 BOND    =      681.1169  ANGLE   =        0.7815  DIHED      =       11.8189
 VDWAALS =     1107.3404  EEL     =   -11391.5341  HBOND      =        0.0000
 1-4 VDW =        2.6090  1-4 EEL =       47.0258  RESTRAINT  =        0.0090
 EAMBER  =    -9540.8415


   NSTEP       ENERGY          RMS            GMAX         NAME    NUMBER
    100      -9.6743E+03     9.5369E-01     6.8681E+00     H1        789

 BOND    =      576.8286  ANGLE   =        0.8051  DIHED      =       11.8362
 VDWAALS =     1138.3088  EEL     =   -11451.7101  HBOND      =        0.0000
 1-4 VDW =        2.5973  1-4 EEL =       47.0192  RESTRAINT  =        0.0104
 EAMBER  =    -9674.3149


   NSTEP       ENERGY          RMS            GMAX         NAME    NUMBER
    120      -1.0105E+04     4.5304E+00     9.2886E+01     H2       2458

 BOND    =      731.1288  ANGLE   =        0.9569  DIHED      =       11.9707
 VDWAALS =     1419.7341  EEL     =   -12318.6633  HBOND      =        0.0000
 1-4 VDW =        2.5434  1-4 EEL =       47.0989  RESTRAINT  =        0.0317
 EAMBER  =   -10105.2305


   NSTEP       ENERGY          RMS            GMAX         NAME    NUMBER
    140      -1.0251E+04     1.1475E+00     3.0637E+01     H1       2214

 BOND    =      702.8795  ANGLE   =        0.9806  DIHED      =       12.0066
 VDWAALS =     1489.4426  EEL     =   -12506.3521  HBOND      =        0.0000
 1-4 VDW =        2.5433  1-4 EEL =       47.1962  RESTRAINT  =        0.0465
 EAMBER  =   -10251.3034


   NSTEP       ENERGY          RMS            GMAX         NAME    NUMBER
    160      -1.0357E+04     1.5667E+00     2.6218E+01     O         788

 BOND    =      674.6741  ANGLE   =        0.9681  DIHED      =       12.0006
 VDWAALS =     1515.1841  EEL     =   -12610.1912  HBOND      =        0.0000
 1-4 VDW =        2.5391  1-4 EEL =       47.3087  RESTRAINT  =        0.0600
 EAMBER  =   -10357.5165


   NSTEP       ENERGY          RMS            GMAX         NAME    NUMBER
    180      -1.0447E+04     1.7274E+00     5.1023E+01     H1       2214

 BOND    =      736.7883  ANGLE   =        1.0026  DIHED      =       11.9899
 VDWAALS =     1637.9787  EEL     =   -12885.0582  HBOND      =        0.0000
 1-4 VDW =        2.5038  1-4 EEL =       47.4352  RESTRAINT  =        0.0817
 EAMBER  =   -10447.3597


   NSTEP       ENERGY          RMS            GMAX         NAME    NUMBER
    200      -1.0536E+04     9.1189E-01     1.6798E+01     O        2213

 BOND    =      733.4369  ANGLE   =        1.2353  DIHED      =       11.9331
 VDWAALS =     1664.7986  EEL     =   -12997.9607  HBOND      =        0.0000
 1-4 VDW =        2.4829  1-4 EEL =       47.4993  RESTRAINT  =        0.1124
 EAMBER  =   -10536.5746


   NSTEP       ENERGY          RMS            GMAX         NAME    NUMBER
    220      -1.0584E+04     1.2011E+00     3.2141E+01     CA          9

 BOND    =      743.1208  ANGLE   =        1.7853  DIHED      =       11.8749
 VDWAALS =     1702.2234  EEL     =   -13093.6948  HBOND      =        0.0000
 1-4 VDW =        2.4910  1-4 EEL =       47.6863  RESTRAINT  =        0.2437
 EAMBER  =   -10584.5132


   NSTEP       ENERGY          RMS            GMAX         NAME    NUMBER
    240      -1.0628E+04     7.4884E-01     1.8797E+01     C           5

 BOND    =      743.6434  ANGLE   =        1.1559  DIHED      =       11.9710
 VDWAALS =     1728.3110  EEL     =   -13163.5328  HBOND      =        0.0000
 1-4 VDW =        2.4368  1-4 EEL =       47.4368  RESTRAINT  =        0.1861
 EAMBER  =   -10628.5779


   NSTEP       ENERGY          RMS            GMAX         NAME    NUMBER
    260      -1.0726E+04     1.4415E+00     5.2017E+01     CH3         2

 BOND    =      775.0164  ANGLE   =        2.5667  DIHED      =       12.2313
 VDWAALS =     1830.7122  EEL     =   -13397.2365  HBOND      =        0.0000
 1-4 VDW =        2.4217  1-4 EEL =       47.3083  RESTRAINT  =        0.6009
 EAMBER  =   -10726.9801


   NSTEP       ENERGY          RMS            GMAX         NAME    NUMBER
    280      -1.0755E+04     4.5653E-01     7.8369E+00     O        2213

 BOND    =      776.8155  ANGLE   =        1.1375  DIHED      =       11.8985
 VDWAALS =     1851.9819  EEL     =   -13447.0420  HBOND      =        0.0000
 1-4 VDW =        2.4186  1-4 EEL =       47.4379  RESTRAINT  =        0.1864
 EAMBER  =   -10755.3520


   NSTEP       ENERGY          RMS            GMAX         NAME    NUMBER
    300      -1.0813E+04     9.8731E-01     1.8758E+01     CA          9

 BOND    =      793.3419  ANGLE   =        1.4678  DIHED      =       11.8797
 VDWAALS =     1924.1341  EEL     =   -13593.7203  HBOND      =        0.0000
 1-4 VDW =        2.4581  1-4 EEL =       47.4606  RESTRAINT  =        0.2271
 EAMBER  =   -10812.9780


   NSTEP       ENERGY          RMS            GMAX         NAME    NUMBER
    320      -1.0846E+04     6.4393E-01     2.0298E+01     C           5

 BOND    =      794.4306  ANGLE   =        1.3939  DIHED      =       11.8334
 VDWAALS =     1928.7995  EEL     =   -13632.1771  HBOND      =        0.0000
 1-4 VDW =        2.4454  1-4 EEL =       47.4663  RESTRAINT  =        0.2124
 EAMBER  =   -10845.8081


   NSTEP       ENERGY          RMS            GMAX         NAME    NUMBER
    340      -1.0860E+04     4.5723E-01     1.1250E+01     CH3         2

 BOND    =      797.9959  ANGLE   =        1.1314  DIHED      =       11.8336
 VDWAALS =     1940.8565  EEL     =   -13661.5327  HBOND      =        0.0000
 1-4 VDW =        2.4255  1-4 EEL =       47.2665  RESTRAINT  =        0.1829
 EAMBER  =   -10860.0232


   NSTEP       ENERGY          RMS            GMAX         NAME    NUMBER
    360      -1.0931E+04     8.9419E-01     2.3139E+01     HH33        4

 BOND    =      825.9739  ANGLE   =        1.5059  DIHED      =       11.9289
 VDWAALS =     2025.2752  EEL     =   -13845.2260  HBOND      =        0.0000
 1-4 VDW =        2.4072  1-4 EEL =       46.9587  RESTRAINT  =        0.4342
 EAMBER  =   -10931.1763


   NSTEP       ENERGY          RMS            GMAX         NAME    NUMBER
    380      -1.0945E+04     3.2476E-01     7.6340E+00     C           5

 BOND    =      818.2324  ANGLE   =        1.0642  DIHED      =       11.8190
 VDWAALS =     2033.6451  EEL     =   -13859.8025  HBOND      =        0.0000
 1-4 VDW =        2.4060  1-4 EEL =       47.2332  RESTRAINT  =        0.1443
 EAMBER  =   -10945.4025


   NSTEP       ENERGY          RMS            GMAX         NAME    NUMBER
    400      -1.0973E+04     8.3571E-01     1.5091E+01     HH32        3

 BOND    =      825.8436  ANGLE   =        1.9391  DIHED      =       11.8776
 VDWAALS =     2069.2368  EEL     =   -13932.2312  HBOND      =        0.0000
 1-4 VDW =        2.4209  1-4 EEL =       47.2152  RESTRAINT  =        0.3583
 EAMBER  =   -10973.6981


   NSTEP       ENERGY          RMS            GMAX         NAME    NUMBER
    420      -1.0990E+04     4.9343E-01     1.0632E+01     CH3         2

 BOND    =      827.4000  ANGLE   =        1.1775  DIHED      =       11.7051
 VDWAALS =     2077.5929  EEL     =   -13957.6249  HBOND      =        0.0000
 1-4 VDW =        2.4214  1-4 EEL =       47.0601  RESTRAINT  =        0.1257
 EAMBER  =   -10990.2679


   NSTEP       ENERGY          RMS            GMAX         NAME    NUMBER
    440      -1.0999E+04     3.7207E-01     9.9180E+00     O           6

 BOND    =      829.6568  ANGLE   =        1.1851  DIHED      =       11.7224
 VDWAALS =     2082.7346  EEL     =   -13973.6183  HBOND      =        0.0000
 1-4 VDW =        2.4243  1-4 EEL =       46.9858  RESTRAINT  =        0.3100
 EAMBER  =   -10998.9095


   NSTEP       ENERGY          RMS            GMAX         NAME    NUMBER
    460      -1.1014E+04     6.2672E-01     1.7987E+01     C           5

 BOND    =      832.2107  ANGLE   =        1.1137  DIHED      =       11.7807
 VDWAALS =     2098.8420  EEL     =   -14007.1857  HBOND      =        0.0000
 1-4 VDW =        2.3849  1-4 EEL =       46.9305  RESTRAINT  =        0.2187
 EAMBER  =   -11013.9232


   NSTEP       ENERGY          RMS            GMAX         NAME    NUMBER
    480      -1.1023E+04     2.9456E-01     6.9462E+00     CH3         2

 BOND    =      837.0036  ANGLE   =        1.0065  DIHED      =       11.7296
 VDWAALS =     2107.3922  EEL     =   -14029.8748  HBOND      =        0.0000
 1-4 VDW =        2.4175  1-4 EEL =       47.0512  RESTRAINT  =        0.0883
 EAMBER  =   -11023.2742


   NSTEP       ENERGY          RMS            GMAX         NAME    NUMBER
    500      -1.1040E+04     7.8837E-01     2.0733E+01     CA          9

 BOND    =      831.8642  ANGLE   =        2.3117  DIHED      =       11.9475
 VDWAALS =     2120.8398  EEL     =   -14057.3083  HBOND      =        0.0000
 1-4 VDW =        2.4520  1-4 EEL =       47.2803  RESTRAINT  =        0.4941
 EAMBER  =   -11040.6129


   NSTEP       ENERGY          RMS            GMAX         NAME    NUMBER
    520      -1.1051E+04     5.5190E-01     1.2210E+01     C          15

 BOND    =      842.8717  ANGLE   =        1.3749  DIHED      =       11.6783
 VDWAALS =     2127.9889  EEL     =   -14084.7259  HBOND      =        0.0000
 1-4 VDW =        2.4826  1-4 EEL =       46.9958  RESTRAINT  =        0.1909
 EAMBER  =   -11051.3336


   NSTEP       ENERGY          RMS            GMAX         NAME    NUMBER
    540      -1.1060E+04     3.4475E-01     9.2388E+00     O           6

 BOND    =      838.7023  ANGLE   =        1.0730  DIHED      =       11.6870
 VDWAALS =     2130.3974  EEL     =   -14091.2095  HBOND      =        0.0000
 1-4 VDW =        2.4029  1-4 EEL =       46.8962  RESTRAINT  =        0.2207
 EAMBER  =   -11060.0508


   NSTEP       ENERGY          RMS            GMAX         NAME    NUMBER
    560      -1.1075E+04     4.4722E-01     1.1584E+01     CH3        19

 BOND    =      846.6945  ANGLE   =        0.9881  DIHED      =       11.7367
 VDWAALS =     2143.6116  EEL     =   -14126.9704  HBOND      =        0.0000
 1-4 VDW =        2.3284  1-4 EEL =       46.9528  RESTRAINT  =        0.0709
 EAMBER  =   -11074.6582


   NSTEP       ENERGY          RMS            GMAX         NAME    NUMBER
    580      -1.1082E+04     5.0154E-01     1.7720E+01     C           5

 BOND    =      845.1280  ANGLE   =        0.9299  DIHED      =       11.6622
 VDWAALS =     2150.6495  EEL     =   -14139.7669  HBOND      =        0.0000
 1-4 VDW =        2.4380  1-4 EEL =       46.8647  RESTRAINT  =        0.0786
 EAMBER  =   -11082.0946


   NSTEP       ENERGY          RMS            GMAX         NAME    NUMBER
    600      -1.1095E+04     7.7307E-01     1.5661E+01     O           6

 BOND    =      838.2525  ANGLE   =        2.4080  DIHED      =       12.0087
 VDWAALS =     2158.1018  EEL     =   -14155.5952  HBOND      =        0.0000
 1-4 VDW =        2.5037  1-4 EEL =       47.0079  RESTRAINT  =        0.6695
 EAMBER  =   -11095.3128


   NSTEP       ENERGY          RMS            GMAX         NAME    NUMBER
    620      -1.1103E+04     6.5260E-01     2.7296E+01     C           5

 BOND    =      850.7889  ANGLE   =        1.6027  DIHED      =       11.6724
 VDWAALS =     2163.0794  EEL     =   -14179.4073  HBOND      =        0.0000
 1-4 VDW =        2.4818  1-4 EEL =       46.7767  RESTRAINT  =        0.2576
 EAMBER  =   -11103.0053


   NSTEP       ENERGY          RMS            GMAX         NAME    NUMBER
    640      -1.1111E+04     3.3273E-01     1.0756E+01     CH3        19

 BOND    =      843.7471  ANGLE   =        1.1065  DIHED      =       11.6446
 VDWAALS =     2165.5126  EEL     =   -14182.3943  HBOND      =        0.0000
 1-4 VDW =        2.4194  1-4 EEL =       46.8590  RESTRAINT  =        0.1649
 EAMBER  =   -11111.1051


   NSTEP       ENERGY          RMS            GMAX         NAME    NUMBER
    660      -1.1120E+04     3.8597E-01     1.0596E+01     O           6

 BOND    =      852.2267  ANGLE   =        0.9941  DIHED      =       11.6772
 VDWAALS =     2172.6054  EEL     =   -14206.8203  HBOND      =        0.0000
 1-4 VDW =        2.3429  1-4 EEL =       46.9138  RESTRAINT  =        0.0589
 EAMBER  =   -11120.0602


   NSTEP       ENERGY          RMS            GMAX         NAME    NUMBER
    680      -1.1127E+04     3.9551E-01     9.9822E+00     C          15

 BOND    =      852.4173  ANGLE   =        0.9741  DIHED      =       11.7059
 VDWAALS =     2178.5593  EEL     =   -14220.3547  HBOND      =        0.0000
 1-4 VDW =        2.4116  1-4 EEL =       46.8551  RESTRAINT  =        0.0652
 EAMBER  =   -11127.4312


   NSTEP       ENERGY          RMS            GMAX         NAME    NUMBER
    700      -1.1136E+04     4.2028E-01     9.0815E+00     O           6

 BOND    =      850.1267  ANGLE   =        1.3459  DIHED      =       11.7107
 VDWAALS =     2183.6676  EEL     =   -14232.1629  HBOND      =        0.0000
 1-4 VDW =        2.4783  1-4 EEL =       46.8630  RESTRAINT  =        0.2244
 EAMBER  =   -11135.9706


   NSTEP       ENERGY          RMS            GMAX         NAME    NUMBER
    720      -1.1142E+04     4.5436E-01     1.2264E+01     CH3         2

 BOND    =      855.6685  ANGLE   =        1.0794  DIHED      =       11.6445
 VDWAALS =     2189.4466  EEL     =   -14249.0454  HBOND      =        0.0000
 1-4 VDW =        2.4791  1-4 EEL =       46.8263  RESTRAINT  =        0.1542
 EAMBER  =   -11141.9010


   NSTEP       ENERGY          RMS            GMAX         NAME    NUMBER
    740      -1.1149E+04     2.9922E-01     7.8320E+00     N          17

 BOND    =      853.0704  ANGLE   =        1.1282  DIHED      =       11.6860
 VDWAALS =     2191.3872  EEL     =   -14255.5401  HBOND      =        0.0000
 1-4 VDW =        2.4224  1-4 EEL =       46.7326  RESTRAINT  =        0.2464
 EAMBER  =   -11149.1132


   NSTEP       ENERGY          RMS            GMAX         NAME    NUMBER
    760      -1.1154E+04     3.7780E-01     1.2333E+01     H           8

 BOND    =      856.4526  ANGLE   =        0.9462  DIHED      =       11.6659
 VDWAALS =     2194.4825  EEL     =   -14266.8919  HBOND      =        0.0000
 1-4 VDW =        2.3631  1-4 EEL =       46.8225  RESTRAINT  =        0.1056
 EAMBER  =   -11154.1590


   NSTEP       ENERGY          RMS            GMAX         NAME    NUMBER
    780      -1.1161E+04     3.5399E-01     1.0727E+01     C           5

 BOND    =      856.4212  ANGLE   =        1.1140  DIHED      =       11.7053
 VDWAALS =     2200.7643  EEL     =   -14280.1803  HBOND      =        0.0000
 1-4 VDW =        2.3966  1-4 EEL =       46.8621  RESTRAINT  =        0.0668
 EAMBER  =   -11160.9168


   NSTEP       ENERGY          RMS            GMAX         NAME    NUMBER
    800      -1.1167E+04     4.7925E-01     1.6185E+01     O           6

 BOND    =      854.7667  ANGLE   =        1.3919  DIHED      =       11.7071
 VDWAALS =     2200.8789  EEL     =   -14285.4710  HBOND      =        0.0000
 1-4 VDW =        2.5033  1-4 EEL =       46.9241  RESTRAINT  =        0.1956
 EAMBER  =   -11167.2991


   NSTEP       ENERGY          RMS            GMAX         NAME    NUMBER
    820      -1.1172E+04     4.0279E-01     1.0562E+01     O          16

 BOND    =      861.0317  ANGLE   =        1.0611  DIHED      =       11.6420
 VDWAALS =     2203.7765  EEL     =   -14298.6743  HBOND      =        0.0000
 1-4 VDW =        2.4934  1-4 EEL =       46.6946  RESTRAINT  =        0.1610
 EAMBER  =   -11171.9750


   NSTEP       ENERGY          RMS            GMAX         NAME    NUMBER
    840      -1.1177E+04     2.8107E-01     8.9574E+00     N          17

 BOND    =      856.4151  ANGLE   =        1.0811  DIHED      =       11.6780
 VDWAALS =     2204.3125  EEL     =   -14300.0303  HBOND      =        0.0000
 1-4 VDW =        2.4376  1-4 EEL =       46.6804  RESTRAINT  =        0.2323
 EAMBER  =   -11177.4256


   NSTEP       ENERGY          RMS            GMAX         NAME    NUMBER
    860      -1.1181E+04     2.6394E-01     7.6207E+00     N          17

 BOND    =      860.4017  ANGLE   =        0.9160  DIHED      =       11.6657
 VDWAALS =     2205.5524  EEL     =   -14308.9930  HBOND      =        0.0000
 1-4 VDW =        2.3744  1-4 EEL =       46.7856  RESTRAINT  =        0.0729
 EAMBER  =   -11181.2972


   NSTEP       ENERGY          RMS            GMAX         NAME    NUMBER
    880      -1.1186E+04     4.4027E-01     1.5221E+01     C           5

 BOND    =      859.6075  ANGLE   =        1.0981  DIHED      =       11.7013
 VDWAALS =     2209.5384  EEL     =   -14317.5179  HBOND      =        0.0000
 1-4 VDW =        2.4010  1-4 EEL =       46.8467  RESTRAINT  =        0.0682
 EAMBER  =   -11186.3250


   NSTEP       ENERGY          RMS            GMAX         NAME    NUMBER
    900      -1.1191E+04     3.7172E-01     1.1360E+01     O           6

 BOND    =      857.6562  ANGLE   =        1.3906  DIHED      =       11.6908
 VDWAALS =     2208.0770  EEL     =   -14319.6247  HBOND      =        0.0000
 1-4 VDW =        2.5079  1-4 EEL =       46.9347  RESTRAINT  =        0.1665
 EAMBER  =   -11191.3675


   NSTEP       ENERGY          RMS            GMAX         NAME    NUMBER
    920      -1.1195E+04     4.1856E-01     1.1994E+01     C          15

 BOND    =      864.8019  ANGLE   =        0.9578  DIHED      =       11.6453
 VDWAALS =     2210.5738  EEL     =   -14332.3327  HBOND      =        0.0000
 1-4 VDW =        2.4660  1-4 EEL =       46.7254  RESTRAINT  =        0.1213
 EAMBER  =   -11195.1624


   NSTEP       ENERGY          RMS            GMAX         NAME    NUMBER
    940      -1.1200E+04     2.6036E-01     7.7517E+00     O        2219

 BOND    =      859.0871  ANGLE   =        1.0676  DIHED      =       11.6669
 VDWAALS =     2210.2746  EEL     =   -14331.5347  HBOND      =        0.0000
 1-4 VDW =        2.4392  1-4 EEL =       46.6569  RESTRAINT  =        0.1991
 EAMBER  =   -11200.3426


   NSTEP       ENERGY          RMS            GMAX         NAME    NUMBER
    960      -1.1205E+04     2.2950E-01     6.2735E+00     CH3        19

 BOND    =      863.1271  ANGLE   =        0.9568  DIHED      =       11.6620
 VDWAALS =     2210.8690  EEL     =   -14340.6974  HBOND      =        0.0000
 1-4 VDW =        2.3916  1-4 EEL =       46.6883  RESTRAINT  =        0.1029
 EAMBER  =   -11205.0027


   NSTEP       ENERGY          RMS            GMAX         NAME    NUMBER
    980      -1.1210E+04     3.6183E-01     1.0512E+01     C          15

 BOND    =      861.6551  ANGLE   =        1.2163  DIHED      =       11.7476
 VDWAALS =     2213.9181  EEL     =   -14347.8341  HBOND      =        0.0000
 1-4 VDW =        2.4118  1-4 EEL =       46.9284  RESTRAINT  =        0.1097
 EAMBER  =   -11209.9567


   NSTEP       ENERGY          RMS            GMAX         NAME    NUMBER
   1000      -1.1214E+04     2.9401E-01     7.0123E+00     C          15

 BOND    =      863.3960  ANGLE   =        1.1867  DIHED      =       11.6466
 VDWAALS =     2212.5343  EEL     =   -14352.7969  HBOND      =        0.0000
 1-4 VDW =        2.4247  1-4 EEL =       47.0926  RESTRAINT  =        0.1038
 EAMBER  =   -11214.5159


  Maximum number of minimization cycles reached.


                    FINAL RESULTS



   NSTEP       ENERGY          RMS            GMAX         NAME    NUMBER
   1000      -1.1214E+04     2.9401E-01     7.0123E+00     C          15

 BOND    =      863.3960  ANGLE   =        1.1867  DIHED      =       11.6466
 VDWAALS =     2212.5343  EEL     =   -14352.7969  HBOND      =        0.0000
 1-4 VDW =        2.4247  1-4 EEL =       47.0926  RESTRAINT  =        0.1038
 EAMBER  =   -11214.5159

--------------------------------------------------------------------------------
   5.  TIMINGS
--------------------------------------------------------------------------------

|                Build the list             0.07 (57.85% of List )
|                Other                      0.05 (42.15% of List )
|             List time                  0.12 ( 1.22% of Nonbo)
|                   Short_ene time             5.43 (96.06% of Direc)
|                   Other                      0.22 ( 3.94% of Direc)
|                Direct Ewald time          5.65 (60.40% of Ewald)
|                Adjust Ewald time          0.04 ( 0.39% of Ewald)
|                Self Ewald time            0.00 ( 0.02% of Ewald)
|                   Fill Bspline coeffs        0.15 ( 4.94% of Recip)
|                   Fill charge grid           0.11 ( 3.67% of Recip)
|                   Scalar sum                 0.49 (16.04% of Recip)
|                   Grad sum                   0.25 ( 8.12% of Recip)
|                      FFT back comm time         0.50 (24.97% of FFT t)
|                      Other                      1.50 (75.03% of FFT t)
|                   FFT time                   2.00 (64.82% of Recip)
|                   Other                      0.07 ( 2.41% of Recip)
|                Recip Ewald time           3.08 (32.96% of Ewald)
|                Force Adjust               0.49 ( 5.25% of Ewald)
|                Virial junk                0.09 ( 0.91% of Ewald)
|                Start synchronizatio       0.00 ( 0.01% of Ewald)
|                Other                      0.01 ( 0.06% of Ewald)
|             Ewald time                 9.36 (98.76% of Nonbo)
|             Other                      0.00 ( 0.01% of Nonbo)
|          Nonbond force              9.47 (81.49% of Force)
|          Bond/Angle/Dihedral        0.03 ( 0.25% of Force)
|          FRC Collect time           0.19 ( 1.64% of Force)
|          Other                      1.93 (16.62% of Force)
|       Force time                11.63 (100.0% of Runmd)
|    Runmd Time                11.63 ( 5.09% of Total)
|    Other                    216.80 (94.91% of Total)
| Total time               228.44 (100.0% of ALL  )

| Highest rstack allocated:      38857
| Highest istack allocated:        817
|           Job began  at 14:53:41.670  on 03/14/2017
|           Setup done at 14:53:42.002  on 03/14/2017
|           Run   done at 14:57:30.108  on 03/14/2017
|     wallclock() was called   44068 times
