
          -------------------------------------------------------
          Amber 16 SANDER                              2016
          -------------------------------------------------------

| Run on 03/14/2017 at 14:51:56

|   Executable path: sander.MPI
| Working directory: /home/steboss/projects/mdgx-tests/alanine/IPOLQ/input/PhiPsi_1/285/270
|          Hostname: node005

  [-O]verwriting output

File Assignments:
|  MDIN: min.in                                                                
| MDOUT: Conf270.min.out                                                       
|INPCRD: Conf270.crd                                                           
|  PARM: Conf270.top                                                           
|RESTRT: Conf270.min                                                           
|  REFC: Conf270.crd                                                           
| MDVEL: mdvel                                                                 
| MDFRC: mdfrc                                                                 
|  MDEN: mden                                                                  
| MDCRD: mdcrd                                                                 
|MDINFO: mdinfo                                                                
|  MTMD: mtmd                                                                  
|INPDIP: inpdip                                                                
|RSTDIP: rstdip                                                                
|INPTRA: inptraj                                                               

|    REMLOG: rem.log
|   REMTYPE: rem.type
|  REMSTRIP: 
|   SAVEENE: saveene
|CLUSTERINF: cluster.info
| RESERVOIR: reserv/frame
|   REMDDIM: 


 Here is the input file:

Initial minimization                                                           
 &cntrl                                                                        
  ntx    = 1,       irest  = 0,       ntrx   = 1,      ntxo   = 1,             
  ntpr   = 20,      ntwx   = 0,       ntwv   = 0,      ntwe   = 0,             
                                                                               
  ntf    = 1,       ntb    = 1,                                                
  ntc    = 1,       ntr    = 1,                                                
  restraintmask = ':1',                                                        
  restraint_wt = 100.0,                                                        
  cut    = 9.0,                                                                
                                                                               
  imin   = 1,                                                                  
  maxcyc = 1000,                                                               
  ncyc   = 100,                                                                
                                                                               
 &end                                                                          

--------------------------------------------------------------------------------
   1.  RESOURCE   USE: 
--------------------------------------------------------------------------------

| Flags: MPI                                                                    
 getting new box info from bottom of inpcrd
|  INFO: Old style inpcrd file read

| peek_ewald_inpcrd: Box info found
|Largest sphere to fit in unit cell has radius =    14.809
| New format PARM file being parsed.
| Version =    1.000 Date = 03/14/17 Time = 13:39:34
 NATOM  =    3046 NTYPES =       9 NBONH =    3036 MBONA  =       9
 NTHETH =      25 MTHETA =      11 NPHIH =      43 MPHIA  =      24
 NHPARM =       0 NPARM  =       0 NNB   =    4131 NRES   =    1011
 NBONA  =       9 NTHETA =      11 NPHIA =      24 NUMBND =      10
 NUMANG =      16 NPTRA  =      19 NATYP =       9 NPHB   =       1
 IFBOX  =       2 NMXRS  =      10 IFCAP =       0 NEXTRA =       0
 NCOPY  =       0


|     Memory Use     Allocated
|     Real              345894
|     Hollerith          10151
|     Integer            92424
|     Max Pairs         337852
|     nblistReal         36552
|     nblist Int        101412
|       Total             5104 kbytes

| Note: 1-4 EEL scale factors are being read from the topology file.

| Note: 1-4 VDW scale factors are being read from the topology file.
| Duplicated    0 dihedrals
| Duplicated    0 dihedrals

     BOX TYPE: TRUNCATED OCTAHEDRON

--------------------------------------------------------------------------------
   2.  CONTROL  DATA  FOR  THE  RUN
--------------------------------------------------------------------------------

default_name                                                                    

General flags:
     imin    =       1, nmropt  =       0

Nature and format of input:
     ntx     =       1, irest   =       0, ntrx    =       1

Nature and format of output:
     ntxo    =       1, ntpr    =      20, ntrx    =       1, ntwr    =       1
     iwrap   =       0, ntwx    =       0, ntwv    =       0, ntwe    =       0
     ioutfm  =       1, ntwprt  =       0, idecomp =       0, rbornstat=      0

Potential function:
     ntf     =       1, ntb     =       1, igb     =       0, nsnb    =      25
     ipol    =       0, gbsa    =       0, iesp    =       0
     dielc   =   1.00000, cut     =   9.00000, intdiel =   1.00000

Frozen or restrained atoms:
     ibelly  =       0, ntr     =       1
     restraint_wt = 100.00000

Energy minimization:
     maxcyc  =    1000, ncyc    =     100, ntmin   =       1
     dx0     =   0.01000, drms    =   0.00010

Ewald parameters:
     verbose =       0, ew_type =       0, nbflag  =       1, use_pme =       1
     vdwmeth =       1, eedmeth =       1, netfrc  =       0
     Box X =   36.274   Box Y =   36.274   Box Z =   36.274
     Alpha =  109.471   Beta  =  109.471   Gamma =  109.471
     NFFT1 =   36       NFFT2 =   36       NFFT3 =   36
     Cutoff=    9.000   Tol   =0.100E-04
     Ewald Coefficient =  0.30768
     Interpolation order =    4

| MPI Timing options:
|      profile_mpi =        0

    LOADING THE CONSTRAINED ATOMS AS GROUPS


   5.  REFERENCE ATOM COORDINATES

  defa
     Mask :1; matches     6 atoms

--------------------------------------------------------------------------------
   3.  ATOMIC COORDINATES AND VELOCITIES
--------------------------------------------------------------------------------

default_name                                                                    
 begin time read from input coords =     0.000 ps

 Number of triangulated 3-point waters found:     1008
|  Atom division among processors:
|         0     382     760    1141    1522    1900    2281    2662
|      3046

     Sum of charges from parm topology file =  -0.00000000
     Forcing neutrality...
|  Running AMBER/MPI version on    8 nodes


--------------------------------------------------------------------------------
   4.  RESULTS
--------------------------------------------------------------------------------

 ---------------------------------------------------
 APPROXIMATING switch and d/dx switch using CUBIC SPLINE INTERPOLATION
 using   5000.0 points per unit in tabled values
 TESTING RELATIVE ERROR over r ranging from 0.0 to cutoff
| CHECK switch(x): max rel err =   0.2738E-14   at   2.422500
| CHECK d/dx switch(x): max rel err =   0.8314E-11   at   2.736960
 ---------------------------------------------------
| Local SIZE OF NONBOND LIST =      96167
| TOTAL SIZE OF NONBOND LIST =     703437


   NSTEP       ENERGY          RMS            GMAX         NAME    NUMBER
      1      -6.3011E+03     2.1524E+02     9.8908E+03     O        2360

 BOND    =        0.5831  ANGLE   =        1.0619  DIHED      =       13.1576
 VDWAALS =     3108.8750  EEL     =    -9472.7741  HBOND      =        0.0000
 1-4 VDW =        2.7274  1-4 EEL =       45.2453  RESTRAINT  =        0.0000


   NSTEP       ENERGY          RMS            GMAX         NAME    NUMBER
     20      -9.1864E+03     3.0278E+00     2.4346E+01     O        2180

 BOND    =      475.4739  ANGLE   =        1.0538  DIHED      =       13.1576
 VDWAALS =      935.6861  EEL     =   -10659.6822  HBOND      =        0.0000
 1-4 VDW =        2.6990  1-4 EEL =       45.2159  RESTRAINT  =        0.0019
 EAMBER  =    -9186.3959


   NSTEP       ENERGY          RMS            GMAX         NAME    NUMBER
     40      -9.9533E+03     1.6123E+00     2.0552E+01     H2       2362

 BOND    =      539.5808  ANGLE   =        1.0920  DIHED      =       13.1383
 VDWAALS =      948.2746  EEL     =   -11503.1181  HBOND      =        0.0000
 1-4 VDW =        2.6404  1-4 EEL =       45.0737  RESTRAINT  =        0.0038
 EAMBER  =    -9953.3184


   NSTEP       ENERGY          RMS            GMAX         NAME    NUMBER
     60      -1.0210E+04     3.2965E+00     9.2963E+01     H2       2362

 BOND    =      526.8175  ANGLE   =        1.1081  DIHED      =       13.1232
 VDWAALS =      982.0965  EEL     =   -11780.8776  HBOND      =        0.0000
 1-4 VDW =        2.6135  1-4 EEL =       45.0227  RESTRAINT  =        0.0051
 EAMBER  =   -10210.0961


   NSTEP       ENERGY          RMS            GMAX         NAME    NUMBER
     80      -1.0387E+04     1.1426E+00     1.4641E+01     H1       2361

 BOND    =      604.8072  ANGLE   =        1.1165  DIHED      =       13.1110
 VDWAALS =     1016.4838  EEL     =   -12070.0033  HBOND      =        0.0000
 1-4 VDW =        2.5991  1-4 EEL =       45.0004  RESTRAINT  =        0.0068
 EAMBER  =   -10386.8852


   NSTEP       ENERGY          RMS            GMAX         NAME    NUMBER
    100      -1.0508E+04     9.1825E-01     6.7267E+00     H1       2361

 BOND    =      612.4396  ANGLE   =        1.1208  DIHED      =       13.1002
 VDWAALS =     1051.4218  EEL     =   -12233.2521  HBOND      =        0.0000
 1-4 VDW =        2.5918  1-4 EEL =       44.9886  RESTRAINT  =        0.0086
 EAMBER  =   -10507.5894


   NSTEP       ENERGY          RMS            GMAX         NAME    NUMBER
    120      -1.1006E+04     5.0683E+00     6.7265E+01     H1       1281

 BOND    =      815.0547  ANGLE   =        1.1610  DIHED      =       13.0225
 VDWAALS =     1455.0600  EEL     =   -13338.1799  HBOND      =        0.0000
 1-4 VDW =        2.6103  1-4 EEL =       44.9794  RESTRAINT  =        0.0257
 EAMBER  =   -11006.2921


   NSTEP       ENERGY          RMS            GMAX         NAME    NUMBER
    140      -1.1182E+04     1.6118E+00     3.1125E+01     H1       2832

 BOND    =      736.3760  ANGLE   =        1.1262  DIHED      =       13.0061
 VDWAALS =     1506.4228  EEL     =   -13486.9044  HBOND      =        0.0000
 1-4 VDW =        2.6244  1-4 EEL =       45.0750  RESTRAINT  =        0.0310
 EAMBER  =   -11182.2738


   NSTEP       ENERGY          RMS            GMAX         NAME    NUMBER
    160      -1.1310E+04     1.9148E+00     3.2743E+01     O          95

 BOND    =      726.7789  ANGLE   =        1.1338  DIHED      =       12.9902
 VDWAALS =     1517.1025  EEL     =   -13615.9622  HBOND      =        0.0000
 1-4 VDW =        2.6406  1-4 EEL =       45.2129  RESTRAINT  =        0.0458
 EAMBER  =   -11310.1033


   NSTEP       ENERGY          RMS            GMAX         NAME    NUMBER
    180      -1.1424E+04     1.3160E+00     3.3598E+01     O        2972

 BOND    =      775.5450  ANGLE   =        0.9676  DIHED      =       12.9907
 VDWAALS =     1639.1132  EEL     =   -13900.1171  HBOND      =        0.0000
 1-4 VDW =        2.5489  1-4 EEL =       45.1534  RESTRAINT  =        0.1755
 EAMBER  =   -11423.7983


   NSTEP       ENERGY          RMS            GMAX         NAME    NUMBER
    200      -1.1525E+04     1.4888E+00     3.0781E+01     CH3         2

 BOND    =      798.3294  ANGLE   =        1.1385  DIHED      =       13.0151
 VDWAALS =     1704.9392  EEL     =   -14090.1025  HBOND      =        0.0000
 1-4 VDW =        2.6629  1-4 EEL =       45.2410  RESTRAINT  =        0.1058
 EAMBER  =   -11524.7764


   NSTEP       ENERGY          RMS            GMAX         NAME    NUMBER
    220      -1.1595E+04     9.9702E-01     2.1616E+01     CH3        19

 BOND    =      791.9218  ANGLE   =        1.2657  DIHED      =       13.1389
 VDWAALS =     1738.0499  EEL     =   -14187.4992  HBOND      =        0.0000
 1-4 VDW =        2.5399  1-4 EEL =       45.1570  RESTRAINT  =        0.1976
 EAMBER  =   -11595.4261


   NSTEP       ENERGY          RMS            GMAX         NAME    NUMBER
    240      -1.1638E+04     1.8471E+00     5.9706E+01     N           7

 BOND    =      826.2377  ANGLE   =        2.0773  DIHED      =       13.0929
 VDWAALS =     1780.4903  EEL     =   -14308.1286  HBOND      =        0.0000
 1-4 VDW =        2.5740  1-4 EEL =       45.5478  RESTRAINT  =        0.2171
 EAMBER  =   -11638.1086


   NSTEP       ENERGY          RMS            GMAX         NAME    NUMBER
    260      -1.1712E+04     1.4726E+00     3.6741E+01     C          15

 BOND    =      810.2996  ANGLE   =        2.8109  DIHED      =       14.4107
 VDWAALS =     1845.4405  EEL     =   -14434.2389  HBOND      =        0.0000
 1-4 VDW =        2.8626  1-4 EEL =       45.2549  RESTRAINT  =        0.7096
 EAMBER  =   -11713.1598


   NSTEP       ENERGY          RMS            GMAX         NAME    NUMBER
    280      -1.1753E+04     6.1168E-01     1.0162E+01     N           7

 BOND    =      832.4162  ANGLE   =        1.2802  DIHED      =       13.0331
 VDWAALS =     1886.8194  EEL     =   -14534.4125  HBOND      =        0.0000
 1-4 VDW =        2.7325  1-4 EEL =       45.0497  RESTRAINT  =        0.1304
 EAMBER  =   -11753.0814


   NSTEP       ENERGY          RMS            GMAX         NAME    NUMBER
    300      -1.1823E+04     9.9803E-01     2.0480E+01     CB         11

 BOND    =      849.7355  ANGLE   =        1.4699  DIHED      =       13.0713
 VDWAALS =     1966.0656  EEL     =   -14701.9825  HBOND      =        0.0000
 1-4 VDW =        2.7566  1-4 EEL =       45.3951  RESTRAINT  =        0.3286
 EAMBER  =   -11823.4887


   NSTEP       ENERGY          RMS            GMAX         NAME    NUMBER
    320      -1.1870E+04     7.8071E-01     1.9966E+01     C          15

 BOND    =      838.3149  ANGLE   =        1.5244  DIHED      =       13.0062
 VDWAALS =     1985.1805  EEL     =   -14756.0708  HBOND      =        0.0000
 1-4 VDW =        2.8347  1-4 EEL =       44.8849  RESTRAINT  =        0.7179
 EAMBER  =   -11870.3251


   NSTEP       ENERGY          RMS            GMAX         NAME    NUMBER
    340      -1.1890E+04     4.9462E-01     1.2950E+01     N          17

 BOND    =      860.5171  ANGLE   =        1.2237  DIHED      =       12.9876
 VDWAALS =     1994.1136  EEL     =   -14807.1086  HBOND      =        0.0000
 1-4 VDW =        2.6975  1-4 EEL =       45.4558  RESTRAINT  =        0.1440
 EAMBER  =   -11890.1133


   NSTEP       ENERGY          RMS            GMAX         NAME    NUMBER
    360      -1.1944E+04     1.0932E+00     2.8240E+01     N          17

 BOND    =      850.6879  ANGLE   =        2.2362  DIHED      =       13.2062
 VDWAALS =     2033.5457  EEL     =   -14891.7997  HBOND      =        0.0000
 1-4 VDW =        2.9152  1-4 EEL =       45.0881  RESTRAINT  =        0.3079
 EAMBER  =   -11944.1203


   NSTEP       ENERGY          RMS            GMAX         NAME    NUMBER
    380      -1.1968E+04     4.1783E-01     7.1499E+00     C          15

 BOND    =      871.7325  ANGLE   =        1.3559  DIHED      =       13.0860
 VDWAALS =     2056.9498  EEL     =   -14959.3223  HBOND      =        0.0000
 1-4 VDW =        2.8044  1-4 EEL =       45.1831  RESTRAINT  =        0.1286
 EAMBER  =   -11968.2107


   NSTEP       ENERGY          RMS            GMAX         NAME    NUMBER
    400      -1.2001E+04     1.0621E+00     3.1657E+01     CB         11

 BOND    =      885.5536  ANGLE   =        2.0608  DIHED      =       13.1326
 VDWAALS =     2074.9019  EEL     =   -15027.0509  HBOND      =        0.0000
 1-4 VDW =        2.8758  1-4 EEL =       45.0724  RESTRAINT  =        2.2690
 EAMBER  =   -12003.4538


   NSTEP       ENERGY          RMS            GMAX         NAME    NUMBER
    420      -1.2024E+04     6.7757E-01     1.5402E+01     C          15

 BOND    =      870.9917  ANGLE   =        1.1314  DIHED      =       13.1088
 VDWAALS =     2085.0061  EEL     =   -15043.7880  HBOND      =        0.0000
 1-4 VDW =        2.7398  1-4 EEL =       45.9949  RESTRAINT  =        0.4198
 EAMBER  =   -12024.8152


   NSTEP       ENERGY          RMS            GMAX         NAME    NUMBER
    440      -1.2042E+04     9.7860E-01     2.9289E+01     C          15

 BOND    =      881.8087  ANGLE   =        1.5525  DIHED      =       13.2043
 VDWAALS =     2090.4754  EEL     =   -15078.2674  HBOND      =        0.0000
 1-4 VDW =        2.7724  1-4 EEL =       45.8629  RESTRAINT  =        0.2077
 EAMBER  =   -12042.5913


   NSTEP       ENERGY          RMS            GMAX         NAME    NUMBER
    460      -1.2072E+04     5.7610E-01     1.5295E+01     N          17

 BOND    =      868.5953  ANGLE   =        1.4174  DIHED      =       13.0888
 VDWAALS =     2110.4382  EEL     =   -15114.1029  HBOND      =        0.0000
 1-4 VDW =        2.7961  1-4 EEL =       45.8162  RESTRAINT  =        0.1054
 EAMBER  =   -12071.9509


   NSTEP       ENERGY          RMS            GMAX         NAME    NUMBER
    480      -1.2088E+04     3.8340E-01     9.8664E+00     O           6

 BOND    =      892.3246  ANGLE   =        1.6106  DIHED      =       13.1005
 VDWAALS =     2130.1382  EEL     =   -15174.0392  HBOND      =        0.0000
 1-4 VDW =        2.9102  1-4 EEL =       45.2717  RESTRAINT  =        0.2649
 EAMBER  =   -12088.6835


   NSTEP       ENERGY          RMS            GMAX         NAME    NUMBER
    500      -1.2108E+04     7.5973E-01     2.0571E+01     N          17

 BOND    =      902.9020  ANGLE   =        2.0183  DIHED      =       13.1929
 VDWAALS =     2141.8247  EEL     =   -15217.5926  HBOND      =        0.0000
 1-4 VDW =        2.8392  1-4 EEL =       45.3469  RESTRAINT  =        1.1006
 EAMBER  =   -12109.4685


   NSTEP       ENERGY          RMS            GMAX         NAME    NUMBER
    520      -1.2123E+04     5.5658E-01     1.5719E+01     C           5

 BOND    =      885.0848  ANGLE   =        1.1952  DIHED      =       13.1481
 VDWAALS =     2154.2862  EEL     =   -15225.8947  HBOND      =        0.0000
 1-4 VDW =        2.7603  1-4 EEL =       46.0341  RESTRAINT  =        0.3646
 EAMBER  =   -12123.3860


   NSTEP       ENERGY          RMS            GMAX         NAME    NUMBER
    540      -1.2136E+04     9.5721E-01     3.7127E+01     C           5

 BOND    =      901.8423  ANGLE   =        2.5291  DIHED      =       13.2925
 VDWAALS =     2161.9606  EEL     =   -15264.7846  HBOND      =        0.0000
 1-4 VDW =        2.7574  1-4 EEL =       46.1059  RESTRAINT  =        0.4231
 EAMBER  =   -12136.2969


   NSTEP       ENERGY          RMS            GMAX         NAME    NUMBER
    560      -1.2149E+04     4.6142E-01     1.0172E+01     N          17

 BOND    =      885.8090  ANGLE   =        1.5508  DIHED      =       13.2253
 VDWAALS =     2173.1783  EEL     =   -15271.4063  HBOND      =        0.0000
 1-4 VDW =        2.8482  1-4 EEL =       45.7643  RESTRAINT  =        0.1039
 EAMBER  =   -12149.0303


   NSTEP       ENERGY          RMS            GMAX         NAME    NUMBER
    580      -1.2161E+04     3.1581E-01     6.7662E+00     O           6

 BOND    =      903.0249  ANGLE   =        1.5770  DIHED      =       13.2330
 VDWAALS =     2192.9538  EEL     =   -15320.3386  HBOND      =        0.0000
 1-4 VDW =        2.8695  1-4 EEL =       45.4217  RESTRAINT  =        0.1948
 EAMBER  =   -12161.2587


   NSTEP       ENERGY          RMS            GMAX         NAME    NUMBER
    600      -1.2176E+04     6.0848E-01     1.6995E+01     CH3        19

 BOND    =      917.1419  ANGLE   =        1.9077  DIHED      =       13.2881
 VDWAALS =     2200.0644  EEL     =   -15356.9606  HBOND      =        0.0000
 1-4 VDW =        2.8226  1-4 EEL =       45.3981  RESTRAINT  =        0.7786
 EAMBER  =   -12176.3380


   NSTEP       ENERGY          RMS            GMAX         NAME    NUMBER
    620      -1.2186E+04     4.9598E-01     1.5787E+01     CA          9

 BOND    =      899.1592  ANGLE   =        1.2723  DIHED      =       13.2482
 VDWAALS =     2211.6230  EEL     =   -15360.4462  HBOND      =        0.0000
 1-4 VDW =        2.7380  1-4 EEL =       45.9398  RESTRAINT  =        0.3469
 EAMBER  =   -12186.4658


   NSTEP       ENERGY          RMS            GMAX         NAME    NUMBER
    640      -1.2197E+04     7.3948E-01     2.9918E+01     C           5

 BOND    =      911.3833  ANGLE   =        2.3031  DIHED      =       13.3408
 VDWAALS =     2215.8651  EEL     =   -15388.7536  HBOND      =        0.0000
 1-4 VDW =        2.7853  1-4 EEL =       46.1497  RESTRAINT  =        0.3529
 EAMBER  =   -12196.9264


   NSTEP       ENERGY          RMS            GMAX         NAME    NUMBER
    660      -1.2207E+04     4.2018E-01     1.5032E+01     N          17

 BOND    =      899.3071  ANGLE   =        1.4724  DIHED      =       13.3035
 VDWAALS =     2222.8336  EEL     =   -15392.4488  HBOND      =        0.0000
 1-4 VDW =        2.8610  1-4 EEL =       45.9191  RESTRAINT  =        0.1476
 EAMBER  =   -12206.7521


   NSTEP       ENERGY          RMS            GMAX         NAME    NUMBER
    680      -1.2217E+04     3.0259E-01     7.4680E+00     O           6

 BOND    =      915.5395  ANGLE   =        1.6793  DIHED      =       13.3244
 VDWAALS =     2238.3271  EEL     =   -15434.4936  HBOND      =        0.0000
 1-4 VDW =        2.8990  1-4 EEL =       45.4495  RESTRAINT  =        0.1839
 EAMBER  =   -12217.2748


   NSTEP       ENERGY          RMS            GMAX         NAME    NUMBER
    700      -1.2229E+04     5.1298E-01     1.5264E+01     CH3        19

 BOND    =      924.4235  ANGLE   =        1.9151  DIHED      =       13.3492
 VDWAALS =     2241.6215  EEL     =   -15459.3563  HBOND      =        0.0000
 1-4 VDW =        2.8517  1-4 EEL =       45.4330  RESTRAINT  =        0.6527
 EAMBER  =   -12229.7623


   NSTEP       ENERGY          RMS            GMAX         NAME    NUMBER
    720      -1.2238E+04     3.8847E-01     9.0606E+00     C          15

 BOND    =      910.2385  ANGLE   =        1.3922  DIHED      =       13.2895
 VDWAALS =     2252.2080  EEL     =   -15464.3280  HBOND      =        0.0000
 1-4 VDW =        2.7744  1-4 EEL =       45.8531  RESTRAINT  =        0.2687
 EAMBER  =   -12238.5722


   NSTEP       ENERGY          RMS            GMAX         NAME    NUMBER
    740      -1.2247E+04     8.4748E-01     3.5276E+01     C           5

 BOND    =      920.4157  ANGLE   =        2.3841  DIHED      =       13.3687
 VDWAALS =     2255.6360  EEL     =   -15488.0488  HBOND      =        0.0000
 1-4 VDW =        2.7884  1-4 EEL =       46.2040  RESTRAINT  =        0.3650
 EAMBER  =   -12247.2519


   NSTEP       ENERGY          RMS            GMAX         NAME    NUMBER
    760      -1.2255E+04     3.5962E-01     1.2769E+01     N          17

 BOND    =      910.5960  ANGLE   =        1.4064  DIHED      =       13.3216
 VDWAALS =     2261.4930  EEL     =   -15491.2541  HBOND      =        0.0000
 1-4 VDW =        2.8758  1-4 EEL =       46.0122  RESTRAINT  =        0.1902
 EAMBER  =   -12255.5491


   NSTEP       ENERGY          RMS            GMAX         NAME    NUMBER
    780      -1.2264E+04     2.9260E-01     8.8079E+00     O           6

 BOND    =      925.8963  ANGLE   =        1.7164  DIHED      =       13.3490
 VDWAALS =     2276.1766  EEL     =   -15530.1747  HBOND      =        0.0000
 1-4 VDW =        2.9272  1-4 EEL =       45.5180  RESTRAINT  =        0.1895
 EAMBER  =   -12264.5912


   NSTEP       ENERGY          RMS            GMAX         NAME    NUMBER
    800      -1.2273E+04     3.5164E-01     9.7868E+00     CH3        19

 BOND    =      930.7370  ANGLE   =        1.6796  DIHED      =       13.3447
 VDWAALS =     2277.9640  EEL     =   -15545.6209  HBOND      =        0.0000
 1-4 VDW =        2.8534  1-4 EEL =       45.6335  RESTRAINT  =        0.4428
 EAMBER  =   -12273.4087


   NSTEP       ENERGY          RMS            GMAX         NAME    NUMBER
    820      -1.2280E+04     3.3309E-01     1.0424E+01     C          15

 BOND    =      920.9778  ANGLE   =        1.3918  DIHED      =       13.3132
 VDWAALS =     2287.8266  EEL     =   -15552.0539  HBOND      =        0.0000
 1-4 VDW =        2.8229  1-4 EEL =       45.8450  RESTRAINT  =        0.2325
 EAMBER  =   -12279.8766


   NSTEP       ENERGY          RMS            GMAX         NAME    NUMBER
    840      -1.2288E+04     5.4817E-01     1.8671E+01     N          17

 BOND    =      929.6505  ANGLE   =        1.8532  DIHED      =       13.3582
 VDWAALS =     2291.9763  EEL     =   -15574.1717  HBOND      =        0.0000
 1-4 VDW =        2.8134  1-4 EEL =       46.2226  RESTRAINT  =        0.3981
 EAMBER  =   -12288.2975


   NSTEP       ENERGY          RMS            GMAX         NAME    NUMBER
    860      -1.2293E+04     3.1893E-01     1.0448E+01     N          17

 BOND    =      919.1558  ANGLE   =        1.4522  DIHED      =       13.3268
 VDWAALS =     2296.8479  EEL     =   -15573.2985  HBOND      =        0.0000
 1-4 VDW =        2.8870  1-4 EEL =       46.0811  RESTRAINT  =        0.2292
 EAMBER  =   -12293.5477


   NSTEP       ENERGY          RMS            GMAX         NAME    NUMBER
    880      -1.2301E+04     2.8984E-01     9.7601E+00     O           6

 BOND    =      931.6504  ANGLE   =        1.7459  DIHED      =       13.3218
 VDWAALS =     2311.8165  EEL     =   -15608.5154  HBOND      =        0.0000
 1-4 VDW =        2.9861  1-4 EEL =       45.6081  RESTRAINT  =        0.1916
 EAMBER  =   -12301.3866


   NSTEP       ENERGY          RMS            GMAX         NAME    NUMBER
    900      -1.2307E+04     4.1291E-01     1.0280E+01     O           6

 BOND    =      944.0569  ANGLE   =        1.6316  DIHED      =       13.3318
 VDWAALS =     2314.1811  EEL     =   -15629.6083  HBOND      =        0.0000
 1-4 VDW =        2.9096  1-4 EEL =       45.7354  RESTRAINT  =        0.4081
 EAMBER  =   -12307.7617


   NSTEP       ENERGY          RMS            GMAX         NAME    NUMBER
    920      -1.2313E+04     2.9003E-01     7.1709E+00     CB         11

 BOND    =      930.5339  ANGLE   =        1.3833  DIHED      =       13.2936
 VDWAALS =     2323.0681  EEL     =   -15629.9950  HBOND      =        0.0000
 1-4 VDW =        2.9099  1-4 EEL =       45.8910  RESTRAINT  =        0.1952
 EAMBER  =   -12312.9152


   NSTEP       ENERGY          RMS            GMAX         NAME    NUMBER
    940      -1.2322E+04     4.0960E-01     1.5311E+01     N          17

 BOND    =      938.3292  ANGLE   =        1.4951  DIHED      =       13.3030
 VDWAALS =     2328.1266  EEL     =   -15652.3896  HBOND      =        0.0000
 1-4 VDW =        2.8813  1-4 EEL =       46.2841  RESTRAINT  =        0.3897
 EAMBER  =   -12321.9704


   NSTEP       ENERGY          RMS            GMAX         NAME    NUMBER
    960      -1.2326E+04     3.1520E-01     9.6432E+00     C          15

 BOND    =      929.9000  ANGLE   =        1.4978  DIHED      =       13.2963
 VDWAALS =     2330.9197  EEL     =   -15650.2658  HBOND      =        0.0000
 1-4 VDW =        2.8994  1-4 EEL =       46.0365  RESTRAINT  =        0.1890
 EAMBER  =   -12325.7161


   NSTEP       ENERGY          RMS            GMAX         NAME    NUMBER
    980      -1.2331E+04     3.5263E-01     1.1435E+01     C           5

 BOND    =      935.6118  ANGLE   =        1.5599  DIHED      =       13.2884
 VDWAALS =     2340.0756  EEL     =   -15670.8666  HBOND      =        0.0000
 1-4 VDW =        2.9845  1-4 EEL =       45.8475  RESTRAINT  =        0.2098
 EAMBER  =   -12331.4989


   NSTEP       ENERGY          RMS            GMAX         NAME    NUMBER
   1000      -1.2336E+04     3.7154E-01     9.8010E+00     C          15

 BOND    =      946.0287  ANGLE   =        1.3948  DIHED      =       13.2660
 VDWAALS =     2340.6770  EEL     =   -15687.1105  HBOND      =        0.0000
 1-4 VDW =        3.0035  1-4 EEL =       45.8837  RESTRAINT  =        0.3667
 EAMBER  =   -12336.8568


  Maximum number of minimization cycles reached.


                    FINAL RESULTS



   NSTEP       ENERGY          RMS            GMAX         NAME    NUMBER
   1000      -1.2336E+04     3.7154E-01     9.8010E+00     C          15

 BOND    =      946.0287  ANGLE   =        1.3948  DIHED      =       13.2660
 VDWAALS =     2340.6770  EEL     =   -15687.1105  HBOND      =        0.0000
 1-4 VDW =        3.0035  1-4 EEL =       45.8837  RESTRAINT  =        0.3667
 EAMBER  =   -12336.8568

--------------------------------------------------------------------------------
   5.  TIMINGS
--------------------------------------------------------------------------------

|                Build the list             0.06 (50.94% of List )
|                Other                      0.06 (49.06% of List )
|             List time                  0.12 ( 1.10% of Nonbo)
|                   Short_ene time             7.77 (96.86% of Direc)
|                   Other                      0.25 ( 3.14% of Direc)
|                Direct Ewald time          8.02 (72.28% of Ewald)
|                Adjust Ewald time          0.04 ( 0.35% of Ewald)
|                Self Ewald time            0.00 ( 0.02% of Ewald)
|                   Fill Bspline coeffs        0.17 ( 6.73% of Recip)
|                   Fill charge grid           0.16 ( 6.05% of Recip)
|                   Scalar sum                 0.61 (23.60% of Recip)
|                   Grad sum                   0.35 (13.79% of Recip)
|                      FFT back comm time         0.21 (17.28% of FFT t)
|                      Other                      1.02 (82.72% of FFT t)
|                   FFT time                   1.24 (48.09% of Recip)
|                   Other                      0.04 ( 1.74% of Recip)
|                Recip Ewald time           2.57 (23.19% of Ewald)
|                Force Adjust               0.40 ( 3.61% of Ewald)
|                Virial junk                0.06 ( 0.50% of Ewald)
|                Start synchronizatio       0.00 ( 0.01% of Ewald)
|                Other                      0.01 ( 0.05% of Ewald)
|             Ewald time                11.10 (98.89% of Nonbo)
|             Other                      0.00 ( 0.01% of Nonbo)
|          Nonbond force             11.23 (91.70% of Force)
|          Bond/Angle/Dihedral        0.03 ( 0.28% of Force)
|          FRC Collect time           0.23 ( 1.89% of Force)
|          Other                      0.75 ( 6.13% of Force)
|       Force time                12.24 (100.0% of Runmd)
|    Runmd Time                12.24 ( 6.60% of Total)
|    Other                    173.30 (93.40% of Total)
| Total time               185.55 (100.0% of ALL  )

| Highest rstack allocated:      41152
| Highest istack allocated:        902
|           Job began  at 14:51:56.540  on 03/14/2017
|           Setup done at 14:51:56.639  on 03/14/2017
|           Run   done at 14:55:02.093  on 03/14/2017
|     wallclock() was called   44068 times
