
          -------------------------------------------------------
          Amber 16 SANDER                              2016
          -------------------------------------------------------

| Run on 03/14/2017 at 14:30:28

|   Executable path: sander.MPI
| Working directory: /home/steboss/projects/mdgx-tests/alanine/IPOLQ/input/PhiPsi_1/225/15
|          Hostname: node011

  [-O]verwriting output

File Assignments:
|  MDIN: min.in                                                                
| MDOUT: Conf15.min.out                                                        
|INPCRD: Conf15.crd                                                            
|  PARM: Conf15.top                                                            
|RESTRT: Conf15.min                                                            
|  REFC: Conf15.crd                                                            
| MDVEL: mdvel                                                                 
| MDFRC: mdfrc                                                                 
|  MDEN: mden                                                                  
| MDCRD: mdcrd                                                                 
|MDINFO: mdinfo                                                                
|  MTMD: mtmd                                                                  
|INPDIP: inpdip                                                                
|RSTDIP: rstdip                                                                
|INPTRA: inptraj                                                               

|    REMLOG: rem.log
|   REMTYPE: rem.type
|  REMSTRIP: 
|   SAVEENE: saveene
|CLUSTERINF: cluster.info
| RESERVOIR: reserv/frame
|   REMDDIM: 


 Here is the input file:

Initial minimization                                                           
 &cntrl                                                                        
  ntx    = 1,       irest  = 0,       ntrx   = 1,      ntxo   = 1,             
  ntpr   = 20,      ntwx   = 0,       ntwv   = 0,      ntwe   = 0,             
                                                                               
  ntf    = 1,       ntb    = 1,                                                
  ntc    = 1,       ntr    = 1,                                                
  restraintmask = ':1',                                                        
  restraint_wt = 100.0,                                                        
  cut    = 9.0,                                                                
                                                                               
  imin   = 1,                                                                  
  maxcyc = 1000,                                                               
  ncyc   = 100,                                                                
                                                                               
 &end                                                                          

--------------------------------------------------------------------------------
   1.  RESOURCE   USE: 
--------------------------------------------------------------------------------

| Flags: MPI                                                                    
 getting new box info from bottom of inpcrd
|  INFO: Old style inpcrd file read

| peek_ewald_inpcrd: Box info found
|Largest sphere to fit in unit cell has radius =    14.500
| New format PARM file being parsed.
| Version =    1.000 Date = 03/14/17 Time = 13:38:57
 NATOM  =    2857 NTYPES =       9 NBONH =    2847 MBONA  =       9
 NTHETH =      25 MTHETA =      11 NPHIH =      43 MPHIA  =      24
 NHPARM =       0 NPARM  =       0 NNB   =    3879 NRES   =     948
 NBONA  =       9 NTHETA =      11 NPHIA =      24 NUMBND =      10
 NUMANG =      16 NPTRA  =      19 NATYP =       9 NPHB   =       1
 IFBOX  =       2 NMXRS  =      10 IFCAP =       0 NEXTRA =       0
 NCOPY  =       0


|     Memory Use     Allocated
|     Real              329829
|     Hollerith           9521
|     Integer            88140
|     Max Pairs         316888
|     nblistReal         34284
|     nblist Int         87071
|       Total             4804 kbytes

| Note: 1-4 EEL scale factors are being read from the topology file.

| Note: 1-4 VDW scale factors are being read from the topology file.
| Duplicated    0 dihedrals
| Duplicated    0 dihedrals

     BOX TYPE: TRUNCATED OCTAHEDRON

--------------------------------------------------------------------------------
   2.  CONTROL  DATA  FOR  THE  RUN
--------------------------------------------------------------------------------

default_name                                                                    

General flags:
     imin    =       1, nmropt  =       0

Nature and format of input:
     ntx     =       1, irest   =       0, ntrx    =       1

Nature and format of output:
     ntxo    =       1, ntpr    =      20, ntrx    =       1, ntwr    =       1
     iwrap   =       0, ntwx    =       0, ntwv    =       0, ntwe    =       0
     ioutfm  =       1, ntwprt  =       0, idecomp =       0, rbornstat=      0

Potential function:
     ntf     =       1, ntb     =       1, igb     =       0, nsnb    =      25
     ipol    =       0, gbsa    =       0, iesp    =       0
     dielc   =   1.00000, cut     =   9.00000, intdiel =   1.00000

Frozen or restrained atoms:
     ibelly  =       0, ntr     =       1
     restraint_wt = 100.00000

Energy minimization:
     maxcyc  =    1000, ncyc    =     100, ntmin   =       1
     dx0     =   0.01000, drms    =   0.00010

Ewald parameters:
     verbose =       0, ew_type =       0, nbflag  =       1, use_pme =       1
     vdwmeth =       1, eedmeth =       1, netfrc  =       0
     Box X =   35.517   Box Y =   35.517   Box Z =   35.517
     Alpha =  109.471   Beta  =  109.471   Gamma =  109.471
     NFFT1 =   36       NFFT2 =   36       NFFT3 =   36
     Cutoff=    9.000   Tol   =0.100E-04
     Ewald Coefficient =  0.30768
     Interpolation order =    4

| MPI Timing options:
|      profile_mpi =        0

    LOADING THE CONSTRAINED ATOMS AS GROUPS


   5.  REFERENCE ATOM COORDINATES

  defa
     Mask :1; matches     6 atoms

--------------------------------------------------------------------------------
   3.  ATOMIC COORDINATES AND VELOCITIES
--------------------------------------------------------------------------------

default_name                                                                    
 begin time read from input coords =     0.000 ps

 Number of triangulated 3-point waters found:      945
|  Atom division among processors:
|         0     358     715    1072    1429    1786    2143    2500
|      2857

     Sum of charges from parm topology file =  -0.00000000
     Forcing neutrality...
|  Running AMBER/MPI version on    8 nodes


--------------------------------------------------------------------------------
   4.  RESULTS
--------------------------------------------------------------------------------

 ---------------------------------------------------
 APPROXIMATING switch and d/dx switch using CUBIC SPLINE INTERPOLATION
 using   5000.0 points per unit in tabled values
 TESTING RELATIVE ERROR over r ranging from 0.0 to cutoff
| CHECK switch(x): max rel err =   0.2738E-14   at   2.422500
| CHECK d/dx switch(x): max rel err =   0.8314E-11   at   2.736960
 ---------------------------------------------------
| Local SIZE OF NONBOND LIST =      88301
| TOTAL SIZE OF NONBOND LIST =     658959


   NSTEP       ENERGY          RMS            GMAX         NAME    NUMBER
      1      -7.9708E+03     1.2237E+01     6.1940E+01     O         296

 BOND    =        0.6631  ANGLE   =        1.1933  DIHED      =        8.3590
 VDWAALS =      922.9248  EEL     =    -8951.6079  HBOND      =        0.0000
 1-4 VDW =        3.4623  1-4 EEL =       44.2222  RESTRAINT  =        0.0000


   NSTEP       ENERGY          RMS            GMAX         NAME    NUMBER
     20      -8.8224E+03     2.7541E+00     2.0304E+01     O         377

 BOND    =      468.2471  ANGLE   =        1.2309  DIHED      =        8.4059
 VDWAALS =      872.2627  EEL     =   -10220.1638  HBOND      =        0.0000
 1-4 VDW =        3.4634  1-4 EEL =       44.1302  RESTRAINT  =        0.0067
 EAMBER  =    -8822.4236


   NSTEP       ENERGY          RMS            GMAX         NAME    NUMBER
     40      -9.4775E+03     2.1947E+00     9.4326E+00     H1       2379

 BOND    =      496.5135  ANGLE   =        1.2877  DIHED      =        8.4959
 VDWAALS =      913.4175  EEL     =   -10944.5738  HBOND      =        0.0000
 1-4 VDW =        3.4269  1-4 EEL =       43.9443  RESTRAINT  =        0.0151
 EAMBER  =    -9477.4880


   NSTEP       ENERGY          RMS            GMAX         NAME    NUMBER
     60      -9.7117E+03     3.3804E+00     1.0807E+01     H2       1345

 BOND    =      493.1620  ANGLE   =        1.3147  DIHED      =        8.5395
 VDWAALS =      948.7884  EEL     =   -11210.7726  HBOND      =        0.0000
 1-4 VDW =        3.4043  1-4 EEL =       43.8743  RESTRAINT  =        0.0160
 EAMBER  =    -9711.6894


   NSTEP       ENERGY          RMS            GMAX         NAME    NUMBER
     80      -9.8650E+03     3.9749E+00     1.3499E+01     H2       1345

 BOND    =      500.0628  ANGLE   =        1.3286  DIHED      =        8.5661
 VDWAALS =      984.3404  EEL     =   -11406.5250  HBOND      =        0.0000
 1-4 VDW =        3.3913  1-4 EEL =       43.8411  RESTRAINT  =        0.0166
 EAMBER  =    -9864.9947


   NSTEP       ENERGY          RMS            GMAX         NAME    NUMBER
    100      -1.0001E+04     9.4439E-01     5.1028E+00     H1        828

 BOND    =      593.8077  ANGLE   =        1.3350  DIHED      =        8.5831
 VDWAALS =     1018.8311  EEL     =   -11670.6755  HBOND      =        0.0000
 1-4 VDW =        3.3847  1-4 EEL =       43.8301  RESTRAINT  =        0.0170
 EAMBER  =   -10000.9039


   NSTEP       ENERGY          RMS            GMAX         NAME    NUMBER
    120      -1.0470E+04     5.0496E+00     9.7647E+01     H2        427

 BOND    =      701.3110  ANGLE   =        1.3193  DIHED      =        8.6639
 VDWAALS =     1426.6723  EEL     =   -12655.1945  HBOND      =        0.0000
 1-4 VDW =        3.3892  1-4 EEL =       43.9614  RESTRAINT  =        0.0224
 EAMBER  =   -10469.8775


   NSTEP       ENERGY          RMS            GMAX         NAME    NUMBER
    140      -1.0625E+04     1.7483E+00     4.1114E+01     H2        727

 BOND    =      713.5652  ANGLE   =        1.3356  DIHED      =        8.6206
 VDWAALS =     1419.2522  EEL     =   -12815.4480  HBOND      =        0.0000
 1-4 VDW =        3.4090  1-4 EEL =       44.0595  RESTRAINT  =        0.0160
 EAMBER  =   -10625.2061


   NSTEP       ENERGY          RMS            GMAX         NAME    NUMBER
    160      -1.0734E+04     1.7203E+00     3.6045E+01     O         725

 BOND    =      700.3222  ANGLE   =        1.3463  DIHED      =        8.5855
 VDWAALS =     1438.2505  EEL     =   -12929.8908  HBOND      =        0.0000
 1-4 VDW =        3.4061  1-4 EEL =       44.1244  RESTRAINT  =        0.0140
 EAMBER  =   -10733.8559


   NSTEP       ENERGY          RMS            GMAX         NAME    NUMBER
    180      -1.0849E+04     1.1546E+00     3.1371E+01     O         725

 BOND    =      739.9986  ANGLE   =        1.8950  DIHED      =        8.6042
 VDWAALS =     1591.1909  EEL     =   -13237.9825  HBOND      =        0.0000
 1-4 VDW =        3.4137  1-4 EEL =       44.1790  RESTRAINT  =        0.0476
 EAMBER  =   -10848.7011


   NSTEP       ENERGY          RMS            GMAX         NAME    NUMBER
    200      -1.0942E+04     1.8222E+00     4.5667E+01     C           5

 BOND    =      763.3476  ANGLE   =        2.1380  DIHED      =        9.2756
 VDWAALS =     1643.0190  EEL     =   -13407.1376  HBOND      =        0.0000
 1-4 VDW =        3.3601  1-4 EEL =       44.1354  RESTRAINT  =        0.3155
 EAMBER  =   -10941.8619


   NSTEP       ENERGY          RMS            GMAX         NAME    NUMBER
    220      -1.0996E+04     1.1691E+00     3.9833E+01     C           5

 BOND    =      757.0857  ANGLE   =        2.3349  DIHED      =        9.3729
 VDWAALS =     1660.4299  EEL     =   -13473.1935  HBOND      =        0.0000
 1-4 VDW =        3.3012  1-4 EEL =       44.1187  RESTRAINT  =        0.2963
 EAMBER  =   -10996.5502


   NSTEP       ENERGY          RMS            GMAX         NAME    NUMBER
    240      -1.1034E+04     1.0544E+00     3.2237E+01     C           5

 BOND    =      782.1312  ANGLE   =        1.6756  DIHED      =        8.5667
 VDWAALS =     1699.9303  EEL     =   -13574.0190  HBOND      =        0.0000
 1-4 VDW =        3.4096  1-4 EEL =       44.4343  RESTRAINT  =        0.0892
 EAMBER  =   -11033.8715


   NSTEP       ENERGY          RMS            GMAX         NAME    NUMBER
    260      -1.1115E+04     1.4073E+00     3.7732E+01     C          15

 BOND    =      782.8045  ANGLE   =        3.6157  DIHED      =        8.7619
 VDWAALS =     1801.5774  EEL     =   -13759.8106  HBOND      =        0.0000
 1-4 VDW =        3.3205  1-4 EEL =       44.1098  RESTRAINT  =        0.7203
 EAMBER  =   -11115.6208


   NSTEP       ENERGY          RMS            GMAX         NAME    NUMBER
    280      -1.1149E+04     6.4849E-01     1.4007E+01     O           6

 BOND    =      805.5646  ANGLE   =        1.6212  DIHED      =        8.6033
 VDWAALS =     1824.7972  EEL     =   -13836.9776  HBOND      =        0.0000
 1-4 VDW =        3.2966  1-4 EEL =       43.4680  RESTRAINT  =        0.2065
 EAMBER  =   -11149.6267


   NSTEP       ENERGY          RMS            GMAX         NAME    NUMBER
    300      -1.1192E+04     2.5424E+00     9.6036E+01     C           5

 BOND    =      821.5761  ANGLE   =        6.3525  DIHED      =        9.1867
 VDWAALS =     1894.4249  EEL     =   -13972.2845  HBOND      =        0.0000
 1-4 VDW =        3.4392  1-4 EEL =       43.7472  RESTRAINT  =        1.2371
 EAMBER  =   -11193.5579


   NSTEP       ENERGY          RMS            GMAX         NAME    NUMBER
    320      -1.1242E+04     5.2442E-01     1.7332E+01     CB         11

 BOND    =      812.4604  ANGLE   =        1.6947  DIHED      =        8.7488
 VDWAALS =     1902.9144  EEL     =   -14016.1841  HBOND      =        0.0000
 1-4 VDW =        3.5066  1-4 EEL =       44.6393  RESTRAINT  =        0.1019
 EAMBER  =   -11242.2199


   NSTEP       ENERGY          RMS            GMAX         NAME    NUMBER
    340      -1.1261E+04     1.0084E+00     3.2981E+01     C           5

 BOND    =      815.2488  ANGLE   =        2.5947  DIHED      =        8.7783
 VDWAALS =     1916.6967  EEL     =   -14052.1789  HBOND      =        0.0000
 1-4 VDW =        3.3943  1-4 EEL =       44.5230  RESTRAINT  =        0.2894
 EAMBER  =   -11260.9431


   NSTEP       ENERGY          RMS            GMAX         NAME    NUMBER
    360      -1.1306E+04     9.8194E-01     3.1968E+01     CH3        19

 BOND    =      832.5563  ANGLE   =        1.8601  DIHED      =        8.7635
 VDWAALS =     1966.3964  EEL     =   -14163.3348  HBOND      =        0.0000
 1-4 VDW =        3.3715  1-4 EEL =       44.1852  RESTRAINT  =        0.0432
 EAMBER  =   -11306.2019


   NSTEP       ENERGY          RMS            GMAX         NAME    NUMBER
    380      -1.1325E+04     2.9945E-01     7.9524E+00     C          15

 BOND    =      831.2813  ANGLE   =        1.5049  DIHED      =        8.5501
 VDWAALS =     1972.6420  EEL     =   -14186.3343  HBOND      =        0.0000
 1-4 VDW =        3.3510  1-4 EEL =       43.7079  RESTRAINT  =        0.1211
 EAMBER  =   -11325.2970


   NSTEP       ENERGY          RMS            GMAX         NAME    NUMBER
    400      -1.1366E+04     1.1242E+00     2.8613E+01     CA          9

 BOND    =      842.9406  ANGLE   =        1.5004  DIHED      =       10.3537
 VDWAALS =     2032.0146  EEL     =   -14301.3835  HBOND      =        0.0000
 1-4 VDW =        3.4455  1-4 EEL =       44.6111  RESTRAINT  =        0.1349
 EAMBER  =   -11366.5175


   NSTEP       ENERGY          RMS            GMAX         NAME    NUMBER
    420      -1.1393E+04     5.7796E-01     1.7237E+01     C           5

 BOND    =      842.7477  ANGLE   =        1.3581  DIHED      =        8.6763
 VDWAALS =     2037.9839  EEL     =   -14331.1579  HBOND      =        0.0000
 1-4 VDW =        3.4085  1-4 EEL =       44.3911  RESTRAINT  =        0.0767
 EAMBER  =   -11392.5923


   NSTEP       ENERGY          RMS            GMAX         NAME    NUMBER
    440      -1.1404E+04     4.3861E-01     9.8220E+00     CA          9

 BOND    =      849.9902  ANGLE   =        1.7543  DIHED      =        8.5998
 VDWAALS =     2050.1104  EEL     =   -14361.2430  HBOND      =        0.0000
 1-4 VDW =        3.3498  1-4 EEL =       43.7544  RESTRAINT  =        0.1538
 EAMBER  =   -11403.6841


   NSTEP       ENERGY          RMS            GMAX         NAME    NUMBER
    460      -1.1434E+04     6.3952E-01     1.5465E+01     C          15

 BOND    =      853.6183  ANGLE   =        1.6835  DIHED      =        8.7369
 VDWAALS =     2091.6088  EEL     =   -14437.0357  HBOND      =        0.0000
 1-4 VDW =        3.3568  1-4 EEL =       43.6680  RESTRAINT  =        0.1337
 EAMBER  =   -11434.3633


   NSTEP       ENERGY          RMS            GMAX         NAME    NUMBER
    480      -1.1445E+04     2.8065E-01     5.5848E+00     C          15

 BOND    =      855.8703  ANGLE   =        1.4660  DIHED      =        8.5613
 VDWAALS =     2096.2725  EEL     =   -14455.1709  HBOND      =        0.0000
 1-4 VDW =        3.3994  1-4 EEL =       44.3016  RESTRAINT  =        0.0164
 EAMBER  =   -11445.2997


   NSTEP       ENERGY          RMS            GMAX         NAME    NUMBER
    500      -1.1462E+04     6.2511E-01     1.5760E+01     CA          9

 BOND    =      862.9583  ANGLE   =        1.5710  DIHED      =        8.9739
 VDWAALS =     2117.7203  EEL     =   -14501.7868  HBOND      =        0.0000
 1-4 VDW =        3.5807  1-4 EEL =       44.9617  RESTRAINT  =        0.3135
 EAMBER  =   -11462.0209


   NSTEP       ENERGY          RMS            GMAX         NAME    NUMBER
    520      -1.1472E+04     3.3879E-01     8.2145E+00     N          17

 BOND    =      862.4127  ANGLE   =        1.2974  DIHED      =        8.5881
 VDWAALS =     2123.4765  EEL     =   -14515.2722  HBOND      =        0.0000
 1-4 VDW =        3.3341  1-4 EEL =       44.2591  RESTRAINT  =        0.0070
 EAMBER  =   -11471.9042


   NSTEP       ENERGY          RMS            GMAX         NAME    NUMBER
    540      -1.1479E+04     4.5038E-01     1.1573E+01     CA          9

 BOND    =      864.4991  ANGLE   =        1.9895  DIHED      =        8.6292
 VDWAALS =     2131.0133  EEL     =   -14532.4053  HBOND      =        0.0000
 1-4 VDW =        3.1851  1-4 EEL =       43.4915  RESTRAINT  =        0.1738
 EAMBER  =   -11479.5977


   NSTEP       ENERGY          RMS            GMAX         NAME    NUMBER
    560      -1.1493E+04     4.7753E-01     1.1638E+01     C          15

 BOND    =      865.0014  ANGLE   =        1.7267  DIHED      =        8.6684
 VDWAALS =     2146.4831  EEL     =   -14561.6447  HBOND      =        0.0000
 1-4 VDW =        3.2616  1-4 EEL =       43.7038  RESTRAINT  =        0.0864
 EAMBER  =   -11492.7995


   NSTEP       ENERGY          RMS            GMAX         NAME    NUMBER
    580      -1.1501E+04     3.1804E-01     9.1811E+00     N          17

 BOND    =      869.5128  ANGLE   =        1.4150  DIHED      =        8.7007
 VDWAALS =     2156.1673  EEL     =   -14584.7050  HBOND      =        0.0000
 1-4 VDW =        3.5006  1-4 EEL =       44.4005  RESTRAINT  =        0.0265
 EAMBER  =   -11501.0081


   NSTEP       ENERGY          RMS            GMAX         NAME    NUMBER
    600      -1.1511E+04     6.2565E-01     1.2725E+01     N           7

 BOND    =      876.3214  ANGLE   =        1.1290  DIHED      =        8.9569
 VDWAALS =     2169.3277  EEL     =   -14615.4401  HBOND      =        0.0000
 1-4 VDW =        3.7251  1-4 EEL =       44.8368  RESTRAINT  =        0.1326
 EAMBER  =   -11511.1432


   NSTEP       ENERGY          RMS            GMAX         NAME    NUMBER
    620      -1.1519E+04     2.4839E-01     5.7920E+00     C           5

 BOND    =      873.1630  ANGLE   =        1.1613  DIHED      =        8.6424
 VDWAALS =     2174.4344  EEL     =   -14624.5484  HBOND      =        0.0000
 1-4 VDW =        3.4281  1-4 EEL =       44.4201  RESTRAINT  =        0.0112
 EAMBER  =   -11519.2991


   NSTEP       ENERGY          RMS            GMAX         NAME    NUMBER
    640      -1.1527E+04     6.0600E-01     1.6018E+01     C          15

 BOND    =      875.1161  ANGLE   =        2.1114  DIHED      =        8.7254
 VDWAALS =     2180.2947  EEL     =   -14639.9438  HBOND      =        0.0000
 1-4 VDW =        3.1380  1-4 EEL =       43.6681  RESTRAINT  =        0.1506
 EAMBER  =   -11526.8902


   NSTEP       ENERGY          RMS            GMAX         NAME    NUMBER
    660      -1.1541E+04     6.2893E-01     1.7242E+01     C          15

 BOND    =      874.4410  ANGLE   =        2.2521  DIHED      =        8.6806
 VDWAALS =     2194.4582  EEL     =   -14667.9902  HBOND      =        0.0000
 1-4 VDW =        3.1628  1-4 EEL =       43.9431  RESTRAINT  =        0.0791
 EAMBER  =   -11541.0524


   NSTEP       ENERGY          RMS            GMAX         NAME    NUMBER
    680      -1.1549E+04     3.1188E-01     1.1307E+01     N          17

 BOND    =      881.0732  ANGLE   =        1.4020  DIHED      =        8.8301
 VDWAALS =     2202.3913  EEL     =   -14690.7602  HBOND      =        0.0000
 1-4 VDW =        3.6040  1-4 EEL =       44.6747  RESTRAINT  =        0.0767
 EAMBER  =   -11548.7849


   NSTEP       ENERGY          RMS            GMAX         NAME    NUMBER
    700      -1.1557E+04     5.1661E-01     1.3442E+01     C          15

 BOND    =      883.5109  ANGLE   =        1.3401  DIHED      =        8.7970
 VDWAALS =     2209.9438  EEL     =   -14708.5365  HBOND      =        0.0000
 1-4 VDW =        3.5400  1-4 EEL =       44.8382  RESTRAINT  =        0.0518
 EAMBER  =   -11556.5665


   NSTEP       ENERGY          RMS            GMAX         NAME    NUMBER
    720      -1.1563E+04     2.6450E-01     6.4762E+00     C           5

 BOND    =      881.6978  ANGLE   =        1.1011  DIHED      =        8.7207
 VDWAALS =     2215.2781  EEL     =   -14717.4463  HBOND      =        0.0000
 1-4 VDW =        3.3962  1-4 EEL =       44.4964  RESTRAINT  =        0.0078
 EAMBER  =   -11562.7561


   NSTEP       ENERGY          RMS            GMAX         NAME    NUMBER
    740      -1.1569E+04     5.7988E-01     1.7342E+01     N           7

 BOND    =      884.0494  ANGLE   =        1.9583  DIHED      =        8.7969
 VDWAALS =     2220.7876  EEL     =   -14731.8196  HBOND      =        0.0000
 1-4 VDW =        3.1499  1-4 EEL =       43.9451  RESTRAINT  =        0.0655
 EAMBER  =   -11569.1324


   NSTEP       ENERGY          RMS            GMAX         NAME    NUMBER
    760      -1.1574E+04     3.4953E-01     1.0846E+01     C          15

 BOND    =      881.8403  ANGLE   =        1.8220  DIHED      =        8.7005
 VDWAALS =     2225.3443  EEL     =   -14739.5746  HBOND      =        0.0000
 1-4 VDW =        3.2390  1-4 EEL =       44.2087  RESTRAINT  =        0.0134
 EAMBER  =   -11574.4197


   NSTEP       ENERGY          RMS            GMAX         NAME    NUMBER
    780      -1.1582E+04     2.9164E-01     9.7142E+00     N          17

 BOND    =      888.3381  ANGLE   =        1.4502  DIHED      =        8.9288
 VDWAALS =     2235.1010  EEL     =   -14764.0866  HBOND      =        0.0000
 1-4 VDW =        3.5202  1-4 EEL =       44.6661  RESTRAINT  =        0.0411
 EAMBER  =   -11582.0822


   NSTEP       ENERGY          RMS            GMAX         NAME    NUMBER
    800      -1.1588E+04     3.3867E-01     9.8270E+00     C          15

 BOND    =      890.5072  ANGLE   =        1.2308  DIHED      =        8.8093
 VDWAALS =     2239.1279  EEL     =   -14775.5852  HBOND      =        0.0000
 1-4 VDW =        3.4825  1-4 EEL =       44.8557  RESTRAINT  =        0.0371
 EAMBER  =   -11587.5718


   NSTEP       ENERGY          RMS            GMAX         NAME    NUMBER
    820      -1.1592E+04     2.5816E-01     7.4286E+00     C           5

 BOND    =      886.9357  ANGLE   =        1.1698  DIHED      =        8.7906
 VDWAALS =     2243.6575  EEL     =   -14780.3108  HBOND      =        0.0000
 1-4 VDW =        3.4124  1-4 EEL =       44.7007  RESTRAINT  =        0.0203
 EAMBER  =   -11591.6442


   NSTEP       ENERGY          RMS            GMAX         NAME    NUMBER
    840      -1.1598E+04     4.5448E-01     1.4915E+01     N          17

 BOND    =      890.2796  ANGLE   =        1.7849  DIHED      =        8.8650
 VDWAALS =     2248.6748  EEL     =   -14794.7654  HBOND      =        0.0000
 1-4 VDW =        3.2354  1-4 EEL =       44.1410  RESTRAINT  =        0.0266
 EAMBER  =   -11597.7847


   NSTEP       ENERGY          RMS            GMAX         NAME    NUMBER
    860      -1.1602E+04     3.3190E-01     1.0426E+01     C          15

 BOND    =      887.6859  ANGLE   =        1.6403  DIHED      =        8.8153
 VDWAALS =     2252.2432  EEL     =   -14799.6857  HBOND      =        0.0000
 1-4 VDW =        3.2748  1-4 EEL =       44.3559  RESTRAINT  =        0.0058
 EAMBER  =   -11601.6704


   NSTEP       ENERGY          RMS            GMAX         NAME    NUMBER
    880      -1.1607E+04     3.3688E-01     9.8713E+00     C          15

 BOND    =      892.0341  ANGLE   =        1.2540  DIHED      =        8.9099
 VDWAALS =     2259.1205  EEL     =   -14816.4938  HBOND      =        0.0000
 1-4 VDW =        3.4907  1-4 EEL =       44.8220  RESTRAINT  =        0.0462
 EAMBER  =   -11606.8625


   NSTEP       ENERGY          RMS            GMAX         NAME    NUMBER
    900      -1.1611E+04     3.1662E-01     8.8806E+00     C          15

 BOND    =      894.6394  ANGLE   =        1.1413  DIHED      =        8.9010
 VDWAALS =     2262.4169  EEL     =   -14826.2880  HBOND      =        0.0000
 1-4 VDW =        3.4233  1-4 EEL =       44.8869  RESTRAINT  =        0.0421
 EAMBER  =   -11610.8792


   NSTEP       ENERGY          RMS            GMAX         NAME    NUMBER
    920      -1.1614E+04     2.2119E-01     5.4658E+00     C          15

 BOND    =      891.7631  ANGLE   =        1.0525  DIHED      =        8.9125
 VDWAALS =     2265.5948  EEL     =   -14829.5074  HBOND      =        0.0000
 1-4 VDW =        3.4182  1-4 EEL =       44.8055  RESTRAINT  =        0.0335
 EAMBER  =   -11613.9608


   NSTEP       ENERGY          RMS            GMAX         NAME    NUMBER
    940      -1.1618E+04     3.1435E-01     1.1393E+01     N          17

 BOND    =      894.7883  ANGLE   =        1.6009  DIHED      =        8.9046
 VDWAALS =     2269.0885  EEL     =   -14840.1484  HBOND      =        0.0000
 1-4 VDW =        3.2787  1-4 EEL =       44.3000  RESTRAINT  =        0.0169
 EAMBER  =   -11618.1874


   NSTEP       ENERGY          RMS            GMAX         NAME    NUMBER
    960      -1.1622E+04     2.6266E-01     7.3229E+00     C          15

 BOND    =      892.9805  ANGLE   =        1.5498  DIHED      =        8.9037
 VDWAALS =     2272.2401  EEL     =   -14845.4220  HBOND      =        0.0000
 1-4 VDW =        3.2596  1-4 EEL =       44.4054  RESTRAINT  =        0.0044
 EAMBER  =   -11622.0829


   NSTEP       ENERGY          RMS            GMAX         NAME    NUMBER
    980      -1.1626E+04     2.8534E-01     9.6599E+00     N          17

 BOND    =      895.4935  ANGLE   =        1.1733  DIHED      =        8.9435
 VDWAALS =     2275.5904  EEL     =   -14855.5775  HBOND      =        0.0000
 1-4 VDW =        3.3920  1-4 EEL =       44.7843  RESTRAINT  =        0.0348
 EAMBER  =   -11626.2006


   NSTEP       ENERGY          RMS            GMAX         NAME    NUMBER
   1000      -1.1630E+04     3.7343E-01     1.1535E+01     C           5

 BOND    =      897.7174  ANGLE   =        1.1955  DIHED      =        9.0191
 VDWAALS =     2278.1834  EEL     =   -14864.8205  HBOND      =        0.0000
 1-4 VDW =        3.3824  1-4 EEL =       45.0174  RESTRAINT  =        0.0770
 EAMBER  =   -11630.3054


  Maximum number of minimization cycles reached.


                    FINAL RESULTS



   NSTEP       ENERGY          RMS            GMAX         NAME    NUMBER
   1000      -1.1630E+04     3.7343E-01     1.1535E+01     C           5

 BOND    =      897.7174  ANGLE   =        1.1955  DIHED      =        9.0191
 VDWAALS =     2278.1834  EEL     =   -14864.8205  HBOND      =        0.0000
 1-4 VDW =        3.3824  1-4 EEL =       45.0174  RESTRAINT  =        0.0770
 EAMBER  =   -11630.3054

--------------------------------------------------------------------------------
   5.  TIMINGS
--------------------------------------------------------------------------------

|                Build the list             0.06 (56.79% of List )
|                Other                      0.05 (43.21% of List )
|             List time                  0.11 ( 1.21% of Nonbo)
|                   Short_ene time             5.81 (96.40% of Direc)
|                   Other                      0.22 ( 3.60% of Direc)
|                Direct Ewald time          6.02 (68.15% of Ewald)
|                Adjust Ewald time          0.04 ( 0.40% of Ewald)
|                Self Ewald time            0.00 ( 0.02% of Ewald)
|                   Fill Bspline coeffs        0.15 ( 6.33% of Recip)
|                   Fill charge grid           0.12 ( 4.79% of Recip)
|                   Scalar sum                 0.52 (21.84% of Recip)
|                   Grad sum                   0.27 (11.27% of Recip)
|                      FFT back comm time         0.37 (28.76% of FFT t)
|                      Other                      0.91 (71.24% of FFT t)
|                   FFT time                   1.28 (53.43% of Recip)
|                   Other                      0.06 ( 2.34% of Recip)
|                Recip Ewald time           2.40 (27.18% of Ewald)
|                Force Adjust               0.29 ( 3.28% of Ewald)
|                Virial junk                0.08 ( 0.91% of Ewald)
|                Start synchronizatio       0.00 ( 0.01% of Ewald)
|                Other                      0.00 ( 0.05% of Ewald)
|             Ewald time                 8.84 (98.77% of Nonbo)
|             Other                      0.00 ( 0.01% of Nonbo)
|          Nonbond force              8.95 (89.23% of Force)
|          Bond/Angle/Dihedral        0.03 ( 0.30% of Force)
|          FRC Collect time           0.22 ( 2.18% of Force)
|          Other                      0.83 ( 8.29% of Force)
|       Force time                10.03 (100.0% of Runmd)
|    Runmd Time                10.03 ( 5.93% of Total)
|    Other                    158.99 (94.06% of Total)
| Total time               169.02 (100.0% of ALL  )

| Highest rstack allocated:      39640
| Highest istack allocated:        846
|           Job began  at 14:30:28.172  on 03/14/2017
|           Setup done at 14:30:28.291  on 03/14/2017
|           Run   done at 14:33:17.201  on 03/14/2017
|     wallclock() was called   44068 times
