
          -------------------------------------------------------
          Amber 16 SANDER                              2016
          -------------------------------------------------------

| Run on 03/14/2017 at 14:20:24

|   Executable path: sander.MPI
| Working directory: /home/steboss/projects/mdgx-tests/alanine/IPOLQ/input/PhiPsi_1/180/255
|          Hostname: node006

  [-O]verwriting output

File Assignments:
|  MDIN: equil.in                                                              
| MDOUT: Conf255.eq.out                                                        
|INPCRD: Conf255.min                                                           
|  PARM: Conf255.top                                                           
|RESTRT: Conf255.rst                                                           
|  REFC: Conf255.crd                                                           
| MDVEL: mdvel                                                                 
| MDFRC: mdfrc                                                                 
|  MDEN: mden                                                                  
| MDCRD: mdcrd                                                                 
|MDINFO: mdinfo                                                                
|  MTMD: mtmd                                                                  
|INPDIP: inpdip                                                                
|RSTDIP: rstdip                                                                
|INPTRA: inptraj                                                               

|    REMLOG: rem.log
|   REMTYPE: rem.type
|  REMSTRIP: 
|   SAVEENE: saveene
|CLUSTERINF: cluster.info
| RESERVOIR: reserv/frame
|   REMDDIM: 


 Here is the input file:

Equilibrate water in NPT                                                       
 &cntrl                                                                        
                                                                               
  nmropt = 0,                                                                  
  ntx    = 1,       irest  = 0,       ntrx   = 1,      ntxo   = 1,             
  ntpr   = 1000,    ntwx   = 1000,    ntwv   = 0,      ntwe   = 1000,          
  iwrap  = 0,       ioutfm = 1,                                                
                                                                               
  ntf    = 2,       ntb    = 2,                                                
  cut = 9.0,                                                                   
                                                                               
  ibelly = 0,       ntr    = 1,                                                
  restraintmask = ':1',                                                        
  restraint_wt = 100.0,                                                        
                                                                               
  imin   = 0,                                                                  
  nstlim = 10000,                                                              
  nscm   = 1000,                                                               
  t      = 0.0,     dt     = 0.002,                                            
                                                                               
  temp0     = 298.0,   tempi  = 0.0,                                           
  ig        = -1,                                                              
  ntt       = 3,                                                               
  gamma_ln  = 3.0,                                                             
                                                                               
  ntp    = 1,       pres0  = 1.0,     comp   = 44.6,                           
  taup   = 1.0,                                                                
                                                                               
  ntc    = 2,       tol    = 0.000001, watnam = 'WAT ',                        
                                                                               
 &end                                                                          

--------------------------------------------------------------------------------
   1.  RESOURCE   USE: 
--------------------------------------------------------------------------------

| Flags: MPI                                                                    
 getting new box info from bottom of inpcrd
|  INFO: Old style inpcrd file read

| peek_ewald_inpcrd: Box info found
|Largest sphere to fit in unit cell has radius =    14.948
| New format PARM file being parsed.
| Version =    1.000 Date = 03/14/17 Time = 13:38:35
 NATOM  =    3169 NTYPES =       9 NBONH =    3159 MBONA  =       9
 NTHETH =      25 MTHETA =      11 NPHIH =      43 MPHIA  =      24
 NHPARM =       0 NPARM  =       0 NNB   =    4295 NRES   =    1052
 NBONA  =       9 NTHETA =      11 NPHIA =      24 NUMBND =      10
 NUMANG =      16 NPTRA  =      19 NATYP =       9 NPHB   =       1
 IFBOX  =       2 NMXRS  =      10 IFCAP =       0 NEXTRA =       0
 NCOPY  =       0


|     Memory Use     Allocated
|     Real              318121
|     Hollerith          10561
|     Integer            95212
|     Max Pairs         351494
|     nblistReal         38028
|     nblist Int        104282
|       Total             4975 kbytes

| Note: 1-4 EEL scale factors are being read from the topology file.

| Note: 1-4 VDW scale factors are being read from the topology file.
| Duplicated    0 dihedrals
| Duplicated    0 dihedrals

     BOX TYPE: TRUNCATED OCTAHEDRON
Note: ig = -1. Setting random seed to   392401 based on wallclock time in microseconds
      and disabling the synchronization of random numbers between tasks
      to improve performance.

--------------------------------------------------------------------------------
   2.  CONTROL  DATA  FOR  THE  RUN
--------------------------------------------------------------------------------

default_name                                                                    

General flags:
     imin    =       0, nmropt  =       0

Nature and format of input:
     ntx     =       1, irest   =       0, ntrx    =       1

Nature and format of output:
     ntxo    =       1, ntpr    =    1000, ntrx    =       1, ntwr    =   10000
     iwrap   =       0, ntwx    =    1000, ntwv    =       0, ntwe    =    1000
     ioutfm  =       1, ntwprt  =       0, idecomp =       0, rbornstat=      0

Potential function:
     ntf     =       2, ntb     =       2, igb     =       0, nsnb    =      25
     ipol    =       0, gbsa    =       0, iesp    =       0
     dielc   =   1.00000, cut     =   9.00000, intdiel =   1.00000

Frozen or restrained atoms:
     ibelly  =       0, ntr     =       1
     restraint_wt = 100.00000

Molecular dynamics:
     nstlim  =     10000, nscm    =         0, nrespa  =         1
     t       =   0.00000, dt      =   0.00200, vlimit  =  20.00000

Langevin dynamics temperature regulation:
     ig      =  392401
     temp0   = 298.00000, tempi   =   0.00000, gamma_ln=   3.00000

Pressure regulation:
     ntp     =       1
     pres0   =   1.00000, comp    =  44.60000, taup    =   1.00000

SHAKE:
     ntc     =       2, jfastw  =       0
     tol     =   0.00000

Ewald parameters:
     verbose =       0, ew_type =       0, nbflag  =       1, use_pme =       1
     vdwmeth =       1, eedmeth =       1, netfrc  =       1
     Box X =   36.614   Box Y =   36.614   Box Z =   36.614
     Alpha =  109.471   Beta  =  109.471   Gamma =  109.471
     NFFT1 =   36       NFFT2 =   36       NFFT3 =   36
     Cutoff=    9.000   Tol   =0.100E-04
     Ewald Coefficient =  0.30768
     Interpolation order =    4

| MPI Timing options:
|      profile_mpi =        0

    LOADING THE CONSTRAINED ATOMS AS GROUPS


   5.  REFERENCE ATOM COORDINATES

  defa
     Mask :1; matches     6 atoms

--------------------------------------------------------------------------------
   3.  ATOMIC COORDINATES AND VELOCITIES
--------------------------------------------------------------------------------

defa                                                                            
 begin time read from input coords =     0.000 ps

 Number of triangulated 3-point waters found:     1049
|  Atom division among processors:
|         0     397     793    1189    1585    1981    2377    2773
|      3169

     Sum of charges from parm topology file =  -0.00000000
     Forcing neutrality...
|  Running AMBER/MPI version on    8 nodes


--------------------------------------------------------------------------------
   4.  RESULTS
--------------------------------------------------------------------------------

|  # of SOLUTE  degrees of freedom (RNDFP):    6348.
|  # of SOLVENT degrees of freedom (RNDFS):       0.
|  NDFMIN =    6348.     NUM_NOSHAKE =      0     CORRECTED RNDFP =    6348.
|  TOTAL # of degrees of freedom (RNDF) =    6348.
 ---------------------------------------------------
 APPROXIMATING switch and d/dx switch using CUBIC SPLINE INTERPOLATION
 using   5000.0 points per unit in tabled values
 TESTING RELATIVE ERROR over r ranging from 0.0 to cutoff
| CHECK switch(x): max rel err =   0.2738E-14   at   2.422500
| CHECK d/dx switch(x): max rel err =   0.8314E-11   at   2.736960
 ---------------------------------------------------
| Local SIZE OF NONBOND LIST =     101557
| TOTAL SIZE OF NONBOND LIST =     743485

 NSTEP =        0   TIME(PS) =       0.000  TEMP(K) =     0.00  PRESS = -5074.9
 Etot   =    -13830.8285  EKtot   =         0.0000  EPtot      =    -13830.8285
 BOND   =         0.6581  ANGLE   =         1.3103  DIHED      =         8.8681
 1-4 NB =         3.3112  1-4 EEL =        47.1409  VDWAALS    =      2478.8657
 EELEC  =    -16371.1250  EHBOND  =         0.0000  RESTRAINT  =         0.1422
 EAMBER (non-restraint)  =    -13830.9707
 EKCMT  =         0.0000  VIRIAL  =      4140.3952  VOLUME     =     37786.2912
                                                    Density    =         0.8369
 Ewald error estimate:   0.1096E-03
 ------------------------------------------------------------------------------


 NSTEP =     1000   TIME(PS) =       2.000  TEMP(K) =   291.01  PRESS =  -718.5
 Etot   =     -8139.3792  EKtot   =      1835.5208  EPtot      =     -9974.9000
 BOND   =         1.9405  ANGLE   =         9.8788  DIHED      =        13.4695
 1-4 NB =         3.9669  1-4 EEL =        46.6647  VDWAALS    =      1504.8591
 EELEC  =    -11558.1958  EHBOND  =         0.0000  RESTRAINT  =         2.5163
 EAMBER (non-restraint)  =     -9977.4164
 EKCMT  =       913.0556  VIRIAL  =      1451.9070  VOLUME     =     34733.9574
                                                    Density    =         0.9104
 Ewald error estimate:   0.5779E-04
 ------------------------------------------------------------------------------


 NSTEP =     2000   TIME(PS) =       4.000  TEMP(K) =   300.05  PRESS =  -418.8
 Etot   =     -8075.4867  EKtot   =      1892.5240  EPtot      =     -9968.0107
 BOND   =         3.9485  ANGLE   =         6.2453  DIHED      =         9.6632
 1-4 NB =         3.8213  1-4 EEL =        48.6660  VDWAALS    =      1463.7789
 EELEC  =    -11506.8486  EHBOND  =         0.0000  RESTRAINT  =         2.7147
 EAMBER (non-restraint)  =     -9970.7253
 EKCMT  =       940.7403  VIRIAL  =      1241.3199  VOLUME     =     33244.3000
                                                    Density    =         0.9512
 Ewald error estimate:   0.3458E-03
 ------------------------------------------------------------------------------


 NSTEP =     3000   TIME(PS) =       6.000  TEMP(K) =   299.64  PRESS =  -430.8
 Etot   =     -8098.6186  EKtot   =      1889.9582  EPtot      =     -9988.5768
 BOND   =         3.9211  ANGLE   =         4.7676  DIHED      =        12.9279
 1-4 NB =         2.9916  1-4 EEL =        47.4001  VDWAALS    =      1443.8229
 EELEC  =    -11507.8990  EHBOND  =         0.0000  RESTRAINT  =         3.4910
 EAMBER (non-restraint)  =     -9992.0679
 EKCMT  =       931.3399  VIRIAL  =      1233.9999  VOLUME     =     32538.3473
                                                    Density    =         0.9718
 Ewald error estimate:   0.2980E-03
 ------------------------------------------------------------------------------


 NSTEP =     4000   TIME(PS) =       8.000  TEMP(K) =   295.82  PRESS =  -289.3
 Etot   =     -8242.2374  EKtot   =      1865.8700  EPtot      =    -10108.1074
 BOND   =         2.3778  ANGLE   =         7.4182  DIHED      =        10.1804
 1-4 NB =         3.0631  1-4 EEL =        45.7628  VDWAALS    =      1484.1525
 EELEC  =    -11666.7106  EHBOND  =         0.0000  RESTRAINT  =         5.6485
 EAMBER (non-restraint)  =    -10113.7559
 EKCMT  =       883.8830  VIRIAL  =      1084.9226  VOLUME     =     32188.2727
                                                    Density    =         0.9824
 Ewald error estimate:   0.1268E-03
 ------------------------------------------------------------------------------


 NSTEP =     5000   TIME(PS) =      10.000  TEMP(K) =   297.55  PRESS =   113.7
 Etot   =     -8148.2371  EKtot   =      1876.7521  EPtot      =    -10024.9892
 BOND   =         4.5749  ANGLE   =         8.8135  DIHED      =        11.0807
 1-4 NB =         3.4697  1-4 EEL =        46.4558  VDWAALS    =      1490.0285
 EELEC  =    -11592.8581  EHBOND  =         0.0000  RESTRAINT  =         3.4458
 EAMBER (non-restraint)  =    -10028.4350
 EKCMT  =       937.4040  VIRIAL  =       858.9864  VOLUME     =     31948.8944
                                                    Density    =         0.9898
 Ewald error estimate:   0.1027E-03
 ------------------------------------------------------------------------------


 NSTEP =     6000   TIME(PS) =      12.000  TEMP(K) =   299.09  PRESS =  -255.8
 Etot   =     -8159.3971  EKtot   =      1886.4393  EPtot      =    -10045.8364
 BOND   =         2.9495  ANGLE   =         7.7365  DIHED      =        11.7573
 1-4 NB =         3.6897  1-4 EEL =        42.3008  VDWAALS    =      1452.6395
 EELEC  =    -11568.0917  EHBOND  =         0.0000  RESTRAINT  =         1.1819
 EAMBER (non-restraint)  =    -10047.0184
 EKCMT  =       935.4472  VIRIAL  =      1112.9904  VOLUME     =     32142.6552
                                                    Density    =         0.9838
 Ewald error estimate:   0.1904E-03
 ------------------------------------------------------------------------------


 NSTEP =     7000   TIME(PS) =      14.000  TEMP(K) =   288.40  PRESS =  -886.5
 Etot   =     -8234.5220  EKtot   =      1819.0516  EPtot      =    -10053.5736
 BOND   =         3.7808  ANGLE   =         8.2056  DIHED      =        10.0517
 1-4 NB =         3.8227  1-4 EEL =        45.0766  VDWAALS    =      1358.6517
 EELEC  =    -11483.9956  EHBOND  =         0.0000  RESTRAINT  =         0.8327
 EAMBER (non-restraint)  =    -10054.4064
 EKCMT  =       902.1553  VIRIAL  =      1514.7497  VOLUME     =     32004.5203
                                                    Density    =         0.9881
 Ewald error estimate:   0.2454E-04
 ------------------------------------------------------------------------------


 NSTEP =     8000   TIME(PS) =      16.000  TEMP(K) =   302.90  PRESS =  -118.7
 Etot   =     -8174.0673  EKtot   =      1910.4785  EPtot      =    -10084.5458
 BOND   =         1.2358  ANGLE   =         6.8577  DIHED      =        10.7983
 1-4 NB =         2.6923  1-4 EEL =        45.3467  VDWAALS    =      1508.8452
 EELEC  =    -11662.5312  EHBOND  =         0.0000  RESTRAINT  =         2.2093
 EAMBER (non-restraint)  =    -10086.7551
 EKCMT  =       922.3591  VIRIAL  =      1005.1663  VOLUME     =     32316.4410
                                                    Density    =         0.9785
 Ewald error estimate:   0.1895E-03
 ------------------------------------------------------------------------------


 NSTEP =     9000   TIME(PS) =      18.000  TEMP(K) =   296.35  PRESS =   -83.4
 Etot   =     -8162.3539  EKtot   =      1869.2102  EPtot      =    -10031.5642
 BOND   =         2.0386  ANGLE   =         5.7007  DIHED      =        10.2305
 1-4 NB =         3.1649  1-4 EEL =        45.1925  VDWAALS    =      1475.0603
 EELEC  =    -11575.0224  EHBOND  =         0.0000  RESTRAINT  =         2.0707
 EAMBER (non-restraint)  =    -10033.6349
 EKCMT  =       942.5098  VIRIAL  =      1000.3941  VOLUME     =     32160.8799
                                                    Density    =         0.9832
 Ewald error estimate:   0.2468E-03
 ------------------------------------------------------------------------------


 NSTEP =    10000   TIME(PS) =      20.000  TEMP(K) =   300.86  PRESS =   108.1
 Etot   =     -8098.6258  EKtot   =      1897.6092  EPtot      =     -9996.2350
 BOND   =         1.8076  ANGLE   =         7.1035  DIHED      =         9.2773
 1-4 NB =         2.6411  1-4 EEL =        45.9599  VDWAALS    =      1493.6452
 EELEC  =    -11560.7574  EHBOND  =         0.0000  RESTRAINT  =         4.0879
 EAMBER (non-restraint)  =    -10000.3229
 EKCMT  =       946.4289  VIRIAL  =       871.2325  VOLUME     =     32207.7086
                                                    Density    =         0.9818
 Ewald error estimate:   0.3322E-04
 ------------------------------------------------------------------------------


      A V E R A G E S   O V E R   10000 S T E P S


 NSTEP =    10000   TIME(PS) =      20.000  TEMP(K) =   292.98  PRESS =  -178.1
 Etot   =     -8222.4068  EKtot   =      1847.9325  EPtot      =    -10070.3394
 BOND   =         3.0266  ANGLE   =         7.8491  DIHED      =        10.8025
 1-4 NB =         3.1846  1-4 EEL =        45.7020  VDWAALS    =      1508.3635
 EELEC  =    -11652.2756  EHBOND  =         0.0000  RESTRAINT  =         3.0079
 EAMBER (non-restraint)  =    -10073.3473
 EKCMT  =       917.8725  VIRIAL  =      1052.1897  VOLUME     =     32764.3568
                                                    Density    =         0.9664
 Ewald error estimate:   0.1841E-03
 ------------------------------------------------------------------------------


      R M S  F L U C T U A T I O N S


 NSTEP =    10000   TIME(PS) =      20.000  TEMP(K) =    26.27  PRESS =   437.2
 Etot   =       349.5915  EKtot   =       165.6868  EPtot      =       190.7880
 BOND   =         1.4406  ANGLE   =         2.1265  DIHED      =         1.1293
 1-4 NB =         0.7143  1-4 EEL =         2.0052  VDWAALS    =        93.0552
 EELEC  =       273.7744  EHBOND  =         0.0000  RESTRAINT  =         1.2466
 EAMBER (non-restraint)  =       189.5414
 EKCMT  =        80.2885  VIRIAL  =       289.9095  VOLUME     =      1224.2457
                                                    Density    =         0.0336
 Ewald error estimate:   0.1397E-03
 ------------------------------------------------------------------------------


--------------------------------------------------------------------------------
   5.  TIMINGS
--------------------------------------------------------------------------------

|>>>>>>>>PROFILE of Average TIMES>>>>>>>>> 
|                Build the list            11.62 (97.35% of List )
|                Other                      0.32 ( 2.65% of List )
|             List time                 11.93 (10.27% of Nonbo)
|                   Short_ene time            68.70 (96.44% of Direc)
|                   Other                      2.54 ( 3.56% of Direc)
|                Direct Ewald time         71.24 (68.37% of Ewald)
|                Adjust Ewald time          0.37 ( 0.36% of Ewald)
|                   Fill Bspline coeffs        1.64 ( 7.18% of Recip)
|                   Fill charge grid           1.34 ( 5.84% of Recip)
|                   Scalar sum                 5.44 (23.78% of Recip)
|                   Grad sum                   2.99 (13.09% of Recip)
|                      FFT back comm time         2.20 (21.31% of FFT t)
|                      Other                      8.11 (78.69% of FFT t)
|                   FFT time                  10.30 (45.04% of Recip)
|                   Other                      1.16 ( 5.07% of Recip)
|                Recip Ewald time          22.87 (21.95% of Ewald)
|                Force Adjust               9.13 ( 8.76% of Ewald)
|                Virial junk                0.53 ( 0.51% of Ewald)
|                Other                      0.04 ( 0.04% of Ewald)
|             Ewald time               104.19 (89.72% of Nonbo)
|             Other                      0.01 ( 0.01% of Nonbo)
|          Nonbond force            116.13 (98.59% of Force)
|          Bond/Angle/Dihedral        0.14 ( 0.12% of Force)
|          FRC Collect time           1.19 ( 1.01% of Force)
|          Other                      0.34 ( 0.29% of Force)
|       Force time               117.80 (88.78% of Runmd)
|       Shake time                 0.45 ( 0.34% of Runmd)
|       Verlet update time         5.75 ( 4.34% of Runmd)
|       Ekcmr time                 7.08 ( 5.34% of Runmd)
|       CRD distribute time        0.62 ( 0.47% of Runmd)
|       Other                      0.99 ( 0.75% of Runmd)
|    Runmd Time               132.69 (99.84% of Total)
|    Other                      0.22 ( 0.16% of Total)
| Total time               132.91 (100.0% of ALL  )

| Number of list builds   :        920

| Highest rstack allocated:      42124
| Highest istack allocated:        938

| Final Performance Info:
| -----------------------------------------------------
| Average timings for all steps:
|     Elapsed(s) =     136.66 Per Step(ms) =      13.67
|         ns/day =      12.64   seconds/ns =    6832.90
| -----------------------------------------------------

|           Job began  at 14:20:24.270  on 03/14/2017
|           Setup done at 14:20:24.487  on 03/14/2017
|           Run   done at 14:22:40.505  on 03/14/2017
|     wallclock() was called  571907 times
