
          -------------------------------------------------------
          Amber 16 SANDER                              2016
          -------------------------------------------------------

| Run on 02/14/2017 at 17:23:27

|   Executable path: sander
| Working directory: /home/steboss/Simulation/paramfit-tests/alanine/alanine_MP2/6_simulations/sims_10/create_system/equilibration
|          Hostname: Unknown
  [-O]verwriting output

File Assignments:
|  MDIN: md00003.in                                                            
| MDOUT: md00003.out                                                           
|INPCRD: md00002.rst7                                                          
|  PARM: solvated.parm7                                                        
|RESTRT: md00003.rst7                                                          
|  REFC: solvated.rst7                                                         
| MDVEL: mdvel                                                                 
| MDFRC: mdfrc                                                                 
|  MDEN: md00003.en                                                            
| MDCRD: md00003.nc                                                            
|MDINFO: md00003.info                                                          
|  MTMD: mtmd                                                                  
|INPDIP: inpdip                                                                
|RSTDIP: rstdip                                                                
|INPTRA: inptraj                                                               


 Here is the input file:

constant temperature                                                           
&cntrl                                                                         
ntxo=1,                                                                        
imin = 0, nstlim = 4000, irest = 1, ntx = 5, dt = 0.002,                       
ntt = 1, temp0 = 300.0, tautp = 1.0,                                           
ntb = 1,                                                                       
ntc = 2, ntf = 2,                                                              
ioutfm = 1, iwrap = 1,                                                         
ntwe = 800, ntwx = 800, ntpr = 400,                                            
ntr = 1, restraint_wt = 10.00,                                                 
restraintmask="!:WAT,HOH,T3P,T4P",                                             
/                                                                              
                                                                               

--------------------------------------------------------------------------------
   1.  RESOURCE   USE: 
--------------------------------------------------------------------------------

| Flags:                                                                        
 getting new box info from bottom of inpcrd
|  INFO: Old style inpcrd file read

| peek_ewald_inpcrd: Box info found
|Largest sphere to fit in unit cell has radius =    16.496
| New format PARM file being parsed.
| Version =    1.000 Date = 02/14/17 Time = 17:22:59
 NATOM  =    2944 NTYPES =       9 NBONH =    2934 MBONA  =       9
 NTHETH =      25 MTHETA =      11 NPHIH =      43 MPHIA  =      24
 NHPARM =       0 NPARM  =       0 NNB   =    3995 NRES   =     977
 NBONA  =       9 NTHETA =      11 NPHIA =      24 NUMBND =      10
 NUMANG =      16 NPTRA  =      21 NATYP =       9 NPHB   =       1
 IFBOX  =       1 NMXRS  =      10 IFCAP =       0 NEXTRA =       0
 NCOPY  =       0


|     Memory Use     Allocated
|     Real              293472
|     Hollerith           9811
|     Integer            90112
|     Max Pairs         981333
|     nblistReal         35328
|     nblist Int        157341
|       Total             7407 kbytes

| Note: 1-4 EEL scale factors are being read from the topology file.

| Note: 1-4 VDW scale factors are being read from the topology file.
| Duplicated    0 dihedrals
| Duplicated    0 dihedrals

     BOX TYPE: RECTILINEAR

--------------------------------------------------------------------------------
   2.  CONTROL  DATA  FOR  THE  RUN
--------------------------------------------------------------------------------

ACE                                                                             

General flags:
     imin    =       0, nmropt  =       0

Nature and format of input:
     ntx     =       5, irest   =       1, ntrx    =       1

Nature and format of output:
     ntxo    =       1, ntpr    =     400, ntrx    =       1, ntwr    =    4000
     iwrap   =       1, ntwx    =     800, ntwv    =       0, ntwe    =     800
     ioutfm  =       1, ntwprt  =       0, idecomp =       0, rbornstat=      0

Potential function:
     ntf     =       2, ntb     =       1, igb     =       0, nsnb    =      25
     ipol    =       0, gbsa    =       0, iesp    =       0
     dielc   =   1.00000, cut     =   8.00000, intdiel =   1.00000

Frozen or restrained atoms:
     ibelly  =       0, ntr     =       1
     restraint_wt =  10.00000

Molecular dynamics:
     nstlim  =      4000, nscm    =         0, nrespa  =         1
     t       =   0.00000, dt      =   0.00200, vlimit  =  20.00000

Berendsen (weak-coupling) temperature regulation:
     temp0   = 300.00000, tempi   =   0.00000, tautp   =   1.00000

SHAKE:
     ntc     =       2, jfastw  =       0
     tol     =   0.00001

Ewald parameters:
     verbose =       0, ew_type =       0, nbflag  =       1, use_pme =       1
     vdwmeth =       1, eedmeth =       1, netfrc  =       1
     Box X =   37.435   Box Y =   35.267   Box Z =   32.993
     Alpha =   90.000   Beta  =   90.000   Gamma =   90.000
     NFFT1 =   40       NFFT2 =   36       NFFT3 =   32
     Cutoff=    8.000   Tol   =0.100E-04
     Ewald Coefficient =  0.34864
     Interpolation order =    4

    LOADING THE CONSTRAINED ATOMS AS GROUPS


   5.  REFERENCE ATOM COORDINATES

  ACE 
     Mask !:WAT,HOH,T3P,T4P; matches    22 atoms

--------------------------------------------------------------------------------
   3.  ATOMIC COORDINATES AND VELOCITIES
--------------------------------------------------------------------------------

ACE                                                                             
 begin time read from input coords =     2.000 ps

 Number of triangulated 3-point waters found:      974

     Sum of charges from parm topology file =  -0.00000000
     Forcing neutrality...

--------------------------------------------------------------------------------
   4.  RESULTS
--------------------------------------------------------------------------------

|  # of SOLUTE  degrees of freedom (RNDFP):    5898.
|  # of SOLVENT degrees of freedom (RNDFS):       0.
|  NDFMIN =    5898.     NUM_NOSHAKE =      0     CORRECTED RNDFP =    5898.
|  TOTAL # of degrees of freedom (RNDF) =    5898.
 ---------------------------------------------------
 APPROXIMATING switch and d/dx switch using CUBIC SPLINE INTERPOLATION
 using   5000.0 points per unit in tabled values
 TESTING RELATIVE ERROR over r ranging from 0.0 to cutoff
| CHECK switch(x): max rel err =   0.2738E-14   at   2.422500
| CHECK d/dx switch(x): max rel err =   0.8332E-11   at   2.782960
 ---------------------------------------------------
| Local SIZE OF NONBOND LIST =     477508
| TOTAL SIZE OF NONBOND LIST =     477508

 NSTEP =      400   TIME(PS) =       2.800  TEMP(K) =   203.44  PRESS =     0.0
 Etot   =     -8699.4473  EKtot   =      1192.1958  EPtot      =     -9891.6431
 BOND   =         1.1933  ANGLE   =         4.6572  DIHED      =         7.0754
 1-4 NB =         3.1308  1-4 EEL =        42.5470  VDWAALS    =      1754.6621
 EELEC  =    -11710.1150  EHBOND  =         0.0000  RESTRAINT  =         5.2060
 EAMBER (non-restraint)  =     -9896.8491
 Ewald error estimate:   0.1484E-03
 ------------------------------------------------------------------------------


 NSTEP =      800   TIME(PS) =       3.600  TEMP(K) =   230.75  PRESS =     0.0
 Etot   =     -8321.0955  EKtot   =      1352.2644  EPtot      =     -9673.3599
 BOND   =         0.6928  ANGLE   =         6.1082  DIHED      =         6.9440
 1-4 NB =         3.6378  1-4 EEL =        44.7595  VDWAALS    =      1580.6985
 EELEC  =    -11320.4185  EHBOND  =         0.0000  RESTRAINT  =         4.2178
 EAMBER (non-restraint)  =     -9677.5776
 Ewald error estimate:   0.2197E-03
 ------------------------------------------------------------------------------


 NSTEP =     1200   TIME(PS) =       4.400  TEMP(K) =   248.09  PRESS =     0.0
 Etot   =     -8051.6518  EKtot   =      1453.8697  EPtot      =     -9505.5216
 BOND   =         1.4514  ANGLE   =         5.2579  DIHED      =         7.7073
 1-4 NB =         3.8779  1-4 EEL =        43.1095  VDWAALS    =      1533.5980
 EELEC  =    -11105.1684  EHBOND  =         0.0000  RESTRAINT  =         4.6448
 EAMBER (non-restraint)  =     -9510.1664
 Ewald error estimate:   0.3395E-03
 ------------------------------------------------------------------------------


 NSTEP =     1600   TIME(PS) =       5.200  TEMP(K) =   262.56  PRESS =     0.0
 Etot   =     -7857.9380  EKtot   =      1538.6501  EPtot      =     -9396.5881
 BOND   =         4.0202  ANGLE   =         4.6362  DIHED      =         7.6811
 1-4 NB =         3.5093  1-4 EEL =        42.9386  VDWAALS    =      1471.0914
 EELEC  =    -10940.1603  EHBOND  =         0.0000  RESTRAINT  =         9.6954
 EAMBER (non-restraint)  =     -9406.2835
 Ewald error estimate:   0.2284E-03
 ------------------------------------------------------------------------------


 NSTEP =     2000   TIME(PS) =       6.000  TEMP(K) =   267.29  PRESS =     0.0
 Etot   =     -7707.4527  EKtot   =      1566.3790  EPtot      =     -9273.8317
 BOND   =         1.2773  ANGLE   =         4.7017  DIHED      =         7.8739
 1-4 NB =         4.5009  1-4 EEL =        42.8377  VDWAALS    =      1402.4725
 EELEC  =    -10742.7810  EHBOND  =         0.0000  RESTRAINT  =         5.2854
 EAMBER (non-restraint)  =     -9279.1171
 Ewald error estimate:   0.8974E-04
 ------------------------------------------------------------------------------


 NSTEP =     2400   TIME(PS) =       6.800  TEMP(K) =   273.84  PRESS =     0.0
 Etot   =     -7574.1341  EKtot   =      1604.7705  EPtot      =     -9178.9046
 BOND   =         2.7473  ANGLE   =         7.4201  DIHED      =         9.1292
 1-4 NB =         3.7038  1-4 EEL =        42.5500  VDWAALS    =      1399.2820
 EELEC  =    -10649.5328  EHBOND  =         0.0000  RESTRAINT  =         5.7959
 EAMBER (non-restraint)  =     -9184.7005
 Ewald error estimate:   0.6883E-04
 ------------------------------------------------------------------------------


 NSTEP =     2800   TIME(PS) =       7.600  TEMP(K) =   277.11  PRESS =     0.0
 Etot   =     -7473.1538  EKtot   =      1623.9384  EPtot      =     -9097.0922
 BOND   =         3.9092  ANGLE   =         6.2949  DIHED      =         7.5203
 1-4 NB =         2.9980  1-4 EEL =        44.3906  VDWAALS    =      1391.5251
 EELEC  =    -10559.5110  EHBOND  =         0.0000  RESTRAINT  =         5.7808
 EAMBER (non-restraint)  =     -9102.8729
 Ewald error estimate:   0.8086E-04
 ------------------------------------------------------------------------------


 NSTEP =     3200   TIME(PS) =       8.400  TEMP(K) =   284.57  PRESS =     0.0
 Etot   =     -7405.2813  EKtot   =      1667.6593  EPtot      =     -9072.9407
 BOND   =         1.9514  ANGLE   =         6.5366  DIHED      =         7.3520
 1-4 NB =         4.7618  1-4 EEL =        43.0279  VDWAALS    =      1311.9439
 EELEC  =    -10454.3977  EHBOND  =         0.0000  RESTRAINT  =         5.8833
 EAMBER (non-restraint)  =     -9078.8240
 Ewald error estimate:   0.2689E-03
 ------------------------------------------------------------------------------


 NSTEP =     3600   TIME(PS) =       9.200  TEMP(K) =   292.65  PRESS =     0.0
 Etot   =     -7352.8085  EKtot   =      1715.0131  EPtot      =     -9067.8216
 BOND   =         3.5028  ANGLE   =         7.0233  DIHED      =         7.7226
 1-4 NB =         2.9908  1-4 EEL =        40.6213  VDWAALS    =      1378.1115
 EELEC  =    -10515.7450  EHBOND  =         0.0000  RESTRAINT  =         7.9511
 EAMBER (non-restraint)  =     -9075.7728
 Ewald error estimate:   0.1944E-03
 ------------------------------------------------------------------------------


 NSTEP =     4000   TIME(PS) =      10.000  TEMP(K) =   287.03  PRESS =     0.0
 Etot   =     -7311.1374  EKtot   =      1682.0652  EPtot      =     -8993.2026
 BOND   =         3.4935  ANGLE   =         8.4011  DIHED      =         9.2732
 1-4 NB =         3.4442  1-4 EEL =        46.1554  VDWAALS    =      1402.8500
 EELEC  =    -10473.8197  EHBOND  =         0.0000  RESTRAINT  =         6.9997
 EAMBER (non-restraint)  =     -9000.2023
 Ewald error estimate:   0.9005E-04
 ------------------------------------------------------------------------------


      A V E R A G E S   O V E R    4000 S T E P S


 NSTEP =     4000   TIME(PS) =      10.000  TEMP(K) =   258.98  PRESS =     0.0
 Etot   =     -7866.7974  EKtot   =      1517.7029  EPtot      =     -9384.5003
 BOND   =         2.3622  ANGLE   =         5.9401  DIHED      =         7.8962
 1-4 NB =         3.9010  1-4 EEL =        43.3930  VDWAALS    =      1514.2744
 EELEC  =    -10967.7432  EHBOND  =         0.0000  RESTRAINT  =         5.4761
 EAMBER (non-restraint)  =     -9389.9764
 Ewald error estimate:   0.1561E-03
 ------------------------------------------------------------------------------


      R M S  F L U C T U A T I O N S


 NSTEP =     4000   TIME(PS) =      10.000  TEMP(K) =    32.64  PRESS =     0.0
 Etot   =       511.3339  EKtot   =       191.2977  EPtot      =       323.0176
 BOND   =         1.1828  ANGLE   =         1.8282  DIHED      =         0.9464
 1-4 NB =         0.6241  1-4 EEL =         1.4412  VDWAALS    =       135.5959
 EELEC  =       450.9325  EHBOND  =         0.0000  RESTRAINT  =         1.6344
 EAMBER (non-restraint)  =       321.3831
 Ewald error estimate:   0.1111E-03
 ------------------------------------------------------------------------------


--------------------------------------------------------------------------------
   5.  TIMINGS
--------------------------------------------------------------------------------

|    Read coords time           0.01 ( 0.01% of Total)
|                Build the list             6.02 (98.47% of List )
|                Other                      0.09 ( 1.53% of List )
|             List time                  6.11 ( 7.32% of Nonbo)
|                   Short_ene time            59.64 (99.09% of Direc)
|                   Other                      0.54 ( 0.91% of Direc)
|                Direct Ewald time         60.18 (77.84% of Ewald)
|                Adjust Ewald time          0.54 ( 0.70% of Ewald)
|                Self Ewald time            0.01 ( 0.01% of Ewald)
|                   Fill Bspline coeffs        0.64 ( 3.89% of Recip)
|                   Fill charge grid           1.70 (10.33% of Recip)
|                   Scalar sum                 3.42 (20.74% of Recip)
|                   Grad sum                   3.67 (22.30% of Recip)
|                   FFT time                   7.03 (42.69% of Recip)
|                   Other                      0.01 ( 0.04% of Recip)
|                Recip Ewald time          16.47 (21.31% of Ewald)
|                Force Adjust               0.01 ( 0.02% of Ewald)
|                Virial junk                0.07 ( 0.09% of Ewald)
|                Other                      0.03 ( 0.04% of Ewald)
|             Ewald time                77.32 (92.66% of Nonbo)
|             Other                      0.01 ( 0.02% of Nonbo)
|          Nonbond force             83.45 (99.81% of Force)
|          Bond/Angle/Dihedral        0.14 ( 0.16% of Force)
|          Other                      0.03 ( 0.03% of Force)
|       Force time                83.61 (98.75% of Runmd)
|       Shake time                 0.59 ( 0.69% of Runmd)
|       Verlet update time         0.41 ( 0.48% of Runmd)
|       Other                      0.06 ( 0.07% of Runmd)
|    Runmd Time                84.67 (100.0% of Total)
|    Other                      0.05 ( 0.06% of Total)
| Total time                84.72 (100.0% of ALL  )

| Number of list builds   :        340

| Highest rstack allocated:     185518
| Highest istack allocated:       2944

| Final Performance Info:
| -----------------------------------------------------
| Average timings for all steps:
|     Elapsed(s) =      84.67 Per Step(ms) =      21.17
|         ns/day =       8.16   seconds/ns =   10583.43
| -----------------------------------------------------

|           Job began  at 17:23:27.016  on 02/14/2017
|           Setup done at 17:23:27.073  on 02/14/2017
|           Run   done at 17:24:51.740  on 02/14/2017
|     wallclock() was called  176703 times
