
          -------------------------------------------------------
          Amber 16 SANDER                              2016
          -------------------------------------------------------

| Run on 02/14/2017 at 17:22:59

|   Executable path: sander
| Working directory: /home/steboss/Simulation/paramfit-tests/alanine/alanine_MP2/6_simulations/sims_10/create_system/equilibration
|          Hostname: Unknown
  [-O]verwriting output

File Assignments:
|  MDIN: min00001.in                                                           
| MDOUT: min00001.out                                                          
|INPCRD: solvated.rst7                                                         
|  PARM: solvated.parm7                                                        
|RESTRT: min00001.rst7                                                         
|  REFC: solvated.rst7                                                         
| MDVEL: mdvel                                                                 
| MDFRC: mdfrc                                                                 
|  MDEN: min00001.en                                                           
| MDCRD: min00001.nc                                                           
|MDINFO: min00001.info                                                         
|  MTMD: mtmd                                                                  
|INPDIP: inpdip                                                                
|RSTDIP: rstdip                                                                
|INPTRA: inptraj                                                               


 Here is the input file:

                                                                               
Minimise whole system                                                          
&cntrl                                                                         
ntxo=1,                                                                        
imin = 1, ntmin = 1,                                                           
maxcyc = 100, ncyc = 10,                                                       
ntpr = 20, ntwe = 20,                                                          
dx0 = 1.0D-7,                                                                  
ntb = 1,                                                                       
ntr = 1, restraint_wt = 10.00,                                                 
restraintmask="!:WAT,HOH,T3P,T4P,CLP,MOL,LIG",                                 
/                                                                              

--------------------------------------------------------------------------------
   1.  RESOURCE   USE: 
--------------------------------------------------------------------------------

| Flags:                                                                        
 getting new box info from bottom of inpcrd
|  INFO: Old style inpcrd file read

| peek_ewald_inpcrd: Box info found
|Largest sphere to fit in unit cell has radius =    16.496
| New format PARM file being parsed.
| Version =    1.000 Date = 02/14/17 Time = 17:22:59
 NATOM  =    2944 NTYPES =       9 NBONH =    2934 MBONA  =       9
 NTHETH =      25 MTHETA =      11 NPHIH =      43 MPHIA  =      24
 NHPARM =       0 NPARM  =       0 NNB   =    3995 NRES   =     977
 NBONA  =       9 NTHETA =      11 NPHIA =      24 NUMBND =      10
 NUMANG =      16 NPTRA  =      21 NATYP =       9 NPHB   =       1
 IFBOX  =       1 NMXRS  =      10 IFCAP =       0 NEXTRA =       0
 NCOPY  =       0


|     Memory Use     Allocated
|     Real              329000
|     Hollerith           9811
|     Integer            90112
|     Max Pairs         981333
|     nblistReal         35328
|     nblist Int        157341
|       Total             7684 kbytes

| Note: 1-4 EEL scale factors are being read from the topology file.

| Note: 1-4 VDW scale factors are being read from the topology file.
| Duplicated    0 dihedrals
| Duplicated    0 dihedrals

     BOX TYPE: RECTILINEAR

--------------------------------------------------------------------------------
   2.  CONTROL  DATA  FOR  THE  RUN
--------------------------------------------------------------------------------

ACE                                                                             

General flags:
     imin    =       1, nmropt  =       0

Nature and format of input:
     ntx     =       1, irest   =       0, ntrx    =       1

Nature and format of output:
     ntxo    =       1, ntpr    =      20, ntrx    =       1, ntwr    =       1
     iwrap   =       0, ntwx    =       0, ntwv    =       0, ntwe    =      20
     ioutfm  =       1, ntwprt  =       0, idecomp =       0, rbornstat=      0

Potential function:
     ntf     =       1, ntb     =       1, igb     =       0, nsnb    =      25
     ipol    =       0, gbsa    =       0, iesp    =       0
     dielc   =   1.00000, cut     =   8.00000, intdiel =   1.00000

Frozen or restrained atoms:
     ibelly  =       0, ntr     =       1
     restraint_wt =  10.00000

Energy minimization:
     maxcyc  =     100, ncyc    =      10, ntmin   =       1
     dx0     =   0.00000, drms    =   0.00010

Ewald parameters:
     verbose =       0, ew_type =       0, nbflag  =       1, use_pme =       1
     vdwmeth =       1, eedmeth =       1, netfrc  =       0
     Box X =   37.435   Box Y =   35.267   Box Z =   32.993
     Alpha =   90.000   Beta  =   90.000   Gamma =   90.000
     NFFT1 =   40       NFFT2 =   36       NFFT3 =   32
     Cutoff=    8.000   Tol   =0.100E-04
     Ewald Coefficient =  0.34864
     Interpolation order =    4

    LOADING THE CONSTRAINED ATOMS AS GROUPS


   5.  REFERENCE ATOM COORDINATES

  ACE 
     Mask !:WAT,HOH,T3P,T4P,CLP,MOL,LIG; matches    22 atoms

--------------------------------------------------------------------------------
   3.  ATOMIC COORDINATES AND VELOCITIES
--------------------------------------------------------------------------------

ACE                                                                             
 begin time read from input coords =     0.000 ps

 Number of triangulated 3-point waters found:      974

     Sum of charges from parm topology file =  -0.00000000
     Forcing neutrality...

--------------------------------------------------------------------------------
   4.  RESULTS
--------------------------------------------------------------------------------

 ---------------------------------------------------
 APPROXIMATING switch and d/dx switch using CUBIC SPLINE INTERPOLATION
 using   5000.0 points per unit in tabled values
 TESTING RELATIVE ERROR over r ranging from 0.0 to cutoff
| CHECK switch(x): max rel err =   0.2738E-14   at   2.422500
| CHECK d/dx switch(x): max rel err =   0.8332E-11   at   2.782960
 ---------------------------------------------------
| Local SIZE OF NONBOND LIST =     443969
| TOTAL SIZE OF NONBOND LIST =     443969


   NSTEP       ENERGY          RMS            GMAX         NAME    NUMBER
      1      -7.8700E+03     1.2028E+01     7.1044E+01     C           5

 BOND    =        2.8026  ANGLE   =        3.0884  DIHED      =       14.4519
 VDWAALS =      948.3924  EEL     =    -8888.7290  HBOND      =        0.0000
 1-4 VDW =        4.7347  1-4 EEL =       45.2926  RESTRAINT  =        0.0000


   NSTEP       ENERGY          RMS            GMAX         NAME    NUMBER
     20      -8.9270E+03     8.5153E+00     8.6553E+01     O         308

 BOND    =     1134.0375  ANGLE   =        6.7638  DIHED      =        9.0266
 VDWAALS =      976.9160  EEL     =   -11101.7967  HBOND      =        0.0000
 1-4 VDW =        3.8962  1-4 EEL =       41.6388  RESTRAINT  =        2.5051
 EAMBER  =    -8929.5177


   NSTEP       ENERGY          RMS            GMAX         NAME    NUMBER
     40      -9.5185E+03     2.7913E+00     3.1363E+01     N           7

 BOND    =      439.3370  ANGLE   =        5.6051  DIHED      =       12.8638
 VDWAALS =      977.3660  EEL     =   -11003.5369  HBOND      =        0.0000
 1-4 VDW =        4.1372  1-4 EEL =       44.7856  RESTRAINT  =        0.9143
 EAMBER  =    -9519.4422


   NSTEP       ENERGY          RMS            GMAX         NAME    NUMBER
     60      -9.9242E+03     1.4707E+00     2.9614E+01     C           5

 BOND    =      642.0306  ANGLE   =        2.3627  DIHED      =        7.3519
 VDWAALS =     1209.5078  EEL     =   -11833.6649  HBOND      =        0.0000
 1-4 VDW =        3.5030  1-4 EEL =       42.7742  RESTRAINT  =        1.9061
 EAMBER  =    -9926.1345


   NSTEP       ENERGY          RMS            GMAX         NAME    NUMBER
     80      -1.0148E+04     2.4359E+00     7.7054E+01     CH3         2

 BOND    =      686.9519  ANGLE   =        6.9570  DIHED      =        8.1457
 VDWAALS =     1354.1333  EEL     =   -12253.0710  HBOND      =        0.0000
 1-4 VDW =        3.7028  1-4 EEL =       41.7533  RESTRAINT  =        2.9841
 EAMBER  =   -10151.4270


   NSTEP       ENERGY          RMS            GMAX         NAME    NUMBER
    100      -1.0310E+04     1.5051E+00     5.2606E+01     C           5

 BOND    =      681.9414  ANGLE   =        5.5798  DIHED      =        7.4324
 VDWAALS =     1520.6026  EEL     =   -12573.5900  HBOND      =        0.0000
 1-4 VDW =        3.3990  1-4 EEL =       42.2250  RESTRAINT  =        2.1439
 EAMBER  =   -10312.4098


  Maximum number of minimization cycles reached.


                    FINAL RESULTS



   NSTEP       ENERGY          RMS            GMAX         NAME    NUMBER
    100      -1.0310E+04     1.5051E+00     5.2606E+01     C           5

 BOND    =      681.9414  ANGLE   =        5.5798  DIHED      =        7.4324
 VDWAALS =     1520.6026  EEL     =   -12573.5900  HBOND      =        0.0000
 1-4 VDW =        3.3990  1-4 EEL =       42.2250  RESTRAINT  =        2.1439
 EAMBER  =   -10312.4098

--------------------------------------------------------------------------------
   5.  TIMINGS
--------------------------------------------------------------------------------

|    Read coords time           0.00 ( 0.12% of Total)
|                Build the list             0.02 (48.39% of List )
|                Other                      0.02 (51.61% of List )
|             List time                  0.05 ( 2.00% of Nonbo)
|                   Short_ene time             1.76 (98.99% of Direc)
|                   Other                      0.02 ( 1.01% of Direc)
|                Direct Ewald time          1.78 (75.18% of Ewald)
|                Adjust Ewald time          0.02 ( 0.78% of Ewald)
|                Self Ewald time            0.00 ( 0.01% of Ewald)
|                   Fill Bspline coeffs        0.02 ( 3.67% of Recip)
|                   Fill charge grid           0.06 (10.10% of Recip)
|                   Scalar sum                 0.12 (20.65% of Recip)
|                   Grad sum                   0.13 (23.06% of Recip)
|                   FFT time                   0.24 (42.47% of Recip)
|                   Other                      0.00 ( 0.04% of Recip)
|                Recip Ewald time           0.57 (23.90% of Ewald)
|                Virial junk                0.00 ( 0.10% of Ewald)
|                Other                      0.00 ( 0.04% of Ewald)
|             Ewald time                 2.37 (97.98% of Nonbo)
|             Other                      0.00 ( 0.01% of Nonbo)
|          Nonbond force              2.42 (99.46% of Force)
|          Bond/Angle/Dihedral        0.01 ( 0.47% of Force)
|          Other                      0.00 ( 0.07% of Force)
|       Force time                 2.43 (100.0% of Runmd)
|    Runmd Time                 2.43 (72.75% of Total)
|    Other                      0.91 (27.12% of Total)
| Total time                 3.34 (100.0% of ALL  )

| Number of list builds   :          1

| Highest rstack allocated:     185518
| Highest istack allocated:       2944
|           Job began  at 17:22:59.915  on 02/14/2017
|           Setup done at 17:22:59.976  on 02/14/2017
|           Run   done at 17:23:03.254  on 02/14/2017
|     wallclock() was called    3850 times
