
          -------------------------------------------------------
          Amber 16 SANDER                              2016
          -------------------------------------------------------

| Run on 03/14/2017 at 13:47:42

|   Executable path: sander.MPI
| Working directory: /home/steboss/projects/mdgx-tests/alanine/IPOLQ/input/PhiPsi_1/120/150
|          Hostname: node007

  [-O]verwriting output

File Assignments:
|  MDIN: min.in                                                                
| MDOUT: Conf150.min.out                                                       
|INPCRD: Conf150.crd                                                           
|  PARM: Conf150.top                                                           
|RESTRT: Conf150.min                                                           
|  REFC: Conf150.crd                                                           
| MDVEL: mdvel                                                                 
| MDFRC: mdfrc                                                                 
|  MDEN: mden                                                                  
| MDCRD: mdcrd                                                                 
|MDINFO: mdinfo                                                                
|  MTMD: mtmd                                                                  
|INPDIP: inpdip                                                                
|RSTDIP: rstdip                                                                
|INPTRA: inptraj                                                               

|    REMLOG: rem.log
|   REMTYPE: rem.type
|  REMSTRIP: 
|   SAVEENE: saveene
|CLUSTERINF: cluster.info
| RESERVOIR: reserv/frame
|   REMDDIM: 


 Here is the input file:

Initial minimization                                                           
 &cntrl                                                                        
  ntx    = 1,       irest  = 0,       ntrx   = 1,      ntxo   = 1,             
  ntpr   = 20,      ntwx   = 0,       ntwv   = 0,      ntwe   = 0,             
                                                                               
  ntf    = 1,       ntb    = 1,                                                
  ntc    = 1,       ntr    = 1,                                                
  restraintmask = ':1',                                                        
  restraint_wt = 100.0,                                                        
  cut    = 9.0,                                                                
                                                                               
  imin   = 1,                                                                  
  maxcyc = 1000,                                                               
  ncyc   = 100,                                                                
                                                                               
 &end                                                                          

--------------------------------------------------------------------------------
   1.  RESOURCE   USE: 
--------------------------------------------------------------------------------

| Flags: MPI                                                                    
 getting new box info from bottom of inpcrd
|  INFO: Old style inpcrd file read

| peek_ewald_inpcrd: Box info found
|Largest sphere to fit in unit cell has radius =    14.812
| New format PARM file being parsed.
| Version =    1.000 Date = 03/14/17 Time = 13:37:51
 NATOM  =    3076 NTYPES =       9 NBONH =    3066 MBONA  =       9
 NTHETH =      25 MTHETA =      11 NPHIH =      43 MPHIA  =      24
 NHPARM =       0 NPARM  =       0 NNB   =    4171 NRES   =    1021
 NBONA  =       9 NTHETA =      11 NPHIA =      24 NUMBND =      10
 NUMANG =      16 NPTRA  =      19 NATYP =       9 NPHB   =       1
 IFBOX  =       2 NMXRS  =      10 IFCAP =       0 NEXTRA =       0
 NCOPY  =       0


|     Memory Use     Allocated
|     Real              348444
|     Hollerith          10251
|     Integer            93104
|     Max Pairs         341178
|     nblistReal         36912
|     nblist Int        102112
|       Total             5145 kbytes

| Note: 1-4 EEL scale factors are being read from the topology file.

| Note: 1-4 VDW scale factors are being read from the topology file.
| Duplicated    0 dihedrals
| Duplicated    0 dihedrals

     BOX TYPE: TRUNCATED OCTAHEDRON

--------------------------------------------------------------------------------
   2.  CONTROL  DATA  FOR  THE  RUN
--------------------------------------------------------------------------------

default_name                                                                    

General flags:
     imin    =       1, nmropt  =       0

Nature and format of input:
     ntx     =       1, irest   =       0, ntrx    =       1

Nature and format of output:
     ntxo    =       1, ntpr    =      20, ntrx    =       1, ntwr    =       1
     iwrap   =       0, ntwx    =       0, ntwv    =       0, ntwe    =       0
     ioutfm  =       1, ntwprt  =       0, idecomp =       0, rbornstat=      0

Potential function:
     ntf     =       1, ntb     =       1, igb     =       0, nsnb    =      25
     ipol    =       0, gbsa    =       0, iesp    =       0
     dielc   =   1.00000, cut     =   9.00000, intdiel =   1.00000

Frozen or restrained atoms:
     ibelly  =       0, ntr     =       1
     restraint_wt = 100.00000

Energy minimization:
     maxcyc  =    1000, ncyc    =     100, ntmin   =       1
     dx0     =   0.01000, drms    =   0.00010

Ewald parameters:
     verbose =       0, ew_type =       0, nbflag  =       1, use_pme =       1
     vdwmeth =       1, eedmeth =       1, netfrc  =       0
     Box X =   36.282   Box Y =   36.282   Box Z =   36.282
     Alpha =  109.471   Beta  =  109.471   Gamma =  109.471
     NFFT1 =   36       NFFT2 =   36       NFFT3 =   36
     Cutoff=    9.000   Tol   =0.100E-04
     Ewald Coefficient =  0.30768
     Interpolation order =    4

| MPI Timing options:
|      profile_mpi =        0

    LOADING THE CONSTRAINED ATOMS AS GROUPS


   5.  REFERENCE ATOM COORDINATES

  defa
     Mask :1; matches     6 atoms

--------------------------------------------------------------------------------
   3.  ATOMIC COORDINATES AND VELOCITIES
--------------------------------------------------------------------------------

default_name                                                                    
 begin time read from input coords =     0.000 ps

 Number of triangulated 3-point waters found:     1018
|  Atom division among processors:
|         0     385     769    1153    1537    1921    2305    2689
|      3076

     Sum of charges from parm topology file =  -0.00000000
     Forcing neutrality...
|  Running AMBER/MPI version on    8 nodes


--------------------------------------------------------------------------------
   4.  RESULTS
--------------------------------------------------------------------------------

 ---------------------------------------------------
 APPROXIMATING switch and d/dx switch using CUBIC SPLINE INTERPOLATION
 using   5000.0 points per unit in tabled values
 TESTING RELATIVE ERROR over r ranging from 0.0 to cutoff
| CHECK switch(x): max rel err =   0.2738E-14   at   2.422500
| CHECK d/dx switch(x): max rel err =   0.8314E-11   at   2.736960
 ---------------------------------------------------
| Local SIZE OF NONBOND LIST =      99380
| TOTAL SIZE OF NONBOND LIST =     717276


   NSTEP       ENERGY          RMS            GMAX         NAME    NUMBER
      1      -6.4871E+03     2.0426E+02     9.4169E+03     O        2390

 BOND    =        0.7755  ANGLE   =        3.6146  DIHED      =       15.0829
 VDWAALS =     3020.2879  EEL     =    -9574.1363  HBOND      =        0.0000
 1-4 VDW =        2.4531  1-4 EEL =       44.8259  RESTRAINT  =        0.0000


   NSTEP       ENERGY          RMS            GMAX         NAME    NUMBER
     20      -9.2921E+03     3.0371E+00     2.4514E+01     O        2207

 BOND    =      480.2047  ANGLE   =        3.5713  DIHED      =       15.0524
 VDWAALS =      935.8628  EEL     =   -10774.0752  HBOND      =        0.0000
 1-4 VDW =        2.4427  1-4 EEL =       44.8577  RESTRAINT  =        0.0058
 EAMBER  =    -9292.0835


   NSTEP       ENERGY          RMS            GMAX         NAME    NUMBER
     40      -1.0076E+04     1.6036E+00     1.9590E+01     H2       2392

 BOND    =      546.2165  ANGLE   =        3.6428  DIHED      =       15.0166
 VDWAALS =      947.8447  EEL     =   -11636.3891  HBOND      =        0.0000
 1-4 VDW =        2.4375  1-4 EEL =       44.9353  RESTRAINT  =        0.0103
 EAMBER  =   -10076.2959


   NSTEP       ENERGY          RMS            GMAX         NAME    NUMBER
     60      -1.0334E+04     3.2763E+00     8.8227E+01     H2       2392

 BOND    =      532.4288  ANGLE   =        3.7204  DIHED      =       14.9922
 VDWAALS =      983.1313  EEL     =   -11915.2925  HBOND      =        0.0000
 1-4 VDW =        2.4151  1-4 EEL =       44.9000  RESTRAINT  =        0.0159
 EAMBER  =   -10333.7047


   NSTEP       ENERGY          RMS            GMAX         NAME    NUMBER
     80      -1.0511E+04     1.1368E+00     1.3859E+01     H1       2391

 BOND    =      612.6864  ANGLE   =        3.7777  DIHED      =       14.9682
 VDWAALS =     1018.6526  EEL     =   -12208.1740  HBOND      =        0.0000
 1-4 VDW =        2.3967  1-4 EEL =       44.8616  RESTRAINT  =        0.0221
 EAMBER  =   -10510.8308


   NSTEP       ENERGY          RMS            GMAX         NAME    NUMBER
    100      -1.0632E+04     9.1420E-01     6.4002E+00     H1       2391

 BOND    =      620.4039  ANGLE   =        3.8221  DIHED      =       14.9457
 VDWAALS =     1054.4595  EEL     =   -12372.5907  HBOND      =        0.0000
 1-4 VDW =        2.3828  1-4 EEL =       44.8303  RESTRAINT  =        0.0286
 EAMBER  =   -10631.7466


   NSTEP       ENERGY          RMS            GMAX         NAME    NUMBER
    120      -1.1131E+04     4.2277E+00     4.5134E+01     H1       2547

 BOND    =      782.3747  ANGLE   =        4.1627  DIHED      =       14.8103
 VDWAALS =     1448.3951  EEL     =   -13427.9617  HBOND      =        0.0000
 1-4 VDW =        2.3165  1-4 EEL =       44.5870  RESTRAINT  =        0.1154
 EAMBER  =   -11131.3154


   NSTEP       ENERGY          RMS            GMAX         NAME    NUMBER
    140      -1.1290E+04     1.4098E+00     1.8138E+01     H2        562

 BOND    =      745.3336  ANGLE   =        4.0672  DIHED      =       14.7782
 VDWAALS =     1506.1529  EEL     =   -13607.2699  HBOND      =        0.0000
 1-4 VDW =        2.3223  1-4 EEL =       44.6850  RESTRAINT  =        0.1515
 EAMBER  =   -11289.9307


   NSTEP       ENERGY          RMS            GMAX         NAME    NUMBER
    160      -1.1429E+04     1.1994E+00     2.6813E+01     O        2660

 BOND    =      734.3592  ANGLE   =        4.3194  DIHED      =       14.7802
 VDWAALS =     1526.7256  EEL     =   -13756.1106  HBOND      =        0.0000
 1-4 VDW =        2.4392  1-4 EEL =       44.6374  RESTRAINT  =        0.1624
 EAMBER  =   -11428.8496


   NSTEP       ENERGY          RMS            GMAX         NAME    NUMBER
    180      -1.1540E+04     1.3757E+00     2.0788E+01     H2         97

 BOND    =      787.4231  ANGLE   =        5.0505  DIHED      =       14.6979
 VDWAALS =     1640.3590  EEL     =   -14034.8479  HBOND      =        0.0000
 1-4 VDW =        2.4091  1-4 EEL =       45.0950  RESTRAINT  =        0.2980
 EAMBER  =   -11539.8133


   NSTEP       ENERGY          RMS            GMAX         NAME    NUMBER
    200      -1.1651E+04     1.7044E+00     5.5193E+01     C           5

 BOND    =      793.9463  ANGLE   =        5.2291  DIHED      =       15.0162
 VDWAALS =     1714.9244  EEL     =   -14227.4904  HBOND      =        0.0000
 1-4 VDW =        2.5687  1-4 EEL =       44.5526  RESTRAINT  =        0.6375
 EAMBER  =   -11651.2531


   NSTEP       ENERGY          RMS            GMAX         NAME    NUMBER
    220      -1.1711E+04     1.2914E+00     3.2597E+01     C           5

 BOND    =      799.4203  ANGLE   =        5.6903  DIHED      =       15.0171
 VDWAALS =     1741.4007  EEL     =   -14320.5223  HBOND      =        0.0000
 1-4 VDW =        2.4832  1-4 EEL =       44.5766  RESTRAINT  =        0.5294
 EAMBER  =   -11711.9340


   NSTEP       ENERGY          RMS            GMAX         NAME    NUMBER
    240      -1.1764E+04     9.6171E-01     2.7525E+01     C          15

 BOND    =      811.6632  ANGLE   =        4.7247  DIHED      =       14.7377
 VDWAALS =     1786.3673  EEL     =   -14428.8498  HBOND      =        0.0000
 1-4 VDW =        2.4001  1-4 EEL =       44.7833  RESTRAINT  =        0.4023
 EAMBER  =   -11764.1735


   NSTEP       ENERGY          RMS            GMAX         NAME    NUMBER
    260      -1.1819E+04     1.0098E+00     2.8092E+01     C          15

 BOND    =      818.4551  ANGLE   =        4.8248  DIHED      =       14.8189
 VDWAALS =     1838.3624  EEL     =   -14543.4458  HBOND      =        0.0000
 1-4 VDW =        2.4362  1-4 EEL =       44.5835  RESTRAINT  =        0.5757
 EAMBER  =   -11819.9650


   NSTEP       ENERGY          RMS            GMAX         NAME    NUMBER
    280      -1.1859E+04     6.3510E-01     1.4818E+01     O           6

 BOND    =      835.5749  ANGLE   =        4.4941  DIHED      =       14.4470
 VDWAALS =     1883.2533  EEL     =   -14644.2004  HBOND      =        0.0000
 1-4 VDW =        2.4393  1-4 EEL =       44.6026  RESTRAINT  =        0.7094
 EAMBER  =   -11859.3892


   NSTEP       ENERGY          RMS            GMAX         NAME    NUMBER
    300      -1.1905E+04     1.0979E+00     2.7023E+01     N          17

 BOND    =      846.9379  ANGLE   =        4.7984  DIHED      =       14.2265
 VDWAALS =     1922.9237  EEL     =   -14742.5490  HBOND      =        0.0000
 1-4 VDW =        2.5300  1-4 EEL =       44.9272  RESTRAINT  =        1.0841
 EAMBER  =   -11906.2053


   NSTEP       ENERGY          RMS            GMAX         NAME    NUMBER
    320      -1.1937E+04     8.6310E-01     2.1448E+01     O           6

 BOND    =      844.3142  ANGLE   =        3.9218  DIHED      =       14.5172
 VDWAALS =     1945.4836  EEL     =   -14794.3074  HBOND      =        0.0000
 1-4 VDW =        2.4986  1-4 EEL =       45.4514  RESTRAINT  =        1.1439
 EAMBER  =   -11938.1205


   NSTEP       ENERGY          RMS            GMAX         NAME    NUMBER
    340      -1.1977E+04     1.6664E+00     6.0717E+01     C          15

 BOND    =      847.5545  ANGLE   =        4.5565  DIHED      =       14.6709
 VDWAALS =     1972.0648  EEL     =   -14864.0299  HBOND      =        0.0000
 1-4 VDW =        2.3560  1-4 EEL =       44.8731  RESTRAINT  =        0.7781
 EAMBER  =   -11977.9540


   NSTEP       ENERGY          RMS            GMAX         NAME    NUMBER
    360      -1.2003E+04     6.2881E-01     1.2886E+01     N          17

 BOND    =      849.4818  ANGLE   =        3.6520  DIHED      =       14.4026
 VDWAALS =     1986.8886  EEL     =   -14905.3835  HBOND      =        0.0000
 1-4 VDW =        2.3733  1-4 EEL =       44.9611  RESTRAINT  =        0.7282
 EAMBER  =   -12003.6241


   NSTEP       ENERGY          RMS            GMAX         NAME    NUMBER
    380      -1.2049E+04     1.3861E+00     3.2607E+01     C          15

 BOND    =      887.7013  ANGLE   =        6.3399  DIHED      =       13.8808
 VDWAALS =     2066.2454  EEL     =   -15072.8910  HBOND      =        0.0000
 1-4 VDW =        2.6594  1-4 EEL =       44.2862  RESTRAINT  =        2.3696
 EAMBER  =   -12051.7781


   NSTEP       ENERGY          RMS            GMAX         NAME    NUMBER
    400      -1.2094E+04     5.1790E-01     1.2180E+01     C           5

 BOND    =      878.6418  ANGLE   =        3.7691  DIHED      =       13.9211
 VDWAALS =     2062.2056  EEL     =   -15101.4853  HBOND      =        0.0000
 1-4 VDW =        2.4919  1-4 EEL =       45.0295  RESTRAINT  =        1.3814
 EAMBER  =   -12095.4262


   NSTEP       ENERGY          RMS            GMAX         NAME    NUMBER
    420      -1.2118E+04     9.7456E-01     3.6840E+01     C           5

 BOND    =      871.7390  ANGLE   =        3.6995  DIHED      =       14.1607
 VDWAALS =     2087.6677  EEL     =   -15144.7610  HBOND      =        0.0000
 1-4 VDW =        2.5264  1-4 EEL =       45.5839  RESTRAINT  =        1.5564
 EAMBER  =   -12119.3839


   NSTEP       ENERGY          RMS            GMAX         NAME    NUMBER
    440      -1.2160E+04     4.9726E-01     1.4227E+01     CB         11

 BOND    =      892.2334  ANGLE   =        3.7063  DIHED      =       14.3801
 VDWAALS =     2108.6131  EEL     =   -15228.2676  HBOND      =        0.0000
 1-4 VDW =        2.3902  1-4 EEL =       45.5673  RESTRAINT  =        1.0146
 EAMBER  =   -12161.3772


   NSTEP       ENERGY          RMS            GMAX         NAME    NUMBER
    460      -1.2175E+04     6.4882E-01     2.4519E+01     C           5

 BOND    =      883.9593  ANGLE   =        3.8465  DIHED      =       13.9956
 VDWAALS =     2118.1313  EEL     =   -15243.7797  HBOND      =        0.0000
 1-4 VDW =        2.4622  1-4 EEL =       45.2040  RESTRAINT  =        1.1848
 EAMBER  =   -12176.1807


   NSTEP       ENERGY          RMS            GMAX         NAME    NUMBER
    480      -1.2206E+04     1.1881E+00     2.7971E+01     C           5

 BOND    =      909.1437  ANGLE   =        7.1289  DIHED      =       13.1110
 VDWAALS =     2155.0940  EEL     =   -15341.2073  HBOND      =        0.0000
 1-4 VDW =        2.8248  1-4 EEL =       44.0532  RESTRAINT  =        4.2738
 EAMBER  =   -12209.8518


   NSTEP       ENERGY          RMS            GMAX         NAME    NUMBER
    500      -1.2234E+04     4.6222E-01     1.4652E+01     C           5

 BOND    =      899.3250  ANGLE   =        3.1814  DIHED      =       13.5565
 VDWAALS =     2160.5413  EEL     =   -15359.7915  HBOND      =        0.0000
 1-4 VDW =        2.4893  1-4 EEL =       45.2868  RESTRAINT  =        1.7773
 EAMBER  =   -12235.4112


   NSTEP       ENERGY          RMS            GMAX         NAME    NUMBER
    520      -1.2250E+04     8.2242E-01     2.7008E+01     C           5

 BOND    =      894.3562  ANGLE   =        3.7652  DIHED      =       13.3106
 VDWAALS =     2176.2126  EEL     =   -15386.8639  HBOND      =        0.0000
 1-4 VDW =        2.5546  1-4 EEL =       45.0582  RESTRAINT  =        1.9755
 EAMBER  =   -12251.6065


   NSTEP       ENERGY          RMS            GMAX         NAME    NUMBER
    540      -1.2281E+04     3.9776E-01     9.8310E+00     CB         11

 BOND    =      909.9041  ANGLE   =        3.4768  DIHED      =       13.9286
 VDWAALS =     2201.1366  EEL     =   -15458.5291  HBOND      =        0.0000
 1-4 VDW =        2.4439  1-4 EEL =       45.8339  RESTRAINT  =        1.0632
 EAMBER  =   -12281.8052


   NSTEP       ENERGY          RMS            GMAX         NAME    NUMBER
    560      -1.2293E+04     5.9715E-01     1.5772E+01     O           6

 BOND    =      907.7810  ANGLE   =        3.6947  DIHED      =       13.6594
 VDWAALS =     2210.7308  EEL     =   -15478.2329  HBOND      =        0.0000
 1-4 VDW =        2.4649  1-4 EEL =       45.2828  RESTRAINT  =        1.4121
 EAMBER  =   -12294.6193


   NSTEP       ENERGY          RMS            GMAX         NAME    NUMBER
    580      -1.2313E+04     6.6778E-01     1.6564E+01     CB         11

 BOND    =      923.1990  ANGLE   =        4.2750  DIHED      =       12.7037
 VDWAALS =     2239.9564  EEL     =   -15544.0054  HBOND      =        0.0000
 1-4 VDW =        2.6840  1-4 EEL =       44.6457  RESTRAINT  =        3.5599
 EAMBER  =   -12316.5417


   NSTEP       ENERGY          RMS            GMAX         NAME    NUMBER
    600      -1.2329E+04     4.7079E-01     1.6206E+01     C           5

 BOND    =      916.9115  ANGLE   =        3.1062  DIHED      =       12.9181
 VDWAALS =     2247.9932  EEL     =   -15559.8887  HBOND      =        0.0000
 1-4 VDW =        2.4863  1-4 EEL =       45.4692  RESTRAINT  =        2.1947
 EAMBER  =   -12331.0041


   NSTEP       ENERGY          RMS            GMAX         NAME    NUMBER
    620      -1.2338E+04     4.8462E-01     1.4112E+01     CA          9

 BOND    =      917.9860  ANGLE   =        3.1414  DIHED      =       12.9590
 VDWAALS =     2258.8319  EEL     =   -15581.0553  HBOND      =        0.0000
 1-4 VDW =        2.5013  1-4 EEL =       45.4126  RESTRAINT  =        1.7949
 EAMBER  =   -12340.2230


   NSTEP       ENERGY          RMS            GMAX         NAME    NUMBER
    640      -1.2350E+04     3.6057E-01     1.1250E+01     CH3         2

 BOND    =      922.4941  ANGLE   =        3.2939  DIHED      =       13.4920
 VDWAALS =     2266.2011  EEL     =   -15604.8507  HBOND      =        0.0000
 1-4 VDW =        2.4716  1-4 EEL =       46.0106  RESTRAINT  =        1.0803
 EAMBER  =   -12350.8874


   NSTEP       ENERGY          RMS            GMAX         NAME    NUMBER
    660      -1.2358E+04     4.1460E-01     1.2688E+01     CH3         2

 BOND    =      921.5058  ANGLE   =        3.2718  DIHED      =       13.1247
 VDWAALS =     2272.4214  EEL     =   -15617.5401  HBOND      =        0.0000
 1-4 VDW =        2.4730  1-4 EEL =       45.5927  RESTRAINT  =        1.4399
 EAMBER  =   -12359.1506


   NSTEP       ENERGY          RMS            GMAX         NAME    NUMBER
    680      -1.2369E+04     3.3413E-01     9.5774E+00     O           6

 BOND    =      928.3888  ANGLE   =        3.2018  DIHED      =       12.4656
 VDWAALS =     2287.1739  EEL     =   -15650.0767  HBOND      =        0.0000
 1-4 VDW =        2.4927  1-4 EEL =       44.9632  RESTRAINT  =        2.5921
 EAMBER  =   -12371.3907


   NSTEP       ENERGY          RMS            GMAX         NAME    NUMBER
    700      -1.2379E+04     3.9870E-01     1.2316E+01     C           5

 BOND    =      927.9910  ANGLE   =        2.9984  DIHED      =       12.4390
 VDWAALS =     2290.2517  EEL     =   -15662.9407  HBOND      =        0.0000
 1-4 VDW =        2.4725  1-4 EEL =       45.5123  RESTRAINT  =        2.1626
 EAMBER  =   -12381.2757


   NSTEP       ENERGY          RMS            GMAX         NAME    NUMBER
    720      -1.2387E+04     4.3464E-01     1.2368E+01     N          17

 BOND    =      925.8426  ANGLE   =        3.0266  DIHED      =       12.5209
 VDWAALS =     2298.7528  EEL     =   -15676.7936  HBOND      =        0.0000
 1-4 VDW =        2.4723  1-4 EEL =       45.5105  RESTRAINT  =        1.8311
 EAMBER  =   -12388.6678


   NSTEP       ENERGY          RMS            GMAX         NAME    NUMBER
    740      -1.2396E+04     2.7331E-01     6.0927E+00     CH3         2

 BOND    =      932.4095  ANGLE   =        3.0801  DIHED      =       12.8913
 VDWAALS =     2303.7237  EEL     =   -15697.7399  HBOND      =        0.0000
 1-4 VDW =        2.4684  1-4 EEL =       45.9940  RESTRAINT  =        1.1379
 EAMBER  =   -12397.1729


   NSTEP       ENERGY          RMS            GMAX         NAME    NUMBER
    760      -1.2404E+04     4.0728E-01     1.9258E+01     N           7

 BOND    =      932.2796  ANGLE   =        3.2279  DIHED      =       12.7001
 VDWAALS =     2310.6180  EEL     =   -15712.3200  HBOND      =        0.0000
 1-4 VDW =        2.4297  1-4 EEL =       45.7817  RESTRAINT  =        1.2886
 EAMBER  =   -12405.2831


   NSTEP       ENERGY          RMS            GMAX         NAME    NUMBER
    780      -1.2412E+04     3.0956E-01     9.8085E+00     N           7

 BOND    =      935.3446  ANGLE   =        2.9692  DIHED      =       11.9788
 VDWAALS =     2322.3150  EEL     =   -15734.9519  HBOND      =        0.0000
 1-4 VDW =        2.4106  1-4 EEL =       44.9892  RESTRAINT  =        2.5310
 EAMBER  =   -12414.9445


   NSTEP       ENERGY          RMS            GMAX         NAME    NUMBER
    800      -1.2420E+04     2.9293E-01     8.5588E+00     CH3        19

 BOND    =      935.5956  ANGLE   =        2.9740  DIHED      =       11.9943
 VDWAALS =     2327.3182  EEL     =   -15747.9989  HBOND      =        0.0000
 1-4 VDW =        2.4378  1-4 EEL =       45.5036  RESTRAINT  =        1.9003
 EAMBER  =   -12422.1753


   NSTEP       ENERGY          RMS            GMAX         NAME    NUMBER
    820      -1.2426E+04     3.3530E-01     1.0048E+01     C          15

 BOND    =      936.3996  ANGLE   =        2.9222  DIHED      =       11.9369
 VDWAALS =     2333.9661  EEL     =   -15761.1503  HBOND      =        0.0000
 1-4 VDW =        2.4063  1-4 EEL =       45.4221  RESTRAINT  =        1.8101
 EAMBER  =   -12428.0970


   NSTEP       ENERGY          RMS            GMAX         NAME    NUMBER
    840      -1.2433E+04     2.2975E-01     5.7975E+00     O           6

 BOND    =      937.8596  ANGLE   =        2.8609  DIHED      =       12.3139
 VDWAALS =     2337.7647  EEL     =   -15773.4598  HBOND      =        0.0000
 1-4 VDW =        2.3932  1-4 EEL =       45.9085  RESTRAINT  =        1.0844
 EAMBER  =   -12434.3589


   NSTEP       ENERGY          RMS            GMAX         NAME    NUMBER
    860      -1.2440E+04     4.5963E-01     1.5862E+01     N          17

 BOND    =      940.6884  ANGLE   =        2.9266  DIHED      =       12.0276
 VDWAALS =     2343.1528  EEL     =   -15788.5128  HBOND      =        0.0000
 1-4 VDW =        2.2937  1-4 EEL =       45.7284  RESTRAINT  =        1.2257
 EAMBER  =   -12441.6954


   NSTEP       ENERGY          RMS            GMAX         NAME    NUMBER
    880      -1.2447E+04     2.4296E-01     7.0555E+00     N           7

 BOND    =      941.0618  ANGLE   =        2.7580  DIHED      =       11.5012
 VDWAALS =     2350.1579  EEL     =   -15801.8154  HBOND      =        0.0000
 1-4 VDW =        2.3840  1-4 EEL =       45.1714  RESTRAINT  =        2.0747
 EAMBER  =   -12448.7811


   NSTEP       ENERGY          RMS            GMAX         NAME    NUMBER
    900      -1.2453E+04     3.2971E-01     1.0187E+01     CH3        19

 BOND    =      941.1837  ANGLE   =        2.9517  DIHED      =       11.4584
 VDWAALS =     2352.4446  EEL     =   -15810.7957  HBOND      =        0.0000
 1-4 VDW =        2.4079  1-4 EEL =       45.4621  RESTRAINT  =        1.6800
 EAMBER  =   -12454.8873


   NSTEP       ENERGY          RMS            GMAX         NAME    NUMBER
    920      -1.2459E+04     3.0782E-01     1.1980E+01     C           5

 BOND    =      942.9622  ANGLE   =        2.7475  DIHED      =       11.4802
 VDWAALS =     2357.0649  EEL     =   -15822.1383  HBOND      =        0.0000
 1-4 VDW =        2.3675  1-4 EEL =       45.5407  RESTRAINT  =        1.4085
 EAMBER  =   -12459.9752


   NSTEP       ENERGY          RMS            GMAX         NAME    NUMBER
    940      -1.2464E+04     2.4098E-01     5.8583E+00     O           6

 BOND    =      943.6215  ANGLE   =        2.8043  DIHED      =       11.7575
 VDWAALS =     2358.1016  EEL     =   -15829.3334  HBOND      =        0.0000
 1-4 VDW =        2.3237  1-4 EEL =       45.8592  RESTRAINT  =        0.9472
 EAMBER  =   -12464.8656


   NSTEP       ENERGY          RMS            GMAX         NAME    NUMBER
    960      -1.2470E+04     4.2099E-01     1.6117E+01     N          17

 BOND    =      945.3883  ANGLE   =        2.7681  DIHED      =       11.4020
 VDWAALS =     2360.6682  EEL     =   -15839.5614  HBOND      =        0.0000
 1-4 VDW =        2.2707  1-4 EEL =       45.6009  RESTRAINT  =        1.1468
 EAMBER  =   -12471.4632


   NSTEP       ENERGY          RMS            GMAX         NAME    NUMBER
    980      -1.2476E+04     2.4186E-01     6.7048E+00     C           5

 BOND    =      945.1477  ANGLE   =        2.7360  DIHED      =       11.0611
 VDWAALS =     2365.2052  EEL     =   -15849.7109  HBOND      =        0.0000
 1-4 VDW =        2.3655  1-4 EEL =       45.1977  RESTRAINT  =        1.6834
 EAMBER  =   -12477.9976


   NSTEP       ENERGY          RMS            GMAX         NAME    NUMBER
   1000      -1.2483E+04     3.7879E-01     1.4117E+01     CH3        19

 BOND    =      945.2035  ANGLE   =        2.9865  DIHED      =       10.9848
 VDWAALS =     2366.0443  EEL     =   -15857.3900  HBOND      =        0.0000
 1-4 VDW =        2.4002  1-4 EEL =       45.3471  RESTRAINT  =        1.4503
 EAMBER  =   -12484.4235


  Maximum number of minimization cycles reached.


                    FINAL RESULTS



   NSTEP       ENERGY          RMS            GMAX         NAME    NUMBER
   1000      -1.2483E+04     3.7879E-01     1.4117E+01     CH3        19

 BOND    =      945.2035  ANGLE   =        2.9865  DIHED      =       10.9848
 VDWAALS =     2366.0443  EEL     =   -15857.3900  HBOND      =        0.0000
 1-4 VDW =        2.4002  1-4 EEL =       45.3471  RESTRAINT  =        1.4503
 EAMBER  =   -12484.4235

--------------------------------------------------------------------------------
   5.  TIMINGS
--------------------------------------------------------------------------------

|                Build the list             0.06 (56.61% of List )
|                Other                      0.05 (43.39% of List )
|             List time                  0.11 ( 0.82% of Nonbo)
|                   Short_ene time             6.69 (96.23% of Direc)
|                   Other                      0.26 ( 3.77% of Direc)
|                Direct Ewald time          6.95 (50.33% of Ewald)
|                Adjust Ewald time          0.04 ( 0.28% of Ewald)
|                Self Ewald time            0.00 ( 0.01% of Ewald)
|                   Fill Bspline coeffs        0.20 ( 3.10% of Recip)
|                   Fill charge grid           0.15 ( 2.29% of Recip)
|                   Scalar sum                 0.61 ( 9.31% of Recip)
|                   Grad sum                   0.35 ( 5.34% of Recip)
|                      FFT back comm time         2.27 (44.81% of FFT t)
|                      Other                      2.79 (55.19% of FFT t)
|                   FFT time                   5.06 (77.47% of Recip)
|                   Other                      0.16 ( 2.49% of Recip)
|                Recip Ewald time           6.53 (47.27% of Ewald)
|                Force Adjust               0.15 ( 1.09% of Ewald)
|                Virial junk                0.13 ( 0.97% of Ewald)
|                Start synchronizatio       0.00 ( 0.01% of Ewald)
|                Other                      0.01 ( 0.05% of Ewald)
|             Ewald time                13.81 (99.17% of Nonbo)
|             Other                      0.00 ( 0.01% of Nonbo)
|          Nonbond force             13.93 (81.28% of Force)
|          Bond/Angle/Dihedral        0.03 ( 0.19% of Force)
|          FRC Collect time           2.89 (16.87% of Force)
|          Other                      0.28 ( 1.65% of Force)
|       Force time                17.14 (100.0% of Runmd)
|    Runmd Time                17.14 ( 7.43% of Total)
|    Other                    213.58 (92.57% of Total)
| Total time               230.73 (100.0% of ALL  )

| Highest rstack allocated:      41395
| Highest istack allocated:        911
|           Job began  at 13:47:42.292  on 03/14/2017
|           Setup done at 13:47:42.508  on 03/14/2017
|           Run   done at 13:51:33.020  on 03/14/2017
|     wallclock() was called   44068 times
