
          -------------------------------------------------------
          Amber 16 SANDER                              2016
          -------------------------------------------------------

| Run on 03/14/2017 at 15:18:21

|   Executable path: sander.MPI
| Working directory: /home/steboss/projects/mdgx-tests/alanine/IPOLQ/input/PhiPsi_1/345/255
|          Hostname: node011

  [-O]verwriting output

File Assignments:
|  MDIN: min.in                                                                
| MDOUT: Conf255.min.out                                                       
|INPCRD: Conf255.crd                                                           
|  PARM: Conf255.top                                                           
|RESTRT: Conf255.min                                                           
|  REFC: Conf255.crd                                                           
| MDVEL: mdvel                                                                 
| MDFRC: mdfrc                                                                 
|  MDEN: mden                                                                  
| MDCRD: mdcrd                                                                 
|MDINFO: mdinfo                                                                
|  MTMD: mtmd                                                                  
|INPDIP: inpdip                                                                
|RSTDIP: rstdip                                                                
|INPTRA: inptraj                                                               

|    REMLOG: rem.log
|   REMTYPE: rem.type
|  REMSTRIP: 
|   SAVEENE: saveene
|CLUSTERINF: cluster.info
| RESERVOIR: reserv/frame
|   REMDDIM: 


 Here is the input file:

Initial minimization                                                           
 &cntrl                                                                        
  ntx    = 1,       irest  = 0,       ntrx   = 1,      ntxo   = 1,             
  ntpr   = 20,      ntwx   = 0,       ntwv   = 0,      ntwe   = 0,             
                                                                               
  ntf    = 1,       ntb    = 1,                                                
  ntc    = 1,       ntr    = 1,                                                
  restraintmask = ':1',                                                        
  restraint_wt = 100.0,                                                        
  cut    = 9.0,                                                                
                                                                               
  imin   = 1,                                                                  
  maxcyc = 1000,                                                               
  ncyc   = 100,                                                                
                                                                               
 &end                                                                          

--------------------------------------------------------------------------------
   1.  RESOURCE   USE: 
--------------------------------------------------------------------------------

| Flags: MPI                                                                    
 getting new box info from bottom of inpcrd
|  INFO: Old style inpcrd file read

| peek_ewald_inpcrd: Box info found
|Largest sphere to fit in unit cell has radius =    14.635
| New format PARM file being parsed.
| Version =    1.000 Date = 03/14/17 Time = 13:40:13
 NATOM  =    2926 NTYPES =       9 NBONH =    2916 MBONA  =       9
 NTHETH =      25 MTHETA =      11 NPHIH =      43 MPHIA  =      24
 NHPARM =       0 NPARM  =       0 NNB   =    3971 NRES   =     971
 NBONA  =       9 NTHETA =      11 NPHIA =      24 NUMBND =      10
 NUMANG =      16 NPTRA  =      19 NATYP =       9 NPHB   =       1
 IFBOX  =       2 NMXRS  =      10 IFCAP =       0 NEXTRA =       0
 NCOPY  =       0


|     Memory Use     Allocated
|     Real              335694
|     Hollerith           9751
|     Integer            89704
|     Max Pairs         324542
|     nblistReal         35112
|     nblist Int         88681
|       Total             4899 kbytes

| Note: 1-4 EEL scale factors are being read from the topology file.

| Note: 1-4 VDW scale factors are being read from the topology file.
| Duplicated    0 dihedrals
| Duplicated    0 dihedrals

     BOX TYPE: TRUNCATED OCTAHEDRON

--------------------------------------------------------------------------------
   2.  CONTROL  DATA  FOR  THE  RUN
--------------------------------------------------------------------------------

default_name                                                                    

General flags:
     imin    =       1, nmropt  =       0

Nature and format of input:
     ntx     =       1, irest   =       0, ntrx    =       1

Nature and format of output:
     ntxo    =       1, ntpr    =      20, ntrx    =       1, ntwr    =       1
     iwrap   =       0, ntwx    =       0, ntwv    =       0, ntwe    =       0
     ioutfm  =       1, ntwprt  =       0, idecomp =       0, rbornstat=      0

Potential function:
     ntf     =       1, ntb     =       1, igb     =       0, nsnb    =      25
     ipol    =       0, gbsa    =       0, iesp    =       0
     dielc   =   1.00000, cut     =   9.00000, intdiel =   1.00000

Frozen or restrained atoms:
     ibelly  =       0, ntr     =       1
     restraint_wt = 100.00000

Energy minimization:
     maxcyc  =    1000, ncyc    =     100, ntmin   =       1
     dx0     =   0.01000, drms    =   0.00010

Ewald parameters:
     verbose =       0, ew_type =       0, nbflag  =       1, use_pme =       1
     vdwmeth =       1, eedmeth =       1, netfrc  =       0
     Box X =   35.848   Box Y =   35.848   Box Z =   35.848
     Alpha =  109.471   Beta  =  109.471   Gamma =  109.471
     NFFT1 =   36       NFFT2 =   36       NFFT3 =   36
     Cutoff=    9.000   Tol   =0.100E-04
     Ewald Coefficient =  0.30768
     Interpolation order =    4

| MPI Timing options:
|      profile_mpi =        0

    LOADING THE CONSTRAINED ATOMS AS GROUPS


   5.  REFERENCE ATOM COORDINATES

  defa
     Mask :1; matches     6 atoms

--------------------------------------------------------------------------------
   3.  ATOMIC COORDINATES AND VELOCITIES
--------------------------------------------------------------------------------

default_name                                                                    
 begin time read from input coords =     0.000 ps

 Number of triangulated 3-point waters found:      968
|  Atom division among processors:
|         0     367     730    1096    1462    1825    2191    2557
|      2926

     Sum of charges from parm topology file =  -0.00000000
     Forcing neutrality...
|  Running AMBER/MPI version on    8 nodes


--------------------------------------------------------------------------------
   4.  RESULTS
--------------------------------------------------------------------------------

 ---------------------------------------------------
 APPROXIMATING switch and d/dx switch using CUBIC SPLINE INTERPOLATION
 using   5000.0 points per unit in tabled values
 TESTING RELATIVE ERROR over r ranging from 0.0 to cutoff
| CHECK switch(x): max rel err =   0.2738E-14   at   2.422500
| CHECK d/dx switch(x): max rel err =   0.8314E-11   at   2.736960
 ---------------------------------------------------
| Local SIZE OF NONBOND LIST =      88079
| TOTAL SIZE OF NONBOND LIST =     672641


   NSTEP       ENERGY          RMS            GMAX         NAME    NUMBER
      1      -8.1966E+03     1.2201E+01     6.1543E+01     O         305

 BOND    =        0.7241  ANGLE   =        3.1472  DIHED      =       14.1584
 VDWAALS =      915.7584  EEL     =    -9177.3958  HBOND      =        0.0000
 1-4 VDW =        2.5867  1-4 EEL =       44.4072  RESTRAINT  =        0.0000


   NSTEP       ENERGY          RMS            GMAX         NAME    NUMBER
     20      -9.0469E+03     2.6787E+00     1.9330E+01     O         389

 BOND    =      477.3684  ANGLE   =        3.0990  DIHED      =       14.1760
 VDWAALS =      867.0340  EEL     =   -10455.4687  HBOND      =        0.0000
 1-4 VDW =        2.5857  1-4 EEL =       44.3154  RESTRAINT  =        0.0086
 EAMBER  =    -9046.8903


   NSTEP       ENERGY          RMS            GMAX         NAME    NUMBER
     40      -9.6746E+03     1.5946E+00     7.6808E+00     H1       2430

 BOND    =      523.8756  ANGLE   =        3.1478  DIHED      =       14.1078
 VDWAALS =      907.8871  EEL     =   -11170.3421  HBOND      =        0.0000
 1-4 VDW =        2.5391  1-4 EEL =       44.2212  RESTRAINT  =        0.0125
 EAMBER  =    -9674.5636


   NSTEP       ENERGY          RMS            GMAX         NAME    NUMBER
     60      -9.9154E+03     3.3515E+00     1.0382E+01     H2       1006

 BOND    =      498.9813  ANGLE   =        3.1640  DIHED      =       14.0522
 VDWAALS =      943.2509  EEL     =   -11421.6033  HBOND      =        0.0000
 1-4 VDW =        2.5082  1-4 EEL =       44.1929  RESTRAINT  =        0.0121
 EAMBER  =    -9915.4538


   NSTEP       ENERGY          RMS            GMAX         NAME    NUMBER
     80      -1.0068E+04     3.9318E+00     1.2974E+01     H2       1006

 BOND    =      505.5401  ANGLE   =        3.1684  DIHED      =       14.0092
 VDWAALS =      976.9909  EEL     =   -11614.5655  HBOND      =        0.0000
 1-4 VDW =        2.4879  1-4 EEL =       44.1727  RESTRAINT  =        0.0124
 EAMBER  =   -10068.1961


   NSTEP       ENERGY          RMS            GMAX         NAME    NUMBER
    100      -1.0204E+04     9.3524E-01     4.3673E+00     H1       1170

 BOND    =      599.9080  ANGLE   =        3.1686  DIHED      =       13.9746
 VDWAALS =     1009.8708  EEL     =   -11878.0448  HBOND      =        0.0000
 1-4 VDW =        2.4732  1-4 EEL =       44.1542  RESTRAINT  =        0.0127
 EAMBER  =   -10204.4955


   NSTEP       ENERGY          RMS            GMAX         NAME    NUMBER
    120      -1.0677E+04     5.2127E+00     6.9561E+01     H2       2323

 BOND    =      717.7939  ANGLE   =        3.2640  DIHED      =       13.7284
 VDWAALS =     1445.2460  EEL     =   -12903.8828  HBOND      =        0.0000
 1-4 VDW =        2.4126  1-4 EEL =       43.9830  RESTRAINT  =        0.0237
 EAMBER  =   -10677.4549


   NSTEP       ENERGY          RMS            GMAX         NAME    NUMBER
    140      -1.0876E+04     1.8790E+00     2.3943E+01     H2       1171

 BOND    =      712.8795  ANGLE   =        4.6438  DIHED      =       13.6297
 VDWAALS =     1440.4029  EEL     =   -13094.3921  HBOND      =        0.0000
 1-4 VDW =        2.5635  1-4 EEL =       44.0440  RESTRAINT  =        0.0284
 EAMBER  =   -10876.2286


   NSTEP       ENERGY          RMS            GMAX         NAME    NUMBER
    160      -1.0970E+04     8.0688E-01     8.3622E+00     O        1172

 BOND    =      707.5466  ANGLE   =        3.5434  DIHED      =       13.5725
 VDWAALS =     1451.7601  EEL     =   -13192.4910  HBOND      =        0.0000
 1-4 VDW =        2.3970  1-4 EEL =       43.9459  RESTRAINT  =        0.0191
 EAMBER  =   -10969.7256


   NSTEP       ENERGY          RMS            GMAX         NAME    NUMBER
    180      -1.1065E+04     1.6162E+00     4.0864E+01     CH3        19

 BOND    =      755.1656  ANGLE   =        6.2670  DIHED      =       13.4060
 VDWAALS =     1609.0014  EEL     =   -13495.8449  HBOND      =        0.0000
 1-4 VDW =        2.7660  1-4 EEL =       44.5662  RESTRAINT  =        0.1512
 EAMBER  =   -11064.6728


   NSTEP       ENERGY          RMS            GMAX         NAME    NUMBER
    200      -1.1152E+04     1.3225E+00     3.9821E+01     O           6

 BOND    =      768.2436  ANGLE   =        5.9089  DIHED      =       13.8069
 VDWAALS =     1612.7709  EEL     =   -13600.4203  HBOND      =        0.0000
 1-4 VDW =        2.3612  1-4 EEL =       44.6722  RESTRAINT  =        0.8261
 EAMBER  =   -11152.6566


   NSTEP       ENERGY          RMS            GMAX         NAME    NUMBER
    220      -1.1200E+04     1.6591E+00     5.1589E+01     CA          9

 BOND    =      775.8721  ANGLE   =        5.5345  DIHED      =       13.5194
 VDWAALS =     1659.1646  EEL     =   -13701.5225  HBOND      =        0.0000
 1-4 VDW =        2.5849  1-4 EEL =       44.2890  RESTRAINT  =        0.2004
 EAMBER  =   -11200.5579


   NSTEP       ENERGY          RMS            GMAX         NAME    NUMBER
    240      -1.1279E+04     7.9260E-01     2.2696E+01     C           5

 BOND    =      785.7078  ANGLE   =        4.7500  DIHED      =       13.3557
 VDWAALS =     1724.0516  EEL     =   -13852.3419  HBOND      =        0.0000
 1-4 VDW =        2.2454  1-4 EEL =       43.4128  RESTRAINT  =        0.2311
 EAMBER  =   -11278.8186


   NSTEP       ENERGY          RMS            GMAX         NAME    NUMBER
    260      -1.1314E+04     5.8475E-01     1.5523E+01     C           5

 BOND    =      789.4637  ANGLE   =        3.9749  DIHED      =       12.7587
 VDWAALS =     1739.4020  EEL     =   -13904.9121  HBOND      =        0.0000
 1-4 VDW =        2.2072  1-4 EEL =       43.5402  RESTRAINT  =        0.0651
 EAMBER  =   -11313.5653


   NSTEP       ENERGY          RMS            GMAX         NAME    NUMBER
    280      -1.1366E+04     1.5260E+00     4.4655E+01     C          15

 BOND    =      818.0971  ANGLE   =        6.5108  DIHED      =       12.6306
 VDWAALS =     1832.7395  EEL     =   -14083.7883  HBOND      =        0.0000
 1-4 VDW =        2.3394  1-4 EEL =       43.8226  RESTRAINT  =        1.3197
 EAMBER  =   -11367.6483


   NSTEP       ENERGY          RMS            GMAX         NAME    NUMBER
    300      -1.1413E+04     7.4012E-01     1.8985E+01     C          15

 BOND    =      814.0454  ANGLE   =        4.3084  DIHED      =       12.4112
 VDWAALS =     1831.5253  EEL     =   -14122.2100  HBOND      =        0.0000
 1-4 VDW =        2.1478  1-4 EEL =       44.0164  RESTRAINT  =        0.5879
 EAMBER  =   -11413.7554


   NSTEP       ENERGY          RMS            GMAX         NAME    NUMBER
    320      -1.1439E+04     1.0342E+00     2.6239E+01     C           5

 BOND    =      822.7830  ANGLE   =        4.8324  DIHED      =       12.7076
 VDWAALS =     1869.7790  EEL     =   -14195.1409  HBOND      =        0.0000
 1-4 VDW =        2.2575  1-4 EEL =       43.3670  RESTRAINT  =        0.5637
 EAMBER  =   -11439.4144


   NSTEP       ENERGY          RMS            GMAX         NAME    NUMBER
    340      -1.1481E+04     6.5691E-01     1.5621E+01     CB         11

 BOND    =      828.4593  ANGLE   =        4.9371  DIHED      =       12.3672
 VDWAALS =     1895.6226  EEL     =   -14268.0276  HBOND      =        0.0000
 1-4 VDW =        2.3146  1-4 EEL =       42.9898  RESTRAINT  =        0.1242
 EAMBER  =   -11481.3369


   NSTEP       ENERGY          RMS            GMAX         NAME    NUMBER
    360      -1.1496E+04     5.2431E-01     1.7697E+01     C          15

 BOND    =      829.7762  ANGLE   =        4.5433  DIHED      =       11.9322
 VDWAALS =     1906.0984  EEL     =   -14294.7315  HBOND      =        0.0000
 1-4 VDW =        2.3676  1-4 EEL =       43.6514  RESTRAINT  =        0.0671
 EAMBER  =   -11496.3625


   NSTEP       ENERGY          RMS            GMAX         NAME    NUMBER
    380      -1.1525E+04     6.9002E-01     1.1250E+01     HH31       20

 BOND    =      837.8528  ANGLE   =        5.2577  DIHED      =       11.6574
 VDWAALS =     1955.5867  EEL     =   -14381.7483  HBOND      =        0.0000
 1-4 VDW =        2.3724  1-4 EEL =       43.4866  RESTRAINT  =        0.3624
 EAMBER  =   -11525.5346


   NSTEP       ENERGY          RMS            GMAX         NAME    NUMBER
    400      -1.1551E+04     6.2892E-01     2.1122E+01     C          15

 BOND    =      841.1812  ANGLE   =        3.9191  DIHED      =       11.9998
 VDWAALS =     1958.2825  EEL     =   -14412.6817  HBOND      =        0.0000
 1-4 VDW =        2.1602  1-4 EEL =       43.5127  RESTRAINT  =        0.2214
 EAMBER  =   -11551.6263


   NSTEP       ENERGY          RMS            GMAX         NAME    NUMBER
    420      -1.1567E+04     8.0178E-01     2.5908E+01     C           5

 BOND    =      849.8343  ANGLE   =        4.2608  DIHED      =       11.7562
 VDWAALS =     1981.9136  EEL     =   -14460.3084  HBOND      =        0.0000
 1-4 VDW =        2.2211  1-4 EEL =       43.1520  RESTRAINT  =        0.1708
 EAMBER  =   -11567.1704


   NSTEP       ENERGY          RMS            GMAX         NAME    NUMBER
    440      -1.1593E+04     5.6028E-01     1.5248E+01     C           5

 BOND    =      849.4787  ANGLE   =        4.9522  DIHED      =       11.5543
 VDWAALS =     1997.5587  EEL     =   -14502.3978  HBOND      =        0.0000
 1-4 VDW =        2.3048  1-4 EEL =       42.9976  RESTRAINT  =        0.1104
 EAMBER  =   -11593.5514


   NSTEP       ENERGY          RMS            GMAX         NAME    NUMBER
    460      -1.1604E+04     4.4974E-01     1.3349E+01     C           5

 BOND    =      851.5835  ANGLE   =        4.6842  DIHED      =       11.1594
 VDWAALS =     2005.7510  EEL     =   -14522.8068  HBOND      =        0.0000
 1-4 VDW =        2.3656  1-4 EEL =       43.2161  RESTRAINT  =        0.0959
 EAMBER  =   -11604.0469


   NSTEP       ENERGY          RMS            GMAX         NAME    NUMBER
    480      -1.1625E+04     6.8908E-01     1.3085E+01     C          15

 BOND    =      856.4452  ANGLE   =        5.8092  DIHED      =       10.9525
 VDWAALS =     2039.3085  EEL     =   -14582.9926  HBOND      =        0.0000
 1-4 VDW =        2.3788  1-4 EEL =       43.0206  RESTRAINT  =        0.2410
 EAMBER  =   -11625.0777


   NSTEP       ENERGY          RMS            GMAX         NAME    NUMBER
    500      -1.1644E+04     6.3998E-01     2.3041E+01     C          15

 BOND    =      859.5700  ANGLE   =        4.3010  DIHED      =       11.4006
 VDWAALS =     2041.8230  EEL     =   -14606.8966  HBOND      =        0.0000
 1-4 VDW =        2.2173  1-4 EEL =       43.1781  RESTRAINT  =        0.2277
 EAMBER  =   -11644.4066


   NSTEP       ENERGY          RMS            GMAX         NAME    NUMBER
    520      -1.1656E+04     6.8309E-01     1.4763E+01     C          15

 BOND    =      864.5011  ANGLE   =        4.4959  DIHED      =       11.1161
 VDWAALS =     2057.6139  EEL     =   -14639.2675  HBOND      =        0.0000
 1-4 VDW =        2.2021  1-4 EEL =       42.9896  RESTRAINT  =        0.2222
 EAMBER  =   -11656.3488


   NSTEP       ENERGY          RMS            GMAX         NAME    NUMBER
    540      -1.1675E+04     4.2413E-01     1.1608E+01     C          15

 BOND    =      864.8678  ANGLE   =        5.0575  DIHED      =       11.0749
 VDWAALS =     2068.8794  EEL     =   -14670.0955  HBOND      =        0.0000
 1-4 VDW =        2.2812  1-4 EEL =       42.6569  RESTRAINT  =        0.1281
 EAMBER  =   -11675.2777


   NSTEP       ENERGY          RMS            GMAX         NAME    NUMBER
    560      -1.1683E+04     4.1986E-01     1.1925E+01     C          15

 BOND    =      867.1413  ANGLE   =        4.8663  DIHED      =       10.8300
 VDWAALS =     2075.5927  EEL     =   -14687.0627  HBOND      =        0.0000
 1-4 VDW =        2.3495  1-4 EEL =       42.8231  RESTRAINT  =        0.1044
 EAMBER  =   -11683.4598


   NSTEP       ENERGY          RMS            GMAX         NAME    NUMBER
    580      -1.1699E+04     4.4769E-01     8.2276E+00     HB3        14

 BOND    =      870.3615  ANGLE   =        5.3241  DIHED      =       10.6105
 VDWAALS =     2098.6482  EEL     =   -14728.6500  HBOND      =        0.0000
 1-4 VDW =        2.3827  1-4 EEL =       42.6632  RESTRAINT  =        0.1350
 EAMBER  =   -11698.6597


   NSTEP       ENERGY          RMS            GMAX         NAME    NUMBER
    600      -1.1712E+04     3.9763E-01     9.3649E+00     CB         11

 BOND    =      870.8521  ANGLE   =        4.4694  DIHED      =       10.7947
 VDWAALS =     2100.6131  EEL     =   -14743.8837  HBOND      =        0.0000
 1-4 VDW =        2.2524  1-4 EEL =       42.7951  RESTRAINT  =        0.1494
 EAMBER  =   -11712.1070


   NSTEP       ENERGY          RMS            GMAX         NAME    NUMBER
    620      -1.1721E+04     5.6174E-01     1.2289E+01     CH3        19

 BOND    =      877.7784  ANGLE   =        4.2736  DIHED      =       10.7040
 VDWAALS =     2112.7723  EEL     =   -14771.2870  HBOND      =        0.0000
 1-4 VDW =        2.2580  1-4 EEL =       42.7159  RESTRAINT  =        0.1622
 EAMBER  =   -11720.7849


   NSTEP       ENERGY          RMS            GMAX         NAME    NUMBER
    640      -1.1734E+04     2.8904E-01     7.3126E+00     CB         11

 BOND    =      875.4774  ANGLE   =        4.8882  DIHED      =       10.8694
 VDWAALS =     2119.2438  EEL     =   -14789.0796  HBOND      =        0.0000
 1-4 VDW =        2.2542  1-4 EEL =       42.4522  RESTRAINT  =        0.1325
 EAMBER  =   -11733.8945


   NSTEP       ENERGY          RMS            GMAX         NAME    NUMBER
    660      -1.1741E+04     4.1571E-01     1.2303E+01     N           7

 BOND    =      879.4584  ANGLE   =        5.0061  DIHED      =       10.8797
 VDWAALS =     2125.2633  EEL     =   -14806.8966  HBOND      =        0.0000
 1-4 VDW =        2.3598  1-4 EEL =       42.5178  RESTRAINT  =        0.1178
 EAMBER  =   -11741.4115


   NSTEP       ENERGY          RMS            GMAX         NAME    NUMBER
    680      -1.1753E+04     4.1668E-01     9.4305E+00     HH31       20

 BOND    =      877.9254  ANGLE   =        5.5233  DIHED      =       10.5933
 VDWAALS =     2139.9590  EEL     =   -14832.2499  HBOND      =        0.0000
 1-4 VDW =        2.4249  1-4 EEL =       42.5836  RESTRAINT  =        0.0959
 EAMBER  =   -11753.2404


   NSTEP       ENERGY          RMS            GMAX         NAME    NUMBER
    700      -1.1762E+04     3.3187E-01     6.1939E+00     H           8

 BOND    =      880.2036  ANGLE   =        4.3369  DIHED      =       10.6591
 VDWAALS =     2143.5084  EEL     =   -14845.9877  HBOND      =        0.0000
 1-4 VDW =        2.2659  1-4 EEL =       42.5626  RESTRAINT  =        0.1237
 EAMBER  =   -11762.4513


   NSTEP       ENERGY          RMS            GMAX         NAME    NUMBER
    720      -1.1769E+04     4.9241E-01     1.4116E+01     CB         11

 BOND    =      886.8399  ANGLE   =        4.7188  DIHED      =       10.5849
 VDWAALS =     2150.8764  EEL     =   -14867.5182  HBOND      =        0.0000
 1-4 VDW =        2.3631  1-4 EEL =       42.6567  RESTRAINT  =        0.1341
 EAMBER  =   -11769.4783


   NSTEP       ENERGY          RMS            GMAX         NAME    NUMBER
    740      -1.1779E+04     2.1034E-01     5.6730E+00     CH3        19

 BOND    =      883.0645  ANGLE   =        4.3833  DIHED      =       10.8107
 VDWAALS =     2156.8157  EEL     =   -14879.2377  HBOND      =        0.0000
 1-4 VDW =        2.3312  1-4 EEL =       42.6214  RESTRAINT  =        0.0877
 EAMBER  =   -11779.2110


   NSTEP       ENERGY          RMS            GMAX         NAME    NUMBER
    760      -1.1788E+04     4.5766E-01     1.6638E+01     O           6

 BOND    =      888.8129  ANGLE   =        4.8715  DIHED      =       10.8906
 VDWAALS =     2164.9272  EEL     =   -14902.9556  HBOND      =        0.0000
 1-4 VDW =        2.4319  1-4 EEL =       42.6641  RESTRAINT  =        0.0986
 EAMBER  =   -11788.3574


   NSTEP       ENERGY          RMS            GMAX         NAME    NUMBER
    780      -1.1796E+04     3.2180E-01     7.2501E+00     N          17

 BOND    =      885.7137  ANGLE   =        4.4906  DIHED      =       10.5840
 VDWAALS =     2172.2546  EEL     =   -14913.9376  HBOND      =        0.0000
 1-4 VDW =        2.5220  1-4 EEL =       42.4485  RESTRAINT  =        0.2384
 EAMBER  =   -11795.9241


   NSTEP       ENERGY          RMS            GMAX         NAME    NUMBER
    800      -1.1804E+04     4.2254E-01     1.1436E+01     C          15

 BOND    =      887.2500  ANGLE   =        4.1226  DIHED      =       10.6118
 VDWAALS =     2180.5762  EEL     =   -14932.1229  HBOND      =        0.0000
 1-4 VDW =        2.4189  1-4 EEL =       42.6924  RESTRAINT  =        0.1399
 EAMBER  =   -11804.4512


   NSTEP       ENERGY          RMS            GMAX         NAME    NUMBER
    820      -1.1811E+04     2.6394E-01     9.3411E+00     O           6

 BOND    =      893.1173  ANGLE   =        3.9461  DIHED      =       10.6303
 VDWAALS =     2183.2351  EEL     =   -14947.5057  HBOND      =        0.0000
 1-4 VDW =        2.4047  1-4 EEL =       42.8073  RESTRAINT  =        0.1108
 EAMBER  =   -11811.3648


   NSTEP       ENERGY          RMS            GMAX         NAME    NUMBER
    840      -1.1816E+04     3.1449E-01     8.8434E+00     C          15

 BOND    =      889.4056  ANGLE   =        4.0933  DIHED      =       10.9389
 VDWAALS =     2185.5886  EEL     =   -14951.5512  HBOND      =        0.0000
 1-4 VDW =        2.4179  1-4 EEL =       42.9131  RESTRAINT  =        0.0821
 EAMBER  =   -11816.1938


   NSTEP       ENERGY          RMS            GMAX         NAME    NUMBER
    860      -1.1825E+04     4.5227E-01     1.1907E+01     N          17

 BOND    =      899.2919  ANGLE   =        4.3305  DIHED      =       10.8700
 VDWAALS =     2192.6198  EEL     =   -14977.4389  HBOND      =        0.0000
 1-4 VDW =        2.4326  1-4 EEL =       42.9500  RESTRAINT  =        0.0625
 EAMBER  =   -11824.9440


   NSTEP       ENERGY          RMS            GMAX         NAME    NUMBER
    880      -1.1831E+04     3.2395E-01     1.0500E+01     C           5

 BOND    =      893.1024  ANGLE   =        4.1186  DIHED      =       10.6310
 VDWAALS =     2196.3117  EEL     =   -14981.0356  HBOND      =        0.0000
 1-4 VDW =        2.5937  1-4 EEL =       42.6466  RESTRAINT  =        0.1357
 EAMBER  =   -11831.6316


   NSTEP       ENERGY          RMS            GMAX         NAME    NUMBER
    900      -1.1839E+04     4.8915E-01     1.3900E+01     C          15

 BOND    =      891.9311  ANGLE   =        4.1345  DIHED      =       10.5846
 VDWAALS =     2201.9495  EEL     =   -14993.2198  HBOND      =        0.0000
 1-4 VDW =        2.5388  1-4 EEL =       42.7408  RESTRAINT  =        0.1184
 EAMBER  =   -11839.3405


   NSTEP       ENERGY          RMS            GMAX         NAME    NUMBER
    920      -1.1845E+04     1.7989E-01     4.1154E+00     C           5

 BOND    =      897.1831  ANGLE   =        3.6849  DIHED      =       10.6030
 VDWAALS =     2204.1823  EEL     =   -15006.4099  HBOND      =        0.0000
 1-4 VDW =        2.5009  1-4 EEL =       42.9157  RESTRAINT  =        0.0570
 EAMBER  =   -11845.3401


   NSTEP       ENERGY          RMS            GMAX         NAME    NUMBER
    940      -1.1853E+04     6.7906E-01     2.1410E+01     C          15

 BOND    =      896.8270  ANGLE   =        3.9649  DIHED      =       10.6667
 VDWAALS =     2209.0585  EEL     =   -15018.5975  HBOND      =        0.0000
 1-4 VDW =        2.5352  1-4 EEL =       42.9905  RESTRAINT  =        0.0512
 EAMBER  =   -11852.5548


   NSTEP       ENERGY          RMS            GMAX         NAME    NUMBER
    960      -1.1860E+04     3.1423E-01     7.0794E+00     CB         11

 BOND    =      897.5890  ANGLE   =        3.5419  DIHED      =       10.6895
 VDWAALS =     2216.1596  EEL     =   -15033.3377  HBOND      =        0.0000
 1-4 VDW =        2.5726  1-4 EEL =       42.9849  RESTRAINT  =        0.0450
 EAMBER  =   -11859.8002


   NSTEP       ENERGY          RMS            GMAX         NAME    NUMBER
    980      -1.1864E+04     4.3725E-01     1.2381E+01     C           5

 BOND    =      900.1440  ANGLE   =        3.6087  DIHED      =       10.6904
 VDWAALS =     2220.4856  EEL     =   -15044.1676  HBOND      =        0.0000
 1-4 VDW =        2.4880  1-4 EEL =       43.1294  RESTRAINT  =        0.0749
 EAMBER  =   -11863.6214


   NSTEP       ENERGY          RMS            GMAX         NAME    NUMBER
   1000      -1.1869E+04     3.2124E-01     8.3668E+00     HH32       21

 BOND    =      904.1476  ANGLE   =        3.3949  DIHED      =       10.8076
 VDWAALS =     2228.7716  EEL     =   -15061.6420  HBOND      =        0.0000
 1-4 VDW =        2.4945  1-4 EEL =       43.1690  RESTRAINT  =        0.0783
 EAMBER  =   -11868.8568


  Maximum number of minimization cycles reached.


                    FINAL RESULTS



   NSTEP       ENERGY          RMS            GMAX         NAME    NUMBER
   1000      -1.1869E+04     3.2124E-01     8.3668E+00     HH32       21

 BOND    =      904.1476  ANGLE   =        3.3949  DIHED      =       10.8076
 VDWAALS =     2228.7716  EEL     =   -15061.6420  HBOND      =        0.0000
 1-4 VDW =        2.4945  1-4 EEL =       43.1690  RESTRAINT  =        0.0783
 EAMBER  =   -11868.8568

--------------------------------------------------------------------------------
   5.  TIMINGS
--------------------------------------------------------------------------------

|                Build the list             0.09 (61.22% of List )
|                Other                      0.06 (38.78% of List )
|             List time                  0.14 ( 0.97% of Nonbo)
|                   Short_ene time             6.39 (96.53% of Direc)
|                   Other                      0.23 ( 3.47% of Direc)
|                Direct Ewald time          6.62 (45.53% of Ewald)
|                Adjust Ewald time          0.04 ( 0.25% of Ewald)
|                Self Ewald time            0.00 ( 0.01% of Ewald)
|                   Fill Bspline coeffs        0.14 ( 2.09% of Recip)
|                   Fill charge grid           0.11 ( 1.74% of Recip)
|                   Scalar sum                 0.49 ( 7.40% of Recip)
|                   Grad sum                   0.27 ( 4.05% of Recip)
|                      FFT back comm time         3.09 (57.60% of FFT t)
|                      Other                      2.27 (42.40% of FFT t)
|                   FFT time                   5.36 (81.62% of Recip)
|                   Other                      0.20 ( 3.10% of Recip)
|                Recip Ewald time           6.56 (45.11% of Ewald)
|                Force Adjust               0.89 ( 6.10% of Ewald)
|                Virial junk                0.43 ( 2.96% of Ewald)
|                Other                      0.01 ( 0.03% of Ewald)
|             Ewald time                14.55 (99.02% of Nonbo)
|             Other                      0.00 ( 0.01% of Nonbo)
|          Nonbond force             14.69 (82.96% of Force)
|          Bond/Angle/Dihedral        0.03 ( 0.18% of Force)
|          FRC Collect time           0.56 ( 3.16% of Force)
|          Other                      2.42 (13.69% of Force)
|       Force time                17.71 (100.0% of Runmd)
|    Runmd Time                17.71 ( 6.52% of Total)
|    Other                    253.96 (93.48% of Total)
| Total time               271.68 (100.0% of ALL  )

| Highest rstack allocated:      40180
| Highest istack allocated:        866
|           Job began  at 15:18:21.915  on 03/14/2017
|           Setup done at 15:18:22.081  on 03/14/2017
|           Run   done at 15:22:53.592  on 03/14/2017
|     wallclock() was called   44066 times
