
          -------------------------------------------------------
          Amber 16 SANDER                              2016
          -------------------------------------------------------

| Run on 03/14/2017 at 15:22:54

|   Executable path: sander.MPI
| Working directory: /home/steboss/projects/mdgx-tests/alanine/IPOLQ/input/PhiPsi_1/345/255
|          Hostname: node011

  [-O]verwriting output

File Assignments:
|  MDIN: equil.in                                                              
| MDOUT: Conf255.eq.out                                                        
|INPCRD: Conf255.min                                                           
|  PARM: Conf255.top                                                           
|RESTRT: Conf255.rst                                                           
|  REFC: Conf255.crd                                                           
| MDVEL: mdvel                                                                 
| MDFRC: mdfrc                                                                 
|  MDEN: mden                                                                  
| MDCRD: mdcrd                                                                 
|MDINFO: mdinfo                                                                
|  MTMD: mtmd                                                                  
|INPDIP: inpdip                                                                
|RSTDIP: rstdip                                                                
|INPTRA: inptraj                                                               

|    REMLOG: rem.log
|   REMTYPE: rem.type
|  REMSTRIP: 
|   SAVEENE: saveene
|CLUSTERINF: cluster.info
| RESERVOIR: reserv/frame
|   REMDDIM: 


 Here is the input file:

Equilibrate water in NPT                                                       
 &cntrl                                                                        
                                                                               
  nmropt = 0,                                                                  
  ntx    = 1,       irest  = 0,       ntrx   = 1,      ntxo   = 1,             
  ntpr   = 1000,    ntwx   = 1000,    ntwv   = 0,      ntwe   = 1000,          
  iwrap  = 0,       ioutfm = 1,                                                
                                                                               
  ntf    = 2,       ntb    = 2,                                                
  cut = 9.0,                                                                   
                                                                               
  ibelly = 0,       ntr    = 1,                                                
  restraintmask = ':1',                                                        
  restraint_wt = 100.0,                                                        
                                                                               
  imin   = 0,                                                                  
  nstlim = 10000,                                                              
  nscm   = 1000,                                                               
  t      = 0.0,     dt     = 0.002,                                            
                                                                               
  temp0     = 298.0,   tempi  = 0.0,                                           
  ig        = -1,                                                              
  ntt       = 3,                                                               
  gamma_ln  = 3.0,                                                             
                                                                               
  ntp    = 1,       pres0  = 1.0,     comp   = 44.6,                           
  taup   = 1.0,                                                                
                                                                               
  ntc    = 2,       tol    = 0.000001, watnam = 'WAT ',                        
                                                                               
 &end                                                                          

--------------------------------------------------------------------------------
   1.  RESOURCE   USE: 
--------------------------------------------------------------------------------

| Flags: MPI                                                                    
 getting new box info from bottom of inpcrd
|  INFO: Old style inpcrd file read

| peek_ewald_inpcrd: Box info found
|Largest sphere to fit in unit cell has radius =    14.635
| New format PARM file being parsed.
| Version =    1.000 Date = 03/14/17 Time = 13:40:13
 NATOM  =    2926 NTYPES =       9 NBONH =    2916 MBONA  =       9
 NTHETH =      25 MTHETA =      11 NPHIH =      43 MPHIA  =      24
 NHPARM =       0 NPARM  =       0 NNB   =    3971 NRES   =     971
 NBONA  =       9 NTHETA =      11 NPHIA =      24 NUMBND =      10
 NUMANG =      16 NPTRA  =      19 NATYP =       9 NPHB   =       1
 IFBOX  =       2 NMXRS  =      10 IFCAP =       0 NEXTRA =       0
 NCOPY  =       0


|     Memory Use     Allocated
|     Real              300382
|     Hollerith           9751
|     Integer            89704
|     Max Pairs         324542
|     nblistReal         35112
|     nblist Int         88681
|       Total             4623 kbytes

| Note: 1-4 EEL scale factors are being read from the topology file.

| Note: 1-4 VDW scale factors are being read from the topology file.
| Duplicated    0 dihedrals
| Duplicated    0 dihedrals

     BOX TYPE: TRUNCATED OCTAHEDRON
Note: ig = -1. Setting random seed to    19391 based on wallclock time in microseconds
      and disabling the synchronization of random numbers between tasks
      to improve performance.

--------------------------------------------------------------------------------
   2.  CONTROL  DATA  FOR  THE  RUN
--------------------------------------------------------------------------------

default_name                                                                    

General flags:
     imin    =       0, nmropt  =       0

Nature and format of input:
     ntx     =       1, irest   =       0, ntrx    =       1

Nature and format of output:
     ntxo    =       1, ntpr    =    1000, ntrx    =       1, ntwr    =   10000
     iwrap   =       0, ntwx    =    1000, ntwv    =       0, ntwe    =    1000
     ioutfm  =       1, ntwprt  =       0, idecomp =       0, rbornstat=      0

Potential function:
     ntf     =       2, ntb     =       2, igb     =       0, nsnb    =      25
     ipol    =       0, gbsa    =       0, iesp    =       0
     dielc   =   1.00000, cut     =   9.00000, intdiel =   1.00000

Frozen or restrained atoms:
     ibelly  =       0, ntr     =       1
     restraint_wt = 100.00000

Molecular dynamics:
     nstlim  =     10000, nscm    =         0, nrespa  =         1
     t       =   0.00000, dt      =   0.00200, vlimit  =  20.00000

Langevin dynamics temperature regulation:
     ig      =   19391
     temp0   = 298.00000, tempi   =   0.00000, gamma_ln=   3.00000

Pressure regulation:
     ntp     =       1
     pres0   =   1.00000, comp    =  44.60000, taup    =   1.00000

SHAKE:
     ntc     =       2, jfastw  =       0
     tol     =   0.00000

Ewald parameters:
     verbose =       0, ew_type =       0, nbflag  =       1, use_pme =       1
     vdwmeth =       1, eedmeth =       1, netfrc  =       1
     Box X =   35.848   Box Y =   35.848   Box Z =   35.848
     Alpha =  109.471   Beta  =  109.471   Gamma =  109.471
     NFFT1 =   36       NFFT2 =   36       NFFT3 =   36
     Cutoff=    9.000   Tol   =0.100E-04
     Ewald Coefficient =  0.30768
     Interpolation order =    4

| MPI Timing options:
|      profile_mpi =        0

    LOADING THE CONSTRAINED ATOMS AS GROUPS


   5.  REFERENCE ATOM COORDINATES

  defa
     Mask :1; matches     6 atoms

--------------------------------------------------------------------------------
   3.  ATOMIC COORDINATES AND VELOCITIES
--------------------------------------------------------------------------------

defa                                                                            
 begin time read from input coords =     0.000 ps

 Number of triangulated 3-point waters found:      968
|  Atom division among processors:
|         0     367     733    1099    1465    1831    2197    2563
|      2926

     Sum of charges from parm topology file =  -0.00000000
     Forcing neutrality...
|  Running AMBER/MPI version on    8 nodes


--------------------------------------------------------------------------------
   4.  RESULTS
--------------------------------------------------------------------------------

|  # of SOLUTE  degrees of freedom (RNDFP):    5862.
|  # of SOLVENT degrees of freedom (RNDFS):       0.
|  NDFMIN =    5862.     NUM_NOSHAKE =      0     CORRECTED RNDFP =    5862.
|  TOTAL # of degrees of freedom (RNDF) =    5862.
 ---------------------------------------------------
 APPROXIMATING switch and d/dx switch using CUBIC SPLINE INTERPOLATION
 using   5000.0 points per unit in tabled values
 TESTING RELATIVE ERROR over r ranging from 0.0 to cutoff
| CHECK switch(x): max rel err =   0.2738E-14   at   2.422500
| CHECK d/dx switch(x): max rel err =   0.8314E-11   at   2.736960
 ---------------------------------------------------
| Local SIZE OF NONBOND LIST =      94372
| TOTAL SIZE OF NONBOND LIST =     673773

 NSTEP =        0   TIME(PS) =       0.000  TEMP(K) =     0.00  PRESS = -5505.9
 Etot   =    -12771.9884  EKtot   =         0.0000  EPtot      =    -12771.9884
 BOND   =         0.9377  ANGLE   =         3.3949  DIHED      =        10.8076
 1-4 NB =         2.4945  1-4 EEL =        43.1690  VDWAALS    =      2228.7716
 EELEC  =    -15061.6420  EHBOND  =         0.0000  RESTRAINT  =         0.0783
 EAMBER (non-restraint)  =    -12772.0668
 EKCMT  =         0.0000  VIRIAL  =      4215.7022  VOLUME     =     35462.2504
                                                    Density    =         0.8234
 Ewald error estimate:   0.1435E-03
 ------------------------------------------------------------------------------


 NSTEP =     1000   TIME(PS) =       2.000  TEMP(K) =   283.01  PRESS =  -518.9
 Etot   =     -7497.7244  EKtot   =      1648.4066  EPtot      =     -9146.1310
 BOND   =         3.5822  ANGLE   =         8.7275  DIHED      =        14.4904
 1-4 NB =         3.2689  1-4 EEL =        48.2724  VDWAALS    =      1398.0472
 EELEC  =    -10627.2202  EHBOND  =         0.0000  RESTRAINT  =         4.7005
 EAMBER (non-restraint)  =     -9150.8315
 EKCMT  =       820.4473  VIRIAL  =      1183.2047  VOLUME     =     32381.4042
                                                    Density    =         0.9017
 Ewald error estimate:   0.1855E-03
 ------------------------------------------------------------------------------


 NSTEP =     2000   TIME(PS) =       4.000  TEMP(K) =   289.10  PRESS =  -215.2
 Etot   =     -7506.8349  EKtot   =      1683.8635  EPtot      =     -9190.6984
 BOND   =         1.4708  ANGLE   =         9.1402  DIHED      =        11.6858
 1-4 NB =         2.7584  1-4 EEL =        46.2225  VDWAALS    =      1394.0008
 EELEC  =    -10658.6143  EHBOND  =         0.0000  RESTRAINT  =         2.6374
 EAMBER (non-restraint)  =     -9193.3357
 EKCMT  =       815.3665  VIRIAL  =       959.1970  VOLUME     =     30949.6911
                                                    Density    =         0.9434
 Ewald error estimate:   0.3530E-03
 ------------------------------------------------------------------------------


 NSTEP =     3000   TIME(PS) =       6.000  TEMP(K) =   290.87  PRESS =  -547.5
 Etot   =     -7541.1802  EKtot   =      1694.1435  EPtot      =     -9235.3237
 BOND   =         3.2587  ANGLE   =        10.2078  DIHED      =        14.9364
 1-4 NB =         3.3729  1-4 EEL =        46.7520  VDWAALS    =      1318.8745
 EELEC  =    -10636.7373  EHBOND  =         0.0000  RESTRAINT  =         4.0113
 EAMBER (non-restraint)  =     -9239.3350
 EKCMT  =       842.6004  VIRIAL  =      1198.1427  VOLUME     =     30078.7094
                                                    Density    =         0.9707
 Ewald error estimate:   0.7325E-04
 ------------------------------------------------------------------------------


 NSTEP =     4000   TIME(PS) =       8.000  TEMP(K) =   293.34  PRESS =   411.6
 Etot   =     -7565.9735  EKtot   =      1708.5518  EPtot      =     -9274.5253
 BOND   =         3.4765  ANGLE   =         7.9433  DIHED      =        13.7734
 1-4 NB =         2.7951  1-4 EEL =        44.3445  VDWAALS    =      1432.8729
 EELEC  =    -10781.3899  EHBOND  =         0.0000  RESTRAINT  =         1.6589
 EAMBER (non-restraint)  =     -9276.1842
 EKCMT  =       851.4912  VIRIAL  =       587.0844  VOLUME     =     29749.1277
                                                    Density    =         0.9815
 Ewald error estimate:   0.3965E-03
 ------------------------------------------------------------------------------


 NSTEP =     5000   TIME(PS) =      10.000  TEMP(K) =   291.81  PRESS =  -435.6
 Etot   =     -7665.6934  EKtot   =      1699.6164  EPtot      =     -9365.3098
 BOND   =         4.7352  ANGLE   =         6.9174  DIHED      =        10.5843
 1-4 NB =         3.4597  1-4 EEL =        45.6961  VDWAALS    =      1345.6799
 EELEC  =    -10784.5399  EHBOND  =         0.0000  RESTRAINT  =         2.1574
 EAMBER (non-restraint)  =     -9367.4672
 EKCMT  =       857.6929  VIRIAL  =      1136.2918  VOLUME     =     29621.3720
                                                    Density    =         0.9857
 Ewald error estimate:   0.3118E-03
 ------------------------------------------------------------------------------


 NSTEP =     6000   TIME(PS) =      12.000  TEMP(K) =   301.07  PRESS =  -147.9
 Etot   =     -7564.3050  EKtot   =      1753.5744  EPtot      =     -9317.8794
 BOND   =         4.6090  ANGLE   =        15.2798  DIHED      =        10.9486
 1-4 NB =         3.8015  1-4 EEL =        42.9406  VDWAALS    =      1380.2429
 EELEC  =    -10781.9135  EHBOND  =         0.0000  RESTRAINT  =         6.2118
 EAMBER (non-restraint)  =     -9324.0911
 EKCMT  =       860.0805  VIRIAL  =       954.9661  VOLUME     =     29715.9419
                                                    Density    =         0.9826
 Ewald error estimate:   0.1769E-03
 ------------------------------------------------------------------------------


 NSTEP =     7000   TIME(PS) =      14.000  TEMP(K) =   295.36  PRESS =  -413.0
 Etot   =     -7570.3409  EKtot   =      1720.3162  EPtot      =     -9290.6570
 BOND   =         2.6204  ANGLE   =         7.9973  DIHED      =        11.0911
 1-4 NB =         3.1873  1-4 EEL =        44.4306  VDWAALS    =      1313.8191
 EELEC  =    -10676.5458  EHBOND  =         0.0000  RESTRAINT  =         2.7430
 EAMBER (non-restraint)  =     -9293.4000
 EKCMT  =       863.8393  VIRIAL  =      1127.4944  VOLUME     =     29565.9586
                                                    Density    =         0.9876
 Ewald error estimate:   0.4457E-03
 ------------------------------------------------------------------------------


 NSTEP =     8000   TIME(PS) =      16.000  TEMP(K) =   297.88  PRESS =   100.9
 Etot   =     -7615.2677  EKtot   =      1734.9873  EPtot      =     -9350.2550
 BOND   =         1.4363  ANGLE   =         8.1444  DIHED      =        12.0388
 1-4 NB =         3.0400  1-4 EEL =        46.3194  VDWAALS    =      1405.0782
 EELEC  =    -10829.5104  EHBOND  =         0.0000  RESTRAINT  =         3.1984
 EAMBER (non-restraint)  =     -9353.4534
 EKCMT  =       838.9646  VIRIAL  =       774.6532  VOLUME     =     29530.4608
                                                    Density    =         0.9888
 Ewald error estimate:   0.1182E-03
 ------------------------------------------------------------------------------


 NSTEP =     9000   TIME(PS) =      18.000  TEMP(K) =   298.99  PRESS =    45.0
 Etot   =     -7581.1647  EKtot   =      1741.4561  EPtot      =     -9322.6208
 BOND   =         2.5648  ANGLE   =        11.3282  DIHED      =        11.6056
 1-4 NB =         4.3864  1-4 EEL =        46.1764  VDWAALS    =      1381.0297
 EELEC  =    -10784.2963  EHBOND  =         0.0000  RESTRAINT  =         4.5842
 EAMBER (non-restraint)  =     -9327.2050
 EKCMT  =       860.1521  VIRIAL  =       831.4969  VOLUME     =     29473.7241
                                                    Density    =         0.9907
 Ewald error estimate:   0.2911E-05
 ------------------------------------------------------------------------------


 NSTEP =    10000   TIME(PS) =      20.000  TEMP(K) =   292.35  PRESS =  -318.9
 Etot   =     -7628.4427  EKtot   =      1702.7831  EPtot      =     -9331.2257
 BOND   =         1.0452  ANGLE   =        12.4653  DIHED      =        13.7953
 1-4 NB =         3.4546  1-4 EEL =        44.7628  VDWAALS    =      1336.2730
 EELEC  =    -10746.8912  EHBOND  =         0.0000  RESTRAINT  =         3.8691
 EAMBER (non-restraint)  =     -9335.0949
 EKCMT  =       838.6735  VIRIAL  =      1042.7798  VOLUME     =     29640.1841
                                                    Density    =         0.9851
 Ewald error estimate:   0.5198E-03
 ------------------------------------------------------------------------------


      A V E R A G E S   O V E R   10000 S T E P S


 NSTEP =    10000   TIME(PS) =      20.000  TEMP(K) =   291.66  PRESS =  -200.1
 Etot   =     -7613.9496  EKtot   =      1698.7335  EPtot      =     -9312.6831
 BOND   =         3.1945  ANGLE   =         8.7026  DIHED      =        12.3519
 1-4 NB =         3.5283  1-4 EEL =        45.4510  VDWAALS    =      1395.1085
 EELEC  =    -10784.3679  EHBOND  =         0.0000  RESTRAINT  =         3.3480
 EAMBER (non-restraint)  =     -9316.0311
 EKCMT  =       845.3768  VIRIAL  =       985.6686  VOLUME     =     30307.7447
                                                    Density    =         0.9650
 Ewald error estimate:   0.1911E-03
 ------------------------------------------------------------------------------


      R M S  F L U C T U A T I O N S


 NSTEP =    10000   TIME(PS) =      20.000  TEMP(K) =    26.33  PRESS =   460.2
 Etot   =       320.6983  EKtot   =       153.3754  EPtot      =       173.8327
 BOND   =         1.4843  ANGLE   =         2.4545  DIHED      =         1.5200
 1-4 NB =         0.7994  1-4 EEL =         1.8182  VDWAALS    =        86.3232
 EELEC  =       249.3407  EHBOND  =         0.0000  RESTRAINT  =         1.4038
 EAMBER (non-restraint)  =       172.4289
 EKCMT  =        75.4883  VIRIAL  =       285.6073  VOLUME     =      1295.9013
                                                    Density    =         0.0381
 Ewald error estimate:   0.1423E-03
 ------------------------------------------------------------------------------


--------------------------------------------------------------------------------
   5.  TIMINGS
--------------------------------------------------------------------------------

|>>>>>>>>PROFILE of Average TIMES>>>>>>>>> 
|                Build the list             9.19 (97.41% of List )
|                Other                      0.24 ( 2.59% of List )
|             List time                  9.43 ( 8.97% of Nonbo)
|                   Short_ene time            50.33 (96.05% of Direc)
|                   Other                      2.07 ( 3.95% of Direc)
|                Direct Ewald time         52.40 (54.75% of Ewald)
|                Adjust Ewald time          0.28 ( 0.30% of Ewald)
|                   Fill Bspline coeffs        1.31 ( 5.20% of Recip)
|                   Fill charge grid           1.00 ( 3.99% of Recip)
|                   Scalar sum                 4.30 (17.12% of Recip)
|                   Grad sum                   2.20 ( 8.75% of Recip)
|                      FFT back comm time         5.43 (36.80% of FFT t)
|                      Other                      9.32 (63.20% of FFT t)
|                   FFT time                  14.75 (58.79% of Recip)
|                   Other                      1.54 ( 6.14% of Recip)
|                Recip Ewald time          25.09 (26.22% of Ewald)
|                Force Adjust              15.32 (16.01% of Ewald)
|                Virial junk                2.56 ( 2.67% of Ewald)
|                Other                      0.04 ( 0.04% of Ewald)
|             Ewald time                95.71 (91.02% of Nonbo)
|             Other                      0.01 ( 0.01% of Nonbo)
|          Nonbond force            105.15 (95.81% of Force)
|          Bond/Angle/Dihedral        0.13 ( 0.11% of Force)
|          FRC Collect time           3.19 ( 2.91% of Force)
|          Other                      1.28 ( 1.16% of Force)
|       Force time               109.74 (92.33% of Runmd)
|       Shake time                 0.31 ( 0.26% of Runmd)
|       Verlet update time         4.30 ( 3.62% of Runmd)
|       Ekcmr time                 1.95 ( 1.64% of Runmd)
|       CRD distribute time        0.86 ( 0.72% of Runmd)
|       Other                      1.70 ( 1.43% of Runmd)
|    Runmd Time               118.86 (100.0% of Total)
|    Other                      0.11 ( 0.10% of Total)
| Total time               118.98 (100.0% of ALL  )

| Number of list builds   :        904

| Highest rstack allocated:      40180
| Highest istack allocated:        866

| Final Performance Info:
| -----------------------------------------------------
| Average timings for all steps:
|     Elapsed(s) =     119.07 Per Step(ms) =      11.91
|         ns/day =      14.51   seconds/ns =    5953.44
| -----------------------------------------------------

|           Job began  at 15:22:54.965  on 03/14/2017
|           Setup done at 15:22:55.084  on 03/14/2017
|           Run   done at 15:24:54.012  on 03/14/2017
|     wallclock() was called  571875 times
