
          -------------------------------------------------------
          Amber 16 SANDER                              2016
          -------------------------------------------------------

| Run on 03/14/2017 at 15:19:13

|   Executable path: sander.MPI
| Working directory: /home/steboss/projects/mdgx-tests/alanine/IPOLQ/input/PhiPsi_1/345/330
|          Hostname: node002

  [-O]verwriting output

File Assignments:
|  MDIN: min.in                                                                
| MDOUT: Conf330.min.out                                                       
|INPCRD: Conf330.crd                                                           
|  PARM: Conf330.top                                                           
|RESTRT: Conf330.min                                                           
|  REFC: Conf330.crd                                                           
| MDVEL: mdvel                                                                 
| MDFRC: mdfrc                                                                 
|  MDEN: mden                                                                  
| MDCRD: mdcrd                                                                 
|MDINFO: mdinfo                                                                
|  MTMD: mtmd                                                                  
|INPDIP: inpdip                                                                
|RSTDIP: rstdip                                                                
|INPTRA: inptraj                                                               

|    REMLOG: rem.log
|   REMTYPE: rem.type
|  REMSTRIP: 
|   SAVEENE: saveene
|CLUSTERINF: cluster.info
| RESERVOIR: reserv/frame
|   REMDDIM: 


 Here is the input file:

Initial minimization                                                           
 &cntrl                                                                        
  ntx    = 1,       irest  = 0,       ntrx   = 1,      ntxo   = 1,             
  ntpr   = 20,      ntwx   = 0,       ntwv   = 0,      ntwe   = 0,             
                                                                               
  ntf    = 1,       ntb    = 1,                                                
  ntc    = 1,       ntr    = 1,                                                
  restraintmask = ':1',                                                        
  restraint_wt = 100.0,                                                        
  cut    = 9.0,                                                                
                                                                               
  imin   = 1,                                                                  
  maxcyc = 1000,                                                               
  ncyc   = 100,                                                                
                                                                               
 &end                                                                          

--------------------------------------------------------------------------------
   1.  RESOURCE   USE: 
--------------------------------------------------------------------------------

| Flags: MPI                                                                    
 getting new box info from bottom of inpcrd
|  INFO: Old style inpcrd file read

| peek_ewald_inpcrd: Box info found
|Largest sphere to fit in unit cell has radius =    14.326
| New format PARM file being parsed.
| Version =    1.000 Date = 03/14/17 Time = 13:40:15
 NATOM  =    2770 NTYPES =       9 NBONH =    2760 MBONA  =       9
 NTHETH =      25 MTHETA =      11 NPHIH =      43 MPHIA  =      24
 NHPARM =       0 NPARM  =       0 NNB   =    3763 NRES   =     919
 NBONA  =       9 NTHETA =      11 NPHIA =      24 NUMBND =      10
 NUMANG =      16 NPTRA  =      19 NATYP =       9 NPHB   =       1
 IFBOX  =       2 NMXRS  =      10 IFCAP =       0 NEXTRA =       0
 NCOPY  =       0


|     Memory Use     Allocated
|     Real              322434
|     Hollerith           9231
|     Integer            86168
|     Max Pairs         307238
|     nblistReal         33240
|     nblist Int         85041
|       Total             4683 kbytes

| Note: 1-4 EEL scale factors are being read from the topology file.

| Note: 1-4 VDW scale factors are being read from the topology file.
| Duplicated    0 dihedrals
| Duplicated    0 dihedrals

     BOX TYPE: TRUNCATED OCTAHEDRON

--------------------------------------------------------------------------------
   2.  CONTROL  DATA  FOR  THE  RUN
--------------------------------------------------------------------------------

default_name                                                                    

General flags:
     imin    =       1, nmropt  =       0

Nature and format of input:
     ntx     =       1, irest   =       0, ntrx    =       1

Nature and format of output:
     ntxo    =       1, ntpr    =      20, ntrx    =       1, ntwr    =       1
     iwrap   =       0, ntwx    =       0, ntwv    =       0, ntwe    =       0
     ioutfm  =       1, ntwprt  =       0, idecomp =       0, rbornstat=      0

Potential function:
     ntf     =       1, ntb     =       1, igb     =       0, nsnb    =      25
     ipol    =       0, gbsa    =       0, iesp    =       0
     dielc   =   1.00000, cut     =   9.00000, intdiel =   1.00000

Frozen or restrained atoms:
     ibelly  =       0, ntr     =       1
     restraint_wt = 100.00000

Energy minimization:
     maxcyc  =    1000, ncyc    =     100, ntmin   =       1
     dx0     =   0.01000, drms    =   0.00010

Ewald parameters:
     verbose =       0, ew_type =       0, nbflag  =       1, use_pme =       1
     vdwmeth =       1, eedmeth =       1, netfrc  =       0
     Box X =   35.091   Box Y =   35.091   Box Z =   35.091
     Alpha =  109.471   Beta  =  109.471   Gamma =  109.471
     NFFT1 =   36       NFFT2 =   36       NFFT3 =   36
     Cutoff=    9.000   Tol   =0.100E-04
     Ewald Coefficient =  0.30768
     Interpolation order =    4

| MPI Timing options:
|      profile_mpi =        0

    LOADING THE CONSTRAINED ATOMS AS GROUPS


   5.  REFERENCE ATOM COORDINATES

  defa
     Mask :1; matches     6 atoms

--------------------------------------------------------------------------------
   3.  ATOMIC COORDINATES AND VELOCITIES
--------------------------------------------------------------------------------

default_name                                                                    
 begin time read from input coords =     0.000 ps

 Number of triangulated 3-point waters found:      916
|  Atom division among processors:
|         0     346     694    1039    1384    1732    2077    2422
|      2770

     Sum of charges from parm topology file =  -0.00000000
     Forcing neutrality...
|  Running AMBER/MPI version on    8 nodes


--------------------------------------------------------------------------------
   4.  RESULTS
--------------------------------------------------------------------------------

 ---------------------------------------------------
 APPROXIMATING switch and d/dx switch using CUBIC SPLINE INTERPOLATION
 using   5000.0 points per unit in tabled values
 TESTING RELATIVE ERROR over r ranging from 0.0 to cutoff
| CHECK switch(x): max rel err =   0.2738E-14   at   2.422500
| CHECK d/dx switch(x): max rel err =   0.8314E-11   at   2.736960
 ---------------------------------------------------
| Local SIZE OF NONBOND LIST =      83478
| TOTAL SIZE OF NONBOND LIST =     642160


   NSTEP       ENERGY          RMS            GMAX         NAME    NUMBER
      1      -7.5140E+03     1.2792E+01     6.1588E+01     O         290

 BOND    =        0.7379  ANGLE   =        2.4724  DIHED      =       11.7378
 VDWAALS =     1184.0473  EEL     =    -8760.7590  HBOND      =        0.0000
 1-4 VDW =        2.5800  1-4 EEL =       45.2027  RESTRAINT  =        0.0000


   NSTEP       ENERGY          RMS            GMAX         NAME    NUMBER
     20      -8.4592E+03     3.1115E+00     2.4379E+01     O         365

 BOND    =      462.9851  ANGLE   =        2.4917  DIHED      =       11.8179
 VDWAALS =     1024.4070  EEL     =   -10008.6405  HBOND      =        0.0000
 1-4 VDW =        2.5802  1-4 EEL =       45.1353  RESTRAINT  =        0.0160
 EAMBER  =    -8459.2234


   NSTEP       ENERGY          RMS            GMAX         NAME    NUMBER
     40      -9.2979E+03     1.4916E+00     7.1999E+00     H1        792

 BOND    =      546.0393  ANGLE   =        2.5245  DIHED      =       11.6088
 VDWAALS =     1024.2152  EEL     =   -10929.8864  HBOND      =        0.0000
 1-4 VDW =        2.6300  1-4 EEL =       44.9322  RESTRAINT  =        0.0207
 EAMBER  =    -9297.9364


   NSTEP       ENERGY          RMS            GMAX         NAME    NUMBER
     60      -9.4926E+03     3.7041E+00     2.3908E+01     H1       1899

 BOND    =      627.9644  ANGLE   =        2.5310  DIHED      =       11.4979
 VDWAALS =     1054.8440  EEL     =   -11236.9443  HBOND      =        0.0000
 1-4 VDW =        2.6519  1-4 EEL =       44.8424  RESTRAINT  =        0.0217
 EAMBER  =    -9492.6128


   NSTEP       ENERGY          RMS            GMAX         NAME    NUMBER
     80      -9.6233E+03     4.0820E+00     2.5562E+01     H2        475

 BOND    =      657.9699  ANGLE   =        2.5245  DIHED      =       11.4036
 VDWAALS =     1086.2990  EEL     =   -11428.9611  HBOND      =        0.0000
 1-4 VDW =        2.6684  1-4 EEL =       44.7862  RESTRAINT  =        0.0245
 EAMBER  =    -9623.3095


   NSTEP       ENERGY          RMS            GMAX         NAME    NUMBER
    100      -9.7461E+03     1.8658E+00     9.6839E+00     H2        475

 BOND    =      562.0257  ANGLE   =        2.4832  DIHED      =       11.3005
 VDWAALS =     1119.0430  EEL     =   -11488.4665  HBOND      =        0.0000
 1-4 VDW =        2.6788  1-4 EEL =       44.8294  RESTRAINT  =        0.0270
 EAMBER  =    -9746.1059


   NSTEP       ENERGY          RMS            GMAX         NAME    NUMBER
    120      -1.0177E+04     4.3879E+00     1.0891E+02     H2       2470

 BOND    =      701.3333  ANGLE   =        2.6997  DIHED      =       10.6812
 VDWAALS =     1461.2338  EEL     =   -12400.4361  HBOND      =        0.0000
 1-4 VDW =        2.7789  1-4 EEL =       44.5908  RESTRAINT  =        0.0758
 EAMBER  =   -10177.1184


   NSTEP       ENERGY          RMS            GMAX         NAME    NUMBER
    140      -1.0298E+04     1.3115E+00     2.5887E+01     O        2210

 BOND    =      680.6694  ANGLE   =        2.5925  DIHED      =       10.6148
 VDWAALS =     1466.6864  EEL     =   -12505.6381  HBOND      =        0.0000
 1-4 VDW =        2.7454  1-4 EEL =       44.3347  RESTRAINT  =        0.0705
 EAMBER  =   -10297.9950


   NSTEP       ENERGY          RMS            GMAX         NAME    NUMBER
    160      -1.0414E+04     1.9845E+00     3.5728E+01     O        2219

 BOND    =      701.6430  ANGLE   =        3.6490  DIHED      =       10.3331
 VDWAALS =     1505.2261  EEL     =   -12682.7788  HBOND      =        0.0000
 1-4 VDW =        2.9200  1-4 EEL =       44.4502  RESTRAINT  =        0.0827
 EAMBER  =   -10414.5574


   NSTEP       ENERGY          RMS            GMAX         NAME    NUMBER
    180      -1.0501E+04     1.1598E+00     2.9831E+01     H          18

 BOND    =      731.2052  ANGLE   =        3.6736  DIHED      =       10.1393
 VDWAALS =     1612.6076  EEL     =   -12906.3723  HBOND      =        0.0000
 1-4 VDW =        2.9345  1-4 EEL =       44.3682  RESTRAINT  =        0.1123
 EAMBER  =   -10501.4438


   NSTEP       ENERGY          RMS            GMAX         NAME    NUMBER
    200      -1.0582E+04     1.3777E+00     3.1190E+01     C           5

 BOND    =      728.2340  ANGLE   =        3.5358  DIHED      =       10.3072
 VDWAALS =     1648.5275  EEL     =   -13018.9203  HBOND      =        0.0000
 1-4 VDW =        2.6453  1-4 EEL =       44.0613  RESTRAINT  =        0.0967
 EAMBER  =   -10581.6092


   NSTEP       ENERGY          RMS            GMAX         NAME    NUMBER
    220      -1.0634E+04     1.0737E+00     2.1860E+01     C          15

 BOND    =      744.7262  ANGLE   =        3.1683  DIHED      =       10.6805
 VDWAALS =     1701.0670  EEL     =   -13140.2702  HBOND      =        0.0000
 1-4 VDW =        2.6405  1-4 EEL =       44.0391  RESTRAINT  =        0.2282
 EAMBER  =   -10633.9486


   NSTEP       ENERGY          RMS            GMAX         NAME    NUMBER
    240      -1.0690E+04     1.4042E+00     4.1316E+01     N          17

 BOND    =      750.4289  ANGLE   =        4.6452  DIHED      =       10.0602
 VDWAALS =     1739.0396  EEL     =   -13241.5487  HBOND      =        0.0000
 1-4 VDW =        2.7933  1-4 EEL =       43.9848  RESTRAINT  =        0.1758
 EAMBER  =   -10690.5966


   NSTEP       ENERGY          RMS            GMAX         NAME    NUMBER
    260      -1.0728E+04     9.5844E-01     3.2337E+01     H          18

 BOND    =      753.0340  ANGLE   =        3.0756  DIHED      =       10.1326
 VDWAALS =     1766.0967  EEL     =   -13307.6804  HBOND      =        0.0000
 1-4 VDW =        3.0028  1-4 EEL =       44.0547  RESTRAINT  =        0.2056
 EAMBER  =   -10728.2841


   NSTEP       ENERGY          RMS            GMAX         NAME    NUMBER
    280      -1.0763E+04     5.7012E-01     1.0939E+01     C          15

 BOND    =      771.7676  ANGLE   =        3.0012  DIHED      =        9.9757
 VDWAALS =     1813.7306  EEL     =   -13407.9377  HBOND      =        0.0000
 1-4 VDW =        2.8594  1-4 EEL =       43.7957  RESTRAINT  =        0.1710
 EAMBER  =   -10762.8075


   NSTEP       ENERGY          RMS            GMAX         NAME    NUMBER
    300      -1.0804E+04     1.0950E+00     2.4524E+01     O        2468

 BOND    =      793.7135  ANGLE   =        2.9893  DIHED      =       10.0585
 VDWAALS =     1845.2274  EEL     =   -13502.1921  HBOND      =        0.0000
 1-4 VDW =        2.6583  1-4 EEL =       43.5971  RESTRAINT  =        0.2905
 EAMBER  =   -10803.9479


   NSTEP       ENERGY          RMS            GMAX         NAME    NUMBER
    320      -1.0834E+04     6.2281E-01     1.2454E+01     O          16

 BOND    =      777.0233  ANGLE   =        3.2538  DIHED      =       10.1176
 VDWAALS =     1858.2975  EEL     =   -13529.7674  HBOND      =        0.0000
 1-4 VDW =        2.6501  1-4 EEL =       43.8161  RESTRAINT  =        0.3490
 EAMBER  =   -10834.6088


   NSTEP       ENERGY          RMS            GMAX         NAME    NUMBER
    340      -1.0853E+04     6.4856E-01     1.6282E+01     CB         11

 BOND    =      786.1371  ANGLE   =        2.9691  DIHED      =       10.0679
 VDWAALS =     1878.4497  EEL     =   -13578.0975  HBOND      =        0.0000
 1-4 VDW =        3.0113  1-4 EEL =       44.0606  RESTRAINT  =        0.1750
 EAMBER  =   -10853.4018


   NSTEP       ENERGY          RMS            GMAX         NAME    NUMBER
    360      -1.0910E+04     1.2344E+00     3.5975E+01     CA          9

 BOND    =      793.3499  ANGLE   =        3.3887  DIHED      =       10.5250
 VDWAALS =     1946.5000  EEL     =   -13711.2104  HBOND      =        0.0000
 1-4 VDW =        2.8680  1-4 EEL =       43.9647  RESTRAINT  =        0.2000
 EAMBER  =   -10910.6141


   NSTEP       ENERGY          RMS            GMAX         NAME    NUMBER
    380      -1.0931E+04     3.5415E-01     7.8187E+00     O           6

 BOND    =      801.6365  ANGLE   =        2.7329  DIHED      =       10.0025
 VDWAALS =     1960.8588  EEL     =   -13752.7424  HBOND      =        0.0000
 1-4 VDW =        2.8444  1-4 EEL =       44.0312  RESTRAINT  =        0.1357
 EAMBER  =   -10930.6361


   NSTEP       ENERGY          RMS            GMAX         NAME    NUMBER
    400      -1.0960E+04     1.0874E+00     2.3095E+01     C           5

 BOND    =      811.4729  ANGLE   =        2.6418  DIHED      =       10.4143
 VDWAALS =     1989.8440  EEL     =   -13821.4834  HBOND      =        0.0000
 1-4 VDW =        2.8397  1-4 EEL =       43.6735  RESTRAINT  =        0.1804
 EAMBER  =   -10960.5972


   NSTEP       ENERGY          RMS            GMAX         NAME    NUMBER
    420      -1.0978E+04     7.3502E-01     2.2892E+01     C          15

 BOND    =      814.9214  ANGLE   =        3.0025  DIHED      =       10.2496
 VDWAALS =     1999.5672  EEL     =   -13853.1446  HBOND      =        0.0000
 1-4 VDW =        2.8786  1-4 EEL =       44.1692  RESTRAINT  =        0.1762
 EAMBER  =   -10978.3562


   NSTEP       ENERGY          RMS            GMAX         NAME    NUMBER
    440      -1.0990E+04     5.4920E-01     1.5363E+01     C           5

 BOND    =      812.8633  ANGLE   =        2.8888  DIHED      =        9.9414
 VDWAALS =     2007.8883  EEL     =   -13871.6107  HBOND      =        0.0000
 1-4 VDW =        3.0046  1-4 EEL =       44.3006  RESTRAINT  =        0.2505
 EAMBER  =   -10990.7236


   NSTEP       ENERGY          RMS            GMAX         NAME    NUMBER
    460      -1.1008E+04     6.0926E-01     1.4502E+01     CB         11

 BOND    =      816.0054  ANGLE   =        2.9136  DIHED      =       10.1884
 VDWAALS =     2024.4807  EEL     =   -13909.3457  HBOND      =        0.0000
 1-4 VDW =        2.9323  1-4 EEL =       44.2926  RESTRAINT  =        0.2003
 EAMBER  =   -11008.5328


   NSTEP       ENERGY          RMS            GMAX         NAME    NUMBER
    480      -1.1019E+04     3.5577E-01     9.0997E+00     C          15

 BOND    =      821.3234  ANGLE   =        2.3780  DIHED      =       10.0627
 VDWAALS =     2040.9258  EEL     =   -13941.3931  HBOND      =        0.0000
 1-4 VDW =        2.9204  1-4 EEL =       44.2470  RESTRAINT  =        0.1335
 EAMBER  =   -11019.5359


   NSTEP       ENERGY          RMS            GMAX         NAME    NUMBER
    500      -1.1035E+04     9.3136E-01     3.2508E+01     C          15

 BOND    =      825.4732  ANGLE   =        2.7374  DIHED      =       10.6731
 VDWAALS =     2053.0024  EEL     =   -13974.0582  HBOND      =        0.0000
 1-4 VDW =        2.7865  1-4 EEL =       43.9772  RESTRAINT  =        0.2161
 EAMBER  =   -11035.4085


   NSTEP       ENERGY          RMS            GMAX         NAME    NUMBER
    520      -1.1046E+04     6.3318E-01     1.7922E+01     C          15

 BOND    =      824.8359  ANGLE   =        2.5738  DIHED      =       10.2631
 VDWAALS =     2061.8638  EEL     =   -13993.5395  HBOND      =        0.0000
 1-4 VDW =        2.9364  1-4 EEL =       44.5717  RESTRAINT  =        0.1896
 EAMBER  =   -11046.4948


   NSTEP       ENERGY          RMS            GMAX         NAME    NUMBER
    540      -1.1058E+04     6.5587E-01     2.8119E+01     N           7

 BOND    =      831.7811  ANGLE   =        2.6390  DIHED      =       10.1612
 VDWAALS =     2068.1788  EEL     =   -14018.9961  HBOND      =        0.0000
 1-4 VDW =        3.0351  1-4 EEL =       44.6383  RESTRAINT  =        0.2529
 EAMBER  =   -11058.5626


   NSTEP       ENERGY          RMS            GMAX         NAME    NUMBER
    560      -1.1071E+04     4.2243E-01     1.2329E+01     C          15

 BOND    =      827.0949  ANGLE   =        2.5589  DIHED      =       10.2474
 VDWAALS =     2078.2640  EEL     =   -14037.1714  HBOND      =        0.0000
 1-4 VDW =        2.8731  1-4 EEL =       44.4846  RESTRAINT  =        0.1652
 EAMBER  =   -11071.6485


   NSTEP       ENERGY          RMS            GMAX         NAME    NUMBER
    580      -1.1085E+04     3.4921E-01     5.2722E+00     H1       1977

 BOND    =      835.8696  ANGLE   =        2.3026  DIHED      =       10.3107
 VDWAALS =     2099.5118  EEL     =   -14080.2065  HBOND      =        0.0000
 1-4 VDW =        2.8585  1-4 EEL =       44.6781  RESTRAINT  =        0.1233
 EAMBER  =   -11084.6752


   NSTEP       ENERGY          RMS            GMAX         NAME    NUMBER
    600      -1.1098E+04     6.6272E-01     2.0608E+01     C          15

 BOND    =      840.4749  ANGLE   =        2.5649  DIHED      =       10.7260
 VDWAALS =     2102.6682  EEL     =   -14101.4284  HBOND      =        0.0000
 1-4 VDW =        2.7244  1-4 EEL =       44.6050  RESTRAINT  =        0.1417
 EAMBER  =   -11097.6651


   NSTEP       ENERGY          RMS            GMAX         NAME    NUMBER
    620      -1.1107E+04     1.0161E+00     2.8013E+01     C          15

 BOND    =      836.1539  ANGLE   =        2.7096  DIHED      =       10.9938
 VDWAALS =     2116.9767  EEL     =   -14121.9343  HBOND      =        0.0000
 1-4 VDW =        2.9837  1-4 EEL =       44.9181  RESTRAINT  =        0.2160
 EAMBER  =   -11107.1986


   NSTEP       ENERGY          RMS            GMAX         NAME    NUMBER
    640      -1.1128E+04     4.8803E-01     1.4695E+01     N           7

 BOND    =      849.2519  ANGLE   =        1.9812  DIHED      =       10.5576
 VDWAALS =     2130.1479  EEL     =   -14167.5078  HBOND      =        0.0000
 1-4 VDW =        2.9015  1-4 EEL =       44.9517  RESTRAINT  =        0.2002
 EAMBER  =   -11127.7159


   NSTEP       ENERGY          RMS            GMAX         NAME    NUMBER
    660      -1.1133E+04     3.8883E-01     1.5481E+01     C           5

 BOND    =      838.2701  ANGLE   =        1.9580  DIHED      =       10.6009
 VDWAALS =     2134.9430  EEL     =   -14167.0106  HBOND      =        0.0000
 1-4 VDW =        2.9072  1-4 EEL =       44.9643  RESTRAINT  =        0.1549
 EAMBER  =   -11133.3672


   NSTEP       ENERGY          RMS            GMAX         NAME    NUMBER
    680      -1.1142E+04     3.3011E-01     6.2458E+00     N           7

 BOND    =      845.7969  ANGLE   =        2.0412  DIHED      =       10.6445
 VDWAALS =     2148.5915  EEL     =   -14197.1349  HBOND      =        0.0000
 1-4 VDW =        2.7982  1-4 EEL =       45.0149  RESTRAINT  =        0.1687
 EAMBER  =   -11142.2478


   NSTEP       ENERGY          RMS            GMAX         NAME    NUMBER
    700      -1.1152E+04     5.1640E-01     1.4141E+01     C          15

 BOND    =      852.7078  ANGLE   =        1.8137  DIHED      =       11.1505
 VDWAALS =     2153.5366  EEL     =   -14219.7257  HBOND      =        0.0000
 1-4 VDW =        2.8756  1-4 EEL =       45.1326  RESTRAINT  =        0.1783
 EAMBER  =   -11152.5088


   NSTEP       ENERGY          RMS            GMAX         NAME    NUMBER
    720      -1.1159E+04     5.7072E-01     1.6838E+01     N          17

 BOND    =      840.2929  ANGLE   =        1.3542  DIHED      =       10.9943
 VDWAALS =     2159.3974  EEL     =   -14218.9577  HBOND      =        0.0000
 1-4 VDW =        2.8904  1-4 EEL =       45.1813  RESTRAINT  =        0.1485
 EAMBER  =   -11158.8471


   NSTEP       ENERGY          RMS            GMAX         NAME    NUMBER
    740      -1.1167E+04     2.6856E-01     5.9347E+00     N          17

 BOND    =      855.4359  ANGLE   =        1.6007  DIHED      =       10.6866
 VDWAALS =     2164.6770  EEL     =   -14248.2395  HBOND      =        0.0000
 1-4 VDW =        2.8838  1-4 EEL =       45.2719  RESTRAINT  =        0.2895
 EAMBER  =   -11167.6835


   NSTEP       ENERGY          RMS            GMAX         NAME    NUMBER
    760      -1.1176E+04     3.1795E-01     1.0480E+01     C          15

 BOND    =      850.2212  ANGLE   =        1.7650  DIHED      =       10.8421
 VDWAALS =     2170.1548  EEL     =   -14256.7010  HBOND      =        0.0000
 1-4 VDW =        2.8258  1-4 EEL =       45.2251  RESTRAINT  =        0.1356
 EAMBER  =   -11175.6670


   NSTEP       ENERGY          RMS            GMAX         NAME    NUMBER
    780      -1.1183E+04     3.2383E-01     7.3001E+00     C          15

 BOND    =      858.3745  ANGLE   =        1.8702  DIHED      =       10.8884
 VDWAALS =     2180.2218  EEL     =   -14283.0252  HBOND      =        0.0000
 1-4 VDW =        2.7542  1-4 EEL =       45.3658  RESTRAINT  =        0.2623
 EAMBER  =   -11183.5502


   NSTEP       ENERGY          RMS            GMAX         NAME    NUMBER
    800      -1.1191E+04     4.1954E-01     1.0867E+01     C          15

 BOND    =      858.8664  ANGLE   =        1.6962  DIHED      =       10.9603
 VDWAALS =     2178.9045  EEL     =   -14289.8587  HBOND      =        0.0000
 1-4 VDW =        2.6929  1-4 EEL =       45.2906  RESTRAINT  =        0.3644
 EAMBER  =   -11191.4478


   NSTEP       ENERGY          RMS            GMAX         NAME    NUMBER
    820      -1.1197E+04     4.3263E-01     1.6985E+01     N           7

 BOND    =      850.6483  ANGLE   =        1.3849  DIHED      =       10.9546
 VDWAALS =     2183.6412  EEL     =   -14291.7880  HBOND      =        0.0000
 1-4 VDW =        2.7932  1-4 EEL =       45.4692  RESTRAINT  =        0.2841
 EAMBER  =   -11196.8968


   NSTEP       ENERGY          RMS            GMAX         NAME    NUMBER
    840      -1.1204E+04     2.8491E-01     8.3107E+00     N           7

 BOND    =      861.2023  ANGLE   =        1.7324  DIHED      =       10.9696
 VDWAALS =     2185.6851  EEL     =   -14311.8689  HBOND      =        0.0000
 1-4 VDW =        2.8992  1-4 EEL =       45.6375  RESTRAINT  =        0.1617
 EAMBER  =   -11203.7429


   NSTEP       ENERGY          RMS            GMAX         NAME    NUMBER
    860      -1.1207E+04     3.0919E-01     1.3461E+01     C          15

 BOND    =      852.7382  ANGLE   =        1.7134  DIHED      =       11.0555
 VDWAALS =     2186.3060  EEL     =   -14307.4909  HBOND      =        0.0000
 1-4 VDW =        2.8575  1-4 EEL =       45.5167  RESTRAINT  =        0.1452
 EAMBER  =   -11207.3035


   NSTEP       ENERGY          RMS            GMAX         NAME    NUMBER
    880      -1.1213E+04     2.9560E-01     6.3029E+00     N          17

 BOND    =      856.3328  ANGLE   =        1.6414  DIHED      =       11.0653
 VDWAALS =     2190.1381  EEL     =   -14320.3280  HBOND      =        0.0000
 1-4 VDW =        2.7310  1-4 EEL =       45.5355  RESTRAINT  =        0.1471
 EAMBER  =   -11212.8839


   NSTEP       ENERGY          RMS            GMAX         NAME    NUMBER
    900      -1.1218E+04     2.7636E-01     5.9391E+00     C          15

 BOND    =      863.9034  ANGLE   =        1.6068  DIHED      =       11.1976
 VDWAALS =     2189.1203  EEL     =   -14331.7491  HBOND      =        0.0000
 1-4 VDW =        2.6776  1-4 EEL =       45.5625  RESTRAINT  =        0.1561
 EAMBER  =   -11217.6809


   NSTEP       ENERGY          RMS            GMAX         NAME    NUMBER
    920      -1.1221E+04     3.0308E-01     7.9127E+00     C           5

 BOND    =      854.0055  ANGLE   =        1.5013  DIHED      =       11.1330
 VDWAALS =     2191.3886  EEL     =   -14327.9256  HBOND      =        0.0000
 1-4 VDW =        2.7352  1-4 EEL =       45.6203  RESTRAINT  =        0.1755
 EAMBER  =   -11221.5417


   NSTEP       ENERGY          RMS            GMAX         NAME    NUMBER
    940      -1.1226E+04     3.3280E-01     9.8497E+00     CA          9

 BOND    =      865.7293  ANGLE   =        1.5894  DIHED      =       11.0549
 VDWAALS =     2191.6018  EEL     =   -14344.9988  HBOND      =        0.0000
 1-4 VDW =        2.8887  1-4 EEL =       45.7629  RESTRAINT  =        0.2390
 EAMBER  =   -11226.3717


   NSTEP       ENERGY          RMS            GMAX         NAME    NUMBER
    960      -1.1230E+04     3.2044E-01     9.4947E+00     C          15

 BOND    =      856.8352  ANGLE   =        1.7649  DIHED      =       11.1592
 VDWAALS =     2191.7883  EEL     =   -14340.1320  HBOND      =        0.0000
 1-4 VDW =        2.8203  1-4 EEL =       45.6775  RESTRAINT  =        0.1706
 EAMBER  =   -11230.0866


   NSTEP       ENERGY          RMS            GMAX         NAME    NUMBER
    980      -1.1235E+04     2.8874E-01     8.7740E+00     C          15

 BOND    =      860.6393  ANGLE   =        1.6167  DIHED      =       11.2057
 VDWAALS =     2194.8776  EEL     =   -14351.6766  HBOND      =        0.0000
 1-4 VDW =        2.7077  1-4 EEL =       45.6452  RESTRAINT  =        0.1381
 EAMBER  =   -11234.9845


   NSTEP       ENERGY          RMS            GMAX         NAME    NUMBER
   1000      -1.1240E+04     3.2315E-01     7.6696E+00     C          15

 BOND    =      866.2319  ANGLE   =        1.6000  DIHED      =       11.3173
 VDWAALS =     2194.7261  EEL     =   -14362.0499  HBOND      =        0.0000
 1-4 VDW =        2.6390  1-4 EEL =       45.7132  RESTRAINT  =        0.1553
 EAMBER  =   -11239.8224


  Maximum number of minimization cycles reached.


                    FINAL RESULTS



   NSTEP       ENERGY          RMS            GMAX         NAME    NUMBER
   1000      -1.1240E+04     3.2315E-01     7.6696E+00     C          15

 BOND    =      866.2319  ANGLE   =        1.6000  DIHED      =       11.3173
 VDWAALS =     2194.7261  EEL     =   -14362.0499  HBOND      =        0.0000
 1-4 VDW =        2.6390  1-4 EEL =       45.7132  RESTRAINT  =        0.1553
 EAMBER  =   -11239.8224

--------------------------------------------------------------------------------
   5.  TIMINGS
--------------------------------------------------------------------------------

|                Build the list             0.14 (61.62% of List )
|                Other                      0.08 (38.38% of List )
|             List time                  0.22 ( 1.35% of Nonbo)
|                   Short_ene time            10.57 (95.49% of Direc)
|                   Other                      0.50 ( 4.51% of Direc)
|                Direct Ewald time         11.07 (68.94% of Ewald)
|                Adjust Ewald time          0.07 ( 0.41% of Ewald)
|                Self Ewald time            0.00 ( 0.03% of Ewald)
|                   Fill Bspline coeffs        0.30 ( 6.58% of Recip)
|                   Fill charge grid           0.33 ( 7.19% of Recip)
|                   Scalar sum                 1.46 (31.80% of Recip)
|                   Grad sum                   0.64 (14.02% of Recip)
|                      FFT back comm time         0.54 (29.62% of FFT t)
|                      Other                      1.29 (70.38% of FFT t)
|                   FFT time                   1.83 (39.82% of Recip)
|                   Other                      0.03 ( 0.59% of Recip)
|                Recip Ewald time           4.59 (28.57% of Ewald)
|                Force Adjust               0.24 ( 1.47% of Ewald)
|                Virial junk                0.08 ( 0.51% of Ewald)
|                Start synchronizatio       0.00 ( 0.01% of Ewald)
|                Other                      0.01 ( 0.07% of Ewald)
|             Ewald time                16.06 (98.63% of Nonbo)
|             Other                      0.00 ( 0.01% of Nonbo)
|          Nonbond force             16.28 (93.05% of Force)
|          Bond/Angle/Dihedral        0.05 ( 0.31% of Force)
|          FRC Collect time           0.46 ( 2.64% of Force)
|          Other                      0.70 ( 4.00% of Force)
|       Force time                17.50 (100.0% of Runmd)
|    Runmd Time                17.50 ( 6.46% of Total)
|    Other                    253.26 (93.53% of Total)
| Total time               270.76 (100.0% of ALL  )

| Highest rstack allocated:      38938
| Highest istack allocated:        820
|           Job began  at 15:19:13.849  on 03/14/2017
|           Setup done at 15:19:13.932  on 03/14/2017
|           Run   done at 15:23:44.613  on 03/14/2017
|     wallclock() was called   44070 times
