
          -------------------------------------------------------
          Amber 16 SANDER                              2016
          -------------------------------------------------------

| Run on 03/14/2017 at 14:38:02

|   Executable path: sander.MPI
| Working directory: /home/steboss/projects/mdgx-tests/alanine/IPOLQ/input/PhiPsi_1/240/300
|          Hostname: node011

  [-O]verwriting output

File Assignments:
|  MDIN: min.in                                                                
| MDOUT: Conf300.min.out                                                       
|INPCRD: Conf300.crd                                                           
|  PARM: Conf300.top                                                           
|RESTRT: Conf300.min                                                           
|  REFC: Conf300.crd                                                           
| MDVEL: mdvel                                                                 
| MDFRC: mdfrc                                                                 
|  MDEN: mden                                                                  
| MDCRD: mdcrd                                                                 
|MDINFO: mdinfo                                                                
|  MTMD: mtmd                                                                  
|INPDIP: inpdip                                                                
|RSTDIP: rstdip                                                                
|INPTRA: inptraj                                                               

|    REMLOG: rem.log
|   REMTYPE: rem.type
|  REMSTRIP: 
|   SAVEENE: saveene
|CLUSTERINF: cluster.info
| RESERVOIR: reserv/frame
|   REMDDIM: 


 Here is the input file:

Initial minimization                                                           
 &cntrl                                                                        
  ntx    = 1,       irest  = 0,       ntrx   = 1,      ntxo   = 1,             
  ntpr   = 20,      ntwx   = 0,       ntwv   = 0,      ntwe   = 0,             
                                                                               
  ntf    = 1,       ntb    = 1,                                                
  ntc    = 1,       ntr    = 1,                                                
  restraintmask = ':1',                                                        
  restraint_wt = 100.0,                                                        
  cut    = 9.0,                                                                
                                                                               
  imin   = 1,                                                                  
  maxcyc = 1000,                                                               
  ncyc   = 100,                                                                
                                                                               
 &end                                                                          

--------------------------------------------------------------------------------
   1.  RESOURCE   USE: 
--------------------------------------------------------------------------------

| Flags: MPI                                                                    
 getting new box info from bottom of inpcrd
|  INFO: Old style inpcrd file read

| peek_ewald_inpcrd: Box info found
|Largest sphere to fit in unit cell has radius =    14.524
| New format PARM file being parsed.
| Version =    1.000 Date = 03/14/17 Time = 13:39:10
 NATOM  =    2875 NTYPES =       9 NBONH =    2865 MBONA  =       9
 NTHETH =      25 MTHETA =      11 NPHIH =      43 MPHIA  =      24
 NHPARM =       0 NPARM  =       0 NNB   =    3903 NRES   =     954
 NBONA  =       9 NTHETA =      11 NPHIA =      24 NUMBND =      10
 NUMANG =      16 NPTRA  =      19 NATYP =       9 NPHB   =       1
 IFBOX  =       2 NMXRS  =      10 IFCAP =       0 NEXTRA =       0
 NCOPY  =       0


|     Memory Use     Allocated
|     Real              331359
|     Hollerith           9581
|     Integer            88548
|     Max Pairs         318884
|     nblistReal         34500
|     nblist Int         87491
|       Total             4829 kbytes

| Note: 1-4 EEL scale factors are being read from the topology file.

| Note: 1-4 VDW scale factors are being read from the topology file.
| Duplicated    0 dihedrals
| Duplicated    0 dihedrals

     BOX TYPE: TRUNCATED OCTAHEDRON

--------------------------------------------------------------------------------
   2.  CONTROL  DATA  FOR  THE  RUN
--------------------------------------------------------------------------------

default_name                                                                    

General flags:
     imin    =       1, nmropt  =       0

Nature and format of input:
     ntx     =       1, irest   =       0, ntrx    =       1

Nature and format of output:
     ntxo    =       1, ntpr    =      20, ntrx    =       1, ntwr    =       1
     iwrap   =       0, ntwx    =       0, ntwv    =       0, ntwe    =       0
     ioutfm  =       1, ntwprt  =       0, idecomp =       0, rbornstat=      0

Potential function:
     ntf     =       1, ntb     =       1, igb     =       0, nsnb    =      25
     ipol    =       0, gbsa    =       0, iesp    =       0
     dielc   =   1.00000, cut     =   9.00000, intdiel =   1.00000

Frozen or restrained atoms:
     ibelly  =       0, ntr     =       1
     restraint_wt = 100.00000

Energy minimization:
     maxcyc  =    1000, ncyc    =     100, ntmin   =       1
     dx0     =   0.01000, drms    =   0.00010

Ewald parameters:
     verbose =       0, ew_type =       0, nbflag  =       1, use_pme =       1
     vdwmeth =       1, eedmeth =       1, netfrc  =       0
     Box X =   35.576   Box Y =   35.576   Box Z =   35.576
     Alpha =  109.471   Beta  =  109.471   Gamma =  109.471
     NFFT1 =   36       NFFT2 =   36       NFFT3 =   36
     Cutoff=    9.000   Tol   =0.100E-04
     Ewald Coefficient =  0.30768
     Interpolation order =    4

| MPI Timing options:
|      profile_mpi =        0

    LOADING THE CONSTRAINED ATOMS AS GROUPS


   5.  REFERENCE ATOM COORDINATES

  defa
     Mask :1; matches     6 atoms

--------------------------------------------------------------------------------
   3.  ATOMIC COORDINATES AND VELOCITIES
--------------------------------------------------------------------------------

default_name                                                                    
 begin time read from input coords =     0.000 ps

 Number of triangulated 3-point waters found:      951
|  Atom division among processors:
|         0     361     718    1078    1438    1795    2155    2515
|      2875

     Sum of charges from parm topology file =  -0.00000000
     Forcing neutrality...
|  Running AMBER/MPI version on    8 nodes


--------------------------------------------------------------------------------
   4.  RESULTS
--------------------------------------------------------------------------------

 ---------------------------------------------------
 APPROXIMATING switch and d/dx switch using CUBIC SPLINE INTERPOLATION
 using   5000.0 points per unit in tabled values
 TESTING RELATIVE ERROR over r ranging from 0.0 to cutoff
| CHECK switch(x): max rel err =   0.2738E-14   at   2.422500
| CHECK d/dx switch(x): max rel err =   0.8314E-11   at   2.736960
 ---------------------------------------------------
| Local SIZE OF NONBOND LIST =      90316
| TOTAL SIZE OF NONBOND LIST =     663743


   NSTEP       ENERGY          RMS            GMAX         NAME    NUMBER
      1      -8.0248E+03     1.2239E+01     6.1759E+01     O         299

 BOND    =        0.5248  ANGLE   =        0.9060  DIHED      =       11.6932
 VDWAALS =      917.9936  EEL     =    -9002.5937  HBOND      =        0.0000
 1-4 VDW =        2.5626  1-4 EEL =       44.1094  RESTRAINT  =        0.0000


   NSTEP       ENERGY          RMS            GMAX         NAME    NUMBER
     20      -8.8798E+03     2.7571E+00     1.9995E+01     O         380

 BOND    =      470.7738  ANGLE   =        0.9658  DIHED      =       11.6988
 VDWAALS =      868.7391  EEL     =   -10278.5618  HBOND      =        0.0000
 1-4 VDW =        2.5631  1-4 EEL =       43.9812  RESTRAINT  =        0.0089
 EAMBER  =    -8879.8401


   NSTEP       ENERGY          RMS            GMAX         NAME    NUMBER
     40      -9.5405E+03     2.1720E+00     9.3919E+00     H1       2388

 BOND    =      499.8525  ANGLE   =        1.0564  DIHED      =       11.7093
 VDWAALS =      910.5320  EEL     =   -11009.9952  HBOND      =        0.0000
 1-4 VDW =        2.5398  1-4 EEL =       43.7646  RESTRAINT  =        0.0105
 EAMBER  =    -9540.5406


   NSTEP       ENERGY          RMS            GMAX         NAME    NUMBER
     60      -9.7758E+03     3.3743E+00     1.0775E+01     H2       1348

 BOND    =      495.7701  ANGLE   =        1.0767  DIHED      =       11.7173
 VDWAALS =      944.6286  EEL     =   -11275.2694  HBOND      =        0.0000
 1-4 VDW =        2.5331  1-4 EEL =       43.7056  RESTRAINT  =        0.0097
 EAMBER  =    -9775.8381


   NSTEP       ENERGY          RMS            GMAX         NAME    NUMBER
     80      -9.9302E+03     3.9646E+00     1.3443E+01     H2       1348

 BOND    =      502.5898  ANGLE   =        1.0836  DIHED      =       11.7229
 VDWAALS =      978.7469  EEL     =   -11470.5675  HBOND      =        0.0000
 1-4 VDW =        2.5330  1-4 EEL =       43.6817  RESTRAINT  =        0.0094
 EAMBER  =    -9930.2096


   NSTEP       ENERGY          RMS            GMAX         NAME    NUMBER
    100      -1.0067E+04     9.4567E-01     4.5397E+00     H1        837

 BOND    =      596.5091  ANGLE   =        1.0839  DIHED      =       11.7273
 VDWAALS =     1012.0313  EEL     =   -11735.0153  HBOND      =        0.0000
 1-4 VDW =        2.5372  1-4 EEL =       43.6702  RESTRAINT  =        0.0094
 EAMBER  =   -10067.4564


   NSTEP       ENERGY          RMS            GMAX         NAME    NUMBER
    120      -1.0577E+04     1.5065E+00     1.9370E+01     O        2288

 BOND    =      702.8381  ANGLE   =        0.9963  DIHED      =       11.7087
 VDWAALS =     1379.5251  EEL     =   -12718.7264  HBOND      =        0.0000
 1-4 VDW =        2.5957  1-4 EEL =       43.9024  RESTRAINT  =        0.0103
 EAMBER  =   -10577.1603


   NSTEP       ENERGY          RMS            GMAX         NAME    NUMBER
    140      -1.0691E+04     1.5313E+00     2.7360E+01     H2        406

 BOND    =      723.8907  ANGLE   =        0.9620  DIHED      =       11.6632
 VDWAALS =     1421.9686  EEL     =   -12896.4866  HBOND      =        0.0000
 1-4 VDW =        2.6122  1-4 EEL =       44.0474  RESTRAINT  =        0.0076
 EAMBER  =   -10691.3426


   NSTEP       ENERGY          RMS            GMAX         NAME    NUMBER
    160      -1.0813E+04     1.5239E+00     3.1406E+01     O        2279

 BOND    =      693.6939  ANGLE   =        0.9126  DIHED      =       11.5729
 VDWAALS =     1437.1582  EEL     =   -13002.8941  HBOND      =        0.0000
 1-4 VDW =        2.6392  1-4 EEL =       44.1865  RESTRAINT  =        0.0066
 EAMBER  =   -10812.7310


   NSTEP       ENERGY          RMS            GMAX         NAME    NUMBER
    180      -1.0929E+04     1.9572E+00     2.4053E+01     O        2288

 BOND    =      797.0527  ANGLE   =        2.4310  DIHED      =       11.7762
 VDWAALS =     1572.0578  EEL     =   -13359.7385  HBOND      =        0.0000
 1-4 VDW =        2.8515  1-4 EEL =       44.5082  RESTRAINT  =        0.1645
 EAMBER  =   -10929.0611


   NSTEP       ENERGY          RMS            GMAX         NAME    NUMBER
    200      -1.1014E+04     1.5522E+00     4.2939E+01     CH3         2

 BOND    =      773.7579  ANGLE   =        2.2294  DIHED      =       11.3608
 VDWAALS =     1605.5440  EEL     =   -13454.6675  HBOND      =        0.0000
 1-4 VDW =        2.5858  1-4 EEL =       44.4045  RESTRAINT  =        0.3842
 EAMBER  =   -11014.7851


   NSTEP       ENERGY          RMS            GMAX         NAME    NUMBER
    220      -1.1059E+04     9.4418E-01     1.8411E+01     N           7

 BOND    =      758.6842  ANGLE   =        1.3038  DIHED      =       11.1502
 VDWAALS =     1652.5901  EEL     =   -13529.5720  HBOND      =        0.0000
 1-4 VDW =        2.5883  1-4 EEL =       44.0870  RESTRAINT  =        0.0984
 EAMBER  =   -11059.1683


   NSTEP       ENERGY          RMS            GMAX         NAME    NUMBER
    240      -1.1114E+04     1.1942E+00     3.2984E+01     CH3         2

 BOND    =      773.9775  ANGLE   =        2.0852  DIHED      =       11.3084
 VDWAALS =     1690.5326  EEL     =   -13638.4293  HBOND      =        0.0000
 1-4 VDW =        2.7048  1-4 EEL =       43.5330  RESTRAINT  =        0.4496
 EAMBER  =   -11114.2877


   NSTEP       ENERGY          RMS            GMAX         NAME    NUMBER
    260      -1.1140E+04     6.7272E-01     2.4097E+01     C           5

 BOND    =      773.2732  ANGLE   =        1.3896  DIHED      =       10.9778
 VDWAALS =     1708.0605  EEL     =   -13680.4735  HBOND      =        0.0000
 1-4 VDW =        2.7444  1-4 EEL =       43.7577  RESTRAINT  =        0.1410
 EAMBER  =   -11140.2702


   NSTEP       ENERGY          RMS            GMAX         NAME    NUMBER
    280      -1.1222E+04     1.0573E+00     2.1097E+01     N          17

 BOND    =      812.1208  ANGLE   =        2.3684  DIHED      =       11.5048
 VDWAALS =     1854.0051  EEL     =   -13950.4985  HBOND      =        0.0000
 1-4 VDW =        3.0477  1-4 EEL =       44.1233  RESTRAINT  =        1.5014
 EAMBER  =   -11223.3285


   NSTEP       ENERGY          RMS            GMAX         NAME    NUMBER
    300      -1.1268E+04     9.6618E-01     2.6177E+01     C           5

 BOND    =      811.0601  ANGLE   =        1.5941  DIHED      =       10.8043
 VDWAALS =     1848.9507  EEL     =   -13987.5296  HBOND      =        0.0000
 1-4 VDW =        2.9687  1-4 EEL =       44.0645  RESTRAINT  =        0.2256
 EAMBER  =   -11268.0871


   NSTEP       ENERGY          RMS            GMAX         NAME    NUMBER
    320      -1.1290E+04     1.2684E+00     3.7795E+01     C           5

 BOND    =      811.1751  ANGLE   =        2.9051  DIHED      =       10.4546
 VDWAALS =     1868.6972  EEL     =   -14030.6267  HBOND      =        0.0000
 1-4 VDW =        2.9274  1-4 EEL =       43.8072  RESTRAINT  =        0.3985
 EAMBER  =   -11290.6601


   NSTEP       ENERGY          RMS            GMAX         NAME    NUMBER
    340      -1.1362E+04     6.2345E-01     1.4836E+01     CH3        19

 BOND    =      830.7223  ANGLE   =        2.0357  DIHED      =       10.3309
 VDWAALS =     1924.1341  EEL     =   -14174.8483  HBOND      =        0.0000
 1-4 VDW =        2.5725  1-4 EEL =       42.9581  RESTRAINT  =        0.1062
 EAMBER  =   -11362.0947


   NSTEP       ENERGY          RMS            GMAX         NAME    NUMBER
    360      -1.1378E+04     5.6914E-01     1.4590E+01     CH3        19

 BOND    =      827.0662  ANGLE   =        1.4179  DIHED      =       10.1961
 VDWAALS =     1934.7943  EEL     =   -14196.8535  HBOND      =        0.0000
 1-4 VDW =        2.6079  1-4 EEL =       43.1181  RESTRAINT  =        0.0495
 EAMBER  =   -11377.6530


   NSTEP       ENERGY          RMS            GMAX         NAME    NUMBER
    380      -1.1406E+04     6.4053E-01     1.4969E+01     N          17

 BOND    =      839.8644  ANGLE   =        1.2858  DIHED      =       10.5043
 VDWAALS =     1975.6137  EEL     =   -14280.0284  HBOND      =        0.0000
 1-4 VDW =        2.9575  1-4 EEL =       43.7002  RESTRAINT  =        0.3004
 EAMBER  =   -11406.1024


   NSTEP       ENERGY          RMS            GMAX         NAME    NUMBER
    400      -1.1429E+04     5.7414E-01     1.3393E+01     O          16

 BOND    =      842.3148  ANGLE   =        1.5075  DIHED      =       10.4340
 VDWAALS =     1985.7253  EEL     =   -14315.5783  HBOND      =        0.0000
 1-4 VDW =        2.9826  1-4 EEL =       43.8732  RESTRAINT  =        0.2024
 EAMBER  =   -11428.7408


   NSTEP       ENERGY          RMS            GMAX         NAME    NUMBER
    420      -1.1444E+04     1.1127E+00     3.4579E+01     C           5

 BOND    =      841.8076  ANGLE   =        2.5183  DIHED      =       10.1606
 VDWAALS =     2008.0854  EEL     =   -14352.7173  HBOND      =        0.0000
 1-4 VDW =        2.7695  1-4 EEL =       43.5398  RESTRAINT  =        0.1909
 EAMBER  =   -11443.8361


   NSTEP       ENERGY          RMS            GMAX         NAME    NUMBER
    440      -1.1478E+04     4.4401E-01     1.1664E+01     C          15

 BOND    =      852.2566  ANGLE   =        1.3185  DIHED      =       10.0413
 VDWAALS =     2041.8569  EEL     =   -14429.5156  HBOND      =        0.0000
 1-4 VDW =        2.6690  1-4 EEL =       43.2047  RESTRAINT  =        0.0460
 EAMBER  =   -11478.1686


   NSTEP       ENERGY          RMS            GMAX         NAME    NUMBER
    460      -1.1485E+04     3.5959E-01     8.8189E+00     C           5

 BOND    =      850.9235  ANGLE   =        1.2041  DIHED      =        9.9960
 VDWAALS =     2048.9450  EEL     =   -14442.0959  HBOND      =        0.0000
 1-4 VDW =        2.7292  1-4 EEL =       43.1917  RESTRAINT  =        0.0483
 EAMBER  =   -11485.1065


   NSTEP       ENERGY          RMS            GMAX         NAME    NUMBER
    480      -1.1499E+04     4.2468E-01     1.0243E+01     N          17

 BOND    =      857.8000  ANGLE   =        1.1371  DIHED      =       10.1429
 VDWAALS =     2070.6182  EEL     =   -14485.5296  HBOND      =        0.0000
 1-4 VDW =        3.0817  1-4 EEL =       43.6538  RESTRAINT  =        0.3203
 EAMBER  =   -11499.0959


   NSTEP       ENERGY          RMS            GMAX         NAME    NUMBER
    500      -1.1510E+04     4.9716E-01     1.6400E+01     C           5

 BOND    =      860.0491  ANGLE   =        1.1164  DIHED      =       10.0295
 VDWAALS =     2078.7090  EEL     =   -14507.1537  HBOND      =        0.0000
 1-4 VDW =        2.9003  1-4 EEL =       43.7113  RESTRAINT  =        0.1448
 EAMBER  =   -11510.6381


   NSTEP       ENERGY          RMS            GMAX         NAME    NUMBER
    520      -1.1518E+04     5.0237E-01     1.5937E+01     N          17

 BOND    =      856.7743  ANGLE   =        1.0931  DIHED      =        9.8745
 VDWAALS =     2084.6655  EEL     =   -14516.6474  HBOND      =        0.0000
 1-4 VDW =        2.7855  1-4 EEL =       43.5789  RESTRAINT  =        0.0390
 EAMBER  =   -11517.8756


   NSTEP       ENERGY          RMS            GMAX         NAME    NUMBER
    540      -1.1529E+04     3.2847E-01     7.6812E+00     C          15

 BOND    =      864.0507  ANGLE   =        1.4466  DIHED      =        9.8162
 VDWAALS =     2094.0240  EEL     =   -14544.1912  HBOND      =        0.0000
 1-4 VDW =        2.6846  1-4 EEL =       43.1909  RESTRAINT  =        0.0650
 EAMBER  =   -11528.9782


   NSTEP       ENERGY          RMS            GMAX         NAME    NUMBER
    560      -1.1535E+04     3.0517E-01     9.2321E+00     C           5

 BOND    =      861.6430  ANGLE   =        1.2386  DIHED      =        9.7720
 VDWAALS =     2100.4411  EEL     =   -14554.3481  HBOND      =        0.0000
 1-4 VDW =        2.8192  1-4 EEL =       43.2230  RESTRAINT  =        0.0560
 EAMBER  =   -11535.2112


   NSTEP       ENERGY          RMS            GMAX         NAME    NUMBER
    580      -1.1546E+04     3.8636E-01     8.2271E+00     N          17

 BOND    =      867.7497  ANGLE   =        1.1824  DIHED      =        9.9155
 VDWAALS =     2114.8975  EEL     =   -14586.4935  HBOND      =        0.0000
 1-4 VDW =        3.1538  1-4 EEL =       43.6567  RESTRAINT  =        0.3034
 EAMBER  =   -11545.9380


   NSTEP       ENERGY          RMS            GMAX         NAME    NUMBER
    600      -1.1556E+04     4.1099E-01     1.4240E+01     H           8

 BOND    =      869.4471  ANGLE   =        1.0333  DIHED      =        9.7720
 VDWAALS =     2121.4560  EEL     =   -14603.9768  HBOND      =        0.0000
 1-4 VDW =        2.8609  1-4 EEL =       43.6566  RESTRAINT  =        0.1524
 EAMBER  =   -11555.7509


   NSTEP       ENERGY          RMS            GMAX         NAME    NUMBER
    620      -1.1562E+04     5.1388E-01     1.5694E+01     N          17

 BOND    =      866.0777  ANGLE   =        0.9732  DIHED      =        9.6269
 VDWAALS =     2127.8823  EEL     =   -14613.1951  HBOND      =        0.0000
 1-4 VDW =        2.8313  1-4 EEL =       43.4539  RESTRAINT  =        0.0254
 EAMBER  =   -11562.3499


   NSTEP       ENERGY          RMS            GMAX         NAME    NUMBER
    640      -1.1572E+04     3.0546E-01     6.0082E+00     CB         11

 BOND    =      873.1692  ANGLE   =        1.4061  DIHED      =        9.5650
 VDWAALS =     2135.2904  EEL     =   -14637.8863  HBOND      =        0.0000
 1-4 VDW =        2.7375  1-4 EEL =       43.1972  RESTRAINT  =        0.0487
 EAMBER  =   -11572.5208


   NSTEP       ENERGY          RMS            GMAX         NAME    NUMBER
    660      -1.1582E+04     2.7583E-01     1.0235E+01     C           5

 BOND    =      871.6453  ANGLE   =        1.1578  DIHED      =        9.5253
 VDWAALS =     2143.5477  EEL     =   -14654.4177  HBOND      =        0.0000
 1-4 VDW =        2.9119  1-4 EEL =       43.3190  RESTRAINT  =        0.0529
 EAMBER  =   -11582.3107


   NSTEP       ENERGY          RMS            GMAX         NAME    NUMBER
    680      -1.1592E+04     3.2859E-01     6.2246E+00     C          15

 BOND    =      876.1120  ANGLE   =        1.0268  DIHED      =        9.5367
 VDWAALS =     2151.8576  EEL     =   -14676.8599  HBOND      =        0.0000
 1-4 VDW =        3.0216  1-4 EEL =       43.6037  RESTRAINT  =        0.0941
 EAMBER  =   -11591.7014


   NSTEP       ENERGY          RMS            GMAX         NAME    NUMBER
    700      -1.1601E+04     5.8158E-01     1.8751E+01     C           5

 BOND    =      879.1872  ANGLE   =        1.4233  DIHED      =        9.5923
 VDWAALS =     2156.6006  EEL     =   -14695.2956  HBOND      =        0.0000
 1-4 VDW =        3.1865  1-4 EEL =       43.5001  RESTRAINT  =        0.3929
 EAMBER  =   -11601.8055


   NSTEP       ENERGY          RMS            GMAX         NAME    NUMBER
    720      -1.1609E+04     4.1723E-01     1.1383E+01     N          17

 BOND    =      875.3701  ANGLE   =        1.3402  DIHED      =        9.3059
 VDWAALS =     2158.7125  EEL     =   -14699.7242  HBOND      =        0.0000
 1-4 VDW =        2.8947  1-4 EEL =       43.2427  RESTRAINT  =        0.0476
 EAMBER  =   -11608.8580


   NSTEP       ENERGY          RMS            GMAX         NAME    NUMBER
    740      -1.1617E+04     2.7370E-01     5.5545E+00     N          17

 BOND    =      879.5783  ANGLE   =        1.5673  DIHED      =        9.2990
 VDWAALS =     2161.8225  EEL     =   -14715.0550  HBOND      =        0.0000
 1-4 VDW =        2.7159  1-4 EEL =       43.2340  RESTRAINT  =        0.0777
 EAMBER  =   -11616.8380


   NSTEP       ENERGY          RMS            GMAX         NAME    NUMBER
    760      -1.1623E+04     3.2134E-01     9.8343E+00     C           5

 BOND    =      877.1456  ANGLE   =        1.3288  DIHED      =        9.2735
 VDWAALS =     2165.3908  EEL     =   -14722.1034  HBOND      =        0.0000
 1-4 VDW =        2.8144  1-4 EEL =       43.3290  RESTRAINT  =        0.0384
 EAMBER  =   -11622.8212


   NSTEP       ENERGY          RMS            GMAX         NAME    NUMBER
    780      -1.1630E+04     3.4146E-01     1.0440E+01     C          15

 BOND    =      880.4574  ANGLE   =        1.1703  DIHED      =        9.2428
 VDWAALS =     2170.5404  EEL     =   -14738.0581  HBOND      =        0.0000
 1-4 VDW =        2.9978  1-4 EEL =       43.4125  RESTRAINT  =        0.0457
 EAMBER  =   -11630.2369


   NSTEP       ENERGY          RMS            GMAX         NAME    NUMBER
    800      -1.1637E+04     4.1793E-01     1.1595E+01     CH3         2

 BOND    =      883.0536  ANGLE   =        1.3831  DIHED      =        9.2076
 VDWAALS =     2174.9273  EEL     =   -14752.6194  HBOND      =        0.0000
 1-4 VDW =        3.1858  1-4 EEL =       43.3406  RESTRAINT  =        0.2294
 EAMBER  =   -11637.5213


   NSTEP       ENERGY          RMS            GMAX         NAME    NUMBER
    820      -1.1642E+04     4.3178E-01     1.5447E+01     C           5

 BOND    =      879.9563  ANGLE   =        1.3895  DIHED      =        9.0643
 VDWAALS =     2177.0367  EEL     =   -14756.1226  HBOND      =        0.0000
 1-4 VDW =        2.9484  1-4 EEL =       43.2438  RESTRAINT  =        0.0510
 EAMBER  =   -11642.4836


   NSTEP       ENERGY          RMS            GMAX         NAME    NUMBER
    840      -1.1649E+04     3.3987E-01     1.3385E+01     C           5

 BOND    =      884.1506  ANGLE   =        1.3624  DIHED      =        9.0337
 VDWAALS =     2180.2530  EEL     =   -14770.1440  HBOND      =        0.0000
 1-4 VDW =        2.7925  1-4 EEL =       43.2366  RESTRAINT  =        0.0655
 EAMBER  =   -11649.3151


   NSTEP       ENERGY          RMS            GMAX         NAME    NUMBER
    860      -1.1654E+04     2.9473E-01     9.9063E+00     C           5

 BOND    =      882.5613  ANGLE   =        1.3194  DIHED      =        9.0233
 VDWAALS =     2182.7401  EEL     =   -14775.7959  HBOND      =        0.0000
 1-4 VDW =        2.8843  1-4 EEL =       43.3194  RESTRAINT  =        0.0282
 EAMBER  =   -11653.9481


   NSTEP       ENERGY          RMS            GMAX         NAME    NUMBER
    880      -1.1660E+04     3.7879E-01     1.2109E+01     C          15

 BOND    =      884.8794  ANGLE   =        1.2535  DIHED      =        8.9887
 VDWAALS =     2186.2926  EEL     =   -14788.3265  HBOND      =        0.0000
 1-4 VDW =        3.0514  1-4 EEL =       43.3518  RESTRAINT  =        0.0430
 EAMBER  =   -11660.5091


   NSTEP       ENERGY          RMS            GMAX         NAME    NUMBER
    900      -1.1667E+04     4.0020E-01     1.0328E+01     CH3         2

 BOND    =      887.1017  ANGLE   =        1.4115  DIHED      =        8.9419
 VDWAALS =     2189.6458  EEL     =   -14800.7903  HBOND      =        0.0000
 1-4 VDW =        3.2521  1-4 EEL =       43.2943  RESTRAINT  =        0.2169
 EAMBER  =   -11667.1430


   NSTEP       ENERGY          RMS            GMAX         NAME    NUMBER
    920      -1.1672E+04     3.9325E-01     1.0577E+01     CH3         2

 BOND    =      884.6231  ANGLE   =        1.3345  DIHED      =        8.8092
 VDWAALS =     2190.9332  EEL     =   -14803.9640  HBOND      =        0.0000
 1-4 VDW =        3.0392  1-4 EEL =       43.2059  RESTRAINT  =        0.0580
 EAMBER  =   -11672.0190


   NSTEP       ENERGY          RMS            GMAX         NAME    NUMBER
    940      -1.1678E+04     2.6326E-01     9.5611E+00     C           5

 BOND    =      887.6885  ANGLE   =        1.4719  DIHED      =        8.7754
 VDWAALS =     2193.3487  EEL     =   -14815.7711  HBOND      =        0.0000
 1-4 VDW =        2.8406  1-4 EEL =       43.1952  RESTRAINT  =        0.0576
 EAMBER  =   -11678.4508


   NSTEP       ENERGY          RMS            GMAX         NAME    NUMBER
    960      -1.1683E+04     2.6760E-01     8.3079E+00     C           5

 BOND    =      886.6017  ANGLE   =        1.3522  DIHED      =        8.7683
 VDWAALS =     2195.4139  EEL     =   -14820.8928  HBOND      =        0.0000
 1-4 VDW =        2.9392  1-4 EEL =       43.2816  RESTRAINT  =        0.0196
 EAMBER  =   -11682.5359


   NSTEP       ENERGY          RMS            GMAX         NAME    NUMBER
    980      -1.1688E+04     4.5641E-01     1.1412E+01     C          15

 BOND    =      888.5586  ANGLE   =        1.3950  DIHED      =        8.7342
 VDWAALS =     2198.8459  EEL     =   -14831.8657  HBOND      =        0.0000
 1-4 VDW =        3.0834  1-4 EEL =       43.3315  RESTRAINT  =        0.0271
 EAMBER  =   -11687.9172


   NSTEP       ENERGY          RMS            GMAX         NAME    NUMBER
   1000      -1.1693E+04     3.8165E-01     9.7201E+00     O          16

 BOND    =      890.8423  ANGLE   =        1.3599  DIHED      =        8.7010
 VDWAALS =     2202.3454  EEL     =   -14843.1819  HBOND      =        0.0000
 1-4 VDW =        3.3327  1-4 EEL =       43.3025  RESTRAINT  =        0.1935
 EAMBER  =   -11693.2983


  Maximum number of minimization cycles reached.


                    FINAL RESULTS



   NSTEP       ENERGY          RMS            GMAX         NAME    NUMBER
   1000      -1.1693E+04     3.8165E-01     9.7201E+00     O          16

 BOND    =      890.8423  ANGLE   =        1.3599  DIHED      =        8.7010
 VDWAALS =     2202.3454  EEL     =   -14843.1819  HBOND      =        0.0000
 1-4 VDW =        3.3327  1-4 EEL =       43.3025  RESTRAINT  =        0.1935
 EAMBER  =   -11693.2983

--------------------------------------------------------------------------------
   5.  TIMINGS
--------------------------------------------------------------------------------

|    Read coords time           0.03 ( 0.02% of Total)
|                Build the list             0.09 (64.12% of List )
|                Other                      0.05 (35.88% of List )
|             List time                  0.14 ( 1.06% of Nonbo)
|                   Short_ene time             5.66 (96.39% of Direc)
|                   Other                      0.21 ( 3.61% of Direc)
|                Direct Ewald time          5.87 (44.48% of Ewald)
|                Adjust Ewald time          0.04 ( 0.32% of Ewald)
|                Self Ewald time            0.00 ( 0.01% of Ewald)
|                   Fill Bspline coeffs        0.15 ( 2.31% of Recip)
|                   Fill charge grid           0.12 ( 1.88% of Recip)
|                   Scalar sum                 0.52 ( 8.20% of Recip)
|                   Grad sum                   0.26 ( 4.17% of Recip)
|                      FFT back comm time         2.89 (56.98% of FFT t)
|                      Other                      2.18 (43.02% of FFT t)
|                   FFT time                   5.07 (80.47% of Recip)
|                   Other                      0.19 ( 2.98% of Recip)
|                Recip Ewald time           6.30 (47.75% of Ewald)
|                Force Adjust               0.71 ( 5.41% of Ewald)
|                Virial junk                0.26 ( 1.97% of Ewald)
|                Other                      0.01 ( 0.05% of Ewald)
|             Ewald time                13.19 (98.94% of Nonbo)
|             Other                      0.00 ( 0.01% of Nonbo)
|          Nonbond force             13.33 (85.64% of Force)
|          Bond/Angle/Dihedral        0.03 ( 0.19% of Force)
|          FRC Collect time           0.35 ( 2.23% of Force)
|          Other                      1.86 (11.94% of Force)
|       Force time                15.57 (100.0% of Runmd)
|    Runmd Time                15.57 ( 7.49% of Total)
|    Other                    192.36 (92.50% of Total)
| Total time               207.96 (100.0% of ALL  )

| Highest rstack allocated:      39775
| Highest istack allocated:        851
|           Job began  at 14:38:02.833  on 03/14/2017
|           Setup done at 14:38:03.197  on 03/14/2017
|           Run   done at 14:41:30.800  on 03/14/2017
|     wallclock() was called   44068 times
