
          -------------------------------------------------------
          Amber 16 SANDER                              2016
          -------------------------------------------------------

| Run on 03/14/2017 at 15:20:46

|   Executable path: sander.MPI
| Working directory: /home/steboss/projects/mdgx-tests/alanine/IPOLQ/input/PhiPsi_1/345/15
|          Hostname: node007

  [-O]verwriting output

File Assignments:
|  MDIN: equil.in                                                              
| MDOUT: Conf15.eq.out                                                         
|INPCRD: Conf15.min                                                            
|  PARM: Conf15.top                                                            
|RESTRT: Conf15.rst                                                            
|  REFC: Conf15.crd                                                            
| MDVEL: mdvel                                                                 
| MDFRC: mdfrc                                                                 
|  MDEN: mden                                                                  
| MDCRD: mdcrd                                                                 
|MDINFO: mdinfo                                                                
|  MTMD: mtmd                                                                  
|INPDIP: inpdip                                                                
|RSTDIP: rstdip                                                                
|INPTRA: inptraj                                                               

|    REMLOG: rem.log
|   REMTYPE: rem.type
|  REMSTRIP: 
|   SAVEENE: saveene
|CLUSTERINF: cluster.info
| RESERVOIR: reserv/frame
|   REMDDIM: 


 Here is the input file:

Equilibrate water in NPT                                                       
 &cntrl                                                                        
                                                                               
  nmropt = 0,                                                                  
  ntx    = 1,       irest  = 0,       ntrx   = 1,      ntxo   = 1,             
  ntpr   = 1000,    ntwx   = 1000,    ntwv   = 0,      ntwe   = 1000,          
  iwrap  = 0,       ioutfm = 1,                                                
                                                                               
  ntf    = 2,       ntb    = 2,                                                
  cut = 9.0,                                                                   
                                                                               
  ibelly = 0,       ntr    = 1,                                                
  restraintmask = ':1',                                                        
  restraint_wt = 100.0,                                                        
                                                                               
  imin   = 0,                                                                  
  nstlim = 10000,                                                              
  nscm   = 1000,                                                               
  t      = 0.0,     dt     = 0.002,                                            
                                                                               
  temp0     = 298.0,   tempi  = 0.0,                                           
  ig        = -1,                                                              
  ntt       = 3,                                                               
  gamma_ln  = 3.0,                                                             
                                                                               
  ntp    = 1,       pres0  = 1.0,     comp   = 44.6,                           
  taup   = 1.0,                                                                
                                                                               
  ntc    = 2,       tol    = 0.000001, watnam = 'WAT ',                        
                                                                               
 &end                                                                          

--------------------------------------------------------------------------------
   1.  RESOURCE   USE: 
--------------------------------------------------------------------------------

| Flags: MPI                                                                    
 getting new box info from bottom of inpcrd
|  INFO: Old style inpcrd file read

| peek_ewald_inpcrd: Box info found
|Largest sphere to fit in unit cell has radius =    14.258
| New format PARM file being parsed.
| Version =    1.000 Date = 03/14/17 Time = 13:40:10
 NATOM  =    2746 NTYPES =       9 NBONH =    2736 MBONA  =       9
 NTHETH =      25 MTHETA =      11 NPHIH =      43 MPHIA  =      24
 NHPARM =       0 NPARM  =       0 NNB   =    3731 NRES   =     911
 NBONA  =       9 NTHETA =      11 NPHIA =      24 NUMBND =      10
 NUMANG =      16 NPTRA  =      19 NATYP =       9 NPHB   =       1
 IFBOX  =       2 NMXRS  =      10 IFCAP =       0 NEXTRA =       0
 NCOPY  =       0


|     Memory Use     Allocated
|     Real              287242
|     Hollerith           9151
|     Integer            85624
|     Max Pairs         304576
|     nblistReal         32952
|     nblist Int         84481
|       Total             4391 kbytes

| Note: 1-4 EEL scale factors are being read from the topology file.

| Note: 1-4 VDW scale factors are being read from the topology file.
| Duplicated    0 dihedrals
| Duplicated    0 dihedrals

     BOX TYPE: TRUNCATED OCTAHEDRON
Note: ig = -1. Setting random seed to   526890 based on wallclock time in microseconds
      and disabling the synchronization of random numbers between tasks
      to improve performance.

--------------------------------------------------------------------------------
   2.  CONTROL  DATA  FOR  THE  RUN
--------------------------------------------------------------------------------

default_name                                                                    

General flags:
     imin    =       0, nmropt  =       0

Nature and format of input:
     ntx     =       1, irest   =       0, ntrx    =       1

Nature and format of output:
     ntxo    =       1, ntpr    =    1000, ntrx    =       1, ntwr    =   10000
     iwrap   =       0, ntwx    =    1000, ntwv    =       0, ntwe    =    1000
     ioutfm  =       1, ntwprt  =       0, idecomp =       0, rbornstat=      0

Potential function:
     ntf     =       2, ntb     =       2, igb     =       0, nsnb    =      25
     ipol    =       0, gbsa    =       0, iesp    =       0
     dielc   =   1.00000, cut     =   9.00000, intdiel =   1.00000

Frozen or restrained atoms:
     ibelly  =       0, ntr     =       1
     restraint_wt = 100.00000

Molecular dynamics:
     nstlim  =     10000, nscm    =         0, nrespa  =         1
     t       =   0.00000, dt      =   0.00200, vlimit  =  20.00000

Langevin dynamics temperature regulation:
     ig      =  526890
     temp0   = 298.00000, tempi   =   0.00000, gamma_ln=   3.00000

Pressure regulation:
     ntp     =       1
     pres0   =   1.00000, comp    =  44.60000, taup    =   1.00000

SHAKE:
     ntc     =       2, jfastw  =       0
     tol     =   0.00000

Ewald parameters:
     verbose =       0, ew_type =       0, nbflag  =       1, use_pme =       1
     vdwmeth =       1, eedmeth =       1, netfrc  =       1
     Box X =   34.925   Box Y =   34.925   Box Z =   34.925
     Alpha =  109.471   Beta  =  109.471   Gamma =  109.471
     NFFT1 =   36       NFFT2 =   36       NFFT3 =   36
     Cutoff=    9.000   Tol   =0.100E-04
     Ewald Coefficient =  0.30768
     Interpolation order =    4

| MPI Timing options:
|      profile_mpi =        0

    LOADING THE CONSTRAINED ATOMS AS GROUPS


   5.  REFERENCE ATOM COORDINATES

  defa
     Mask :1; matches     6 atoms

--------------------------------------------------------------------------------
   3.  ATOMIC COORDINATES AND VELOCITIES
--------------------------------------------------------------------------------

defa                                                                            
 begin time read from input coords =     0.000 ps

 Number of triangulated 3-point waters found:      908
|  Atom division among processors:
|         0     343     688    1033    1375    1717    2062    2404
|      2746

     Sum of charges from parm topology file =  -0.00000000
     Forcing neutrality...
|  Running AMBER/MPI version on    8 nodes


--------------------------------------------------------------------------------
   4.  RESULTS
--------------------------------------------------------------------------------

|  # of SOLUTE  degrees of freedom (RNDFP):    5502.
|  # of SOLVENT degrees of freedom (RNDFS):       0.
|  NDFMIN =    5502.     NUM_NOSHAKE =      0     CORRECTED RNDFP =    5502.
|  TOTAL # of degrees of freedom (RNDF) =    5502.
 ---------------------------------------------------
 APPROXIMATING switch and d/dx switch using CUBIC SPLINE INTERPOLATION
 using   5000.0 points per unit in tabled values
 TESTING RELATIVE ERROR over r ranging from 0.0 to cutoff
| CHECK switch(x): max rel err =   0.2738E-14   at   2.422500
| CHECK d/dx switch(x): max rel err =   0.8314E-11   at   2.736960
 ---------------------------------------------------
| Local SIZE OF NONBOND LIST =      90502
| TOTAL SIZE OF NONBOND LIST =     642537

 NSTEP =        0   TIME(PS) =       0.000  TEMP(K) =     0.00  PRESS = -4636.0
 Etot   =    -12059.2624  EKtot   =         0.0000  EPtot      =    -12059.2624
 BOND   =         0.7283  ANGLE   =         1.9342  DIHED      =        10.4641
 1-4 NB =         2.9563  1-4 EEL =        44.8195  VDWAALS    =      2218.3135
 EELEC  =    -14338.6374  EHBOND  =         0.0000  RESTRAINT  =         0.1592
 EAMBER (non-restraint)  =    -12059.4216
 EKCMT  =         0.0000  VIRIAL  =      3282.4714  VOLUME     =     32792.5877
                                                    Density    =         0.8357
 Ewald error estimate:   0.5749E-05
 ------------------------------------------------------------------------------


 NSTEP =     1000   TIME(PS) =       2.000  TEMP(K) =   297.05  PRESS =  -846.1
 Etot   =     -6945.4838  EKtot   =      1623.9037  EPtot      =     -8569.3875
 BOND   =         1.0624  ANGLE   =         9.0369  DIHED      =        11.1897
 1-4 NB =         3.0921  1-4 EEL =        44.5442  VDWAALS    =      1252.0091
 EELEC  =     -9893.7661  EHBOND  =         0.0000  RESTRAINT  =         3.4442
 EAMBER (non-restraint)  =     -8572.8316
 EKCMT  =       779.9070  VIRIAL  =      1330.3448  VOLUME     =     30129.1983
                                                    Density    =         0.9095
 Ewald error estimate:   0.1207E-03
 ------------------------------------------------------------------------------


 NSTEP =     2000   TIME(PS) =       4.000  TEMP(K) =   296.89  PRESS =  -541.1
 Etot   =     -7076.9415  EKtot   =      1623.0310  EPtot      =     -8699.9724
 BOND   =         1.1822  ANGLE   =         7.4420  DIHED      =        13.5622
 1-4 NB =         3.1252  1-4 EEL =        45.2234  VDWAALS    =      1271.4657
 EELEC  =    -10045.7685  EHBOND  =         0.0000  RESTRAINT  =         3.7954
 EAMBER (non-restraint)  =     -8703.7679
 EKCMT  =       797.5700  VIRIAL  =      1133.4525  VOLUME     =     28748.7400
                                                    Density    =         0.9532
 Ewald error estimate:   0.2659E-03
 ------------------------------------------------------------------------------


 NSTEP =     3000   TIME(PS) =       6.000  TEMP(K) =   298.64  PRESS =  -407.1
 Etot   =     -7016.6557  EKtot   =      1632.5920  EPtot      =     -8649.2477
 BOND   =         2.0655  ANGLE   =         9.8377  DIHED      =        10.4776
 1-4 NB =         3.5500  1-4 EEL =        47.2796  VDWAALS    =      1241.5179
 EELEC  =     -9969.1448  EHBOND  =         0.0000  RESTRAINT  =         5.1688
 EAMBER (non-restraint)  =     -8654.4165
 EKCMT  =       813.5211  VIRIAL  =      1061.3940  VOLUME     =     28203.0800
                                                    Density    =         0.9717
 Ewald error estimate:   0.9912E-04
 ------------------------------------------------------------------------------


 NSTEP =     4000   TIME(PS) =       8.000  TEMP(K) =   299.39  PRESS =   -87.7
 Etot   =     -7037.2698  EKtot   =      1636.7096  EPtot      =     -8673.9794
 BOND   =         1.6821  ANGLE   =         7.1671  DIHED      =        15.1611
 1-4 NB =         3.1600  1-4 EEL =        44.7741  VDWAALS    =      1265.2669
 EELEC  =    -10015.0618  EHBOND  =         0.0000  RESTRAINT  =         3.8712
 EAMBER (non-restraint)  =     -8677.8506
 EKCMT  =       791.9303  VIRIAL  =       844.7538  VOLUME     =     27908.8341
                                                    Density    =         0.9819
 Ewald error estimate:   0.1577E-03
 ------------------------------------------------------------------------------


 NSTEP =     5000   TIME(PS) =      10.000  TEMP(K) =   299.24  PRESS =   -71.4
 Etot   =     -7058.4018  EKtot   =      1635.8966  EPtot      =     -8694.2984
 BOND   =         2.2970  ANGLE   =        11.9481  DIHED      =         9.6754
 1-4 NB =         3.1037  1-4 EEL =        46.8417  VDWAALS    =      1254.3713
 EELEC  =    -10023.8362  EHBOND  =         0.0000  RESTRAINT  =         1.3006
 EAMBER (non-restraint)  =     -8695.5990
 EKCMT  =       824.7438  VIRIAL  =       867.3512  VOLUME     =     27639.2917
                                                    Density    =         0.9915
 Ewald error estimate:   0.4821E-03
 ------------------------------------------------------------------------------


 NSTEP =     6000   TIME(PS) =      12.000  TEMP(K) =   306.21  PRESS =    28.8
 Etot   =     -7013.8352  EKtot   =      1674.0004  EPtot      =     -8687.8356
 BOND   =         6.8012  ANGLE   =         5.5325  DIHED      =         9.5168
 1-4 NB =         3.6813  1-4 EEL =        42.2939  VDWAALS    =      1268.2134
 EELEC  =    -10026.9727  EHBOND  =         0.0000  RESTRAINT  =         3.0981
 EAMBER (non-restraint)  =     -8690.9337
 EKCMT  =       827.0553  VIRIAL  =       809.8322  VOLUME     =     27735.8218
                                                    Density    =         0.9880
 Ewald error estimate:   0.2174E-03
 ------------------------------------------------------------------------------


 NSTEP =     7000   TIME(PS) =      14.000  TEMP(K) =   293.73  PRESS =   508.1
 Etot   =     -7047.3295  EKtot   =      1605.7762  EPtot      =     -8653.1057
 BOND   =         5.7277  ANGLE   =         7.5874  DIHED      =        10.8075
 1-4 NB =         4.2963  1-4 EEL =        46.8797  VDWAALS    =      1326.2411
 EELEC  =    -10056.7562  EHBOND  =         0.0000  RESTRAINT  =         2.1109
 EAMBER (non-restraint)  =     -8655.2165
 EKCMT  =       808.0829  VIRIAL  =       503.5984  VOLUME     =     27756.8847
                                                    Density    =         0.9873
 Ewald error estimate:   0.2047E-03
 ------------------------------------------------------------------------------


 NSTEP =     8000   TIME(PS) =      16.000  TEMP(K) =   299.99  PRESS =   329.7
 Etot   =     -7084.4054  EKtot   =      1639.9517  EPtot      =     -8724.3571
 BOND   =         2.2534  ANGLE   =         7.8454  DIHED      =        10.4803
 1-4 NB =         3.6018  1-4 EEL =        42.2666  VDWAALS    =      1319.9724
 EELEC  =    -10111.8672  EHBOND  =         0.0000  RESTRAINT  =         1.0901
 EAMBER (non-restraint)  =     -8725.4472
 EKCMT  =       849.4057  VIRIAL  =       652.1794  VOLUME     =     27706.5867
                                                    Density    =         0.9891
 Ewald error estimate:   0.5653E-06
 ------------------------------------------------------------------------------


 NSTEP =     9000   TIME(PS) =      18.000  TEMP(K) =   292.77  PRESS =    78.5
 Etot   =     -7100.9207  EKtot   =      1600.5099  EPtot      =     -8701.4305
 BOND   =         1.4832  ANGLE   =         5.8742  DIHED      =        11.9122
 1-4 NB =         3.2559  1-4 EEL =        45.6754  VDWAALS    =      1299.8077
 EELEC  =    -10073.9812  EHBOND  =         0.0000  RESTRAINT  =         4.5422
 EAMBER (non-restraint)  =     -8705.9727
 EKCMT  =       804.1088  VIRIAL  =       757.1825  VOLUME     =     27698.1613
                                                    Density    =         0.9894
 Ewald error estimate:   0.2080E-03
 ------------------------------------------------------------------------------


 NSTEP =    10000   TIME(PS) =      20.000  TEMP(K) =   301.67  PRESS =   -19.7
 Etot   =     -7006.3745  EKtot   =      1649.1604  EPtot      =     -8655.5348
 BOND   =         1.6643  ANGLE   =         7.8633  DIHED      =        10.4271
 1-4 NB =         4.6810  1-4 EEL =        45.6426  VDWAALS    =      1274.4931
 EELEC  =    -10003.2563  EHBOND  =         0.0000  RESTRAINT  =         2.9501
 EAMBER (non-restraint)  =     -8658.4849
 EKCMT  =       823.5569  VIRIAL  =       835.3296  VOLUME     =     27735.9360
                                                    Density    =         0.9880
 Ewald error estimate:   0.1419E-03
 ------------------------------------------------------------------------------


      A V E R A G E S   O V E R   10000 S T E P S


 NSTEP =    10000   TIME(PS) =      20.000  TEMP(K) =   293.34  PRESS =  -186.7
 Etot   =     -7112.5841  EKtot   =      1603.6258  EPtot      =     -8716.2099
 BOND   =         3.0864  ANGLE   =         8.7894  DIHED      =        11.5165
 1-4 NB =         3.5451  1-4 EEL =        44.9771  VDWAALS    =      1297.4457
 EELEC  =    -10088.6191  EHBOND  =         0.0000  RESTRAINT  =         3.0489
 EAMBER (non-restraint)  =     -8719.2589
 EKCMT  =       797.4338  VIRIAL  =       919.2213  VOLUME     =     28356.4871
                                                    Density    =         0.9679
 Ewald error estimate:   0.1988E-03
 ------------------------------------------------------------------------------


      R M S  F L U C T U A T I O N S


 NSTEP =    10000   TIME(PS) =      20.000  TEMP(K) =    26.21  PRESS =   442.5
 Etot   =       306.9295  EKtot   =       143.2653  EPtot      =       169.6046
 BOND   =         1.4228  ANGLE   =         2.3965  DIHED      =         1.3162
 1-4 NB =         0.7962  1-4 EEL =         1.9123  VDWAALS    =        90.3444
 EELEC  =       250.7134  EHBOND  =         0.0000  RESTRAINT  =         1.2966
 EAMBER (non-restraint)  =       168.3080
 EKCMT  =        69.4617  VIRIAL  =       260.6876  VOLUME     =      1152.6498
                                                    Density    =         0.0364
 Ewald error estimate:   0.1480E-03
 ------------------------------------------------------------------------------


--------------------------------------------------------------------------------
   5.  TIMINGS
--------------------------------------------------------------------------------

|>>>>>>>>PROFILE of Average TIMES>>>>>>>>> 
|                Build the list             8.77 (97.08% of List )
|                Other                      0.26 ( 2.92% of List )
|             List time                  9.03 ( 9.31% of Nonbo)
|                   Short_ene time            58.34 (96.52% of Direc)
|                   Other                      2.10 ( 3.48% of Direc)
|                Direct Ewald time         60.44 (68.67% of Ewald)
|                Adjust Ewald time          0.30 ( 0.34% of Ewald)
|                   Fill Bspline coeffs        1.28 ( 6.31% of Recip)
|                   Fill charge grid           1.15 ( 5.69% of Recip)
|                   Scalar sum                 5.39 (26.56% of Recip)
|                   Grad sum                   2.56 (12.61% of Recip)
|                      FFT back comm time         1.68 (18.64% of FFT t)
|                      Other                      7.35 (81.36% of FFT t)
|                   FFT time                   9.03 (44.49% of Recip)
|                   Other                      0.88 ( 4.35% of Recip)
|                Recip Ewald time          20.29 (23.05% of Ewald)
|                Force Adjust               6.55 ( 7.44% of Ewald)
|                Virial junk                0.39 ( 0.45% of Ewald)
|                Other                      0.03 ( 0.04% of Ewald)
|             Ewald time                88.03 (90.69% of Nonbo)
|             Other                      0.01 ( 0.01% of Nonbo)
|          Nonbond force             97.07 (98.79% of Force)
|          Bond/Angle/Dihedral        0.11 ( 0.11% of Force)
|          FRC Collect time           0.87 ( 0.89% of Force)
|          Other                      0.21 ( 0.21% of Force)
|       Force time                98.26 (93.20% of Runmd)
|       Shake time                 0.39 ( 0.37% of Runmd)
|       Verlet update time         3.82 ( 3.62% of Runmd)
|       Ekcmr time                 1.73 ( 1.64% of Runmd)
|       CRD distribute time        0.48 ( 0.45% of Runmd)
|       Other                      0.75 ( 0.72% of Runmd)
|    Runmd Time               105.43 (100.0% of Total)
|    Other                      0.10 ( 0.09% of Total)
| Total time               105.52 (100.0% of ALL  )

| Number of list builds   :        902

| Highest rstack allocated:      38749
| Highest istack allocated:        813

| Final Performance Info:
| -----------------------------------------------------
| Average timings for all steps:
|     Elapsed(s) =     105.83 Per Step(ms) =      10.58
|         ns/day =      16.33   seconds/ns =    5291.53
| -----------------------------------------------------

|           Job began  at 15:20:46.479  on 03/14/2017
|           Setup done at 15:20:46.578  on 03/14/2017
|           Run   done at 15:22:32.304  on 03/14/2017
|     wallclock() was called  571871 times
