
          -------------------------------------------------------
          Amber 16 SANDER                              2016
          -------------------------------------------------------

| Run on 03/14/2017 at 14:28:54

|   Executable path: sander.MPI
| Working directory: /home/steboss/projects/mdgx-tests/alanine/IPOLQ/input/PhiPsi_1/210/90
|          Hostname: node006

  [-O]verwriting output

File Assignments:
|  MDIN: min.in                                                                
| MDOUT: Conf90.min.out                                                        
|INPCRD: Conf90.crd                                                            
|  PARM: Conf90.top                                                            
|RESTRT: Conf90.min                                                            
|  REFC: Conf90.crd                                                            
| MDVEL: mdvel                                                                 
| MDFRC: mdfrc                                                                 
|  MDEN: mden                                                                  
| MDCRD: mdcrd                                                                 
|MDINFO: mdinfo                                                                
|  MTMD: mtmd                                                                  
|INPDIP: inpdip                                                                
|RSTDIP: rstdip                                                                
|INPTRA: inptraj                                                               

|    REMLOG: rem.log
|   REMTYPE: rem.type
|  REMSTRIP: 
|   SAVEENE: saveene
|CLUSTERINF: cluster.info
| RESERVOIR: reserv/frame
|   REMDDIM: 


 Here is the input file:

Initial minimization                                                           
 &cntrl                                                                        
  ntx    = 1,       irest  = 0,       ntrx   = 1,      ntxo   = 1,             
  ntpr   = 20,      ntwx   = 0,       ntwv   = 0,      ntwe   = 0,             
                                                                               
  ntf    = 1,       ntb    = 1,                                                
  ntc    = 1,       ntr    = 1,                                                
  restraintmask = ':1',                                                        
  restraint_wt = 100.0,                                                        
  cut    = 9.0,                                                                
                                                                               
  imin   = 1,                                                                  
  maxcyc = 1000,                                                               
  ncyc   = 100,                                                                
                                                                               
 &end                                                                          

--------------------------------------------------------------------------------
   1.  RESOURCE   USE: 
--------------------------------------------------------------------------------

| Flags: MPI                                                                    
 getting new box info from bottom of inpcrd
|  INFO: Old style inpcrd file read

| peek_ewald_inpcrd: Box info found
|Largest sphere to fit in unit cell has radius =    14.439
| New format PARM file being parsed.
| Version =    1.000 Date = 03/14/17 Time = 13:38:55
 NATOM  =    2818 NTYPES =       9 NBONH =    2808 MBONA  =       9
 NTHETH =      25 MTHETA =      11 NPHIH =      43 MPHIA  =      24
 NHPARM =       0 NPARM  =       0 NNB   =    3827 NRES   =     935
 NBONA  =       9 NTHETA =      11 NPHIA =      24 NUMBND =      10
 NUMANG =      16 NPTRA  =      19 NATYP =       9 NPHB   =       1
 IFBOX  =       2 NMXRS  =      10 IFCAP =       0 NEXTRA =       0
 NCOPY  =       0


|     Memory Use     Allocated
|     Real              326514
|     Hollerith           9391
|     Integer            87256
|     Max Pairs         312562
|     nblistReal         33816
|     nblist Int         86161
|       Total             4750 kbytes

| Note: 1-4 EEL scale factors are being read from the topology file.

| Note: 1-4 VDW scale factors are being read from the topology file.
| Duplicated    0 dihedrals
| Duplicated    0 dihedrals

     BOX TYPE: TRUNCATED OCTAHEDRON

--------------------------------------------------------------------------------
   2.  CONTROL  DATA  FOR  THE  RUN
--------------------------------------------------------------------------------

default_name                                                                    

General flags:
     imin    =       1, nmropt  =       0

Nature and format of input:
     ntx     =       1, irest   =       0, ntrx    =       1

Nature and format of output:
     ntxo    =       1, ntpr    =      20, ntrx    =       1, ntwr    =       1
     iwrap   =       0, ntwx    =       0, ntwv    =       0, ntwe    =       0
     ioutfm  =       1, ntwprt  =       0, idecomp =       0, rbornstat=      0

Potential function:
     ntf     =       1, ntb     =       1, igb     =       0, nsnb    =      25
     ipol    =       0, gbsa    =       0, iesp    =       0
     dielc   =   1.00000, cut     =   9.00000, intdiel =   1.00000

Frozen or restrained atoms:
     ibelly  =       0, ntr     =       1
     restraint_wt = 100.00000

Energy minimization:
     maxcyc  =    1000, ncyc    =     100, ntmin   =       1
     dx0     =   0.01000, drms    =   0.00010

Ewald parameters:
     verbose =       0, ew_type =       0, nbflag  =       1, use_pme =       1
     vdwmeth =       1, eedmeth =       1, netfrc  =       0
     Box X =   35.367   Box Y =   35.367   Box Z =   35.367
     Alpha =  109.471   Beta  =  109.471   Gamma =  109.471
     NFFT1 =   36       NFFT2 =   36       NFFT3 =   36
     Cutoff=    9.000   Tol   =0.100E-04
     Ewald Coefficient =  0.30768
     Interpolation order =    4

| MPI Timing options:
|      profile_mpi =        0

    LOADING THE CONSTRAINED ATOMS AS GROUPS


   5.  REFERENCE ATOM COORDINATES

  defa
     Mask :1; matches     6 atoms

--------------------------------------------------------------------------------
   3.  ATOMIC COORDINATES AND VELOCITIES
--------------------------------------------------------------------------------

default_name                                                                    
 begin time read from input coords =     0.000 ps

 Number of triangulated 3-point waters found:      932
|  Atom division among processors:
|         0     352     706    1057    1408    1762    2113    2464
|      2818

     Sum of charges from parm topology file =  -0.00000000
     Forcing neutrality...
|  Running AMBER/MPI version on    8 nodes


--------------------------------------------------------------------------------
   4.  RESULTS
--------------------------------------------------------------------------------

 ---------------------------------------------------
 APPROXIMATING switch and d/dx switch using CUBIC SPLINE INTERPOLATION
 using   5000.0 points per unit in tabled values
 TESTING RELATIVE ERROR over r ranging from 0.0 to cutoff
| CHECK switch(x): max rel err =   0.2738E-14   at   2.422500
| CHECK d/dx switch(x): max rel err =   0.8314E-11   at   2.736960
 ---------------------------------------------------
| Local SIZE OF NONBOND LIST =      87767
| TOTAL SIZE OF NONBOND LIST =     649152


   NSTEP       ENERGY          RMS            GMAX         NAME    NUMBER
      1      -7.8180E+03     1.2260E+01     6.2002E+01     O         296

 BOND    =        0.4417  ANGLE   =        0.5536  DIHED      =       10.7994
 VDWAALS =      957.7346  EEL     =    -8835.8041  HBOND      =        0.0000
 1-4 VDW =        2.6346  1-4 EEL =       45.6193  RESTRAINT  =        0.0000


   NSTEP       ENERGY          RMS            GMAX         NAME    NUMBER
     20      -8.6763E+03     2.8276E+00     2.1184E+01     O          23

 BOND    =      462.5282  ANGLE   =        0.5691  DIHED      =       10.8090
 VDWAALS =      902.4542  EEL     =   -10100.8676  HBOND      =        0.0000
 1-4 VDW =        2.6291  1-4 EEL =       45.6097  RESTRAINT  =        0.0099
 EAMBER  =    -8676.2682


   NSTEP       ENERGY          RMS            GMAX         NAME    NUMBER
     40      -9.3515E+03     2.2020E+00     9.9429E+00     H1       2346

 BOND    =      493.6953  ANGLE   =        0.5850  DIHED      =       10.8050
 VDWAALS =      941.4650  EEL     =   -10846.2973  HBOND      =        0.0000
 1-4 VDW =        2.6158  1-4 EEL =       45.6226  RESTRAINT  =        0.0171
 EAMBER  =    -9351.5086


   NSTEP       ENERGY          RMS            GMAX         NAME    NUMBER
     60      -9.5839E+03     3.3968E+00     1.0691E+01     H2       1318

 BOND    =      490.4019  ANGLE   =        0.5942  DIHED      =       10.8013
 VDWAALS =      976.1587  EEL     =   -11110.1053  HBOND      =        0.0000
 1-4 VDW =        2.6021  1-4 EEL =       45.6653  RESTRAINT  =        0.0170
 EAMBER  =    -9583.8818


   NSTEP       ENERGY          RMS            GMAX         NAME    NUMBER
     80      -9.7351E+03     3.9987E+00     1.3511E+01     H2       1216

 BOND    =      497.0959  ANGLE   =        0.6007  DIHED      =       10.7953
 VDWAALS =     1010.7373  EEL     =   -11302.6869  HBOND      =        0.0000
 1-4 VDW =        2.5911  1-4 EEL =       45.7167  RESTRAINT  =        0.0179
 EAMBER  =    -9735.1499


   NSTEP       ENERGY          RMS            GMAX         NAME    NUMBER
    100      -9.8694E+03     9.4628E-01     5.6976E+00     H1        816

 BOND    =      590.2036  ANGLE   =        0.5918  DIHED      =       10.7852
 VDWAALS =     1044.0660  EEL     =   -11563.4410  HBOND      =        0.0000
 1-4 VDW =        2.5856  1-4 EEL =       45.7704  RESTRAINT  =        0.0191
 EAMBER  =    -9869.4384


   NSTEP       ENERGY          RMS            GMAX         NAME    NUMBER
    120      -1.0325E+04     4.3967E+00     9.4981E+01     H2        424

 BOND    =      723.9778  ANGLE   =        0.6794  DIHED      =       10.6622
 VDWAALS =     1419.5502  EEL     =   -12528.9584  HBOND      =        0.0000
 1-4 VDW =        2.5852  1-4 EEL =       46.3604  RESTRAINT  =        0.0434
 EAMBER  =   -10325.1432


   NSTEP       ENERGY          RMS            GMAX         NAME    NUMBER
    140      -1.0478E+04     1.6447E+00     3.6788E+01     H1       2250

 BOND    =      702.9687  ANGLE   =        0.6672  DIHED      =       10.5950
 VDWAALS =     1423.1485  EEL     =   -12664.9189  HBOND      =        0.0000
 1-4 VDW =        2.6032  1-4 EEL =       46.5636  RESTRAINT  =        0.0436
 EAMBER  =   -10478.3728


   NSTEP       ENERGY          RMS            GMAX         NAME    NUMBER
    160      -1.0582E+04     2.0474E+00     4.2444E+01     O         716

 BOND    =      684.6695  ANGLE   =        0.6265  DIHED      =       10.5029
 VDWAALS =     1447.3043  EEL     =   -12774.3005  HBOND      =        0.0000
 1-4 VDW =        2.6178  1-4 EEL =       46.7379  RESTRAINT  =        0.0480
 EAMBER  =   -10581.8415


   NSTEP       ENERGY          RMS            GMAX         NAME    NUMBER
    180      -1.0670E+04     8.2777E-01     1.6944E+01     O        2504

 BOND    =      722.3798  ANGLE   =        0.9707  DIHED      =       10.4432
 VDWAALS =     1550.0977  EEL     =   -13003.6359  HBOND      =        0.0000
 1-4 VDW =        2.6733  1-4 EEL =       46.9442  RESTRAINT  =        0.0466
 EAMBER  =   -10670.1270


   NSTEP       ENERGY          RMS            GMAX         NAME    NUMBER
    200      -1.0770E+04     1.7361E+00     4.4124E+01     CH3        19

 BOND    =      759.2232  ANGLE   =        2.5385  DIHED      =       10.1818
 VDWAALS =     1631.8888  EEL     =   -13223.7195  HBOND      =        0.0000
 1-4 VDW =        2.6982  1-4 EEL =       47.1595  RESTRAINT  =        0.1370
 EAMBER  =   -10770.0296


   NSTEP       ENERGY          RMS            GMAX         NAME    NUMBER
    220      -1.0815E+04     1.1857E+00     3.2054E+01     CH3         2

 BOND    =      739.4403  ANGLE   =        3.7056  DIHED      =       10.1624
 VDWAALS =     1662.4947  EEL     =   -13280.6774  HBOND      =        0.0000
 1-4 VDW =        2.6176  1-4 EEL =       46.9787  RESTRAINT  =        0.2082
 EAMBER  =   -10815.2780


   NSTEP       ENERGY          RMS            GMAX         NAME    NUMBER
    240      -1.0862E+04     6.2875E-01     1.5514E+01     C           5

 BOND    =      765.0897  ANGLE   =        0.5489  DIHED      =       10.2297
 VDWAALS =     1702.4618  EEL     =   -13390.2004  HBOND      =        0.0000
 1-4 VDW =        2.6310  1-4 EEL =       47.3639  RESTRAINT  =        0.0818
 EAMBER  =   -10861.8754


   NSTEP       ENERGY          RMS            GMAX         NAME    NUMBER
    260      -1.0923E+04     1.3395E+00     3.3169E+01     N           7

 BOND    =      759.8270  ANGLE   =        1.6139  DIHED      =       11.7919
 VDWAALS =     1759.9375  EEL     =   -13506.9862  HBOND      =        0.0000
 1-4 VDW =        2.7799  1-4 EEL =       47.4055  RESTRAINT  =        0.2846
 EAMBER  =   -10923.6306


   NSTEP       ENERGY          RMS            GMAX         NAME    NUMBER
    280      -1.0962E+04     6.0016E-01     1.1968E+01     C           5

 BOND    =      782.3915  ANGLE   =        0.5432  DIHED      =       10.0547
 VDWAALS =     1793.9864  EEL     =   -13598.5789  HBOND      =        0.0000
 1-4 VDW =        2.7291  1-4 EEL =       47.0826  RESTRAINT  =        0.0340
 EAMBER  =   -10961.7913


   NSTEP       ENERGY          RMS            GMAX         NAME    NUMBER
    300      -1.1035E+04     1.9155E+00     5.2841E+01     N           7

 BOND    =      820.0992  ANGLE   =        1.9357  DIHED      =       10.0074
 VDWAALS =     1917.8060  EEL     =   -13834.9425  HBOND      =        0.0000
 1-4 VDW =        2.7443  1-4 EEL =       46.7858  RESTRAINT  =        0.2087
 EAMBER  =   -11035.5640


   NSTEP       ENERGY          RMS            GMAX         NAME    NUMBER
    320      -1.1076E+04     5.8655E-01     1.5637E+01     N           7

 BOND    =      795.8209  ANGLE   =        0.7832  DIHED      =        9.7414
 VDWAALS =     1906.6850  EEL     =   -13838.9603  HBOND      =        0.0000
 1-4 VDW =        2.6304  1-4 EEL =       47.1402  RESTRAINT  =        0.0750
 EAMBER  =   -11076.1593


   NSTEP       ENERGY          RMS            GMAX         NAME    NUMBER
    340      -1.1095E+04     6.4254E-01     1.4301E+01     C           5

 BOND    =      815.6595  ANGLE   =        1.0994  DIHED      =        9.5812
 VDWAALS =     1920.9470  EEL     =   -13892.9374  HBOND      =        0.0000
 1-4 VDW =        2.6042  1-4 EEL =       47.6810  RESTRAINT  =        0.1045
 EAMBER  =   -11095.3649


   NSTEP       ENERGY          RMS            GMAX         NAME    NUMBER
    360      -1.1133E+04     8.7051E-01     2.0150E+01     CH3         2

 BOND    =      803.8243  ANGLE   =        1.4324  DIHED      =        9.7664
 VDWAALS =     1956.6617  EEL     =   -13955.0833  HBOND      =        0.0000
 1-4 VDW =        2.7254  1-4 EEL =       47.6454  RESTRAINT  =        0.1794
 EAMBER  =   -11133.0277


   NSTEP       ENERGY          RMS            GMAX         NAME    NUMBER
    380      -1.1149E+04     3.7763E-01     1.2043E+01     C          15

 BOND    =      820.9357  ANGLE   =        0.6098  DIHED      =        9.6848
 VDWAALS =     1969.7925  EEL     =   -14000.5946  HBOND      =        0.0000
 1-4 VDW =        2.8703  1-4 EEL =       47.2259  RESTRAINT  =        0.0164
 EAMBER  =   -11149.4757


   NSTEP       ENERGY          RMS            GMAX         NAME    NUMBER
    400      -1.1171E+04     6.9235E-01     1.5393E+01     C           5

 BOND    =      825.1374  ANGLE   =        1.1409  DIHED      =        9.6226
 VDWAALS =     1995.8279  EEL     =   -14052.8047  HBOND      =        0.0000
 1-4 VDW =        2.7895  1-4 EEL =       47.1673  RESTRAINT  =        0.0642
 EAMBER  =   -11171.1192


   NSTEP       ENERGY          RMS            GMAX         NAME    NUMBER
    420      -1.1188E+04     3.9791E-01     1.0219E+01     C           5

 BOND    =      817.9976  ANGLE   =        0.4729  DIHED      =        9.3626
 VDWAALS =     2001.9034  EEL     =   -14067.6043  HBOND      =        0.0000
 1-4 VDW =        2.7101  1-4 EEL =       47.2883  RESTRAINT  =        0.0235
 EAMBER  =   -11187.8694


   NSTEP       ENERGY          RMS            GMAX         NAME    NUMBER
    440      -1.1199E+04     5.0946E-01     1.3771E+01     C          15

 BOND    =      832.7312  ANGLE   =        1.4053  DIHED      =        9.4605
 VDWAALS =     2011.7558  EEL     =   -14104.1389  HBOND      =        0.0000
 1-4 VDW =        2.5319  1-4 EEL =       47.4132  RESTRAINT  =        0.0920
 EAMBER  =   -11198.8410


   NSTEP       ENERGY          RMS            GMAX         NAME    NUMBER
    460      -1.1219E+04     5.7758E-01     1.2265E+01     N          17

 BOND    =      823.0390  ANGLE   =        1.4842  DIHED      =        9.5200
 VDWAALS =     2033.4150  EEL     =   -14136.1845  HBOND      =        0.0000
 1-4 VDW =        2.5839  1-4 EEL =       47.2184  RESTRAINT  =        0.0654
 EAMBER  =   -11218.9239


   NSTEP       ENERGY          RMS            GMAX         NAME    NUMBER
    480      -1.1230E+04     3.2952E-01     1.4778E+01     C          15

 BOND    =      836.9509  ANGLE   =        0.5093  DIHED      =        9.5147
 VDWAALS =     2044.6328  EEL     =   -14171.3144  HBOND      =        0.0000
 1-4 VDW =        2.8496  1-4 EEL =       47.1590  RESTRAINT  =        0.0223
 EAMBER  =   -11229.6980


   NSTEP       ENERGY          RMS            GMAX         NAME    NUMBER
    500      -1.1249E+04     7.3577E-01     1.5035E+01     C          15

 BOND    =      840.5620  ANGLE   =        1.2881  DIHED      =        9.3037
 VDWAALS =     2074.0226  EEL     =   -14224.6688  HBOND      =        0.0000
 1-4 VDW =        2.9212  1-4 EEL =       47.0085  RESTRAINT  =        0.1338
 EAMBER  =   -11249.5628


   NSTEP       ENERGY          RMS            GMAX         NAME    NUMBER
    520      -1.1266E+04     3.0972E-01     7.8786E+00     C          15

 BOND    =      837.2323  ANGLE   =        0.6973  DIHED      =        9.2092
 VDWAALS =     2078.5026  EEL     =   -14241.4027  HBOND      =        0.0000
 1-4 VDW =        2.7257  1-4 EEL =       47.0977  RESTRAINT  =        0.0440
 EAMBER  =   -11265.9378


   NSTEP       ENERGY          RMS            GMAX         NAME    NUMBER
    540      -1.1272E+04     4.2813E-01     8.9321E+00     HH33       22

 BOND    =      847.7291  ANGLE   =        1.1749  DIHED      =        9.3201
 VDWAALS =     2083.7457  EEL     =   -14264.1458  HBOND      =        0.0000
 1-4 VDW =        2.5165  1-4 EEL =       47.2838  RESTRAINT  =        0.0957
 EAMBER  =   -11272.3757


   NSTEP       ENERGY          RMS            GMAX         NAME    NUMBER
    560      -1.1312E+04     7.7068E-01     1.6004E+01     C          15

 BOND    =      848.2831  ANGLE   =        1.1145  DIHED      =        9.4254
 VDWAALS =     2126.6385  EEL     =   -14347.2264  HBOND      =        0.0000
 1-4 VDW =        2.7896  1-4 EEL =       46.8756  RESTRAINT  =        0.1641
 EAMBER  =   -11312.0997


   NSTEP       ENERGY          RMS            GMAX         NAME    NUMBER
    580      -1.1322E+04     3.2370E-01     7.1578E+00     CB         11

 BOND    =      852.5978  ANGLE   =        0.5631  DIHED      =        9.1400
 VDWAALS =     2130.8226  EEL     =   -14364.9580  HBOND      =        0.0000
 1-4 VDW =        2.6694  1-4 EEL =       47.2021  RESTRAINT  =        0.0523
 EAMBER  =   -11321.9629


   NSTEP       ENERGY          RMS            GMAX         NAME    NUMBER
    600      -1.1338E+04     8.6684E-01     2.2800E+01     H1       2001

 BOND    =      856.5269  ANGLE   =        2.0527  DIHED      =        9.3328
 VDWAALS =     2142.8535  EEL     =   -14399.1894  HBOND      =        0.0000
 1-4 VDW =        2.8028  1-4 EEL =       46.9373  RESTRAINT  =        0.3756
 EAMBER  =   -11338.6835


   NSTEP       ENERGY          RMS            GMAX         NAME    NUMBER
    620      -1.1349E+04     3.7243E-01     1.0317E+01     N          17

 BOND    =      858.1720  ANGLE   =        0.7872  DIHED      =        9.0613
 VDWAALS =     2147.3449  EEL     =   -14414.5043  HBOND      =        0.0000
 1-4 VDW =        2.7628  1-4 EEL =       47.0118  RESTRAINT  =        0.0961
 EAMBER  =   -11349.3644


   NSTEP       ENERGY          RMS            GMAX         NAME    NUMBER
    640      -1.1355E+04     3.1830E-01     6.0448E+00     CB         11

 BOND    =      856.7578  ANGLE   =        0.4735  DIHED      =        9.0246
 VDWAALS =     2149.3427  EEL     =   -14421.0093  HBOND      =        0.0000
 1-4 VDW =        2.8048  1-4 EEL =       47.2333  RESTRAINT  =        0.0931
 EAMBER  =   -11355.3727


   NSTEP       ENERGY          RMS            GMAX         NAME    NUMBER
    660      -1.1367E+04     4.0624E-01     1.0485E+01     CH3         2

 BOND    =      862.2468  ANGLE   =        0.5715  DIHED      =        9.0636
 VDWAALS =     2157.7939  EEL     =   -14447.0634  HBOND      =        0.0000
 1-4 VDW =        2.7560  1-4 EEL =       47.0993  RESTRAINT  =        0.1376
 EAMBER  =   -11367.5321


   NSTEP       ENERGY          RMS            GMAX         NAME    NUMBER
    680      -1.1372E+04     5.6330E-01     1.3143E+01     N          17

 BOND    =      864.2504  ANGLE   =        0.5493  DIHED      =        9.0241
 VDWAALS =     2162.6425  EEL     =   -14458.6102  HBOND      =        0.0000
 1-4 VDW =        2.7607  1-4 EEL =       47.1779  RESTRAINT  =        0.0645
 EAMBER  =   -11372.2053


   NSTEP       ENERGY          RMS            GMAX         NAME    NUMBER
    700      -1.1381E+04     4.9994E-01     1.7338E+01     C          15

 BOND    =      860.7442  ANGLE   =        1.1166  DIHED      =        9.0835
 VDWAALS =     2168.1644  EEL     =   -14470.0494  HBOND      =        0.0000
 1-4 VDW =        2.7108  1-4 EEL =       47.1639  RESTRAINT  =        0.0992
 EAMBER  =   -11381.0660


   NSTEP       ENERGY          RMS            GMAX         NAME    NUMBER
    720      -1.1387E+04     2.6992E-01     7.6211E+00     N          17

 BOND    =      865.6786  ANGLE   =        0.6462  DIHED      =        8.9703
 VDWAALS =     2171.4809  EEL     =   -14483.7831  HBOND      =        0.0000
 1-4 VDW =        2.7923  1-4 EEL =       47.1142  RESTRAINT  =        0.0648
 EAMBER  =   -11387.1006


   NSTEP       ENERGY          RMS            GMAX         NAME    NUMBER
    740      -1.1391E+04     3.1173E-01     9.1724E+00     C           5

 BOND    =      862.6348  ANGLE   =        0.4715  DIHED      =        8.9152
 VDWAALS =     2172.2134  EEL     =   -14484.9568  HBOND      =        0.0000
 1-4 VDW =        2.8575  1-4 EEL =       47.2522  RESTRAINT  =        0.1022
 EAMBER  =   -11390.6122


   NSTEP       ENERGY          RMS            GMAX         NAME    NUMBER
    760      -1.1399E+04     3.8896E-01     1.1954E+01     C          15

 BOND    =      868.3831  ANGLE   =        0.4905  DIHED      =        8.9500
 VDWAALS =     2176.1073  EEL     =   -14503.1714  HBOND      =        0.0000
 1-4 VDW =        2.8098  1-4 EEL =       47.2203  RESTRAINT  =        0.1393
 EAMBER  =   -11399.2104


   NSTEP       ENERGY          RMS            GMAX         NAME    NUMBER
    780      -1.1403E+04     4.0392E-01     1.2379E+01     CH3        19

 BOND    =      870.0820  ANGLE   =        0.5845  DIHED      =        8.9037
 VDWAALS =     2178.9028  EEL     =   -14511.2391  HBOND      =        0.0000
 1-4 VDW =        2.8412  1-4 EEL =       47.1187  RESTRAINT  =        0.0842
 EAMBER  =   -11402.8063


   NSTEP       ENERGY          RMS            GMAX         NAME    NUMBER
    800      -1.1411E+04     5.7765E-01     1.7712E+01     C          15

 BOND    =      864.0909  ANGLE   =        1.1621  DIHED      =        9.0034
 VDWAALS =     2181.0896  EEL     =   -14516.8895  HBOND      =        0.0000
 1-4 VDW =        2.7568  1-4 EEL =       47.2416  RESTRAINT  =        0.1192
 EAMBER  =   -11411.5451


   NSTEP       ENERGY          RMS            GMAX         NAME    NUMBER
    820      -1.1417E+04     2.5962E-01     9.1260E+00     C          15

 BOND    =      869.7898  ANGLE   =        0.5729  DIHED      =        8.8531
 VDWAALS =     2183.3092  EEL     =   -14530.0733  HBOND      =        0.0000
 1-4 VDW =        2.8802  1-4 EEL =       47.1131  RESTRAINT  =        0.0805
 EAMBER  =   -11417.5551


   NSTEP       ENERGY          RMS            GMAX         NAME    NUMBER
    840      -1.1422E+04     4.6436E-01     1.6662E+01     O           6

 BOND    =      870.3066  ANGLE   =        0.5320  DIHED      =        8.8759
 VDWAALS =     2183.0507  EEL     =   -14534.5905  HBOND      =        0.0000
 1-4 VDW =        2.8424  1-4 EEL =       47.2905  RESTRAINT  =        0.1599
 EAMBER  =   -11421.6926


   NSTEP       ENERGY          RMS            GMAX         NAME    NUMBER
    860      -1.1436E+04     5.0564E-01     1.3236E+01     CH3        19

 BOND    =      875.2935  ANGLE   =        0.5849  DIHED      =        8.8599
 VDWAALS =     2187.1418  EEL     =   -14557.7953  HBOND      =        0.0000
 1-4 VDW =        2.8097  1-4 EEL =       47.1518  RESTRAINT  =        0.1258
 EAMBER  =   -11435.9538


   NSTEP       ENERGY          RMS            GMAX         NAME    NUMBER
    880      -1.1440E+04     5.6051E-01     1.8236E+01     C           5

 BOND    =      876.6629  ANGLE   =        0.5792  DIHED      =        8.7966
 VDWAALS =     2190.3928  EEL     =   -14566.8276  HBOND      =        0.0000
 1-4 VDW =        2.9034  1-4 EEL =       47.0054  RESTRAINT  =        0.0979
 EAMBER  =   -11440.4872


   NSTEP       ENERGY          RMS            GMAX         NAME    NUMBER
    900      -1.1451E+04     6.1750E-01     1.7728E+01     CH3         2

 BOND    =      869.9423  ANGLE   =        1.2634  DIHED      =        8.9681
 VDWAALS =     2198.4101  EEL     =   -14579.3810  HBOND      =        0.0000
 1-4 VDW =        2.8343  1-4 EEL =       47.1583  RESTRAINT  =        0.1745
 EAMBER  =   -11450.8045


   NSTEP       ENERGY          RMS            GMAX         NAME    NUMBER
    920      -1.1457E+04     2.5828E-01     7.8224E+00     O           6

 BOND    =      876.3896  ANGLE   =        0.6461  DIHED      =        8.7806
 VDWAALS =     2200.8295  EEL     =   -14593.6718  HBOND      =        0.0000
 1-4 VDW =        2.8812  1-4 EEL =       47.0107  RESTRAINT  =        0.0973
 EAMBER  =   -11457.1340


   NSTEP       ENERGY          RMS            GMAX         NAME    NUMBER
    940      -1.1460E+04     3.3191E-01     1.5643E+01     CH3        19

 BOND    =      872.9220  ANGLE   =        0.5770  DIHED      =        8.7431
 VDWAALS =     2201.0859  EEL     =   -14593.5242  HBOND      =        0.0000
 1-4 VDW =        2.8855  1-4 EEL =       47.1501  RESTRAINT  =        0.1106
 EAMBER  =   -11460.1607


   NSTEP       ENERGY          RMS            GMAX         NAME    NUMBER
    960      -1.1468E+04     3.7522E-01     9.9826E+00     C           5

 BOND    =      879.5617  ANGLE   =        0.5860  DIHED      =        8.8022
 VDWAALS =     2204.9255  EEL     =   -14612.3684  HBOND      =        0.0000
 1-4 VDW =        2.8471  1-4 EEL =       47.1914  RESTRAINT  =        0.1515
 EAMBER  =   -11468.4544


   NSTEP       ENERGY          RMS            GMAX         NAME    NUMBER
    980      -1.1472E+04     4.6701E-01     2.0285E+01     CH3        19

 BOND    =      883.1315  ANGLE   =        0.6262  DIHED      =        8.7364
 VDWAALS =     2208.7118  EEL     =   -14623.1159  HBOND      =        0.0000
 1-4 VDW =        2.9226  1-4 EEL =       47.0483  RESTRAINT  =        0.0939
 EAMBER  =   -11471.9390


   NSTEP       ENERGY          RMS            GMAX         NAME    NUMBER
   1000      -1.1479E+04     5.6898E-01     1.6325E+01     C          15

 BOND    =      877.2421  ANGLE   =        1.0863  DIHED      =        8.8203
 VDWAALS =     2214.7288  EEL     =   -14630.6030  HBOND      =        0.0000
 1-4 VDW =        2.8360  1-4 EEL =       46.8565  RESTRAINT  =        0.1461
 EAMBER  =   -11479.0330


  Maximum number of minimization cycles reached.


                    FINAL RESULTS



   NSTEP       ENERGY          RMS            GMAX         NAME    NUMBER
   1000      -1.1479E+04     5.6898E-01     1.6325E+01     C          15

 BOND    =      877.2421  ANGLE   =        1.0863  DIHED      =        8.8203
 VDWAALS =     2214.7288  EEL     =   -14630.6030  HBOND      =        0.0000
 1-4 VDW =        2.8360  1-4 EEL =       46.8565  RESTRAINT  =        0.1461
 EAMBER  =   -11479.0330

--------------------------------------------------------------------------------
   5.  TIMINGS
--------------------------------------------------------------------------------

|                Build the list             0.09 (62.59% of List )
|                Other                      0.06 (37.41% of List )
|             List time                  0.15 ( 1.60% of Nonbo)
|                   Short_ene time             6.38 (96.28% of Direc)
|                   Other                      0.25 ( 3.72% of Direc)
|                Direct Ewald time          6.63 (72.17% of Ewald)
|                Adjust Ewald time          0.04 ( 0.48% of Ewald)
|                Self Ewald time            0.00 ( 0.02% of Ewald)
|                   Fill Bspline coeffs        0.16 ( 7.03% of Recip)
|                   Fill charge grid           0.14 ( 6.21% of Recip)
|                   Scalar sum                 0.62 (26.94% of Recip)
|                   Grad sum                   0.31 (13.50% of Recip)
|                      FFT back comm time         0.30 (28.67% of FFT t)
|                      Other                      0.75 (71.33% of FFT t)
|                   FFT time                   1.05 (45.51% of Recip)
|                   Other                      0.02 ( 0.81% of Recip)
|                Recip Ewald time           2.30 (25.05% of Ewald)
|                Force Adjust               0.16 ( 1.71% of Ewald)
|                Virial junk                0.05 ( 0.51% of Ewald)
|                Start synchronizatio       0.00 ( 0.01% of Ewald)
|                Other                      0.01 ( 0.06% of Ewald)
|             Ewald time                 9.18 (98.38% of Nonbo)
|             Other                      0.00 ( 0.01% of Nonbo)
|          Nonbond force              9.33 (94.12% of Force)
|          Bond/Angle/Dihedral        0.03 ( 0.33% of Force)
|          FRC Collect time           0.21 ( 2.09% of Force)
|          Other                      0.34 ( 3.47% of Force)
|       Force time                 9.91 (100.0% of Runmd)
|    Runmd Time                 9.91 ( 4.39% of Total)
|    Other                    215.96 (95.61% of Total)
| Total time               225.88 (100.0% of ALL  )

| Highest rstack allocated:      39316
| Highest istack allocated:        834
|           Job began  at 14:28:54.650  on 03/14/2017
|           Setup done at 14:28:54.738  on 03/14/2017
|           Run   done at 14:32:40.530  on 03/14/2017
|     wallclock() was called   44070 times
