
          -------------------------------------------------------
          Amber 16 SANDER                              2016
          -------------------------------------------------------

| Run on 03/14/2017 at 14:32:41

|   Executable path: sander.MPI
| Working directory: /home/steboss/projects/mdgx-tests/alanine/IPOLQ/input/PhiPsi_1/210/90
|          Hostname: node006

  [-O]verwriting output

File Assignments:
|  MDIN: equil.in                                                              
| MDOUT: Conf90.eq.out                                                         
|INPCRD: Conf90.min                                                            
|  PARM: Conf90.top                                                            
|RESTRT: Conf90.rst                                                            
|  REFC: Conf90.crd                                                            
| MDVEL: mdvel                                                                 
| MDFRC: mdfrc                                                                 
|  MDEN: mden                                                                  
| MDCRD: mdcrd                                                                 
|MDINFO: mdinfo                                                                
|  MTMD: mtmd                                                                  
|INPDIP: inpdip                                                                
|RSTDIP: rstdip                                                                
|INPTRA: inptraj                                                               

|    REMLOG: rem.log
|   REMTYPE: rem.type
|  REMSTRIP: 
|   SAVEENE: saveene
|CLUSTERINF: cluster.info
| RESERVOIR: reserv/frame
|   REMDDIM: 


 Here is the input file:

Equilibrate water in NPT                                                       
 &cntrl                                                                        
                                                                               
  nmropt = 0,                                                                  
  ntx    = 1,       irest  = 0,       ntrx   = 1,      ntxo   = 1,             
  ntpr   = 1000,    ntwx   = 1000,    ntwv   = 0,      ntwe   = 1000,          
  iwrap  = 0,       ioutfm = 1,                                                
                                                                               
  ntf    = 2,       ntb    = 2,                                                
  cut = 9.0,                                                                   
                                                                               
  ibelly = 0,       ntr    = 1,                                                
  restraintmask = ':1',                                                        
  restraint_wt = 100.0,                                                        
                                                                               
  imin   = 0,                                                                  
  nstlim = 10000,                                                              
  nscm   = 1000,                                                               
  t      = 0.0,     dt     = 0.002,                                            
                                                                               
  temp0     = 298.0,   tempi  = 0.0,                                           
  ig        = -1,                                                              
  ntt       = 3,                                                               
  gamma_ln  = 3.0,                                                             
                                                                               
  ntp    = 1,       pres0  = 1.0,     comp   = 44.6,                           
  taup   = 1.0,                                                                
                                                                               
  ntc    = 2,       tol    = 0.000001, watnam = 'WAT ',                        
                                                                               
 &end                                                                          

--------------------------------------------------------------------------------
   1.  RESOURCE   USE: 
--------------------------------------------------------------------------------

| Flags: MPI                                                                    
 getting new box info from bottom of inpcrd
|  INFO: Old style inpcrd file read

| peek_ewald_inpcrd: Box info found
|Largest sphere to fit in unit cell has radius =    14.439
| New format PARM file being parsed.
| Version =    1.000 Date = 03/14/17 Time = 13:38:55
 NATOM  =    2818 NTYPES =       9 NBONH =    2808 MBONA  =       9
 NTHETH =      25 MTHETA =      11 NPHIH =      43 MPHIA  =      24
 NHPARM =       0 NPARM  =       0 NNB   =    3827 NRES   =     935
 NBONA  =       9 NTHETA =      11 NPHIA =      24 NUMBND =      10
 NUMANG =      16 NPTRA  =      19 NATYP =       9 NPHB   =       1
 IFBOX  =       2 NMXRS  =      10 IFCAP =       0 NEXTRA =       0
 NCOPY  =       0


|     Memory Use     Allocated
|     Real              292498
|     Hollerith           9391
|     Integer            87256
|     Max Pairs         312562
|     nblistReal         33816
|     nblist Int         86161
|       Total             4484 kbytes

| Note: 1-4 EEL scale factors are being read from the topology file.

| Note: 1-4 VDW scale factors are being read from the topology file.
| Duplicated    0 dihedrals
| Duplicated    0 dihedrals

     BOX TYPE: TRUNCATED OCTAHEDRON
Note: ig = -1. Setting random seed to   890843 based on wallclock time in microseconds
      and disabling the synchronization of random numbers between tasks
      to improve performance.

--------------------------------------------------------------------------------
   2.  CONTROL  DATA  FOR  THE  RUN
--------------------------------------------------------------------------------

default_name                                                                    

General flags:
     imin    =       0, nmropt  =       0

Nature and format of input:
     ntx     =       1, irest   =       0, ntrx    =       1

Nature and format of output:
     ntxo    =       1, ntpr    =    1000, ntrx    =       1, ntwr    =   10000
     iwrap   =       0, ntwx    =    1000, ntwv    =       0, ntwe    =    1000
     ioutfm  =       1, ntwprt  =       0, idecomp =       0, rbornstat=      0

Potential function:
     ntf     =       2, ntb     =       2, igb     =       0, nsnb    =      25
     ipol    =       0, gbsa    =       0, iesp    =       0
     dielc   =   1.00000, cut     =   9.00000, intdiel =   1.00000

Frozen or restrained atoms:
     ibelly  =       0, ntr     =       1
     restraint_wt = 100.00000

Molecular dynamics:
     nstlim  =     10000, nscm    =         0, nrespa  =         1
     t       =   0.00000, dt      =   0.00200, vlimit  =  20.00000

Langevin dynamics temperature regulation:
     ig      =  890843
     temp0   = 298.00000, tempi   =   0.00000, gamma_ln=   3.00000

Pressure regulation:
     ntp     =       1
     pres0   =   1.00000, comp    =  44.60000, taup    =   1.00000

SHAKE:
     ntc     =       2, jfastw  =       0
     tol     =   0.00000

Ewald parameters:
     verbose =       0, ew_type =       0, nbflag  =       1, use_pme =       1
     vdwmeth =       1, eedmeth =       1, netfrc  =       1
     Box X =   35.367   Box Y =   35.367   Box Z =   35.367
     Alpha =  109.471   Beta  =  109.471   Gamma =  109.471
     NFFT1 =   36       NFFT2 =   36       NFFT3 =   36
     Cutoff=    9.000   Tol   =0.100E-04
     Ewald Coefficient =  0.30768
     Interpolation order =    4

| MPI Timing options:
|      profile_mpi =        0

    LOADING THE CONSTRAINED ATOMS AS GROUPS


   5.  REFERENCE ATOM COORDINATES

  defa
     Mask :1; matches     6 atoms

--------------------------------------------------------------------------------
   3.  ATOMIC COORDINATES AND VELOCITIES
--------------------------------------------------------------------------------

defa                                                                            
 begin time read from input coords =     0.000 ps

 Number of triangulated 3-point waters found:      932
|  Atom division among processors:
|         0     352     706    1060    1411    1762    2116    2467
|      2818

     Sum of charges from parm topology file =  -0.00000000
     Forcing neutrality...
|  Running AMBER/MPI version on    8 nodes


--------------------------------------------------------------------------------
   4.  RESULTS
--------------------------------------------------------------------------------

|  # of SOLUTE  degrees of freedom (RNDFP):    5646.
|  # of SOLVENT degrees of freedom (RNDFS):       0.
|  NDFMIN =    5646.     NUM_NOSHAKE =      0     CORRECTED RNDFP =    5646.
|  TOTAL # of degrees of freedom (RNDF) =    5646.
 ---------------------------------------------------
 APPROXIMATING switch and d/dx switch using CUBIC SPLINE INTERPOLATION
 using   5000.0 points per unit in tabled values
 TESTING RELATIVE ERROR over r ranging from 0.0 to cutoff
| CHECK switch(x): max rel err =   0.2738E-14   at   2.422500
| CHECK d/dx switch(x): max rel err =   0.8314E-11   at   2.736960
 ---------------------------------------------------
| Local SIZE OF NONBOND LIST =      91011
| TOTAL SIZE OF NONBOND LIST =     650339

 NSTEP =        0   TIME(PS) =       0.000  TEMP(K) =     0.00  PRESS = -5183.3
 Etot   =    -12355.4638  EKtot   =         0.0000  EPtot      =    -12355.4638
 BOND   =         0.6652  ANGLE   =         1.0863  DIHED      =         8.8203
 1-4 NB =         2.8360  1-4 EEL =        46.8565  VDWAALS    =      2214.7288
 EELEC  =    -14630.6029  EHBOND  =         0.0000  RESTRAINT  =         0.1461
 EAMBER (non-restraint)  =    -12355.6099
 EKCMT  =         0.0000  VIRIAL  =      3811.1807  VOLUME     =     34054.4186
                                                    Density    =         0.8258
 Ewald error estimate:   0.1360E-03
 ------------------------------------------------------------------------------


 NSTEP =     1000   TIME(PS) =       2.000  TEMP(K) =   296.24  PRESS =  -521.4
 Etot   =     -7176.2199  EKtot   =      1661.8333  EPtot      =     -8838.0532
 BOND   =         2.2097  ANGLE   =         7.0821  DIHED      =         9.3702
 1-4 NB =         2.1532  1-4 EEL =        44.3331  VDWAALS    =      1353.0668
 EELEC  =    -10257.8436  EHBOND  =         0.0000  RESTRAINT  =         1.5754
 EAMBER (non-restraint)  =     -8839.6286
 EKCMT  =       829.0848  VIRIAL  =      1179.3710  VOLUME     =     31116.6573
                                                    Density    =         0.9038
 Ewald error estimate:   0.1239E-04
 ------------------------------------------------------------------------------


 NSTEP =     2000   TIME(PS) =       4.000  TEMP(K) =   294.69  PRESS =    -2.6
 Etot   =     -7247.2968  EKtot   =      1653.1579  EPtot      =     -8900.4546
 BOND   =         2.4000  ANGLE   =         6.2513  DIHED      =        11.2530
 1-4 NB =         5.2907  1-4 EEL =        47.6928  VDWAALS    =      1387.0508
 EELEC  =    -10364.3202  EHBOND  =         0.0000  RESTRAINT  =         3.9269
 EAMBER (non-restraint)  =     -8904.3815
 EKCMT  =       822.5092  VIRIAL  =       824.1946  VOLUME     =     29819.0373
                                                    Density    =         0.9431
 Ewald error estimate:   0.2963E-03
 ------------------------------------------------------------------------------


 NSTEP =     3000   TIME(PS) =       6.000  TEMP(K) =   300.90  PRESS =   501.3
 Etot   =     -7177.1869  EKtot   =      1688.0039  EPtot      =     -8865.1908
 BOND   =         2.3432  ANGLE   =        11.3465  DIHED      =        12.0819
 1-4 NB =         3.3564  1-4 EEL =        47.9746  VDWAALS    =      1410.0535
 EELEC  =    -10353.7371  EHBOND  =         0.0000  RESTRAINT  =         1.3901
 EAMBER (non-restraint)  =     -8866.5809
 EKCMT  =       816.4900  VIRIAL  =       500.7134  VOLUME     =     29172.3647
                                                    Density    =         0.9640
 Ewald error estimate:   0.2573E-04
 ------------------------------------------------------------------------------


 NSTEP =     4000   TIME(PS) =       8.000  TEMP(K) =   296.37  PRESS =  -345.4
 Etot   =     -7335.3662  EKtot   =      1662.5991  EPtot      =     -8997.9653
 BOND   =         4.6521  ANGLE   =         9.8263  DIHED      =        13.8829
 1-4 NB =         1.9150  1-4 EEL =        46.8057  VDWAALS    =      1316.9928
 EELEC  =    -10396.2903  EHBOND  =         0.0000  RESTRAINT  =         4.2501
 EAMBER (non-restraint)  =     -9002.2154
 EKCMT  =       820.4903  VIRIAL  =      1035.2029  VOLUME     =     28794.9443
                                                    Density    =         0.9766
 Ewald error estimate:   0.3115E-04
 ------------------------------------------------------------------------------


 NSTEP =     5000   TIME(PS) =      10.000  TEMP(K) =   294.76  PRESS =  -223.4
 Etot   =     -7269.7361  EKtot   =      1653.5614  EPtot      =     -8923.2975
 BOND   =         2.8439  ANGLE   =         8.6461  DIHED      =        13.4080
 1-4 NB =         3.6064  1-4 EEL =        43.1903  VDWAALS    =      1295.4998
 EELEC  =    -10293.3059  EHBOND  =         0.0000  RESTRAINT  =         2.8138
 EAMBER (non-restraint)  =     -8926.1114
 EKCMT  =       806.2545  VIRIAL  =       944.4761  VOLUME     =     28654.4770
                                                    Density    =         0.9814
 Ewald error estimate:   0.2569E-03
 ------------------------------------------------------------------------------


 NSTEP =     6000   TIME(PS) =      12.000  TEMP(K) =   302.61  PRESS =   -80.7
 Etot   =     -7166.4341  EKtot   =      1697.6162  EPtot      =     -8864.0504
 BOND   =         1.9306  ANGLE   =         6.5556  DIHED      =        12.2983
 1-4 NB =         2.3561  1-4 EEL =        42.5249  VDWAALS    =      1275.8909
 EELEC  =    -10207.1425  EHBOND  =         0.0000  RESTRAINT  =         1.5359
 EAMBER (non-restraint)  =     -8865.5863
 EKCMT  =       852.0580  VIRIAL  =       901.8397  VOLUME     =     28570.9420
                                                    Density    =         0.9843
 Ewald error estimate:   0.2151E-03
 ------------------------------------------------------------------------------


 NSTEP =     7000   TIME(PS) =      14.000  TEMP(K) =   290.55  PRESS =   -98.9
 Etot   =     -7284.3820  EKtot   =      1629.9667  EPtot      =     -8914.3487
 BOND   =         3.2969  ANGLE   =         8.5262  DIHED      =        10.7467
 1-4 NB =         2.8207  1-4 EEL =        42.0262  VDWAALS    =      1302.5182
 EELEC  =    -10287.8619  EHBOND  =         0.0000  RESTRAINT  =         3.5783
 EAMBER (non-restraint)  =     -8917.9269
 EKCMT  =       786.3034  VIRIAL  =       847.1811  VOLUME     =     28508.3620
                                                    Density    =         0.9864
 Ewald error estimate:   0.4976E-04
 ------------------------------------------------------------------------------


 NSTEP =     8000   TIME(PS) =      16.000  TEMP(K) =   293.41  PRESS =   -48.6
 Etot   =     -7281.0292  EKtot   =      1645.9667  EPtot      =     -8926.9959
 BOND   =         7.0935  ANGLE   =        10.4750  DIHED      =        10.1011
 1-4 NB =         3.0770  1-4 EEL =        43.2239  VDWAALS    =      1325.3297
 EELEC  =    -10331.0647  EHBOND  =         0.0000  RESTRAINT  =         4.7686
 EAMBER (non-restraint)  =     -8931.7645
 EKCMT  =       823.0781  VIRIAL  =       853.2375  VOLUME     =     28749.0497
                                                    Density    =         0.9782
 Ewald error estimate:   0.3701E-04
 ------------------------------------------------------------------------------


 NSTEP =     9000   TIME(PS) =      18.000  TEMP(K) =   302.11  PRESS =  -474.6
 Etot   =     -7278.1200  EKtot   =      1694.7855  EPtot      =     -8972.9055
 BOND   =         5.1905  ANGLE   =         7.7818  DIHED      =        10.1545
 1-4 NB =         3.2573  1-4 EEL =        44.3737  VDWAALS    =      1281.4085
 EELEC  =    -10329.7122  EHBOND  =         0.0000  RESTRAINT  =         4.6405
 EAMBER (non-restraint)  =     -8977.5460
 EKCMT  =       837.5572  VIRIAL  =      1131.0822  VOLUME     =     28645.9163
                                                    Density    =         0.9817
 Ewald error estimate:   0.1483E-03
 ------------------------------------------------------------------------------


 NSTEP =    10000   TIME(PS) =      20.000  TEMP(K) =   296.09  PRESS =   245.6
 Etot   =     -7312.8510  EKtot   =      1660.9915  EPtot      =     -8973.8425
 BOND   =         1.6455  ANGLE   =         6.2542  DIHED      =        11.5864
 1-4 NB =         3.1710  1-4 EEL =        47.2325  VDWAALS    =      1393.0698
 EELEC  =    -10440.7839  EHBOND  =         0.0000  RESTRAINT  =         3.9820
 EAMBER (non-restraint)  =     -8977.8246
 EKCMT  =       827.0222  VIRIAL  =       674.8919  VOLUME     =     28685.2630
                                                    Density    =         0.9804
 Ewald error estimate:   0.1293E-03
 ------------------------------------------------------------------------------


      A V E R A G E S   O V E R   10000 S T E P S


 NSTEP =    10000   TIME(PS) =      20.000  TEMP(K) =   292.79  PRESS =  -191.3
 Etot   =     -7299.6887  EKtot   =      1642.5150  EPtot      =     -8942.2037
 BOND   =         3.0808  ANGLE   =         8.1569  DIHED      =        10.9962
 1-4 NB =         3.1339  1-4 EEL =        45.6420  VDWAALS    =      1341.4303
 EELEC  =    -10357.7995  EHBOND  =         0.0000  RESTRAINT  =         3.1558
 EAMBER (non-restraint)  =     -8945.3595
 EKCMT  =       816.8814  VIRIAL  =       946.1963  VOLUME     =     29306.2507
                                                    Density    =         0.9611
 Ewald error estimate:   0.1905E-03
 ------------------------------------------------------------------------------


      R M S  F L U C T U A T I O N S


 NSTEP =    10000   TIME(PS) =      20.000  TEMP(K) =    26.34  PRESS =   444.2
 Etot   =       320.1929  EKtot   =       147.7522  EPtot      =       179.5116
 BOND   =         1.4353  ANGLE   =         2.2994  DIHED      =         1.2696
 1-4 NB =         0.7212  1-4 EEL =         2.0388  VDWAALS    =        89.9399
 EELEC  =       260.4308  EHBOND  =         0.0000  RESTRAINT  =         1.2968
 EAMBER (non-restraint)  =       178.2149
 EKCMT  =        71.5252  VIRIAL  =       268.8606  VOLUME     =      1199.9538
                                                    Density    =         0.0364
 Ewald error estimate:   0.1433E-03
 ------------------------------------------------------------------------------


--------------------------------------------------------------------------------
   5.  TIMINGS
--------------------------------------------------------------------------------

|>>>>>>>>PROFILE of Average TIMES>>>>>>>>> 
|                Build the list             9.62 (97.02% of List )
|                Other                      0.30 ( 2.98% of List )
|             List time                  9.92 ( 9.23% of Nonbo)
|                   Short_ene time            61.76 (96.30% of Direc)
|                   Other                      2.38 ( 3.70% of Direc)
|                Direct Ewald time         64.14 (65.76% of Ewald)
|                Adjust Ewald time          0.34 ( 0.35% of Ewald)
|                   Fill Bspline coeffs        1.84 ( 8.06% of Recip)
|                   Fill charge grid           1.21 ( 5.31% of Recip)
|                   Scalar sum                 5.52 (24.17% of Recip)
|                   Grad sum                   2.70 (11.83% of Recip)
|                      FFT back comm time         2.05 (19.62% of FFT t)
|                      Other                      8.40 (80.38% of FFT t)
|                   FFT time                  10.45 (45.76% of Recip)
|                   Other                      1.11 ( 4.86% of Recip)
|                Recip Ewald time          22.83 (23.41% of Ewald)
|                Force Adjust               9.68 ( 9.93% of Ewald)
|                Virial junk                0.48 ( 0.49% of Ewald)
|                Other                      0.05 ( 0.05% of Ewald)
|             Ewald time                97.53 (90.76% of Nonbo)
|             Other                      0.01 ( 0.01% of Nonbo)
|          Nonbond force            107.46 (98.66% of Force)
|          Bond/Angle/Dihedral        0.15 ( 0.14% of Force)
|          FRC Collect time           1.00 ( 0.92% of Force)
|          Other                      0.30 ( 0.28% of Force)
|       Force time               108.92 (93.49% of Runmd)
|       Shake time                 0.40 ( 0.34% of Runmd)
|       Verlet update time         4.09 ( 3.51% of Runmd)
|       Ekcmr time                 1.63 ( 1.40% of Runmd)
|       CRD distribute time        0.56 ( 0.48% of Runmd)
|       Other                      0.91 ( 0.78% of Runmd)
|    Runmd Time               116.50 (100.0% of Total)
|    Other                      0.12 ( 0.10% of Total)
| Total time               116.62 (100.0% of ALL  )

| Number of list builds   :        907

| Highest rstack allocated:      39316
| Highest istack allocated:        834

| Final Performance Info:
| -----------------------------------------------------
| Average timings for all steps:
|     Elapsed(s) =     116.73 Per Step(ms) =      11.67
|         ns/day =      14.80   seconds/ns =    5836.58
| -----------------------------------------------------

|           Job began  at 14:32:41.842  on 03/14/2017
|           Setup done at 14:32:41.958  on 03/14/2017
|           Run   done at 14:34:38.507  on 03/14/2017
|     wallclock() was called  571881 times
