
          -------------------------------------------------------
          Amber 16 SANDER                              2016
          -------------------------------------------------------

| Run on 03/14/2017 at 15:42:09

|   Executable path: sander.MPI
| Working directory: /home/steboss/projects/mdgx-tests/alanine/IPOLQ/input/PhiPsi_1/90/180
|          Hostname: node005

  [-O]verwriting output

File Assignments:
|  MDIN: equil.in                                                              
| MDOUT: Conf180.eq.out                                                        
|INPCRD: Conf180.min                                                           
|  PARM: Conf180.top                                                           
|RESTRT: Conf180.rst                                                           
|  REFC: Conf180.crd                                                           
| MDVEL: mdvel                                                                 
| MDFRC: mdfrc                                                                 
|  MDEN: mden                                                                  
| MDCRD: mdcrd                                                                 
|MDINFO: mdinfo                                                                
|  MTMD: mtmd                                                                  
|INPDIP: inpdip                                                                
|RSTDIP: rstdip                                                                
|INPTRA: inptraj                                                               

|    REMLOG: rem.log
|   REMTYPE: rem.type
|  REMSTRIP: 
|   SAVEENE: saveene
|CLUSTERINF: cluster.info
| RESERVOIR: reserv/frame
|   REMDDIM: 


 Here is the input file:

Equilibrate water in NPT                                                       
 &cntrl                                                                        
                                                                               
  nmropt = 0,                                                                  
  ntx    = 1,       irest  = 0,       ntrx   = 1,      ntxo   = 1,             
  ntpr   = 1000,    ntwx   = 1000,    ntwv   = 0,      ntwe   = 1000,          
  iwrap  = 0,       ioutfm = 1,                                                
                                                                               
  ntf    = 2,       ntb    = 2,                                                
  cut = 9.0,                                                                   
                                                                               
  ibelly = 0,       ntr    = 1,                                                
  restraintmask = ':1',                                                        
  restraint_wt = 100.0,                                                        
                                                                               
  imin   = 0,                                                                  
  nstlim = 10000,                                                              
  nscm   = 1000,                                                               
  t      = 0.0,     dt     = 0.002,                                            
                                                                               
  temp0     = 298.0,   tempi  = 0.0,                                           
  ig        = -1,                                                              
  ntt       = 3,                                                               
  gamma_ln  = 3.0,                                                             
                                                                               
  ntp    = 1,       pres0  = 1.0,     comp   = 44.6,                           
  taup   = 1.0,                                                                
                                                                               
  ntc    = 2,       tol    = 0.000001, watnam = 'WAT ',                        
                                                                               
 &end                                                                          

--------------------------------------------------------------------------------
   1.  RESOURCE   USE: 
--------------------------------------------------------------------------------

| Flags: MPI                                                                    
 getting new box info from bottom of inpcrd
|  INFO: Old style inpcrd file read

| peek_ewald_inpcrd: Box info found
|Largest sphere to fit in unit cell has radius =    14.575
| New format PARM file being parsed.
| Version =    1.000 Date = 03/14/17 Time = 13:40:43
 NATOM  =    2905 NTYPES =       9 NBONH =    2895 MBONA  =       9
 NTHETH =      25 MTHETA =      11 NPHIH =      43 MPHIA  =      24
 NHPARM =       0 NPARM  =       0 NNB   =    3943 NRES   =     964
 NBONA  =       9 NTHETA =      11 NPHIA =      24 NUMBND =      10
 NUMANG =      16 NPTRA  =      19 NATYP =       9 NPHB   =       1
 IFBOX  =       2 NMXRS  =      10 IFCAP =       0 NEXTRA =       0
 NCOPY  =       0


|     Memory Use     Allocated
|     Real              298849
|     Hollerith           9681
|     Integer            89228
|     Max Pairs         322212
|     nblistReal         34860
|     nblist Int         88191
|       Total             4596 kbytes

| Note: 1-4 EEL scale factors are being read from the topology file.

| Note: 1-4 VDW scale factors are being read from the topology file.
| Duplicated    0 dihedrals
| Duplicated    0 dihedrals

     BOX TYPE: TRUNCATED OCTAHEDRON
Note: ig = -1. Setting random seed to   818072 based on wallclock time in microseconds
      and disabling the synchronization of random numbers between tasks
      to improve performance.

--------------------------------------------------------------------------------
   2.  CONTROL  DATA  FOR  THE  RUN
--------------------------------------------------------------------------------

default_name                                                                    

General flags:
     imin    =       0, nmropt  =       0

Nature and format of input:
     ntx     =       1, irest   =       0, ntrx    =       1

Nature and format of output:
     ntxo    =       1, ntpr    =    1000, ntrx    =       1, ntwr    =   10000
     iwrap   =       0, ntwx    =    1000, ntwv    =       0, ntwe    =    1000
     ioutfm  =       1, ntwprt  =       0, idecomp =       0, rbornstat=      0

Potential function:
     ntf     =       2, ntb     =       2, igb     =       0, nsnb    =      25
     ipol    =       0, gbsa    =       0, iesp    =       0
     dielc   =   1.00000, cut     =   9.00000, intdiel =   1.00000

Frozen or restrained atoms:
     ibelly  =       0, ntr     =       1
     restraint_wt = 100.00000

Molecular dynamics:
     nstlim  =     10000, nscm    =         0, nrespa  =         1
     t       =   0.00000, dt      =   0.00200, vlimit  =  20.00000

Langevin dynamics temperature regulation:
     ig      =  818072
     temp0   = 298.00000, tempi   =   0.00000, gamma_ln=   3.00000

Pressure regulation:
     ntp     =       1
     pres0   =   1.00000, comp    =  44.60000, taup    =   1.00000

SHAKE:
     ntc     =       2, jfastw  =       0
     tol     =   0.00000

Ewald parameters:
     verbose =       0, ew_type =       0, nbflag  =       1, use_pme =       1
     vdwmeth =       1, eedmeth =       1, netfrc  =       1
     Box X =   35.701   Box Y =   35.701   Box Z =   35.701
     Alpha =  109.471   Beta  =  109.471   Gamma =  109.471
     NFFT1 =   36       NFFT2 =   36       NFFT3 =   36
     Cutoff=    9.000   Tol   =0.100E-04
     Ewald Coefficient =  0.30768
     Interpolation order =    4

| MPI Timing options:
|      profile_mpi =        0

    LOADING THE CONSTRAINED ATOMS AS GROUPS


   5.  REFERENCE ATOM COORDINATES

  defa
     Mask :1; matches     6 atoms

--------------------------------------------------------------------------------
   3.  ATOMIC COORDINATES AND VELOCITIES
--------------------------------------------------------------------------------

defa                                                                            
 begin time read from input coords =     0.000 ps

 Number of triangulated 3-point waters found:      961
|  Atom division among processors:
|         0     364     727    1090    1453    1816    2179    2542
|      2905

     Sum of charges from parm topology file =  -0.00000000
     Forcing neutrality...
|  Running AMBER/MPI version on    8 nodes


--------------------------------------------------------------------------------
   4.  RESULTS
--------------------------------------------------------------------------------

|  # of SOLUTE  degrees of freedom (RNDFP):    5820.
|  # of SOLVENT degrees of freedom (RNDFS):       0.
|  NDFMIN =    5820.     NUM_NOSHAKE =      0     CORRECTED RNDFP =    5820.
|  TOTAL # of degrees of freedom (RNDF) =    5820.
 ---------------------------------------------------
 APPROXIMATING switch and d/dx switch using CUBIC SPLINE INTERPOLATION
 using   5000.0 points per unit in tabled values
 TESTING RELATIVE ERROR over r ranging from 0.0 to cutoff
| CHECK switch(x): max rel err =   0.2738E-14   at   2.422500
| CHECK d/dx switch(x): max rel err =   0.8314E-11   at   2.736960
 ---------------------------------------------------
| Local SIZE OF NONBOND LIST =      94517
| TOTAL SIZE OF NONBOND LIST =     672784

 NSTEP =        0   TIME(PS) =       0.000  TEMP(K) =     0.00  PRESS = -5329.0
 Etot   =    -12777.1243  EKtot   =         0.0000  EPtot      =    -12777.1243
 BOND   =         0.6530  ANGLE   =         3.3270  DIHED      =         8.8004
 1-4 NB =         2.1116  1-4 EEL =        43.9110  VDWAALS    =      2272.3770
 EELEC  =    -15108.4440  EHBOND  =         0.0000  RESTRAINT  =         0.1397
 EAMBER (non-restraint)  =    -12777.2640
 EKCMT  =         0.0000  VIRIAL  =      4030.1738  VOLUME     =     35027.0825
                                                    Density    =         0.8276
 Ewald error estimate:   0.2356E-04
 ------------------------------------------------------------------------------


 NSTEP =     1000   TIME(PS) =       2.000  TEMP(K) =   297.95  PRESS =  -598.9
 Etot   =     -7398.2865  EKtot   =      1722.9821  EPtot      =     -9121.2685
 BOND   =         2.6733  ANGLE   =         7.1203  DIHED      =        10.6795
 1-4 NB =         3.3588  1-4 EEL =        48.5704  VDWAALS    =      1386.5579
 EELEC  =    -10582.7062  EHBOND  =         0.0000  RESTRAINT  =         2.4774
 EAMBER (non-restraint)  =     -9123.7460
 EKCMT  =       865.8999  VIRIAL  =      1281.3949  VOLUME     =     32131.1422
                                                    Density    =         0.9022
 Ewald error estimate:   0.1326E-03
 ------------------------------------------------------------------------------


 NSTEP =     2000   TIME(PS) =       4.000  TEMP(K) =   305.96  PRESS =  -397.4
 Etot   =     -7372.9928  EKtot   =      1769.2963  EPtot      =     -9142.2892
 BOND   =         1.3323  ANGLE   =         8.6632  DIHED      =        10.1775
 1-4 NB =         2.2124  1-4 EEL =        46.2424  VDWAALS    =      1349.6982
 EELEC  =    -10565.2650  EHBOND  =         0.0000  RESTRAINT  =         4.6498
 EAMBER (non-restraint)  =     -9146.9389
 EKCMT  =       863.0418  VIRIAL  =      1125.1239  VOLUME     =     30541.5434
                                                    Density    =         0.9492
 Ewald error estimate:   0.2331E-03
 ------------------------------------------------------------------------------


 NSTEP =     3000   TIME(PS) =       6.000  TEMP(K) =   297.56  PRESS =    47.9
 Etot   =     -7391.2980  EKtot   =      1720.7213  EPtot      =     -9112.0193
 BOND   =         4.3759  ANGLE   =        11.4047  DIHED      =        11.6550
 1-4 NB =         2.6397  1-4 EEL =        41.8598  VDWAALS    =      1356.8416
 EELEC  =    -10546.8553  EHBOND  =         0.0000  RESTRAINT  =         6.0592
 EAMBER (non-restraint)  =     -9118.0785
 EKCMT  =       858.5326  VIRIAL  =       827.5476  VOLUME     =     29945.3972
                                                    Density    =         0.9681
 Ewald error estimate:   0.4231E-04
 ------------------------------------------------------------------------------


 NSTEP =     4000   TIME(PS) =       8.000  TEMP(K) =   290.91  PRESS =   445.5
 Etot   =     -7554.7025  EKtot   =      1682.2248  EPtot      =     -9236.9273
 BOND   =         2.6727  ANGLE   =         7.2584  DIHED      =        10.8360
 1-4 NB =         2.5061  1-4 EEL =        45.1317  VDWAALS    =      1446.9200
 EELEC  =    -10755.5148  EHBOND  =         0.0000  RESTRAINT  =         3.2626
 EAMBER (non-restraint)  =     -9240.1899
 EKCMT  =       858.7607  VIRIAL  =       575.3061  VOLUME     =     29469.4904
                                                    Density    =         0.9837
 Ewald error estimate:   0.2051E-03
 ------------------------------------------------------------------------------


 NSTEP =     5000   TIME(PS) =      10.000  TEMP(K) =   299.50  PRESS =  -346.6
 Etot   =     -7527.6119  EKtot   =      1731.9325  EPtot      =     -9259.5445
 BOND   =         2.4999  ANGLE   =         7.5392  DIHED      =         9.8605
 1-4 NB =         2.1666  1-4 EEL =        43.6510  VDWAALS    =      1337.0243
 EELEC  =    -10665.0377  EHBOND  =         0.0000  RESTRAINT  =         2.7517
 EAMBER (non-restraint)  =     -9262.2961
 EKCMT  =       859.5082  VIRIAL  =      1079.4409  VOLUME     =     29386.7991
                                                    Density    =         0.9865
 Ewald error estimate:   0.1277E-03
 ------------------------------------------------------------------------------


 NSTEP =     6000   TIME(PS) =      12.000  TEMP(K) =   297.58  PRESS =   159.7
 Etot   =     -7468.1354  EKtot   =      1720.8437  EPtot      =     -9188.9791
 BOND   =         4.5135  ANGLE   =        10.1801  DIHED      =        11.6264
 1-4 NB =         2.8344  1-4 EEL =        43.6228  VDWAALS    =      1379.6934
 EELEC  =    -10644.8074  EHBOND  =         0.0000  RESTRAINT  =         3.3578
 EAMBER (non-restraint)  =     -9192.3369
 EKCMT  =       834.9517  VIRIAL  =       734.2259  VOLUME     =     29214.3242
                                                    Density    =         0.9923
 Ewald error estimate:   0.1380E-03
 ------------------------------------------------------------------------------


 NSTEP =     7000   TIME(PS) =      14.000  TEMP(K) =   298.43  PRESS =   237.7
 Etot   =     -7495.5188  EKtot   =      1725.7631  EPtot      =     -9221.2819
 BOND   =         2.6307  ANGLE   =         7.8923  DIHED      =        12.0107
 1-4 NB =         2.4189  1-4 EEL =        43.8917  VDWAALS    =      1399.4653
 EELEC  =    -10692.1823  EHBOND  =         0.0000  RESTRAINT  =         2.5908
 EAMBER (non-restraint)  =     -9223.8727
 EKCMT  =       858.5492  VIRIAL  =       708.1241  VOLUME     =     29313.8850
                                                    Density    =         0.9889
 Ewald error estimate:   0.1831E-03
 ------------------------------------------------------------------------------


 NSTEP =     8000   TIME(PS) =      16.000  TEMP(K) =   293.14  PRESS =    64.9
 Etot   =     -7462.6638  EKtot   =      1695.1681  EPtot      =     -9157.8319
 BOND   =         3.0081  ANGLE   =        10.2816  DIHED      =        11.0628
 1-4 NB =         2.8612  1-4 EEL =        44.3812  VDWAALS    =      1340.7861
 EELEC  =    -10573.4988  EHBOND  =         0.0000  RESTRAINT  =         3.2861
 EAMBER (non-restraint)  =     -9161.1180
 EKCMT  =       866.0624  VIRIAL  =       825.1357  VOLUME     =     29209.9992
                                                    Density    =         0.9924
 Ewald error estimate:   0.7266E-04
 ------------------------------------------------------------------------------


 NSTEP =     9000   TIME(PS) =      18.000  TEMP(K) =   296.65  PRESS =   565.8
 Etot   =     -7455.1410  EKtot   =      1715.4616  EPtot      =     -9170.6026
 BOND   =         5.3515  ANGLE   =         5.1662  DIHED      =        14.0736
 1-4 NB =         3.9487  1-4 EEL =        46.3755  VDWAALS    =      1398.8772
 EELEC  =    -10646.4647  EHBOND  =         0.0000  RESTRAINT  =         2.0695
 EAMBER (non-restraint)  =     -9172.6721
 EKCMT  =       868.9099  VIRIAL  =       513.3205  VOLUME     =     29107.7838
                                                    Density    =         0.9959
 Ewald error estimate:   0.2418E-03
 ------------------------------------------------------------------------------


 NSTEP =    10000   TIME(PS) =      20.000  TEMP(K) =   300.76  PRESS =   119.1
 Etot   =     -7499.7008  EKtot   =      1739.2311  EPtot      =     -9238.9319
 BOND   =         2.4245  ANGLE   =         8.3265  DIHED      =        12.6953
 1-4 NB =         2.7469  1-4 EEL =        44.8777  VDWAALS    =      1385.3759
 EELEC  =    -10702.4322  EHBOND  =         0.0000  RESTRAINT  =         7.0534
 EAMBER (non-restraint)  =     -9245.9853
 EKCMT  =       883.5741  VIRIAL  =       808.2387  VOLUME     =     29302.4337
                                                    Density    =         0.9893
 Ewald error estimate:   0.5566E-03
 ------------------------------------------------------------------------------


      A V E R A G E S   O V E R   10000 S T E P S


 NSTEP =    10000   TIME(PS) =      20.000  TEMP(K) =   293.10  PRESS =  -199.0
 Etot   =     -7543.1362  EKtot   =      1694.9052  EPtot      =     -9238.0413
 BOND   =         3.1912  ANGLE   =         9.3846  DIHED      =        11.5169
 1-4 NB =         2.9284  1-4 EEL =        45.2179  VDWAALS    =      1383.3567
 EELEC  =    -10696.6753  EHBOND  =         0.0000  RESTRAINT  =         3.0383
 EAMBER (non-restraint)  =     -9241.0796
 EKCMT  =       843.1257  VIRIAL  =       981.0376  VOLUME     =     30027.0740
                                                    Density    =         0.9671
 Ewald error estimate:   0.1956E-03
 ------------------------------------------------------------------------------


      R M S  F L U C T U A T I O N S


 NSTEP =    10000   TIME(PS) =      20.000  TEMP(K) =    26.26  PRESS =   434.1
 Etot   =       323.7530  EKtot   =       151.8605  EPtot      =       179.7911
 BOND   =         1.4784  ANGLE   =         2.3618  DIHED      =         1.4500
 1-4 NB =         0.6746  1-4 EEL =         1.7947  VDWAALS    =        90.0346
 EELEC  =       259.5883  EHBOND  =         0.0000  RESTRAINT  =         1.2235
 EAMBER (non-restraint)  =       178.5676
 EKCMT  =        73.5772  VIRIAL  =       269.7452  VOLUME     =      1298.5423
                                                    Density    =         0.0386
 Ewald error estimate:   0.1444E-03
 ------------------------------------------------------------------------------


--------------------------------------------------------------------------------
   5.  TIMINGS
--------------------------------------------------------------------------------

|>>>>>>>>PROFILE of Average TIMES>>>>>>>>> 
|                Build the list             7.53 (97.68% of List )
|                Other                      0.18 ( 2.32% of List )
|             List time                  7.71 ( 9.35% of Nonbo)
|                   Short_ene time            45.40 (96.76% of Direc)
|                   Other                      1.52 ( 3.24% of Direc)
|                Direct Ewald time         46.92 (62.81% of Ewald)
|                Adjust Ewald time          0.24 ( 0.32% of Ewald)
|                   Fill Bspline coeffs        0.96 ( 5.78% of Recip)
|                   Fill charge grid           0.86 ( 5.19% of Recip)
|                   Scalar sum                 4.30 (26.04% of Recip)
|                   Grad sum                   1.82 (11.00% of Recip)
|                      FFT back comm time         1.28 (17.44% of FFT t)
|                      Other                      6.06 (82.56% of FFT t)
|                   FFT time                   7.35 (44.45% of Recip)
|                   Other                      1.25 ( 7.53% of Recip)
|                Recip Ewald time          16.53 (22.12% of Ewald)
|                Force Adjust              10.70 (14.33% of Ewald)
|                Virial junk                0.28 ( 0.37% of Ewald)
|                Other                      0.03 ( 0.04% of Ewald)
|             Ewald time                74.69 (90.64% of Nonbo)
|             Other                      0.00 ( 0.01% of Nonbo)
|          Nonbond force             82.41 (98.90% of Force)
|          Bond/Angle/Dihedral        0.09 ( 0.11% of Force)
|          FRC Collect time           0.67 ( 0.80% of Force)
|          Other                      0.16 ( 0.19% of Force)
|       Force time                83.32 (90.75% of Runmd)
|       Shake time                 0.32 ( 0.35% of Runmd)
|       Verlet update time         3.52 ( 3.84% of Runmd)
|       Ekcmr time                 3.62 ( 3.95% of Runmd)
|       CRD distribute time        0.39 ( 0.42% of Runmd)
|       Other                      0.63 ( 0.69% of Runmd)
|    Runmd Time                91.81 (99.90% of Total)
|    Other                      0.09 ( 0.10% of Total)
| Total time                91.91 (100.0% of ALL  )

| Number of list builds   :        905

| Highest rstack allocated:      40018
| Highest istack allocated:        860

| Final Performance Info:
| -----------------------------------------------------
| Average timings for all steps:
|     Elapsed(s) =      92.04 Per Step(ms) =       9.20
|         ns/day =      18.78   seconds/ns =    4601.84
| -----------------------------------------------------

|           Job began  at 15:42:09.753  on 03/14/2017
|           Setup done at 15:42:09.850  on 03/14/2017
|           Run   done at 15:43:41.765  on 03/14/2017
|     wallclock() was called  571877 times
