
          -------------------------------------------------------
          Amber 16 SANDER                              2016
          -------------------------------------------------------

| Run on 03/14/2017 at 15:36:55

|   Executable path: sander.MPI
| Working directory: /home/steboss/projects/mdgx-tests/alanine/IPOLQ/input/PhiPsi_1/90/105
|          Hostname: node011

  [-O]verwriting output

File Assignments:
|  MDIN: min.in                                                                
| MDOUT: Conf105.min.out                                                       
|INPCRD: Conf105.crd                                                           
|  PARM: Conf105.top                                                           
|RESTRT: Conf105.min                                                           
|  REFC: Conf105.crd                                                           
| MDVEL: mdvel                                                                 
| MDFRC: mdfrc                                                                 
|  MDEN: mden                                                                  
| MDCRD: mdcrd                                                                 
|MDINFO: mdinfo                                                                
|  MTMD: mtmd                                                                  
|INPDIP: inpdip                                                                
|RSTDIP: rstdip                                                                
|INPTRA: inptraj                                                               

|    REMLOG: rem.log
|   REMTYPE: rem.type
|  REMSTRIP: 
|   SAVEENE: saveene
|CLUSTERINF: cluster.info
| RESERVOIR: reserv/frame
|   REMDDIM: 


 Here is the input file:

Initial minimization                                                           
 &cntrl                                                                        
  ntx    = 1,       irest  = 0,       ntrx   = 1,      ntxo   = 1,             
  ntpr   = 20,      ntwx   = 0,       ntwv   = 0,      ntwe   = 0,             
                                                                               
  ntf    = 1,       ntb    = 1,                                                
  ntc    = 1,       ntr    = 1,                                                
  restraintmask = ':1',                                                        
  restraint_wt = 100.0,                                                        
  cut    = 9.0,                                                                
                                                                               
  imin   = 1,                                                                  
  maxcyc = 1000,                                                               
  ncyc   = 100,                                                                
                                                                               
 &end                                                                          

--------------------------------------------------------------------------------
   1.  RESOURCE   USE: 
--------------------------------------------------------------------------------

| Flags: MPI                                                                    
 getting new box info from bottom of inpcrd
|  INFO: Old style inpcrd file read

| peek_ewald_inpcrd: Box info found
|Largest sphere to fit in unit cell has radius =    14.522
| New format PARM file being parsed.
| Version =    1.000 Date = 03/14/17 Time = 13:40:41
 NATOM  =    2890 NTYPES =       9 NBONH =    2880 MBONA  =       9
 NTHETH =      25 MTHETA =      11 NPHIH =      43 MPHIA  =      24
 NHPARM =       0 NPARM  =       0 NNB   =    3923 NRES   =     959
 NBONA  =       9 NTHETA =      11 NPHIA =      24 NUMBND =      10
 NUMANG =      16 NPTRA  =      19 NATYP =       9 NPHB   =       1
 IFBOX  =       2 NMXRS  =      10 IFCAP =       0 NEXTRA =       0
 NCOPY  =       0


|     Memory Use     Allocated
|     Real              332634
|     Hollerith           9631
|     Integer            88888
|     Max Pairs         320548
|     nblistReal         34680
|     nblist Int         87841
|       Total             4849 kbytes

| Note: 1-4 EEL scale factors are being read from the topology file.

| Note: 1-4 VDW scale factors are being read from the topology file.
| Duplicated    0 dihedrals
| Duplicated    0 dihedrals

     BOX TYPE: TRUNCATED OCTAHEDRON

--------------------------------------------------------------------------------
   2.  CONTROL  DATA  FOR  THE  RUN
--------------------------------------------------------------------------------

default_name                                                                    

General flags:
     imin    =       1, nmropt  =       0

Nature and format of input:
     ntx     =       1, irest   =       0, ntrx    =       1

Nature and format of output:
     ntxo    =       1, ntpr    =      20, ntrx    =       1, ntwr    =       1
     iwrap   =       0, ntwx    =       0, ntwv    =       0, ntwe    =       0
     ioutfm  =       1, ntwprt  =       0, idecomp =       0, rbornstat=      0

Potential function:
     ntf     =       1, ntb     =       1, igb     =       0, nsnb    =      25
     ipol    =       0, gbsa    =       0, iesp    =       0
     dielc   =   1.00000, cut     =   9.00000, intdiel =   1.00000

Frozen or restrained atoms:
     ibelly  =       0, ntr     =       1
     restraint_wt = 100.00000

Energy minimization:
     maxcyc  =    1000, ncyc    =     100, ntmin   =       1
     dx0     =   0.01000, drms    =   0.00010

Ewald parameters:
     verbose =       0, ew_type =       0, nbflag  =       1, use_pme =       1
     vdwmeth =       1, eedmeth =       1, netfrc  =       0
     Box X =   35.571   Box Y =   35.571   Box Z =   35.571
     Alpha =  109.471   Beta  =  109.471   Gamma =  109.471
     NFFT1 =   36       NFFT2 =   36       NFFT3 =   36
     Cutoff=    9.000   Tol   =0.100E-04
     Ewald Coefficient =  0.30768
     Interpolation order =    4

| MPI Timing options:
|      profile_mpi =        0

    LOADING THE CONSTRAINED ATOMS AS GROUPS


   5.  REFERENCE ATOM COORDINATES

  defa
     Mask :1; matches     6 atoms

--------------------------------------------------------------------------------
   3.  ATOMIC COORDINATES AND VELOCITIES
--------------------------------------------------------------------------------

default_name                                                                    
 begin time read from input coords =     0.000 ps

 Number of triangulated 3-point waters found:      956
|  Atom division among processors:
|         0     361     724    1084    1444    1807    2167    2527
|      2890

     Sum of charges from parm topology file =  -0.00000000
     Forcing neutrality...
|  Running AMBER/MPI version on    8 nodes


--------------------------------------------------------------------------------
   4.  RESULTS
--------------------------------------------------------------------------------

 ---------------------------------------------------
 APPROXIMATING switch and d/dx switch using CUBIC SPLINE INTERPOLATION
 using   5000.0 points per unit in tabled values
 TESTING RELATIVE ERROR over r ranging from 0.0 to cutoff
| CHECK switch(x): max rel err =   0.2738E-14   at   2.422500
| CHECK d/dx switch(x): max rel err =   0.8314E-11   at   2.736960
 ---------------------------------------------------
| Local SIZE OF NONBOND LIST =      92073
| TOTAL SIZE OF NONBOND LIST =     671428


   NSTEP       ENERGY          RMS            GMAX         NAME    NUMBER
      1      -8.0729E+03     1.2234E+01     6.1686E+01     O         299

 BOND    =        0.6298  ANGLE   =        2.6114  DIHED      =       12.2775
 VDWAALS =      914.0836  EEL     =    -9048.8319  HBOND      =        0.0000
 1-4 VDW =        2.1592  1-4 EEL =       44.2009  RESTRAINT  =        0.0000


   NSTEP       ENERGY          RMS            GMAX         NAME    NUMBER
     20      -8.9330E+03     2.7734E+00     2.0089E+01     O         380

 BOND    =      473.0942  ANGLE   =        2.5583  DIHED      =       12.1943
 VDWAALS =      865.5238  EEL     =   -10332.6408  HBOND      =        0.0000
 1-4 VDW =        2.1518  1-4 EEL =       44.1181  RESTRAINT  =        0.0285
 EAMBER  =    -8933.0004


   NSTEP       ENERGY          RMS            GMAX         NAME    NUMBER
     40      -9.6062E+03     2.1367E+00     9.4069E+00     H1       2403

 BOND    =      504.1208  ANGLE   =        2.5960  DIHED      =       12.0179
 VDWAALS =      908.1558  EEL     =   -11079.3919  HBOND      =        0.0000
 1-4 VDW =        2.1301  1-4 EEL =       44.1127  RESTRAINT  =        0.0621
 EAMBER  =    -9606.2586


   NSTEP       ENERGY          RMS            GMAX         NAME    NUMBER
     60      -9.8446E+03     3.3766E+00     1.0510E+01     H1       2769

 BOND    =      499.1082  ANGLE   =        2.6194  DIHED      =       11.9206
 VDWAALS =      942.9676  EEL     =   -11347.5180  HBOND      =        0.0000
 1-4 VDW =        2.1156  1-4 EEL =       44.1337  RESTRAINT  =        0.0680
 EAMBER  =    -9844.6529


   NSTEP       ENERGY          RMS            GMAX         NAME    NUMBER
     80      -1.0019E+04     1.1674E+00     5.6270E+00     H2       2161

 BOND    =      592.6778  ANGLE   =        2.6354  DIHED      =       11.8445
 VDWAALS =      977.1032  EEL     =   -11649.5883  HBOND      =        0.0000
 1-4 VDW =        2.1072  1-4 EEL =       44.1671  RESTRAINT  =        0.0728
 EAMBER  =   -10019.0532


   NSTEP       ENERGY          RMS            GMAX         NAME    NUMBER
    100      -1.0138E+04     9.3253E-01     4.3986E+00     H1        837

 BOND    =      599.0542  ANGLE   =        2.6447  DIHED      =       11.7824
 VDWAALS =     1010.9426  EEL     =   -11808.3989  HBOND      =        0.0000
 1-4 VDW =        2.1021  1-4 EEL =       44.2079  RESTRAINT  =        0.0767
 EAMBER  =   -10137.6649


   NSTEP       ENERGY          RMS            GMAX         NAME    NUMBER
    120      -1.0615E+04     4.3593E+00     9.4512E+01     H2        430

 BOND    =      736.5455  ANGLE   =        2.7690  DIHED      =       11.3859
 VDWAALS =     1402.1507  EEL     =   -12814.6925  HBOND      =        0.0000
 1-4 VDW =        2.1162  1-4 EEL =       44.6368  RESTRAINT  =        0.1025
 EAMBER  =   -10615.0883


   NSTEP       ENERGY          RMS            GMAX         NAME    NUMBER
    140      -1.0776E+04     1.5321E+00     2.2983E+01     H2       2161

 BOND    =      734.3679  ANGLE   =        2.7035  DIHED      =       11.3214
 VDWAALS =     1410.5163  EEL     =   -12981.4530  HBOND      =        0.0000
 1-4 VDW =        2.1166  1-4 EEL =       44.7733  RESTRAINT  =        0.1069
 EAMBER  =   -10775.6540


   NSTEP       ENERGY          RMS            GMAX         NAME    NUMBER
    160      -1.0879E+04     1.6111E+00     2.0243E+01     O        2702

 BOND    =      694.5694  ANGLE   =        2.7267  DIHED      =       11.2671
 VDWAALS =     1430.3050  EEL     =   -13065.2746  HBOND      =        0.0000
 1-4 VDW =        2.1097  1-4 EEL =       44.7929  RESTRAINT  =        0.0982
 EAMBER  =   -10879.5038


   NSTEP       ENERGY          RMS            GMAX         NAME    NUMBER
    180      -1.0985E+04     9.7505E-01     2.0259E+01     H          18

 BOND    =      741.9434  ANGLE   =        3.7732  DIHED      =       11.2900
 VDWAALS =     1568.5368  EEL     =   -13357.6433  HBOND      =        0.0000
 1-4 VDW =        2.2331  1-4 EEL =       44.5579  RESTRAINT  =        0.1193
 EAMBER  =   -10985.3089


   NSTEP       ENERGY          RMS            GMAX         NAME    NUMBER
    200      -1.1083E+04     1.1292E+00     2.3628E+01     CH3        19

 BOND    =      761.4743  ANGLE   =        4.0893  DIHED      =       11.2880
 VDWAALS =     1602.6582  EEL     =   -13508.5193  HBOND      =        0.0000
 1-4 VDW =        2.0296  1-4 EEL =       44.1742  RESTRAINT  =        0.1088
 EAMBER  =   -11082.8058


   NSTEP       ENERGY          RMS            GMAX         NAME    NUMBER
    220      -1.1127E+04     1.2468E+00     3.5894E+01     CH3        19

 BOND    =      761.6482  ANGLE   =        4.9852  DIHED      =       11.2266
 VDWAALS =     1633.8088  EEL     =   -13584.5313  HBOND      =        0.0000
 1-4 VDW =        2.0103  1-4 EEL =       44.1183  RESTRAINT  =        0.1621
 EAMBER  =   -11126.7338


   NSTEP       ENERGY          RMS            GMAX         NAME    NUMBER
    240      -1.1192E+04     1.3488E+00     3.1296E+01     C           5

 BOND    =      798.0059  ANGLE   =        2.9477  DIHED      =       11.2898
 VDWAALS =     1686.9902  EEL     =   -13738.1871  HBOND      =        0.0000
 1-4 VDW =        2.1336  1-4 EEL =       44.8139  RESTRAINT  =        0.1750
 EAMBER  =   -11192.0060


   NSTEP       ENERGY          RMS            GMAX         NAME    NUMBER
    260      -1.1228E+04     1.0493E+00     2.2738E+01     H          18

 BOND    =      782.5950  ANGLE   =        3.7889  DIHED      =       11.3224
 VDWAALS =     1716.3306  EEL     =   -13789.0198  HBOND      =        0.0000
 1-4 VDW =        2.1970  1-4 EEL =       44.7588  RESTRAINT  =        0.1400
 EAMBER  =   -11228.0271


   NSTEP       ENERGY          RMS            GMAX         NAME    NUMBER
    280      -1.1269E+04     1.0179E+00     2.9919E+01     C          15

 BOND    =      793.8541  ANGLE   =        3.6784  DIHED      =       11.3676
 VDWAALS =     1778.5154  EEL     =   -13903.2958  HBOND      =        0.0000
 1-4 VDW =        2.1267  1-4 EEL =       44.3399  RESTRAINT  =        0.1278
 EAMBER  =   -11269.4137


   NSTEP       ENERGY          RMS            GMAX         NAME    NUMBER
    300      -1.1313E+04     6.0356E-01     1.1779E+01     CA          9

 BOND    =      805.0599  ANGLE   =        2.9433  DIHED      =       11.3079
 VDWAALS =     1796.5340  EEL     =   -13974.7900  HBOND      =        0.0000
 1-4 VDW =        1.9243  1-4 EEL =       44.2875  RESTRAINT  =        0.0873
 EAMBER  =   -11312.7330


   NSTEP       ENERGY          RMS            GMAX         NAME    NUMBER
    320      -1.1340E+04     9.1786E-01     2.4208E+01     C          15

 BOND    =      803.0489  ANGLE   =        2.9019  DIHED      =       11.3419
 VDWAALS =     1824.4662  EEL     =   -14028.2424  HBOND      =        0.0000
 1-4 VDW =        1.8726  1-4 EEL =       44.0678  RESTRAINT  =        0.1040
 EAMBER  =   -11340.5432


   NSTEP       ENERGY          RMS            GMAX         NAME    NUMBER
    340      -1.1391E+04     4.8526E-01     1.2690E+01     O        2567

 BOND    =      817.6464  ANGLE   =        2.9733  DIHED      =       11.3378
 VDWAALS =     1872.8764  EEL     =   -14142.3092  HBOND      =        0.0000
 1-4 VDW =        2.0094  1-4 EEL =       44.5058  RESTRAINT  =        0.0880
 EAMBER  =   -11390.9600


   NSTEP       ENERGY          RMS            GMAX         NAME    NUMBER
    360      -1.1419E+04     5.9976E-01     2.0479E+01     C          15

 BOND    =      822.0341  ANGLE   =        3.4125  DIHED      =       11.4456
 VDWAALS =     1899.1972  EEL     =   -14201.4572  HBOND      =        0.0000
 1-4 VDW =        2.0792  1-4 EEL =       44.3275  RESTRAINT  =        0.0980
 EAMBER  =   -11418.9611


   NSTEP       ENERGY          RMS            GMAX         NAME    NUMBER
    380      -1.1442E+04     4.9784E-01     8.2226E+00     C          15

 BOND    =      833.3464  ANGLE   =        3.3577  DIHED      =       11.4660
 VDWAALS =     1926.8822  EEL     =   -14263.1425  HBOND      =        0.0000
 1-4 VDW =        2.0910  1-4 EEL =       43.8252  RESTRAINT  =        0.1539
 EAMBER  =   -11442.1739


   NSTEP       ENERGY          RMS            GMAX         NAME    NUMBER
    400      -1.1469E+04     1.0876E+00     3.7970E+01     O          16

 BOND    =      841.2253  ANGLE   =        3.5073  DIHED      =       11.8037
 VDWAALS =     1956.6095  EEL     =   -14328.2819  HBOND      =        0.0000
 1-4 VDW =        1.8900  1-4 EEL =       44.4452  RESTRAINT  =        0.2132
 EAMBER  =   -11468.8010


   NSTEP       ENERGY          RMS            GMAX         NAME    NUMBER
    420      -1.1488E+04     6.1422E-01     1.3621E+01     C          15

 BOND    =      832.9560  ANGLE   =        3.0686  DIHED      =       11.3659
 VDWAALS =     1964.1437  EEL     =   -14346.7588  HBOND      =        0.0000
 1-4 VDW =        1.9728  1-4 EEL =       44.6406  RESTRAINT  =        0.1154
 EAMBER  =   -11488.6111


   NSTEP       ENERGY          RMS            GMAX         NAME    NUMBER
    440      -1.1501E+04     4.8465E-01     1.0118E+01     N          17

 BOND    =      846.0804  ANGLE   =        3.2345  DIHED      =       11.4236
 VDWAALS =     1975.9450  EEL     =   -14384.6914  HBOND      =        0.0000
 1-4 VDW =        1.9966  1-4 EEL =       44.7625  RESTRAINT  =        0.2350
 EAMBER  =   -11501.2488


   NSTEP       ENERGY          RMS            GMAX         NAME    NUMBER
    460      -1.1527E+04     5.9081E-01     1.7473E+01     C          15

 BOND    =      845.0061  ANGLE   =        3.4212  DIHED      =       11.4410
 VDWAALS =     2008.2290  EEL     =   -14442.1095  HBOND      =        0.0000
 1-4 VDW =        2.1220  1-4 EEL =       44.2544  RESTRAINT  =        0.1643
 EAMBER  =   -11527.6359


   NSTEP       ENERGY          RMS            GMAX         NAME    NUMBER
    480      -1.1541E+04     3.2535E-01     6.5751E+00     C           5

 BOND    =      850.4764  ANGLE   =        3.0714  DIHED      =       11.3863
 VDWAALS =     2019.1726  EEL     =   -14471.7225  HBOND      =        0.0000
 1-4 VDW =        2.0785  1-4 EEL =       44.1238  RESTRAINT  =        0.0846
 EAMBER  =   -11541.4134


   NSTEP       ENERGY          RMS            GMAX         NAME    NUMBER
    500      -1.1560E+04     8.6781E-01     2.3064E+01     O           6

 BOND    =      858.4759  ANGLE   =        3.6100  DIHED      =       11.6092
 VDWAALS =     2045.5700  EEL     =   -14525.1360  HBOND      =        0.0000
 1-4 VDW =        1.9364  1-4 EEL =       44.0906  RESTRAINT  =        0.2361
 EAMBER  =   -11559.8439


   NSTEP       ENERGY          RMS            GMAX         NAME    NUMBER
    520      -1.1574E+04     4.7948E-01     1.1493E+01     C           5

 BOND    =      853.1968  ANGLE   =        2.8275  DIHED      =       11.3846
 VDWAALS =     2049.5491  EEL     =   -14537.5585  HBOND      =        0.0000
 1-4 VDW =        1.9993  1-4 EEL =       44.4512  RESTRAINT  =        0.1079
 EAMBER  =   -11574.1500


   NSTEP       ENERGY          RMS            GMAX         NAME    NUMBER
    540      -1.1583E+04     9.6723E-01     3.6033E+01     C          15

 BOND    =      859.9243  ANGLE   =        3.7374  DIHED      =       11.4932
 VDWAALS =     2059.9260  EEL     =   -14564.7084  HBOND      =        0.0000
 1-4 VDW =        2.0673  1-4 EEL =       44.6049  RESTRAINT  =        0.3822
 EAMBER  =   -11582.9553


   NSTEP       ENERGY          RMS            GMAX         NAME    NUMBER
    560      -1.1601E+04     6.1692E-01     1.3103E+01     C          15

 BOND    =      857.0216  ANGLE   =        3.3789  DIHED      =       11.4913
 VDWAALS =     2077.2348  EEL     =   -14596.5544  HBOND      =        0.0000
 1-4 VDW =        2.0803  1-4 EEL =       44.3449  RESTRAINT  =        0.1887
 EAMBER  =   -11601.0026


   NSTEP       ENERGY          RMS            GMAX         NAME    NUMBER
    580      -1.1610E+04     3.7992E-01     8.4013E+00     N          17

 BOND    =      863.2585  ANGLE   =        3.0174  DIHED      =       11.3871
 VDWAALS =     2084.4371  EEL     =   -14618.9112  HBOND      =        0.0000
 1-4 VDW =        2.0819  1-4 EEL =       44.1416  RESTRAINT  =        0.1140
 EAMBER  =   -11610.5877


   NSTEP       ENERGY          RMS            GMAX         NAME    NUMBER
    600      -1.1626E+04     6.5592E-01     1.5948E+01     N          17

 BOND    =      870.6478  ANGLE   =        3.7219  DIHED      =       11.6718
 VDWAALS =     2103.5036  EEL     =   -14661.4177  HBOND      =        0.0000
 1-4 VDW =        2.0045  1-4 EEL =       43.8789  RESTRAINT  =        0.3450
 EAMBER  =   -11625.9892


   NSTEP       ENERGY          RMS            GMAX         NAME    NUMBER
    620      -1.1638E+04     3.5838E-01     7.8801E+00     N          17

 BOND    =      865.3005  ANGLE   =        2.8577  DIHED      =       11.4295
 VDWAALS =     2106.3091  EEL     =   -14670.0333  HBOND      =        0.0000
 1-4 VDW =        2.0291  1-4 EEL =       44.2950  RESTRAINT  =        0.1059
 EAMBER  =   -11637.8122


   NSTEP       ENERGY          RMS            GMAX         NAME    NUMBER
    640      -1.1645E+04     5.3717E-01     1.4945E+01     C          15

 BOND    =      873.3313  ANGLE   =        3.3029  DIHED      =       11.4762
 VDWAALS =     2112.7378  EEL     =   -14692.6232  HBOND      =        0.0000
 1-4 VDW =        2.0494  1-4 EEL =       44.6691  RESTRAINT  =        0.4293
 EAMBER  =   -11645.0566


   NSTEP       ENERGY          RMS            GMAX         NAME    NUMBER
    660      -1.1660E+04     4.5988E-01     1.0207E+01     C          15

 BOND    =      869.8112  ANGLE   =        3.4116  DIHED      =       11.5454
 VDWAALS =     2127.7392  EEL     =   -14719.5946  HBOND      =        0.0000
 1-4 VDW =        2.0884  1-4 EEL =       44.3575  RESTRAINT  =        0.2725
 EAMBER  =   -11660.6412


   NSTEP       ENERGY          RMS            GMAX         NAME    NUMBER
    680      -1.1667E+04     3.4146E-01     9.2823E+00     CB         11

 BOND    =      874.0612  ANGLE   =        2.9476  DIHED      =       11.4562
 VDWAALS =     2132.2815  EEL     =   -14734.3688  HBOND      =        0.0000
 1-4 VDW =        2.0714  1-4 EEL =       44.0971  RESTRAINT  =        0.1033
 EAMBER  =   -11667.4538


   NSTEP       ENERGY          RMS            GMAX         NAME    NUMBER
    700      -1.1681E+04     5.2104E-01     1.1879E+01     N          17

 BOND    =      878.2420  ANGLE   =        3.3469  DIHED      =       11.7961
 VDWAALS =     2148.5606  EEL     =   -14769.1113  HBOND      =        0.0000
 1-4 VDW =        1.9895  1-4 EEL =       43.8344  RESTRAINT  =        0.4081
 EAMBER  =   -11681.3419


   NSTEP       ENERGY          RMS            GMAX         NAME    NUMBER
    720      -1.1692E+04     2.7314E-01     7.0605E+00     N          17

 BOND    =      876.5146  ANGLE   =        2.8578  DIHED      =       11.5019
 VDWAALS =     2150.6182  EEL     =   -14779.7227  HBOND      =        0.0000
 1-4 VDW =        2.0660  1-4 EEL =       44.1718  RESTRAINT  =        0.1076
 EAMBER  =   -11691.9923


   NSTEP       ENERGY          RMS            GMAX         NAME    NUMBER
    740      -1.1698E+04     3.3827E-01     1.0386E+01     CH3         2

 BOND    =      881.4080  ANGLE   =        2.8704  DIHED      =       11.5044
 VDWAALS =     2153.2236  EEL     =   -14793.8831  HBOND      =        0.0000
 1-4 VDW =        2.1211  1-4 EEL =       44.5153  RESTRAINT  =        0.4106
 EAMBER  =   -11698.2402


   NSTEP       ENERGY          RMS            GMAX         NAME    NUMBER
    760      -1.1711E+04     4.7011E-01     1.0916E+01     N          17

 BOND    =      880.6356  ANGLE   =        2.9890  DIHED      =       11.4888
 VDWAALS =     2161.0919  EEL     =   -14814.5297  HBOND      =        0.0000
 1-4 VDW =        2.1676  1-4 EEL =       44.4312  RESTRAINT  =        0.4858
 EAMBER  =   -11711.7256


   NSTEP       ENERGY          RMS            GMAX         NAME    NUMBER
    780      -1.1718E+04     2.3874E-01     9.0873E+00     N          17

 BOND    =      882.2255  ANGLE   =        2.7729  DIHED      =       11.5581
 VDWAALS =     2165.7285  EEL     =   -14826.7474  HBOND      =        0.0000
 1-4 VDW =        2.0920  1-4 EEL =       44.1802  RESTRAINT  =        0.1686
 EAMBER  =   -11718.1902


   NSTEP       ENERGY          RMS            GMAX         NAME    NUMBER
    800      -1.1731E+04     5.9215E-01     1.5105E+01     H1       2046

 BOND    =      886.3413  ANGLE   =        2.5607  DIHED      =       11.7801
 VDWAALS =     2182.2559  EEL     =   -14860.9860  HBOND      =        0.0000
 1-4 VDW =        2.0021  1-4 EEL =       44.2886  RESTRAINT  =        0.2835
 EAMBER  =   -11731.7574


   NSTEP       ENERGY          RMS            GMAX         NAME    NUMBER
    820      -1.1743E+04     3.6093E-01     9.4829E+00     N           7

 BOND    =      885.2238  ANGLE   =        2.7976  DIHED      =       11.5179
 VDWAALS =     2184.3462  EEL     =   -14873.3669  HBOND      =        0.0000
 1-4 VDW =        2.1656  1-4 EEL =       44.3051  RESTRAINT  =        0.1636
 EAMBER  =   -11743.0107


   NSTEP       ENERGY          RMS            GMAX         NAME    NUMBER
    840      -1.1749E+04     3.7616E-01     1.2488E+01     CH3        19

 BOND    =      890.0990  ANGLE   =        2.9186  DIHED      =       11.4909
 VDWAALS =     2186.5762  EEL     =   -14886.9085  HBOND      =        0.0000
 1-4 VDW =        2.1846  1-4 EEL =       44.3868  RESTRAINT  =        0.3684
 EAMBER  =   -11749.2525


   NSTEP       ENERGY          RMS            GMAX         NAME    NUMBER
    860      -1.1757E+04     4.7330E-01     1.1143E+01     H2       2047

 BOND    =      888.2967  ANGLE   =        2.8584  DIHED      =       11.5218
 VDWAALS =     2193.7628  EEL     =   -14899.7160  HBOND      =        0.0000
 1-4 VDW =        2.1609  1-4 EEL =       44.1656  RESTRAINT  =        0.1874
 EAMBER  =   -11756.9498


   NSTEP       ENERGY          RMS            GMAX         NAME    NUMBER
    880      -1.1763E+04     3.6270E-01     1.0308E+01     CB         11

 BOND    =      887.9046  ANGLE   =        2.7768  DIHED      =       11.5520
 VDWAALS =     2198.0895  EEL     =   -14909.5062  HBOND      =        0.0000
 1-4 VDW =        2.1508  1-4 EEL =       44.1575  RESTRAINT  =        0.1175
 EAMBER  =   -11762.8751


   NSTEP       ENERGY          RMS            GMAX         NAME    NUMBER
    900      -1.1770E+04     3.9899E-01     8.8930E+00     O          16

 BOND    =      893.3343  ANGLE   =        2.7013  DIHED      =       11.7125
 VDWAALS =     2205.0277  EEL     =   -14929.1196  HBOND      =        0.0000
 1-4 VDW =        2.0941  1-4 EEL =       44.1794  RESTRAINT  =        0.1752
 EAMBER  =   -11770.0704


   NSTEP       ENERGY          RMS            GMAX         NAME    NUMBER
    920      -1.1775E+04     3.3891E-01     9.9718E+00     C           5

 BOND    =      893.6235  ANGLE   =        2.6191  DIHED      =       11.5893
 VDWAALS =     2206.8277  EEL     =   -14936.2070  HBOND      =        0.0000
 1-4 VDW =        2.1637  1-4 EEL =       44.3742  RESTRAINT  =        0.1256
 EAMBER  =   -11775.0095


   NSTEP       ENERGY          RMS            GMAX         NAME    NUMBER
    940      -1.1779E+04     6.0077E-01     1.4122E+01     C          15

 BOND    =      887.0258  ANGLE   =        2.9240  DIHED      =       11.5516
 VDWAALS =     2208.3069  EEL     =   -14935.8170  HBOND      =        0.0000
 1-4 VDW =        2.2460  1-4 EEL =       44.2540  RESTRAINT  =        0.2850
 EAMBER  =   -11779.5087


   NSTEP       ENERGY          RMS            GMAX         NAME    NUMBER
    960      -1.1786E+04     4.0625E-01     9.7707E+00     C           5

 BOND    =      892.7662  ANGLE   =        2.7153  DIHED      =       11.5364
 VDWAALS =     2211.3271  EEL     =   -14951.0430  HBOND      =        0.0000
 1-4 VDW =        2.2186  1-4 EEL =       44.2660  RESTRAINT  =        0.1641
 EAMBER  =   -11786.2133


   NSTEP       ENERGY          RMS            GMAX         NAME    NUMBER
    980      -1.1791E+04     4.8259E-01     1.0965E+01     C          15

 BOND    =      891.0858  ANGLE   =        2.7492  DIHED      =       11.5696
 VDWAALS =     2213.3774  EEL     =   -14956.0335  HBOND      =        0.0000
 1-4 VDW =        2.1677  1-4 EEL =       44.3246  RESTRAINT  =        0.1156
 EAMBER  =   -11790.7592


   NSTEP       ENERGY          RMS            GMAX         NAME    NUMBER
   1000      -1.1798E+04     4.8002E-01     1.1501E+01     O           6

 BOND    =      897.1854  ANGLE   =        2.7508  DIHED      =       11.8031
 VDWAALS =     2216.3747  EEL     =   -14972.1603  HBOND      =        0.0000
 1-4 VDW =        2.1118  1-4 EEL =       44.0943  RESTRAINT  =        0.3379
 EAMBER  =   -11797.8402


  Maximum number of minimization cycles reached.


                    FINAL RESULTS



   NSTEP       ENERGY          RMS            GMAX         NAME    NUMBER
   1000      -1.1798E+04     4.8002E-01     1.1501E+01     O           6

 BOND    =      897.1854  ANGLE   =        2.7508  DIHED      =       11.8031
 VDWAALS =     2216.3747  EEL     =   -14972.1603  HBOND      =        0.0000
 1-4 VDW =        2.1118  1-4 EEL =       44.0943  RESTRAINT  =        0.3379
 EAMBER  =   -11797.8402

--------------------------------------------------------------------------------
   5.  TIMINGS
--------------------------------------------------------------------------------

|                Build the list             0.07 (58.71% of List )
|                Other                      0.05 (41.29% of List )
|             List time                  0.12 ( 1.24% of Nonbo)
|                   Short_ene time             5.68 (96.07% of Direc)
|                   Other                      0.23 ( 3.93% of Direc)
|                Direct Ewald time          5.91 (60.01% of Ewald)
|                Adjust Ewald time          0.03 ( 0.31% of Ewald)
|                Self Ewald time            0.00 ( 0.02% of Ewald)
|                   Fill Bspline coeffs        0.15 ( 4.65% of Recip)
|                   Fill charge grid           0.12 ( 3.69% of Recip)
|                   Scalar sum                 0.47 (14.19% of Recip)
|                   Grad sum                   0.27 ( 8.21% of Recip)
|                      FFT back comm time         0.94 (42.24% of FFT t)
|                      Other                      1.28 (57.76% of FFT t)
|                   FFT time                   2.21 (67.43% of Recip)
|                   Other                      0.06 ( 1.83% of Recip)
|                Recip Ewald time           3.28 (33.34% of Ewald)
|                Force Adjust               0.47 ( 4.74% of Ewald)
|                Virial junk                0.15 ( 1.52% of Ewald)
|                Start synchronizatio       0.00 ( 0.01% of Ewald)
|                Other                      0.01 ( 0.06% of Ewald)
|             Ewald time                 9.85 (98.75% of Nonbo)
|             Other                      0.00 ( 0.01% of Nonbo)
|          Nonbond force              9.98 (89.99% of Force)
|          Bond/Angle/Dihedral        0.04 ( 0.35% of Force)
|          FRC Collect time           0.23 ( 2.06% of Force)
|          Other                      0.84 ( 7.61% of Force)
|       Force time                11.09 (100.0% of Runmd)
|    Runmd Time                11.09 ( 5.76% of Total)
|    Other                    181.51 (94.24% of Total)
| Total time               192.60 (100.0% of ALL  )

| Highest rstack allocated:      39910
| Highest istack allocated:        856
|           Job began  at 15:36:55.771  on 03/14/2017
|           Setup done at 15:36:55.897  on 03/14/2017
|           Run   done at 15:40:08.373  on 03/14/2017
|     wallclock() was called   44068 times
