
          -------------------------------------------------------
          Amber 16 SANDER                              2016
          -------------------------------------------------------

| Run on 03/14/2017 at 14:10:39

|   Executable path: sander.MPI
| Working directory: /home/steboss/projects/mdgx-tests/alanine/IPOLQ/input/PhiPsi_1/150/30
|          Hostname: node002

  [-O]verwriting output

File Assignments:
|  MDIN: equil.in                                                              
| MDOUT: Conf30.eq.out                                                         
|INPCRD: Conf30.min                                                            
|  PARM: Conf30.top                                                            
|RESTRT: Conf30.rst                                                            
|  REFC: Conf30.crd                                                            
| MDVEL: mdvel                                                                 
| MDFRC: mdfrc                                                                 
|  MDEN: mden                                                                  
| MDCRD: mdcrd                                                                 
|MDINFO: mdinfo                                                                
|  MTMD: mtmd                                                                  
|INPDIP: inpdip                                                                
|RSTDIP: rstdip                                                                
|INPTRA: inptraj                                                               

|    REMLOG: rem.log
|   REMTYPE: rem.type
|  REMSTRIP: 
|   SAVEENE: saveene
|CLUSTERINF: cluster.info
| RESERVOIR: reserv/frame
|   REMDDIM: 


 Here is the input file:

Equilibrate water in NPT                                                       
 &cntrl                                                                        
                                                                               
  nmropt = 0,                                                                  
  ntx    = 1,       irest  = 0,       ntrx   = 1,      ntxo   = 1,             
  ntpr   = 1000,    ntwx   = 1000,    ntwv   = 0,      ntwe   = 1000,          
  iwrap  = 0,       ioutfm = 1,                                                
                                                                               
  ntf    = 2,       ntb    = 2,                                                
  cut = 9.0,                                                                   
                                                                               
  ibelly = 0,       ntr    = 1,                                                
  restraintmask = ':1',                                                        
  restraint_wt = 100.0,                                                        
                                                                               
  imin   = 0,                                                                  
  nstlim = 10000,                                                              
  nscm   = 1000,                                                               
  t      = 0.0,     dt     = 0.002,                                            
                                                                               
  temp0     = 298.0,   tempi  = 0.0,                                           
  ig        = -1,                                                              
  ntt       = 3,                                                               
  gamma_ln  = 3.0,                                                             
                                                                               
  ntp    = 1,       pres0  = 1.0,     comp   = 44.6,                           
  taup   = 1.0,                                                                
                                                                               
  ntc    = 2,       tol    = 0.000001, watnam = 'WAT ',                        
                                                                               
 &end                                                                          

--------------------------------------------------------------------------------
   1.  RESOURCE   USE: 
--------------------------------------------------------------------------------

| Flags: MPI                                                                    
 getting new box info from bottom of inpcrd
|  INFO: Old style inpcrd file read

| peek_ewald_inpcrd: Box info found
|Largest sphere to fit in unit cell has radius =    14.574
| New format PARM file being parsed.
| Version =    1.000 Date = 03/14/17 Time = 13:38:20
 NATOM  =    2905 NTYPES =       9 NBONH =    2895 MBONA  =       9
 NTHETH =      25 MTHETA =      11 NPHIH =      43 MPHIA  =      24
 NHPARM =       0 NPARM  =       0 NNB   =    3943 NRES   =     964
 NBONA  =       9 NTHETA =      11 NPHIA =      24 NUMBND =      10
 NUMANG =      16 NPTRA  =      19 NATYP =       9 NPHB   =       1
 IFBOX  =       2 NMXRS  =      10 IFCAP =       0 NEXTRA =       0
 NCOPY  =       0


|     Memory Use     Allocated
|     Real              298849
|     Hollerith           9681
|     Integer            89228
|     Max Pairs         322212
|     nblistReal         34860
|     nblist Int         88191
|       Total             4596 kbytes

| Note: 1-4 EEL scale factors are being read from the topology file.

| Note: 1-4 VDW scale factors are being read from the topology file.
| Duplicated    0 dihedrals
| Duplicated    0 dihedrals

     BOX TYPE: TRUNCATED OCTAHEDRON
Note: ig = -1. Setting random seed to   885312 based on wallclock time in microseconds
      and disabling the synchronization of random numbers between tasks
      to improve performance.

--------------------------------------------------------------------------------
   2.  CONTROL  DATA  FOR  THE  RUN
--------------------------------------------------------------------------------

default_name                                                                    

General flags:
     imin    =       0, nmropt  =       0

Nature and format of input:
     ntx     =       1, irest   =       0, ntrx    =       1

Nature and format of output:
     ntxo    =       1, ntpr    =    1000, ntrx    =       1, ntwr    =   10000
     iwrap   =       0, ntwx    =    1000, ntwv    =       0, ntwe    =    1000
     ioutfm  =       1, ntwprt  =       0, idecomp =       0, rbornstat=      0

Potential function:
     ntf     =       2, ntb     =       2, igb     =       0, nsnb    =      25
     ipol    =       0, gbsa    =       0, iesp    =       0
     dielc   =   1.00000, cut     =   9.00000, intdiel =   1.00000

Frozen or restrained atoms:
     ibelly  =       0, ntr     =       1
     restraint_wt = 100.00000

Molecular dynamics:
     nstlim  =     10000, nscm    =         0, nrespa  =         1
     t       =   0.00000, dt      =   0.00200, vlimit  =  20.00000

Langevin dynamics temperature regulation:
     ig      =  885312
     temp0   = 298.00000, tempi   =   0.00000, gamma_ln=   3.00000

Pressure regulation:
     ntp     =       1
     pres0   =   1.00000, comp    =  44.60000, taup    =   1.00000

SHAKE:
     ntc     =       2, jfastw  =       0
     tol     =   0.00000

Ewald parameters:
     verbose =       0, ew_type =       0, nbflag  =       1, use_pme =       1
     vdwmeth =       1, eedmeth =       1, netfrc  =       1
     Box X =   35.698   Box Y =   35.698   Box Z =   35.698
     Alpha =  109.471   Beta  =  109.471   Gamma =  109.471
     NFFT1 =   36       NFFT2 =   36       NFFT3 =   36
     Cutoff=    9.000   Tol   =0.100E-04
     Ewald Coefficient =  0.30768
     Interpolation order =    4

| MPI Timing options:
|      profile_mpi =        0

    LOADING THE CONSTRAINED ATOMS AS GROUPS


   5.  REFERENCE ATOM COORDINATES

  defa
     Mask :1; matches     6 atoms

--------------------------------------------------------------------------------
   3.  ATOMIC COORDINATES AND VELOCITIES
--------------------------------------------------------------------------------

defa                                                                            
 begin time read from input coords =     0.000 ps

 Number of triangulated 3-point waters found:      961
|  Atom division among processors:
|         0     364     727    1090    1453    1816    2179    2542
|      2905

     Sum of charges from parm topology file =  -0.00000000
     Forcing neutrality...
|  Running AMBER/MPI version on    8 nodes


--------------------------------------------------------------------------------
   4.  RESULTS
--------------------------------------------------------------------------------

|  # of SOLUTE  degrees of freedom (RNDFP):    5820.
|  # of SOLVENT degrees of freedom (RNDFS):       0.
|  NDFMIN =    5820.     NUM_NOSHAKE =      0     CORRECTED RNDFP =    5820.
|  TOTAL # of degrees of freedom (RNDF) =    5820.
 ---------------------------------------------------
 APPROXIMATING switch and d/dx switch using CUBIC SPLINE INTERPOLATION
 using   5000.0 points per unit in tabled values
 TESTING RELATIVE ERROR over r ranging from 0.0 to cutoff
| CHECK switch(x): max rel err =   0.2738E-14   at   2.422500
| CHECK d/dx switch(x): max rel err =   0.8314E-11   at   2.736960
 ---------------------------------------------------
| Local SIZE OF NONBOND LIST =      96095
| TOTAL SIZE OF NONBOND LIST =     672895

 NSTEP =        0   TIME(PS) =       0.000  TEMP(K) =     0.00  PRESS = -5534.8
 Etot   =    -12707.0030  EKtot   =         0.0000  EPtot      =    -12707.0030
 BOND   =         0.5882  ANGLE   =         1.6964  DIHED      =        11.6113
 1-4 NB =         2.4923  1-4 EEL =        44.5449  VDWAALS    =      2222.6953
 EELEC  =    -14990.7209  EHBOND  =         0.0000  RESTRAINT  =         0.0895
 EAMBER (non-restraint)  =    -12707.0925
 EKCMT  =         0.0000  VIRIAL  =      4184.9127  VOLUME     =     35019.1904
                                                    Density    =         0.8278
 Ewald error estimate:   0.1093E-04
 ------------------------------------------------------------------------------


 NSTEP =     1000   TIME(PS) =       2.000  TEMP(K) =   285.73  PRESS =  -851.8
 Etot   =     -7536.0609  EKtot   =      1652.2751  EPtot      =     -9188.3360
 BOND   =         4.0511  ANGLE   =         8.8633  DIHED      =        12.0103
 1-4 NB =         4.5400  1-4 EEL =        44.0004  VDWAALS    =      1369.8997
 EELEC  =    -10633.9246  EHBOND  =         0.0000  RESTRAINT  =         2.2237
 EAMBER (non-restraint)  =     -9190.5597
 EKCMT  =       814.0408  VIRIAL  =      1400.2492  VOLUME     =     31873.2019
                                                    Density    =         0.9095
 Ewald error estimate:   0.4052E-03
 ------------------------------------------------------------------------------


 NSTEP =     2000   TIME(PS) =       4.000  TEMP(K) =   303.24  PRESS =  -503.6
 Etot   =     -7496.7325  EKtot   =      1753.5486  EPtot      =     -9250.2811
 BOND   =         1.1779  ANGLE   =         9.3804  DIHED      =        10.7079
 1-4 NB =         3.9809  1-4 EEL =        49.1361  VDWAALS    =      1351.9356
 EELEC  =    -10679.9007  EHBOND  =         0.0000  RESTRAINT  =         3.3007
 EAMBER (non-restraint)  =     -9253.5818
 EKCMT  =       891.0715  VIRIAL  =      1220.5908  VOLUME     =     30303.3714
                                                    Density    =         0.9566
 Ewald error estimate:   0.1708E-03
 ------------------------------------------------------------------------------


 NSTEP =     3000   TIME(PS) =       6.000  TEMP(K) =   304.71  PRESS =   557.0
 Etot   =     -7408.7429  EKtot   =      1762.0793  EPtot      =     -9170.8222
 BOND   =         1.4565  ANGLE   =         9.1313  DIHED      =        10.9404
 1-4 NB =         5.6190  1-4 EEL =        50.3717  VDWAALS    =      1421.2898
 EELEC  =    -10674.2127  EHBOND  =         0.0000  RESTRAINT  =         4.5817
 EAMBER (non-restraint)  =     -9175.4040
 EKCMT  =       910.2952  VIRIAL  =       554.6818  VOLUME     =     29570.4570
                                                    Density    =         0.9804
 Ewald error estimate:   0.5911E-04
 ------------------------------------------------------------------------------


 NSTEP =     4000   TIME(PS) =       8.000  TEMP(K) =   295.98  PRESS =  -129.4
 Etot   =     -7447.1319  EKtot   =      1711.5826  EPtot      =     -9158.7145
 BOND   =         2.1726  ANGLE   =         9.6949  DIHED      =        10.7146
 1-4 NB =         2.6047  1-4 EEL =        40.5309  VDWAALS    =      1353.6086
 EELEC  =    -10584.6290  EHBOND  =         0.0000  RESTRAINT  =         6.5881
 EAMBER (non-restraint)  =     -9165.3026
 EKCMT  =       841.1915  VIRIAL  =       923.8787  VOLUME     =     29603.9951
                                                    Density    =         0.9792
 Ewald error estimate:   0.3409E-04
 ------------------------------------------------------------------------------


 NSTEP =     5000   TIME(PS) =      10.000  TEMP(K) =   309.96  PRESS =  -246.3
 Etot   =     -7427.3225  EKtot   =      1792.4022  EPtot      =     -9219.7247
 BOND   =         2.8543  ANGLE   =         6.8414  DIHED      =        10.5500
 1-4 NB =         3.0056  1-4 EEL =        46.8751  VDWAALS    =      1324.6101
 EELEC  =    -10617.5507  EHBOND  =         0.0000  RESTRAINT  =         3.0894
 EAMBER (non-restraint)  =     -9222.8141
 EKCMT  =       880.7251  VIRIAL  =      1036.9653  VOLUME     =     29383.4451
                                                    Density    =         0.9866
 Ewald error estimate:   0.1011E-03
 ------------------------------------------------------------------------------


 NSTEP =     6000   TIME(PS) =      12.000  TEMP(K) =   295.96  PRESS =   259.6
 Etot   =     -7513.5628  EKtot   =      1711.4740  EPtot      =     -9225.0369
 BOND   =         3.7329  ANGLE   =         9.9867  DIHED      =        10.4029
 1-4 NB =         4.4396  1-4 EEL =        44.3214  VDWAALS    =      1420.0656
 EELEC  =    -10720.1181  EHBOND  =         0.0000  RESTRAINT  =         2.1322
 EAMBER (non-restraint)  =     -9227.1690
 EKCMT  =       844.7385  VIRIAL  =       679.8129  VOLUME     =     29425.8061
                                                    Density    =         0.9852
 Ewald error estimate:   0.3440E-03
 ------------------------------------------------------------------------------


 NSTEP =     7000   TIME(PS) =      14.000  TEMP(K) =   299.03  PRESS =  -340.5
 Etot   =     -7472.3837  EKtot   =      1729.2359  EPtot      =     -9201.6197
 BOND   =         3.1811  ANGLE   =         6.9266  DIHED      =        13.0025
 1-4 NB =         4.3308  1-4 EEL =        44.3083  VDWAALS    =      1339.5781
 EELEC  =    -10617.3837  EHBOND  =         0.0000  RESTRAINT  =         4.4367
 EAMBER (non-restraint)  =     -9206.0564
 EKCMT  =       847.9692  VIRIAL  =      1066.4490  VOLUME     =     29720.3055
                                                    Density    =         0.9754
 Ewald error estimate:   0.3283E-04
 ------------------------------------------------------------------------------


 NSTEP =     8000   TIME(PS) =      16.000  TEMP(K) =   301.00  PRESS =   162.5
 Etot   =     -7469.5271  EKtot   =      1740.5770  EPtot      =     -9210.1042
 BOND   =         6.2268  ANGLE   =         7.8107  DIHED      =        10.1241
 1-4 NB =         3.4800  1-4 EEL =        46.2418  VDWAALS    =      1399.8915
 EELEC  =    -10685.6150  EHBOND  =         0.0000  RESTRAINT  =         1.7359
 EAMBER (non-restraint)  =     -9211.8401
 EKCMT  =       853.0900  VIRIAL  =       749.2077  VOLUME     =     29608.5475
                                                    Density    =         0.9791
 Ewald error estimate:   0.2921E-03
 ------------------------------------------------------------------------------


 NSTEP =     9000   TIME(PS) =      18.000  TEMP(K) =   292.11  PRESS =   -98.3
 Etot   =     -7529.3977  EKtot   =      1689.2198  EPtot      =     -9218.6175
 BOND   =         2.3497  ANGLE   =         8.1458  DIHED      =        10.8192
 1-4 NB =         2.2811  1-4 EEL =        44.1454  VDWAALS    =      1338.4018
 EELEC  =    -10627.5574  EHBOND  =         0.0000  RESTRAINT  =         2.7970
 EAMBER (non-restraint)  =     -9221.4145
 EKCMT  =       837.3761  VIRIAL  =       899.4453  VOLUME     =     29242.8786
                                                    Density    =         0.9913
 Ewald error estimate:   0.1602E-03
 ------------------------------------------------------------------------------


 NSTEP =    10000   TIME(PS) =      20.000  TEMP(K) =   307.56  PRESS =  -158.9
 Etot   =     -7460.1090  EKtot   =      1778.5645  EPtot      =     -9238.6735
 BOND   =         4.3387  ANGLE   =         3.9424  DIHED      =        12.2489
 1-4 NB =         4.1796  1-4 EEL =        45.8674  VDWAALS    =      1344.8890
 EELEC  =    -10656.2206  EHBOND  =         0.0000  RESTRAINT  =         2.0811
 EAMBER (non-restraint)  =     -9240.7545
 EKCMT  =       905.6223  VIRIAL  =      1006.4244  VOLUME     =     29386.0204
                                                    Density    =         0.9865
 Ewald error estimate:   0.2286E-03
 ------------------------------------------------------------------------------


      A V E R A G E S   O V E R   10000 S T E P S


 NSTEP =    10000   TIME(PS) =      20.000  TEMP(K) =   293.92  PRESS =  -195.6
 Etot   =     -7526.6179  EKtot   =      1699.6674  EPtot      =     -9226.2853
 BOND   =         3.1606  ANGLE   =         8.4214  DIHED      =        11.0900
 1-4 NB =         3.1071  1-4 EEL =        45.7335  VDWAALS    =      1378.6593
 EELEC  =    -10679.4197  EHBOND  =         0.0000  RESTRAINT  =         2.9624
 EAMBER (non-restraint)  =     -9229.2477
 EKCMT  =       847.3059  VIRIAL  =       983.0205  VOLUME     =     30053.5104
                                                    Density    =         0.9660
 Ewald error estimate:   0.1770E-03
 ------------------------------------------------------------------------------


      R M S  F L U C T U A T I O N S


 NSTEP =    10000   TIME(PS) =      20.000  TEMP(K) =    26.90  PRESS =   474.6
 Etot   =       327.8907  EKtot   =       155.5585  EPtot      =       177.9277
 BOND   =         1.4575  ANGLE   =         2.2922  DIHED      =         1.3922
 1-4 NB =         0.7555  1-4 EEL =         2.0559  VDWAALS    =        88.5341
 EELEC  =       256.4960  EHBOND  =         0.0000  RESTRAINT  =         1.2215
 EAMBER (non-restraint)  =       176.7061
 EKCMT  =        76.2618  VIRIAL  =       287.6507  VOLUME     =      1185.6946
                                                    Density    =         0.0351
 Ewald error estimate:   0.1361E-03
 ------------------------------------------------------------------------------


--------------------------------------------------------------------------------
   5.  TIMINGS
--------------------------------------------------------------------------------

|>>>>>>>>PROFILE of Average TIMES>>>>>>>>> 
|                Build the list            13.76 (96.40% of List )
|                Other                      0.51 ( 3.60% of List )
|             List time                 14.28 (10.32% of Nonbo)
|                   Short_ene time            82.18 (95.92% of Direc)
|                   Other                      3.49 ( 4.08% of Direc)
|                Direct Ewald time         85.67 (69.04% of Ewald)
|                Adjust Ewald time          0.51 ( 0.41% of Ewald)
|                Self Ewald time            0.01 ( 0.01% of Ewald)
|                   Fill Bspline coeffs        1.98 ( 6.71% of Recip)
|                   Fill charge grid           2.07 ( 7.01% of Recip)
|                   Scalar sum                 7.73 (26.24% of Recip)
|                   Grad sum                   3.62 (12.29% of Recip)
|                      FFT back comm time         3.98 (30.47% of FFT t)
|                      Other                      9.08 (69.53% of FFT t)
|                   FFT time                  13.06 (44.29% of Recip)
|                   Other                      1.02 ( 3.46% of Recip)
|                Recip Ewald time          29.48 (23.76% of Ewald)
|                Force Adjust               7.59 ( 6.12% of Ewald)
|                Virial junk                0.74 ( 0.60% of Ewald)
|                Other                      0.08 ( 0.06% of Ewald)
|             Ewald time               124.08 (89.67% of Nonbo)
|             Other                      0.01 ( 0.01% of Nonbo)
|          Nonbond force            138.37 (97.92% of Force)
|          Bond/Angle/Dihedral        0.23 ( 0.17% of Force)
|          FRC Collect time           2.28 ( 1.62% of Force)
|          Other                      0.42 ( 0.30% of Force)
|       Force time               141.31 (91.06% of Runmd)
|       Shake time                 0.61 ( 0.39% of Runmd)
|       Verlet update time         6.07 ( 3.91% of Runmd)
|       Ekcmr time                 2.83 ( 1.82% of Runmd)
|       CRD distribute time        1.82 ( 1.17% of Runmd)
|       Other                      2.55 ( 1.64% of Runmd)
|    Runmd Time               155.18 (100.0% of Total)
|    Other                      0.08 ( 0.05% of Total)
| Total time               155.26 (100.0% of ALL  )

| Number of list builds   :        906

| Highest rstack allocated:      40018
| Highest istack allocated:        860

| Final Performance Info:
| -----------------------------------------------------
| Average timings for all steps:
|     Elapsed(s) =     155.46 Per Step(ms) =      15.55
|         ns/day =      11.12   seconds/ns =    7772.76
| -----------------------------------------------------

|           Job began  at 14:10:39.845  on 03/14/2017
|           Setup done at 14:10:39.927  on 03/14/2017
|           Run   done at 14:13:15.233  on 03/14/2017
|     wallclock() was called  571879 times
