
          -------------------------------------------------------
          Amber 16 SANDER                              2016
          -------------------------------------------------------

| Run on 03/14/2017 at 15:04:23

|   Executable path: sander.MPI
| Working directory: /home/steboss/projects/mdgx-tests/alanine/IPOLQ/input/PhiPsi_1/315/120
|          Hostname: node007

  [-O]verwriting output

File Assignments:
|  MDIN: min.in                                                                
| MDOUT: Conf120.min.out                                                       
|INPCRD: Conf120.crd                                                           
|  PARM: Conf120.top                                                           
|RESTRT: Conf120.min                                                           
|  REFC: Conf120.crd                                                           
| MDVEL: mdvel                                                                 
| MDFRC: mdfrc                                                                 
|  MDEN: mden                                                                  
| MDCRD: mdcrd                                                                 
|MDINFO: mdinfo                                                                
|  MTMD: mtmd                                                                  
|INPDIP: inpdip                                                                
|RSTDIP: rstdip                                                                
|INPTRA: inptraj                                                               

|    REMLOG: rem.log
|   REMTYPE: rem.type
|  REMSTRIP: 
|   SAVEENE: saveene
|CLUSTERINF: cluster.info
| RESERVOIR: reserv/frame
|   REMDDIM: 


 Here is the input file:

Initial minimization                                                           
 &cntrl                                                                        
  ntx    = 1,       irest  = 0,       ntrx   = 1,      ntxo   = 1,             
  ntpr   = 20,      ntwx   = 0,       ntwv   = 0,      ntwe   = 0,             
                                                                               
  ntf    = 1,       ntb    = 1,                                                
  ntc    = 1,       ntr    = 1,                                                
  restraintmask = ':1',                                                        
  restraint_wt = 100.0,                                                        
  cut    = 9.0,                                                                
                                                                               
  imin   = 1,                                                                  
  maxcyc = 1000,                                                               
  ncyc   = 100,                                                                
                                                                               
 &end                                                                          

--------------------------------------------------------------------------------
   1.  RESOURCE   USE: 
--------------------------------------------------------------------------------

| Flags: MPI                                                                    
 getting new box info from bottom of inpcrd
|  INFO: Old style inpcrd file read

| peek_ewald_inpcrd: Box info found
|Largest sphere to fit in unit cell has radius =    14.360
| New format PARM file being parsed.
| Version =    1.000 Date = 03/14/17 Time = 13:39:54
 NATOM  =    2794 NTYPES =       9 NBONH =    2784 MBONA  =       9
 NTHETH =      25 MTHETA =      11 NPHIH =      43 MPHIA  =      24
 NHPARM =       0 NPARM  =       0 NNB   =    3795 NRES   =     927
 NBONA  =       9 NTHETA =      11 NPHIA =      24 NUMBND =      10
 NUMANG =      16 NPTRA  =      19 NATYP =       9 NPHB   =       1
 IFBOX  =       2 NMXRS  =      10 IFCAP =       0 NEXTRA =       0
 NCOPY  =       0


|     Memory Use     Allocated
|     Real              324474
|     Hollerith           9311
|     Integer            86712
|     Max Pairs         309900
|     nblistReal         33528
|     nblist Int         85601
|       Total             4716 kbytes

| Note: 1-4 EEL scale factors are being read from the topology file.

| Note: 1-4 VDW scale factors are being read from the topology file.
| Duplicated    0 dihedrals
| Duplicated    0 dihedrals

     BOX TYPE: TRUNCATED OCTAHEDRON

--------------------------------------------------------------------------------
   2.  CONTROL  DATA  FOR  THE  RUN
--------------------------------------------------------------------------------

default_name                                                                    

General flags:
     imin    =       1, nmropt  =       0

Nature and format of input:
     ntx     =       1, irest   =       0, ntrx    =       1

Nature and format of output:
     ntxo    =       1, ntpr    =      20, ntrx    =       1, ntwr    =       1
     iwrap   =       0, ntwx    =       0, ntwv    =       0, ntwe    =       0
     ioutfm  =       1, ntwprt  =       0, idecomp =       0, rbornstat=      0

Potential function:
     ntf     =       1, ntb     =       1, igb     =       0, nsnb    =      25
     ipol    =       0, gbsa    =       0, iesp    =       0
     dielc   =   1.00000, cut     =   9.00000, intdiel =   1.00000

Frozen or restrained atoms:
     ibelly  =       0, ntr     =       1
     restraint_wt = 100.00000

Energy minimization:
     maxcyc  =    1000, ncyc    =     100, ntmin   =       1
     dx0     =   0.01000, drms    =   0.00010

Ewald parameters:
     verbose =       0, ew_type =       0, nbflag  =       1, use_pme =       1
     vdwmeth =       1, eedmeth =       1, netfrc  =       0
     Box X =   35.175   Box Y =   35.175   Box Z =   35.175
     Alpha =  109.471   Beta  =  109.471   Gamma =  109.471
     NFFT1 =   36       NFFT2 =   36       NFFT3 =   36
     Cutoff=    9.000   Tol   =0.100E-04
     Ewald Coefficient =  0.30768
     Interpolation order =    4

| MPI Timing options:
|      profile_mpi =        0

    LOADING THE CONSTRAINED ATOMS AS GROUPS


   5.  REFERENCE ATOM COORDINATES

  defa
     Mask :1; matches     6 atoms

--------------------------------------------------------------------------------
   3.  ATOMIC COORDINATES AND VELOCITIES
--------------------------------------------------------------------------------

default_name                                                                    
 begin time read from input coords =     0.000 ps

 Number of triangulated 3-point waters found:      924
|  Atom division among processors:
|         0     349     700    1048    1396    1747    2095    2443
|      2794

     Sum of charges from parm topology file =  -0.00000000
     Forcing neutrality...
|  Running AMBER/MPI version on    8 nodes


--------------------------------------------------------------------------------
   4.  RESULTS
--------------------------------------------------------------------------------

 ---------------------------------------------------
 APPROXIMATING switch and d/dx switch using CUBIC SPLINE INTERPOLATION
 using   5000.0 points per unit in tabled values
 TESTING RELATIVE ERROR over r ranging from 0.0 to cutoff
| CHECK switch(x): max rel err =   0.2738E-14   at   2.422500
| CHECK d/dx switch(x): max rel err =   0.8314E-11   at   2.736960
 ---------------------------------------------------
| Local SIZE OF NONBOND LIST =      84879
| TOTAL SIZE OF NONBOND LIST =     648715


   NSTEP       ENERGY          RMS            GMAX         NAME    NUMBER
      1      -7.6540E+03     1.2487E+01     6.1758E+01     O         293

 BOND    =        0.4730  ANGLE   =        0.6089  DIHED      =       11.0435
 VDWAALS =     1084.6186  EEL     =    -8801.6641  HBOND      =        0.0000
 1-4 VDW =        2.6752  1-4 EEL =       48.2128  RESTRAINT  =        0.0000


   NSTEP       ENERGY          RMS            GMAX         NAME    NUMBER
     20      -8.5623E+03     3.0268E+00     2.7049E+01     O          23

 BOND    =      462.2277  ANGLE   =        0.6316  DIHED      =       11.0242
 VDWAALS =      977.5984  EEL     =   -10064.5928  HBOND      =        0.0000
 1-4 VDW =        2.6702  1-4 EEL =       48.1218  RESTRAINT  =        0.0093
 EAMBER  =    -8562.3188


   NSTEP       ENERGY          RMS            GMAX         NAME    NUMBER
     40      -9.3073E+03     2.2276E+00     9.4695E+00     H1       2328

 BOND    =      498.1341  ANGLE   =        0.6176  DIHED      =       10.9531
 VDWAALS =      990.9213  EEL     =   -10858.7679  HBOND      =        0.0000
 1-4 VDW =        2.6720  1-4 EEL =       48.1094  RESTRAINT  =        0.0246
 EAMBER  =    -9307.3604


   NSTEP       ENERGY          RMS            GMAX         NAME    NUMBER
     60      -9.5326E+03     3.3927E+00     1.1035E+01     H1       1971

 BOND    =      494.7349  ANGLE   =        0.6125  DIHED      =       10.9225
 VDWAALS =     1021.2987  EEL     =   -11110.9448  HBOND      =        0.0000
 1-4 VDW =        2.6670  1-4 EEL =       48.1250  RESTRAINT  =        0.0288
 EAMBER  =    -9532.5841


   NSTEP       ENERGY          RMS            GMAX         NAME    NUMBER
     80      -9.6795E+03     4.0077E+00     1.3198E+01     H1       1971

 BOND    =      500.5884  ANGLE   =        0.6173  DIHED      =       10.9055
 VDWAALS =     1053.2854  EEL     =   -11295.6978  HBOND      =        0.0000
 1-4 VDW =        2.6631  1-4 EEL =       48.1196  RESTRAINT  =        0.0338
 EAMBER  =    -9679.5185


   NSTEP       ENERGY          RMS            GMAX         NAME    NUMBER
    100      -9.8104E+03     9.4154E-01     6.8170E+00     H1        795

 BOND    =      593.5605  ANGLE   =        0.6340  DIHED      =       10.8980
 VDWAALS =     1084.4282  EEL     =   -11550.6837  HBOND      =        0.0000
 1-4 VDW =        2.6573  1-4 EEL =       48.1060  RESTRAINT  =        0.0389
 EAMBER  =    -9810.3997


   NSTEP       ENERGY          RMS            GMAX         NAME    NUMBER
    120      -1.0281E+04     1.6008E+00     4.0795E+01     O        2234

 BOND    =      688.4328  ANGLE   =        0.8010  DIHED      =       10.9403
 VDWAALS =     1437.8601  EEL     =   -12469.3790  HBOND      =        0.0000
 1-4 VDW =        2.6269  1-4 EEL =       47.8680  RESTRAINT  =        0.1055
 EAMBER  =   -10280.8500


   NSTEP       ENERGY          RMS            GMAX         NAME    NUMBER
    140      -1.0392E+04     1.5050E+00     3.7250E+01     H1       2235

 BOND    =      705.3106  ANGLE   =        0.8089  DIHED      =       10.9495
 VDWAALS =     1454.3546  EEL     =   -12614.1643  HBOND      =        0.0000
 1-4 VDW =        2.6032  1-4 EEL =       47.7432  RESTRAINT  =        0.1070
 EAMBER  =   -10392.3943


   NSTEP       ENERGY          RMS            GMAX         NAME    NUMBER
    160      -1.0497E+04     1.4190E+00     2.7511E+01     O        2486

 BOND    =      687.1769  ANGLE   =        0.8005  DIHED      =       10.9763
 VDWAALS =     1468.7736  EEL     =   -12714.8264  HBOND      =        0.0000
 1-4 VDW =        2.5557  1-4 EEL =       47.6561  RESTRAINT  =        0.0859
 EAMBER  =   -10496.8874


   NSTEP       ENERGY          RMS            GMAX         NAME    NUMBER
    180      -1.0610E+04     1.5295E+00     2.3782E+01     CH3        19

 BOND    =      735.3805  ANGLE   =        1.2026  DIHED      =       11.0691
 VDWAALS =     1599.7619  EEL     =   -13008.0965  HBOND      =        0.0000
 1-4 VDW =        2.6504  1-4 EEL =       47.5669  RESTRAINT  =        0.1816
 EAMBER  =   -10610.4651


   NSTEP       ENERGY          RMS            GMAX         NAME    NUMBER
    200      -1.0699E+04     1.1453E+00     2.5180E+01     CH3        19

 BOND    =      745.1364  ANGLE   =        1.1160  DIHED      =       11.0268
 VDWAALS =     1648.4217  EEL     =   -13155.4105  HBOND      =        0.0000
 1-4 VDW =        2.4696  1-4 EEL =       47.6467  RESTRAINT  =        0.1952
 EAMBER  =   -10699.5933


   NSTEP       ENERGY          RMS            GMAX         NAME    NUMBER
    220      -1.0748E+04     1.3263E+00     4.0887E+01     C           5

 BOND    =      742.7381  ANGLE   =        2.6137  DIHED      =       11.1006
 VDWAALS =     1696.2567  EEL     =   -13251.8224  HBOND      =        0.0000
 1-4 VDW =        2.3840  1-4 EEL =       47.8784  RESTRAINT  =        0.5743
 EAMBER  =   -10748.8510


   NSTEP       ENERGY          RMS            GMAX         NAME    NUMBER
    240      -1.0788E+04     8.7027E-01     2.2301E+01     C           5

 BOND    =      763.5689  ANGLE   =        1.0386  DIHED      =       11.3488
 VDWAALS =     1725.3192  EEL     =   -13339.6079  HBOND      =        0.0000
 1-4 VDW =        2.5099  1-4 EEL =       47.3093  RESTRAINT  =        0.1088
 EAMBER  =   -10788.5132


   NSTEP       ENERGY          RMS            GMAX         NAME    NUMBER
    260      -1.0832E+04     1.0776E+00     2.9511E+01     C           5

 BOND    =      758.9066  ANGLE   =        2.2976  DIHED      =       11.4816
 VDWAALS =     1759.1535  EEL     =   -13414.6135  HBOND      =        0.0000
 1-4 VDW =        2.5872  1-4 EEL =       46.9999  RESTRAINT  =        0.7338
 EAMBER  =   -10833.1871


   NSTEP       ENERGY          RMS            GMAX         NAME    NUMBER
    280      -1.0869E+04     6.0003E-01     1.0261E+01     O           6

 BOND    =      779.5763  ANGLE   =        1.3202  DIHED      =       10.9582
 VDWAALS =     1809.8809  EEL     =   -13521.8973  HBOND      =        0.0000
 1-4 VDW =        2.6405  1-4 EEL =       47.7522  RESTRAINT  =        0.6897
 EAMBER  =   -10869.7690


   NSTEP       ENERGY          RMS            GMAX         NAME    NUMBER
    300      -1.0912E+04     9.1309E-01     2.3499E+01     CH3         2

 BOND    =      794.5514  ANGLE   =        1.4011  DIHED      =       10.9906
 VDWAALS =     1831.1950  EEL     =   -13601.3439  HBOND      =        0.0000
 1-4 VDW =        2.4820  1-4 EEL =       47.7654  RESTRAINT  =        0.5056
 EAMBER  =   -10912.9585


   NSTEP       ENERGY          RMS            GMAX         NAME    NUMBER
    320      -1.0940E+04     7.8601E-01     2.2186E+01     C           5

 BOND    =      776.5097  ANGLE   =        1.2201  DIHED      =       11.1022
 VDWAALS =     1859.6865  EEL     =   -13639.3562  HBOND      =        0.0000
 1-4 VDW =        2.3950  1-4 EEL =       47.6940  RESTRAINT  =        0.2637
 EAMBER  =   -10940.7487


   NSTEP       ENERGY          RMS            GMAX         NAME    NUMBER
    340      -1.0965E+04     5.9821E-01     1.3133E+01     CB         11

 BOND    =      804.8889  ANGLE   =        1.6253  DIHED      =       11.7336
 VDWAALS =     1877.0422  EEL     =   -13709.9580  HBOND      =        0.0000
 1-4 VDW =        2.4668  1-4 EEL =       46.8634  RESTRAINT  =        0.2091
 EAMBER  =   -10965.3378


   NSTEP       ENERGY          RMS            GMAX         NAME    NUMBER
    360      -1.0995E+04     7.6452E-01     1.7815E+01     CH3         2

 BOND    =      788.5189  ANGLE   =        2.2291  DIHED      =       11.3530
 VDWAALS =     1906.6281  EEL     =   -13753.8059  HBOND      =        0.0000
 1-4 VDW =        2.5958  1-4 EEL =       46.8655  RESTRAINT  =        0.5286
 EAMBER  =   -10995.6155


   NSTEP       ENERGY          RMS            GMAX         NAME    NUMBER
    380      -1.1017E+04     4.6773E-01     1.2955E+01     N           7

 BOND    =      810.2850  ANGLE   =        1.6821  DIHED      =       11.0728
 VDWAALS =     1934.3676  EEL     =   -13825.2580  HBOND      =        0.0000
 1-4 VDW =        2.6820  1-4 EEL =       47.9912  RESTRAINT  =        0.6137
 EAMBER  =   -11017.1773


   NSTEP       ENERGY          RMS            GMAX         NAME    NUMBER
    400      -1.1043E+04     6.7481E-01     1.5899E+01     CH3        19

 BOND    =      819.2839  ANGLE   =        1.2897  DIHED      =       11.0417
 VDWAALS =     1959.9547  EEL     =   -13885.3261  HBOND      =        0.0000
 1-4 VDW =        2.5313  1-4 EEL =       47.8459  RESTRAINT  =        0.3886
 EAMBER  =   -11043.3789


   NSTEP       ENERGY          RMS            GMAX         NAME    NUMBER
    420      -1.1061E+04     5.0449E-01     1.5205E+01     O           6

 BOND    =      810.8100  ANGLE   =        0.8409  DIHED      =       11.1232
 VDWAALS =     1974.7179  EEL     =   -13908.2166  HBOND      =        0.0000
 1-4 VDW =        2.4114  1-4 EEL =       47.6232  RESTRAINT  =        0.1519
 EAMBER  =   -11060.6900


   NSTEP       ENERGY          RMS            GMAX         NAME    NUMBER
    440      -1.1074E+04     5.4976E-01     1.7224E+01     O           6

 BOND    =      821.3916  ANGLE   =        1.7200  DIHED      =       11.8003
 VDWAALS =     1986.8645  EEL     =   -13944.7740  HBOND      =        0.0000
 1-4 VDW =        2.4172  1-4 EEL =       46.5301  RESTRAINT  =        0.1744
 EAMBER  =   -11074.0503


   NSTEP       ENERGY          RMS            GMAX         NAME    NUMBER
    460      -1.1099E+04     7.0394E-01     2.7545E+01     N          17

 BOND    =      808.0514  ANGLE   =        2.1058  DIHED      =       11.6486
 VDWAALS =     2013.5267  EEL     =   -13983.2327  HBOND      =        0.0000
 1-4 VDW =        2.4407  1-4 EEL =       46.6137  RESTRAINT  =        0.1661
 EAMBER  =   -11098.8459


   NSTEP       ENERGY          RMS            GMAX         NAME    NUMBER
    480      -1.1112E+04     4.0792E-01     1.1430E+01     CH3         2

 BOND    =      832.0214  ANGLE   =        1.4413  DIHED      =       11.0801
 VDWAALS =     2028.0282  EEL     =   -14034.9817  HBOND      =        0.0000
 1-4 VDW =        2.6257  1-4 EEL =       47.4132  RESTRAINT  =        0.3960
 EAMBER  =   -11112.3718


   NSTEP       ENERGY          RMS            GMAX         NAME    NUMBER
    500      -1.1152E+04     1.0746E+00     2.9950E+01     N          17

 BOND    =      838.5520  ANGLE   =        1.2659  DIHED      =       11.2615
 VDWAALS =     2089.8150  EEL     =   -14143.0212  HBOND      =        0.0000
 1-4 VDW =        2.5807  1-4 EEL =       47.0274  RESTRAINT  =        0.1260
 EAMBER  =   -11152.5188


   NSTEP       ENERGY          RMS            GMAX         NAME    NUMBER
    520      -1.1178E+04     3.5382E-01     9.1718E+00     N          17

 BOND    =      838.6076  ANGLE   =        0.9650  DIHED      =       11.2277
 VDWAALS =     2096.0337  EEL     =   -14174.0930  HBOND      =        0.0000
 1-4 VDW =        2.4956  1-4 EEL =       47.1215  RESTRAINT  =        0.0874
 EAMBER  =   -11177.6419


   NSTEP       ENERGY          RMS            GMAX         NAME    NUMBER
    540      -1.1186E+04     6.1740E-01     1.9534E+01     C          15

 BOND    =      845.0458  ANGLE   =        1.1723  DIHED      =       11.3352
 VDWAALS =     2099.9275  EEL     =   -14193.7683  HBOND      =        0.0000
 1-4 VDW =        2.3898  1-4 EEL =       47.3692  RESTRAINT  =        0.2631
 EAMBER  =   -11186.5284


   NSTEP       ENERGY          RMS            GMAX         NAME    NUMBER
    560      -1.1207E+04     7.0899E-01     2.3622E+01     O           6

 BOND    =      842.8632  ANGLE   =        0.7052  DIHED      =       11.4807
 VDWAALS =     2115.4259  EEL     =   -14227.3842  HBOND      =        0.0000
 1-4 VDW =        2.2903  1-4 EEL =       47.4103  RESTRAINT  =        0.1995
 EAMBER  =   -11207.2086


   NSTEP       ENERGY          RMS            GMAX         NAME    NUMBER
    580      -1.1221E+04     3.7807E-01     6.7535E+00     HH33        4

 BOND    =      849.8162  ANGLE   =        1.1454  DIHED      =       11.4456
 VDWAALS =     2127.3565  EEL     =   -14260.6189  HBOND      =        0.0000
 1-4 VDW =        2.4456  1-4 EEL =       46.9739  RESTRAINT  =        0.1391
 EAMBER  =   -11221.4357


   NSTEP       ENERGY          RMS            GMAX         NAME    NUMBER
    600      -1.1235E+04     8.1253E-01     2.3470E+01     CB         11

 BOND    =      854.9394  ANGLE   =        1.1384  DIHED      =       11.4636
 VDWAALS =     2138.2779  EEL     =   -14290.5328  HBOND      =        0.0000
 1-4 VDW =        2.4133  1-4 EEL =       47.1942  RESTRAINT  =        0.2176
 EAMBER  =   -11235.1061


   NSTEP       ENERGY          RMS            GMAX         NAME    NUMBER
    620      -1.1245E+04     3.2984E-01     8.9483E+00     C          15

 BOND    =      848.4561  ANGLE   =        0.7244  DIHED      =       11.2693
 VDWAALS =     2140.4980  EEL     =   -14295.0428  HBOND      =        0.0000
 1-4 VDW =        2.4138  1-4 EEL =       47.0931  RESTRAINT  =        0.0756
 EAMBER  =   -11244.5880


   NSTEP       ENERGY          RMS            GMAX         NAME    NUMBER
    640      -1.1251E+04     3.6867E-01     8.1122E+00     O          16

 BOND    =      855.3421  ANGLE   =        0.9870  DIHED      =       11.2642
 VDWAALS =     2144.9352  EEL     =   -14312.7329  HBOND      =        0.0000
 1-4 VDW =        2.4624  1-4 EEL =       46.9640  RESTRAINT  =        0.1767
 EAMBER  =   -11250.7781


   NSTEP       ENERGY          RMS            GMAX         NAME    NUMBER
    660      -1.1260E+04     4.3762E-01     1.0269E+01     C          15

 BOND    =      851.1447  ANGLE   =        0.9833  DIHED      =       11.3273
 VDWAALS =     2152.3479  EEL     =   -14325.7028  HBOND      =        0.0000
 1-4 VDW =        2.4784  1-4 EEL =       46.8253  RESTRAINT  =        0.0960
 EAMBER  =   -11260.5960


   NSTEP       ENERGY          RMS            GMAX         NAME    NUMBER
    680      -1.1266E+04     4.5927E-01     1.4992E+01     N           7

 BOND    =      855.6091  ANGLE   =        0.9204  DIHED      =       11.3954
 VDWAALS =     2157.9273  EEL     =   -14341.6802  HBOND      =        0.0000
 1-4 VDW =        2.4155  1-4 EEL =       46.9067  RESTRAINT  =        0.0475
 EAMBER  =   -11266.5057


   NSTEP       ENERGY          RMS            GMAX         NAME    NUMBER
    700      -1.1275E+04     5.4286E-01     1.7662E+01     C          15

 BOND    =      861.8941  ANGLE   =        0.7578  DIHED      =       11.5628
 VDWAALS =     2164.1556  EEL     =   -14362.6503  HBOND      =        0.0000
 1-4 VDW =        2.4377  1-4 EEL =       46.7922  RESTRAINT  =        0.0892
 EAMBER  =   -11275.0501


   NSTEP       ENERGY          RMS            GMAX         NAME    NUMBER
    720      -1.1282E+04     2.9787E-01     1.0269E+01     C          15

 BOND    =      854.7323  ANGLE   =        0.6777  DIHED      =       11.3513
 VDWAALS =     2167.2728  EEL     =   -14365.0826  HBOND      =        0.0000
 1-4 VDW =        2.4060  1-4 EEL =       46.9681  RESTRAINT  =        0.0534
 EAMBER  =   -11281.6745


   NSTEP       ENERGY          RMS            GMAX         NAME    NUMBER
    740      -1.1286E+04     3.3727E-01     1.0762E+01     C          15

 BOND    =      861.1733  ANGLE   =        0.9845  DIHED      =       11.3402
 VDWAALS =     2168.8202  EEL     =   -14378.0946  HBOND      =        0.0000
 1-4 VDW =        2.4547  1-4 EEL =       46.9383  RESTRAINT  =        0.1732
 EAMBER  =   -11286.3834


   NSTEP       ENERGY          RMS            GMAX         NAME    NUMBER
    760      -1.1294E+04     4.1553E-01     9.5813E+00     C          15

 BOND    =      855.1060  ANGLE   =        0.9012  DIHED      =       11.3644
 VDWAALS =     2172.7370  EEL     =   -14383.9660  HBOND      =        0.0000
 1-4 VDW =        2.4637  1-4 EEL =       46.8266  RESTRAINT  =        0.0791
 EAMBER  =   -11294.5671


   NSTEP       ENERGY          RMS            GMAX         NAME    NUMBER
    780      -1.1299E+04     5.0597E-01     2.0766E+01     N           7

 BOND    =      859.0135  ANGLE   =        0.8228  DIHED      =       11.3743
 VDWAALS =     2176.6259  EEL     =   -14396.6050  HBOND      =        0.0000
 1-4 VDW =        2.4137  1-4 EEL =       46.8297  RESTRAINT  =        0.0407
 EAMBER  =   -11299.5249


   NSTEP       ENERGY          RMS            GMAX         NAME    NUMBER
    800      -1.1307E+04     5.0255E-01     1.8052E+01     CB         11

 BOND    =      866.5524  ANGLE   =        0.7730  DIHED      =       11.5779
 VDWAALS =     2179.9527  EEL     =   -14415.5722  HBOND      =        0.0000
 1-4 VDW =        2.4247  1-4 EEL =       46.7472  RESTRAINT  =        0.0915
 EAMBER  =   -11307.5443


   NSTEP       ENERGY          RMS            GMAX         NAME    NUMBER
    820      -1.1313E+04     2.6470E-01     8.4463E+00     C          15

 BOND    =      859.6561  ANGLE   =        0.6557  DIHED      =       11.3677
 VDWAALS =     2182.5647  EEL     =   -14416.8513  HBOND      =        0.0000
 1-4 VDW =        2.4005  1-4 EEL =       46.9525  RESTRAINT  =        0.0535
 EAMBER  =   -11313.2541


   NSTEP       ENERGY          RMS            GMAX         NAME    NUMBER
    840      -1.1317E+04     3.0545E-01     1.1314E+01     C          15

 BOND    =      863.1405  ANGLE   =        0.9670  DIHED      =       11.3620
 VDWAALS =     2183.5575  EEL     =   -14425.9659  HBOND      =        0.0000
 1-4 VDW =        2.4630  1-4 EEL =       46.9252  RESTRAINT  =        0.1522
 EAMBER  =   -11317.5507


   NSTEP       ENERGY          RMS            GMAX         NAME    NUMBER
    860      -1.1324E+04     3.4158E-01     8.6987E+00     C          15

 BOND    =      859.6391  ANGLE   =        0.9724  DIHED      =       11.3813
 VDWAALS =     2186.9746  EEL     =   -14432.2543  HBOND      =        0.0000
 1-4 VDW =        2.4668  1-4 EEL =       46.8254  RESTRAINT  =        0.0988
 EAMBER  =   -11323.9948


   NSTEP       ENERGY          RMS            GMAX         NAME    NUMBER
    880      -1.1328E+04     5.1698E-01     1.8630E+01     N           7

 BOND    =      861.7320  ANGLE   =        0.6604  DIHED      =       11.3795
 VDWAALS =     2190.9332  EEL     =   -14441.7143  HBOND      =        0.0000
 1-4 VDW =        2.4185  1-4 EEL =       46.8394  RESTRAINT  =        0.0394
 EAMBER  =   -11327.7514


   NSTEP       ENERGY          RMS            GMAX         NAME    NUMBER
    900      -1.1334E+04     5.2867E-01     2.1966E+01     CB         11

 BOND    =      869.8057  ANGLE   =        0.8695  DIHED      =       11.6333
 VDWAALS =     2195.4345  EEL     =   -14461.4048  HBOND      =        0.0000
 1-4 VDW =        2.3986  1-4 EEL =       46.7773  RESTRAINT  =        0.1017
 EAMBER  =   -11334.4860


   NSTEP       ENERGY          RMS            GMAX         NAME    NUMBER
    920      -1.1339E+04     2.6126E-01     8.7336E+00     N          17

 BOND    =      862.8224  ANGLE   =        0.6892  DIHED      =       11.3442
 VDWAALS =     2197.9635  EEL     =   -14461.3705  HBOND      =        0.0000
 1-4 VDW =        2.3890  1-4 EEL =       46.9626  RESTRAINT  =        0.0514
 EAMBER  =   -11339.1997


   NSTEP       ENERGY          RMS            GMAX         NAME    NUMBER
    940      -1.1342E+04     2.3316E-01     6.8132E+00     C          15

 BOND    =      866.9333  ANGLE   =        0.8967  DIHED      =       11.3308
 VDWAALS =     2198.7909  EEL     =   -14469.8618  HBOND      =        0.0000
 1-4 VDW =        2.4513  1-4 EEL =       46.9015  RESTRAINT  =        0.0975
 EAMBER  =   -11342.5572


   NSTEP       ENERGY          RMS            GMAX         NAME    NUMBER
    960      -1.1350E+04     3.0717E-01     8.6563E+00     CA          9

 BOND    =      866.1631  ANGLE   =        0.9718  DIHED      =       11.3647
 VDWAALS =     2202.5786  EEL     =   -14480.6188  HBOND      =        0.0000
 1-4 VDW =        2.4500  1-4 EEL =       46.8278  RESTRAINT  =        0.0401
 EAMBER  =   -11350.2628


   NSTEP       ENERGY          RMS            GMAX         NAME    NUMBER
    980      -1.1354E+04     3.8708E-01     1.0753E+01     N           7

 BOND    =      865.5193  ANGLE   =        0.7130  DIHED      =       11.3603
 VDWAALS =     2205.1227  EEL     =   -14485.8341  HBOND      =        0.0000
 1-4 VDW =        2.3844  1-4 EEL =       46.8806  RESTRAINT  =        0.0447
 EAMBER  =   -11353.8537


   NSTEP       ENERGY          RMS            GMAX         NAME    NUMBER
   1000      -1.1361E+04     5.5529E-01     1.8103E+01     CB         11

 BOND    =      872.1652  ANGLE   =        0.8883  DIHED      =       11.7776
 VDWAALS =     2206.5266  EEL     =   -14501.2232  HBOND      =        0.0000
 1-4 VDW =        2.3732  1-4 EEL =       46.7486  RESTRAINT  =        0.1133
 EAMBER  =   -11360.7437


  Maximum number of minimization cycles reached.


                    FINAL RESULTS



   NSTEP       ENERGY          RMS            GMAX         NAME    NUMBER
   1000      -1.1361E+04     5.5529E-01     1.8103E+01     CB         11

 BOND    =      872.1652  ANGLE   =        0.8883  DIHED      =       11.7776
 VDWAALS =     2206.5266  EEL     =   -14501.2232  HBOND      =        0.0000
 1-4 VDW =        2.3732  1-4 EEL =       46.7486  RESTRAINT  =        0.1133
 EAMBER  =   -11360.7437

--------------------------------------------------------------------------------
   5.  TIMINGS
--------------------------------------------------------------------------------

|                Build the list             0.07 (58.42% of List )
|                Other                      0.05 (41.58% of List )
|             List time                  0.12 ( 1.12% of Nonbo)
|                   Short_ene time             7.90 (97.43% of Direc)
|                   Other                      0.21 ( 2.57% of Direc)
|                Direct Ewald time          8.10 (73.78% of Ewald)
|                Adjust Ewald time          0.04 ( 0.34% of Ewald)
|                Self Ewald time            0.00 ( 0.01% of Ewald)
|                   Fill Bspline coeffs        0.15 ( 6.07% of Recip)
|                   Fill charge grid           0.14 ( 5.69% of Recip)
|                   Scalar sum                 0.60 (25.03% of Recip)
|                   Grad sum                   0.32 (13.22% of Recip)
|                      FFT back comm time         0.25 (21.86% of FFT t)
|                      Other                      0.89 (78.14% of FFT t)
|                   FFT time                   1.14 (47.33% of Recip)
|                   Other                      0.06 ( 2.66% of Recip)
|                Recip Ewald time           2.40 (21.85% of Ewald)
|                Force Adjust               0.38 ( 3.47% of Ewald)
|                Virial junk                0.05 ( 0.45% of Ewald)
|                Start synchronizatio       0.00 ( 0.01% of Ewald)
|                Other                      0.01 ( 0.08% of Ewald)
|             Ewald time                10.98 (98.87% of Nonbo)
|             Other                      0.00 ( 0.01% of Nonbo)
|          Nonbond force             11.11 (93.90% of Force)
|          Bond/Angle/Dihedral        0.04 ( 0.33% of Force)
|          FRC Collect time           0.19 ( 1.61% of Force)
|          Other                      0.49 ( 4.17% of Force)
|       Force time                11.83 (100.0% of Runmd)
|    Runmd Time                11.83 ( 4.11% of Total)
|    Other                    276.27 (95.89% of Total)
| Total time               288.11 (100.0% of ALL  )

| Highest rstack allocated:      39127
| Highest istack allocated:        827
|           Job began  at 15:04:23.829  on 03/14/2017
|           Setup done at 15:04:23.912  on 03/14/2017
|           Run   done at 15:09:11.941  on 03/14/2017
|     wallclock() was called   44068 times
