
          -------------------------------------------------------
          Amber 16 SANDER                              2016
          -------------------------------------------------------

| Run on 03/14/2017 at 14:59:53

|   Executable path: sander.MPI
| Working directory: /home/steboss/projects/mdgx-tests/alanine/IPOLQ/input/PhiPsi_1/30/210
|          Hostname: node005

  [-O]verwriting output

File Assignments:
|  MDIN: equil.in                                                              
| MDOUT: Conf210.eq.out                                                        
|INPCRD: Conf210.min                                                           
|  PARM: Conf210.top                                                           
|RESTRT: Conf210.rst                                                           
|  REFC: Conf210.crd                                                           
| MDVEL: mdvel                                                                 
| MDFRC: mdfrc                                                                 
|  MDEN: mden                                                                  
| MDCRD: mdcrd                                                                 
|MDINFO: mdinfo                                                                
|  MTMD: mtmd                                                                  
|INPDIP: inpdip                                                                
|RSTDIP: rstdip                                                                
|INPTRA: inptraj                                                               

|    REMLOG: rem.log
|   REMTYPE: rem.type
|  REMSTRIP: 
|   SAVEENE: saveene
|CLUSTERINF: cluster.info
| RESERVOIR: reserv/frame
|   REMDDIM: 


 Here is the input file:

Equilibrate water in NPT                                                       
 &cntrl                                                                        
                                                                               
  nmropt = 0,                                                                  
  ntx    = 1,       irest  = 0,       ntrx   = 1,      ntxo   = 1,             
  ntpr   = 1000,    ntwx   = 1000,    ntwv   = 0,      ntwe   = 1000,          
  iwrap  = 0,       ioutfm = 1,                                                
                                                                               
  ntf    = 2,       ntb    = 2,                                                
  cut = 9.0,                                                                   
                                                                               
  ibelly = 0,       ntr    = 1,                                                
  restraintmask = ':1',                                                        
  restraint_wt = 100.0,                                                        
                                                                               
  imin   = 0,                                                                  
  nstlim = 10000,                                                              
  nscm   = 1000,                                                               
  t      = 0.0,     dt     = 0.002,                                            
                                                                               
  temp0     = 298.0,   tempi  = 0.0,                                           
  ig        = -1,                                                              
  ntt       = 3,                                                               
  gamma_ln  = 3.0,                                                             
                                                                               
  ntp    = 1,       pres0  = 1.0,     comp   = 44.6,                           
  taup   = 1.0,                                                                
                                                                               
  ntc    = 2,       tol    = 0.000001, watnam = 'WAT ',                        
                                                                               
 &end                                                                          

--------------------------------------------------------------------------------
   1.  RESOURCE   USE: 
--------------------------------------------------------------------------------

| Flags: MPI                                                                    
 getting new box info from bottom of inpcrd
|  INFO: Old style inpcrd file read

| peek_ewald_inpcrd: Box info found
|Largest sphere to fit in unit cell has radius =    14.671
| New format PARM file being parsed.
| Version =    1.000 Date = 03/14/17 Time = 13:39:41
 NATOM  =    2947 NTYPES =       9 NBONH =    2937 MBONA  =       9
 NTHETH =      25 MTHETA =      11 NPHIH =      43 MPHIA  =      24
 NHPARM =       0 NPARM  =       0 NNB   =    3999 NRES   =     978
 NBONA  =       9 NTHETA =      11 NPHIA =      24 NUMBND =      10
 NUMANG =      16 NPTRA  =      19 NATYP =       9 NPHB   =       1
 IFBOX  =       2 NMXRS  =      10 IFCAP =       0 NEXTRA =       0
 NCOPY  =       0


|     Memory Use     Allocated
|     Real              301915
|     Hollerith           9821
|     Integer            90180
|     Max Pairs         326870
|     nblistReal         35364
|     nblist Int         99102
|       Total             4689 kbytes

| Note: 1-4 EEL scale factors are being read from the topology file.

| Note: 1-4 VDW scale factors are being read from the topology file.
| Duplicated    0 dihedrals
| Duplicated    0 dihedrals

     BOX TYPE: TRUNCATED OCTAHEDRON
Note: ig = -1. Setting random seed to   524806 based on wallclock time in microseconds
      and disabling the synchronization of random numbers between tasks
      to improve performance.

--------------------------------------------------------------------------------
   2.  CONTROL  DATA  FOR  THE  RUN
--------------------------------------------------------------------------------

default_name                                                                    

General flags:
     imin    =       0, nmropt  =       0

Nature and format of input:
     ntx     =       1, irest   =       0, ntrx    =       1

Nature and format of output:
     ntxo    =       1, ntpr    =    1000, ntrx    =       1, ntwr    =   10000
     iwrap   =       0, ntwx    =    1000, ntwv    =       0, ntwe    =    1000
     ioutfm  =       1, ntwprt  =       0, idecomp =       0, rbornstat=      0

Potential function:
     ntf     =       2, ntb     =       2, igb     =       0, nsnb    =      25
     ipol    =       0, gbsa    =       0, iesp    =       0
     dielc   =   1.00000, cut     =   9.00000, intdiel =   1.00000

Frozen or restrained atoms:
     ibelly  =       0, ntr     =       1
     restraint_wt = 100.00000

Molecular dynamics:
     nstlim  =     10000, nscm    =         0, nrespa  =         1
     t       =   0.00000, dt      =   0.00200, vlimit  =  20.00000

Langevin dynamics temperature regulation:
     ig      =  524806
     temp0   = 298.00000, tempi   =   0.00000, gamma_ln=   3.00000

Pressure regulation:
     ntp     =       1
     pres0   =   1.00000, comp    =  44.60000, taup    =   1.00000

SHAKE:
     ntc     =       2, jfastw  =       0
     tol     =   0.00000

Ewald parameters:
     verbose =       0, ew_type =       0, nbflag  =       1, use_pme =       1
     vdwmeth =       1, eedmeth =       1, netfrc  =       1
     Box X =   35.935   Box Y =   35.935   Box Z =   35.935
     Alpha =  109.471   Beta  =  109.471   Gamma =  109.471
     NFFT1 =   36       NFFT2 =   36       NFFT3 =   36
     Cutoff=    9.000   Tol   =0.100E-04
     Ewald Coefficient =  0.30768
     Interpolation order =    4

| MPI Timing options:
|      profile_mpi =        0

    LOADING THE CONSTRAINED ATOMS AS GROUPS


   5.  REFERENCE ATOM COORDINATES

  defa
     Mask :1; matches     6 atoms

--------------------------------------------------------------------------------
   3.  ATOMIC COORDINATES AND VELOCITIES
--------------------------------------------------------------------------------

defa                                                                            
 begin time read from input coords =     0.000 ps

 Number of triangulated 3-point waters found:      975
|  Atom division among processors:
|         0     370     739    1108    1477    1846    2215    2581
|      2947

     Sum of charges from parm topology file =  -0.00000000
     Forcing neutrality...
|  Running AMBER/MPI version on    8 nodes


--------------------------------------------------------------------------------
   4.  RESULTS
--------------------------------------------------------------------------------

|  # of SOLUTE  degrees of freedom (RNDFP):    5904.
|  # of SOLVENT degrees of freedom (RNDFS):       0.
|  NDFMIN =    5904.     NUM_NOSHAKE =      0     CORRECTED RNDFP =    5904.
|  TOTAL # of degrees of freedom (RNDF) =    5904.
 ---------------------------------------------------
 APPROXIMATING switch and d/dx switch using CUBIC SPLINE INTERPOLATION
 using   5000.0 points per unit in tabled values
 TESTING RELATIVE ERROR over r ranging from 0.0 to cutoff
| CHECK switch(x): max rel err =   0.2738E-14   at   2.422500
| CHECK d/dx switch(x): max rel err =   0.8314E-11   at   2.736960
 ---------------------------------------------------
| Local SIZE OF NONBOND LIST =      92001
| TOTAL SIZE OF NONBOND LIST =     679230

 NSTEP =        0   TIME(PS) =       0.000  TEMP(K) =     0.00  PRESS = -5512.6
 Etot   =    -12809.9113  EKtot   =         0.0000  EPtot      =    -12809.9113
 BOND   =         0.8144  ANGLE   =         1.9164  DIHED      =        10.9051
 1-4 NB =         3.2076  1-4 EEL =        46.0075  VDWAALS    =      2222.0507
 EELEC  =    -15095.0451  EHBOND  =         0.0000  RESTRAINT  =         0.2321
 EAMBER (non-restraint)  =    -12810.1434
 EKCMT  =         0.0000  VIRIAL  =      4251.8569  VOLUME     =     35722.5655
                                                    Density    =         0.8232
 Ewald error estimate:   0.1273E-03
 ------------------------------------------------------------------------------


 NSTEP =     1000   TIME(PS) =       2.000  TEMP(K) =   293.59  PRESS =  -818.5
 Etot   =     -7491.9971  EKtot   =      1722.2489  EPtot      =     -9214.2460
 BOND   =         1.7038  ANGLE   =        10.3096  DIHED      =        11.2424
 1-4 NB =         2.4852  1-4 EEL =        43.6304  VDWAALS    =      1356.9084
 EELEC  =    -10642.2909  EHBOND  =         0.0000  RESTRAINT  =         1.7650
 EAMBER (non-restraint)  =     -9216.0110
 EKCMT  =       841.4830  VIRIAL  =      1413.4977  VOLUME     =     32368.1206
                                                    Density    =         0.9086
 Ewald error estimate:   0.1076E-03
 ------------------------------------------------------------------------------


 NSTEP =     2000   TIME(PS) =       4.000  TEMP(K) =   300.97  PRESS =  -175.7
 Etot   =     -7532.8653  EKtot   =      1765.5463  EPtot      =     -9298.4115
 BOND   =         1.4636  ANGLE   =         9.3132  DIHED      =        15.1228
 1-4 NB =         2.5923  1-4 EEL =        46.8622  VDWAALS    =      1415.9987
 EELEC  =    -10793.7609  EHBOND  =         0.0000  RESTRAINT  =         3.9964
 EAMBER (non-restraint)  =     -9302.4080
 EKCMT  =       848.8824  VIRIAL  =       966.3623  VOLUME     =     30972.7316
                                                    Density    =         0.9495
 Ewald error estimate:   0.1778E-03
 ------------------------------------------------------------------------------


 NSTEP =     3000   TIME(PS) =       6.000  TEMP(K) =   288.51  PRESS =  -102.1
 Etot   =     -7582.0061  EKtot   =      1692.4279  EPtot      =     -9274.4340
 BOND   =         1.6097  ANGLE   =        10.5359  DIHED      =        13.9328
 1-4 NB =         2.8026  1-4 EEL =        45.3525  VDWAALS    =      1369.3418
 EELEC  =    -10720.5209  EHBOND  =         0.0000  RESTRAINT  =         2.5117
 EAMBER (non-restraint)  =     -9276.9457
 EKCMT  =       864.1028  VIRIAL  =       930.9038  VOLUME     =     30308.1289
                                                    Density    =         0.9703
 Ewald error estimate:   0.5427E-04
 ------------------------------------------------------------------------------


 NSTEP =     4000   TIME(PS) =       8.000  TEMP(K) =   301.37  PRESS =  -200.1
 Etot   =     -7487.9479  EKtot   =      1767.9053  EPtot      =     -9255.8533
 BOND   =         2.1299  ANGLE   =        13.0180  DIHED      =        17.4438
 1-4 NB =         3.1995  1-4 EEL =        41.0344  VDWAALS    =      1326.0525
 EELEC  =    -10662.1843  EHBOND  =         0.0000  RESTRAINT  =         3.4530
 EAMBER (non-restraint)  =     -9259.3063
 EKCMT  =       896.4591  VIRIAL  =      1026.0596  VOLUME     =     29990.0970
                                                    Density    =         0.9806
 Ewald error estimate:   0.2655E-03
 ------------------------------------------------------------------------------


 NSTEP =     5000   TIME(PS) =      10.000  TEMP(K) =   294.67  PRESS =  -609.6
 Etot   =     -7596.9651  EKtot   =      1728.6014  EPtot      =     -9325.5665
 BOND   =         5.7418  ANGLE   =        16.4527  DIHED      =        11.1733
 1-4 NB =         1.5627  1-4 EEL =        39.7617  VDWAALS    =      1282.3781
 EELEC  =    -10684.9754  EHBOND  =         0.0000  RESTRAINT  =         2.3386
 EAMBER (non-restraint)  =     -9327.9051
 EKCMT  =       852.9944  VIRIAL  =      1242.6700  VOLUME     =     29605.1657
                                                    Density    =         0.9933
 Ewald error estimate:   0.5547E-04
 ------------------------------------------------------------------------------


 NSTEP =     6000   TIME(PS) =      12.000  TEMP(K) =   292.98  PRESS =   120.6
 Etot   =     -7644.3803  EKtot   =      1718.6562  EPtot      =     -9363.0365
 BOND   =         3.1528  ANGLE   =         7.4687  DIHED      =        10.6547
 1-4 NB =         3.2237  1-4 EEL =        45.9255  VDWAALS    =      1406.9467
 EELEC  =    -10841.3173  EHBOND  =         0.0000  RESTRAINT  =         0.9087
 EAMBER (non-restraint)  =     -9363.9451
 EKCMT  =       839.7179  VIRIAL  =       761.9631  VOLUME     =     29859.9708
                                                    Density    =         0.9849
 Ewald error estimate:   0.2374E-05
 ------------------------------------------------------------------------------


 NSTEP =     7000   TIME(PS) =      14.000  TEMP(K) =   296.52  PRESS =   545.9
 Etot   =     -7632.2631  EKtot   =      1739.4591  EPtot      =     -9371.7222
 BOND   =         1.5793  ANGLE   =         8.8790  DIHED      =         9.6204
 1-4 NB =         4.7003  1-4 EEL =        49.8318  VDWAALS    =      1467.2206
 EELEC  =    -10916.2566  EHBOND  =         0.0000  RESTRAINT  =         2.7030
 EAMBER (non-restraint)  =     -9374.4252
 EKCMT  =       857.5392  VIRIAL  =       506.2287  VOLUME     =     29807.4902
                                                    Density    =         0.9866
 Ewald error estimate:   0.9869E-05
 ------------------------------------------------------------------------------


 NSTEP =     8000   TIME(PS) =      16.000  TEMP(K) =   302.10  PRESS =  -436.1
 Etot   =     -7625.2126  EKtot   =      1772.1489  EPtot      =     -9397.3615
 BOND   =         4.2578  ANGLE   =        12.1100  DIHED      =        11.5520
 1-4 NB =         2.5294  1-4 EEL =        41.7489  VDWAALS    =      1340.8629
 EELEC  =    -10813.7019  EHBOND  =         0.0000  RESTRAINT  =         3.2794
 EAMBER (non-restraint)  =     -9400.6409
 EKCMT  =       872.2849  VIRIAL  =      1152.1862  VOLUME     =     29725.1403
                                                    Density    =         0.9893
 Ewald error estimate:   0.1514E-03
 ------------------------------------------------------------------------------


 NSTEP =     9000   TIME(PS) =      18.000  TEMP(K) =   298.05  PRESS =    74.0
 Etot   =     -7581.6292  EKtot   =      1748.4195  EPtot      =     -9330.0487
 BOND   =         2.5637  ANGLE   =         9.9939  DIHED      =        10.9553
 1-4 NB =         3.2948  1-4 EEL =        46.0636  VDWAALS    =      1381.9488
 EELEC  =    -10786.4926  EHBOND  =         0.0000  RESTRAINT  =         1.6238
 EAMBER (non-restraint)  =     -9331.6725
 EKCMT  =       858.9112  VIRIAL  =       811.3688  VOLUME     =     29735.8809
                                                    Density    =         0.9890
 Ewald error estimate:   0.2999E-03
 ------------------------------------------------------------------------------


 NSTEP =    10000   TIME(PS) =      20.000  TEMP(K) =   294.35  PRESS =    53.6
 Etot   =     -7596.6540  EKtot   =      1726.7103  EPtot      =     -9323.3643
 BOND   =         4.3756  ANGLE   =         9.2372  DIHED      =        12.1917
 1-4 NB =         2.1332  1-4 EEL =        44.2915  VDWAALS    =      1365.0987
 EELEC  =    -10763.6586  EHBOND  =         0.0000  RESTRAINT  =         2.9665
 EAMBER (non-restraint)  =     -9326.3308
 EKCMT  =       883.0290  VIRIAL  =       848.6292  VOLUME     =     29697.4491
                                                    Density    =         0.9903
 Ewald error estimate:   0.8526E-04
 ------------------------------------------------------------------------------


      A V E R A G E S   O V E R   10000 S T E P S


 NSTEP =    10000   TIME(PS) =      20.000  TEMP(K) =   292.48  PRESS =  -206.1
 Etot   =     -7648.8220  EKtot   =      1715.7256  EPtot      =     -9364.5476
 BOND   =         3.2262  ANGLE   =         9.7476  DIHED      =        11.9097
 1-4 NB =         3.0330  1-4 EEL =        44.6907  VDWAALS    =      1395.7518
 EELEC  =    -10835.8150  EHBOND  =         0.0000  RESTRAINT  =         2.9083
 EAMBER (non-restraint)  =     -9367.4559
 EKCMT  =       854.1357  VIRIAL  =       999.3158  VOLUME     =     30433.4799
                                                    Density    =         0.9679
 Ewald error estimate:   0.1946E-03
 ------------------------------------------------------------------------------


      R M S  F L U C T U A T I O N S


 NSTEP =    10000   TIME(PS) =      20.000  TEMP(K) =    26.55  PRESS =   470.9
 Etot   =       325.2336  EKtot   =       155.7394  EPtot      =       176.6999
 BOND   =         1.5241  ANGLE   =         2.7494  DIHED      =         1.6832
 1-4 NB =         0.7082  1-4 EEL =         2.1705  VDWAALS    =        85.4277
 EELEC  =       252.2105  EHBOND  =         0.0000  RESTRAINT  =         1.1675
 EAMBER (non-restraint)  =       175.5324
 EKCMT  =        75.6171  VIRIAL  =       293.7692  VOLUME     =      1275.4231
                                                    Density    =         0.0374
 Ewald error estimate:   0.1445E-03
 ------------------------------------------------------------------------------


--------------------------------------------------------------------------------
   5.  TIMINGS
--------------------------------------------------------------------------------

|>>>>>>>>PROFILE of Average TIMES>>>>>>>>> 
|                Build the list             9.73 (97.28% of List )
|                Other                      0.27 ( 2.72% of List )
|             List time                 10.00 ( 9.84% of Nonbo)
|                   Short_ene time            60.93 (96.54% of Direc)
|                   Other                      2.18 ( 3.46% of Direc)
|                Direct Ewald time         63.12 (68.88% of Ewald)
|                Adjust Ewald time          0.32 ( 0.35% of Ewald)
|                   Fill Bspline coeffs        1.35 ( 6.70% of Recip)
|                   Fill charge grid           1.26 ( 6.24% of Recip)
|                   Scalar sum                 5.28 (26.12% of Recip)
|                   Grad sum                   2.81 (13.89% of Recip)
|                      FFT back comm time         1.59 (18.21% of FFT t)
|                      Other                      7.16 (81.79% of FFT t)
|                   FFT time                   8.76 (43.31% of Recip)
|                   Other                      0.76 ( 3.74% of Recip)
|                Recip Ewald time          20.22 (22.06% of Ewald)
|                Force Adjust               7.54 ( 8.22% of Ewald)
|                Virial junk                0.41 ( 0.45% of Ewald)
|                Other                      0.03 ( 0.04% of Ewald)
|             Ewald time                91.64 (90.15% of Nonbo)
|             Other                      0.01 ( 0.01% of Nonbo)
|          Nonbond force            101.65 (98.86% of Force)
|          Bond/Angle/Dihedral        0.11 ( 0.11% of Force)
|          FRC Collect time           0.85 ( 0.83% of Force)
|          Other                      0.20 ( 0.20% of Force)
|       Force time               102.82 (92.39% of Runmd)
|       Shake time                 0.40 ( 0.36% of Runmd)
|       Verlet update time         4.23 ( 3.80% of Runmd)
|       Ekcmr time                 2.62 ( 2.36% of Runmd)
|       CRD distribute time        0.46 ( 0.41% of Runmd)
|       Other                      0.76 ( 0.68% of Runmd)
|    Runmd Time               111.29 (99.84% of Total)
|    Other                      0.18 ( 0.16% of Total)
| Total time               111.47 (100.0% of ALL  )

| Number of list builds   :        900

| Highest rstack allocated:      40369
| Highest istack allocated:        873

| Final Performance Info:
| -----------------------------------------------------
| Average timings for all steps:
|     Elapsed(s) =     111.70 Per Step(ms) =      11.17
|         ns/day =      15.47   seconds/ns =    5585.06
| -----------------------------------------------------

|           Job began  at 14:59:53.464  on 03/14/2017
|           Setup done at 14:59:53.646  on 03/14/2017
|           Run   done at 15:01:45.208  on 03/14/2017
|     wallclock() was called  571867 times
