
          -------------------------------------------------------
          Amber 16 SANDER                              2016
          -------------------------------------------------------

| Run on 03/14/2017 at 15:21:08

|   Executable path: sander.MPI
| Working directory: /home/steboss/projects/mdgx-tests/alanine/IPOLQ/input/PhiPsi_1/345/150
|          Hostname: node007

  [-O]verwriting output

File Assignments:
|  MDIN: equil.in                                                              
| MDOUT: Conf150.eq.out                                                        
|INPCRD: Conf150.min                                                           
|  PARM: Conf150.top                                                           
|RESTRT: Conf150.rst                                                           
|  REFC: Conf150.crd                                                           
| MDVEL: mdvel                                                                 
| MDFRC: mdfrc                                                                 
|  MDEN: mden                                                                  
| MDCRD: mdcrd                                                                 
|MDINFO: mdinfo                                                                
|  MTMD: mtmd                                                                  
|INPDIP: inpdip                                                                
|RSTDIP: rstdip                                                                
|INPTRA: inptraj                                                               

|    REMLOG: rem.log
|   REMTYPE: rem.type
|  REMSTRIP: 
|   SAVEENE: saveene
|CLUSTERINF: cluster.info
| RESERVOIR: reserv/frame
|   REMDDIM: 


 Here is the input file:

Equilibrate water in NPT                                                       
 &cntrl                                                                        
                                                                               
  nmropt = 0,                                                                  
  ntx    = 1,       irest  = 0,       ntrx   = 1,      ntxo   = 1,             
  ntpr   = 1000,    ntwx   = 1000,    ntwv   = 0,      ntwe   = 1000,          
  iwrap  = 0,       ioutfm = 1,                                                
                                                                               
  ntf    = 2,       ntb    = 2,                                                
  cut = 9.0,                                                                   
                                                                               
  ibelly = 0,       ntr    = 1,                                                
  restraintmask = ':1',                                                        
  restraint_wt = 100.0,                                                        
                                                                               
  imin   = 0,                                                                  
  nstlim = 10000,                                                              
  nscm   = 1000,                                                               
  t      = 0.0,     dt     = 0.002,                                            
                                                                               
  temp0     = 298.0,   tempi  = 0.0,                                           
  ig        = -1,                                                              
  ntt       = 3,                                                               
  gamma_ln  = 3.0,                                                             
                                                                               
  ntp    = 1,       pres0  = 1.0,     comp   = 44.6,                           
  taup   = 1.0,                                                                
                                                                               
  ntc    = 2,       tol    = 0.000001, watnam = 'WAT ',                        
                                                                               
 &end                                                                          

--------------------------------------------------------------------------------
   1.  RESOURCE   USE: 
--------------------------------------------------------------------------------

| Flags: MPI                                                                    
 getting new box info from bottom of inpcrd
|  INFO: Old style inpcrd file read

| peek_ewald_inpcrd: Box info found
|Largest sphere to fit in unit cell has radius =    14.614
| New format PARM file being parsed.
| Version =    1.000 Date = 03/14/17 Time = 13:40:11
 NATOM  =    2920 NTYPES =       9 NBONH =    2910 MBONA  =       9
 NTHETH =      25 MTHETA =      11 NPHIH =      43 MPHIA  =      24
 NHPARM =       0 NPARM  =       0 NNB   =    3963 NRES   =     969
 NBONA  =       9 NTHETA =      11 NPHIA =      24 NUMBND =      10
 NUMANG =      16 NPTRA  =      19 NATYP =       9 NPHB   =       1
 IFBOX  =       2 NMXRS  =      10 IFCAP =       0 NEXTRA =       0
 NCOPY  =       0


|     Memory Use     Allocated
|     Real              299944
|     Hollerith           9731
|     Integer            89568
|     Max Pairs         323876
|     nblistReal         35040
|     nblist Int         88541
|       Total             4615 kbytes

| Note: 1-4 EEL scale factors are being read from the topology file.

| Note: 1-4 VDW scale factors are being read from the topology file.
| Duplicated    0 dihedrals
| Duplicated    0 dihedrals

     BOX TYPE: TRUNCATED OCTAHEDRON
Note: ig = -1. Setting random seed to   364242 based on wallclock time in microseconds
      and disabling the synchronization of random numbers between tasks
      to improve performance.

--------------------------------------------------------------------------------
   2.  CONTROL  DATA  FOR  THE  RUN
--------------------------------------------------------------------------------

default_name                                                                    

General flags:
     imin    =       0, nmropt  =       0

Nature and format of input:
     ntx     =       1, irest   =       0, ntrx    =       1

Nature and format of output:
     ntxo    =       1, ntpr    =    1000, ntrx    =       1, ntwr    =   10000
     iwrap   =       0, ntwx    =    1000, ntwv    =       0, ntwe    =    1000
     ioutfm  =       1, ntwprt  =       0, idecomp =       0, rbornstat=      0

Potential function:
     ntf     =       2, ntb     =       2, igb     =       0, nsnb    =      25
     ipol    =       0, gbsa    =       0, iesp    =       0
     dielc   =   1.00000, cut     =   9.00000, intdiel =   1.00000

Frozen or restrained atoms:
     ibelly  =       0, ntr     =       1
     restraint_wt = 100.00000

Molecular dynamics:
     nstlim  =     10000, nscm    =         0, nrespa  =         1
     t       =   0.00000, dt      =   0.00200, vlimit  =  20.00000

Langevin dynamics temperature regulation:
     ig      =  364242
     temp0   = 298.00000, tempi   =   0.00000, gamma_ln=   3.00000

Pressure regulation:
     ntp     =       1
     pres0   =   1.00000, comp    =  44.60000, taup    =   1.00000

SHAKE:
     ntc     =       2, jfastw  =       0
     tol     =   0.00000

Ewald parameters:
     verbose =       0, ew_type =       0, nbflag  =       1, use_pme =       1
     vdwmeth =       1, eedmeth =       1, netfrc  =       1
     Box X =   35.797   Box Y =   35.797   Box Z =   35.797
     Alpha =  109.471   Beta  =  109.471   Gamma =  109.471
     NFFT1 =   36       NFFT2 =   36       NFFT3 =   36
     Cutoff=    9.000   Tol   =0.100E-04
     Ewald Coefficient =  0.30768
     Interpolation order =    4

| MPI Timing options:
|      profile_mpi =        0

    LOADING THE CONSTRAINED ATOMS AS GROUPS


   5.  REFERENCE ATOM COORDINATES

  defa
     Mask :1; matches     6 atoms

--------------------------------------------------------------------------------
   3.  ATOMIC COORDINATES AND VELOCITIES
--------------------------------------------------------------------------------

defa                                                                            
 begin time read from input coords =     0.000 ps

 Number of triangulated 3-point waters found:      966
|  Atom division among processors:
|         0     367     733    1099    1465    1828    2194    2557
|      2920

     Sum of charges from parm topology file =  -0.00000000
     Forcing neutrality...
|  Running AMBER/MPI version on    8 nodes


--------------------------------------------------------------------------------
   4.  RESULTS
--------------------------------------------------------------------------------

|  # of SOLUTE  degrees of freedom (RNDFP):    5850.
|  # of SOLVENT degrees of freedom (RNDFS):       0.
|  NDFMIN =    5850.     NUM_NOSHAKE =      0     CORRECTED RNDFP =    5850.
|  TOTAL # of degrees of freedom (RNDF) =    5850.
 ---------------------------------------------------
 APPROXIMATING switch and d/dx switch using CUBIC SPLINE INTERPOLATION
 using   5000.0 points per unit in tabled values
 TESTING RELATIVE ERROR over r ranging from 0.0 to cutoff
| CHECK switch(x): max rel err =   0.2738E-14   at   2.422500
| CHECK d/dx switch(x): max rel err =   0.8314E-11   at   2.736960
 ---------------------------------------------------
| Local SIZE OF NONBOND LIST =      93589
| TOTAL SIZE OF NONBOND LIST =     674459

 NSTEP =        0   TIME(PS) =       0.000  TEMP(K) =     0.00  PRESS = -5601.2
 Etot   =    -12727.5770  EKtot   =         0.0000  EPtot      =    -12727.5770
 BOND   =         0.3252  ANGLE   =         0.9504  DIHED      =        10.5317
 1-4 NB =         2.5831  1-4 EEL =        47.0965  VDWAALS    =      2209.4070
 EELEC  =    -14998.8371  EHBOND  =         0.0000  RESTRAINT  =         0.3662
 EAMBER (non-restraint)  =    -12727.9432
 EKCMT  =         0.0000  VIRIAL  =      4270.5418  VOLUME     =     35312.1348
                                                    Density    =         0.8252
 Ewald error estimate:   0.1391E-03
 ------------------------------------------------------------------------------


 NSTEP =     1000   TIME(PS) =       2.000  TEMP(K) =   293.32  PRESS = -1149.2
 Etot   =     -7425.3316  EKtot   =      1704.9377  EPtot      =     -9130.2693
 BOND   =         5.2869  ANGLE   =         4.6291  DIHED      =        11.8242
 1-4 NB =         2.1220  1-4 EEL =        46.4585  VDWAALS    =      1301.9225
 EELEC  =    -10506.6837  EHBOND  =         0.0000  RESTRAINT  =         4.1711
 EAMBER (non-restraint)  =     -9134.4405
 EKCMT  =       857.3370  VIRIAL  =      1661.8877  VOLUME     =     32425.3699
                                                    Density    =         0.8986
 Ewald error estimate:   0.4661E-04
 ------------------------------------------------------------------------------


 NSTEP =     2000   TIME(PS) =       4.000  TEMP(K) =   294.03  PRESS =  -139.0
 Etot   =     -7519.0217  EKtot   =      1709.0888  EPtot      =     -9228.1106
 BOND   =         5.2917  ANGLE   =         8.1849  DIHED      =        10.2980
 1-4 NB =         2.9343  1-4 EEL =        45.0545  VDWAALS    =      1396.9212
 EELEC  =    -10699.7963  EHBOND  =         0.0000  RESTRAINT  =         3.0012
 EAMBER (non-restraint)  =     -9231.1118
 EKCMT  =       880.4398  VIRIAL  =       972.2692  VOLUME     =     30604.8557
                                                    Density    =         0.9521
 Ewald error estimate:   0.2042E-03
 ------------------------------------------------------------------------------


 NSTEP =     3000   TIME(PS) =       6.000  TEMP(K) =   300.23  PRESS =   -50.3
 Etot   =     -7508.7470  EKtot   =      1745.1171  EPtot      =     -9253.8641
 BOND   =         2.7042  ANGLE   =         9.0366  DIHED      =        13.2134
 1-4 NB =         2.1318  1-4 EEL =        47.0838  VDWAALS    =      1373.2411
 EELEC  =    -10705.4026  EHBOND  =         0.0000  RESTRAINT  =         4.1276
 EAMBER (non-restraint)  =     -9257.9918
 EKCMT  =       914.8863  VIRIAL  =       947.3892  VOLUME     =     29901.0432
                                                    Density    =         0.9745
 Ewald error estimate:   0.6723E-03
 ------------------------------------------------------------------------------


 NSTEP =     4000   TIME(PS) =       8.000  TEMP(K) =   300.57  PRESS =    22.6
 Etot   =     -7584.0265  EKtot   =      1747.0603  EPtot      =     -9331.0868
 BOND   =         4.8818  ANGLE   =         7.3944  DIHED      =        10.4017
 1-4 NB =         4.7167  1-4 EEL =        47.3667  VDWAALS    =      1414.5790
 EELEC  =    -10822.9971  EHBOND  =         0.0000  RESTRAINT  =         2.5700
 EAMBER (non-restraint)  =     -9333.6568
 EKCMT  =       889.1914  VIRIAL  =       874.6745  VOLUME     =     29705.9364
                                                    Density    =         0.9809
 Ewald error estimate:   0.3890E-03
 ------------------------------------------------------------------------------


 NSTEP =     5000   TIME(PS) =      10.000  TEMP(K) =   286.97  PRESS =   -60.3
 Etot   =     -7603.2973  EKtot   =      1668.0067  EPtot      =     -9271.3040
 BOND   =         2.1540  ANGLE   =         6.1482  DIHED      =        10.2901
 1-4 NB =         3.5421  1-4 EEL =        50.2743  VDWAALS    =      1379.9512
 EELEC  =    -10726.5543  EHBOND  =         0.0000  RESTRAINT  =         2.8903
 EAMBER (non-restraint)  =     -9274.1943
 EKCMT  =       809.7259  VIRIAL  =       848.2137  VOLUME     =     29548.3440
                                                    Density    =         0.9861
 Ewald error estimate:   0.4069E-03
 ------------------------------------------------------------------------------


 NSTEP =     6000   TIME(PS) =      12.000  TEMP(K) =   289.56  PRESS =   163.7
 Etot   =     -7615.0264  EKtot   =      1683.0896  EPtot      =     -9298.1160
 BOND   =         5.5396  ANGLE   =        11.1322  DIHED      =        10.7035
 1-4 NB =         4.0474  1-4 EEL =        46.2035  VDWAALS    =      1405.5187
 EELEC  =    -10788.6832  EHBOND  =         0.0000  RESTRAINT  =         7.4221
 EAMBER (non-restraint)  =     -9305.5382
 EKCMT  =       853.1869  VIRIAL  =       748.6620  VOLUME     =     29573.7485
                                                    Density    =         0.9853
 Ewald error estimate:   0.1828E-04
 ------------------------------------------------------------------------------


 NSTEP =     7000   TIME(PS) =      14.000  TEMP(K) =   297.85  PRESS =  -523.6
 Etot   =     -7517.0377  EKtot   =      1731.2488  EPtot      =     -9248.2865
 BOND   =         2.2279  ANGLE   =         6.2057  DIHED      =        10.8760
 1-4 NB =         2.3118  1-4 EEL =        46.0759  VDWAALS    =      1282.9106
 EELEC  =    -10603.4769  EHBOND  =         0.0000  RESTRAINT  =         4.5825
 EAMBER (non-restraint)  =     -9252.8690
 EKCMT  =       877.4616  VIRIAL  =      1210.5280  VOLUME     =     29461.6371
                                                    Density    =         0.9890
 Ewald error estimate:   0.1618E-03
 ------------------------------------------------------------------------------


 NSTEP =     8000   TIME(PS) =      16.000  TEMP(K) =   296.82  PRESS =  -538.2
 Etot   =     -7546.2787  EKtot   =      1725.2769  EPtot      =     -9271.5556
 BOND   =         2.3120  ANGLE   =        12.7221  DIHED      =        10.5791
 1-4 NB =         2.5104  1-4 EEL =        44.7528  VDWAALS    =      1303.4951
 EELEC  =    -10652.1263  EHBOND  =         0.0000  RESTRAINT  =         4.1990
 EAMBER (non-restraint)  =     -9275.7546
 EKCMT  =       848.7883  VIRIAL  =      1190.7780  VOLUME     =     29428.2122
                                                    Density    =         0.9902
 Ewald error estimate:   0.5765E-03
 ------------------------------------------------------------------------------


 NSTEP =     9000   TIME(PS) =      18.000  TEMP(K) =   298.79  PRESS =   -77.8
 Etot   =     -7470.3029  EKtot   =      1736.7158  EPtot      =     -9207.0187
 BOND   =         1.9802  ANGLE   =         7.6370  DIHED      =        10.5909
 1-4 NB =         3.4779  1-4 EEL =        49.3518  VDWAALS    =      1343.4386
 EELEC  =    -10625.2666  EHBOND  =         0.0000  RESTRAINT  =         1.7715
 EAMBER (non-restraint)  =     -9208.7902
 EKCMT  =       851.7738  VIRIAL  =       901.5183  VOLUME     =     29606.6558
                                                    Density    =         0.9842
 Ewald error estimate:   0.1757E-03
 ------------------------------------------------------------------------------


 NSTEP =    10000   TIME(PS) =      20.000  TEMP(K) =   297.37  PRESS =  -190.4
 Etot   =     -7569.1456  EKtot   =      1728.4834  EPtot      =     -9297.6291
 BOND   =         2.5897  ANGLE   =         9.6830  DIHED      =        11.4226
 1-4 NB =         3.1258  1-4 EEL =        45.5580  VDWAALS    =      1372.4225
 EELEC  =    -10746.6446  EHBOND  =         0.0000  RESTRAINT  =         4.2139
 EAMBER (non-restraint)  =     -9301.8430
 EKCMT  =       854.6134  VIRIAL  =       976.5666  VOLUME     =     29669.3220
                                                    Density    =         0.9821
 Ewald error estimate:   0.1938E-03
 ------------------------------------------------------------------------------


      A V E R A G E S   O V E R   10000 S T E P S


 NSTEP =    10000   TIME(PS) =      20.000  TEMP(K) =   292.40  PRESS =  -194.2
 Etot   =     -7577.0312  EKtot   =      1699.5802  EPtot      =     -9276.6114
 BOND   =         2.9483  ANGLE   =         7.8021  DIHED      =        11.4328
 1-4 NB =         3.1104  1-4 EEL =        46.8867  VDWAALS    =      1386.9468
 EELEC  =    -10738.6504  EHBOND  =         0.0000  RESTRAINT  =         2.9118
 EAMBER (non-restraint)  =     -9279.5233
 EKCMT  =       846.3522  VIRIAL  =       982.2981  VOLUME     =     30246.9894
                                                    Density    =         0.9649
 Ewald error estimate:   0.1889E-03
 ------------------------------------------------------------------------------


      R M S  F L U C T U A T I O N S


 NSTEP =    10000   TIME(PS) =      20.000  TEMP(K) =    26.37  PRESS =   464.3
 Etot   =       325.4994  EKtot   =       153.2916  EPtot      =       179.4254
 BOND   =         1.3820  ANGLE   =         2.2048  DIHED      =         1.0117
 1-4 NB =         0.6611  1-4 EEL =         1.8638  VDWAALS    =        89.1838
 EELEC  =       258.4851  EHBOND  =         0.0000  RESTRAINT  =         1.1927
 EAMBER (non-restraint)  =       178.2327
 EKCMT  =        74.7086  VIRIAL  =       286.0010  VOLUME     =      1266.5167
                                                    Density    =         0.0373
 Ewald error estimate:   0.1485E-03
 ------------------------------------------------------------------------------


--------------------------------------------------------------------------------
   5.  TIMINGS
--------------------------------------------------------------------------------

|>>>>>>>>PROFILE of Average TIMES>>>>>>>>> 
|                Build the list             9.59 (97.22% of List )
|                Other                      0.27 ( 2.78% of List )
|             List time                  9.87 ( 9.79% of Nonbo)
|                   Short_ene time            60.64 (96.53% of Direc)
|                   Other                      2.18 ( 3.47% of Direc)
|                Direct Ewald time         62.82 (69.10% of Ewald)
|                Adjust Ewald time          0.32 ( 0.35% of Ewald)
|                   Fill Bspline coeffs        1.35 ( 6.63% of Recip)
|                   Fill charge grid           1.23 ( 6.03% of Recip)
|                   Scalar sum                 5.30 (25.98% of Recip)
|                   Grad sum                   2.73 (13.39% of Recip)
|                      FFT back comm time         1.63 (18.22% of FFT t)
|                      Other                      7.33 (81.78% of FFT t)
|                   FFT time                   8.96 (43.97% of Recip)
|                   Other                      0.82 ( 4.00% of Recip)
|                Recip Ewald time          20.38 (22.42% of Ewald)
|                Force Adjust               6.96 ( 7.65% of Ewald)
|                Virial junk                0.40 ( 0.44% of Ewald)
|                Other                      0.03 ( 0.04% of Ewald)
|             Ewald time                90.92 (90.20% of Nonbo)
|             Other                      0.01 ( 0.01% of Nonbo)
|          Nonbond force            100.80 (98.78% of Force)
|          Bond/Angle/Dihedral        0.11 ( 0.11% of Force)
|          FRC Collect time           0.91 ( 0.90% of Force)
|          Other                      0.22 ( 0.21% of Force)
|       Force time               102.04 (92.33% of Runmd)
|       Shake time                 0.40 ( 0.37% of Runmd)
|       Verlet update time         4.17 ( 3.77% of Runmd)
|       Ekcmr time                 2.64 ( 2.39% of Runmd)
|       CRD distribute time        0.51 ( 0.46% of Runmd)
|       Other                      0.75 ( 0.68% of Runmd)
|    Runmd Time               110.52 (100.0% of Total)
|    Other                      0.09 ( 0.08% of Total)
| Total time               110.61 (100.0% of ALL  )

| Number of list builds   :        903

| Highest rstack allocated:      40153
| Highest istack allocated:        865

| Final Performance Info:
| -----------------------------------------------------
| Average timings for all steps:
|     Elapsed(s) =     111.17 Per Step(ms) =      11.12
|         ns/day =      15.54   seconds/ns =    5558.41
| -----------------------------------------------------

|           Job began  at 15:21:08.313  on 03/14/2017
|           Setup done at 15:21:08.402  on 03/14/2017
|           Run   done at 15:22:59.327  on 03/14/2017
|     wallclock() was called  571873 times
