
          -------------------------------------------------------
          Amber 16 SANDER                              2016
          -------------------------------------------------------

| Run on 03/14/2017 at 13:37:34

|   Executable path: sander.MPI
| Working directory: /home/steboss/projects/mdgx-tests/alanine/IPOLQ/input/PhiPsi_1/0/0
|          Hostname: node001

  [-O]verwriting output

File Assignments:
|  MDIN: min.in                                                                
| MDOUT: Conf0.min.out                                                         
|INPCRD: Conf0.crd                                                             
|  PARM: Conf0.top                                                             
|RESTRT: Conf0.min                                                             
|  REFC: Conf0.crd                                                             
| MDVEL: mdvel                                                                 
| MDFRC: mdfrc                                                                 
|  MDEN: mden                                                                  
| MDCRD: mdcrd                                                                 
|MDINFO: mdinfo                                                                
|  MTMD: mtmd                                                                  
|INPDIP: inpdip                                                                
|RSTDIP: rstdip                                                                
|INPTRA: inptraj                                                               

|    REMLOG: rem.log
|   REMTYPE: rem.type
|  REMSTRIP: 
|   SAVEENE: saveene
|CLUSTERINF: cluster.info
| RESERVOIR: reserv/frame
|   REMDDIM: 


 Here is the input file:

Initial minimization                                                           
 &cntrl                                                                        
  ntx    = 1,       irest  = 0,       ntrx   = 1,      ntxo   = 1,             
  ntpr   = 20,      ntwx   = 0,       ntwv   = 0,      ntwe   = 0,             
                                                                               
  ntf    = 1,       ntb    = 1,                                                
  ntc    = 1,       ntr    = 1,                                                
  restraintmask = ':1',                                                        
  restraint_wt = 100.0,                                                        
  cut    = 9.0,                                                                
                                                                               
  imin   = 1,                                                                  
  maxcyc = 1000,                                                               
  ncyc   = 100,                                                                
                                                                               
 &end                                                                          

--------------------------------------------------------------------------------
   1.  RESOURCE   USE: 
--------------------------------------------------------------------------------

| Flags: MPI                                                                    
 getting new box info from bottom of inpcrd
|  INFO: Old style inpcrd file read

| peek_ewald_inpcrd: Box info found
|Largest sphere to fit in unit cell has radius =    14.161
| New format PARM file being parsed.
| Version =    1.000 Date = 03/14/17 Time = 13:37:32
 NATOM  =    2689 NTYPES =       9 NBONH =    2679 MBONA  =       9
 NTHETH =      25 MTHETA =      11 NPHIH =      43 MPHIA  =      24
 NHPARM =       0 NPARM  =       0 NNB   =    3655 NRES   =     892
 NBONA  =       9 NTHETA =      11 NPHIA =      24 NUMBND =      10
 NUMANG =      16 NPTRA  =      19 NATYP =       9 NPHB   =       1
 IFBOX  =       2 NMXRS  =      10 IFCAP =       0 NEXTRA =       0
 NCOPY  =       0


|     Memory Use     Allocated
|     Real              315549
|     Hollerith           8961
|     Integer            84332
|     Max Pairs         298254
|     nblistReal         32268
|     nblist Int         83151
|       Total             4571 kbytes

| Note: 1-4 EEL scale factors are being read from the topology file.

| Note: 1-4 VDW scale factors are being read from the topology file.
| Duplicated    0 dihedrals
| Duplicated    0 dihedrals

     BOX TYPE: TRUNCATED OCTAHEDRON

--------------------------------------------------------------------------------
   2.  CONTROL  DATA  FOR  THE  RUN
--------------------------------------------------------------------------------

default_name                                                                    

General flags:
     imin    =       1, nmropt  =       0

Nature and format of input:
     ntx     =       1, irest   =       0, ntrx    =       1

Nature and format of output:
     ntxo    =       1, ntpr    =      20, ntrx    =       1, ntwr    =       1
     iwrap   =       0, ntwx    =       0, ntwv    =       0, ntwe    =       0
     ioutfm  =       1, ntwprt  =       0, idecomp =       0, rbornstat=      0

Potential function:
     ntf     =       1, ntb     =       1, igb     =       0, nsnb    =      25
     ipol    =       0, gbsa    =       0, iesp    =       0
     dielc   =   1.00000, cut     =   9.00000, intdiel =   1.00000

Frozen or restrained atoms:
     ibelly  =       0, ntr     =       1
     restraint_wt = 100.00000

Energy minimization:
     maxcyc  =    1000, ncyc    =     100, ntmin   =       1
     dx0     =   0.01000, drms    =   0.00010

Ewald parameters:
     verbose =       0, ew_type =       0, nbflag  =       1, use_pme =       1
     vdwmeth =       1, eedmeth =       1, netfrc  =       0
     Box X =   34.686   Box Y =   34.686   Box Z =   34.686
     Alpha =  109.471   Beta  =  109.471   Gamma =  109.471
     NFFT1 =   36       NFFT2 =   36       NFFT3 =   36
     Cutoff=    9.000   Tol   =0.100E-04
     Ewald Coefficient =  0.30768
     Interpolation order =    4

| MPI Timing options:
|      profile_mpi =        0

    LOADING THE CONSTRAINED ATOMS AS GROUPS


   5.  REFERENCE ATOM COORDINATES

  defa
     Mask :1; matches     6 atoms

--------------------------------------------------------------------------------
   3.  ATOMIC COORDINATES AND VELOCITIES
--------------------------------------------------------------------------------

default_name                                                                    
 begin time read from input coords =     0.000 ps

 Number of triangulated 3-point waters found:      889
|  Atom division among processors:
|         0     337     673    1009    1345    1681    2017    2353
|      2689

     Sum of charges from parm topology file =  -0.00000000
     Forcing neutrality...
|  Running AMBER/MPI version on    8 nodes


--------------------------------------------------------------------------------
   4.  RESULTS
--------------------------------------------------------------------------------

 ---------------------------------------------------
 APPROXIMATING switch and d/dx switch using CUBIC SPLINE INTERPOLATION
 using   5000.0 points per unit in tabled values
 TESTING RELATIVE ERROR over r ranging from 0.0 to cutoff
| CHECK switch(x): max rel err =   0.2738E-14   at   2.422500
| CHECK d/dx switch(x): max rel err =   0.8314E-11   at   2.736960
 ---------------------------------------------------
| Local SIZE OF NONBOND LIST =      83886
| TOTAL SIZE OF NONBOND LIST =     626923


   NSTEP       ENERGY          RMS            GMAX         NAME    NUMBER
      1      -5.7364E+03     3.0927E+01     4.0625E+02     O        1964

 BOND    =        2.4232  ANGLE   =       15.9623  DIHED      =        9.2657
 VDWAALS =     2759.1636  EEL     =    -8564.5089  HBOND      =        0.0000
 1-4 VDW =        1.6124  1-4 EEL =       39.6523  RESTRAINT  =        0.0000


   NSTEP       ENERGY          RMS            GMAX         NAME    NUMBER
     20      -7.8030E+03     4.7906E+00     4.6622E+01     O         359

 BOND    =      427.8759  ANGLE   =       15.9416  DIHED      =        9.2508
 VDWAALS =     1260.4095  EEL     =    -9557.8016  HBOND      =        0.0000
 1-4 VDW =        1.5854  1-4 EEL =       39.7062  RESTRAINT  =        0.0254
 EAMBER  =    -7803.0321


   NSTEP       ENERGY          RMS            GMAX         NAME    NUMBER
     40      -8.8261E+03     1.7077E+00     1.0965E+01     H1        768

 BOND    =      524.0657  ANGLE   =       14.5010  DIHED      =        9.2366
 VDWAALS =     1054.9347  EEL     =   -10470.2491  HBOND      =        0.0000
 1-4 VDW =        1.6077  1-4 EEL =       39.6262  RESTRAINT  =        0.1909
 EAMBER  =    -8826.2772


   NSTEP       ENERGY          RMS            GMAX         NAME    NUMBER
     60      -9.0784E+03     3.4549E+00     2.4711E+01     H2       2614

 BOND    =      619.0993  ANGLE   =       13.7959  DIHED      =        9.2306
 VDWAALS =     1070.0359  EEL     =   -10831.9500  HBOND      =        0.0000
 1-4 VDW =        1.6291  1-4 EEL =       39.6050  RESTRAINT  =        0.1982
 EAMBER  =    -9078.5542


   NSTEP       ENERGY          RMS            GMAX         NAME    NUMBER
     80      -9.2266E+03     4.0812E+00     2.6832E+01     H2       2614

 BOND    =      659.4115  ANGLE   =       13.3115  DIHED      =        9.2229
 VDWAALS =     1094.9489  EEL     =   -11044.9676  HBOND      =        0.0000
 1-4 VDW =        1.6504  1-4 EEL =       39.5740  RESTRAINT  =        0.2007
 EAMBER  =    -9226.8484


   NSTEP       ENERGY          RMS            GMAX         NAME    NUMBER
    100      -9.3564E+03     9.5512E-01     5.7038E+00     H1        780

 BOND    =      557.8748  ANGLE   =       12.9393  DIHED      =        9.2157
 VDWAALS =     1122.3682  EEL     =   -11100.2416  HBOND      =        0.0000
 1-4 VDW =        1.6786  1-4 EEL =       39.5246  RESTRAINT  =        0.2047
 EAMBER  =    -9356.6404


   NSTEP       ENERGY          RMS            GMAX         NAME    NUMBER
    120      -9.7935E+03     2.4742E+00     7.4155E+01     H1       2166

 BOND    =      646.8340  ANGLE   =       11.8123  DIHED      =        9.2653
 VDWAALS =     1423.3641  EEL     =   -11926.5085  HBOND      =        0.0000
 1-4 VDW =        2.0158  1-4 EEL =       39.3383  RESTRAINT  =        0.3835
 EAMBER  =    -9793.8786


   NSTEP       ENERGY          RMS            GMAX         NAME    NUMBER
    140      -9.8784E+03     6.0588E+00     2.9974E+02     H1       2166

 BOND    =      720.2169  ANGLE   =       11.9213  DIHED      =        9.3298
 VDWAALS =     1469.5929  EEL     =   -12131.5027  HBOND      =        0.0000
 1-4 VDW =        2.0387  1-4 EEL =       39.4503  RESTRAINT  =        0.5165
 EAMBER  =    -9878.9527


   NSTEP       ENERGY          RMS            GMAX         NAME    NUMBER
    160      -1.0025E+04     2.0606E+00     2.4502E+01     O        2654

 BOND    =      648.4739  ANGLE   =       12.4296  DIHED      =        9.5103
 VDWAALS =     1491.6723  EEL     =   -12229.8134  HBOND      =        0.0000
 1-4 VDW =        2.0502  1-4 EEL =       39.9367  RESTRAINT  =        0.8130
 EAMBER  =   -10025.7404


   NSTEP       ENERGY          RMS            GMAX         NAME    NUMBER
    180      -1.0096E+04     8.0714E-01     1.2996E+01     O        2165

 BOND    =      691.1461  ANGLE   =       11.3066  DIHED      =        9.6655
 VDWAALS =     1582.2332  EEL     =   -12432.8410  HBOND      =        0.0000
 1-4 VDW =        1.9899  1-4 EEL =       39.7116  RESTRAINT  =        0.6553
 EAMBER  =   -10096.7881


   NSTEP       ENERGY          RMS            GMAX         NAME    NUMBER
    200      -1.0189E+04     1.6271E+00     4.1070E+01     CA          9

 BOND    =      719.2739  ANGLE   =       10.6035  DIHED      =        9.7215
 VDWAALS =     1628.4295  EEL     =   -12599.2643  HBOND      =        0.0000
 1-4 VDW =        1.8470  1-4 EEL =       39.2819  RESTRAINT  =        0.7973
 EAMBER  =   -10190.1070


   NSTEP       ENERGY          RMS            GMAX         NAME    NUMBER
    220      -1.0230E+04     1.3719E+00     3.4355E+01     C           5

 BOND    =      707.9716  ANGLE   =       11.0307  DIHED      =        9.8110
 VDWAALS =     1660.7297  EEL     =   -12661.4409  HBOND      =        0.0000
 1-4 VDW =        1.7963  1-4 EEL =       39.0461  RESTRAINT  =        0.6988
 EAMBER  =   -10231.0555


   NSTEP       ENERGY          RMS            GMAX         NAME    NUMBER
    240      -1.0309E+04     7.3489E-01     1.9103E+01     CH3        19

 BOND    =      729.7438  ANGLE   =       10.3618  DIHED      =       10.2048
 VDWAALS =     1727.0095  EEL     =   -12828.6316  HBOND      =        0.0000
 1-4 VDW =        1.9683  1-4 EEL =       39.5186  RESTRAINT  =        0.7171
 EAMBER  =   -10309.8248


   NSTEP       ENERGY          RMS            GMAX         NAME    NUMBER
    260      -1.0346E+04     9.0628E-01     1.9069E+01     N           7

 BOND    =      731.6806  ANGLE   =       10.9196  DIHED      =       10.3606
 VDWAALS =     1757.5129  EEL     =   -12899.2464  HBOND      =        0.0000
 1-4 VDW =        2.0188  1-4 EEL =       39.6741  RESTRAINT  =        0.6685
 EAMBER  =   -10347.0796


   NSTEP       ENERGY          RMS            GMAX         NAME    NUMBER
    280      -1.0383E+04     8.0582E-01     2.0397E+01     HH31       20

 BOND    =      752.1686  ANGLE   =       11.1479  DIHED      =       10.5335
 VDWAALS =     1817.1237  EEL     =   -13016.1539  HBOND      =        0.0000
 1-4 VDW =        1.8620  1-4 EEL =       39.4905  RESTRAINT  =        0.8534
 EAMBER  =   -10383.8277


   NSTEP       ENERGY          RMS            GMAX         NAME    NUMBER
    300      -1.0422E+04     8.1603E-01     2.0361E+01     CA          9

 BOND    =      756.3002  ANGLE   =        9.2212  DIHED      =       10.8492
 VDWAALS =     1834.2096  EEL     =   -13074.7301  HBOND      =        0.0000
 1-4 VDW =        1.7341  1-4 EEL =       39.3593  RESTRAINT  =        0.8503
 EAMBER  =   -10423.0564


   NSTEP       ENERGY          RMS            GMAX         NAME    NUMBER
    320      -1.0445E+04     1.2154E+00     4.0326E+01     C           5

 BOND    =      748.7161  ANGLE   =        8.6346  DIHED      =       10.9344
 VDWAALS =     1854.2823  EEL     =   -13109.5280  HBOND      =        0.0000
 1-4 VDW =        1.7414  1-4 EEL =       39.5409  RESTRAINT  =        0.9721
 EAMBER  =   -10445.6783


   NSTEP       ENERGY          RMS            GMAX         NAME    NUMBER
    340      -1.0484E+04     6.0566E-01     9.9088E+00     HB1        12

 BOND    =      767.9293  ANGLE   =        8.8759  DIHED      =       11.2921
 VDWAALS =     1879.2645  EEL     =   -13194.6537  HBOND      =        0.0000
 1-4 VDW =        2.0245  1-4 EEL =       40.0676  RESTRAINT  =        1.1571
 EAMBER  =   -10485.1998


   NSTEP       ENERGY          RMS            GMAX         NAME    NUMBER
    360      -1.0502E+04     4.7119E-01     1.8417E+01     N           7

 BOND    =      765.1438  ANGLE   =        8.1327  DIHED      =       11.5380
 VDWAALS =     1892.9511  EEL     =   -13222.4211  HBOND      =        0.0000
 1-4 VDW =        2.0009  1-4 EEL =       40.0904  RESTRAINT  =        0.8313
 EAMBER  =   -10502.5642


   NSTEP       ENERGY          RMS            GMAX         NAME    NUMBER
    380      -1.0543E+04     8.1023E-01     1.6173E+01     N          17

 BOND    =      781.3105  ANGLE   =        7.1692  DIHED      =       12.9119
 VDWAALS =     1954.8038  EEL     =   -13343.0813  HBOND      =        0.0000
 1-4 VDW =        1.9502  1-4 EEL =       40.5227  RESTRAINT  =        1.0189
 EAMBER  =   -10544.4129


   NSTEP       ENERGY          RMS            GMAX         NAME    NUMBER
    400      -1.0573E+04     5.0021E-01     1.3188E+01     N          17

 BOND    =      783.1936  ANGLE   =        6.2979  DIHED      =       12.7176
 VDWAALS =     1955.8664  EEL     =   -13375.1320  HBOND      =        0.0000
 1-4 VDW =        1.9375  1-4 EEL =       40.7297  RESTRAINT  =        0.9342
 EAMBER  =   -10574.3894


   NSTEP       ENERGY          RMS            GMAX         NAME    NUMBER
    420      -1.0591E+04     8.8238E-01     1.8229E+01     C           5

 BOND    =      783.9968  ANGLE   =        6.0604  DIHED      =       12.6632
 VDWAALS =     1974.8659  EEL     =   -13412.0677  HBOND      =        0.0000
 1-4 VDW =        1.8891  1-4 EEL =       40.9493  RESTRAINT  =        0.9240
 EAMBER  =   -10591.6430


   NSTEP       ENERGY          RMS            GMAX         NAME    NUMBER
    440      -1.0621E+04     7.3499E-01     2.0176E+01     C          15

 BOND    =      790.3217  ANGLE   =        6.3545  DIHED      =       12.4055
 VDWAALS =     1987.6382  EEL     =   -13462.4245  HBOND      =        0.0000
 1-4 VDW =        2.2331  1-4 EEL =       41.8571  RESTRAINT  =        1.0258
 EAMBER  =   -10621.6143


   NSTEP       ENERGY          RMS            GMAX         NAME    NUMBER
    460      -1.0630E+04     4.4028E-01     8.2621E+00     N           7

 BOND    =      787.9542  ANGLE   =        5.7594  DIHED      =       12.4314
 VDWAALS =     1992.5471  EEL     =   -13473.1028  HBOND      =        0.0000
 1-4 VDW =        2.0768  1-4 EEL =       41.5962  RESTRAINT  =        0.9620
 EAMBER  =   -10630.7377


   NSTEP       ENERGY          RMS            GMAX         NAME    NUMBER
    480      -1.0670E+04     7.5428E-01     1.8299E+01     HH31       20

 BOND    =      800.5620  ANGLE   =        6.5441  DIHED      =       12.5758
 VDWAALS =     2044.7581  EEL     =   -13578.6117  HBOND      =        0.0000
 1-4 VDW =        2.0463  1-4 EEL =       41.4152  RESTRAINT  =        0.9436
 EAMBER  =   -10670.7102


   NSTEP       ENERGY          RMS            GMAX         NAME    NUMBER
    500      -1.0694E+04     5.6075E-01     1.2805E+01     N           7

 BOND    =      806.2036  ANGLE   =        6.7668  DIHED      =       12.7801
 VDWAALS =     2042.8325  EEL     =   -13606.9192  HBOND      =        0.0000
 1-4 VDW =        2.0524  1-4 EEL =       41.0432  RESTRAINT  =        1.0177
 EAMBER  =   -10695.2406


   NSTEP       ENERGY          RMS            GMAX         NAME    NUMBER
    520      -1.0707E+04     7.9856E-01     1.7843E+01     CH3         2

 BOND    =      804.3744  ANGLE   =        6.0875  DIHED      =       12.8714
 VDWAALS =     2056.0809  EEL     =   -13632.0456  HBOND      =        0.0000
 1-4 VDW =        2.1235  1-4 EEL =       41.9745  RESTRAINT  =        1.1726
 EAMBER  =   -10708.5334


   NSTEP       ENERGY          RMS            GMAX         NAME    NUMBER
    540      -1.0733E+04     3.9147E-01     1.3363E+01     C          15

 BOND    =      810.4562  ANGLE   =        5.5892  DIHED      =       12.1851
 VDWAALS =     2069.9616  EEL     =   -13675.9569  HBOND      =        0.0000
 1-4 VDW =        2.0233  1-4 EEL =       41.5312  RESTRAINT  =        0.8847
 EAMBER  =   -10734.2103


   NSTEP       ENERGY          RMS            GMAX         NAME    NUMBER
    560      -1.0741E+04     4.2073E-01     1.2159E+01     C           5

 BOND    =      811.1567  ANGLE   =        5.8812  DIHED      =       12.0215
 VDWAALS =     2076.5162  EEL     =   -13691.1577  HBOND      =        0.0000
 1-4 VDW =        2.0411  1-4 EEL =       41.3786  RESTRAINT  =        0.9415
 EAMBER  =   -10742.1625


   NSTEP       ENERGY          RMS            GMAX         NAME    NUMBER
    580      -1.0754E+04     4.4126E-01     1.1626E+01     C          15

 BOND    =      816.0654  ANGLE   =        6.2523  DIHED      =       12.4164
 VDWAALS =     2093.3199  EEL     =   -13726.0129  HBOND      =        0.0000
 1-4 VDW =        2.0202  1-4 EEL =       40.7889  RESTRAINT  =        0.9098
 EAMBER  =   -10755.1498


   NSTEP       ENERGY          RMS            GMAX         NAME    NUMBER
    600      -1.0767E+04     4.4544E-01     9.6746E+00     CB         11

 BOND    =      818.2900  ANGLE   =        6.0115  DIHED      =       12.4981
 VDWAALS =     2098.1030  EEL     =   -13746.1334  HBOND      =        0.0000
 1-4 VDW =        2.0382  1-4 EEL =       41.1872  RESTRAINT  =        0.9061
 EAMBER  =   -10768.0054


   NSTEP       ENERGY          RMS            GMAX         NAME    NUMBER
    620      -1.0776E+04     5.6882E-01     1.6514E+01     CH3        19

 BOND    =      815.9055  ANGLE   =        5.7612  DIHED      =       12.4259
 VDWAALS =     2107.0514  EEL     =   -13761.7289  HBOND      =        0.0000
 1-4 VDW =        2.0666  1-4 EEL =       41.4988  RESTRAINT  =        0.9108
 EAMBER  =   -10777.0195


   NSTEP       ENERGY          RMS            GMAX         NAME    NUMBER
    640      -1.0790E+04     6.3868E-01     2.1267E+01     C          15

 BOND    =      822.7710  ANGLE   =        5.8989  DIHED      =       11.9025
 VDWAALS =     2116.9482  EEL     =   -13792.3486  HBOND      =        0.0000
 1-4 VDW =        2.0573  1-4 EEL =       41.4579  RESTRAINT  =        0.8867
 EAMBER  =   -10791.3127


   NSTEP       ENERGY          RMS            GMAX         NAME    NUMBER
    660      -1.0797E+04     3.7533E-01     1.1499E+01     C          15

 BOND    =      820.5681  ANGLE   =        5.7983  DIHED      =       11.9238
 VDWAALS =     2122.4485  EEL     =   -13801.6105  HBOND      =        0.0000
 1-4 VDW =        2.0240  1-4 EEL =       41.3016  RESTRAINT  =        0.8793
 EAMBER  =   -10797.5461


   NSTEP       ENERGY          RMS            GMAX         NAME    NUMBER
    680      -1.0808E+04     3.9150E-01     9.2367E+00     C          15

 BOND    =      826.5298  ANGLE   =        6.0098  DIHED      =       12.1471
 VDWAALS =     2139.7587  EEL     =   -13836.1203  HBOND      =        0.0000
 1-4 VDW =        2.0376  1-4 EEL =       40.8756  RESTRAINT  =        0.8558
 EAMBER  =   -10808.7617


   NSTEP       ENERGY          RMS            GMAX         NAME    NUMBER
    700      -1.0818E+04     5.9196E-01     1.6940E+01     C          15

 BOND    =      829.7768  ANGLE   =        6.2747  DIHED      =       12.4019
 VDWAALS =     2143.2923  EEL     =   -13853.9729  HBOND      =        0.0000
 1-4 VDW =        2.0233  1-4 EEL =       41.0454  RESTRAINT  =        0.8957
 EAMBER  =   -10819.1585


   NSTEP       ENERGY          RMS            GMAX         NAME    NUMBER
    720      -1.0825E+04     4.9483E-01     1.4577E+01     CH3        19

 BOND    =      826.4383  ANGLE   =        5.6561  DIHED      =       12.3678
 VDWAALS =     2150.0346  EEL     =   -13864.4926  HBOND      =        0.0000
 1-4 VDW =        2.0529  1-4 EEL =       41.6143  RESTRAINT  =        0.9767
 EAMBER  =   -10826.3286


   NSTEP       ENERGY          RMS            GMAX         NAME    NUMBER
    740      -1.0835E+04     6.3541E-01     2.0695E+01     C          15

 BOND    =      831.2190  ANGLE   =        5.9008  DIHED      =       11.7756
 VDWAALS =     2156.9760  EEL     =   -13885.5728  HBOND      =        0.0000
 1-4 VDW =        2.0754  1-4 EEL =       41.4433  RESTRAINT  =        0.8650
 EAMBER  =   -10836.1828


   NSTEP       ENERGY          RMS            GMAX         NAME    NUMBER
    760      -1.0841E+04     3.2783E-01     1.0753E+01     C          15

 BOND    =      829.4569  ANGLE   =        5.7252  DIHED      =       11.8301
 VDWAALS =     2161.1899  EEL     =   -13893.1399  HBOND      =        0.0000
 1-4 VDW =        2.0370  1-4 EEL =       41.2458  RESTRAINT  =        0.8588
 EAMBER  =   -10841.6550


   NSTEP       ENERGY          RMS            GMAX         NAME    NUMBER
    780      -1.0849E+04     3.4219E-01     7.7742E+00     C          15

 BOND    =      833.6681  ANGLE   =        5.5281  DIHED      =       11.9150
 VDWAALS =     2172.0138  EEL     =   -13915.5552  HBOND      =        0.0000
 1-4 VDW =        2.0646  1-4 EEL =       41.0460  RESTRAINT  =        0.8139
 EAMBER  =   -10849.3196


   NSTEP       ENERGY          RMS            GMAX         NAME    NUMBER
    800      -1.0857E+04     5.9456E-01     1.2782E+01     C          15

 BOND    =      839.3055  ANGLE   =        6.1994  DIHED      =       12.3007
 VDWAALS =     2174.8270  EEL     =   -13933.2197  HBOND      =        0.0000
 1-4 VDW =        2.0206  1-4 EEL =       40.9857  RESTRAINT  =        0.8587
 EAMBER  =   -10857.5809


   NSTEP       ENERGY          RMS            GMAX         NAME    NUMBER
    820      -1.0862E+04     4.8855E-01     1.3950E+01     N          17

 BOND    =      833.7933  ANGLE   =        5.6935  DIHED      =       12.1962
 VDWAALS =     2178.9065  EEL     =   -13937.5869  HBOND      =        0.0000
 1-4 VDW =        2.0476  1-4 EEL =       41.5935  RESTRAINT  =        0.9949
 EAMBER  =   -10863.3563


   NSTEP       ENERGY          RMS            GMAX         NAME    NUMBER
    840      -1.0870E+04     6.7492E-01     2.6919E+01     C          15

 BOND    =      838.2298  ANGLE   =        5.9141  DIHED      =       11.6011
 VDWAALS =     2182.7391  EEL     =   -13953.1439  HBOND      =        0.0000
 1-4 VDW =        2.0835  1-4 EEL =       41.3361  RESTRAINT  =        0.8476
 EAMBER  =   -10871.2402


   NSTEP       ENERGY          RMS            GMAX         NAME    NUMBER
    860      -1.0876E+04     2.7249E-01     5.6682E+00     N          17

 BOND    =      836.8493  ANGLE   =        5.6302  DIHED      =       11.6544
 VDWAALS =     2185.7448  EEL     =   -13959.6381  HBOND      =        0.0000
 1-4 VDW =        2.0600  1-4 EEL =       41.1075  RESTRAINT  =        0.8526
 EAMBER  =   -10876.5919


   NSTEP       ENERGY          RMS            GMAX         NAME    NUMBER
    880      -1.0884E+04     3.4668E-01     9.6612E+00     C          15

 BOND    =      840.7033  ANGLE   =        5.7338  DIHED      =       11.7067
 VDWAALS =     2194.6723  EEL     =   -13980.8085  HBOND      =        0.0000
 1-4 VDW =        2.0613  1-4 EEL =       40.9651  RESTRAINT  =        0.8110
 EAMBER  =   -10884.9660


   NSTEP       ENERGY          RMS            GMAX         NAME    NUMBER
    900      -1.0894E+04     4.5910E-01     1.4306E+01     N          17

 BOND    =      844.9445  ANGLE   =        6.3552  DIHED      =       12.2060
 VDWAALS =     2197.6057  EEL     =   -13998.3191  HBOND      =        0.0000
 1-4 VDW =        2.0253  1-4 EEL =       40.7027  RESTRAINT  =        0.8469
 EAMBER  =   -10894.4797


   NSTEP       ENERGY          RMS            GMAX         NAME    NUMBER
    920      -1.0901E+04     5.5562E-01     1.5677E+01     C          15

 BOND    =      840.2624  ANGLE   =        5.6333  DIHED      =       11.8281
 VDWAALS =     2203.4394  EEL     =   -14006.1304  HBOND      =        0.0000
 1-4 VDW =        2.0193  1-4 EEL =       41.3346  RESTRAINT  =        0.9261
 EAMBER  =   -10901.6133


   NSTEP       ENERGY          RMS            GMAX         NAME    NUMBER
    940      -1.0910E+04     4.3154E-01     1.3008E+01     N          17

 BOND    =      845.8170  ANGLE   =        5.5473  DIHED      =       11.4685
 VDWAALS =     2208.0935  EEL     =   -14025.0924  HBOND      =        0.0000
 1-4 VDW =        2.0892  1-4 EEL =       41.1367  RESTRAINT  =        0.8802
 EAMBER  =   -10910.9402


   NSTEP       ENERGY          RMS            GMAX         NAME    NUMBER
    960      -1.0915E+04     2.7476E-01     8.0386E+00     C          15

 BOND    =      844.2634  ANGLE   =        5.9369  DIHED      =       11.4263
 VDWAALS =     2211.6340  EEL     =   -14032.4600  HBOND      =        0.0000
 1-4 VDW =        2.0881  1-4 EEL =       41.1625  RESTRAINT  =        0.8717
 EAMBER  =   -10915.9488


   NSTEP       ENERGY          RMS            GMAX         NAME    NUMBER
    980      -1.0923E+04     2.7910E-01     7.0950E+00     C          15

 BOND    =      847.4875  ANGLE   =        5.8419  DIHED      =       11.5493
 VDWAALS =     2219.1403  EEL     =   -14050.4233  HBOND      =        0.0000
 1-4 VDW =        2.0576  1-4 EEL =       40.8827  RESTRAINT  =        0.8239
 EAMBER  =   -10923.4640


   NSTEP       ENERGY          RMS            GMAX         NAME    NUMBER
   1000      -1.0929E+04     2.8865E-01     8.9079E+00     N          17

 BOND    =      849.9268  ANGLE   =        5.9073  DIHED      =       11.8189
 VDWAALS =     2222.1598  EEL     =   -14062.3041  HBOND      =        0.0000
 1-4 VDW =        2.0099  1-4 EEL =       40.8253  RESTRAINT  =        0.8583
 EAMBER  =   -10929.6560


  Maximum number of minimization cycles reached.


                    FINAL RESULTS



   NSTEP       ENERGY          RMS            GMAX         NAME    NUMBER
   1000      -1.0929E+04     2.8865E-01     8.9079E+00     N          17

 BOND    =      849.9268  ANGLE   =        5.9073  DIHED      =       11.8189
 VDWAALS =     2222.1598  EEL     =   -14062.3041  HBOND      =        0.0000
 1-4 VDW =        2.0099  1-4 EEL =       40.8253  RESTRAINT  =        0.8583
 EAMBER  =   -10929.6560

--------------------------------------------------------------------------------
   5.  TIMINGS
--------------------------------------------------------------------------------

|                Build the list             0.11 (56.54% of List )
|                Other                      0.08 (43.46% of List )
|             List time                  0.19 ( 1.36% of Nonbo)
|                   Short_ene time             8.55 (94.70% of Direc)
|                   Other                      0.48 ( 5.30% of Direc)
|                Direct Ewald time          9.03 (64.08% of Ewald)
|                Adjust Ewald time          0.05 ( 0.35% of Ewald)
|                Self Ewald time            0.00 ( 0.03% of Ewald)
|                   Fill Bspline coeffs        0.26 ( 5.47% of Recip)
|                   Fill charge grid           0.28 ( 5.87% of Recip)
|                   Scalar sum                 1.44 (30.06% of Recip)
|                   Grad sum                   0.57 (11.82% of Recip)
|                      FFT back comm time         0.88 (40.16% of FFT t)
|                      Other                      1.31 (59.84% of FFT t)
|                   FFT time                   2.19 (45.64% of Recip)
|                   Other                      0.05 ( 1.14% of Recip)
|                Recip Ewald time           4.80 (34.08% of Ewald)
|                Force Adjust               0.12 ( 0.86% of Ewald)
|                Virial junk                0.07 ( 0.52% of Ewald)
|                Start synchronizatio       0.00 ( 0.01% of Ewald)
|                Other                      0.01 ( 0.07% of Ewald)
|             Ewald time                14.09 (98.63% of Nonbo)
|             Other                      0.00 ( 0.01% of Nonbo)
|          Nonbond force             14.29 (91.44% of Force)
|          Bond/Angle/Dihedral        0.04 ( 0.28% of Force)
|          FRC Collect time           0.39 ( 2.52% of Force)
|          Other                      0.90 ( 5.77% of Force)
|       Force time                15.62 (100.0% of Runmd)
|    Runmd Time                15.62 ( 4.14% of Total)
|    Other                    361.50 (95.86% of Total)
| Total time               377.13 (100.0% of ALL  )

| Highest rstack allocated:      38290
| Highest istack allocated:        796
|           Job began  at 13:37:34.776  on 03/14/2017
|           Setup done at 13:37:34.869  on 03/14/2017
|           Run   done at 13:43:51.911  on 03/14/2017
|     wallclock() was called   44070 times
