
          -------------------------------------------------------
          Amber 16 SANDER                              2016
          -------------------------------------------------------

| Run on 03/14/2017 at 14:23:23

|   Executable path: sander.MPI
| Working directory: /home/steboss/projects/mdgx-tests/alanine/IPOLQ/input/PhiPsi_1/195/60
|          Hostname: node007

  [-O]verwriting output

File Assignments:
|  MDIN: min.in                                                                
| MDOUT: Conf60.min.out                                                        
|INPCRD: Conf60.crd                                                            
|  PARM: Conf60.top                                                            
|RESTRT: Conf60.min                                                            
|  REFC: Conf60.crd                                                            
| MDVEL: mdvel                                                                 
| MDFRC: mdfrc                                                                 
|  MDEN: mden                                                                  
| MDCRD: mdcrd                                                                 
|MDINFO: mdinfo                                                                
|  MTMD: mtmd                                                                  
|INPDIP: inpdip                                                                
|RSTDIP: rstdip                                                                
|INPTRA: inptraj                                                               

|    REMLOG: rem.log
|   REMTYPE: rem.type
|  REMSTRIP: 
|   SAVEENE: saveene
|CLUSTERINF: cluster.info
| RESERVOIR: reserv/frame
|   REMDDIM: 


 Here is the input file:

Initial minimization                                                           
 &cntrl                                                                        
  ntx    = 1,       irest  = 0,       ntrx   = 1,      ntxo   = 1,             
  ntpr   = 20,      ntwx   = 0,       ntwv   = 0,      ntwe   = 0,             
                                                                               
  ntf    = 1,       ntb    = 1,                                                
  ntc    = 1,       ntr    = 1,                                                
  restraintmask = ':1',                                                        
  restraint_wt = 100.0,                                                        
  cut    = 9.0,                                                                
                                                                               
  imin   = 1,                                                                  
  maxcyc = 1000,                                                               
  ncyc   = 100,                                                                
                                                                               
 &end                                                                          

--------------------------------------------------------------------------------
   1.  RESOURCE   USE: 
--------------------------------------------------------------------------------

| Flags: MPI                                                                    
 getting new box info from bottom of inpcrd
|  INFO: Old style inpcrd file read

| peek_ewald_inpcrd: Box info found
|Largest sphere to fit in unit cell has radius =    14.504
| New format PARM file being parsed.
| Version =    1.000 Date = 03/14/17 Time = 13:38:46
 NATOM  =    2857 NTYPES =       9 NBONH =    2847 MBONA  =       9
 NTHETH =      25 MTHETA =      11 NPHIH =      43 MPHIA  =      24
 NHPARM =       0 NPARM  =       0 NNB   =    3879 NRES   =     948
 NBONA  =       9 NTHETA =      11 NPHIA =      24 NUMBND =      10
 NUMANG =      16 NPTRA  =      19 NATYP =       9 NPHB   =       1
 IFBOX  =       2 NMXRS  =      10 IFCAP =       0 NEXTRA =       0
 NCOPY  =       0


|     Memory Use     Allocated
|     Real              329829
|     Hollerith           9521
|     Integer            88140
|     Max Pairs         316888
|     nblistReal         34284
|     nblist Int         87071
|       Total             4804 kbytes

| Note: 1-4 EEL scale factors are being read from the topology file.

| Note: 1-4 VDW scale factors are being read from the topology file.
| Duplicated    0 dihedrals
| Duplicated    0 dihedrals

     BOX TYPE: TRUNCATED OCTAHEDRON

--------------------------------------------------------------------------------
   2.  CONTROL  DATA  FOR  THE  RUN
--------------------------------------------------------------------------------

default_name                                                                    

General flags:
     imin    =       1, nmropt  =       0

Nature and format of input:
     ntx     =       1, irest   =       0, ntrx    =       1

Nature and format of output:
     ntxo    =       1, ntpr    =      20, ntrx    =       1, ntwr    =       1
     iwrap   =       0, ntwx    =       0, ntwv    =       0, ntwe    =       0
     ioutfm  =       1, ntwprt  =       0, idecomp =       0, rbornstat=      0

Potential function:
     ntf     =       1, ntb     =       1, igb     =       0, nsnb    =      25
     ipol    =       0, gbsa    =       0, iesp    =       0
     dielc   =   1.00000, cut     =   9.00000, intdiel =   1.00000

Frozen or restrained atoms:
     ibelly  =       0, ntr     =       1
     restraint_wt = 100.00000

Energy minimization:
     maxcyc  =    1000, ncyc    =     100, ntmin   =       1
     dx0     =   0.01000, drms    =   0.00010

Ewald parameters:
     verbose =       0, ew_type =       0, nbflag  =       1, use_pme =       1
     vdwmeth =       1, eedmeth =       1, netfrc  =       0
     Box X =   35.526   Box Y =   35.526   Box Z =   35.526
     Alpha =  109.471   Beta  =  109.471   Gamma =  109.471
     NFFT1 =   36       NFFT2 =   36       NFFT3 =   36
     Cutoff=    9.000   Tol   =0.100E-04
     Ewald Coefficient =  0.30768
     Interpolation order =    4

| MPI Timing options:
|      profile_mpi =        0

    LOADING THE CONSTRAINED ATOMS AS GROUPS


   5.  REFERENCE ATOM COORDINATES

  defa
     Mask :1; matches     6 atoms

--------------------------------------------------------------------------------
   3.  ATOMIC COORDINATES AND VELOCITIES
--------------------------------------------------------------------------------

default_name                                                                    
 begin time read from input coords =     0.000 ps

 Number of triangulated 3-point waters found:      945
|  Atom division among processors:
|         0     358     715    1072    1429    1786    2143    2500
|      2857

     Sum of charges from parm topology file =  -0.00000000
     Forcing neutrality...
|  Running AMBER/MPI version on    8 nodes


--------------------------------------------------------------------------------
   4.  RESULTS
--------------------------------------------------------------------------------

 ---------------------------------------------------
 APPROXIMATING switch and d/dx switch using CUBIC SPLINE INTERPOLATION
 using   5000.0 points per unit in tabled values
 TESTING RELATIVE ERROR over r ranging from 0.0 to cutoff
| CHECK switch(x): max rel err =   0.2738E-14   at   2.422500
| CHECK d/dx switch(x): max rel err =   0.8314E-11   at   2.736960
 ---------------------------------------------------
| Local SIZE OF NONBOND LIST =      88867
| TOTAL SIZE OF NONBOND LIST =     658390


   NSTEP       ENERGY          RMS            GMAX         NAME    NUMBER
      1      -7.9606E+03     1.2227E+01     6.1943E+01     O         296

 BOND    =        0.6253  ANGLE   =        0.7638  DIHED      =       10.2791
 VDWAALS =      921.7728  EEL     =    -8942.0114  HBOND      =        0.0000
 1-4 VDW =        3.1902  1-4 EEL =       44.7413  RESTRAINT  =        0.0000


   NSTEP       ENERGY          RMS            GMAX         NAME    NUMBER
     20      -8.8115E+03     2.7544E+00     2.0281E+01     O         377

 BOND    =      467.0713  ANGLE   =        0.8145  DIHED      =       10.3328
 VDWAALS =      872.0376  EEL     =   -10209.6203  HBOND      =        0.0000
 1-4 VDW =        3.1939  1-4 EEL =       44.6230  RESTRAINT  =        0.0284
 EAMBER  =    -8811.5473


   NSTEP       ENERGY          RMS            GMAX         NAME    NUMBER
     40      -9.4658E+03     2.2000E+00     9.3748E+00     H1       2379

 BOND    =      495.0220  ANGLE   =        0.8516  DIHED      =       10.3321
 VDWAALS =      913.1159  EEL     =   -10932.8509  HBOND      =        0.0000
 1-4 VDW =        3.1846  1-4 EEL =       44.5060  RESTRAINT  =        0.0533
 EAMBER  =    -9465.8386


   NSTEP       ENERGY          RMS            GMAX         NAME    NUMBER
     60      -9.6989E+03     3.3765E+00     1.0857E+01     H2       1342

 BOND    =      491.7297  ANGLE   =        0.8571  DIHED      =       10.3334
 VDWAALS =      947.6896  EEL     =   -11197.2318  HBOND      =        0.0000
 1-4 VDW =        3.1790  1-4 EEL =       44.4877  RESTRAINT  =        0.0547
 EAMBER  =    -9698.9553


   NSTEP       ENERGY          RMS            GMAX         NAME    NUMBER
     80      -9.8512E+03     3.9731E+00     1.3552E+01     H2       1342

 BOND    =      498.4440  ANGLE   =        0.8580  DIHED      =       10.3342
 VDWAALS =      982.4727  EEL     =   -11391.0276  HBOND      =        0.0000
 1-4 VDW =        3.1746  1-4 EEL =       44.4891  RESTRAINT  =        0.0566
 EAMBER  =    -9851.2550


   NSTEP       ENERGY          RMS            GMAX         NAME    NUMBER
    100      -9.9862E+03     9.4172E-01     5.0432E+00     H1        828

 BOND    =      591.9857  ANGLE   =        0.8551  DIHED      =       10.3348
 VDWAALS =     1016.3027  EEL     =   -11653.4521  HBOND      =        0.0000
 1-4 VDW =        3.1716  1-4 EEL =       44.4986  RESTRAINT  =        0.0590
 EAMBER  =    -9986.3036


   NSTEP       ENERGY          RMS            GMAX         NAME    NUMBER
    120      -1.0448E+04     5.2053E+00     1.0375E+02     H2        427

 BOND    =      699.9198  ANGLE   =        0.8656  DIHED      =       10.3740
 VDWAALS =     1414.6733  EEL     =   -12621.9571  HBOND      =        0.0000
 1-4 VDW =        3.1325  1-4 EEL =       44.7193  RESTRAINT  =        0.1101
 EAMBER  =   -10448.2726


   NSTEP       ENERGY          RMS            GMAX         NAME    NUMBER
    140      -1.0604E+04     1.8393E+00     4.3344E+01     H2        727

 BOND    =      710.6400  ANGLE   =        0.8890  DIHED      =       10.3921
 VDWAALS =     1412.8252  EEL     =   -12786.8837  HBOND      =        0.0000
 1-4 VDW =        3.1260  1-4 EEL =       44.8410  RESTRAINT  =        0.1093
 EAMBER  =   -10604.1703


   NSTEP       ENERGY          RMS            GMAX         NAME    NUMBER
    160      -1.0717E+04     1.7244E+00     2.6424E+01     O         725

 BOND    =      698.5833  ANGLE   =        0.9319  DIHED      =       10.4294
 VDWAALS =     1437.7911  EEL     =   -12912.5950  HBOND      =        0.0000
 1-4 VDW =        3.1106  1-4 EEL =       44.9563  RESTRAINT  =        0.1233
 EAMBER  =   -10716.7923


   NSTEP       ENERGY          RMS            GMAX         NAME    NUMBER
    180      -1.0821E+04     9.6112E-01     2.5229E+01     O         725

 BOND    =      726.8071  ANGLE   =        1.5177  DIHED      =       10.5992
 VDWAALS =     1570.5794  EEL     =   -13179.2685  HBOND      =        0.0000
 1-4 VDW =        3.2254  1-4 EEL =       44.9426  RESTRAINT  =        0.2505
 EAMBER  =   -10821.5971


   NSTEP       ENERGY          RMS            GMAX         NAME    NUMBER
    200      -1.0921E+04     1.4213E+00     4.0011E+01     CB         11

 BOND    =      759.6429  ANGLE   =        3.0172  DIHED      =       10.5127
 VDWAALS =     1630.7967  EEL     =   -13376.5945  HBOND      =        0.0000
 1-4 VDW =        2.9867  1-4 EEL =       45.9716  RESTRAINT  =        2.6217
 EAMBER  =   -10923.6667


   NSTEP       ENERGY          RMS            GMAX         NAME    NUMBER
    220      -1.0968E+04     1.2251E+00     2.9547E+01     N           7

 BOND    =      758.9092  ANGLE   =        2.1292  DIHED      =       10.5669
 VDWAALS =     1654.4484  EEL     =   -13444.0691  HBOND      =        0.0000
 1-4 VDW =        3.0659  1-4 EEL =       45.6383  RESTRAINT  =        1.0395
 EAMBER  =   -10969.3112


   NSTEP       ENERGY          RMS            GMAX         NAME    NUMBER
    240      -1.1011E+04     8.4832E-01     1.6039E+01     CH3        19

 BOND    =      769.7647  ANGLE   =        1.3635  DIHED      =       10.7716
 VDWAALS =     1694.2037  EEL     =   -13536.2140  HBOND      =        0.0000
 1-4 VDW =        2.8898  1-4 EEL =       45.6317  RESTRAINT  =        0.6100
 EAMBER  =   -11011.5889


   NSTEP       ENERGY          RMS            GMAX         NAME    NUMBER
    260      -1.1086E+04     1.0385E+00     3.7252E+01     C           5

 BOND    =      777.6267  ANGLE   =        1.0516  DIHED      =       11.0224
 VDWAALS =     1784.9188  EEL     =   -13709.4793  HBOND      =        0.0000
 1-4 VDW =        2.8122  1-4 EEL =       45.7082  RESTRAINT  =        0.2760
 EAMBER  =   -11086.3395


   NSTEP       ENERGY          RMS            GMAX         NAME    NUMBER
    280      -1.1120E+04     4.4103E-01     1.2729E+01     HH31        1

 BOND    =      791.2227  ANGLE   =        1.2038  DIHED      =       10.9647
 VDWAALS =     1807.7462  EEL     =   -13779.7620  HBOND      =        0.0000
 1-4 VDW =        2.7956  1-4 EEL =       45.2574  RESTRAINT  =        0.4187
 EAMBER  =   -11120.5715


   NSTEP       ENERGY          RMS            GMAX         NAME    NUMBER
    300      -1.1165E+04     1.1054E+00     2.9738E+01     C           5

 BOND    =      808.1697  ANGLE   =        3.2582  DIHED      =       10.8910
 VDWAALS =     1865.8914  EEL     =   -13902.4665  HBOND      =        0.0000
 1-4 VDW =        2.9237  1-4 EEL =       44.7109  RESTRAINT  =        1.5725
 EAMBER  =   -11166.6216


   NSTEP       ENERGY          RMS            GMAX         NAME    NUMBER
    320      -1.1197E+04     5.9637E-01     2.1659E+01     C           5

 BOND    =      804.2106  ANGLE   =        1.4563  DIHED      =       11.0927
 VDWAALS =     1876.2096  EEL     =   -13938.7269  HBOND      =        0.0000
 1-4 VDW =        2.7091  1-4 EEL =       45.5542  RESTRAINT  =        0.3434
 EAMBER  =   -11197.4944


   NSTEP       ENERGY          RMS            GMAX         NAME    NUMBER
    340      -1.1215E+04     6.8402E-01     1.9332E+01     C          15

 BOND    =      811.8909  ANGLE   =        1.6291  DIHED      =       11.6264
 VDWAALS =     1889.6801  EEL     =   -13980.0884  HBOND      =        0.0000
 1-4 VDW =        2.5718  1-4 EEL =       46.7711  RESTRAINT  =        0.7484
 EAMBER  =   -11215.9189


   NSTEP       ENERGY          RMS            GMAX         NAME    NUMBER
    360      -1.1272E+04     1.0200E+00     2.8768E+01     C           5

 BOND    =      820.4164  ANGLE   =        1.4763  DIHED      =       11.6172
 VDWAALS =     1948.9543  EEL     =   -14103.7827  HBOND      =        0.0000
 1-4 VDW =        2.4067  1-4 EEL =       46.6436  RESTRAINT  =        0.4821
 EAMBER  =   -11272.2683


   NSTEP       ENERGY          RMS            GMAX         NAME    NUMBER
    380      -1.1298E+04     3.6604E-01     9.9744E+00     HH31        1

 BOND    =      825.4861  ANGLE   =        1.4352  DIHED      =       11.3225
 VDWAALS =     1957.2834  EEL     =   -14142.4762  HBOND      =        0.0000
 1-4 VDW =        2.5104  1-4 EEL =       45.9977  RESTRAINT  =        0.6187
 EAMBER  =   -11298.4409


   NSTEP       ENERGY          RMS            GMAX         NAME    NUMBER
    400      -1.1336E+04     1.4090E+00     3.2868E+01     O           6

 BOND    =      839.5271  ANGLE   =        2.9262  DIHED      =       11.1713
 VDWAALS =     2005.5128  EEL     =   -14245.2490  HBOND      =        0.0000
 1-4 VDW =        2.6226  1-4 EEL =       45.7845  RESTRAINT  =        1.7494
 EAMBER  =   -11337.7045


   NSTEP       ENERGY          RMS            GMAX         NAME    NUMBER
    420      -1.1360E+04     4.8883E-01     1.4500E+01     H           8

 BOND    =      836.4880  ANGLE   =        1.4960  DIHED      =       11.1965
 VDWAALS =     2007.8404  EEL     =   -14266.5791  HBOND      =        0.0000
 1-4 VDW =        2.5093  1-4 EEL =       46.5116  RESTRAINT  =        0.4855
 EAMBER  =   -11360.5373


   NSTEP       ENERGY          RMS            GMAX         NAME    NUMBER
    440      -1.1373E+04     6.9111E-01     2.2085E+01     O           6

 BOND    =      839.8274  ANGLE   =        1.7960  DIHED      =       11.6820
 VDWAALS =     2019.3405  EEL     =   -14295.4273  HBOND      =        0.0000
 1-4 VDW =        2.3038  1-4 EEL =       47.3995  RESTRAINT  =        0.4399
 EAMBER  =   -11373.0782


   NSTEP       ENERGY          RMS            GMAX         NAME    NUMBER
    460      -1.1412E+04     7.7975E-01     2.9106E+01     C           5

 BOND    =      846.0003  ANGLE   =        1.4582  DIHED      =       11.0907
 VDWAALS =     2069.2781  EEL     =   -14388.5000  HBOND      =        0.0000
 1-4 VDW =        2.3054  1-4 EEL =       46.3680  RESTRAINT  =        0.3012
 EAMBER  =   -11411.9992


   NSTEP       ENERGY          RMS            GMAX         NAME    NUMBER
    480      -1.1425E+04     3.1731E-01     1.0173E+01     N           7

 BOND    =      850.1137  ANGLE   =        1.1896  DIHED      =       11.0652
 VDWAALS =     2074.3106  EEL     =   -14410.8296  HBOND      =        0.0000
 1-4 VDW =        2.3303  1-4 EEL =       46.3531  RESTRAINT  =        0.4024
 EAMBER  =   -11425.4672


   NSTEP       ENERGY          RMS            GMAX         NAME    NUMBER
    500      -1.1458E+04     9.7508E-01     3.2544E+01     CH3         2

 BOND    =      860.8618  ANGLE   =        1.9627  DIHED      =       11.4675
 VDWAALS =     2129.4240  EEL     =   -14511.2795  HBOND      =        0.0000
 1-4 VDW =        2.5566  1-4 EEL =       46.7403  RESTRAINT  =        0.5739
 EAMBER  =   -11458.2666


   NSTEP       ENERGY          RMS            GMAX         NAME    NUMBER
    520      -1.1475E+04     4.0692E-01     8.6542E+00     O           6

 BOND    =      861.2997  ANGLE   =        1.1591  DIHED      =       10.7699
 VDWAALS =     2128.1190  EEL     =   -14525.8062  HBOND      =        0.0000
 1-4 VDW =        2.3750  1-4 EEL =       46.8659  RESTRAINT  =        0.3435
 EAMBER  =   -11475.2176


   NSTEP       ENERGY          RMS            GMAX         NAME    NUMBER
    540      -1.1482E+04     4.4019E-01     1.4979E+01     O           6

 BOND    =      862.6386  ANGLE   =        1.5867  DIHED      =       10.7491
 VDWAALS =     2132.0506  EEL     =   -14538.9434  HBOND      =        0.0000
 1-4 VDW =        2.2855  1-4 EEL =       47.0472  RESTRAINT  =        0.3210
 EAMBER  =   -11482.5857


   NSTEP       ENERGY          RMS            GMAX         NAME    NUMBER
    560      -1.1496E+04     5.0075E-01     1.2382E+01     H           8

 BOND    =      864.3907  ANGLE   =        1.2657  DIHED      =       10.8966
 VDWAALS =     2145.9726  EEL     =   -14567.7824  HBOND      =        0.0000
 1-4 VDW =        2.3658  1-4 EEL =       46.8317  RESTRAINT  =        0.1587
 EAMBER  =   -11496.0592


   NSTEP       ENERGY          RMS            GMAX         NAME    NUMBER
    580      -1.1504E+04     3.5421E-01     9.3648E+00     N          17

 BOND    =      867.8625  ANGLE   =        1.2079  DIHED      =       10.7985
 VDWAALS =     2154.3252  EEL     =   -14587.0071  HBOND      =        0.0000
 1-4 VDW =        2.4020  1-4 EEL =       46.6173  RESTRAINT  =        0.2229
 EAMBER  =   -11503.7937


   NSTEP       ENERGY          RMS            GMAX         NAME    NUMBER
    600      -1.1514E+04     6.3990E-01     1.7683E+01     CH3         2

 BOND    =      871.3123  ANGLE   =        1.6962  DIHED      =       10.8564
 VDWAALS =     2167.5271  EEL     =   -14615.2489  HBOND      =        0.0000
 1-4 VDW =        2.4932  1-4 EEL =       46.4722  RESTRAINT  =        0.5920
 EAMBER  =   -11514.8916


   NSTEP       ENERGY          RMS            GMAX         NAME    NUMBER
    620      -1.1522E+04     4.0953E-01     1.3854E+01     C          15

 BOND    =      870.6901  ANGLE   =        1.0338  DIHED      =       10.5588
 VDWAALS =     2171.7724  EEL     =   -14625.1883  HBOND      =        0.0000
 1-4 VDW =        2.3343  1-4 EEL =       46.7597  RESTRAINT  =        0.3315
 EAMBER  =   -11522.0392


   NSTEP       ENERGY          RMS            GMAX         NAME    NUMBER
    640      -1.1528E+04     3.4394E-01     1.0908E+01     O           6

 BOND    =      873.1861  ANGLE   =        1.2965  DIHED      =       10.5771
 VDWAALS =     2176.5501  EEL     =   -14639.4735  HBOND      =        0.0000
 1-4 VDW =        2.2926  1-4 EEL =       47.0047  RESTRAINT  =        0.2212
 EAMBER  =   -11528.5663


   NSTEP       ENERGY          RMS            GMAX         NAME    NUMBER
    660      -1.1539E+04     4.0099E-01     9.6351E+00     H           8

 BOND    =      874.1263  ANGLE   =        1.1360  DIHED      =       10.6018
 VDWAALS =     2187.2347  EEL     =   -14661.5729  HBOND      =        0.0000
 1-4 VDW =        2.3814  1-4 EEL =       46.9092  RESTRAINT  =        0.1491
 EAMBER  =   -11539.1835


   NSTEP       ENERGY          RMS            GMAX         NAME    NUMBER
    680      -1.1546E+04     3.7141E-01     1.6052E+01     C           5

 BOND    =      876.7380  ANGLE   =        1.1291  DIHED      =       10.5257
 VDWAALS =     2194.5957  EEL     =   -14678.0535  HBOND      =        0.0000
 1-4 VDW =        2.4076  1-4 EEL =       46.7305  RESTRAINT  =        0.1946
 EAMBER  =   -11545.9270


   NSTEP       ENERGY          RMS            GMAX         NAME    NUMBER
    700      -1.1556E+04     6.6454E-01     1.4228E+01     N          17

 BOND    =      880.2219  ANGLE   =        2.0008  DIHED      =       10.6298
 VDWAALS =     2204.7777  EEL     =   -14703.1835  HBOND      =        0.0000
 1-4 VDW =        2.5158  1-4 EEL =       46.4050  RESTRAINT  =        0.6500
 EAMBER  =   -11556.6324


   NSTEP       ENERGY          RMS            GMAX         NAME    NUMBER
    720      -1.1564E+04     4.0287E-01     1.4489E+01     C          15

 BOND    =      879.4087  ANGLE   =        0.9928  DIHED      =       10.3012
 VDWAALS =     2208.3290  EEL     =   -14712.0313  HBOND      =        0.0000
 1-4 VDW =        2.3343  1-4 EEL =       46.8272  RESTRAINT  =        0.3066
 EAMBER  =   -11563.8381


   NSTEP       ENERGY          RMS            GMAX         NAME    NUMBER
    740      -1.1569E+04     3.0023E-01     1.0111E+01     C          15

 BOND    =      881.1686  ANGLE   =        1.2712  DIHED      =       10.2853
 VDWAALS =     2212.3808  EEL     =   -14723.8376  HBOND      =        0.0000
 1-4 VDW =        2.2939  1-4 EEL =       47.0376  RESTRAINT  =        0.2476
 EAMBER  =   -11569.4003


   NSTEP       ENERGY          RMS            GMAX         NAME    NUMBER
    760      -1.1577E+04     3.8786E-01     7.8126E+00     CH3        19

 BOND    =      881.9806  ANGLE   =        1.2118  DIHED      =       10.2791
 VDWAALS =     2220.4500  EEL     =   -14740.5436  HBOND      =        0.0000
 1-4 VDW =        2.3527  1-4 EEL =       47.0089  RESTRAINT  =        0.1472
 EAMBER  =   -11577.2605


   NSTEP       ENERGY          RMS            GMAX         NAME    NUMBER
    780      -1.1583E+04     3.5703E-01     1.1182E+01     C           5

 BOND    =      883.4113  ANGLE   =        1.1480  DIHED      =       10.2049
 VDWAALS =     2225.9528  EEL     =   -14752.7049  HBOND      =        0.0000
 1-4 VDW =        2.3992  1-4 EEL =       46.8486  RESTRAINT  =        0.2097
 EAMBER  =   -11582.7402


   NSTEP       ENERGY          RMS            GMAX         NAME    NUMBER
    800      -1.1591E+04     5.8433E-01     1.3835E+01     N          17

 BOND    =      887.1278  ANGLE   =        1.6981  DIHED      =       10.2259
 VDWAALS =     2236.8631  EEL     =   -14776.8155  HBOND      =        0.0000
 1-4 VDW =        2.4837  1-4 EEL =       46.6101  RESTRAINT  =        0.4814
 EAMBER  =   -11591.8068


   NSTEP       ENERGY          RMS            GMAX         NAME    NUMBER
    820      -1.1598E+04     3.4154E-01     1.5155E+01     C          15

 BOND    =      886.2349  ANGLE   =        1.0117  DIHED      =        9.9894
 VDWAALS =     2239.8361  EEL     =   -14784.3465  HBOND      =        0.0000
 1-4 VDW =        2.3645  1-4 EEL =       46.9126  RESTRAINT  =        0.2511
 EAMBER  =   -11597.9972


   NSTEP       ENERGY          RMS            GMAX         NAME    NUMBER
    840      -1.1603E+04     3.0442E-01     1.0199E+01     C          15

 BOND    =      888.5386  ANGLE   =        1.3374  DIHED      =        9.9639
 VDWAALS =     2243.3194  EEL     =   -14795.5154  HBOND      =        0.0000
 1-4 VDW =        2.2967  1-4 EEL =       47.0532  RESTRAINT  =        0.2799
 EAMBER  =   -11603.0063


   NSTEP       ENERGY          RMS            GMAX         NAME    NUMBER
    860      -1.1610E+04     4.0055E-01     1.0925E+01     CH3         2

 BOND    =      888.5424  ANGLE   =        1.2985  DIHED      =        9.9642
 VDWAALS =     2250.9459  EEL     =   -14810.4866  HBOND      =        0.0000
 1-4 VDW =        2.3978  1-4 EEL =       47.0483  RESTRAINT  =        0.1475
 EAMBER  =   -11610.2894


   NSTEP       ENERGY          RMS            GMAX         NAME    NUMBER
    880      -1.1615E+04     4.5830E-01     1.4047E+01     C           5

 BOND    =      890.3388  ANGLE   =        1.2606  DIHED      =        9.8774
 VDWAALS =     2256.6630  EEL     =   -14822.5242  HBOND      =        0.0000
 1-4 VDW =        2.4388  1-4 EEL =       46.8606  RESTRAINT  =        0.1947
 EAMBER  =   -11615.0850


   NSTEP       ENERGY          RMS            GMAX         NAME    NUMBER
    900      -1.1620E+04     4.9367E-01     1.4000E+01     N          17

 BOND    =      893.8602  ANGLE   =        1.4295  DIHED      =        9.8665
 VDWAALS =     2266.3045  EEL     =   -14841.3479  HBOND      =        0.0000
 1-4 VDW =        2.4925  1-4 EEL =       46.7127  RESTRAINT  =        0.3184
 EAMBER  =   -11620.6820


   NSTEP       ENERGY          RMS            GMAX         NAME    NUMBER
    920      -1.1624E+04     2.8439E-01     8.6932E+00     C          15

 BOND    =      892.8824  ANGLE   =        1.0651  DIHED      =        9.7111
 VDWAALS =     2269.4433  EEL     =   -14847.0166  HBOND      =        0.0000
 1-4 VDW =        2.3793  1-4 EEL =       46.8835  RESTRAINT  =        0.2330
 EAMBER  =   -11624.6519


   NSTEP       ENERGY          RMS            GMAX         NAME    NUMBER
    940      -1.1628E+04     2.8971E-01     9.4198E+00     C          15

 BOND    =      895.0164  ANGLE   =        1.3110  DIHED      =        9.6840
 VDWAALS =     2273.0843  EEL     =   -14856.3702  HBOND      =        0.0000
 1-4 VDW =        2.3368  1-4 EEL =       46.9920  RESTRAINT  =        0.2487
 EAMBER  =   -11627.9458


   NSTEP       ENERGY          RMS            GMAX         NAME    NUMBER
    960      -1.1632E+04     2.8303E-01     7.7045E+00     C           5

 BOND    =      894.5355  ANGLE   =        1.2625  DIHED      =        9.6663
 VDWAALS =     2278.4797  EEL     =   -14865.1888  HBOND      =        0.0000
 1-4 VDW =        2.4119  1-4 EEL =       46.9804  RESTRAINT  =        0.1454
 EAMBER  =   -11631.8525


   NSTEP       ENERGY          RMS            GMAX         NAME    NUMBER
    980      -1.1635E+04     5.4096E-01     1.7532E+01     C           5

 BOND    =      895.5529  ANGLE   =        1.2991  DIHED      =        9.6155
 VDWAALS =     2282.6392  EEL     =   -14873.2324  HBOND      =        0.0000
 1-4 VDW =        2.4502  1-4 EEL =       46.8276  RESTRAINT  =        0.1889
 EAMBER  =   -11634.8480


   NSTEP       ENERGY          RMS            GMAX         NAME    NUMBER
   1000      -1.1639E+04     3.6431E-01     9.3402E+00     CH3        19

 BOND    =      898.5266  ANGLE   =        1.3938  DIHED      =        9.6127
 VDWAALS =     2288.1452  EEL     =   -14886.1623  HBOND      =        0.0000
 1-4 VDW =        2.5069  1-4 EEL =       46.7395  RESTRAINT  =        0.2642
 EAMBER  =   -11639.2376


  Maximum number of minimization cycles reached.


                    FINAL RESULTS



   NSTEP       ENERGY          RMS            GMAX         NAME    NUMBER
   1000      -1.1639E+04     3.6431E-01     9.3402E+00     CH3        19

 BOND    =      898.5266  ANGLE   =        1.3938  DIHED      =        9.6127
 VDWAALS =     2288.1452  EEL     =   -14886.1623  HBOND      =        0.0000
 1-4 VDW =        2.5069  1-4 EEL =       46.7395  RESTRAINT  =        0.2642
 EAMBER  =   -11639.2376

--------------------------------------------------------------------------------
   5.  TIMINGS
--------------------------------------------------------------------------------

|                Build the list             0.08 (62.60% of List )
|                Other                      0.05 (37.40% of List )
|             List time                  0.13 ( 0.90% of Nonbo)
|                   Short_ene time             6.43 (96.49% of Direc)
|                   Other                      0.23 ( 3.51% of Direc)
|                Direct Ewald time          6.67 (48.60% of Ewald)
|                Adjust Ewald time          0.04 ( 0.27% of Ewald)
|                Self Ewald time            0.00 ( 0.01% of Ewald)
|                   Fill Bspline coeffs        0.16 ( 2.41% of Recip)
|                   Fill charge grid           0.14 ( 2.08% of Recip)
|                   Scalar sum                 0.67 (10.10% of Recip)
|                   Grad sum                   0.33 ( 4.97% of Recip)
|                      FFT back comm time         2.28 (44.07% of FFT t)
|                      Other                      2.89 (55.93% of FFT t)
|                   FFT time                   5.18 (77.46% of Recip)
|                   Other                      0.20 ( 2.98% of Recip)
|                Recip Ewald time           6.68 (48.70% of Ewald)
|                Force Adjust               0.16 ( 1.15% of Ewald)
|                Virial junk                0.17 ( 1.22% of Ewald)
|                Other                      0.01 ( 0.04% of Ewald)
|             Ewald time                13.72 (99.09% of Nonbo)
|             Other                      0.00 ( 0.01% of Nonbo)
|          Nonbond force             13.85 (81.69% of Force)
|          Bond/Angle/Dihedral        0.03 ( 0.19% of Force)
|          FRC Collect time           2.71 (16.00% of Force)
|          Other                      0.36 ( 2.12% of Force)
|       Force time                16.95 (100.0% of Runmd)
|    Runmd Time                16.95 ( 7.11% of Total)
|    Other                    221.30 (92.88% of Total)
| Total time               238.26 (100.0% of ALL  )

| Highest rstack allocated:      39640
| Highest istack allocated:        846
|           Job began  at 14:23:23.295  on 03/14/2017
|           Setup done at 14:23:23.847  on 03/14/2017
|           Run   done at 14:27:21.557  on 03/14/2017
|     wallclock() was called   44068 times
