
          -------------------------------------------------------
          Amber 16 SANDER                              2016
          -------------------------------------------------------

| Run on 03/14/2017 at 14:28:57

|   Executable path: sander.MPI
| Working directory: /home/steboss/projects/mdgx-tests/alanine/IPOLQ/input/PhiPsi_1/210/15
|          Hostname: node011

  [-O]verwriting output

File Assignments:
|  MDIN: equil.in                                                              
| MDOUT: Conf15.eq.out                                                         
|INPCRD: Conf15.min                                                            
|  PARM: Conf15.top                                                            
|RESTRT: Conf15.rst                                                            
|  REFC: Conf15.crd                                                            
| MDVEL: mdvel                                                                 
| MDFRC: mdfrc                                                                 
|  MDEN: mden                                                                  
| MDCRD: mdcrd                                                                 
|MDINFO: mdinfo                                                                
|  MTMD: mtmd                                                                  
|INPDIP: inpdip                                                                
|RSTDIP: rstdip                                                                
|INPTRA: inptraj                                                               

|    REMLOG: rem.log
|   REMTYPE: rem.type
|  REMSTRIP: 
|   SAVEENE: saveene
|CLUSTERINF: cluster.info
| RESERVOIR: reserv/frame
|   REMDDIM: 


 Here is the input file:

Equilibrate water in NPT                                                       
 &cntrl                                                                        
                                                                               
  nmropt = 0,                                                                  
  ntx    = 1,       irest  = 0,       ntrx   = 1,      ntxo   = 1,             
  ntpr   = 1000,    ntwx   = 1000,    ntwv   = 0,      ntwe   = 1000,          
  iwrap  = 0,       ioutfm = 1,                                                
                                                                               
  ntf    = 2,       ntb    = 2,                                                
  cut = 9.0,                                                                   
                                                                               
  ibelly = 0,       ntr    = 1,                                                
  restraintmask = ':1',                                                        
  restraint_wt = 100.0,                                                        
                                                                               
  imin   = 0,                                                                  
  nstlim = 10000,                                                              
  nscm   = 1000,                                                               
  t      = 0.0,     dt     = 0.002,                                            
                                                                               
  temp0     = 298.0,   tempi  = 0.0,                                           
  ig        = -1,                                                              
  ntt       = 3,                                                               
  gamma_ln  = 3.0,                                                             
                                                                               
  ntp    = 1,       pres0  = 1.0,     comp   = 44.6,                           
  taup   = 1.0,                                                                
                                                                               
  ntc    = 2,       tol    = 0.000001, watnam = 'WAT ',                        
                                                                               
 &end                                                                          

--------------------------------------------------------------------------------
   1.  RESOURCE   USE: 
--------------------------------------------------------------------------------

| Flags: MPI                                                                    
 getting new box info from bottom of inpcrd
|  INFO: Old style inpcrd file read

| peek_ewald_inpcrd: Box info found
|Largest sphere to fit in unit cell has radius =    14.492
| New format PARM file being parsed.
| Version =    1.000 Date = 03/14/17 Time = 13:38:48
 NATOM  =    2848 NTYPES =       9 NBONH =    2838 MBONA  =       9
 NTHETH =      25 MTHETA =      11 NPHIH =      43 MPHIA  =      24
 NHPARM =       0 NPARM  =       0 NNB   =    3867 NRES   =     945
 NBONA  =       9 NTHETA =      11 NPHIA =      24 NUMBND =      10
 NUMANG =      16 NPTRA  =      19 NATYP =       9 NPHB   =       1
 IFBOX  =       2 NMXRS  =      10 IFCAP =       0 NEXTRA =       0
 NCOPY  =       0


|     Memory Use     Allocated
|     Real              294688
|     Hollerith           9491
|     Integer            87936
|     Max Pairs         315890
|     nblistReal         34176
|     nblist Int         86861
|       Total             4523 kbytes

| Note: 1-4 EEL scale factors are being read from the topology file.

| Note: 1-4 VDW scale factors are being read from the topology file.
| Duplicated    0 dihedrals
| Duplicated    0 dihedrals

     BOX TYPE: TRUNCATED OCTAHEDRON
Note: ig = -1. Setting random seed to   240649 based on wallclock time in microseconds
      and disabling the synchronization of random numbers between tasks
      to improve performance.

--------------------------------------------------------------------------------
   2.  CONTROL  DATA  FOR  THE  RUN
--------------------------------------------------------------------------------

default_name                                                                    

General flags:
     imin    =       0, nmropt  =       0

Nature and format of input:
     ntx     =       1, irest   =       0, ntrx    =       1

Nature and format of output:
     ntxo    =       1, ntpr    =    1000, ntrx    =       1, ntwr    =   10000
     iwrap   =       0, ntwx    =    1000, ntwv    =       0, ntwe    =    1000
     ioutfm  =       1, ntwprt  =       0, idecomp =       0, rbornstat=      0

Potential function:
     ntf     =       2, ntb     =       2, igb     =       0, nsnb    =      25
     ipol    =       0, gbsa    =       0, iesp    =       0
     dielc   =   1.00000, cut     =   9.00000, intdiel =   1.00000

Frozen or restrained atoms:
     ibelly  =       0, ntr     =       1
     restraint_wt = 100.00000

Molecular dynamics:
     nstlim  =     10000, nscm    =         0, nrespa  =         1
     t       =   0.00000, dt      =   0.00200, vlimit  =  20.00000

Langevin dynamics temperature regulation:
     ig      =  240649
     temp0   = 298.00000, tempi   =   0.00000, gamma_ln=   3.00000

Pressure regulation:
     ntp     =       1
     pres0   =   1.00000, comp    =  44.60000, taup    =   1.00000

SHAKE:
     ntc     =       2, jfastw  =       0
     tol     =   0.00000

Ewald parameters:
     verbose =       0, ew_type =       0, nbflag  =       1, use_pme =       1
     vdwmeth =       1, eedmeth =       1, netfrc  =       1
     Box X =   35.497   Box Y =   35.497   Box Z =   35.497
     Alpha =  109.471   Beta  =  109.471   Gamma =  109.471
     NFFT1 =   36       NFFT2 =   36       NFFT3 =   36
     Cutoff=    9.000   Tol   =0.100E-04
     Ewald Coefficient =  0.30768
     Interpolation order =    4

| MPI Timing options:
|      profile_mpi =        0

    LOADING THE CONSTRAINED ATOMS AS GROUPS


   5.  REFERENCE ATOM COORDINATES

  defa
     Mask :1; matches     6 atoms

--------------------------------------------------------------------------------
   3.  ATOMIC COORDINATES AND VELOCITIES
--------------------------------------------------------------------------------

defa                                                                            
 begin time read from input coords =     0.000 ps

 Number of triangulated 3-point waters found:      942
|  Atom division among processors:
|         0     358     715    1072    1429    1783    2140    2494
|      2848

     Sum of charges from parm topology file =  -0.00000000
     Forcing neutrality...
|  Running AMBER/MPI version on    8 nodes


--------------------------------------------------------------------------------
   4.  RESULTS
--------------------------------------------------------------------------------

|  # of SOLUTE  degrees of freedom (RNDFP):    5706.
|  # of SOLVENT degrees of freedom (RNDFS):       0.
|  NDFMIN =    5706.     NUM_NOSHAKE =      0     CORRECTED RNDFP =    5706.
|  TOTAL # of degrees of freedom (RNDF) =    5706.
 ---------------------------------------------------
 APPROXIMATING switch and d/dx switch using CUBIC SPLINE INTERPOLATION
 using   5000.0 points per unit in tabled values
 TESTING RELATIVE ERROR over r ranging from 0.0 to cutoff
| CHECK switch(x): max rel err =   0.2738E-14   at   2.422500
| CHECK d/dx switch(x): max rel err =   0.8314E-11   at   2.736960
 ---------------------------------------------------
| Local SIZE OF NONBOND LIST =      94244
| TOTAL SIZE OF NONBOND LIST =     657349

 NSTEP =        0   TIME(PS) =       0.000  TEMP(K) =     0.00  PRESS = -5190.7
 Etot   =    -12446.8993  EKtot   =         0.0000  EPtot      =    -12446.8993
 BOND   =         0.5837  ANGLE   =         1.2800  DIHED      =         8.7353
 1-4 NB =         3.4450  1-4 EEL =        44.4673  VDWAALS    =      2221.2965
 EELEC  =    -14726.8399  EHBOND  =         0.0000  RESTRAINT  =         0.1327
 EAMBER (non-restraint)  =    -12447.0320
 EKCMT  =         0.0000  VIRIAL  =      3858.8139  VOLUME     =     34431.1348
                                                    Density    =         0.8254
 Ewald error estimate:   0.2363E-03
 ------------------------------------------------------------------------------


 NSTEP =     1000   TIME(PS) =       2.000  TEMP(K) =   295.00  PRESS =  -367.7
 Etot   =     -7213.3809  EKtot   =      1672.5040  EPtot      =     -8885.8849
 BOND   =         4.0659  ANGLE   =         5.0082  DIHED      =         9.3745
 1-4 NB =         3.3472  1-4 EEL =        43.8785  VDWAALS    =      1373.3833
 EELEC  =    -10327.8061  EHBOND  =         0.0000  RESTRAINT  =         2.8636
 EAMBER (non-restraint)  =     -8888.7485
 EKCMT  =       834.1253  VIRIAL  =      1083.7202  VOLUME     =     31435.3417
                                                    Density    =         0.9041
 Ewald error estimate:   0.4324E-03
 ------------------------------------------------------------------------------


 NSTEP =     2000   TIME(PS) =       4.000  TEMP(K) =   293.24  PRESS =  -796.7
 Etot   =     -7277.1499  EKtot   =      1662.5329  EPtot      =     -8939.6828
 BOND   =         3.0779  ANGLE   =        10.9698  DIHED      =         9.4861
 1-4 NB =         2.8036  1-4 EEL =        45.5557  VDWAALS    =      1252.9724
 EELEC  =    -10265.9153  EHBOND  =         0.0000  RESTRAINT  =         1.3670
 EAMBER (non-restraint)  =     -8941.0498
 EKCMT  =       837.9225  VIRIAL  =      1352.3153  VOLUME     =     29903.1665
                                                    Density    =         0.9504
 Ewald error estimate:   0.2491E-04
 ------------------------------------------------------------------------------


 NSTEP =     3000   TIME(PS) =       6.000  TEMP(K) =   302.96  PRESS =    88.8
 Etot   =     -7291.8060  EKtot   =      1717.6183  EPtot      =     -9009.4243
 BOND   =         1.9023  ANGLE   =         9.3487  DIHED      =        11.2072
 1-4 NB =         3.2445  1-4 EEL =        45.9196  VDWAALS    =      1352.0393
 EELEC  =    -10436.6231  EHBOND  =         0.0000  RESTRAINT  =         3.5371
 EAMBER (non-restraint)  =     -9012.9614
 EKCMT  =       866.4504  VIRIAL  =       810.6487  VOLUME     =     29115.8924
                                                    Density    =         0.9761
 Ewald error estimate:   0.1049E-04
 ------------------------------------------------------------------------------


 NSTEP =     4000   TIME(PS) =       8.000  TEMP(K) =   292.52  PRESS =   242.6
 Etot   =     -7382.6911  EKtot   =      1658.4523  EPtot      =     -9041.1435
 BOND   =         3.2622  ANGLE   =         5.5811  DIHED      =        11.7358
 1-4 NB =         3.1999  1-4 EEL =        44.3220  VDWAALS    =      1388.6098
 EELEC  =    -10500.3993  EHBOND  =         0.0000  RESTRAINT  =         2.5450
 EAMBER (non-restraint)  =     -9043.6885
 EKCMT  =       777.7579  VIRIAL  =       627.0434  VOLUME     =     28774.9365
                                                    Density    =         0.9877
 Ewald error estimate:   0.4321E-04
 ------------------------------------------------------------------------------


 NSTEP =     5000   TIME(PS) =      10.000  TEMP(K) =   302.14  PRESS =   163.1
 Etot   =     -7276.8385  EKtot   =      1712.9725  EPtot      =     -8989.8110
 BOND   =         3.5301  ANGLE   =         9.1349  DIHED      =         9.1311
 1-4 NB =         5.3210  1-4 EEL =        48.3860  VDWAALS    =      1342.9001
 EELEC  =    -10412.1029  EHBOND  =         0.0000  RESTRAINT  =         3.8887
 EAMBER (non-restraint)  =     -8993.6997
 EKCMT  =       844.6897  VIRIAL  =       743.4195  VOLUME     =     28749.3768
                                                    Density    =         0.9886
 Ewald error estimate:   0.2613E-03
 ------------------------------------------------------------------------------


 NSTEP =     6000   TIME(PS) =      12.000  TEMP(K) =   305.22  PRESS =   346.5
 Etot   =     -7287.8393  EKtot   =      1730.4069  EPtot      =     -9018.2462
 BOND   =         3.4794  ANGLE   =         8.7714  DIHED      =        12.1650
 1-4 NB =         2.9088  1-4 EEL =        45.6481  VDWAALS    =      1387.1516
 EELEC  =    -10482.0908  EHBOND  =         0.0000  RESTRAINT  =         3.7202
 EAMBER (non-restraint)  =     -9021.9664
 EKCMT  =       846.1058  VIRIAL  =       629.3193  VOLUME     =     28975.9143
                                                    Density    =         0.9808
 Ewald error estimate:   0.1955E-03
 ------------------------------------------------------------------------------


 NSTEP =     7000   TIME(PS) =      14.000  TEMP(K) =   302.40  PRESS =   188.6
 Etot   =     -7364.8680  EKtot   =      1714.4221  EPtot      =     -9079.2901
 BOND   =         3.4919  ANGLE   =         7.9310  DIHED      =        12.0757
 1-4 NB =         2.8704  1-4 EEL =        44.0632  VDWAALS    =      1369.9537
 EELEC  =    -10527.6752  EHBOND  =         0.0000  RESTRAINT  =         7.9991
 EAMBER (non-restraint)  =     -9087.2892
 EKCMT  =       857.2423  VIRIAL  =       740.1823  VOLUME     =     28745.5489
                                                    Density    =         0.9887
 Ewald error estimate:   0.8946E-04
 ------------------------------------------------------------------------------


 NSTEP =     8000   TIME(PS) =      16.000  TEMP(K) =   310.69  PRESS =   397.0
 Etot   =     -7298.7631  EKtot   =      1761.4277  EPtot      =     -9060.1907
 BOND   =         4.6691  ANGLE   =         8.8702  DIHED      =        12.4279
 1-4 NB =         3.8087  1-4 EEL =        45.8050  VDWAALS    =      1395.3430
 EELEC  =    -10534.0802  EHBOND  =         0.0000  RESTRAINT  =         2.9656
 EAMBER (non-restraint)  =     -9063.1564
 EKCMT  =       867.5667  VIRIAL  =       621.2870  VOLUME     =     28731.3817
                                                    Density    =         0.9892
 Ewald error estimate:   0.1423E-03
 ------------------------------------------------------------------------------


 NSTEP =     9000   TIME(PS) =      18.000  TEMP(K) =   297.75  PRESS =  -401.7
 Etot   =     -7429.6998  EKtot   =      1688.1007  EPtot      =     -9117.8005
 BOND   =         3.8922  ANGLE   =         5.6490  DIHED      =        11.8354
 1-4 NB =         3.8482  1-4 EEL =        46.0054  VDWAALS    =      1294.9255
 EELEC  =    -10485.9757  EHBOND  =         0.0000  RESTRAINT  =         2.0195
 EAMBER (non-restraint)  =     -9119.8200
 EKCMT  =       838.2326  VIRIAL  =      1086.3921  VOLUME     =     28611.7658
                                                    Density    =         0.9933
 Ewald error estimate:   0.2291E-04
 ------------------------------------------------------------------------------


 NSTEP =    10000   TIME(PS) =      20.000  TEMP(K) =   298.97  PRESS =   -87.3
 Etot   =     -7334.7743  EKtot   =      1695.0168  EPtot      =     -9029.7910
 BOND   =         4.8021  ANGLE   =        13.0197  DIHED      =        13.0703
 1-4 NB =         3.0304  1-4 EEL =        44.3351  VDWAALS    =      1307.1676
 EELEC  =    -10418.0887  EHBOND  =         0.0000  RESTRAINT  =         2.8725
 EAMBER (non-restraint)  =     -9032.6635
 EKCMT  =       862.9595  VIRIAL  =       916.9771  VOLUME     =     28646.8189
                                                    Density    =         0.9921
 Ewald error estimate:   0.7687E-03
 ------------------------------------------------------------------------------


      A V E R A G E S   O V E R   10000 S T E P S


 NSTEP =    10000   TIME(PS) =      20.000  TEMP(K) =   293.87  PRESS =  -205.2
 Etot   =     -7374.8150  EKtot   =      1666.0638  EPtot      =     -9040.8788
 BOND   =         3.2563  ANGLE   =         8.6587  DIHED      =        11.5857
 1-4 NB =         3.4874  1-4 EEL =        44.8084  VDWAALS    =      1345.2352
 EELEC  =    -10461.0818  EHBOND  =         0.0000  RESTRAINT  =         3.1713
 EAMBER (non-restraint)  =     -9044.0501
 EKCMT  =       828.6588  VIRIAL  =       968.0407  VOLUME     =     29432.3353
                                                    Density    =         0.9673
 Ewald error estimate:   0.1921E-03
 ------------------------------------------------------------------------------


      R M S  F L U C T U A T I O N S


 NSTEP =    10000   TIME(PS) =      20.000  TEMP(K) =    26.79  PRESS =   449.1
 Etot   =       319.1616  EKtot   =       151.8876  EPtot      =       173.6994
 BOND   =         1.5795  ANGLE   =         2.3558  DIHED      =         1.5593
 1-4 NB =         0.7733  1-4 EEL =         1.9215  VDWAALS    =        90.0354
 EELEC  =       253.3569  EHBOND  =         0.0000  RESTRAINT  =         1.4131
 EAMBER (non-restraint)  =       172.2863
 EKCMT  =        73.8988  VIRIAL  =       271.3446  VOLUME     =      1263.4083
                                                    Density    =         0.0383
 Ewald error estimate:   0.1454E-03
 ------------------------------------------------------------------------------


--------------------------------------------------------------------------------
   5.  TIMINGS
--------------------------------------------------------------------------------

|>>>>>>>>PROFILE of Average TIMES>>>>>>>>> 
|                Build the list             7.11 (97.51% of List )
|                Other                      0.18 ( 2.49% of List )
|             List time                  7.29 ( 9.65% of Nonbo)
|                   Short_ene time            42.48 (96.43% of Direc)
|                   Other                      1.57 ( 3.57% of Direc)
|                Direct Ewald time         44.06 (64.55% of Ewald)
|                Adjust Ewald time          0.22 ( 0.33% of Ewald)
|                   Fill Bspline coeffs        0.96 ( 6.15% of Recip)
|                   Fill charge grid           0.83 ( 5.30% of Recip)
|                   Scalar sum                 3.91 (25.07% of Recip)
|                   Grad sum                   1.86 (11.92% of Recip)
|                      FFT back comm time         1.07 (15.22% of FFT t)
|                      Other                      5.96 (84.78% of FFT t)
|                   FFT time                   7.03 (45.08% of Recip)
|                   Other                      1.01 ( 6.48% of Recip)
|                Recip Ewald time          15.59 (22.84% of Ewald)
|                Force Adjust               8.03 (11.77% of Ewald)
|                Virial junk                0.33 ( 0.48% of Ewald)
|                Other                      0.02 ( 0.04% of Ewald)
|             Ewald time                68.25 (90.35% of Nonbo)
|             Other                      0.00 ( 0.01% of Nonbo)
|          Nonbond force             75.55 (98.91% of Force)
|          Bond/Angle/Dihedral        0.09 ( 0.12% of Force)
|          FRC Collect time           0.59 ( 0.77% of Force)
|          Other                      0.16 ( 0.21% of Force)
|       Force time                76.38 (92.10% of Runmd)
|       Shake time                 0.27 ( 0.33% of Runmd)
|       Verlet update time         3.01 ( 3.63% of Runmd)
|       Ekcmr time                 2.40 ( 2.90% of Runmd)
|       CRD distribute time        0.30 ( 0.36% of Runmd)
|       Other                      0.57 ( 0.68% of Runmd)
|    Runmd Time                82.93 (100.0% of Total)
|    Other                      0.05 ( 0.06% of Total)
| Total time                82.98 (100.0% of ALL  )

| Number of list builds   :        903

| Highest rstack allocated:      39559
| Highest istack allocated:        843

| Final Performance Info:
| -----------------------------------------------------
| Average timings for all steps:
|     Elapsed(s) =      83.57 Per Step(ms) =       8.36
|         ns/day =      20.68   seconds/ns =    4178.32
| -----------------------------------------------------

|           Job began  at 14:28:57.191  on 03/14/2017
|           Setup done at 14:28:57.266  on 03/14/2017
|           Run   done at 14:30:20.566  on 03/14/2017
|     wallclock() was called  571873 times
