
          -------------------------------------------------------
          Amber 16 SANDER                              2016
          -------------------------------------------------------

| Run on 03/14/2017 at 13:38:03

|   Executable path: sander.MPI
| Working directory: /home/steboss/projects/mdgx-tests/alanine/IPOLQ/input/PhiPsi_1/0/75
|          Hostname: node011

  [-O]verwriting output

File Assignments:
|  MDIN: min.in                                                                
| MDOUT: Conf75.min.out                                                        
|INPCRD: Conf75.crd                                                            
|  PARM: Conf75.top                                                            
|RESTRT: Conf75.min                                                            
|  REFC: Conf75.crd                                                            
| MDVEL: mdvel                                                                 
| MDFRC: mdfrc                                                                 
|  MDEN: mden                                                                  
| MDCRD: mdcrd                                                                 
|MDINFO: mdinfo                                                                
|  MTMD: mtmd                                                                  
|INPDIP: inpdip                                                                
|RSTDIP: rstdip                                                                
|INPTRA: inptraj                                                               

|    REMLOG: rem.log
|   REMTYPE: rem.type
|  REMSTRIP: 
|   SAVEENE: saveene
|CLUSTERINF: cluster.info
| RESERVOIR: reserv/frame
|   REMDDIM: 


 Here is the input file:

Initial minimization                                                           
 &cntrl                                                                        
  ntx    = 1,       irest  = 0,       ntrx   = 1,      ntxo   = 1,             
  ntpr   = 20,      ntwx   = 0,       ntwv   = 0,      ntwe   = 0,             
                                                                               
  ntf    = 1,       ntb    = 1,                                                
  ntc    = 1,       ntr    = 1,                                                
  restraintmask = ':1',                                                        
  restraint_wt = 100.0,                                                        
  cut    = 9.0,                                                                
                                                                               
  imin   = 1,                                                                  
  maxcyc = 1000,                                                               
  ncyc   = 100,                                                                
                                                                               
 &end                                                                          

--------------------------------------------------------------------------------
   1.  RESOURCE   USE: 
--------------------------------------------------------------------------------

| Flags: MPI                                                                    
 getting new box info from bottom of inpcrd
|  INFO: Old style inpcrd file read

| peek_ewald_inpcrd: Box info found
|Largest sphere to fit in unit cell has radius =    14.280
| New format PARM file being parsed.
| Version =    1.000 Date = 03/14/17 Time = 13:37:40
 NATOM  =    2761 NTYPES =       9 NBONH =    2751 MBONA  =       9
 NTHETH =      25 MTHETA =      11 NPHIH =      43 MPHIA  =      24
 NHPARM =       0 NPARM  =       0 NNB   =    3751 NRES   =     916
 NBONA  =       9 NTHETA =      11 NPHIA =      24 NUMBND =      10
 NUMANG =      16 NPTRA  =      19 NATYP =       9 NPHB   =       1
 IFBOX  =       2 NMXRS  =      10 IFCAP =       0 NEXTRA =       0
 NCOPY  =       0


|     Memory Use     Allocated
|     Real              321669
|     Hollerith           9201
|     Integer            85964
|     Max Pairs         306240
|     nblistReal         33132
|     nblist Int         84831
|       Total             4671 kbytes

| Note: 1-4 EEL scale factors are being read from the topology file.

| Note: 1-4 VDW scale factors are being read from the topology file.
| Duplicated    0 dihedrals
| Duplicated    0 dihedrals

     BOX TYPE: TRUNCATED OCTAHEDRON

--------------------------------------------------------------------------------
   2.  CONTROL  DATA  FOR  THE  RUN
--------------------------------------------------------------------------------

default_name                                                                    

General flags:
     imin    =       1, nmropt  =       0

Nature and format of input:
     ntx     =       1, irest   =       0, ntrx    =       1

Nature and format of output:
     ntxo    =       1, ntpr    =      20, ntrx    =       1, ntwr    =       1
     iwrap   =       0, ntwx    =       0, ntwv    =       0, ntwe    =       0
     ioutfm  =       1, ntwprt  =       0, idecomp =       0, rbornstat=      0

Potential function:
     ntf     =       1, ntb     =       1, igb     =       0, nsnb    =      25
     ipol    =       0, gbsa    =       0, iesp    =       0
     dielc   =   1.00000, cut     =   9.00000, intdiel =   1.00000

Frozen or restrained atoms:
     ibelly  =       0, ntr     =       1
     restraint_wt = 100.00000

Energy minimization:
     maxcyc  =    1000, ncyc    =     100, ntmin   =       1
     dx0     =   0.01000, drms    =   0.00010

Ewald parameters:
     verbose =       0, ew_type =       0, nbflag  =       1, use_pme =       1
     vdwmeth =       1, eedmeth =       1, netfrc  =       0
     Box X =   34.978   Box Y =   34.978   Box Z =   34.978
     Alpha =  109.471   Beta  =  109.471   Gamma =  109.471
     NFFT1 =   36       NFFT2 =   36       NFFT3 =   36
     Cutoff=    9.000   Tol   =0.100E-04
     Ewald Coefficient =  0.30768
     Interpolation order =    4

| MPI Timing options:
|      profile_mpi =        0

    LOADING THE CONSTRAINED ATOMS AS GROUPS


   5.  REFERENCE ATOM COORDINATES

  defa
     Mask :1; matches     6 atoms

--------------------------------------------------------------------------------
   3.  ATOMIC COORDINATES AND VELOCITIES
--------------------------------------------------------------------------------

default_name                                                                    
 begin time read from input coords =     0.000 ps

 Number of triangulated 3-point waters found:      913
|  Atom division among processors:
|         0     346     691    1036    1381    1726    2071    2416
|      2761

     Sum of charges from parm topology file =  -0.00000000
     Forcing neutrality...
|  Running AMBER/MPI version on    8 nodes


--------------------------------------------------------------------------------
   4.  RESULTS
--------------------------------------------------------------------------------

 ---------------------------------------------------
 APPROXIMATING switch and d/dx switch using CUBIC SPLINE INTERPOLATION
 using   5000.0 points per unit in tabled values
 TESTING RELATIVE ERROR over r ranging from 0.0 to cutoff
| CHECK switch(x): max rel err =   0.2738E-14   at   2.422500
| CHECK d/dx switch(x): max rel err =   0.8314E-11   at   2.736960
 ---------------------------------------------------
| Local SIZE OF NONBOND LIST =      87204
| TOTAL SIZE OF NONBOND LIST =     644109


   NSTEP       ENERGY          RMS            GMAX         NAME    NUMBER
      1      -7.2548E+03     1.3903E+01     9.0096E+01     O        2327

 BOND    =        0.8871  ANGLE   =        3.0504  DIHED      =       12.0710
 VDWAALS =     1430.7221  EEL     =    -8749.6192  HBOND      =        0.0000
 1-4 VDW =        2.6075  1-4 EEL =       45.4514  RESTRAINT  =        0.0000


   NSTEP       ENERGY          RMS            GMAX         NAME    NUMBER
     20      -8.3348E+03     3.4342E+00     2.8409E+01     O         365

 BOND    =      463.8173  ANGLE   =        3.1452  DIHED      =       12.0092
 VDWAALS =     1107.2774  EEL     =    -9969.1360  HBOND      =        0.0000
 1-4 VDW =        2.6015  1-4 EEL =       45.4392  RESTRAINT  =        0.0127
 EAMBER  =    -8334.8462


   NSTEP       ENERGY          RMS            GMAX         NAME    NUMBER
     40      -9.1685E+03     2.2840E+00     8.3059E+00     H2        304

 BOND    =      572.2135  ANGLE   =        3.2507  DIHED      =       11.8732
 VDWAALS =     1053.7073  EEL     =   -10857.5545  HBOND      =        0.0000
 1-4 VDW =        2.5810  1-4 EEL =       45.3666  RESTRAINT  =        0.0447
 EAMBER  =    -9168.5622


   NSTEP       ENERGY          RMS            GMAX         NAME    NUMBER
     60      -9.4032E+03     3.4305E+00     1.1945E+01     H1        846

 BOND    =      642.2786  ANGLE   =        3.3000  DIHED      =       11.7879
 VDWAALS =     1078.9265  EEL     =   -11187.4016  HBOND      =        0.0000
 1-4 VDW =        2.5626  1-4 EEL =       45.3211  RESTRAINT  =        0.0567
 EAMBER  =    -9403.2250


   NSTEP       ENERGY          RMS            GMAX         NAME    NUMBER
     80      -9.5543E+03     4.0380E+00     1.4707E+01     H1        846

 BOND    =      683.2480  ANGLE   =        3.3356  DIHED      =       11.7135
 VDWAALS =     1109.7523  EEL     =   -11410.2533  HBOND      =        0.0000
 1-4 VDW =        2.5499  1-4 EEL =       45.2823  RESTRAINT  =        0.0693
 EAMBER  =    -9554.3717


   NSTEP       ENERGY          RMS            GMAX         NAME    NUMBER
    100      -9.6879E+03     9.5329E-01     6.9344E+00     H1        789

 BOND    =      578.8592  ANGLE   =        3.3596  DIHED      =       11.6489
 VDWAALS =     1141.2288  EEL     =   -11470.8552  HBOND      =        0.0000
 1-4 VDW =        2.5429  1-4 EEL =       45.2426  RESTRAINT  =        0.0826
 EAMBER  =    -9687.9734


   NSTEP       ENERGY          RMS            GMAX         NAME    NUMBER
    120      -1.0115E+04     4.3338E+00     6.6082E+01     O        2216

 BOND    =      771.0417  ANGLE   =        3.5529  DIHED      =       11.2554
 VDWAALS =     1464.0887  EEL     =   -12412.2919  HBOND      =        0.0000
 1-4 VDW =        2.5270  1-4 EEL =       44.9615  RESTRAINT  =        0.2555
 EAMBER  =   -10114.8647


   NSTEP       ENERGY          RMS            GMAX         NAME    NUMBER
    140      -1.0260E+04     1.7722E+00     5.0771E+01     H2       2218

 BOND    =      688.7594  ANGLE   =        3.6324  DIHED      =       11.1467
 VDWAALS =     1481.8214  EEL     =   -12492.5826  HBOND      =        0.0000
 1-4 VDW =        2.5632  1-4 EEL =       44.7204  RESTRAINT  =        0.3089
 EAMBER  =   -10259.9391


   NSTEP       ENERGY          RMS            GMAX         NAME    NUMBER
    160      -1.0379E+04     1.8431E+00     6.3204E+01     O        2216

 BOND    =      695.2161  ANGLE   =        4.1480  DIHED      =       11.0000
 VDWAALS =     1516.2824  EEL     =   -12653.4359  HBOND      =        0.0000
 1-4 VDW =        2.7021  1-4 EEL =       44.5770  RESTRAINT  =        0.4155
 EAMBER  =   -10379.5105


   NSTEP       ENERGY          RMS            GMAX         NAME    NUMBER
    180      -1.0449E+04     1.0046E+00     2.0327E+01     H          18

 BOND    =      716.5614  ANGLE   =        5.1731  DIHED      =       10.9810
 VDWAALS =     1580.0259  EEL     =   -12810.0598  HBOND      =        0.0000
 1-4 VDW =        2.8532  1-4 EEL =       44.6538  RESTRAINT  =        0.5656
 EAMBER  =   -10449.8114


   NSTEP       ENERGY          RMS            GMAX         NAME    NUMBER
    200      -1.0598E+04     1.8877E+00     2.6071E+01     C          15

 BOND    =      741.8427  ANGLE   =        7.3163  DIHED      =       11.3603
 VDWAALS =     1785.5405  EEL     =   -13193.1638  HBOND      =        0.0000
 1-4 VDW =        2.8779  1-4 EEL =       45.0300  RESTRAINT  =        1.3617
 EAMBER  =   -10599.1961


   NSTEP       ENERGY          RMS            GMAX         NAME    NUMBER
    220      -1.0653E+04     1.2051E+00     3.6916E+01     C           5

 BOND    =      761.5052  ANGLE   =        4.6728  DIHED      =       10.6087
 VDWAALS =     1785.7028  EEL     =   -13263.2059  HBOND      =        0.0000
 1-4 VDW =        2.6280  1-4 EEL =       44.0378  RESTRAINT  =        0.6651
 EAMBER  =   -10654.0505


   NSTEP       ENERGY          RMS            GMAX         NAME    NUMBER
    240      -1.0696E+04     1.4993E+00     1.8168E+01     C           5

 BOND    =      746.4735  ANGLE   =        4.0505  DIHED      =       10.5872
 VDWAALS =     1795.4048  EEL     =   -13299.5075  HBOND      =        0.0000
 1-4 VDW =        2.5149  1-4 EEL =       43.9546  RESTRAINT  =        0.5803
 EAMBER  =   -10696.5220


   NSTEP       ENERGY          RMS            GMAX         NAME    NUMBER
    260      -1.0748E+04     1.0887E+00     2.0924E+01     CH3         2

 BOND    =      774.4666  ANGLE   =        4.5092  DIHED      =       10.3761
 VDWAALS =     1838.2347  EEL     =   -13422.7602  HBOND      =        0.0000
 1-4 VDW =        2.3845  1-4 EEL =       43.6391  RESTRAINT  =        0.7087
 EAMBER  =   -10749.1501


   NSTEP       ENERGY          RMS            GMAX         NAME    NUMBER
    280      -1.0775E+04     4.9892E-01     5.2102E+00     CA          9

 BOND    =      783.8226  ANGLE   =        4.0201  DIHED      =       10.1738
 VDWAALS =     1876.1898  EEL     =   -13496.9286  HBOND      =        0.0000
 1-4 VDW =        2.6255  1-4 EEL =       43.7867  RESTRAINT  =        0.8539
 EAMBER  =   -10776.3100


   NSTEP       ENERGY          RMS            GMAX         NAME    NUMBER
    300      -1.0817E+04     1.0857E+00     1.8904E+01     O           6

 BOND    =      796.6767  ANGLE   =        4.9808  DIHED      =       10.2391
 VDWAALS =     1904.7622  EEL     =   -13582.2302  HBOND      =        0.0000
 1-4 VDW =        2.9171  1-4 EEL =       44.0230  RESTRAINT  =        1.6760
 EAMBER  =   -10818.6314


   NSTEP       ENERGY          RMS            GMAX         NAME    NUMBER
    320      -1.0838E+04     9.9392E-01     2.6904E+01     O           6

 BOND    =      795.6335  ANGLE   =        4.3198  DIHED      =       10.6362
 VDWAALS =     1924.6492  EEL     =   -13621.1302  HBOND      =        0.0000
 1-4 VDW =        2.8466  1-4 EEL =       43.8029  RESTRAINT  =        0.9299
 EAMBER  =   -10839.2420


   NSTEP       ENERGY          RMS            GMAX         NAME    NUMBER
    340      -1.0874E+04     6.1966E-01     2.1902E+01     CA          9

 BOND    =      802.1882  ANGLE   =        4.5787  DIHED      =       10.2856
 VDWAALS =     1952.7349  EEL     =   -13690.5678  HBOND      =        0.0000
 1-4 VDW =        2.4410  1-4 EEL =       43.4329  RESTRAINT  =        0.5738
 EAMBER  =   -10874.9065


   NSTEP       ENERGY          RMS            GMAX         NAME    NUMBER
    360      -1.0888E+04     5.3636E-01     1.0916E+01     N          17

 BOND    =      800.3911  ANGLE   =        4.1315  DIHED      =        9.9057
 VDWAALS =     1962.1396  EEL     =   -13711.4430  HBOND      =        0.0000
 1-4 VDW =        2.5433  1-4 EEL =       43.5204  RESTRAINT  =        0.5828
 EAMBER  =   -10888.8114


   NSTEP       ENERGY          RMS            GMAX         NAME    NUMBER
    380      -1.0921E+04     7.6202E-01     1.3125E+01     O           6

 BOND    =      822.9864  ANGLE   =        4.7326  DIHED      =        9.3587
 VDWAALS =     2014.5929  EEL     =   -13820.3870  HBOND      =        0.0000
 1-4 VDW =        2.6797  1-4 EEL =       43.5698  RESTRAINT  =        1.4181
 EAMBER  =   -10922.4669


   NSTEP       ENERGY          RMS            GMAX         NAME    NUMBER
    400      -1.0946E+04     5.4694E-01     1.5096E+01     N           7

 BOND    =      818.1034  ANGLE   =        4.2752  DIHED      =        9.9306
 VDWAALS =     2017.6816  EEL     =   -13843.7245  HBOND      =        0.0000
 1-4 VDW =        2.7435  1-4 EEL =       43.4916  RESTRAINT  =        1.0537
 EAMBER  =   -10947.4985


   NSTEP       ENERGY          RMS            GMAX         NAME    NUMBER
    420      -1.0960E+04     7.5131E-01     2.0156E+01     CH3         2

 BOND    =      818.8502  ANGLE   =        4.3202  DIHED      =       10.1255
 VDWAALS =     2036.5538  EEL     =   -13876.4649  HBOND      =        0.0000
 1-4 VDW =        2.7015  1-4 EEL =       43.4420  RESTRAINT  =        0.6551
 EAMBER  =   -10960.4717


   NSTEP       ENERGY          RMS            GMAX         NAME    NUMBER
    440      -1.0982E+04     4.4882E-01     1.6288E+01     CA          9

 BOND    =      827.0615  ANGLE   =        4.8172  DIHED      =        9.8381
 VDWAALS =     2052.4240  EEL     =   -13922.6102  HBOND      =        0.0000
 1-4 VDW =        2.5040  1-4 EEL =       43.2125  RESTRAINT  =        0.5385
 EAMBER  =   -10982.7529


   NSTEP       ENERGY          RMS            GMAX         NAME    NUMBER
    460      -1.0989E+04     3.8889E-01     1.2211E+01     N          17

 BOND    =      824.5488  ANGLE   =        4.2519  DIHED      =        9.4210
 VDWAALS =     2057.8511  EEL     =   -13931.8114  HBOND      =        0.0000
 1-4 VDW =        2.5402  1-4 EEL =       43.2686  RESTRAINT  =        0.6099
 EAMBER  =   -10989.9297


   NSTEP       ENERGY          RMS            GMAX         NAME    NUMBER
    480      -1.1006E+04     6.6729E-01     1.6268E+01     C          15

 BOND    =      839.5457  ANGLE   =        4.4743  DIHED      =        9.0578
 VDWAALS =     2085.9893  EEL     =   -13992.1792  HBOND      =        0.0000
 1-4 VDW =        2.6771  1-4 EEL =       43.3204  RESTRAINT  =        1.1740
 EAMBER  =   -11007.1147


   NSTEP       ENERGY          RMS            GMAX         NAME    NUMBER
    500      -1.1022E+04     6.5687E-01     1.9904E+01     C           5

 BOND    =      837.5265  ANGLE   =        4.1896  DIHED      =        9.4151
 VDWAALS =     2087.7904  EEL     =   -14007.4487  HBOND      =        0.0000
 1-4 VDW =        2.7473  1-4 EEL =       43.2248  RESTRAINT  =        1.0226
 EAMBER  =   -11022.5551


   NSTEP       ENERGY          RMS            GMAX         NAME    NUMBER
    520      -1.1031E+04     6.7520E-01     1.6930E+01     O           6

 BOND    =      830.6931  ANGLE   =        4.7034  DIHED      =        9.5441
 VDWAALS =     2098.9098  EEL     =   -14021.7804  HBOND      =        0.0000
 1-4 VDW =        2.6827  1-4 EEL =       43.1974  RESTRAINT  =        0.6519
 EAMBER  =   -11032.0499


   NSTEP       ENERGY          RMS            GMAX         NAME    NUMBER
    540      -1.1047E+04     4.0558E-01     1.1136E+01     CH3        19

 BOND    =      842.3037  ANGLE   =        4.7953  DIHED      =        9.4654
 VDWAALS =     2107.1919  EEL     =   -14057.1928  HBOND      =        0.0000
 1-4 VDW =        2.5092  1-4 EEL =       43.0194  RESTRAINT  =        0.5402
 EAMBER  =   -11047.9079


   NSTEP       ENERGY          RMS            GMAX         NAME    NUMBER
    560      -1.1054E+04     3.4466E-01     1.0357E+01     N          17

 BOND    =      837.4051  ANGLE   =        4.2826  DIHED      =        9.1067
 VDWAALS =     2110.2180  EEL     =   -14060.7451  HBOND      =        0.0000
 1-4 VDW =        2.5167  1-4 EEL =       43.0264  RESTRAINT  =        0.6034
 EAMBER  =   -11054.1896


   NSTEP       ENERGY          RMS            GMAX         NAME    NUMBER
    580      -1.1068E+04     6.2902E-01     1.5452E+01     C          15

 BOND    =      846.3442  ANGLE   =        4.3373  DIHED      =        8.8619
 VDWAALS =     2131.4405  EEL     =   -14105.4240  HBOND      =        0.0000
 1-4 VDW =        2.6725  1-4 EEL =       43.0264  RESTRAINT  =        1.0979
 EAMBER  =   -11068.7412


   NSTEP       ENERGY          RMS            GMAX         NAME    NUMBER
    600      -1.1081E+04     3.4417E-01     9.9900E+00     O           6

 BOND    =      844.5257  ANGLE   =        4.5943  DIHED      =        9.0698
 VDWAALS =     2130.1066  EEL     =   -14115.5747  HBOND      =        0.0000
 1-4 VDW =        2.6979  1-4 EEL =       42.9180  RESTRAINT  =        0.8782
 EAMBER  =   -11081.6624


   NSTEP       ENERGY          RMS            GMAX         NAME    NUMBER
    620      -1.1089E+04     5.3705E-01     1.7236E+01     C          15

 BOND    =      838.8513  ANGLE   =        4.8733  DIHED      =        8.9438
 VDWAALS =     2139.1830  EEL     =   -14127.0194  HBOND      =        0.0000
 1-4 VDW =        2.6007  1-4 EEL =       42.9176  RESTRAINT  =        0.7200
 EAMBER  =   -11089.6499


   NSTEP       ENERGY          RMS            GMAX         NAME    NUMBER
    640      -1.1105E+04     3.4956E-01     9.7556E+00     H          18

 BOND    =      850.1051  ANGLE   =        4.9497  DIHED      =        9.0178
 VDWAALS =     2144.6747  EEL     =   -14159.6210  HBOND      =        0.0000
 1-4 VDW =        2.4081  1-4 EEL =       42.6033  RESTRAINT  =        0.5685
 EAMBER  =   -11105.8623


   NSTEP       ENERGY          RMS            GMAX         NAME    NUMBER
    660      -1.1111E+04     3.3606E-01     1.2819E+01     N          17

 BOND    =      845.5352  ANGLE   =        4.6452  DIHED      =        8.8311
 VDWAALS =     2147.5008  EEL     =   -14162.6907  HBOND      =        0.0000
 1-4 VDW =        2.4161  1-4 EEL =       42.4636  RESTRAINT  =        0.5459
 EAMBER  =   -11111.2987


   NSTEP       ENERGY          RMS            GMAX         NAME    NUMBER
    680      -1.1127E+04     5.5818E-01     1.0986E+01     HH32        3

 BOND    =      856.0337  ANGLE   =        4.7925  DIHED      =        8.6114
 VDWAALS =     2169.6274  EEL     =   -14211.6001  HBOND      =        0.0000
 1-4 VDW =        2.5418  1-4 EEL =       42.3913  RESTRAINT  =        1.0521
 EAMBER  =   -11127.6020


   NSTEP       ENERGY          RMS            GMAX         NAME    NUMBER
    700      -1.1140E+04     4.1725E-01     1.1772E+01     CH3         2

 BOND    =      853.7784  ANGLE   =        5.0853  DIHED      =        8.7224
 VDWAALS =     2168.9059  EEL     =   -14222.5024  HBOND      =        0.0000
 1-4 VDW =        2.5679  1-4 EEL =       42.5623  RESTRAINT  =        0.9137
 EAMBER  =   -11140.8801


   NSTEP       ENERGY          RMS            GMAX         NAME    NUMBER
    720      -1.1149E+04     8.5462E-01     2.4724E+01     N          17

 BOND    =      849.8401  ANGLE   =        6.1273  DIHED      =        8.9630
 VDWAALS =     2182.5999  EEL     =   -14241.8584  HBOND      =        0.0000
 1-4 VDW =        2.4172  1-4 EEL =       42.5811  RESTRAINT  =        0.6994
 EAMBER  =   -11149.3299


   NSTEP       ENERGY          RMS            GMAX         NAME    NUMBER
    740      -1.1164E+04     2.8921E-01     6.7413E+00     CH3        19

 BOND    =      858.6144  ANGLE   =        5.3637  DIHED      =        8.8578
 VDWAALS =     2190.4195  EEL     =   -14272.4088  HBOND      =        0.0000
 1-4 VDW =        2.2941  1-4 EEL =       42.1709  RESTRAINT  =        0.4903
 EAMBER  =   -11164.6884


   NSTEP       ENERGY          RMS            GMAX         NAME    NUMBER
    760      -1.1169E+04     2.2507E-01     5.8382E+00     C           5

 BOND    =      856.1228  ANGLE   =        4.9551  DIHED      =        8.6912
 VDWAALS =     2192.8726  EEL     =   -14276.9339  HBOND      =        0.0000
 1-4 VDW =        2.3205  1-4 EEL =       42.0525  RESTRAINT  =        0.5532
 EAMBER  =   -11169.9193


   NSTEP       ENERGY          RMS            GMAX         NAME    NUMBER
    780      -1.1185E+04     4.5272E-01     7.4529E+00     O          16

 BOND    =      863.2903  ANGLE   =        4.9375  DIHED      =        8.7138
 VDWAALS =     2208.3998  EEL     =   -14315.3378  HBOND      =        0.0000
 1-4 VDW =        2.4456  1-4 EEL =       42.0476  RESTRAINT  =        0.8396
 EAMBER  =   -11185.5032


   NSTEP       ENERGY          RMS            GMAX         NAME    NUMBER
    800      -1.1195E+04     4.6588E-01     1.4045E+01     CH3        19

 BOND    =      863.9462  ANGLE   =        5.1008  DIHED      =        8.7209
 VDWAALS =     2207.3092  EEL     =   -14324.5403  HBOND      =        0.0000
 1-4 VDW =        2.2040  1-4 EEL =       41.6864  RESTRAINT  =        0.5020
 EAMBER  =   -11195.5728


   NSTEP       ENERGY          RMS            GMAX         NAME    NUMBER
    820      -1.1199E+04     6.0138E-01     1.4500E+01     N           7

 BOND    =      855.7704  ANGLE   =        4.7721  DIHED      =        8.8724
 VDWAALS =     2210.0008  EEL     =   -14323.4429  HBOND      =        0.0000
 1-4 VDW =        2.2844  1-4 EEL =       42.0023  RESTRAINT  =        0.5062
 EAMBER  =   -11199.7406


   NSTEP       ENERGY          RMS            GMAX         NAME    NUMBER
    840      -1.1213E+04     2.7279E-01     5.5232E+00     CH3         2

 BOND    =      866.2468  ANGLE   =        5.2084  DIHED      =        8.9130
 VDWAALS =     2212.7367  EEL     =   -14351.0052  HBOND      =        0.0000
 1-4 VDW =        2.1992  1-4 EEL =       42.0324  RESTRAINT  =        0.6428
 EAMBER  =   -11213.6687


   NSTEP       ENERGY          RMS            GMAX         NAME    NUMBER
    860      -1.1217E+04     2.3552E-01     7.4628E+00     C          15

 BOND    =      862.4320  ANGLE   =        4.8361  DIHED      =        8.9562
 VDWAALS =     2212.5576  EEL     =   -14350.0588  HBOND      =        0.0000
 1-4 VDW =        2.2558  1-4 EEL =       41.8999  RESTRAINT  =        0.5056
 EAMBER  =   -11217.1212


   NSTEP       ENERGY          RMS            GMAX         NAME    NUMBER
    880      -1.1224E+04     3.2606E-01     5.1108E+00     C           5

 BOND    =      868.2247  ANGLE   =        5.0301  DIHED      =        8.8438
 VDWAALS =     2216.1436  EEL     =   -14366.6596  HBOND      =        0.0000
 1-4 VDW =        2.3165  1-4 EEL =       41.8925  RESTRAINT  =        0.5290
 EAMBER  =   -11224.2084


   NSTEP       ENERGY          RMS            GMAX         NAME    NUMBER
    900      -1.1230E+04     4.5993E-01     1.2282E+01     C          15

 BOND    =      868.3714  ANGLE   =        5.0194  DIHED      =        8.8399
 VDWAALS =     2216.9419  EEL     =   -14373.0922  HBOND      =        0.0000
 1-4 VDW =        2.2271  1-4 EEL =       41.6015  RESTRAINT  =        0.5342
 EAMBER  =   -11230.0910


   NSTEP       ENERGY          RMS            GMAX         NAME    NUMBER
    920      -1.1234E+04     4.6988E-01     1.1423E+01     N          17

 BOND    =      862.7713  ANGLE   =        4.9359  DIHED      =        8.8830
 VDWAALS =     2219.6940  EEL     =   -14374.4162  HBOND      =        0.0000
 1-4 VDW =        2.2439  1-4 EEL =       41.8220  RESTRAINT  =        0.5018
 EAMBER  =   -11234.0662


   NSTEP       ENERGY          RMS            GMAX         NAME    NUMBER
    940      -1.1241E+04     2.5869E-01     8.2284E+00     CH3        19

 BOND    =      870.5760  ANGLE   =        5.0969  DIHED      =        9.0185
 VDWAALS =     2222.5406  EEL     =   -14393.1527  HBOND      =        0.0000
 1-4 VDW =        2.1664  1-4 EEL =       42.0319  RESTRAINT  =        0.6421
 EAMBER  =   -11241.7224


   NSTEP       ENERGY          RMS            GMAX         NAME    NUMBER
    960      -1.1244E+04     2.3213E-01     5.9719E+00     O          16

 BOND    =      867.0409  ANGLE   =        4.9540  DIHED      =        8.9716
 VDWAALS =     2224.3202  EEL     =   -14393.6418  HBOND      =        0.0000
 1-4 VDW =        2.2261  1-4 EEL =       41.9430  RESTRAINT  =        0.5363
 EAMBER  =   -11244.1859


   NSTEP       ENERGY          RMS            GMAX         NAME    NUMBER
    980      -1.1249E+04     4.1063E-01     1.4587E+01     C           5

 BOND    =      871.6123  ANGLE   =        5.0852  DIHED      =        8.9064
 VDWAALS =     2230.9378  EEL     =   -14410.4236  HBOND      =        0.0000
 1-4 VDW =        2.2921  1-4 EEL =       41.8474  RESTRAINT  =        0.5441
 EAMBER  =   -11249.7424


   NSTEP       ENERGY          RMS            GMAX         NAME    NUMBER
   1000      -1.1254E+04     2.8086E-01     7.0641E+00     H          18

 BOND    =      873.1121  ANGLE   =        5.0014  DIHED      =        8.8913
 VDWAALS =     2233.0027  EEL     =   -14417.9087  HBOND      =        0.0000
 1-4 VDW =        2.2116  1-4 EEL =       41.5242  RESTRAINT  =        0.5335
 EAMBER  =   -11254.1654


  Maximum number of minimization cycles reached.


                    FINAL RESULTS



   NSTEP       ENERGY          RMS            GMAX         NAME    NUMBER
   1000      -1.1254E+04     2.8086E-01     7.0641E+00     H          18

 BOND    =      873.1121  ANGLE   =        5.0014  DIHED      =        8.8913
 VDWAALS =     2233.0027  EEL     =   -14417.9087  HBOND      =        0.0000
 1-4 VDW =        2.2116  1-4 EEL =       41.5242  RESTRAINT  =        0.5335
 EAMBER  =   -11254.1654

--------------------------------------------------------------------------------
   5.  TIMINGS
--------------------------------------------------------------------------------

|                Build the list             0.07 (57.72% of List )
|                Other                      0.05 (42.28% of List )
|             List time                  0.11 ( 1.42% of Nonbo)
|                   Short_ene time             5.03 (96.28% of Direc)
|                   Other                      0.19 ( 3.72% of Direc)
|                Direct Ewald time          5.23 (66.09% of Ewald)
|                Adjust Ewald time          0.03 ( 0.37% of Ewald)
|                Self Ewald time            0.00 ( 0.02% of Ewald)
|                   Fill Bspline coeffs        0.15 ( 6.56% of Recip)
|                   Fill charge grid           0.11 ( 4.95% of Recip)
|                   Scalar sum                 0.49 (21.23% of Recip)
|                   Grad sum                   0.25 (10.77% of Recip)
|                      FFT back comm time         0.24 (19.33% of FFT t)
|                      Other                      1.00 (80.67% of FFT t)
|                   FFT time                   1.24 (53.94% of Recip)
|                   Other                      0.06 ( 2.55% of Recip)
|                Recip Ewald time           2.29 (28.99% of Ewald)
|                Force Adjust               0.31 ( 3.97% of Ewald)
|                Virial junk                0.04 ( 0.48% of Ewald)
|                Start synchronizatio       0.00 ( 0.01% of Ewald)
|                Other                      0.01 ( 0.07% of Ewald)
|             Ewald time                 7.91 (98.56% of Nonbo)
|             IPS excludes               0.00 ( 0.01% of Nonbo)
|             Other                      0.00 ( 0.01% of Nonbo)
|          Nonbond force              8.03 (91.10% of Force)
|          Bond/Angle/Dihedral        0.04 ( 0.40% of Force)
|          FRC Collect time           0.16 ( 1.77% of Force)
|          Other                      0.59 ( 6.73% of Force)
|       Force time                 8.81 (100.0% of Runmd)
|    Runmd Time                 8.81 ( 2.38% of Total)
|    Other                    361.59 (97.62% of Total)
| Total time               370.41 (100.0% of ALL  )

| Highest rstack allocated:      38884
| Highest istack allocated:        818
|           Job began  at 13:38:03.557  on 03/14/2017
|           Setup done at 13:38:04.085  on 03/14/2017
|           Run   done at 13:44:14.006  on 03/14/2017
|     wallclock() was called   44068 times
