
          -------------------------------------------------------
          Amber 16 SANDER                              2016
          -------------------------------------------------------

| Run on 03/14/2017 at 15:42:06

|   Executable path: sander.MPI
| Working directory: /home/steboss/projects/mdgx-tests/alanine/IPOLQ/input/PhiPsi_1/90/150
|          Hostname: node006

  [-O]verwriting output

File Assignments:
|  MDIN: equil.in                                                              
| MDOUT: Conf150.eq.out                                                        
|INPCRD: Conf150.min                                                           
|  PARM: Conf150.top                                                           
|RESTRT: Conf150.rst                                                           
|  REFC: Conf150.crd                                                           
| MDVEL: mdvel                                                                 
| MDFRC: mdfrc                                                                 
|  MDEN: mden                                                                  
| MDCRD: mdcrd                                                                 
|MDINFO: mdinfo                                                                
|  MTMD: mtmd                                                                  
|INPDIP: inpdip                                                                
|RSTDIP: rstdip                                                                
|INPTRA: inptraj                                                               

|    REMLOG: rem.log
|   REMTYPE: rem.type
|  REMSTRIP: 
|   SAVEENE: saveene
|CLUSTERINF: cluster.info
| RESERVOIR: reserv/frame
|   REMDDIM: 


 Here is the input file:

Equilibrate water in NPT                                                       
 &cntrl                                                                        
                                                                               
  nmropt = 0,                                                                  
  ntx    = 1,       irest  = 0,       ntrx   = 1,      ntxo   = 1,             
  ntpr   = 1000,    ntwx   = 1000,    ntwv   = 0,      ntwe   = 1000,          
  iwrap  = 0,       ioutfm = 1,                                                
                                                                               
  ntf    = 2,       ntb    = 2,                                                
  cut = 9.0,                                                                   
                                                                               
  ibelly = 0,       ntr    = 1,                                                
  restraintmask = ':1',                                                        
  restraint_wt = 100.0,                                                        
                                                                               
  imin   = 0,                                                                  
  nstlim = 10000,                                                              
  nscm   = 1000,                                                               
  t      = 0.0,     dt     = 0.002,                                            
                                                                               
  temp0     = 298.0,   tempi  = 0.0,                                           
  ig        = -1,                                                              
  ntt       = 3,                                                               
  gamma_ln  = 3.0,                                                             
                                                                               
  ntp    = 1,       pres0  = 1.0,     comp   = 44.6,                           
  taup   = 1.0,                                                                
                                                                               
  ntc    = 2,       tol    = 0.000001, watnam = 'WAT ',                        
                                                                               
 &end                                                                          

--------------------------------------------------------------------------------
   1.  RESOURCE   USE: 
--------------------------------------------------------------------------------

| Flags: MPI                                                                    
 getting new box info from bottom of inpcrd
|  INFO: Old style inpcrd file read

| peek_ewald_inpcrd: Box info found
|Largest sphere to fit in unit cell has radius =    14.751
| New format PARM file being parsed.
| Version =    1.000 Date = 03/14/17 Time = 13:40:43
 NATOM  =    3007 NTYPES =       9 NBONH =    2997 MBONA  =       9
 NTHETH =      25 MTHETA =      11 NPHIH =      43 MPHIA  =      24
 NHPARM =       0 NPARM  =       0 NNB   =    4079 NRES   =     998
 NBONA  =       9 NTHETA =      11 NPHIA =      24 NUMBND =      10
 NUMANG =      16 NPTRA  =      19 NATYP =       9 NPHB   =       1
 IFBOX  =       2 NMXRS  =      10 IFCAP =       0 NEXTRA =       0
 NCOPY  =       0


|     Memory Use     Allocated
|     Real              306295
|     Hollerith          10021
|     Integer            91540
|     Max Pairs         333526
|     nblistReal         36084
|     nblist Int        100502
|       Total             4766 kbytes

| Note: 1-4 EEL scale factors are being read from the topology file.

| Note: 1-4 VDW scale factors are being read from the topology file.
| Duplicated    0 dihedrals
| Duplicated    0 dihedrals

     BOX TYPE: TRUNCATED OCTAHEDRON
Note: ig = -1. Setting random seed to   324728 based on wallclock time in microseconds
      and disabling the synchronization of random numbers between tasks
      to improve performance.

--------------------------------------------------------------------------------
   2.  CONTROL  DATA  FOR  THE  RUN
--------------------------------------------------------------------------------

default_name                                                                    

General flags:
     imin    =       0, nmropt  =       0

Nature and format of input:
     ntx     =       1, irest   =       0, ntrx    =       1

Nature and format of output:
     ntxo    =       1, ntpr    =    1000, ntrx    =       1, ntwr    =   10000
     iwrap   =       0, ntwx    =    1000, ntwv    =       0, ntwe    =    1000
     ioutfm  =       1, ntwprt  =       0, idecomp =       0, rbornstat=      0

Potential function:
     ntf     =       2, ntb     =       2, igb     =       0, nsnb    =      25
     ipol    =       0, gbsa    =       0, iesp    =       0
     dielc   =   1.00000, cut     =   9.00000, intdiel =   1.00000

Frozen or restrained atoms:
     ibelly  =       0, ntr     =       1
     restraint_wt = 100.00000

Molecular dynamics:
     nstlim  =     10000, nscm    =         0, nrespa  =         1
     t       =   0.00000, dt      =   0.00200, vlimit  =  20.00000

Langevin dynamics temperature regulation:
     ig      =  324728
     temp0   = 298.00000, tempi   =   0.00000, gamma_ln=   3.00000

Pressure regulation:
     ntp     =       1
     pres0   =   1.00000, comp    =  44.60000, taup    =   1.00000

SHAKE:
     ntc     =       2, jfastw  =       0
     tol     =   0.00000

Ewald parameters:
     verbose =       0, ew_type =       0, nbflag  =       1, use_pme =       1
     vdwmeth =       1, eedmeth =       1, netfrc  =       1
     Box X =   36.131   Box Y =   36.131   Box Z =   36.131
     Alpha =  109.471   Beta  =  109.471   Gamma =  109.471
     NFFT1 =   36       NFFT2 =   36       NFFT3 =   36
     Cutoff=    9.000   Tol   =0.100E-04
     Ewald Coefficient =  0.30768
     Interpolation order =    4

| MPI Timing options:
|      profile_mpi =        0

    LOADING THE CONSTRAINED ATOMS AS GROUPS


   5.  REFERENCE ATOM COORDINATES

  defa
     Mask :1; matches     6 atoms

--------------------------------------------------------------------------------
   3.  ATOMIC COORDINATES AND VELOCITIES
--------------------------------------------------------------------------------

defa                                                                            
 begin time read from input coords =     0.000 ps

 Number of triangulated 3-point waters found:      995
|  Atom division among processors:
|         0     376     751    1129    1504    1879    2257    2632
|      3007

     Sum of charges from parm topology file =  -0.00000000
     Forcing neutrality...
|  Running AMBER/MPI version on    8 nodes


--------------------------------------------------------------------------------
   4.  RESULTS
--------------------------------------------------------------------------------

|  # of SOLUTE  degrees of freedom (RNDFP):    6024.
|  # of SOLVENT degrees of freedom (RNDFS):       0.
|  NDFMIN =    6024.     NUM_NOSHAKE =      0     CORRECTED RNDFP =    6024.
|  TOTAL # of degrees of freedom (RNDF) =    6024.
 ---------------------------------------------------
 APPROXIMATING switch and d/dx switch using CUBIC SPLINE INTERPOLATION
 using   5000.0 points per unit in tabled values
 TESTING RELATIVE ERROR over r ranging from 0.0 to cutoff
| CHECK switch(x): max rel err =   0.2738E-14   at   2.422500
| CHECK d/dx switch(x): max rel err =   0.8314E-11   at   2.736960
 ---------------------------------------------------
| Local SIZE OF NONBOND LIST =      96458
| TOTAL SIZE OF NONBOND LIST =     696113

 NSTEP =        0   TIME(PS) =       0.000  TEMP(K) =     0.00  PRESS = -5263.9
 Etot   =    -13189.1814  EKtot   =         0.0000  EPtot      =    -13189.1814
 BOND   =         0.8832  ANGLE   =         2.7683  DIHED      =        10.6308
 1-4 NB =         2.6917  1-4 EEL =        45.3238  VDWAALS    =      2346.2500
 EELEC  =    -15598.0925  EHBOND  =         0.0000  RESTRAINT  =         0.3632
 EAMBER (non-restraint)  =    -13189.5446
 EKCMT  =         0.0000  VIRIAL  =      4126.7787  VOLUME     =     36309.9807
                                                    Density    =         0.8264
 Ewald error estimate:   0.1590E-03
 ------------------------------------------------------------------------------


 NSTEP =     1000   TIME(PS) =       2.000  TEMP(K) =   297.10  PRESS =  -540.5
 Etot   =     -7676.4125  EKtot   =      1778.2718  EPtot      =     -9454.6843
 BOND   =         2.8887  ANGLE   =        11.8958  DIHED      =        11.7929
 1-4 NB =         2.7357  1-4 EEL =        45.8634  VDWAALS    =      1456.2112
 EELEC  =    -10989.2965  EHBOND  =         0.0000  RESTRAINT  =         3.2246
 EAMBER (non-restraint)  =     -9457.9088
 EKCMT  =       871.5729  VIRIAL  =      1256.4864  VOLUME     =     32981.1837
                                                    Density    =         0.9098
 Ewald error estimate:   0.1153E-03
 ------------------------------------------------------------------------------


 NSTEP =     2000   TIME(PS) =       4.000  TEMP(K) =   288.90  PRESS =  -300.6
 Etot   =     -7812.1778  EKtot   =      1729.1783  EPtot      =     -9541.3560
 BOND   =         1.9823  ANGLE   =        12.4234  DIHED      =        10.8836
 1-4 NB =         3.2033  1-4 EEL =        48.0238  VDWAALS    =      1453.1676
 EELEC  =    -11074.4382  EHBOND  =         0.0000  RESTRAINT  =         3.3982
 EAMBER (non-restraint)  =     -9544.7542
 EKCMT  =       846.6474  VIRIAL  =      1051.7905  VOLUME     =     31608.7675
                                                    Density    =         0.9493
 Ewald error estimate:   0.5974E-04
 ------------------------------------------------------------------------------


 NSTEP =     3000   TIME(PS) =       6.000  TEMP(K) =   298.30  PRESS =    99.3
 Etot   =     -7781.5357  EKtot   =      1785.4714  EPtot      =     -9567.0072
 BOND   =         4.2974  ANGLE   =        11.2067  DIHED      =        14.2811
 1-4 NB =         6.2123  1-4 EEL =        48.7828  VDWAALS    =      1471.7877
 EELEC  =    -11125.4907  EHBOND  =         0.0000  RESTRAINT  =         1.9156
 EAMBER (non-restraint)  =     -9568.9228
 EKCMT  =       883.0846  VIRIAL  =       817.2764  VOLUME     =     30705.6492
                                                    Density    =         0.9772
 Ewald error estimate:   0.2817E-03
 ------------------------------------------------------------------------------


 NSTEP =     4000   TIME(PS) =       8.000  TEMP(K) =   301.05  PRESS =   626.7
 Etot   =     -7636.2445  EKtot   =      1801.9327  EPtot      =     -9438.1772
 BOND   =         3.2323  ANGLE   =         9.1066  DIHED      =        10.0554
 1-4 NB =         2.7995  1-4 EEL =        46.7389  VDWAALS    =      1477.9806
 EELEC  =    -10991.9343  EHBOND  =         0.0000  RESTRAINT  =         3.8437
 EAMBER (non-restraint)  =     -9442.0209
 EKCMT  =       896.2042  VIRIAL  =       482.7493  VOLUME     =     30553.8439
                                                    Density    =         0.9821
 Ewald error estimate:   0.3307E-03
 ------------------------------------------------------------------------------


 NSTEP =     5000   TIME(PS) =      10.000  TEMP(K) =   293.06  PRESS =   249.0
 Etot   =     -7807.1888  EKtot   =      1754.1125  EPtot      =     -9561.3013
 BOND   =         1.3455  ANGLE   =         9.8305  DIHED      =        15.9510
 1-4 NB =         3.1955  1-4 EEL =        47.3497  VDWAALS    =      1447.7071
 EELEC  =    -11090.4110  EHBOND  =         0.0000  RESTRAINT  =         3.7304
 EAMBER (non-restraint)  =     -9565.0317
 EKCMT  =       885.5822  VIRIAL  =       722.3346  VOLUME     =     30361.2429
                                                    Density    =         0.9883
 Ewald error estimate:   0.2437E-03
 ------------------------------------------------------------------------------


 NSTEP =     6000   TIME(PS) =      12.000  TEMP(K) =   292.86  PRESS =   194.6
 Etot   =     -7764.4303  EKtot   =      1752.8702  EPtot      =     -9517.3005
 BOND   =         3.6776  ANGLE   =         9.5727  DIHED      =        10.9071
 1-4 NB =         1.8905  1-4 EEL =        45.3151  VDWAALS    =      1419.1889
 EELEC  =    -11011.1946  EHBOND  =         0.0000  RESTRAINT  =         3.3422
 EAMBER (non-restraint)  =     -9520.6427
 EKCMT  =       869.5349  VIRIAL  =       742.1307  VOLUME     =     30325.0560
                                                    Density    =         0.9895
 Ewald error estimate:   0.6486E-03
 ------------------------------------------------------------------------------


 NSTEP =     7000   TIME(PS) =      14.000  TEMP(K) =   298.35  PRESS =    -2.3
 Etot   =     -7784.3098  EKtot   =      1785.7385  EPtot      =     -9570.0484
 BOND   =         2.6379  ANGLE   =         8.8860  DIHED      =        11.6261
 1-4 NB =         2.5469  1-4 EEL =        43.6484  VDWAALS    =      1453.7975
 EELEC  =    -11095.9045  EHBOND  =         0.0000  RESTRAINT  =         2.7132
 EAMBER (non-restraint)  =     -9572.7616
 EKCMT  =       834.4844  VIRIAL  =       835.9818  VOLUME     =     30430.5292
                                                    Density    =         0.9861
 Ewald error estimate:   0.1484E-03
 ------------------------------------------------------------------------------


 NSTEP =     8000   TIME(PS) =      16.000  TEMP(K) =   294.97  PRESS =    20.3
 Etot   =     -7857.4762  EKtot   =      1765.5418  EPtot      =     -9623.0180
 BOND   =         3.7408  ANGLE   =         8.3597  DIHED      =         9.7563
 1-4 NB =         1.4736  1-4 EEL =        44.0402  VDWAALS    =      1442.0396
 EELEC  =    -11135.7787  EHBOND  =         0.0000  RESTRAINT  =         3.3504
 EAMBER (non-restraint)  =     -9626.3685
 EKCMT  =       875.4252  VIRIAL  =       862.1119  VOLUME     =     30347.1140
                                                    Density    =         0.9888
 Ewald error estimate:   0.5482E-03
 ------------------------------------------------------------------------------


 NSTEP =     9000   TIME(PS) =      18.000  TEMP(K) =   293.62  PRESS =   174.5
 Etot   =     -7776.9207  EKtot   =      1757.4641  EPtot      =     -9534.3848
 BOND   =         1.3770  ANGLE   =         6.6911  DIHED      =        10.8402
 1-4 NB =         3.3334  1-4 EEL =        47.3692  VDWAALS    =      1440.5056
 EELEC  =    -11049.8597  EHBOND  =         0.0000  RESTRAINT  =         5.3584
 EAMBER (non-restraint)  =     -9539.7432
 EKCMT  =       877.4099  VIRIAL  =       762.5381  VOLUME     =     30482.8431
                                                    Density    =         0.9844
 Ewald error estimate:   0.9190E-04
 ------------------------------------------------------------------------------


 NSTEP =    10000   TIME(PS) =      20.000  TEMP(K) =   293.42  PRESS =  -179.9
 Etot   =     -7813.9312  EKtot   =      1756.2203  EPtot      =     -9570.1515
 BOND   =         2.7515  ANGLE   =        10.1072  DIHED      =         9.9512
 1-4 NB =         3.1714  1-4 EEL =        45.2502  VDWAALS    =      1388.8246
 EELEC  =    -11031.8897  EHBOND  =         0.0000  RESTRAINT  =         1.6821
 EAMBER (non-restraint)  =     -9571.8336
 EKCMT  =       891.4035  VIRIAL  =      1008.9849  VOLUME     =     30273.9034
                                                    Density    =         0.9912
 Ewald error estimate:   0.4635E-04
 ------------------------------------------------------------------------------


      A V E R A G E S   O V E R   10000 S T E P S


 NSTEP =    10000   TIME(PS) =      20.000  TEMP(K) =   291.68  PRESS =  -202.8
 Etot   =     -7828.5796  EKtot   =      1745.8388  EPtot      =     -9574.4183
 BOND   =         3.2262  ANGLE   =         9.7140  DIHED      =        11.7200
 1-4 NB =         3.0514  1-4 EEL =        45.5554  VDWAALS    =      1437.2374
 EELEC  =    -11087.9227  EHBOND  =         0.0000  RESTRAINT  =         3.0000
 EAMBER (non-restraint)  =     -9577.4183
 EKCMT  =       867.5174  VIRIAL  =      1012.9643  VOLUME     =     31069.8240
                                                    Density    =         0.9673
 Ewald error estimate:   0.1992E-03
 ------------------------------------------------------------------------------


      R M S  F L U C T U A T I O N S


 NSTEP =    10000   TIME(PS) =      20.000  TEMP(K) =    26.09  PRESS =   467.4
 Etot   =       332.8447  EKtot   =       156.1807  EPtot      =       183.3991
 BOND   =         1.4878  ANGLE   =         2.4916  DIHED      =         1.4893
 1-4 NB =         0.7251  1-4 EEL =         1.9751  VDWAALS    =        88.3563
 EELEC  =       260.8945  EHBOND  =         0.0000  RESTRAINT  =         1.2016
 EAMBER (non-restraint)  =       182.1975
 EKCMT  =        75.6342  VIRIAL  =       297.3976  VOLUME     =      1270.0056
                                                    Density    =         0.0365
 Ewald error estimate:   0.1505E-03
 ------------------------------------------------------------------------------


--------------------------------------------------------------------------------
   5.  TIMINGS
--------------------------------------------------------------------------------

|>>>>>>>>PROFILE of Average TIMES>>>>>>>>> 
|                Build the list            10.26 (97.46% of List )
|                Other                      0.27 ( 2.54% of List )
|             List time                 10.53 ( 9.78% of Nonbo)
|                   Short_ene time            60.08 (96.49% of Direc)
|                   Other                      2.19 ( 3.51% of Direc)
|                Direct Ewald time         62.27 (64.08% of Ewald)
|                Adjust Ewald time          0.33 ( 0.33% of Ewald)
|                   Fill Bspline coeffs        1.50 ( 6.98% of Recip)
|                   Fill charge grid           1.16 ( 5.39% of Recip)
|                   Scalar sum                 5.12 (23.77% of Recip)
|                   Grad sum                   2.57 (11.91% of Recip)
|                      FFT back comm time         1.65 (16.89% of FFT t)
|                      Other                      8.14 (83.11% of FFT t)
|                   FFT time                   9.79 (45.43% of Recip)
|                   Other                      1.41 ( 6.52% of Recip)
|                Recip Ewald time          21.55 (22.18% of Ewald)
|                Force Adjust              12.58 (12.95% of Ewald)
|                Virial junk                0.40 ( 0.41% of Ewald)
|                Other                      0.04 ( 0.04% of Ewald)
|             Ewald time                97.17 (90.21% of Nonbo)
|             Other                      0.01 ( 0.01% of Nonbo)
|          Nonbond force            107.71 (98.82% of Force)
|          Bond/Angle/Dihedral        0.13 ( 0.12% of Force)
|          FRC Collect time           0.93 ( 0.85% of Force)
|          Other                      0.23 ( 0.21% of Force)
|       Force time               108.99 (93.74% of Runmd)
|       Shake time                 0.40 ( 0.34% of Runmd)
|       Verlet update time         4.04 ( 3.48% of Runmd)
|       Ekcmr time                 1.55 ( 1.33% of Runmd)
|       CRD distribute time        0.49 ( 0.42% of Runmd)
|       Other                      0.80 ( 0.68% of Runmd)
|    Runmd Time               116.27 (99.82% of Total)
|    Other                      0.21 ( 0.18% of Total)
| Total time               116.48 (100.0% of ALL  )

| Number of list builds   :        903

| Highest rstack allocated:      40828
| Highest istack allocated:        890

| Final Performance Info:
| -----------------------------------------------------
| Average timings for all steps:
|     Elapsed(s) =     116.41 Per Step(ms) =      11.64
|         ns/day =      14.84   seconds/ns =    5820.39
| -----------------------------------------------------

|           Job began  at 15:42:06.246  on 03/14/2017
|           Setup done at 15:42:06.457  on 03/14/2017
|           Run   done at 15:44:02.824  on 03/14/2017
|     wallclock() was called  571873 times
