
          -------------------------------------------------------
          Amber 16 SANDER                              2016
          -------------------------------------------------------

| Run on 03/14/2017 at 15:09:42

|   Executable path: sander.MPI
| Working directory: /home/steboss/projects/mdgx-tests/alanine/IPOLQ/input/PhiPsi_1/315/0
|          Hostname: node012

  [-O]verwriting output

File Assignments:
|  MDIN: equil.in                                                              
| MDOUT: Conf0.eq.out                                                          
|INPCRD: Conf0.min                                                             
|  PARM: Conf0.top                                                             
|RESTRT: Conf0.rst                                                             
|  REFC: Conf0.crd                                                             
| MDVEL: mdvel                                                                 
| MDFRC: mdfrc                                                                 
|  MDEN: mden                                                                  
| MDCRD: mdcrd                                                                 
|MDINFO: mdinfo                                                                
|  MTMD: mtmd                                                                  
|INPDIP: inpdip                                                                
|RSTDIP: rstdip                                                                
|INPTRA: inptraj                                                               

|    REMLOG: rem.log
|   REMTYPE: rem.type
|  REMSTRIP: 
|   SAVEENE: saveene
|CLUSTERINF: cluster.info
| RESERVOIR: reserv/frame
|   REMDDIM: 


 Here is the input file:

Equilibrate water in NPT                                                       
 &cntrl                                                                        
                                                                               
  nmropt = 0,                                                                  
  ntx    = 1,       irest  = 0,       ntrx   = 1,      ntxo   = 1,             
  ntpr   = 1000,    ntwx   = 1000,    ntwv   = 0,      ntwe   = 1000,          
  iwrap  = 0,       ioutfm = 1,                                                
                                                                               
  ntf    = 2,       ntb    = 2,                                                
  cut = 9.0,                                                                   
                                                                               
  ibelly = 0,       ntr    = 1,                                                
  restraintmask = ':1',                                                        
  restraint_wt = 100.0,                                                        
                                                                               
  imin   = 0,                                                                  
  nstlim = 10000,                                                              
  nscm   = 1000,                                                               
  t      = 0.0,     dt     = 0.002,                                            
                                                                               
  temp0     = 298.0,   tempi  = 0.0,                                           
  ig        = -1,                                                              
  ntt       = 3,                                                               
  gamma_ln  = 3.0,                                                             
                                                                               
  ntp    = 1,       pres0  = 1.0,     comp   = 44.6,                           
  taup   = 1.0,                                                                
                                                                               
  ntc    = 2,       tol    = 0.000001, watnam = 'WAT ',                        
                                                                               
 &end                                                                          

--------------------------------------------------------------------------------
   1.  RESOURCE   USE: 
--------------------------------------------------------------------------------

| Flags: MPI                                                                    
 getting new box info from bottom of inpcrd
|  INFO: Old style inpcrd file read

| peek_ewald_inpcrd: Box info found
|Largest sphere to fit in unit cell has radius =    14.387
| New format PARM file being parsed.
| Version =    1.000 Date = 03/14/17 Time = 13:39:53
 NATOM  =    2797 NTYPES =       9 NBONH =    2787 MBONA  =       9
 NTHETH =      25 MTHETA =      11 NPHIH =      43 MPHIA  =      24
 NHPARM =       0 NPARM  =       0 NNB   =    3799 NRES   =     928
 NBONA  =       9 NTHETA =      11 NPHIA =      24 NUMBND =      10
 NUMANG =      16 NPTRA  =      19 NATYP =       9 NPHB   =       1
 IFBOX  =       2 NMXRS  =      10 IFCAP =       0 NEXTRA =       0
 NCOPY  =       0


|     Memory Use     Allocated
|     Real              290965
|     Hollerith           9321
|     Integer            86780
|     Max Pairs         310232
|     nblistReal         33564
|     nblist Int         85671
|       Total             4457 kbytes

| Note: 1-4 EEL scale factors are being read from the topology file.

| Note: 1-4 VDW scale factors are being read from the topology file.
| Duplicated    0 dihedrals
| Duplicated    0 dihedrals

     BOX TYPE: TRUNCATED OCTAHEDRON
Note: ig = -1. Setting random seed to   798037 based on wallclock time in microseconds
      and disabling the synchronization of random numbers between tasks
      to improve performance.

--------------------------------------------------------------------------------
   2.  CONTROL  DATA  FOR  THE  RUN
--------------------------------------------------------------------------------

default_name                                                                    

General flags:
     imin    =       0, nmropt  =       0

Nature and format of input:
     ntx     =       1, irest   =       0, ntrx    =       1

Nature and format of output:
     ntxo    =       1, ntpr    =    1000, ntrx    =       1, ntwr    =   10000
     iwrap   =       0, ntwx    =    1000, ntwv    =       0, ntwe    =    1000
     ioutfm  =       1, ntwprt  =       0, idecomp =       0, rbornstat=      0

Potential function:
     ntf     =       2, ntb     =       2, igb     =       0, nsnb    =      25
     ipol    =       0, gbsa    =       0, iesp    =       0
     dielc   =   1.00000, cut     =   9.00000, intdiel =   1.00000

Frozen or restrained atoms:
     ibelly  =       0, ntr     =       1
     restraint_wt = 100.00000

Molecular dynamics:
     nstlim  =     10000, nscm    =         0, nrespa  =         1
     t       =   0.00000, dt      =   0.00200, vlimit  =  20.00000

Langevin dynamics temperature regulation:
     ig      =  798037
     temp0   = 298.00000, tempi   =   0.00000, gamma_ln=   3.00000

Pressure regulation:
     ntp     =       1
     pres0   =   1.00000, comp    =  44.60000, taup    =   1.00000

SHAKE:
     ntc     =       2, jfastw  =       0
     tol     =   0.00000

Ewald parameters:
     verbose =       0, ew_type =       0, nbflag  =       1, use_pme =       1
     vdwmeth =       1, eedmeth =       1, netfrc  =       1
     Box X =   35.240   Box Y =   35.240   Box Z =   35.240
     Alpha =  109.471   Beta  =  109.471   Gamma =  109.471
     NFFT1 =   36       NFFT2 =   36       NFFT3 =   36
     Cutoff=    9.000   Tol   =0.100E-04
     Ewald Coefficient =  0.30768
     Interpolation order =    4

| MPI Timing options:
|      profile_mpi =        0

    LOADING THE CONSTRAINED ATOMS AS GROUPS


   5.  REFERENCE ATOM COORDINATES

  defa
     Mask :1; matches     6 atoms

--------------------------------------------------------------------------------
   3.  ATOMIC COORDINATES AND VELOCITIES
--------------------------------------------------------------------------------

defa                                                                            
 begin time read from input coords =     0.000 ps

 Number of triangulated 3-point waters found:      925
|  Atom division among processors:
|         0     349     700    1051    1402    1750    2101    2449
|      2797

     Sum of charges from parm topology file =  -0.00000000
     Forcing neutrality...
|  Running AMBER/MPI version on    8 nodes


--------------------------------------------------------------------------------
   4.  RESULTS
--------------------------------------------------------------------------------

|  # of SOLUTE  degrees of freedom (RNDFP):    5604.
|  # of SOLVENT degrees of freedom (RNDFS):       0.
|  NDFMIN =    5604.     NUM_NOSHAKE =      0     CORRECTED RNDFP =    5604.
|  TOTAL # of degrees of freedom (RNDF) =    5604.
 ---------------------------------------------------
 APPROXIMATING switch and d/dx switch using CUBIC SPLINE INTERPOLATION
 using   5000.0 points per unit in tabled values
 TESTING RELATIVE ERROR over r ranging from 0.0 to cutoff
| CHECK switch(x): max rel err =   0.2738E-14   at   2.422500
| CHECK d/dx switch(x): max rel err =   0.8314E-11   at   2.736960
 ---------------------------------------------------
| Local SIZE OF NONBOND LIST =      88226
| TOTAL SIZE OF NONBOND LIST =     647731

 NSTEP =        0   TIME(PS) =       0.000  TEMP(K) =     0.00  PRESS = -5216.4
 Etot   =    -12241.9004  EKtot   =         0.0000  EPtot      =    -12241.9004
 BOND   =         0.8138  ANGLE   =         1.5787  DIHED      =        10.7848
 1-4 NB =         2.9244  1-4 EEL =        46.0878  VDWAALS    =      2187.7314
 EELEC  =    -14492.0091  EHBOND  =         0.0000  RESTRAINT  =         0.1879
 EAMBER (non-restraint)  =    -12242.0882
 EKCMT  =         0.0000  VIRIAL  =      3794.4623  VOLUME     =     33690.1675
                                                    Density    =         0.8285
 Ewald error estimate:   0.8874E-04
 ------------------------------------------------------------------------------


 NSTEP =     1000   TIME(PS) =       2.000  TEMP(K) =   293.88  PRESS =  -518.9
 Etot   =     -7218.7666  EKtot   =      1636.3774  EPtot      =     -8855.1440
 BOND   =         7.0538  ANGLE   =        10.1988  DIHED      =        13.8525
 1-4 NB =         3.5679  1-4 EEL =        45.3001  VDWAALS    =      1372.3475
 EELEC  =    -10311.7272  EHBOND  =         0.0000  RESTRAINT  =         4.2625
 EAMBER (non-restraint)  =     -8859.4065
 EKCMT  =       818.9715  VIRIAL  =      1162.6673  VOLUME     =     30677.1119
                                                    Density    =         0.9099
 Ewald error estimate:   0.1085E-03
 ------------------------------------------------------------------------------


 NSTEP =     2000   TIME(PS) =       4.000  TEMP(K) =   304.36  PRESS =   164.4
 Etot   =     -7043.7944  EKtot   =      1694.7102  EPtot      =     -8738.5046
 BOND   =         2.4415  ANGLE   =         7.2950  DIHED      =        13.9085
 1-4 NB =         3.6167  1-4 EEL =        47.7216  VDWAALS    =      1334.0215
 EELEC  =    -10150.3786  EHBOND  =         0.0000  RESTRAINT  =         2.8692
 EAMBER (non-restraint)  =     -8741.3738
 EKCMT  =       835.3195  VIRIAL  =       731.3492  VOLUME     =     29292.4237
                                                    Density    =         0.9529
 Ewald error estimate:   0.3171E-03
 ------------------------------------------------------------------------------


 NSTEP =     3000   TIME(PS) =       6.000  TEMP(K) =   297.16  PRESS =   -96.5
 Etot   =     -7188.0521  EKtot   =      1654.6368  EPtot      =     -8842.6889
 BOND   =         3.5369  ANGLE   =         7.0937  DIHED      =        12.4436
 1-4 NB =         2.6942  1-4 EEL =        48.5196  VDWAALS    =      1308.8233
 EELEC  =    -10227.7074  EHBOND  =         0.0000  RESTRAINT  =         1.9072
 EAMBER (non-restraint)  =     -8844.5961
 EKCMT  =       806.0185  VIRIAL  =       865.6268  VOLUME     =     28597.6141
                                                    Density    =         0.9760
 Ewald error estimate:   0.4009E-03
 ------------------------------------------------------------------------------


 NSTEP =     4000   TIME(PS) =       8.000  TEMP(K) =   294.82  PRESS =   551.1
 Etot   =     -7173.1609  EKtot   =      1641.6099  EPtot      =     -8814.7708
 BOND   =         2.2768  ANGLE   =        10.7197  DIHED      =        10.6285
 1-4 NB =         3.5911  1-4 EEL =        48.2270  VDWAALS    =      1380.5376
 EELEC  =    -10275.6787  EHBOND  =         0.0000  RESTRAINT  =         4.9272
 EAMBER (non-restraint)  =     -8819.6980
 EKCMT  =       798.6279  VIRIAL  =       457.2274  VOLUME     =     28690.7792
                                                    Density    =         0.9729
 Ewald error estimate:   0.1656E-03
 ------------------------------------------------------------------------------


 NSTEP =     5000   TIME(PS) =      10.000  TEMP(K) =   298.39  PRESS =    73.5
 Etot   =     -7246.2084  EKtot   =      1661.4537  EPtot      =     -8907.6620
 BOND   =         0.5095  ANGLE   =        10.0221  DIHED      =        10.0315
 1-4 NB =         4.0813  1-4 EEL =        48.8937  VDWAALS    =      1347.5232
 EELEC  =    -10333.3208  EHBOND  =         0.0000  RESTRAINT  =         4.5974
 EAMBER (non-restraint)  =     -8912.2594
 EKCMT  =       823.2727  VIRIAL  =       777.8319  VOLUME     =     28616.0721
                                                    Density    =         0.9754
 Ewald error estimate:   0.1616E-03
 ------------------------------------------------------------------------------


 NSTEP =     6000   TIME(PS) =      12.000  TEMP(K) =   296.23  PRESS =   613.0
 Etot   =     -7334.9318  EKtot   =      1649.4316  EPtot      =     -8984.3635
 BOND   =         2.7797  ANGLE   =         8.6166  DIHED      =        11.9363
 1-4 NB =         3.9511  1-4 EEL =        47.5885  VDWAALS    =      1431.5859
 EELEC  =    -10494.6457  EHBOND  =         0.0000  RESTRAINT  =         3.8241
 EAMBER (non-restraint)  =     -8988.1876
 EKCMT  =       822.5930  VIRIAL  =       447.3234  VOLUME     =     28352.5346
                                                    Density    =         0.9845
 Ewald error estimate:   0.6222E-03
 ------------------------------------------------------------------------------


 NSTEP =     7000   TIME(PS) =      14.000  TEMP(K) =   297.61  PRESS =   -69.1
 Etot   =     -7271.8515  EKtot   =      1657.1432  EPtot      =     -8928.9947
 BOND   =         2.1323  ANGLE   =         8.4988  DIHED      =        14.4218
 1-4 NB =         2.7026  1-4 EEL =        46.7678  VDWAALS    =      1318.7701
 EELEC  =    -10329.0422  EHBOND  =         0.0000  RESTRAINT  =         6.7541
 EAMBER (non-restraint)  =     -8935.7489
 EKCMT  =       784.7492  VIRIAL  =       826.7996  VOLUME     =     28184.4544
                                                    Density    =         0.9903
 Ewald error estimate:   0.6040E-04
 ------------------------------------------------------------------------------


 NSTEP =     8000   TIME(PS) =      16.000  TEMP(K) =   298.93  PRESS =   343.7
 Etot   =     -7202.1384  EKtot   =      1664.4493  EPtot      =     -8866.5878
 BOND   =         3.1219  ANGLE   =        10.5455  DIHED      =        13.9501
 1-4 NB =         3.5699  1-4 EEL =        48.6939  VDWAALS    =      1368.6811
 EELEC  =    -10318.1773  EHBOND  =         0.0000  RESTRAINT  =         3.0271
 EAMBER (non-restraint)  =     -8869.6148
 EKCMT  =       836.2405  VIRIAL  =       625.3582  VOLUME     =     28416.8933
                                                    Density    =         0.9822
 Ewald error estimate:   0.1503E-04
 ------------------------------------------------------------------------------


 NSTEP =     9000   TIME(PS) =      18.000  TEMP(K) =   299.67  PRESS =  -109.4
 Etot   =     -7231.6530  EKtot   =      1668.5902  EPtot      =     -8900.2433
 BOND   =         4.0657  ANGLE   =         5.9229  DIHED      =        10.8488
 1-4 NB =         3.1311  1-4 EEL =        49.9555  VDWAALS    =      1330.5538
 EELEC  =    -10308.1822  EHBOND  =         0.0000  RESTRAINT  =         3.4611
 EAMBER (non-restraint)  =     -8903.7044
 EKCMT  =       808.0362  VIRIAL  =       875.4216  VOLUME     =     28529.2683
                                                    Density    =         0.9784
 Ewald error estimate:   0.3025E-03
 ------------------------------------------------------------------------------


 NSTEP =    10000   TIME(PS) =      20.000  TEMP(K) =   294.01  PRESS =    70.6
 Etot   =     -7132.2014  EKtot   =      1637.0770  EPtot      =     -8769.2784
 BOND   =         3.0375  ANGLE   =         7.0129  DIHED      =        10.1951
 1-4 NB =         3.0044  1-4 EEL =        46.1162  VDWAALS    =      1277.1682
 EELEC  =    -10118.2010  EHBOND  =         0.0000  RESTRAINT  =         2.3884
 EAMBER (non-restraint)  =     -8771.6667
 EKCMT  =       791.2519  VIRIAL  =       748.0886  VOLUME     =     28335.2337
                                                    Density    =         0.9851
 Ewald error estimate:   0.6739E-04
 ------------------------------------------------------------------------------


      A V E R A G E S   O V E R   10000 S T E P S


 NSTEP =    10000   TIME(PS) =      20.000  TEMP(K) =   292.53  PRESS =  -193.0
 Etot   =     -7264.7559  EKtot   =      1628.8595  EPtot      =     -8893.6154
 BOND   =         3.0675  ANGLE   =         7.9729  DIHED      =        12.1030
 1-4 NB =         3.3054  1-4 EEL =        47.8253  VDWAALS    =      1333.4434
 EELEC  =    -10304.6396  EHBOND  =         0.0000  RESTRAINT  =         3.3068
 EAMBER (non-restraint)  =     -8896.9222
 EKCMT  =       810.5742  VIRIAL  =       939.5628  VOLUME     =     28977.1540
                                                    Density    =         0.9646
 Ewald error estimate:   0.1905E-03
 ------------------------------------------------------------------------------


      R M S  F L U C T U A T I O N S


 NSTEP =    10000   TIME(PS) =      20.000  TEMP(K) =    26.29  PRESS =   472.2
 Etot   =       310.1382  EKtot   =       146.4098  EPtot      =       170.6561
 BOND   =         1.4432  ANGLE   =         2.1722  DIHED      =         1.2951
 1-4 NB =         0.7750  1-4 EEL =         1.9543  VDWAALS    =        84.7637
 EELEC  =       245.7560  EHBOND  =         0.0000  RESTRAINT  =         1.4355
 EAMBER (non-restraint)  =       169.2206
 EKCMT  =        71.1570  VIRIAL  =       279.8230  VOLUME     =      1119.5324
                                                    Density    =         0.0344
 Ewald error estimate:   0.1456E-03
 ------------------------------------------------------------------------------


--------------------------------------------------------------------------------
   5.  TIMINGS
--------------------------------------------------------------------------------

|>>>>>>>>PROFILE of Average TIMES>>>>>>>>> 
|                Build the list             7.85 (97.25% of List )
|                Other                      0.22 ( 2.75% of List )
|             List time                  8.08 ( 9.17% of Nonbo)
|                   Short_ene time            47.64 (96.02% of Direc)
|                   Other                      1.98 ( 3.98% of Direc)
|                Direct Ewald time         49.62 (62.05% of Ewald)
|                Adjust Ewald time          0.27 ( 0.33% of Ewald)
|                   Fill Bspline coeffs        1.20 ( 6.04% of Recip)
|                   Fill charge grid           0.97 ( 4.87% of Recip)
|                   Scalar sum                 4.26 (21.43% of Recip)
|                   Grad sum                   2.10 (10.56% of Recip)
|                      FFT back comm time         2.61 (25.69% of FFT t)
|                      Other                      7.54 (74.31% of FFT t)
|                   FFT time                  10.15 (51.12% of Recip)
|                   Other                      1.19 ( 5.98% of Recip)
|                Recip Ewald time          19.86 (24.83% of Ewald)
|                Force Adjust               9.06 (11.33% of Ewald)
|                Virial junk                1.12 ( 1.40% of Ewald)
|                Other                      0.04 ( 0.05% of Ewald)
|             Ewald time                79.96 (90.82% of Nonbo)
|             Other                      0.01 ( 0.01% of Nonbo)
|          Nonbond force             88.04 (97.35% of Force)
|          Bond/Angle/Dihedral        0.13 ( 0.14% of Force)
|          FRC Collect time           1.64 ( 1.82% of Force)
|          Other                      0.62 ( 0.69% of Force)
|       Force time                90.44 (92.47% of Runmd)
|       Shake time                 0.30 ( 0.31% of Runmd)
|       Verlet update time         3.47 ( 3.55% of Runmd)
|       Ekcmr time                 1.83 ( 1.88% of Runmd)
|       CRD distribute time        0.62 ( 0.64% of Runmd)
|       Other                      1.14 ( 1.16% of Runmd)
|    Runmd Time                97.81 (100.0% of Total)
|    Other                      0.09 ( 0.10% of Total)
| Total time                97.91 (100.0% of ALL  )

| Number of list builds   :        896

| Highest rstack allocated:      39154
| Highest istack allocated:        828

| Final Performance Info:
| -----------------------------------------------------
| Average timings for all steps:
|     Elapsed(s) =      98.02 Per Step(ms) =       9.80
|         ns/day =      17.63   seconds/ns =    4900.98
| -----------------------------------------------------

|           Job began  at 15:09:42.755  on 03/14/2017
|           Setup done at 15:09:42.853  on 03/14/2017
|           Run   done at 15:11:20.760  on 03/14/2017
|     wallclock() was called  571859 times
