
          -------------------------------------------------------
          Amber 16 SANDER                              2016
          -------------------------------------------------------

| Run on 03/14/2017 at 14:32:59

|   Executable path: sander.MPI
| Working directory: /home/steboss/projects/mdgx-tests/alanine/IPOLQ/input/PhiPsi_1/225/225
|          Hostname: node010

  [-O]verwriting output

File Assignments:
|  MDIN: min.in                                                                
| MDOUT: Conf225.min.out                                                       
|INPCRD: Conf225.crd                                                           
|  PARM: Conf225.top                                                           
|RESTRT: Conf225.min                                                           
|  REFC: Conf225.crd                                                           
| MDVEL: mdvel                                                                 
| MDFRC: mdfrc                                                                 
|  MDEN: mden                                                                  
| MDCRD: mdcrd                                                                 
|MDINFO: mdinfo                                                                
|  MTMD: mtmd                                                                  
|INPDIP: inpdip                                                                
|RSTDIP: rstdip                                                                
|INPTRA: inptraj                                                               

|    REMLOG: rem.log
|   REMTYPE: rem.type
|  REMSTRIP: 
|   SAVEENE: saveene
|CLUSTERINF: cluster.info
| RESERVOIR: reserv/frame
|   REMDDIM: 


 Here is the input file:

Initial minimization                                                           
 &cntrl                                                                        
  ntx    = 1,       irest  = 0,       ntrx   = 1,      ntxo   = 1,             
  ntpr   = 20,      ntwx   = 0,       ntwv   = 0,      ntwe   = 0,             
                                                                               
  ntf    = 1,       ntb    = 1,                                                
  ntc    = 1,       ntr    = 1,                                                
  restraintmask = ':1',                                                        
  restraint_wt = 100.0,                                                        
  cut    = 9.0,                                                                
                                                                               
  imin   = 1,                                                                  
  maxcyc = 1000,                                                               
  ncyc   = 100,                                                                
                                                                               
 &end                                                                          

--------------------------------------------------------------------------------
   1.  RESOURCE   USE: 
--------------------------------------------------------------------------------

| Flags: MPI                                                                    
 getting new box info from bottom of inpcrd
|  INFO: Old style inpcrd file read

| peek_ewald_inpcrd: Box info found
|Largest sphere to fit in unit cell has radius =    14.811
| New format PARM file being parsed.
| Version =    1.000 Date = 03/14/17 Time = 13:38:59
 NATOM  =    3067 NTYPES =       9 NBONH =    3057 MBONA  =       9
 NTHETH =      25 MTHETA =      11 NPHIH =      43 MPHIA  =      24
 NHPARM =       0 NPARM  =       0 NNB   =    4159 NRES   =    1018
 NBONA  =       9 NTHETA =      11 NPHIA =      24 NUMBND =      10
 NUMANG =      16 NPTRA  =      19 NATYP =       9 NPHB   =       1
 IFBOX  =       2 NMXRS  =      10 IFCAP =       0 NEXTRA =       0
 NCOPY  =       0


|     Memory Use     Allocated
|     Real              347679
|     Hollerith          10221
|     Integer            92900
|     Max Pairs         340180
|     nblistReal         36804
|     nblist Int        101902
|       Total             5133 kbytes

| Note: 1-4 EEL scale factors are being read from the topology file.

| Note: 1-4 VDW scale factors are being read from the topology file.
| Duplicated    0 dihedrals
| Duplicated    0 dihedrals

     BOX TYPE: TRUNCATED OCTAHEDRON

--------------------------------------------------------------------------------
   2.  CONTROL  DATA  FOR  THE  RUN
--------------------------------------------------------------------------------

default_name                                                                    

General flags:
     imin    =       1, nmropt  =       0

Nature and format of input:
     ntx     =       1, irest   =       0, ntrx    =       1

Nature and format of output:
     ntxo    =       1, ntpr    =      20, ntrx    =       1, ntwr    =       1
     iwrap   =       0, ntwx    =       0, ntwv    =       0, ntwe    =       0
     ioutfm  =       1, ntwprt  =       0, idecomp =       0, rbornstat=      0

Potential function:
     ntf     =       1, ntb     =       1, igb     =       0, nsnb    =      25
     ipol    =       0, gbsa    =       0, iesp    =       0
     dielc   =   1.00000, cut     =   9.00000, intdiel =   1.00000

Frozen or restrained atoms:
     ibelly  =       0, ntr     =       1
     restraint_wt = 100.00000

Energy minimization:
     maxcyc  =    1000, ncyc    =     100, ntmin   =       1
     dx0     =   0.01000, drms    =   0.00010

Ewald parameters:
     verbose =       0, ew_type =       0, nbflag  =       1, use_pme =       1
     vdwmeth =       1, eedmeth =       1, netfrc  =       0
     Box X =   36.280   Box Y =   36.280   Box Z =   36.280
     Alpha =  109.471   Beta  =  109.471   Gamma =  109.471
     NFFT1 =   36       NFFT2 =   36       NFFT3 =   36
     Cutoff=    9.000   Tol   =0.100E-04
     Ewald Coefficient =  0.30768
     Interpolation order =    4

| MPI Timing options:
|      profile_mpi =        0

    LOADING THE CONSTRAINED ATOMS AS GROUPS


   5.  REFERENCE ATOM COORDINATES

  defa
     Mask :1; matches     6 atoms

--------------------------------------------------------------------------------
   3.  ATOMIC COORDINATES AND VELOCITIES
--------------------------------------------------------------------------------

default_name                                                                    
 begin time read from input coords =     0.000 ps

 Number of triangulated 3-point waters found:     1015
|  Atom division among processors:
|         0     385     766    1150    1534    1915    2299    2683
|      3067

     Sum of charges from parm topology file =  -0.00000000
     Forcing neutrality...
|  Running AMBER/MPI version on    8 nodes


--------------------------------------------------------------------------------
   4.  RESULTS
--------------------------------------------------------------------------------

 ---------------------------------------------------
 APPROXIMATING switch and d/dx switch using CUBIC SPLINE INTERPOLATION
 using   5000.0 points per unit in tabled values
 TESTING RELATIVE ERROR over r ranging from 0.0 to cutoff
| CHECK switch(x): max rel err =   0.2738E-14   at   2.422500
| CHECK d/dx switch(x): max rel err =   0.8314E-11   at   2.736960
 ---------------------------------------------------
| Local SIZE OF NONBOND LIST =      98108
| TOTAL SIZE OF NONBOND LIST =     712782


   NSTEP       ENERGY          RMS            GMAX         NAME    NUMBER
      1      -6.4531E+03     2.0609E+02     9.4897E+03     O        2381

 BOND    =        0.5726  ANGLE   =        1.1327  DIHED      =       10.6243
 VDWAALS =     3034.5457  EEL     =    -9549.2500  HBOND      =        0.0000
 1-4 VDW =        3.3319  1-4 EEL =       45.9869  RESTRAINT  =        0.0000


   NSTEP       ENERGY          RMS            GMAX         NAME    NUMBER
     20      -9.2690E+03     3.0261E+00     2.4335E+01     O        2198

 BOND    =      479.3540  ANGLE   =        1.1790  DIHED      =       10.6015
 VDWAALS =      935.8036  EEL     =   -10745.1959  HBOND      =        0.0000
 1-4 VDW =        3.3380  1-4 EEL =       45.9199  RESTRAINT  =        0.0089
 EAMBER  =    -9268.9999


   NSTEP       ENERGY          RMS            GMAX         NAME    NUMBER
     40      -1.0043E+04     1.6041E+00     2.0344E+01     H2       2383

 BOND    =      544.0971  ANGLE   =        1.1808  DIHED      =       10.4843
 VDWAALS =      946.7481  EEL     =   -11595.1687  HBOND      =        0.0000
 1-4 VDW =        3.3272  1-4 EEL =       45.8542  RESTRAINT  =        0.0099
 EAMBER  =   -10043.4770


   NSTEP       ENERGY          RMS            GMAX         NAME    NUMBER
     60      -1.0299E+04     3.2864E+00     9.2436E+01     H2       2383

 BOND    =      531.0166  ANGLE   =        1.1828  DIHED      =       10.3948
 VDWAALS =      980.5774  EEL     =   -11871.8482  HBOND      =        0.0000
 1-4 VDW =        3.3221  1-4 EEL =       45.8732  RESTRAINT  =        0.0084
 EAMBER  =   -10299.4813


   NSTEP       ENERGY          RMS            GMAX         NAME    NUMBER
     80      -1.0476E+04     1.1383E+00     1.4577E+01     H1       2382

 BOND    =      609.5348  ANGLE   =        1.1850  DIHED      =       10.3151
 VDWAALS =     1015.1553  EEL     =   -12161.4022  HBOND      =        0.0000
 1-4 VDW =        3.3230  1-4 EEL =       45.9137  RESTRAINT  =        0.0081
 EAMBER  =   -10475.9754


   NSTEP       ENERGY          RMS            GMAX         NAME    NUMBER
    100      -1.0596E+04     9.1416E-01     6.6807E+00     H1       2382

 BOND    =      617.1582  ANGLE   =        1.1782  DIHED      =       10.2378
 VDWAALS =     1050.3611  EEL     =   -12324.6257  HBOND      =        0.0000
 1-4 VDW =        3.3280  1-4 EEL =       45.9620  RESTRAINT  =        0.0080
 EAMBER  =   -10596.4004


   NSTEP       ENERGY          RMS            GMAX         NAME    NUMBER
    120      -1.0934E+04     9.3253E+00     8.4124E+01     H1       3009

 BOND    =      790.3565  ANGLE   =        2.4991  DIHED      =        9.4274
 VDWAALS =     1362.4069  EEL     =   -13148.7744  HBOND      =        0.0000
 1-4 VDW =        3.5726  1-4 EEL =       46.3879  RESTRAINT  =        0.0198
 EAMBER  =   -10934.1239


   NSTEP       ENERGY          RMS            GMAX         NAME    NUMBER
    140      -1.1218E+04     1.1040E+00     2.7223E+01     O        2651

 BOND    =      704.2852  ANGLE   =        1.0946  DIHED      =        9.3937
 VDWAALS =     1421.6588  EEL     =   -13404.4023  HBOND      =        0.0000
 1-4 VDW =        3.3969  1-4 EEL =       46.5801  RESTRAINT  =        0.0168
 EAMBER  =   -11217.9930


   NSTEP       ENERGY          RMS            GMAX         NAME    NUMBER
    160      -1.1419E+04     9.9494E-01     1.5020E+01     H2       2653

 BOND    =      751.9546  ANGLE   =        1.5192  DIHED      =        8.8594
 VDWAALS =     1575.0627  EEL     =   -13806.0512  HBOND      =        0.0000
 1-4 VDW =        3.3627  1-4 EEL =       46.6169  RESTRAINT  =        0.0475
 EAMBER  =   -11418.6757


   NSTEP       ENERGY          RMS            GMAX         NAME    NUMBER
    180      -1.1510E+04     1.4583E+00     3.1564E+01     CA          9

 BOND    =      775.1809  ANGLE   =        5.6534  DIHED      =        8.7812
 VDWAALS =     1629.0461  EEL     =   -13978.7615  HBOND      =        0.0000
 1-4 VDW =        3.1360  1-4 EEL =       46.8443  RESTRAINT  =        0.1185
 EAMBER  =   -11510.1195


   NSTEP       ENERGY          RMS            GMAX         NAME    NUMBER
    200      -1.1606E+04     1.6494E+00     4.2045E+01     C          15

 BOND    =      796.8327  ANGLE   =        1.6343  DIHED      =        8.5810
 VDWAALS =     1716.4895  EEL     =   -14179.0564  HBOND      =        0.0000
 1-4 VDW =        2.7752  1-4 EEL =       46.4936  RESTRAINT  =        0.1474
 EAMBER  =   -11606.2501


   NSTEP       ENERGY          RMS            GMAX         NAME    NUMBER
    220      -1.1655E+04     1.1495E+00     2.6582E+01     H          18

 BOND    =      792.9102  ANGLE   =        1.0362  DIHED      =        8.6229
 VDWAALS =     1721.5432  EEL     =   -14228.5513  HBOND      =        0.0000
 1-4 VDW =        2.7900  1-4 EEL =       46.3269  RESTRAINT  =        0.1306
 EAMBER  =   -11655.3220


   NSTEP       ENERGY          RMS            GMAX         NAME    NUMBER
    240      -1.1744E+04     1.0386E+00     3.0637E+01     C           5

 BOND    =      823.5596  ANGLE   =        2.2185  DIHED      =        8.5228
 VDWAALS =     1800.5636  EEL     =   -14428.9820  HBOND      =        0.0000
 1-4 VDW =        3.0511  1-4 EEL =       46.6120  RESTRAINT  =        0.1506
 EAMBER  =   -11744.4543


   NSTEP       ENERGY          RMS            GMAX         NAME    NUMBER
    260      -1.1775E+04     6.8679E-01     1.7503E+01     C           5

 BOND    =      814.6829  ANGLE   =        1.9021  DIHED      =        8.5453
 VDWAALS =     1828.1828  EEL     =   -14477.9821  HBOND      =        0.0000
 1-4 VDW =        3.0824  1-4 EEL =       46.4524  RESTRAINT  =        0.1665
 EAMBER  =   -11775.1342


   NSTEP       ENERGY          RMS            GMAX         NAME    NUMBER
    280      -1.1858E+04     8.9201E-01     1.4167E+01     HH31        1

 BOND    =      845.8300  ANGLE   =        1.7385  DIHED      =        8.6227
 VDWAALS =     1937.8996  EEL     =   -14702.4170  HBOND      =        0.0000
 1-4 VDW =        2.9737  1-4 EEL =       46.7461  RESTRAINT  =        0.4079
 EAMBER  =   -11858.6064


   NSTEP       ENERGY          RMS            GMAX         NAME    NUMBER
    300      -1.1914E+04     8.2778E-01     2.3039E+01     N          17

 BOND    =      854.2085  ANGLE   =        1.2784  DIHED      =        8.8079
 VDWAALS =     1965.5366  EEL     =   -14793.5213  HBOND      =        0.0000
 1-4 VDW =        2.7365  1-4 EEL =       46.6249  RESTRAINT  =        0.2341
 EAMBER  =   -11914.3285


   NSTEP       ENERGY          RMS            GMAX         NAME    NUMBER
    320      -1.1941E+04     1.7704E+00     4.4610E+01     N          17

 BOND    =      844.7031  ANGLE   =        1.3070  DIHED      =        8.4681
 VDWAALS =     1988.1485  EEL     =   -14833.7163  HBOND      =        0.0000
 1-4 VDW =        2.7483  1-4 EEL =       46.7347  RESTRAINT  =        0.3849
 EAMBER  =   -11941.6066


   NSTEP       ENERGY          RMS            GMAX         NAME    NUMBER
    340      -1.2017E+04     8.4554E-01     2.1577E+01     C           5

 BOND    =      882.8212  ANGLE   =        1.0556  DIHED      =        8.5723
 VDWAALS =     2042.0082  EEL     =   -15000.4171  HBOND      =        0.0000
 1-4 VDW =        2.8483  1-4 EEL =       46.2658  RESTRAINT  =        0.1861
 EAMBER  =   -12016.8458


   NSTEP       ENERGY          RMS            GMAX         NAME    NUMBER
    360      -1.2033E+04     4.1074E-01     9.2397E+00     O           6

 BOND    =      870.4938  ANGLE   =        0.9448  DIHED      =        8.6381
 VDWAALS =     2055.5430  EEL     =   -15017.8674  HBOND      =        0.0000
 1-4 VDW =        2.9334  1-4 EEL =       46.2737  RESTRAINT  =        0.1353
 EAMBER  =   -12033.0406


   NSTEP       ENERGY          RMS            GMAX         NAME    NUMBER
    380      -1.2082E+04     9.1766E-01     1.9171E+01     CB         11

 BOND    =      867.5565  ANGLE   =        2.2241  DIHED      =        8.7756
 VDWAALS =     2100.2232  EEL     =   -15109.8745  HBOND      =        0.0000
 1-4 VDW =        2.8342  1-4 EEL =       46.3896  RESTRAINT  =        0.2209
 EAMBER  =   -12081.8714


   NSTEP       ENERGY          RMS            GMAX         NAME    NUMBER
    400      -1.2118E+04     6.1582E-01     2.7672E+01     C          15

 BOND    =      875.0817  ANGLE   =        1.5548  DIHED      =        8.6436
 VDWAALS =     2118.8736  EEL     =   -15172.2453  HBOND      =        0.0000
 1-4 VDW =        2.9924  1-4 EEL =       46.4555  RESTRAINT  =        0.1669
 EAMBER  =   -12118.6437


   NSTEP       ENERGY          RMS            GMAX         NAME    NUMBER
    420      -1.2144E+04     1.3604E+00     3.0029E+01     C          15

 BOND    =      919.4842  ANGLE   =        5.1692  DIHED      =        9.5567
 VDWAALS =     2137.5370  EEL     =   -15265.3542  HBOND      =        0.0000
 1-4 VDW =        2.8045  1-4 EEL =       46.5257  RESTRAINT  =        0.6287
 EAMBER  =   -12144.2769


   NSTEP       ENERGY          RMS            GMAX         NAME    NUMBER
    440      -1.2201E+04     4.5918E-01     9.3464E+00     CB         11

 BOND    =      889.0900  ANGLE   =        0.8612  DIHED      =        8.6988
 VDWAALS =     2178.9634  EEL     =   -15327.9346  HBOND      =        0.0000
 1-4 VDW =        2.7613  1-4 EEL =       46.1562  RESTRAINT  =        0.1694
 EAMBER  =   -12201.4037


   NSTEP       ENERGY          RMS            GMAX         NAME    NUMBER
    460      -1.2214E+04     4.5526E-01     1.6895E+01     C           5

 BOND    =      905.1671  ANGLE   =        0.6647  DIHED      =        8.6660
 VDWAALS =     2189.8848  EEL     =   -15367.7811  HBOND      =        0.0000
 1-4 VDW =        2.7164  1-4 EEL =       46.3695  RESTRAINT  =        0.1127
 EAMBER  =   -12214.3126


   NSTEP       ENERGY          RMS            GMAX         NAME    NUMBER
    480      -1.2232E+04     5.5915E-01     1.4652E+01     N          17

 BOND    =      896.6019  ANGLE   =        1.4052  DIHED      =        8.7457
 VDWAALS =     2204.2606  EEL     =   -15392.1160  HBOND      =        0.0000
 1-4 VDW =        2.7211  1-4 EEL =       46.3618  RESTRAINT  =        0.1112
 EAMBER  =   -12232.0197


   NSTEP       ENERGY          RMS            GMAX         NAME    NUMBER
    500      -1.2248E+04     6.6883E-01     2.9849E+01     C           5

 BOND    =      903.9528  ANGLE   =        1.2240  DIHED      =        8.6463
 VDWAALS =     2222.4568  EEL     =   -15433.4164  HBOND      =        0.0000
 1-4 VDW =        2.7393  1-4 EEL =       46.4229  RESTRAINT  =        0.1409
 EAMBER  =   -12247.9744


   NSTEP       ENERGY          RMS            GMAX         NAME    NUMBER
    520      -1.2258E+04     5.7897E-01     1.1566E+01     CH3         2

 BOND    =      918.6203  ANGLE   =        0.7997  DIHED      =        8.6251
 VDWAALS =     2224.1675  EEL     =   -15459.2552  HBOND      =        0.0000
 1-4 VDW =        2.7560  1-4 EEL =       46.0935  RESTRAINT  =        0.1530
 EAMBER  =   -12258.1930


   NSTEP       ENERGY          RMS            GMAX         NAME    NUMBER
    540      -1.2272E+04     4.1881E-01     1.4715E+01     C          15

 BOND    =      906.8308  ANGLE   =        1.0277  DIHED      =        8.8410
 VDWAALS =     2238.7988  EEL     =   -15476.1339  HBOND      =        0.0000
 1-4 VDW =        2.7335  1-4 EEL =       46.0224  RESTRAINT  =        0.2339
 EAMBER  =   -12271.8797


   NSTEP       ENERGY          RMS            GMAX         NAME    NUMBER
    560      -1.2280E+04     4.0233E-01     1.2393E+01     C           5

 BOND    =      918.6594  ANGLE   =        0.6782  DIHED      =        8.8011
 VDWAALS =     2248.4216  EEL     =   -15505.2877  HBOND      =        0.0000
 1-4 VDW =        2.6917  1-4 EEL =       46.2262  RESTRAINT  =        0.1334
 EAMBER  =   -12279.8094


   NSTEP       ENERGY          RMS            GMAX         NAME    NUMBER
    580      -1.2291E+04     3.6987E-01     9.4654E+00     N          17

 BOND    =      910.0531  ANGLE   =        1.1454  DIHED      =        8.6974
 VDWAALS =     2257.2867  EEL     =   -15517.6955  HBOND      =        0.0000
 1-4 VDW =        2.6952  1-4 EEL =       46.4742  RESTRAINT  =        0.0709
 EAMBER  =   -12291.3434


   NSTEP       ENERGY          RMS            GMAX         NAME    NUMBER
    600      -1.2302E+04     4.6843E-01     2.1352E+01     C           5

 BOND    =      915.5530  ANGLE   =        0.9840  DIHED      =        8.6628
 VDWAALS =     2273.1993  EEL     =   -15549.4355  HBOND      =        0.0000
 1-4 VDW =        2.7164  1-4 EEL =       46.3097  RESTRAINT  =        0.1212
 EAMBER  =   -12302.0104


   NSTEP       ENERGY          RMS            GMAX         NAME    NUMBER
    620      -1.2309E+04     4.3049E-01     1.0063E+01     CH3         2

 BOND    =      929.1995  ANGLE   =        0.6812  DIHED      =        8.6070
 VDWAALS =     2273.4871  EEL     =   -15570.2986  HBOND      =        0.0000
 1-4 VDW =        2.7093  1-4 EEL =       46.1637  RESTRAINT  =        0.1081
 EAMBER  =   -12309.4507


   NSTEP       ENERGY          RMS            GMAX         NAME    NUMBER
    640      -1.2319E+04     2.9829E-01     7.3924E+00     C          15

 BOND    =      917.1621  ANGLE   =        0.8761  DIHED      =        8.8003
 VDWAALS =     2282.9457  EEL     =   -15577.6770  HBOND      =        0.0000
 1-4 VDW =        2.6963  1-4 EEL =       45.9685  RESTRAINT  =        0.2122
 EAMBER  =   -12319.2279


   NSTEP       ENERGY          RMS            GMAX         NAME    NUMBER
    660      -1.2326E+04     3.8460E-01     1.1279E+01     C           5

 BOND    =      928.4091  ANGLE   =        0.6569  DIHED      =        8.8324
 VDWAALS =     2292.0991  EEL     =   -15605.4830  HBOND      =        0.0000
 1-4 VDW =        2.6782  1-4 EEL =       46.1500  RESTRAINT  =        0.1574
 EAMBER  =   -12326.6574


   NSTEP       ENERGY          RMS            GMAX         NAME    NUMBER
    680      -1.2335E+04     3.0991E-01     8.1582E+00     N          17

 BOND    =      918.9610  ANGLE   =        0.9760  DIHED      =        8.7110
 VDWAALS =     2297.6041  EEL     =   -15610.7472  HBOND      =        0.0000
 1-4 VDW =        2.6830  1-4 EEL =       46.3431  RESTRAINT  =        0.0730
 EAMBER  =   -12335.4690


   NSTEP       ENERGY          RMS            GMAX         NAME    NUMBER
    700      -1.2344E+04     4.3233E-01     1.3115E+01     C          15

 BOND    =      925.3445  ANGLE   =        0.9000  DIHED      =        8.7177
 VDWAALS =     2312.2419  EEL     =   -15640.3778  HBOND      =        0.0000
 1-4 VDW =        2.6758  1-4 EEL =       46.2231  RESTRAINT  =        0.1348
 EAMBER  =   -12344.2747


   NSTEP       ENERGY          RMS            GMAX         NAME    NUMBER
    720      -1.2351E+04     4.2226E-01     1.2747E+01     CH3         2

 BOND    =      936.6659  ANGLE   =        0.7009  DIHED      =        8.6499
 VDWAALS =     2312.2095  EEL     =   -15657.6774  HBOND      =        0.0000
 1-4 VDW =        2.6646  1-4 EEL =       46.1308  RESTRAINT  =        0.1194
 EAMBER  =   -12350.6559


   NSTEP       ENERGY          RMS            GMAX         NAME    NUMBER
    740      -1.2358E+04     2.5993E-01     6.6208E+00     CH3        19

 BOND    =      925.8853  ANGLE   =        0.8113  DIHED      =        8.8075
 VDWAALS =     2319.7136  EEL     =   -15661.6986  HBOND      =        0.0000
 1-4 VDW =        2.6751  1-4 EEL =       45.9211  RESTRAINT  =        0.2218
 EAMBER  =   -12357.8848


   NSTEP       ENERGY          RMS            GMAX         NAME    NUMBER
    760      -1.2364E+04     3.2046E-01     8.5842E+00     C           5

 BOND    =      933.7959  ANGLE   =        0.7408  DIHED      =        8.8285
 VDWAALS =     2329.0093  EEL     =   -15685.6036  HBOND      =        0.0000
 1-4 VDW =        2.6739  1-4 EEL =       46.0950  RESTRAINT  =        0.1406
 EAMBER  =   -12364.4604


   NSTEP       ENERGY          RMS            GMAX         NAME    NUMBER
    780      -1.2372E+04     2.6999E-01     7.5173E+00     N          17

 BOND    =      928.8264  ANGLE   =        0.8936  DIHED      =        8.7093
 VDWAALS =     2333.3225  EEL     =   -15692.8580  HBOND      =        0.0000
 1-4 VDW =        2.6811  1-4 EEL =       46.2365  RESTRAINT  =        0.0921
 EAMBER  =   -12372.1885


   NSTEP       ENERGY          RMS            GMAX         NAME    NUMBER
    800      -1.2380E+04     4.6981E-01     1.3529E+01     C           5

 BOND    =      936.5893  ANGLE   =        0.8477  DIHED      =        8.6737
 VDWAALS =     2345.9395  EEL     =   -15720.6303  HBOND      =        0.0000
 1-4 VDW =        2.5287  1-4 EEL =       46.1698  RESTRAINT  =        0.1397
 EAMBER  =   -12379.8817


   NSTEP       ENERGY          RMS            GMAX         NAME    NUMBER
    820      -1.2385E+04     3.5733E-01     8.7543E+00     CH3        19

 BOND    =      936.4376  ANGLE   =        0.6180  DIHED      =        8.7208
 VDWAALS =     2345.9353  EEL     =   -15725.8779  HBOND      =        0.0000
 1-4 VDW =        2.6391  1-4 EEL =       46.0993  RESTRAINT  =        0.1186
 EAMBER  =   -12385.4278


   NSTEP       ENERGY          RMS            GMAX         NAME    NUMBER
    840      -1.2391E+04     2.2829E-01     5.8053E+00     CH3        19

 BOND    =      937.4915  ANGLE   =        0.8132  DIHED      =        8.7672
 VDWAALS =     2351.5036  EEL     =   -15738.6049  HBOND      =        0.0000
 1-4 VDW =        2.6414  1-4 EEL =       45.8116  RESTRAINT  =        0.2519
 EAMBER  =   -12391.5763


   NSTEP       ENERGY          RMS            GMAX         NAME    NUMBER
    860      -1.2397E+04     3.1904E-01     1.0413E+01     C           5

 BOND    =      938.9177  ANGLE   =        0.8340  DIHED      =        8.7252
 VDWAALS =     2358.5254  EEL     =   -15752.8678  HBOND      =        0.0000
 1-4 VDW =        2.6763  1-4 EEL =       46.0482  RESTRAINT  =        0.1893
 EAMBER  =   -12397.1410


   NSTEP       ENERGY          RMS            GMAX         NAME    NUMBER
    880      -1.2403E+04     3.4659E-01     8.4233E+00     N          17

 BOND    =      939.5580  ANGLE   =        0.9530  DIHED      =        8.7629
 VDWAALS =     2360.8406  EEL     =   -15762.1299  HBOND      =        0.0000
 1-4 VDW =        2.6617  1-4 EEL =       46.1848  RESTRAINT  =        0.1122
 EAMBER  =   -12403.1689


   NSTEP       ENERGY          RMS            GMAX         NAME    NUMBER
    900      -1.2409E+04     3.1722E-01     5.4596E+00     CH3        19

 BOND    =      941.0382  ANGLE   =        0.7620  DIHED      =        8.7012
 VDWAALS =     2369.7632  EEL     =   -15777.9794  HBOND      =        0.0000
 1-4 VDW =        2.5890  1-4 EEL =       46.0384  RESTRAINT  =        0.1502
 EAMBER  =   -12409.0873


   NSTEP       ENERGY          RMS            GMAX         NAME    NUMBER
    920      -1.2414E+04     3.0223E-01     7.5903E+00     CH3        19

 BOND    =      942.3313  ANGLE   =        0.6361  DIHED      =        8.7176
 VDWAALS =     2368.6021  EEL     =   -15782.5264  HBOND      =        0.0000
 1-4 VDW =        2.6093  1-4 EEL =       45.9586  RESTRAINT  =        0.1473
 EAMBER  =   -12413.6714


   NSTEP       ENERGY          RMS            GMAX         NAME    NUMBER
    940      -1.2419E+04     2.6206E-01     6.9538E+00     C          15

 BOND    =      942.4162  ANGLE   =        0.8610  DIHED      =        8.7752
 VDWAALS =     2373.1640  EEL     =   -15792.7193  HBOND      =        0.0000
 1-4 VDW =        2.6482  1-4 EEL =       45.8150  RESTRAINT  =        0.2410
 EAMBER  =   -12419.0397


   NSTEP       ENERGY          RMS            GMAX         NAME    NUMBER
    960      -1.2424E+04     3.4204E-01     1.1583E+01     C           5

 BOND    =      944.3352  ANGLE   =        0.8970  DIHED      =        8.7927
 VDWAALS =     2378.1393  EEL     =   -15804.4155  HBOND      =        0.0000
 1-4 VDW =        2.6611  1-4 EEL =       45.8951  RESTRAINT  =        0.1801
 EAMBER  =   -12423.6952


   NSTEP       ENERGY          RMS            GMAX         NAME    NUMBER
    980      -1.2429E+04     3.6264E-01     1.0083E+01     N          17

 BOND    =      943.9215  ANGLE   =        0.9667  DIHED      =        8.7416
 VDWAALS =     2379.8504  EEL     =   -15810.9071  HBOND      =        0.0000
 1-4 VDW =        2.6825  1-4 EEL =       46.1168  RESTRAINT  =        0.1179
 EAMBER  =   -12428.6277


   NSTEP       ENERGY          RMS            GMAX         NAME    NUMBER
   1000      -1.2434E+04     3.9241E-01     2.0318E+01     C           5

 BOND    =      945.5176  ANGLE   =        0.8444  DIHED      =        8.7137
 VDWAALS =     2388.1064  EEL     =   -15825.4349  HBOND      =        0.0000
 1-4 VDW =        2.5887  1-4 EEL =       45.9958  RESTRAINT  =        0.1517
 EAMBER  =   -12433.6683


  Maximum number of minimization cycles reached.


                    FINAL RESULTS



   NSTEP       ENERGY          RMS            GMAX         NAME    NUMBER
   1000      -1.2434E+04     3.9241E-01     2.0318E+01     C           5

 BOND    =      945.5176  ANGLE   =        0.8444  DIHED      =        8.7137
 VDWAALS =     2388.1064  EEL     =   -15825.4349  HBOND      =        0.0000
 1-4 VDW =        2.5887  1-4 EEL =       45.9958  RESTRAINT  =        0.1517
 EAMBER  =   -12433.6683

--------------------------------------------------------------------------------
   5.  TIMINGS
--------------------------------------------------------------------------------

|                Build the list             0.06 (55.03% of List )
|                Other                      0.05 (44.97% of List )
|             List time                  0.11 ( 1.01% of Nonbo)
|                   Short_ene time             6.16 (96.44% of Direc)
|                   Other                      0.23 ( 3.56% of Direc)
|                Direct Ewald time          6.39 (56.94% of Ewald)
|                Adjust Ewald time          0.04 ( 0.39% of Ewald)
|                Self Ewald time            0.00 ( 0.02% of Ewald)
|                   Fill Bspline coeffs        0.15 ( 3.83% of Recip)
|                   Fill charge grid           0.12 ( 3.03% of Recip)
|                   Scalar sum                 0.50 (12.82% of Recip)
|                   Grad sum                   0.28 ( 7.21% of Recip)
|                      FFT back comm time         1.39 (50.68% of FFT t)
|                      Other                      1.35 (49.32% of FFT t)
|                   FFT time                   2.75 (70.24% of Recip)
|                   Other                      0.11 ( 2.87% of Recip)
|                Recip Ewald time           3.91 (34.85% of Ewald)
|                Force Adjust               0.63 ( 5.59% of Ewald)
|                Virial junk                0.24 ( 2.16% of Ewald)
|                Start synchronizatio       0.00 ( 0.01% of Ewald)
|                Other                      0.00 ( 0.04% of Ewald)
|             Ewald time                11.22 (98.98% of Nonbo)
|             Other                      0.00 ( 0.01% of Nonbo)
|          Nonbond force             11.34 (86.85% of Force)
|          Bond/Angle/Dihedral        0.04 ( 0.30% of Force)
|          FRC Collect time           0.50 ( 3.82% of Force)
|          Other                      1.18 ( 9.03% of Force)
|       Force time                13.05 (100.0% of Runmd)
|    Runmd Time                13.05 ( 7.19% of Total)
|    Other                    168.51 (92.81% of Total)
| Total time               181.57 (100.0% of ALL  )

| Highest rstack allocated:      41314
| Highest istack allocated:        908
|           Job began  at 14:32:59.782  on 03/14/2017
|           Setup done at 14:32:59.901  on 03/14/2017
|           Run   done at 14:36:01.348  on 03/14/2017
|     wallclock() was called   44068 times
