
          -------------------------------------------------------
          Amber 16 SANDER                              2016
          -------------------------------------------------------

| Run on 03/14/2017 at 14:32:59

|   Executable path: sander.MPI
| Working directory: /home/steboss/projects/mdgx-tests/alanine/IPOLQ/input/PhiPsi_1/225/255
|          Hostname: node012

  [-O]verwriting output

File Assignments:
|  MDIN: min.in                                                                
| MDOUT: Conf255.min.out                                                       
|INPCRD: Conf255.crd                                                           
|  PARM: Conf255.top                                                           
|RESTRT: Conf255.min                                                           
|  REFC: Conf255.crd                                                           
| MDVEL: mdvel                                                                 
| MDFRC: mdfrc                                                                 
|  MDEN: mden                                                                  
| MDCRD: mdcrd                                                                 
|MDINFO: mdinfo                                                                
|  MTMD: mtmd                                                                  
|INPDIP: inpdip                                                                
|RSTDIP: rstdip                                                                
|INPTRA: inptraj                                                               

|    REMLOG: rem.log
|   REMTYPE: rem.type
|  REMSTRIP: 
|   SAVEENE: saveene
|CLUSTERINF: cluster.info
| RESERVOIR: reserv/frame
|   REMDDIM: 


 Here is the input file:

Initial minimization                                                           
 &cntrl                                                                        
  ntx    = 1,       irest  = 0,       ntrx   = 1,      ntxo   = 1,             
  ntpr   = 20,      ntwx   = 0,       ntwv   = 0,      ntwe   = 0,             
                                                                               
  ntf    = 1,       ntb    = 1,                                                
  ntc    = 1,       ntr    = 1,                                                
  restraintmask = ':1',                                                        
  restraint_wt = 100.0,                                                        
  cut    = 9.0,                                                                
                                                                               
  imin   = 1,                                                                  
  maxcyc = 1000,                                                               
  ncyc   = 100,                                                                
                                                                               
 &end                                                                          

--------------------------------------------------------------------------------
   1.  RESOURCE   USE: 
--------------------------------------------------------------------------------

| Flags: MPI                                                                    
 getting new box info from bottom of inpcrd
|  INFO: Old style inpcrd file read

| peek_ewald_inpcrd: Box info found
|Largest sphere to fit in unit cell has radius =    14.880
| New format PARM file being parsed.
| Version =    1.000 Date = 03/14/17 Time = 13:39:00
 NATOM  =    3112 NTYPES =       9 NBONH =    3102 MBONA  =       9
 NTHETH =      25 MTHETA =      11 NPHIH =      43 MPHIA  =      24
 NHPARM =       0 NPARM  =       0 NNB   =    4219 NRES   =    1033
 NBONA  =       9 NTHETA =      11 NPHIA =      24 NUMBND =      10
 NUMANG =      16 NPTRA  =      19 NATYP =       9 NPHB   =       1
 IFBOX  =       2 NMXRS  =      10 IFCAP =       0 NEXTRA =       0
 NCOPY  =       0


|     Memory Use     Allocated
|     Real              351504
|     Hollerith          10371
|     Integer            93920
|     Max Pairs         345172
|     nblistReal         37344
|     nblist Int        102952
|       Total             5195 kbytes

| Note: 1-4 EEL scale factors are being read from the topology file.

| Note: 1-4 VDW scale factors are being read from the topology file.
| Duplicated    0 dihedrals
| Duplicated    0 dihedrals

     BOX TYPE: TRUNCATED OCTAHEDRON

--------------------------------------------------------------------------------
   2.  CONTROL  DATA  FOR  THE  RUN
--------------------------------------------------------------------------------

default_name                                                                    

General flags:
     imin    =       1, nmropt  =       0

Nature and format of input:
     ntx     =       1, irest   =       0, ntrx    =       1

Nature and format of output:
     ntxo    =       1, ntpr    =      20, ntrx    =       1, ntwr    =       1
     iwrap   =       0, ntwx    =       0, ntwv    =       0, ntwe    =       0
     ioutfm  =       1, ntwprt  =       0, idecomp =       0, rbornstat=      0

Potential function:
     ntf     =       1, ntb     =       1, igb     =       0, nsnb    =      25
     ipol    =       0, gbsa    =       0, iesp    =       0
     dielc   =   1.00000, cut     =   9.00000, intdiel =   1.00000

Frozen or restrained atoms:
     ibelly  =       0, ntr     =       1
     restraint_wt = 100.00000

Energy minimization:
     maxcyc  =    1000, ncyc    =     100, ntmin   =       1
     dx0     =   0.01000, drms    =   0.00010

Ewald parameters:
     verbose =       0, ew_type =       0, nbflag  =       1, use_pme =       1
     vdwmeth =       1, eedmeth =       1, netfrc  =       0
     Box X =   36.449   Box Y =   36.449   Box Z =   36.449
     Alpha =  109.471   Beta  =  109.471   Gamma =  109.471
     NFFT1 =   36       NFFT2 =   36       NFFT3 =   36
     Cutoff=    9.000   Tol   =0.100E-04
     Ewald Coefficient =  0.30768
     Interpolation order =    4

| MPI Timing options:
|      profile_mpi =        0

    LOADING THE CONSTRAINED ATOMS AS GROUPS


   5.  REFERENCE ATOM COORDINATES

  defa
     Mask :1; matches     6 atoms

--------------------------------------------------------------------------------
   3.  ATOMIC COORDINATES AND VELOCITIES
--------------------------------------------------------------------------------

default_name                                                                    
 begin time read from input coords =     0.000 ps

 Number of triangulated 3-point waters found:     1030
|  Atom division among processors:
|         0     391     778    1168    1558    1945    2335    2725
|      3112

     Sum of charges from parm topology file =  -0.00000000
     Forcing neutrality...
|  Running AMBER/MPI version on    8 nodes


--------------------------------------------------------------------------------
   4.  RESULTS
--------------------------------------------------------------------------------

 ---------------------------------------------------
 APPROXIMATING switch and d/dx switch using CUBIC SPLINE INTERPOLATION
 using   5000.0 points per unit in tabled values
 TESTING RELATIVE ERROR over r ranging from 0.0 to cutoff
| CHECK switch(x): max rel err =   0.2738E-14   at   2.422500
| CHECK d/dx switch(x): max rel err =   0.8314E-11   at   2.736960
 ---------------------------------------------------
| Local SIZE OF NONBOND LIST =      96218
| TOTAL SIZE OF NONBOND LIST =     723639


   NSTEP       ENERGY          RMS            GMAX         NAME    NUMBER
      1      -7.7201E+03     6.9684E+01     3.0708E+03     O        2402

 BOND    =        0.5022  ANGLE   =        1.2588  DIHED      =       12.2924
 VDWAALS =     1858.7147  EEL     =    -9640.5945  HBOND      =        0.0000
 1-4 VDW =        2.9294  1-4 EEL =       44.7712  RESTRAINT  =        0.0000


   NSTEP       ENERGY          RMS            GMAX         NAME    NUMBER
     20      -9.3727E+03     3.0856E+00     2.6557E+01     O        2213

 BOND    =      486.5875  ANGLE   =        1.2505  DIHED      =       12.2977
 VDWAALS =      964.5111  EEL     =   -10884.9557  HBOND      =        0.0000
 1-4 VDW =        2.9174  1-4 EEL =       44.6972  RESTRAINT  =        0.0094
 EAMBER  =    -9372.6943


   NSTEP       ENERGY          RMS            GMAX         NAME    NUMBER
     40      -1.0199E+04     2.1549E+00     3.1356E+01     H1       2403

 BOND    =      535.6345  ANGLE   =        1.3082  DIHED      =       12.3020
 VDWAALS =      972.2891  EEL     =   -11767.9568  HBOND      =        0.0000
 1-4 VDW =        2.8679  1-4 EEL =       44.6342  RESTRAINT  =        0.0100
 EAMBER  =   -10198.9209


   NSTEP       ENERGY          RMS            GMAX         NAME    NUMBER
     60      -1.0436E+04     3.2557E+00     5.0238E+01     H1       2403

 BOND    =      536.4876  ANGLE   =        1.3361  DIHED      =       12.2890
 VDWAALS =     1003.8200  EEL     =   -12037.8176  HBOND      =        0.0000
 1-4 VDW =        2.8539  1-4 EEL =       44.6668  RESTRAINT  =        0.0082
 EAMBER  =   -10436.3642


   NSTEP       ENERGY          RMS            GMAX         NAME    NUMBER
     80      -1.0611E+04     1.1284E+00     1.0106E+01     H2       2404

 BOND    =      620.3440  ANGLE   =        1.3514  DIHED      =       12.2686
 VDWAALS =     1038.1578  EEL     =   -12330.9574  HBOND      =        0.0000
 1-4 VDW =        2.8518  1-4 EEL =       44.7131  RESTRAINT  =        0.0076
 EAMBER  =   -10611.2706


   NSTEP       ENERGY          RMS            GMAX         NAME    NUMBER
    100      -1.0731E+04     9.0725E-01     5.1884E+00     H2       2404

 BOND    =      627.5668  ANGLE   =        1.3649  DIHED      =       12.2433
 VDWAALS =     1073.8668  EEL     =   -12494.0497  HBOND      =        0.0000
 1-4 VDW =        2.8548  1-4 EEL =       44.7684  RESTRAINT  =        0.0074
 EAMBER  =   -10731.3848


   NSTEP       ENERGY          RMS            GMAX         NAME    NUMBER
    120      -1.1239E+04     4.8838E+00     6.2297E+01     H1        777

 BOND    =      836.3291  ANGLE   =        1.6450  DIHED      =       11.8401
 VDWAALS =     1507.6534  EEL     =   -13644.6222  HBOND      =        0.0000
 1-4 VDW =        2.9994  1-4 EEL =       45.4169  RESTRAINT  =        0.0113
 EAMBER  =   -11238.7382


   NSTEP       ENERGY          RMS            GMAX         NAME    NUMBER
    140      -1.1417E+04     1.6304E+00     2.4443E+01     H1       2892

 BOND    =      750.6564  ANGLE   =        1.5610  DIHED      =       11.6604
 VDWAALS =     1562.1487  EEL     =   -13791.8094  HBOND      =        0.0000
 1-4 VDW =        3.0525  1-4 EEL =       45.6164  RESTRAINT  =        0.0165
 EAMBER  =   -11417.1140


   NSTEP       ENERGY          RMS            GMAX         NAME    NUMBER
    160      -1.1541E+04     1.6989E+00     2.5651E+01     O        2231

 BOND    =      750.4347  ANGLE   =        1.5325  DIHED      =       11.4509
 VDWAALS =     1570.3210  EEL     =   -13923.3795  HBOND      =        0.0000
 1-4 VDW =        3.1035  1-4 EEL =       45.7113  RESTRAINT  =        0.0437
 EAMBER  =   -11540.8256


   NSTEP       ENERGY          RMS            GMAX         NAME    NUMBER
    180      -1.1660E+04     1.2055E+00     2.1289E+01     HH32       21

 BOND    =      802.0808  ANGLE   =        1.3365  DIHED      =       11.2473
 VDWAALS =     1716.3702  EEL     =   -14239.5883  HBOND      =        0.0000
 1-4 VDW =        3.0689  1-4 EEL =       45.7082  RESTRAINT  =        0.0598
 EAMBER  =   -11659.7764


   NSTEP       ENERGY          RMS            GMAX         NAME    NUMBER
    200      -1.1757E+04     8.8188E-01     1.5174E+01     C          15

 BOND    =      803.1318  ANGLE   =        2.1508  DIHED      =       10.8921
 VDWAALS =     1752.9357  EEL     =   -14375.0602  HBOND      =        0.0000
 1-4 VDW =        3.2175  1-4 EEL =       46.0250  RESTRAINT  =        0.0656
 EAMBER  =   -11756.7073


   NSTEP       ENERGY          RMS            GMAX         NAME    NUMBER
    220      -1.1815E+04     1.4373E+00     3.1559E+01     C          15

 BOND    =      802.6447  ANGLE   =        4.0136  DIHED      =       10.8414
 VDWAALS =     1799.3101  EEL     =   -14480.9773  HBOND      =        0.0000
 1-4 VDW =        3.2405  1-4 EEL =       46.0632  RESTRAINT  =        0.1727
 EAMBER  =   -11814.8638


   NSTEP       ENERGY          RMS            GMAX         NAME    NUMBER
    240      -1.1874E+04     1.0517E+00     3.5525E+01     C           5

 BOND    =      826.5879  ANGLE   =        1.8392  DIHED      =       10.5696
 VDWAALS =     1839.7906  EEL     =   -14602.0159  HBOND      =        0.0000
 1-4 VDW =        3.2341  1-4 EEL =       46.2435  RESTRAINT  =        0.1195
 EAMBER  =   -11873.7510


   NSTEP       ENERGY          RMS            GMAX         NAME    NUMBER
    260      -1.1936E+04     1.1323E+00     2.0573E+01     C          15

 BOND    =      828.9967  ANGLE   =        2.7941  DIHED      =       10.3727
 VDWAALS =     1886.5325  EEL     =   -14713.5476  HBOND      =        0.0000
 1-4 VDW =        3.2208  1-4 EEL =       45.9111  RESTRAINT  =        0.1536
 EAMBER  =   -11935.7198


   NSTEP       ENERGY          RMS            GMAX         NAME    NUMBER
    280      -1.1974E+04     7.6621E-01     1.7302E+01     HH32       21

 BOND    =      844.6594  ANGLE   =        2.1837  DIHED      =       10.2351
 VDWAALS =     1924.7260  EEL     =   -14805.4673  HBOND      =        0.0000
 1-4 VDW =        3.3183  1-4 EEL =       45.8636  RESTRAINT  =        0.1227
 EAMBER  =   -11974.4813


   NSTEP       ENERGY          RMS            GMAX         NAME    NUMBER
    300      -1.2047E+04     1.7524E+00     5.1397E+01     C          15

 BOND    =      860.0379  ANGLE   =        4.4555  DIHED      =        9.7242
 VDWAALS =     2024.9680  EEL     =   -14995.7354  HBOND      =        0.0000
 1-4 VDW =        3.3680  1-4 EEL =       45.9854  RESTRAINT  =        0.3017
 EAMBER  =   -12047.1964


   NSTEP       ENERGY          RMS            GMAX         NAME    NUMBER
    320      -1.2101E+04     5.9401E-01     1.5327E+01     N           7

 BOND    =      863.0299  ANGLE   =        2.1317  DIHED      =        9.6697
 VDWAALS =     2022.4904  EEL     =   -15047.7897  HBOND      =        0.0000
 1-4 VDW =        3.3347  1-4 EEL =       46.2901  RESTRAINT  =        0.1647
 EAMBER  =   -12100.8431


   NSTEP       ENERGY          RMS            GMAX         NAME    NUMBER
    340      -1.2125E+04     6.0560E-01     1.3629E+01     CH3        19

 BOND    =      873.3869  ANGLE   =        2.1875  DIHED      =        9.6739
 VDWAALS =     2037.1742  EEL     =   -15097.1896  HBOND      =        0.0000
 1-4 VDW =        3.2838  1-4 EEL =       46.6554  RESTRAINT  =        0.2671
 EAMBER  =   -12124.8280


   NSTEP       ENERGY          RMS            GMAX         NAME    NUMBER
    360      -1.2204E+04     1.4720E+00     4.4201E+01     N           7

 BOND    =      874.6699  ANGLE   =        2.6832  DIHED      =        9.4219
 VDWAALS =     2099.4292  EEL     =   -15240.5931  HBOND      =        0.0000
 1-4 VDW =        3.2704  1-4 EEL =       46.8400  RESTRAINT  =        0.5145
 EAMBER  =   -12204.2785


   NSTEP       ENERGY          RMS            GMAX         NAME    NUMBER
    380      -1.2235E+04     4.4651E-01     1.3763E+01     HH31       20

 BOND    =      890.5047  ANGLE   =        1.9376  DIHED      =        9.2971
 VDWAALS =     2112.2277  EEL     =   -15299.1636  HBOND      =        0.0000
 1-4 VDW =        3.2933  1-4 EEL =       46.5084  RESTRAINT  =        0.1716
 EAMBER  =   -12235.3948


   NSTEP       ENERGY          RMS            GMAX         NAME    NUMBER
    400      -1.2269E+04     9.8054E-01     3.0284E+01     CH3        19

 BOND    =      906.2199  ANGLE   =        4.0950  DIHED      =        9.4052
 VDWAALS =     2127.7752  EEL     =   -15366.6107  HBOND      =        0.0000
 1-4 VDW =        3.6733  1-4 EEL =       46.6022  RESTRAINT  =        0.1566
 EAMBER  =   -12268.8399


   NSTEP       ENERGY          RMS            GMAX         NAME    NUMBER
    420      -1.2293E+04     6.1300E-01     1.4188E+01     HH31       20

 BOND    =      899.7692  ANGLE   =        1.9436  DIHED      =        9.0226
 VDWAALS =     2149.8602  EEL     =   -15404.6479  HBOND      =        0.0000
 1-4 VDW =        3.4432  1-4 EEL =       46.8197  RESTRAINT  =        0.3607
 EAMBER  =   -12293.7893


   NSTEP       ENERGY          RMS            GMAX         NAME    NUMBER
    440      -1.2322E+04     1.2891E+00     3.1038E+01     C           5

 BOND    =      893.1807  ANGLE   =        2.3144  DIHED      =        9.0999
 VDWAALS =     2161.6122  EEL     =   -15438.7574  HBOND      =        0.0000
 1-4 VDW =        3.1897  1-4 EEL =       46.9889  RESTRAINT  =        0.3592
 EAMBER  =   -12322.3717


   NSTEP       ENERGY          RMS            GMAX         NAME    NUMBER
    460      -1.2340E+04     5.7246E-01     1.7569E+01     C           5

 BOND    =      908.5932  ANGLE   =        1.6393  DIHED      =        9.0619
 VDWAALS =     2173.9525  EEL     =   -15483.1708  HBOND      =        0.0000
 1-4 VDW =        3.2444  1-4 EEL =       46.4549  RESTRAINT  =        0.1459
 EAMBER  =   -12340.2247


   NSTEP       ENERGY          RMS            GMAX         NAME    NUMBER
    480      -1.2366E+04     5.1359E-01     1.3075E+01     O           6

 BOND    =      910.8371  ANGLE   =        1.8311  DIHED      =        9.0614
 VDWAALS =     2213.5578  EEL     =   -15551.0340  HBOND      =        0.0000
 1-4 VDW =        3.1569  1-4 EEL =       46.6973  RESTRAINT  =        0.0776
 EAMBER  =   -12365.8924


   NSTEP       ENERGY          RMS            GMAX         NAME    NUMBER
    500      -1.2388E+04     5.9480E-01     1.9852E+01     CH3        19

 BOND    =      909.8426  ANGLE   =        3.0915  DIHED      =        9.1335
 VDWAALS =     2223.4073  EEL     =   -15583.7064  HBOND      =        0.0000
 1-4 VDW =        3.4656  1-4 EEL =       46.3616  RESTRAINT  =        0.1863
 EAMBER  =   -12388.4043


   NSTEP       ENERGY          RMS            GMAX         NAME    NUMBER
    520      -1.2402E+04     6.0435E-01     1.4274E+01     C           5

 BOND    =      921.7902  ANGLE   =        1.7947  DIHED      =        8.8992
 VDWAALS =     2237.7696  EEL     =   -15623.0662  HBOND      =        0.0000
 1-4 VDW =        3.3469  1-4 EEL =       46.6592  RESTRAINT  =        0.3883
 EAMBER  =   -12402.8064


   NSTEP       ENERGY          RMS            GMAX         NAME    NUMBER
    540      -1.2419E+04     7.9140E-01     3.6437E+01     C           5

 BOND    =      910.6161  ANGLE   =        1.7174  DIHED      =        8.9196
 VDWAALS =     2246.4189  EEL     =   -15636.6522  HBOND      =        0.0000
 1-4 VDW =        3.3440  1-4 EEL =       46.8946  RESTRAINT  =        0.1244
 EAMBER  =   -12418.7418


   NSTEP       ENERGY          RMS            GMAX         NAME    NUMBER
    560      -1.2435E+04     4.2025E-01     1.1417E+01     N           7

 BOND    =      925.3122  ANGLE   =        1.4140  DIHED      =        8.8933
 VDWAALS =     2260.2410  EEL     =   -15681.3169  HBOND      =        0.0000
 1-4 VDW =        3.2902  1-4 EEL =       46.6121  RESTRAINT  =        0.0888
 EAMBER  =   -12435.5541


   NSTEP       ENERGY          RMS            GMAX         NAME    NUMBER
    580      -1.2449E+04     3.2842E-01     6.4090E+00     O           6

 BOND    =      926.0185  ANGLE   =        1.5477  DIHED      =        8.8782
 VDWAALS =     2277.6124  EEL     =   -15713.1390  HBOND      =        0.0000
 1-4 VDW =        3.2003  1-4 EEL =       46.6983  RESTRAINT  =        0.0792
 EAMBER  =   -12449.1836


   NSTEP       ENERGY          RMS            GMAX         NAME    NUMBER
    600      -1.2464E+04     6.4931E-01     2.0671E+01     CH3        19

 BOND    =      926.5584  ANGLE   =        2.2879  DIHED      =        8.8767
 VDWAALS =     2286.7617  EEL     =   -15738.6770  HBOND      =        0.0000
 1-4 VDW =        3.2513  1-4 EEL =       46.5996  RESTRAINT  =        0.3099
 EAMBER  =   -12464.3413


   NSTEP       ENERGY          RMS            GMAX         NAME    NUMBER
    620      -1.2474E+04     5.4193E-01     2.0785E+01     N           7

 BOND    =      933.3701  ANGLE   =        1.6073  DIHED      =        8.7999
 VDWAALS =     2296.6874  EEL     =   -15764.9588  HBOND      =        0.0000
 1-4 VDW =        3.2660  1-4 EEL =       46.5245  RESTRAINT  =        0.3610
 EAMBER  =   -12474.7036


   NSTEP       ENERGY          RMS            GMAX         NAME    NUMBER
    640      -1.2486E+04     9.4887E-01     3.0701E+01     N           7

 BOND    =      931.2603  ANGLE   =        1.9195  DIHED      =        8.8252
 VDWAALS =     2305.5979  EEL     =   -15783.6068  HBOND      =        0.0000
 1-4 VDW =        3.3350  1-4 EEL =       46.8638  RESTRAINT  =        0.1332
 EAMBER  =   -12485.8049


   NSTEP       ENERGY          RMS            GMAX         NAME    NUMBER
    660      -1.2496E+04     3.7503E-01     1.1547E+01     N           7

 BOND    =      938.9240  ANGLE   =        1.3050  DIHED      =        8.7875
 VDWAALS =     2313.3059  EEL     =   -15808.1502  HBOND      =        0.0000
 1-4 VDW =        3.2771  1-4 EEL =       46.6693  RESTRAINT  =        0.0804
 EAMBER  =   -12495.8813


   NSTEP       ENERGY          RMS            GMAX         NAME    NUMBER
    680      -1.2507E+04     3.1630E-01     1.0492E+01     O           6

 BOND    =      938.2384  ANGLE   =        1.5044  DIHED      =        8.7937
 VDWAALS =     2327.6682  EEL     =   -15832.7335  HBOND      =        0.0000
 1-4 VDW =        3.1510  1-4 EEL =       46.7576  RESTRAINT  =        0.0871
 EAMBER  =   -12506.6203


   NSTEP       ENERGY          RMS            GMAX         NAME    NUMBER
    700      -1.2518E+04     3.8450E-01     9.6877E+00     CH3        19

 BOND    =      939.1686  ANGLE   =        1.6780  DIHED      =        8.7735
 VDWAALS =     2334.2667  EEL     =   -15851.4613  HBOND      =        0.0000
 1-4 VDW =        3.1811  1-4 EEL =       46.5580  RESTRAINT  =        0.1923
 EAMBER  =   -12517.8355


   NSTEP       ENERGY          RMS            GMAX         NAME    NUMBER
    720      -1.2526E+04     4.2981E-01     1.6562E+01     N           7

 BOND    =      944.6246  ANGLE   =        1.3278  DIHED      =        8.7011
 VDWAALS =     2342.4986  EEL     =   -15873.3115  HBOND      =        0.0000
 1-4 VDW =        3.1895  1-4 EEL =       46.6268  RESTRAINT  =        0.1642
 EAMBER  =   -12526.3432


   NSTEP       ENERGY          RMS            GMAX         NAME    NUMBER
    740      -1.2536E+04     6.9930E-01     2.7775E+01     C           5

 BOND    =      942.1737  ANGLE   =        1.7599  DIHED      =        8.7039
 VDWAALS =     2348.6537  EEL     =   -15888.0154  HBOND      =        0.0000
 1-4 VDW =        3.3407  1-4 EEL =       46.9811  RESTRAINT  =        0.1458
 EAMBER  =   -12536.4025


   NSTEP       ENERGY          RMS            GMAX         NAME    NUMBER
    760      -1.2543E+04     3.7580E-01     1.1031E+01     N           7

 BOND    =      948.5450  ANGLE   =        1.2050  DIHED      =        8.6773
 VDWAALS =     2353.8277  EEL     =   -15905.6105  HBOND      =        0.0000
 1-4 VDW =        3.2788  1-4 EEL =       46.7872  RESTRAINT  =        0.0869
 EAMBER  =   -12543.2896


   NSTEP       ENERGY          RMS            GMAX         NAME    NUMBER
    780      -1.2553E+04     3.2873E-01     1.1851E+01     O           6

 BOND    =      946.4477  ANGLE   =        1.5029  DIHED      =        8.7210
 VDWAALS =     2364.9626  EEL     =   -15924.1614  HBOND      =        0.0000
 1-4 VDW =        3.0866  1-4 EEL =       46.7531  RESTRAINT  =        0.1040
 EAMBER  =   -12552.6875


   NSTEP       ENERGY          RMS            GMAX         NAME    NUMBER
    800      -1.2561E+04     4.3423E-01     1.6103E+01     C           5

 BOND    =      946.4688  ANGLE   =        1.4265  DIHED      =        8.6655
 VDWAALS =     2369.4679  EEL     =   -15936.8574  HBOND      =        0.0000
 1-4 VDW =        3.1190  1-4 EEL =       46.5563  RESTRAINT  =        0.1405
 EAMBER  =   -12561.1534


   NSTEP       ENERGY          RMS            GMAX         NAME    NUMBER
    820      -1.2568E+04     3.6089E-01     1.4976E+01     N           7

 BOND    =      952.9337  ANGLE   =        1.2685  DIHED      =        8.6287
 VDWAALS =     2374.3945  EEL     =   -15954.6212  HBOND      =        0.0000
 1-4 VDW =        3.1366  1-4 EEL =       46.5807  RESTRAINT  =        0.1457
 EAMBER  =   -12567.6785


   NSTEP       ENERGY          RMS            GMAX         NAME    NUMBER
    840      -1.2575E+04     6.7603E-01     2.6258E+01     C          15

 BOND    =      950.3593  ANGLE   =        1.8173  DIHED      =        8.6189
 VDWAALS =     2378.3824  EEL     =   -15964.1787  HBOND      =        0.0000
 1-4 VDW =        3.2214  1-4 EEL =       47.0432  RESTRAINT  =        0.1484
 EAMBER  =   -12574.7362


   NSTEP       ENERGY          RMS            GMAX         NAME    NUMBER
    860      -1.2581E+04     3.5572E-01     1.1293E+01     CB         11

 BOND    =      955.7966  ANGLE   =        1.1650  DIHED      =        8.5969
 VDWAALS =     2382.0164  EEL     =   -15978.6650  HBOND      =        0.0000
 1-4 VDW =        3.2001  1-4 EEL =       46.8734  RESTRAINT  =        0.0981
 EAMBER  =   -12581.0166


   NSTEP       ENERGY          RMS            GMAX         NAME    NUMBER
    880      -1.2588E+04     2.7452E-01     8.3631E+00     O           6

 BOND    =      953.5355  ANGLE   =        1.3098  DIHED      =        8.6292
 VDWAALS =     2388.8305  EEL     =   -15990.6445  HBOND      =        0.0000
 1-4 VDW =        3.0560  1-4 EEL =       46.7501  RESTRAINT  =        0.0640
 EAMBER  =   -12588.5334


   NSTEP       ENERGY          RMS            GMAX         NAME    NUMBER
    900      -1.2595E+04     3.4779E-01     9.4368E+00     C          15

 BOND    =      952.1217  ANGLE   =        1.2492  DIHED      =        8.6079
 VDWAALS =     2393.1317  EEL     =   -16000.1475  HBOND      =        0.0000
 1-4 VDW =        3.0908  1-4 EEL =       46.5451  RESTRAINT  =        0.1164
 EAMBER  =   -12595.4012


   NSTEP       ENERGY          RMS            GMAX         NAME    NUMBER
    920      -1.2600E+04     3.1603E-01     1.1006E+01     O           6

 BOND    =      960.4679  ANGLE   =        1.0844  DIHED      =        8.5763
 VDWAALS =     2397.5902  EEL     =   -16017.8610  HBOND      =        0.0000
 1-4 VDW =        3.1051  1-4 EEL =       46.5772  RESTRAINT  =        0.1132
 EAMBER  =   -12600.4600


   NSTEP       ENERGY          RMS            GMAX         NAME    NUMBER
    940      -1.2606E+04     4.4824E-01     1.5151E+01     CA          9

 BOND    =      956.0408  ANGLE   =        1.3802  DIHED      =        8.5469
 VDWAALS =     2402.0233  EEL     =   -16024.4738  HBOND      =        0.0000
 1-4 VDW =        3.1675  1-4 EEL =       46.9739  RESTRAINT  =        0.1034
 EAMBER  =   -12606.3412


   NSTEP       ENERGY          RMS            GMAX         NAME    NUMBER
    960      -1.2611E+04     2.7544E-01     8.9167E+00     O           6

 BOND    =      961.2128  ANGLE   =        1.0042  DIHED      =        8.5463
 VDWAALS =     2405.8535  EEL     =   -16037.2349  HBOND      =        0.0000
 1-4 VDW =        3.1383  1-4 EEL =       46.8271  RESTRAINT  =        0.0674
 EAMBER  =   -12610.6527


   NSTEP       ENERGY          RMS            GMAX         NAME    NUMBER
    980      -1.2615E+04     3.5013E-01     1.1502E+01     N           7

 BOND    =      960.1238  ANGLE   =        1.1294  DIHED      =        8.5689
 VDWAALS =     2411.2752  EEL     =   -16046.3357  HBOND      =        0.0000
 1-4 VDW =        3.0674  1-4 EEL =       46.7135  RESTRAINT  =        0.0431
 EAMBER  =   -12615.4575


   NSTEP       ENERGY          RMS            GMAX         NAME    NUMBER
   1000      -1.2620E+04     3.7983E-01     1.3200E+01     C          15

 BOND    =      957.6690  ANGLE   =        1.3088  DIHED      =        8.5891
 VDWAALS =     2415.5676  EEL     =   -16053.2799  HBOND      =        0.0000
 1-4 VDW =        3.0567  1-4 EEL =       46.5077  RESTRAINT  =        0.1212
 EAMBER  =   -12620.5810


  Maximum number of minimization cycles reached.


                    FINAL RESULTS



   NSTEP       ENERGY          RMS            GMAX         NAME    NUMBER
   1000      -1.2620E+04     3.7983E-01     1.3200E+01     C          15

 BOND    =      957.6690  ANGLE   =        1.3088  DIHED      =        8.5891
 VDWAALS =     2415.5676  EEL     =   -16053.2799  HBOND      =        0.0000
 1-4 VDW =        3.0567  1-4 EEL =       46.5077  RESTRAINT  =        0.1212
 EAMBER  =   -12620.5810

--------------------------------------------------------------------------------
   5.  TIMINGS
--------------------------------------------------------------------------------

|                Build the list             0.06 (56.48% of List )
|                Other                      0.05 (43.52% of List )
|             List time                  0.11 ( 1.25% of Nonbo)
|                   Short_ene time             5.54 (96.12% of Direc)
|                   Other                      0.22 ( 3.88% of Direc)
|                Direct Ewald time          5.76 (66.23% of Ewald)
|                Adjust Ewald time          0.03 ( 0.38% of Ewald)
|                Self Ewald time            0.00 ( 0.02% of Ewald)
|                   Fill Bspline coeffs        0.15 ( 6.73% of Recip)
|                   Fill charge grid           0.13 ( 5.50% of Recip)
|                   Scalar sum                 0.49 (21.27% of Recip)
|                   Grad sum                   0.27 (11.64% of Recip)
|                      FFT back comm time         0.36 (30.04% of FFT t)
|                      Other                      0.83 (69.96% of FFT t)
|                   FFT time                   1.18 (51.55% of Recip)
|                   Other                      0.08 ( 3.30% of Recip)
|                Recip Ewald time           2.30 (26.39% of Ewald)
|                Force Adjust               0.52 ( 6.03% of Ewald)
|                Virial junk                0.08 ( 0.88% of Ewald)
|                Start synchronizatio       0.00 ( 0.01% of Ewald)
|                Other                      0.00 ( 0.06% of Ewald)
|             Ewald time                 8.70 (98.74% of Nonbo)
|             Other                      0.00 ( 0.01% of Nonbo)
|          Nonbond force              8.81 (92.58% of Force)
|          Bond/Angle/Dihedral        0.04 ( 0.40% of Force)
|          FRC Collect time           0.18 ( 1.94% of Force)
|          Other                      0.48 ( 5.08% of Force)
|       Force time                 9.52 (100.0% of Runmd)
|    Runmd Time                 9.52 ( 5.49% of Total)
|    Other                    163.76 (94.50% of Total)
| Total time               173.28 (100.0% of ALL  )

| Highest rstack allocated:      41692
| Highest istack allocated:        922
|           Job began  at 14:32:59.552  on 03/14/2017
|           Setup done at 14:32:59.643  on 03/14/2017
|           Run   done at 14:35:52.835  on 03/14/2017
|     wallclock() was called   44068 times
