
          -------------------------------------------------------
          Amber 16 SANDER                              2016
          -------------------------------------------------------

| Run on 03/14/2017 at 14:31:30

|   Executable path: sander.MPI
| Working directory: /home/steboss/projects/mdgx-tests/alanine/IPOLQ/input/PhiPsi_1/210/30
|          Hostname: node007

  [-O]verwriting output

File Assignments:
|  MDIN: equil.in                                                              
| MDOUT: Conf30.eq.out                                                         
|INPCRD: Conf30.min                                                            
|  PARM: Conf30.top                                                            
|RESTRT: Conf30.rst                                                            
|  REFC: Conf30.crd                                                            
| MDVEL: mdvel                                                                 
| MDFRC: mdfrc                                                                 
|  MDEN: mden                                                                  
| MDCRD: mdcrd                                                                 
|MDINFO: mdinfo                                                                
|  MTMD: mtmd                                                                  
|INPDIP: inpdip                                                                
|RSTDIP: rstdip                                                                
|INPTRA: inptraj                                                               

|    REMLOG: rem.log
|   REMTYPE: rem.type
|  REMSTRIP: 
|   SAVEENE: saveene
|CLUSTERINF: cluster.info
| RESERVOIR: reserv/frame
|   REMDDIM: 


 Here is the input file:

Equilibrate water in NPT                                                       
 &cntrl                                                                        
                                                                               
  nmropt = 0,                                                                  
  ntx    = 1,       irest  = 0,       ntrx   = 1,      ntxo   = 1,             
  ntpr   = 1000,    ntwx   = 1000,    ntwv   = 0,      ntwe   = 1000,          
  iwrap  = 0,       ioutfm = 1,                                                
                                                                               
  ntf    = 2,       ntb    = 2,                                                
  cut = 9.0,                                                                   
                                                                               
  ibelly = 0,       ntr    = 1,                                                
  restraintmask = ':1',                                                        
  restraint_wt = 100.0,                                                        
                                                                               
  imin   = 0,                                                                  
  nstlim = 10000,                                                              
  nscm   = 1000,                                                               
  t      = 0.0,     dt     = 0.002,                                            
                                                                               
  temp0     = 298.0,   tempi  = 0.0,                                           
  ig        = -1,                                                              
  ntt       = 3,                                                               
  gamma_ln  = 3.0,                                                             
                                                                               
  ntp    = 1,       pres0  = 1.0,     comp   = 44.6,                           
  taup   = 1.0,                                                                
                                                                               
  ntc    = 2,       tol    = 0.000001, watnam = 'WAT ',                        
                                                                               
 &end                                                                          

--------------------------------------------------------------------------------
   1.  RESOURCE   USE: 
--------------------------------------------------------------------------------

| Flags: MPI                                                                    
 getting new box info from bottom of inpcrd
|  INFO: Old style inpcrd file read

| peek_ewald_inpcrd: Box info found
|Largest sphere to fit in unit cell has radius =    14.494
| New format PARM file being parsed.
| Version =    1.000 Date = 03/14/17 Time = 13:38:52
 NATOM  =    2851 NTYPES =       9 NBONH =    2841 MBONA  =       9
 NTHETH =      25 MTHETA =      11 NPHIH =      43 MPHIA  =      24
 NHPARM =       0 NPARM  =       0 NNB   =    3871 NRES   =     946
 NBONA  =       9 NTHETA =      11 NPHIA =      24 NUMBND =      10
 NUMANG =      16 NPTRA  =      19 NATYP =       9 NPHB   =       1
 IFBOX  =       2 NMXRS  =      10 IFCAP =       0 NEXTRA =       0
 NCOPY  =       0


|     Memory Use     Allocated
|     Real              294907
|     Hollerith           9501
|     Integer            88004
|     Max Pairs         316222
|     nblistReal         34212
|     nblist Int         86931
|       Total             4526 kbytes

| Note: 1-4 EEL scale factors are being read from the topology file.

| Note: 1-4 VDW scale factors are being read from the topology file.
| Duplicated    0 dihedrals
| Duplicated    0 dihedrals

     BOX TYPE: TRUNCATED OCTAHEDRON
Note: ig = -1. Setting random seed to   716555 based on wallclock time in microseconds
      and disabling the synchronization of random numbers between tasks
      to improve performance.

--------------------------------------------------------------------------------
   2.  CONTROL  DATA  FOR  THE  RUN
--------------------------------------------------------------------------------

default_name                                                                    

General flags:
     imin    =       0, nmropt  =       0

Nature and format of input:
     ntx     =       1, irest   =       0, ntrx    =       1

Nature and format of output:
     ntxo    =       1, ntpr    =    1000, ntrx    =       1, ntwr    =   10000
     iwrap   =       0, ntwx    =    1000, ntwv    =       0, ntwe    =    1000
     ioutfm  =       1, ntwprt  =       0, idecomp =       0, rbornstat=      0

Potential function:
     ntf     =       2, ntb     =       2, igb     =       0, nsnb    =      25
     ipol    =       0, gbsa    =       0, iesp    =       0
     dielc   =   1.00000, cut     =   9.00000, intdiel =   1.00000

Frozen or restrained atoms:
     ibelly  =       0, ntr     =       1
     restraint_wt = 100.00000

Molecular dynamics:
     nstlim  =     10000, nscm    =         0, nrespa  =         1
     t       =   0.00000, dt      =   0.00200, vlimit  =  20.00000

Langevin dynamics temperature regulation:
     ig      =  716555
     temp0   = 298.00000, tempi   =   0.00000, gamma_ln=   3.00000

Pressure regulation:
     ntp     =       1
     pres0   =   1.00000, comp    =  44.60000, taup    =   1.00000

SHAKE:
     ntc     =       2, jfastw  =       0
     tol     =   0.00000

Ewald parameters:
     verbose =       0, ew_type =       0, nbflag  =       1, use_pme =       1
     vdwmeth =       1, eedmeth =       1, netfrc  =       1
     Box X =   35.503   Box Y =   35.503   Box Z =   35.503
     Alpha =  109.471   Beta  =  109.471   Gamma =  109.471
     NFFT1 =   36       NFFT2 =   36       NFFT3 =   36
     Cutoff=    9.000   Tol   =0.100E-04
     Ewald Coefficient =  0.30768
     Interpolation order =    4

| MPI Timing options:
|      profile_mpi =        0

    LOADING THE CONSTRAINED ATOMS AS GROUPS


   5.  REFERENCE ATOM COORDINATES

  defa
     Mask :1; matches     6 atoms

--------------------------------------------------------------------------------
   3.  ATOMIC COORDINATES AND VELOCITIES
--------------------------------------------------------------------------------

defa                                                                            
 begin time read from input coords =     0.000 ps

 Number of triangulated 3-point waters found:      943
|  Atom division among processors:
|         0     358     715    1072    1429    1786    2143    2497
|      2851

     Sum of charges from parm topology file =  -0.00000000
     Forcing neutrality...
|  Running AMBER/MPI version on    8 nodes


--------------------------------------------------------------------------------
   4.  RESULTS
--------------------------------------------------------------------------------

|  # of SOLUTE  degrees of freedom (RNDFP):    5712.
|  # of SOLVENT degrees of freedom (RNDFS):       0.
|  NDFMIN =    5712.     NUM_NOSHAKE =      0     CORRECTED RNDFP =    5712.
|  TOTAL # of degrees of freedom (RNDF) =    5712.
 ---------------------------------------------------
 APPROXIMATING switch and d/dx switch using CUBIC SPLINE INTERPOLATION
 using   5000.0 points per unit in tabled values
 TESTING RELATIVE ERROR over r ranging from 0.0 to cutoff
| CHECK switch(x): max rel err =   0.2738E-14   at   2.422500
| CHECK d/dx switch(x): max rel err =   0.8314E-11   at   2.736960
 ---------------------------------------------------
| Local SIZE OF NONBOND LIST =      93553
| TOTAL SIZE OF NONBOND LIST =     658263

 NSTEP =        0   TIME(PS) =       0.000  TEMP(K) =     0.00  PRESS = -5173.8
 Etot   =    -12473.5382  EKtot   =         0.0000  EPtot      =    -12473.5382
 BOND   =         0.5075  ANGLE   =         1.3476  DIHED      =         8.7405
 1-4 NB =         3.3806  1-4 EEL =        44.5195  VDWAALS    =      2229.4747
 EELEC  =    -14761.5454  EHBOND  =         0.0000  RESTRAINT  =         0.0369
 EAMBER (non-restraint)  =    -12473.5750
 EKCMT  =         0.0000  VIRIAL  =      3848.2128  VOLUME     =     34448.9067
                                                    Density    =         0.8259
 Ewald error estimate:   0.2042E-03
 ------------------------------------------------------------------------------


 NSTEP =     1000   TIME(PS) =       2.000  TEMP(K) =   284.69  PRESS =  -424.8
 Etot   =     -7264.0789  EKtot   =      1615.7489  EPtot      =     -8879.8278
 BOND   =         3.5081  ANGLE   =         6.1658  DIHED      =         9.1469
 1-4 NB =         4.2074  1-4 EEL =        48.4349  VDWAALS    =      1343.8555
 EELEC  =    -10296.3077  EHBOND  =         0.0000  RESTRAINT  =         1.1612
 EAMBER (non-restraint)  =     -8880.9890
 EKCMT  =       821.5610  VIRIAL  =      1111.5606  VOLUME     =     31617.3318
                                                    Density    =         0.8999
 Ewald error estimate:   0.1559E-03
 ------------------------------------------------------------------------------


 NSTEP =     2000   TIME(PS) =       4.000  TEMP(K) =   302.04  PRESS =  -557.1
 Etot   =     -7265.9445  EKtot   =      1714.2275  EPtot      =     -8980.1720
 BOND   =         4.2824  ANGLE   =         9.4268  DIHED      =        11.8972
 1-4 NB =         2.7667  1-4 EEL =        41.0577  VDWAALS    =      1301.6797
 EELEC  =    -10353.9354  EHBOND  =         0.0000  RESTRAINT  =         2.6529
 EAMBER (non-restraint)  =     -8982.8249
 EKCMT  =       842.1083  VIRIAL  =      1201.2157  VOLUME     =     29855.7015
                                                    Density    =         0.9529
 Ewald error estimate:   0.2876E-03
 ------------------------------------------------------------------------------


 NSTEP =     3000   TIME(PS) =       6.000  TEMP(K) =   296.69  PRESS =   115.6
 Etot   =     -7297.5330  EKtot   =      1683.8638  EPtot      =     -8981.3969
 BOND   =         4.0400  ANGLE   =        12.1157  DIHED      =        10.9072
 1-4 NB =         4.3715  1-4 EEL =        43.9148  VDWAALS    =      1338.9245
 EELEC  =    -10398.9142  EHBOND  =         0.0000  RESTRAINT  =         3.2436
 EAMBER (non-restraint)  =     -8984.6404
 EKCMT  =       835.9410  VIRIAL  =       763.4289  VOLUME     =     29063.2054
                                                    Density    =         0.9789
 Ewald error estimate:   0.8867E-04
 ------------------------------------------------------------------------------


 NSTEP =     4000   TIME(PS) =       8.000  TEMP(K) =   289.69  PRESS =   294.1
 Etot   =     -7378.5733  EKtot   =      1644.1279  EPtot      =     -9022.7012
 BOND   =         2.9151  ANGLE   =        14.3976  DIHED      =        13.4583
 1-4 NB =         3.1840  1-4 EEL =        42.1489  VDWAALS    =      1374.4644
 EELEC  =    -10476.0807  EHBOND  =         0.0000  RESTRAINT  =         2.8112
 EAMBER (non-restraint)  =     -9025.5124
 EKCMT  =       813.9348  VIRIAL  =       630.8866  VOLUME     =     28824.7909
                                                    Density    =         0.9870
 Ewald error estimate:   0.2868E-03
 ------------------------------------------------------------------------------


 NSTEP =     5000   TIME(PS) =      10.000  TEMP(K) =   297.16  PRESS =    15.1
 Etot   =     -7409.4186  EKtot   =      1686.5082  EPtot      =     -9095.9268
 BOND   =         3.3313  ANGLE   =         9.5782  DIHED      =        10.5736
 1-4 NB =         4.2731  1-4 EEL =        43.4756  VDWAALS    =      1362.7709
 EELEC  =    -10533.3790  EHBOND  =         0.0000  RESTRAINT  =         3.4496
 EAMBER (non-restraint)  =     -9099.3764
 EKCMT  =       812.1603  VIRIAL  =       802.7822  VOLUME     =     28721.6524
                                                    Density    =         0.9906
 Ewald error estimate:   0.3148E-03
 ------------------------------------------------------------------------------


 NSTEP =     6000   TIME(PS) =      12.000  TEMP(K) =   308.76  PRESS =  -154.0
 Etot   =     -7324.3872  EKtot   =      1752.3407  EPtot      =     -9076.7279
 BOND   =         1.5218  ANGLE   =         5.0077  DIHED      =        10.5371
 1-4 NB =         3.9176  1-4 EEL =        46.9268  VDWAALS    =      1305.2347
 EELEC  =    -10452.5541  EHBOND  =         0.0000  RESTRAINT  =         2.6806
 EAMBER (non-restraint)  =     -9079.4085
 EKCMT  =       874.8314  VIRIAL  =       970.2204  VOLUME     =     28680.8671
                                                    Density    =         0.9920
 Ewald error estimate:   0.2905E-03
 ------------------------------------------------------------------------------


 NSTEP =     7000   TIME(PS) =      14.000  TEMP(K) =   291.66  PRESS =   -70.8
 Etot   =     -7274.9828  EKtot   =      1655.3151  EPtot      =     -8930.2979
 BOND   =         6.3718  ANGLE   =         8.7751  DIHED      =        14.1358
 1-4 NB =         3.8833  1-4 EEL =        45.8190  VDWAALS    =      1301.3746
 EELEC  =    -10313.6545  EHBOND  =         0.0000  RESTRAINT  =         2.9971
 EAMBER (non-restraint)  =     -8933.2950
 EKCMT  =       822.5616  VIRIAL  =       866.8902  VOLUME     =     28987.0724
                                                    Density    =         0.9815
 Ewald error estimate:   0.4247E-03
 ------------------------------------------------------------------------------


 NSTEP =     8000   TIME(PS) =      16.000  TEMP(K) =   294.56  PRESS =  -502.9
 Etot   =     -7369.2242  EKtot   =      1671.7763  EPtot      =     -9041.0004
 BOND   =         1.7684  ANGLE   =         5.9670  DIHED      =        15.8598
 1-4 NB =         4.5077  1-4 EEL =        47.0022  VDWAALS    =      1270.5714
 EELEC  =    -10390.4675  EHBOND  =         0.0000  RESTRAINT  =         3.7907
 EAMBER (non-restraint)  =     -9044.7911
 EKCMT  =       840.8989  VIRIAL  =      1155.8145  VOLUME     =     29001.8425
                                                    Density    =         0.9810
 Ewald error estimate:   0.6944E-04
 ------------------------------------------------------------------------------


 NSTEP =     9000   TIME(PS) =      18.000  TEMP(K) =   295.74  PRESS =  -443.0
 Etot   =     -7358.7745  EKtot   =      1678.4529  EPtot      =     -9037.2274
 BOND   =         4.5270  ANGLE   =        10.3814  DIHED      =        14.0271
 1-4 NB =         4.4002  1-4 EEL =        48.8225  VDWAALS    =      1287.2060
 EELEC  =    -10409.2983  EHBOND  =         0.0000  RESTRAINT  =         2.7067
 EAMBER (non-restraint)  =     -9039.9340
 EKCMT  =       851.4697  VIRIAL  =      1128.0549  VOLUME     =     28919.3635
                                                    Density    =         0.9838
 Ewald error estimate:   0.1433E-03
 ------------------------------------------------------------------------------


 NSTEP =    10000   TIME(PS) =      20.000  TEMP(K) =   293.39  PRESS =   113.6
 Etot   =     -7413.0921  EKtot   =      1665.0999  EPtot      =     -9078.1920
 BOND   =         6.7192  ANGLE   =         6.5494  DIHED      =        13.1596
 1-4 NB =         2.8536  1-4 EEL =        41.7809  VDWAALS    =      1374.5720
 EELEC  =    -10526.0069  EHBOND  =         0.0000  RESTRAINT  =         2.1803
 EAMBER (non-restraint)  =     -9080.3723
 EKCMT  =       825.7742  VIRIAL  =       755.0834  VOLUME     =     28825.1873
                                                    Density    =         0.9870
 Ewald error estimate:   0.2398E-04
 ------------------------------------------------------------------------------


      A V E R A G E S   O V E R   10000 S T E P S


 NSTEP =    10000   TIME(PS) =      20.000  TEMP(K) =   292.64  PRESS =  -198.8
 Etot   =     -7387.2327  EKtot   =      1660.8302  EPtot      =     -9048.0630
 BOND   =         3.2349  ANGLE   =         8.8527  DIHED      =        11.5469
 1-4 NB =         3.5314  1-4 EEL =        44.7736  VDWAALS    =      1345.8501
 EELEC  =    -10469.0451  EHBOND  =         0.0000  RESTRAINT  =         3.1925
 EAMBER (non-restraint)  =     -9051.2554
 EKCMT  =       826.6204  VIRIAL  =       962.1011  VOLUME     =     29497.9986
                                                    Density    =         0.9662
 Ewald error estimate:   0.1942E-03
 ------------------------------------------------------------------------------


      R M S  F L U C T U A T I O N S


 NSTEP =    10000   TIME(PS) =      20.000  TEMP(K) =    26.30  PRESS =   451.7
 Etot   =       315.9264  EKtot   =       149.2885  EPtot      =       175.5899
 BOND   =         1.5379  ANGLE   =         2.4823  DIHED      =         1.3966
 1-4 NB =         0.7855  1-4 EEL =         2.0473  VDWAALS    =        91.3697
 EELEC  =       257.7352  EHBOND  =         0.0000  RESTRAINT  =         1.3239
 EAMBER (non-restraint)  =       174.2660
 EKCMT  =        73.0687  VIRIAL  =       275.8217  VOLUME     =      1275.6887
                                                    Density    =         0.0384
 Ewald error estimate:   0.1429E-03
 ------------------------------------------------------------------------------


--------------------------------------------------------------------------------
   5.  TIMINGS
--------------------------------------------------------------------------------

|>>>>>>>>PROFILE of Average TIMES>>>>>>>>> 
|                Build the list             9.22 (97.20% of List )
|                Other                      0.27 ( 2.80% of List )
|             List time                  9.48 ( 9.54% of Nonbo)
|                   Short_ene time            58.81 (96.56% of Direc)
|                   Other                      2.10 ( 3.44% of Direc)
|                Direct Ewald time         60.91 (67.76% of Ewald)
|                Adjust Ewald time          0.31 ( 0.35% of Ewald)
|                   Fill Bspline coeffs        1.29 ( 6.34% of Recip)
|                   Fill charge grid           1.19 ( 5.83% of Recip)
|                   Scalar sum                 5.26 (25.87% of Recip)
|                   Grad sum                   2.63 (12.92% of Recip)
|                      FFT back comm time         1.61 (17.75% of FFT t)
|                      Other                      7.48 (82.25% of FFT t)
|                   FFT time                   9.10 (44.73% of Recip)
|                   Other                      0.88 ( 4.31% of Recip)
|                Recip Ewald time          20.34 (22.63% of Ewald)
|                Force Adjust               7.93 ( 8.82% of Ewald)
|                Virial junk                0.36 ( 0.40% of Ewald)
|                Other                      0.03 ( 0.04% of Ewald)
|             Ewald time                89.90 (90.45% of Nonbo)
|             Other                      0.01 ( 0.01% of Nonbo)
|          Nonbond force             99.39 (98.80% of Force)
|          Bond/Angle/Dihedral        0.11 ( 0.11% of Force)
|          FRC Collect time           0.89 ( 0.89% of Force)
|          Other                      0.20 ( 0.20% of Force)
|       Force time               100.59 (93.38% of Runmd)
|       Shake time                 0.39 ( 0.36% of Runmd)
|       Verlet update time         3.90 ( 3.62% of Runmd)
|       Ekcmr time                 1.58 ( 1.47% of Runmd)
|       CRD distribute time        0.50 ( 0.46% of Runmd)
|       Other                      0.77 ( 0.72% of Runmd)
|    Runmd Time               107.73 (99.87% of Total)
|    Other                      0.14 ( 0.13% of Total)
| Total time               107.86 (100.0% of ALL  )

| Number of list builds   :        901

| Highest rstack allocated:      39586
| Highest istack allocated:        844

| Final Performance Info:
| -----------------------------------------------------
| Average timings for all steps:
|     Elapsed(s) =     108.06 Per Step(ms) =      10.81
|         ns/day =      15.99   seconds/ns =    5403.19
| -----------------------------------------------------

|           Job began  at 14:31:30.613  on 03/14/2017
|           Setup done at 14:31:30.752  on 03/14/2017
|           Run   done at 14:33:18.564  on 03/14/2017
|     wallclock() was called  571869 times
