
          -------------------------------------------------------
          Amber 16 SANDER                              2016
          -------------------------------------------------------

| Run on 03/14/2017 at 15:19:25

|   Executable path: sander.MPI
| Working directory: /home/steboss/projects/mdgx-tests/alanine/IPOLQ/input/PhiPsi_1/330/345
|          Hostname: node002

  [-O]verwriting output

File Assignments:
|  MDIN: equil.in                                                              
| MDOUT: Conf345.eq.out                                                        
|INPCRD: Conf345.min                                                           
|  PARM: Conf345.top                                                           
|RESTRT: Conf345.rst                                                           
|  REFC: Conf345.crd                                                           
| MDVEL: mdvel                                                                 
| MDFRC: mdfrc                                                                 
|  MDEN: mden                                                                  
| MDCRD: mdcrd                                                                 
|MDINFO: mdinfo                                                                
|  MTMD: mtmd                                                                  
|INPDIP: inpdip                                                                
|RSTDIP: rstdip                                                                
|INPTRA: inptraj                                                               

|    REMLOG: rem.log
|   REMTYPE: rem.type
|  REMSTRIP: 
|   SAVEENE: saveene
|CLUSTERINF: cluster.info
| RESERVOIR: reserv/frame
|   REMDDIM: 


 Here is the input file:

Equilibrate water in NPT                                                       
 &cntrl                                                                        
                                                                               
  nmropt = 0,                                                                  
  ntx    = 1,       irest  = 0,       ntrx   = 1,      ntxo   = 1,             
  ntpr   = 1000,    ntwx   = 1000,    ntwv   = 0,      ntwe   = 1000,          
  iwrap  = 0,       ioutfm = 1,                                                
                                                                               
  ntf    = 2,       ntb    = 2,                                                
  cut = 9.0,                                                                   
                                                                               
  ibelly = 0,       ntr    = 1,                                                
  restraintmask = ':1',                                                        
  restraint_wt = 100.0,                                                        
                                                                               
  imin   = 0,                                                                  
  nstlim = 10000,                                                              
  nscm   = 1000,                                                               
  t      = 0.0,     dt     = 0.002,                                            
                                                                               
  temp0     = 298.0,   tempi  = 0.0,                                           
  ig        = -1,                                                              
  ntt       = 3,                                                               
  gamma_ln  = 3.0,                                                             
                                                                               
  ntp    = 1,       pres0  = 1.0,     comp   = 44.6,                           
  taup   = 1.0,                                                                
                                                                               
  ntc    = 2,       tol    = 0.000001, watnam = 'WAT ',                        
                                                                               
 &end                                                                          

--------------------------------------------------------------------------------
   1.  RESOURCE   USE: 
--------------------------------------------------------------------------------

| Flags: MPI                                                                    
 getting new box info from bottom of inpcrd
|  INFO: Old style inpcrd file read

| peek_ewald_inpcrd: Box info found
|Largest sphere to fit in unit cell has radius =    14.346
| New format PARM file being parsed.
| Version =    1.000 Date = 03/14/17 Time = 13:40:07
 NATOM  =    2776 NTYPES =       9 NBONH =    2766 MBONA  =       9
 NTHETH =      25 MTHETA =      11 NPHIH =      43 MPHIA  =      24
 NHPARM =       0 NPARM  =       0 NNB   =    3771 NRES   =     921
 NBONA  =       9 NTHETA =      11 NPHIA =      24 NUMBND =      10
 NUMANG =      16 NPTRA  =      19 NATYP =       9 NPHB   =       1
 IFBOX  =       2 NMXRS  =      10 IFCAP =       0 NEXTRA =       0
 NCOPY  =       0


|     Memory Use     Allocated
|     Real              289432
|     Hollerith           9251
|     Integer            86304
|     Max Pairs         307904
|     nblistReal         33312
|     nblist Int         85181
|       Total             4430 kbytes

| Note: 1-4 EEL scale factors are being read from the topology file.

| Note: 1-4 VDW scale factors are being read from the topology file.
| Duplicated    0 dihedrals
| Duplicated    0 dihedrals

     BOX TYPE: TRUNCATED OCTAHEDRON
Note: ig = -1. Setting random seed to   879225 based on wallclock time in microseconds
      and disabling the synchronization of random numbers between tasks
      to improve performance.

--------------------------------------------------------------------------------
   2.  CONTROL  DATA  FOR  THE  RUN
--------------------------------------------------------------------------------

default_name                                                                    

General flags:
     imin    =       0, nmropt  =       0

Nature and format of input:
     ntx     =       1, irest   =       0, ntrx    =       1

Nature and format of output:
     ntxo    =       1, ntpr    =    1000, ntrx    =       1, ntwr    =   10000
     iwrap   =       0, ntwx    =    1000, ntwv    =       0, ntwe    =    1000
     ioutfm  =       1, ntwprt  =       0, idecomp =       0, rbornstat=      0

Potential function:
     ntf     =       2, ntb     =       2, igb     =       0, nsnb    =      25
     ipol    =       0, gbsa    =       0, iesp    =       0
     dielc   =   1.00000, cut     =   9.00000, intdiel =   1.00000

Frozen or restrained atoms:
     ibelly  =       0, ntr     =       1
     restraint_wt = 100.00000

Molecular dynamics:
     nstlim  =     10000, nscm    =         0, nrespa  =         1
     t       =   0.00000, dt      =   0.00200, vlimit  =  20.00000

Langevin dynamics temperature regulation:
     ig      =  879225
     temp0   = 298.00000, tempi   =   0.00000, gamma_ln=   3.00000

Pressure regulation:
     ntp     =       1
     pres0   =   1.00000, comp    =  44.60000, taup    =   1.00000

SHAKE:
     ntc     =       2, jfastw  =       0
     tol     =   0.00000

Ewald parameters:
     verbose =       0, ew_type =       0, nbflag  =       1, use_pme =       1
     vdwmeth =       1, eedmeth =       1, netfrc  =       1
     Box X =   35.141   Box Y =   35.141   Box Z =   35.141
     Alpha =  109.471   Beta  =  109.471   Gamma =  109.471
     NFFT1 =   36       NFFT2 =   36       NFFT3 =   36
     Cutoff=    9.000   Tol   =0.100E-04
     Ewald Coefficient =  0.30768
     Interpolation order =    4

| MPI Timing options:
|      profile_mpi =        0

    LOADING THE CONSTRAINED ATOMS AS GROUPS


   5.  REFERENCE ATOM COORDINATES

  defa
     Mask :1; matches     6 atoms

--------------------------------------------------------------------------------
   3.  ATOMIC COORDINATES AND VELOCITIES
--------------------------------------------------------------------------------

defa                                                                            
 begin time read from input coords =     0.000 ps

 Number of triangulated 3-point waters found:      918
|  Atom division among processors:
|         0     349     697    1045    1393    1738    2086    2431
|      2776

     Sum of charges from parm topology file =  -0.00000000
     Forcing neutrality...
|  Running AMBER/MPI version on    8 nodes


--------------------------------------------------------------------------------
   4.  RESULTS
--------------------------------------------------------------------------------

|  # of SOLUTE  degrees of freedom (RNDFP):    5562.
|  # of SOLVENT degrees of freedom (RNDFS):       0.
|  NDFMIN =    5562.     NUM_NOSHAKE =      0     CORRECTED RNDFP =    5562.
|  TOTAL # of degrees of freedom (RNDF) =    5562.
 ---------------------------------------------------
 APPROXIMATING switch and d/dx switch using CUBIC SPLINE INTERPOLATION
 using   5000.0 points per unit in tabled values
 TESTING RELATIVE ERROR over r ranging from 0.0 to cutoff
| CHECK switch(x): max rel err =   0.2738E-14   at   2.422500
| CHECK d/dx switch(x): max rel err =   0.8314E-11   at   2.736960
 ---------------------------------------------------
| Local SIZE OF NONBOND LIST =      90518
| TOTAL SIZE OF NONBOND LIST =     644283

 NSTEP =        0   TIME(PS) =       0.000  TEMP(K) =     0.00  PRESS = -4950.3
 Etot   =    -12103.2678  EKtot   =         0.0000  EPtot      =    -12103.2678
 BOND   =         0.6094  ANGLE   =         1.3742  DIHED      =        10.7058
 1-4 NB =         2.9950  1-4 EEL =        45.5798  VDWAALS    =      2180.7376
 EELEC  =    -14345.3406  EHBOND  =         0.0000  RESTRAINT  =         0.0710
 EAMBER (non-restraint)  =    -12103.3388
 EKCMT  =         0.0000  VIRIAL  =      3570.5009  VOLUME     =     33405.5294
                                                    Density    =         0.8293
 Ewald error estimate:   0.3850E-04
 ------------------------------------------------------------------------------


 NSTEP =     1000   TIME(PS) =       2.000  TEMP(K) =   293.43  PRESS =  -826.7
 Etot   =     -7073.7087  EKtot   =      1621.6026  EPtot      =     -8695.3113
 BOND   =         1.0872  ANGLE   =         9.2100  DIHED      =        12.2863
 1-4 NB =         3.2057  1-4 EEL =        46.9178  VDWAALS    =      1296.6470
 EELEC  =    -10067.7953  EHBOND  =         0.0000  RESTRAINT  =         3.1300
 EAMBER (non-restraint)  =     -8698.4413
 EKCMT  =       805.6634  VIRIAL  =      1356.8589  VOLUME     =     30881.4006
                                                    Density    =         0.8971
 Ewald error estimate:   0.3699E-03
 ------------------------------------------------------------------------------


 NSTEP =     2000   TIME(PS) =       4.000  TEMP(K) =   305.17  PRESS =  -396.5
 Etot   =     -7146.2194  EKtot   =      1686.4974  EPtot      =     -8832.7168
 BOND   =         1.7789  ANGLE   =         9.7120  DIHED      =        10.5591
 1-4 NB =         4.3069  1-4 EEL =        45.7910  VDWAALS    =      1307.4286
 EELEC  =    -10217.1718  EHBOND  =         0.0000  RESTRAINT  =         4.8785
 EAMBER (non-restraint)  =     -8837.5953
 EKCMT  =       852.7399  VIRIAL  =      1101.3149  VOLUME     =     29032.8306
                                                    Density    =         0.9542
 Ewald error estimate:   0.5395E-03
 ------------------------------------------------------------------------------


 NSTEP =     3000   TIME(PS) =       6.000  TEMP(K) =   301.43  PRESS =   377.2
 Etot   =     -7090.3301  EKtot   =      1665.8023  EPtot      =     -8756.1324
 BOND   =         2.4856  ANGLE   =         8.5944  DIHED      =        11.3036
 1-4 NB =         3.0196  1-4 EEL =        42.1112  VDWAALS    =      1344.4780
 EELEC  =    -10171.6944  EHBOND  =         0.0000  RESTRAINT  =         3.5696
 EAMBER (non-restraint)  =     -8759.7020
 EKCMT  =       835.6241  VIRIAL  =       604.1435  VOLUME     =     28422.4996
                                                    Density    =         0.9747
 Ewald error estimate:   0.8221E-04
 ------------------------------------------------------------------------------


 NSTEP =     4000   TIME(PS) =       8.000  TEMP(K) =   290.06  PRESS =     1.5
 Etot   =     -7275.6409  EKtot   =      1603.0055  EPtot      =     -8878.6463
 BOND   =         4.8989  ANGLE   =         6.4453  DIHED      =        10.1666
 1-4 NB =         3.1612  1-4 EEL =        43.9139  VDWAALS    =      1343.9906
 EELEC  =    -10293.1310  EHBOND  =         0.0000  RESTRAINT  =         1.9082
 EAMBER (non-restraint)  =     -8880.5545
 EKCMT  =       806.7618  VIRIAL  =       805.8567  VOLUME     =     28262.1078
                                                    Density    =         0.9802
 Ewald error estimate:   0.1437E-03
 ------------------------------------------------------------------------------


 NSTEP =     5000   TIME(PS) =      10.000  TEMP(K) =   304.90  PRESS =  -412.8
 Etot   =     -7148.0703  EKtot   =      1684.9941  EPtot      =     -8833.0644
 BOND   =         5.0096  ANGLE   =         6.7131  DIHED      =         9.9632
 1-4 NB =         3.7381  1-4 EEL =        47.1638  VDWAALS    =      1249.3168
 EELEC  =    -10156.3055  EHBOND  =         0.0000  RESTRAINT  =         1.3363
 EAMBER (non-restraint)  =     -8834.4008
 EKCMT  =       860.9366  VIRIAL  =      1110.1897  VOLUME     =     27967.5555
                                                    Density    =         0.9905
 Ewald error estimate:   0.5679E-04
 ------------------------------------------------------------------------------


 NSTEP =     6000   TIME(PS) =      12.000  TEMP(K) =   290.49  PRESS =   276.4
 Etot   =     -7237.6877  EKtot   =      1605.3663  EPtot      =     -8843.0540
 BOND   =         5.4767  ANGLE   =        11.7454  DIHED      =         9.8513
 1-4 NB =         3.1034  1-4 EEL =        43.5765  VDWAALS    =      1328.8025
 EELEC  =    -10248.2919  EHBOND  =         0.0000  RESTRAINT  =         2.6821
 EAMBER (non-restraint)  =     -8845.7360
 EKCMT  =       785.1532  VIRIAL  =       618.8312  VOLUME     =     27867.3511
                                                    Density    =         0.9941
 Ewald error estimate:   0.2095E-03
 ------------------------------------------------------------------------------


 NSTEP =     7000   TIME(PS) =      14.000  TEMP(K) =   304.84  PRESS =  -292.3
 Etot   =     -7112.0841  EKtot   =      1684.6819  EPtot      =     -8796.7660
 BOND   =         7.6477  ANGLE   =         9.3163  DIHED      =         9.9283
 1-4 NB =         2.9492  1-4 EEL =        44.6197  VDWAALS    =      1252.9392
 EELEC  =    -10126.1887  EHBOND  =         0.0000  RESTRAINT  =         2.0224
 EAMBER (non-restraint)  =     -8798.7884
 EKCMT  =       844.6916  VIRIAL  =      1021.6182  VOLUME     =     28033.8914
                                                    Density    =         0.9882
 Ewald error estimate:   0.5597E-05
 ------------------------------------------------------------------------------


 NSTEP =     8000   TIME(PS) =      16.000  TEMP(K) =   293.74  PRESS =   252.1
 Etot   =     -7167.3725  EKtot   =      1623.3162  EPtot      =     -8790.6886
 BOND   =         1.3821  ANGLE   =        12.9916  DIHED      =        11.5700
 1-4 NB =         3.1635  1-4 EEL =        43.2812  VDWAALS    =      1335.0007
 EELEC  =    -10202.1111  EHBOND  =         0.0000  RESTRAINT  =         4.0334
 EAMBER (non-restraint)  =     -8794.7220
 EKCMT  =       837.3636  VIRIAL  =       683.9050  VOLUME     =     28189.8456
                                                    Density    =         0.9827
 Ewald error estimate:   0.4608E-03
 ------------------------------------------------------------------------------


 NSTEP =     9000   TIME(PS) =      18.000  TEMP(K) =   293.95  PRESS =  -350.0
 Etot   =     -7190.6414  EKtot   =      1624.5046  EPtot      =     -8815.1459
 BOND   =         1.4908  ANGLE   =         8.5168  DIHED      =        10.7862
 1-4 NB =         4.4864  1-4 EEL =        45.0188  VDWAALS    =      1258.4507
 EELEC  =    -10145.7096  EHBOND  =         0.0000  RESTRAINT  =         1.8139
 EAMBER (non-restraint)  =     -8816.9598
 EKCMT  =       789.3101  VIRIAL  =      1000.3621  VOLUME     =     27928.2290
                                                    Density    =         0.9919
 Ewald error estimate:   0.6348E-04
 ------------------------------------------------------------------------------


 NSTEP =    10000   TIME(PS) =      20.000  TEMP(K) =   287.54  PRESS =   406.4
 Etot   =     -7215.6902  EKtot   =      1589.0552  EPtot      =     -8804.7454
 BOND   =         2.2437  ANGLE   =        12.5085  DIHED      =        11.0854
 1-4 NB =         2.7967  1-4 EEL =        42.8130  VDWAALS    =      1334.7629
 EELEC  =    -10215.0505  EHBOND  =         0.0000  RESTRAINT  =         4.0949
 EAMBER (non-restraint)  =     -8808.8403
 EKCMT  =       805.8028  VIRIAL  =       560.7358  VOLUME     =     27930.3511
                                                    Density    =         0.9919
 Ewald error estimate:   0.2276E-03
 ------------------------------------------------------------------------------


      A V E R A G E S   O V E R   10000 S T E P S


 NSTEP =    10000   TIME(PS) =      20.000  TEMP(K) =   293.41  PRESS =  -199.6
 Etot   =     -7196.6460  EKtot   =      1621.4862  EPtot      =     -8818.1322
 BOND   =         3.4132  ANGLE   =         8.8512  DIHED      =        11.1892
 1-4 NB =         3.4758  1-4 EEL =        44.8016  VDWAALS    =      1313.6735
 EELEC  =    -10206.8497  EHBOND  =         0.0000  RESTRAINT  =         3.3130
 EAMBER (non-restraint)  =     -8821.4452
 EKCMT  =       807.0773  VIRIAL  =       938.9621  VOLUME     =     28708.8200
                                                    Density    =         0.9666
 Ewald error estimate:   0.1968E-03
 ------------------------------------------------------------------------------


      R M S  F L U C T U A T I O N S


 NSTEP =    10000   TIME(PS) =      20.000  TEMP(K) =    26.64  PRESS =   445.6
 Etot   =       304.6533  EKtot   =       147.2317  EPtot      =       164.7032
 BOND   =         1.5929  ANGLE   =         2.5067  DIHED      =         1.1657
 1-4 NB =         0.7708  1-4 EEL =         1.7887  VDWAALS    =        85.3653
 EELEC  =       240.5148  EHBOND  =         0.0000  RESTRAINT  =         1.3737
 EAMBER (non-restraint)  =       163.3295
 EKCMT  =        71.5869  VIRIAL  =       264.8780  VOLUME     =      1225.9541
                                                    Density    =         0.0381
 Ewald error estimate:   0.1510E-03
 ------------------------------------------------------------------------------


--------------------------------------------------------------------------------
   5.  TIMINGS
--------------------------------------------------------------------------------

|>>>>>>>>PROFILE of Average TIMES>>>>>>>>> 
|                Build the list            12.03 (97.06% of List )
|                Other                      0.36 ( 2.94% of List )
|             List time                 12.39 ( 9.93% of Nonbo)
|                   Short_ene time            74.05 (96.32% of Direc)
|                   Other                      2.83 ( 3.68% of Direc)
|                Direct Ewald time         76.88 (68.44% of Ewald)
|                Adjust Ewald time          0.47 ( 0.42% of Ewald)
|                Self Ewald time            0.01 ( 0.01% of Ewald)
|                   Fill Bspline coeffs        1.78 ( 6.41% of Recip)
|                   Fill charge grid           1.85 ( 6.67% of Recip)
|                   Scalar sum                 7.52 (27.13% of Recip)
|                   Grad sum                   3.30 (11.90% of Recip)
|                      FFT back comm time         3.91 (31.57% of FFT t)
|                      Other                      8.48 (68.43% of FFT t)
|                   FFT time                  12.40 (44.75% of Recip)
|                   Other                      0.87 ( 3.13% of Recip)
|                Recip Ewald time          27.70 (24.66% of Ewald)
|                Force Adjust               6.64 ( 5.91% of Ewald)
|                Virial junk                0.57 ( 0.51% of Ewald)
|                Other                      0.07 ( 0.06% of Ewald)
|             Ewald time               112.33 (90.06% of Nonbo)
|             Other                      0.01 ( 0.01% of Nonbo)
|          Nonbond force            124.74 (97.88% of Force)
|          Bond/Angle/Dihedral        0.20 ( 0.16% of Force)
|          FRC Collect time           2.13 ( 1.67% of Force)
|          Other                      0.36 ( 0.28% of Force)
|       Force time               127.44 (90.41% of Runmd)
|       Shake time                 0.54 ( 0.39% of Runmd)
|       Verlet update time         5.55 ( 3.94% of Runmd)
|       Ekcmr time                 3.30 ( 2.34% of Runmd)
|       CRD distribute time        1.63 ( 1.16% of Runmd)
|       Other                      2.49 ( 1.77% of Runmd)
|    Runmd Time               140.96 (100.0% of Total)
|    Other                      0.09 ( 0.06% of Total)
| Total time               141.05 (100.0% of ALL  )

| Number of list builds   :        898

| Highest rstack allocated:      38992
| Highest istack allocated:        822

| Final Performance Info:
| -----------------------------------------------------
| Average timings for all steps:
|     Elapsed(s) =     141.31 Per Step(ms) =      14.13
|         ns/day =      12.23   seconds/ns =    7065.26
| -----------------------------------------------------

|           Job began  at 15:19:25.837  on 03/14/2017
|           Setup done at 15:19:25.930  on 03/14/2017
|           Run   done at 15:21:47.074  on 03/14/2017
|     wallclock() was called  571863 times
