
          -------------------------------------------------------
          Amber 16 SANDER                              2016
          -------------------------------------------------------

| Run on 03/14/2017 at 14:35:00

|   Executable path: sander.MPI
| Working directory: /home/steboss/projects/mdgx-tests/alanine/IPOLQ/input/PhiPsi_1/240/135
|          Hostname: node011

  [-O]verwriting output

File Assignments:
|  MDIN: min.in                                                                
| MDOUT: Conf135.min.out                                                       
|INPCRD: Conf135.crd                                                           
|  PARM: Conf135.top                                                           
|RESTRT: Conf135.min                                                           
|  REFC: Conf135.crd                                                           
| MDVEL: mdvel                                                                 
| MDFRC: mdfrc                                                                 
|  MDEN: mden                                                                  
| MDCRD: mdcrd                                                                 
|MDINFO: mdinfo                                                                
|  MTMD: mtmd                                                                  
|INPDIP: inpdip                                                                
|RSTDIP: rstdip                                                                
|INPTRA: inptraj                                                               

|    REMLOG: rem.log
|   REMTYPE: rem.type
|  REMSTRIP: 
|   SAVEENE: saveene
|CLUSTERINF: cluster.info
| RESERVOIR: reserv/frame
|   REMDDIM: 


 Here is the input file:

Initial minimization                                                           
 &cntrl                                                                        
  ntx    = 1,       irest  = 0,       ntrx   = 1,      ntxo   = 1,             
  ntpr   = 20,      ntwx   = 0,       ntwv   = 0,      ntwe   = 0,             
                                                                               
  ntf    = 1,       ntb    = 1,                                                
  ntc    = 1,       ntr    = 1,                                                
  restraintmask = ':1',                                                        
  restraint_wt = 100.0,                                                        
  cut    = 9.0,                                                                
                                                                               
  imin   = 1,                                                                  
  maxcyc = 1000,                                                               
  ncyc   = 100,                                                                
                                                                               
 &end                                                                          

--------------------------------------------------------------------------------
   1.  RESOURCE   USE: 
--------------------------------------------------------------------------------

| Flags: MPI                                                                    
 getting new box info from bottom of inpcrd
|  INFO: Old style inpcrd file read

| peek_ewald_inpcrd: Box info found
|Largest sphere to fit in unit cell has radius =    14.668
| New format PARM file being parsed.
| Version =    1.000 Date = 03/14/17 Time = 13:39:06
 NATOM  =    2944 NTYPES =       9 NBONH =    2934 MBONA  =       9
 NTHETH =      25 MTHETA =      11 NPHIH =      43 MPHIA  =      24
 NHPARM =       0 NPARM  =       0 NNB   =    3995 NRES   =     977
 NBONA  =       9 NTHETA =      11 NPHIA =      24 NUMBND =      10
 NUMANG =      16 NPTRA  =      19 NATYP =       9 NPHB   =       1
 IFBOX  =       2 NMXRS  =      10 IFCAP =       0 NEXTRA =       0
 NCOPY  =       0


|     Memory Use     Allocated
|     Real              337224
|     Hollerith           9811
|     Integer            90112
|     Max Pairs         326538
|     nblistReal         35328
|     nblist Int         99032
|       Total             4963 kbytes

| Note: 1-4 EEL scale factors are being read from the topology file.

| Note: 1-4 VDW scale factors are being read from the topology file.
| Duplicated    0 dihedrals
| Duplicated    0 dihedrals

     BOX TYPE: TRUNCATED OCTAHEDRON

--------------------------------------------------------------------------------
   2.  CONTROL  DATA  FOR  THE  RUN
--------------------------------------------------------------------------------

default_name                                                                    

General flags:
     imin    =       1, nmropt  =       0

Nature and format of input:
     ntx     =       1, irest   =       0, ntrx    =       1

Nature and format of output:
     ntxo    =       1, ntpr    =      20, ntrx    =       1, ntwr    =       1
     iwrap   =       0, ntwx    =       0, ntwv    =       0, ntwe    =       0
     ioutfm  =       1, ntwprt  =       0, idecomp =       0, rbornstat=      0

Potential function:
     ntf     =       1, ntb     =       1, igb     =       0, nsnb    =      25
     ipol    =       0, gbsa    =       0, iesp    =       0
     dielc   =   1.00000, cut     =   9.00000, intdiel =   1.00000

Frozen or restrained atoms:
     ibelly  =       0, ntr     =       1
     restraint_wt = 100.00000

Energy minimization:
     maxcyc  =    1000, ncyc    =     100, ntmin   =       1
     dx0     =   0.01000, drms    =   0.00010

Ewald parameters:
     verbose =       0, ew_type =       0, nbflag  =       1, use_pme =       1
     vdwmeth =       1, eedmeth =       1, netfrc  =       0
     Box X =   35.928   Box Y =   35.928   Box Z =   35.928
     Alpha =  109.471   Beta  =  109.471   Gamma =  109.471
     NFFT1 =   36       NFFT2 =   36       NFFT3 =   36
     Cutoff=    9.000   Tol   =0.100E-04
     Ewald Coefficient =  0.30768
     Interpolation order =    4

| MPI Timing options:
|      profile_mpi =        0

    LOADING THE CONSTRAINED ATOMS AS GROUPS


   5.  REFERENCE ATOM COORDINATES

  defa
     Mask :1; matches     6 atoms

--------------------------------------------------------------------------------
   3.  ATOMIC COORDINATES AND VELOCITIES
--------------------------------------------------------------------------------

default_name                                                                    
 begin time read from input coords =     0.000 ps

 Number of triangulated 3-point waters found:      974
|  Atom division among processors:
|         0     370     736    1105    1474    1840    2209    2578
|      2944

     Sum of charges from parm topology file =  -0.00000000
     Forcing neutrality...
|  Running AMBER/MPI version on    8 nodes


--------------------------------------------------------------------------------
   4.  RESULTS
--------------------------------------------------------------------------------

 ---------------------------------------------------
 APPROXIMATING switch and d/dx switch using CUBIC SPLINE INTERPOLATION
 using   5000.0 points per unit in tabled values
 TESTING RELATIVE ERROR over r ranging from 0.0 to cutoff
| CHECK switch(x): max rel err =   0.2738E-14   at   2.422500
| CHECK d/dx switch(x): max rel err =   0.8314E-11   at   2.736960
 ---------------------------------------------------
| Local SIZE OF NONBOND LIST =      85541
| TOTAL SIZE OF NONBOND LIST =     676630


   NSTEP       ENERGY          RMS            GMAX         NAME    NUMBER
      1      -8.2288E+03     1.2158E+01     6.1604E+01     O         305

 BOND    =        0.3799  ANGLE   =        0.5814  DIHED      =        9.6618
 VDWAALS =      905.4923  EEL     =    -9194.4892  HBOND      =        0.0000
 1-4 VDW =        2.5771  1-4 EEL =       46.9578  RESTRAINT  =        0.0000


   NSTEP       ENERGY          RMS            GMAX         NAME    NUMBER
     20      -9.0795E+03     2.6763E+00     1.9783E+01     O         389

 BOND    =      476.4137  ANGLE   =        0.6047  DIHED      =        9.6505
 VDWAALS =      856.6069  EEL     =   -10472.2716  HBOND      =        0.0000
 1-4 VDW =        2.5624  1-4 EEL =       46.8859  RESTRAINT  =        0.0059
 EAMBER  =    -9079.5475


   NSTEP       ENERGY          RMS            GMAX         NAME    NUMBER
     40      -9.7089E+03     1.5889E+00     7.2663E+00     H1       2445

 BOND    =      523.3537  ANGLE   =        0.6342  DIHED      =        9.6075
 VDWAALS =      897.1871  EEL     =   -11189.1115  HBOND      =        0.0000
 1-4 VDW =        2.5678  1-4 EEL =       46.8180  RESTRAINT  =        0.0098
 EAMBER  =    -9708.9431


   NSTEP       ENERGY          RMS            GMAX         NAME    NUMBER
     60      -9.9491E+03     3.3377E+00     1.0452E+01     H2       1009

 BOND    =      498.6004  ANGLE   =        0.6540  DIHED      =        9.5733
 VDWAALS =      932.4188  EEL     =   -11439.6933  HBOND      =        0.0000
 1-4 VDW =        2.5738  1-4 EEL =       46.7950  RESTRAINT  =        0.0104
 EAMBER  =    -9949.0780


   NSTEP       ENERGY          RMS            GMAX         NAME    NUMBER
     80      -1.0101E+04     3.9185E+00     1.3135E+01     H2       1279

 BOND    =      505.1205  ANGLE   =        0.6688  DIHED      =        9.5445
 VDWAALS =      966.2924  EEL     =   -11631.9829  HBOND      =        0.0000
 1-4 VDW =        2.5793  1-4 EEL =       46.7807  RESTRAINT  =        0.0111
 EAMBER  =   -10100.9965


   NSTEP       ENERGY          RMS            GMAX         NAME    NUMBER
    100      -1.0237E+04     9.3092E-01     4.3679E+00     O        2894

 BOND    =      599.4472  ANGLE   =        0.6755  DIHED      =        9.5192
 VDWAALS =      999.4163  EEL     =   -11895.1855  HBOND      =        0.0000
 1-4 VDW =        2.5854  1-4 EEL =       46.7732  RESTRAINT  =        0.0117
 EAMBER  =   -10236.7688


   NSTEP       ENERGY          RMS            GMAX         NAME    NUMBER
    120      -1.0707E+04     4.6629E+00     4.9346E+01     H2       1177

 BOND    =      813.4091  ANGLE   =        0.7781  DIHED      =        9.3230
 VDWAALS =     1395.8451  EEL     =   -12975.3497  HBOND      =        0.0000
 1-4 VDW =        2.6573  1-4 EEL =       46.7450  RESTRAINT  =        0.0151
 EAMBER  =   -10706.5922


   NSTEP       ENERGY          RMS            GMAX         NAME    NUMBER
    140      -1.0887E+04     1.5706E+00     2.2053E+01     H2       1180

 BOND    =      703.6308  ANGLE   =        0.7831  DIHED      =        9.2837
 VDWAALS =     1439.6186  EEL     =   -13089.7904  HBOND      =        0.0000
 1-4 VDW =        2.6855  1-4 EEL =       46.8834  RESTRAINT  =        0.0118
 EAMBER  =   -10886.9054


   NSTEP       ENERGY          RMS            GMAX         NAME    NUMBER
    160      -1.0993E+04     1.9010E+00     4.0133E+01     O         518

 BOND    =      702.1327  ANGLE   =        0.6311  DIHED      =        9.2784
 VDWAALS =     1444.2499  EEL     =   -13198.4163  HBOND      =        0.0000
 1-4 VDW =        2.6685  1-4 EEL =       46.9425  RESTRAINT  =        0.0111
 EAMBER  =   -10992.5133


   NSTEP       ENERGY          RMS            GMAX         NAME    NUMBER
    180      -1.1092E+04     1.0066E+00     2.4391E+01     CH3        19

 BOND    =      736.0544  ANGLE   =        0.7101  DIHED      =        9.2673
 VDWAALS =     1542.7817  EEL     =   -13429.5492  HBOND      =        0.0000
 1-4 VDW =        2.5763  1-4 EEL =       46.6111  RESTRAINT  =        0.0202
 EAMBER  =   -11091.5483


   NSTEP       ENERGY          RMS            GMAX         NAME    NUMBER
    200      -1.1194E+04     1.0151E+00     1.5005E+01     CH3         2

 BOND    =      749.0518  ANGLE   =        1.0895  DIHED      =        9.1626
 VDWAALS =     1626.3170  EEL     =   -13628.8627  HBOND      =        0.0000
 1-4 VDW =        2.7139  1-4 EEL =       46.8725  RESTRAINT  =        0.0474
 EAMBER  =   -11193.6554


   NSTEP       ENERGY          RMS            GMAX         NAME    NUMBER
    220      -1.1255E+04     1.1182E+00     2.8925E+01     CH3         2

 BOND    =      791.3567  ANGLE   =        1.1364  DIHED      =        9.1740
 VDWAALS =     1667.1798  EEL     =   -13773.7571  HBOND      =        0.0000
 1-4 VDW =        2.8887  1-4 EEL =       47.0757  RESTRAINT  =        0.0728
 EAMBER  =   -11254.9458


   NSTEP       ENERGY          RMS            GMAX         NAME    NUMBER
    240      -1.1305E+04     6.1351E-01     7.1895E+00     CH3        19

 BOND    =      772.9189  ANGLE   =        0.8297  DIHED      =        9.1601
 VDWAALS =     1691.0434  EEL     =   -13828.6696  HBOND      =        0.0000
 1-4 VDW =        2.6903  1-4 EEL =       46.9040  RESTRAINT  =        0.0089
 EAMBER  =   -11305.1233


   NSTEP       ENERGY          RMS            GMAX         NAME    NUMBER
    260      -1.1365E+04     1.0407E+00     2.1850E+01     C           5

 BOND    =      809.6576  ANGLE   =        1.2143  DIHED      =        9.1579
 VDWAALS =     1741.8784  EEL     =   -13976.9679  HBOND      =        0.0000
 1-4 VDW =        2.6938  1-4 EEL =       46.8627  RESTRAINT  =        0.1079
 EAMBER  =   -11365.5033


   NSTEP       ENERGY          RMS            GMAX         NAME    NUMBER
    280      -1.1403E+04     1.3675E+00     3.0981E+01     C          15

 BOND    =      815.9800  ANGLE   =        3.1611  DIHED      =        9.2112
 VDWAALS =     1811.1261  EEL     =   -14092.0871  HBOND      =        0.0000
 1-4 VDW =        2.7259  1-4 EEL =       46.7906  RESTRAINT  =        0.3250
 EAMBER  =   -11403.0922


   NSTEP       ENERGY          RMS            GMAX         NAME    NUMBER
    300      -1.1459E+04     1.2381E+00     3.0702E+01     N          17

 BOND    =      816.4259  ANGLE   =        1.5952  DIHED      =        9.0733
 VDWAALS =     1824.4135  EEL     =   -14159.7156  HBOND      =        0.0000
 1-4 VDW =        2.7008  1-4 EEL =       46.5326  RESTRAINT  =        0.1282
 EAMBER  =   -11458.9743


   NSTEP       ENERGY          RMS            GMAX         NAME    NUMBER
    320      -1.1482E+04     9.8253E-01     2.0374E+01     N          17

 BOND    =      816.4902  ANGLE   =        2.6996  DIHED      =        9.0521
 VDWAALS =     1841.1825  EEL     =   -14200.4370  HBOND      =        0.0000
 1-4 VDW =        2.7293  1-4 EEL =       46.2560  RESTRAINT  =        0.2428
 EAMBER  =   -11482.0272


   NSTEP       ENERGY          RMS            GMAX         NAME    NUMBER
    340      -1.1553E+04     8.8639E-01     2.9681E+01     C          15

 BOND    =      839.9397  ANGLE   =        1.1858  DIHED      =        9.2419
 VDWAALS =     1901.7232  EEL     =   -14354.3865  HBOND      =        0.0000
 1-4 VDW =        2.6543  1-4 EEL =       46.7074  RESTRAINT  =        0.0728
 EAMBER  =   -11552.9342


   NSTEP       ENERGY          RMS            GMAX         NAME    NUMBER
    360      -1.1571E+04     5.3652E-01     1.3301E+01     C           5

 BOND    =      832.5074  ANGLE   =        0.8224  DIHED      =        9.1333
 VDWAALS =     1911.2811  EEL     =   -14374.1070  HBOND      =        0.0000
 1-4 VDW =        2.6679  1-4 EEL =       46.6901  RESTRAINT  =        0.0469
 EAMBER  =   -11571.0048


   NSTEP       ENERGY          RMS            GMAX         NAME    NUMBER
    380      -1.1619E+04     1.3391E+00     2.6472E+01     HB2        13

 BOND    =      861.5343  ANGLE   =        1.8442  DIHED      =        9.1315
 VDWAALS =     1981.4256  EEL     =   -14523.1097  HBOND      =        0.0000
 1-4 VDW =        2.6948  1-4 EEL =       47.1332  RESTRAINT  =        0.3620
 EAMBER  =   -11619.3461


   NSTEP       ENERGY          RMS            GMAX         NAME    NUMBER
    400      -1.1654E+04     7.9504E-01     3.2136E+01     C          15

 BOND    =      857.1492  ANGLE   =        1.2833  DIHED      =        9.0777
 VDWAALS =     1992.5658  EEL     =   -14563.3819  HBOND      =        0.0000
 1-4 VDW =        2.6843  1-4 EEL =       46.7869  RESTRAINT  =        0.1025
 EAMBER  =   -11653.8347


   NSTEP       ENERGY          RMS            GMAX         NAME    NUMBER
    420      -1.1668E+04     9.3443E-01     2.3051E+01     C          15

 BOND    =      848.0497  ANGLE   =        1.2180  DIHED      =        9.1522
 VDWAALS =     2003.3925  EEL     =   -14578.9574  HBOND      =        0.0000
 1-4 VDW =        2.7556  1-4 EEL =       46.6030  RESTRAINT  =        0.0526
 EAMBER  =   -11667.7863


   NSTEP       ENERGY          RMS            GMAX         NAME    NUMBER
    440      -1.1696E+04     4.6562E-01     1.0399E+01     N          17

 BOND    =      863.5862  ANGLE   =        1.2814  DIHED      =        9.2708
 VDWAALS =     2031.1751  EEL     =   -14650.7828  HBOND      =        0.0000
 1-4 VDW =        2.6511  1-4 EEL =       46.3310  RESTRAINT  =        0.0630
 EAMBER  =   -11696.4872


   NSTEP       ENERGY          RMS            GMAX         NAME    NUMBER
    460      -1.1706E+04     4.3290E-01     1.0163E+01     C          15

 BOND    =      860.3814  ANGLE   =        0.6184  DIHED      =        9.0995
 VDWAALS =     2041.2110  EEL     =   -14666.1597  HBOND      =        0.0000
 1-4 VDW =        2.6674  1-4 EEL =       46.5563  RESTRAINT  =        0.0254
 EAMBER  =   -11705.6257


   NSTEP       ENERGY          RMS            GMAX         NAME    NUMBER
    480      -1.1724E+04     6.5935E-01     1.5172E+01     HB2        13

 BOND    =      874.0181  ANGLE   =        1.1596  DIHED      =        9.0090
 VDWAALS =     2064.5815  EEL     =   -14722.8554  HBOND      =        0.0000
 1-4 VDW =        2.6643  1-4 EEL =       46.9008  RESTRAINT  =        0.2037
 EAMBER  =   -11724.5221


   NSTEP       ENERGY          RMS            GMAX         NAME    NUMBER
    500      -1.1741E+04     8.2315E-01     2.7613E+01     C           5

 BOND    =      875.2455  ANGLE   =        1.5536  DIHED      =        9.1432
 VDWAALS =     2079.2157  EEL     =   -14756.2242  HBOND      =        0.0000
 1-4 VDW =        2.7061  1-4 EEL =       46.7506  RESTRAINT  =        0.1795
 EAMBER  =   -11741.6095


   NSTEP       ENERGY          RMS            GMAX         NAME    NUMBER
    520      -1.1752E+04     7.8662E-01     2.1241E+01     CH3        19

 BOND    =      866.3823  ANGLE   =        1.1141  DIHED      =        9.0761
 VDWAALS =     2086.4752  EEL     =   -14764.1354  HBOND      =        0.0000
 1-4 VDW =        2.7589  1-4 EEL =       46.4951  RESTRAINT  =        0.0199
 EAMBER  =   -11751.8338


   NSTEP       ENERGY          RMS            GMAX         NAME    NUMBER
    540      -1.1768E+04     3.8229E-01     8.5695E+00     C          15

 BOND    =      880.1136  ANGLE   =        1.0813  DIHED      =        9.2120
 VDWAALS =     2101.8901  EEL     =   -14808.9677  HBOND      =        0.0000
 1-4 VDW =        2.6498  1-4 EEL =       46.3408  RESTRAINT  =        0.0501
 EAMBER  =   -11767.6801


   NSTEP       ENERGY          RMS            GMAX         NAME    NUMBER
    560      -1.1778E+04     3.0045E-01     7.0625E+00     C          15

 BOND    =      878.0217  ANGLE   =        0.5598  DIHED      =        9.0440
 VDWAALS =     2113.6562  EEL     =   -14828.1244  HBOND      =        0.0000
 1-4 VDW =        2.6096  1-4 EEL =       46.5962  RESTRAINT  =        0.0274
 EAMBER  =   -11777.6368


   NSTEP       ENERGY          RMS            GMAX         NAME    NUMBER
    580      -1.1788E+04     3.4435E-01     4.6494E+00     HB2        13

 BOND    =      880.3649  ANGLE   =        0.8531  DIHED      =        8.9807
 VDWAALS =     2127.8987  EEL     =   -14855.9044  HBOND      =        0.0000
 1-4 VDW =        2.6219  1-4 EEL =       46.6306  RESTRAINT  =        0.0766
 EAMBER  =   -11788.5545


   NSTEP       ENERGY          RMS            GMAX         NAME    NUMBER
    600      -1.1799E+04     5.5721E-01     1.4314E+01     N           7

 BOND    =      884.8717  ANGLE   =        1.3853  DIHED      =        8.9744
 VDWAALS =     2138.2348  EEL     =   -14882.0709  HBOND      =        0.0000
 1-4 VDW =        2.6956  1-4 EEL =       46.6999  RESTRAINT  =        0.1927
 EAMBER  =   -11799.2092


   NSTEP       ENERGY          RMS            GMAX         NAME    NUMBER
    620      -1.1806E+04     5.9706E-01     1.3695E+01     C          15

 BOND    =      882.9847  ANGLE   =        1.2231  DIHED      =        9.0760
 VDWAALS =     2142.2201  EEL     =   -14890.2384  HBOND      =        0.0000
 1-4 VDW =        2.7754  1-4 EEL =       46.3706  RESTRAINT  =        0.0487
 EAMBER  =   -11805.5886


   NSTEP       ENERGY          RMS            GMAX         NAME    NUMBER
    640      -1.1818E+04     3.4586E-01     9.9308E+00     C          15

 BOND    =      887.5958  ANGLE   =        1.0755  DIHED      =        9.1732
 VDWAALS =     2152.8543  EEL     =   -14917.6092  HBOND      =        0.0000
 1-4 VDW =        2.6302  1-4 EEL =       46.3658  RESTRAINT  =        0.0771
 EAMBER  =   -11817.9145


   NSTEP       ENERGY          RMS            GMAX         NAME    NUMBER
    660      -1.1822E+04     3.0708E-01     8.3358E+00     C           5

 BOND    =      886.4878  ANGLE   =        0.6876  DIHED      =        9.0521
 VDWAALS =     2156.6724  EEL     =   -14924.1230  HBOND      =        0.0000
 1-4 VDW =        2.5953  1-4 EEL =       46.4444  RESTRAINT  =        0.0303
 EAMBER  =   -11822.1834


   NSTEP       ENERGY          RMS            GMAX         NAME    NUMBER
    680      -1.1833E+04     3.4611E-01     6.9964E+00     C          15

 BOND    =      889.0832  ANGLE   =        0.8510  DIHED      =        8.9536
 VDWAALS =     2166.2710  EEL     =   -14947.4514  HBOND      =        0.0000
 1-4 VDW =        2.5958  1-4 EEL =       46.5891  RESTRAINT  =        0.0918
 EAMBER  =   -11833.1077


   NSTEP       ENERGY          RMS            GMAX         NAME    NUMBER
    700      -1.1842E+04     4.1197E-01     1.0946E+01     HB1        12

 BOND    =      892.3266  ANGLE   =        1.1070  DIHED      =        8.9842
 VDWAALS =     2171.1974  EEL     =   -14965.3873  HBOND      =        0.0000
 1-4 VDW =        2.6984  1-4 EEL =       46.5167  RESTRAINT  =        0.0729
 EAMBER  =   -11842.5570


   NSTEP       ENERGY          RMS            GMAX         NAME    NUMBER
    720      -1.1849E+04     6.7609E-01     1.8436E+01     C           5

 BOND    =      890.3372  ANGLE   =        1.3937  DIHED      =        9.0936
 VDWAALS =     2174.4817  EEL     =   -14973.1470  HBOND      =        0.0000
 1-4 VDW =        2.7354  1-4 EEL =       46.3013  RESTRAINT  =        0.1141
 EAMBER  =   -11848.8041


   NSTEP       ENERGY          RMS            GMAX         NAME    NUMBER
    740      -1.1864E+04     3.3218E-01     6.9881E+00     C           5

 BOND    =      895.1222  ANGLE   =        0.9552  DIHED      =        9.1013
 VDWAALS =     2182.8072  EEL     =   -15000.5511  HBOND      =        0.0000
 1-4 VDW =        2.6388  1-4 EEL =       46.2823  RESTRAINT  =        0.0395
 EAMBER  =   -11863.6443


   NSTEP       ENERGY          RMS            GMAX         NAME    NUMBER
    760      -1.1868E+04     2.1645E-01     4.9054E+00     N          17

 BOND    =      894.6112  ANGLE   =        0.7706  DIHED      =        9.0435
 VDWAALS =     2186.2037  EEL     =   -15007.8551  HBOND      =        0.0000
 1-4 VDW =        2.6405  1-4 EEL =       46.3565  RESTRAINT  =        0.0249
 EAMBER  =   -11868.2290


   NSTEP       ENERGY          RMS            GMAX         NAME    NUMBER
    780      -1.1877E+04     3.4156E-01     8.8773E+00     C          15

 BOND    =      897.5611  ANGLE   =        0.8622  DIHED      =        8.9403
 VDWAALS =     2197.3277  EEL     =   -15030.8122  HBOND      =        0.0000
 1-4 VDW =        2.6032  1-4 EEL =       46.5503  RESTRAINT  =        0.0695
 EAMBER  =   -11876.9675


   NSTEP       ENERGY          RMS            GMAX         NAME    NUMBER
    800      -1.1884E+04     4.2681E-01     1.3479E+01     C          15

 BOND    =      899.7116  ANGLE   =        0.9351  DIHED      =        8.9350
 VDWAALS =     2201.8342  EEL     =   -15044.6254  HBOND      =        0.0000
 1-4 VDW =        2.5765  1-4 EEL =       46.4375  RESTRAINT  =        0.1886
 EAMBER  =   -11884.1955


   NSTEP       ENERGY          RMS            GMAX         NAME    NUMBER
    820      -1.1889E+04     5.5987E-01     1.9198E+01     C           5

 BOND    =      897.5663  ANGLE   =        1.0261  DIHED      =        9.0902
 VDWAALS =     2205.8388  EEL     =   -15051.1570  HBOND      =        0.0000
 1-4 VDW =        2.6144  1-4 EEL =       46.1284  RESTRAINT  =        0.0845
 EAMBER  =   -11888.8927


   NSTEP       ENERGY          RMS            GMAX         NAME    NUMBER
    840      -1.1899E+04     2.0648E-01     3.8063E+00     CA          9

 BOND    =      901.7897  ANGLE   =        0.9396  DIHED      =        9.1427
 VDWAALS =     2212.9949  EEL     =   -15072.9677  HBOND      =        0.0000
 1-4 VDW =        2.6256  1-4 EEL =       46.1891  RESTRAINT  =        0.0393
 EAMBER  =   -11899.2861


   NSTEP       ENERGY          RMS            GMAX         NAME    NUMBER
    860      -1.1904E+04     2.5484E-01     7.0639E+00     N           7

 BOND    =      902.1161  ANGLE   =        0.7697  DIHED      =        9.0315
 VDWAALS =     2216.8981  EEL     =   -15081.4829  HBOND      =        0.0000
 1-4 VDW =        2.6377  1-4 EEL =       46.3736  RESTRAINT  =        0.0223
 EAMBER  =   -11903.6562


   NSTEP       ENERGY          RMS            GMAX         NAME    NUMBER
    880      -1.1911E+04     3.4112E-01     1.2092E+01     C          15

 BOND    =      902.1430  ANGLE   =        0.8347  DIHED      =        8.9625
 VDWAALS =     2226.6041  EEL     =   -15099.0203  HBOND      =        0.0000
 1-4 VDW =        2.5992  1-4 EEL =       46.4414  RESTRAINT  =        0.0278
 EAMBER  =   -11911.4354


   NSTEP       ENERGY          RMS            GMAX         NAME    NUMBER
    900      -1.1919E+04     5.4435E-01     1.4932E+01     O           6

 BOND    =      907.3535  ANGLE   =        0.7184  DIHED      =        8.9111
 VDWAALS =     2231.1957  EEL     =   -15116.0560  HBOND      =        0.0000
 1-4 VDW =        2.6450  1-4 EEL =       46.5072  RESTRAINT  =        0.1781
 EAMBER  =   -11918.7250


   NSTEP       ENERGY          RMS            GMAX         NAME    NUMBER
    920      -1.1923E+04     4.2538E-01     1.1677E+01     CH3         2

 BOND    =      904.2051  ANGLE   =        0.8376  DIHED      =        9.0260
 VDWAALS =     2233.6108  EEL     =   -15119.2632  HBOND      =        0.0000
 1-4 VDW =        2.6026  1-4 EEL =       46.2090  RESTRAINT  =        0.0350
 EAMBER  =   -11922.7722


   NSTEP       ENERGY          RMS            GMAX         NAME    NUMBER
    940      -1.1929E+04     2.5885E-01     6.7646E+00     C          15

 BOND    =      907.8625  ANGLE   =        1.0481  DIHED      =        9.1477
 VDWAALS =     2238.8915  EEL     =   -15134.6261  HBOND      =        0.0000
 1-4 VDW =        2.6052  1-4 EEL =       46.1624  RESTRAINT  =        0.0232
 EAMBER  =   -11928.9087


   NSTEP       ENERGY          RMS            GMAX         NAME    NUMBER
    960      -1.1932E+04     3.0288E-01     8.0723E+00     N           7

 BOND    =      907.2426  ANGLE   =        0.9245  DIHED      =        9.0839
 VDWAALS =     2241.5707  EEL     =   -15139.7461  HBOND      =        0.0000
 1-4 VDW =        2.6513  1-4 EEL =       46.2752  RESTRAINT  =        0.0218
 EAMBER  =   -11931.9979


   NSTEP       ENERGY          RMS            GMAX         NAME    NUMBER
    980      -1.1937E+04     3.6393E-01     1.2702E+01     C          15

 BOND    =      908.5079  ANGLE   =        0.8492  DIHED      =        8.9131
 VDWAALS =     2246.9136  EEL     =   -15151.7189  HBOND      =        0.0000
 1-4 VDW =        2.5978  1-4 EEL =       46.5593  RESTRAINT  =        0.0908
 EAMBER  =   -11937.3780


   NSTEP       ENERGY          RMS            GMAX         NAME    NUMBER
   1000      -1.1942E+04     3.9298E-01     1.2241E+01     C          15

 BOND    =      911.2333  ANGLE   =        0.7050  DIHED      =        8.9410
 VDWAALS =     2250.8224  EEL     =   -15162.1832  HBOND      =        0.0000
 1-4 VDW =        2.5871  1-4 EEL =       46.3144  RESTRAINT  =        0.0498
 EAMBER  =   -11941.5801


  Maximum number of minimization cycles reached.


                    FINAL RESULTS



   NSTEP       ENERGY          RMS            GMAX         NAME    NUMBER
   1000      -1.1942E+04     3.9298E-01     1.2241E+01     C          15

 BOND    =      911.2333  ANGLE   =        0.7050  DIHED      =        8.9410
 VDWAALS =     2250.8224  EEL     =   -15162.1832  HBOND      =        0.0000
 1-4 VDW =        2.5871  1-4 EEL =       46.3144  RESTRAINT  =        0.0498
 EAMBER  =   -11941.5801

--------------------------------------------------------------------------------
   5.  TIMINGS
--------------------------------------------------------------------------------

|                Build the list             0.05 (47.37% of List )
|                Other                      0.05 (52.63% of List )
|             List time                  0.10 ( 1.12% of Nonbo)
|                   Short_ene time             4.99 (95.95% of Direc)
|                   Other                      0.21 ( 4.05% of Direc)
|                Direct Ewald time          5.20 (59.54% of Ewald)
|                Adjust Ewald time          0.03 ( 0.36% of Ewald)
|                Self Ewald time            0.00 ( 0.02% of Ewald)
|                   Fill Bspline coeffs        0.14 ( 5.07% of Recip)
|                   Fill charge grid           0.12 ( 4.36% of Recip)
|                   Scalar sum                 0.49 (18.17% of Recip)
|                   Grad sum                   0.25 ( 9.18% of Recip)
|                      FFT back comm time         0.59 (35.95% of FFT t)
|                      Other                      1.05 (64.05% of FFT t)
|                   FFT time                   1.64 (60.97% of Recip)
|                   Other                      0.06 ( 2.24% of Recip)
|                Recip Ewald time           2.70 (30.86% of Ewald)
|                Force Adjust               0.72 ( 8.29% of Ewald)
|                Virial junk                0.07 ( 0.85% of Ewald)
|                Start synchronizatio       0.00 ( 0.01% of Ewald)
|                Other                      0.01 ( 0.08% of Ewald)
|             Ewald time                 8.74 (98.87% of Nonbo)
|             IPS excludes               0.00 ( 0.01% of Nonbo)
|             Other                      0.00 ( 0.01% of Nonbo)
|          Nonbond force              8.84 (90.34% of Force)
|          Bond/Angle/Dihedral        0.03 ( 0.31% of Force)
|          FRC Collect time           0.19 ( 1.98% of Force)
|          Other                      0.72 ( 7.37% of Force)
|       Force time                 9.79 (100.0% of Runmd)
|    Runmd Time                 9.79 ( 5.18% of Total)
|    Other                    178.95 (94.81% of Total)
| Total time               188.74 (100.0% of ALL  )

| Highest rstack allocated:      40342
| Highest istack allocated:        872
|           Job began  at 14:35:00.917  on 03/14/2017
|           Setup done at 14:35:01.193  on 03/14/2017
|           Run   done at 14:38:09.663  on 03/14/2017
|     wallclock() was called   44068 times
