
          -------------------------------------------------------
          Amber 16 SANDER                              2016
          -------------------------------------------------------

| Run on 03/02/2017 at 15:09:28

|   Executable path: sander
| Working directory: /home/steboss/Simulation/paramfit-tests/alanine/mdgx/alanine_MP2/simulations/sims_7/create_system/equilibration
|          Hostname: Unknown
  [-O]verwriting output

File Assignments:
|  MDIN: min00001.in                                                           
| MDOUT: min00001.out                                                          
|INPCRD: solvated.rst7                                                         
|  PARM: solvated.parm7                                                        
|RESTRT: min00001.rst7                                                         
|  REFC: solvated.rst7                                                         
| MDVEL: mdvel                                                                 
| MDFRC: mdfrc                                                                 
|  MDEN: min00001.en                                                           
| MDCRD: min00001.nc                                                           
|MDINFO: min00001.info                                                         
|  MTMD: mtmd                                                                  
|INPDIP: inpdip                                                                
|RSTDIP: rstdip                                                                
|INPTRA: inptraj                                                               


 Here is the input file:

                                                                               
Minimise whole system                                                          
&cntrl                                                                         
ntxo=1,                                                                        
imin = 1, ntmin = 1,                                                           
maxcyc = 100, ncyc = 10,                                                       
ntpr = 20, ntwe = 20,                                                          
dx0 = 1.0D-7,                                                                  
ntb = 1,                                                                       
ntr = 1, restraint_wt = 10.00,                                                 
restraintmask="!:WAT,HOH,T3P,T4P,CLP,MOL,LIG",                                 
/                                                                              

--------------------------------------------------------------------------------
   1.  RESOURCE   USE: 
--------------------------------------------------------------------------------

| Flags:                                                                        
 getting new box info from bottom of inpcrd
|  INFO: Old style inpcrd file read

| peek_ewald_inpcrd: Box info found
|Largest sphere to fit in unit cell has radius =    16.576
| New format PARM file being parsed.
| Version =    1.000 Date = 03/02/17 Time = 15:09:28
 NATOM  =    3001 NTYPES =       9 NBONH =    2991 MBONA  =       9
 NTHETH =      25 MTHETA =      11 NPHIH =      43 MPHIA  =      24
 NHPARM =       0 NPARM  =       0 NNB   =    4071 NRES   =     996
 NBONA  =       9 NTHETA =      11 NPHIA =      24 NUMBND =      10
 NUMANG =      16 NPTRA  =      20 NATYP =       9 NPHB   =       1
 IFBOX  =       1 NMXRS  =      10 IFCAP =       0 NEXTRA =       0
 NCOPY  =       0


|     Memory Use     Allocated
|     Real              333678
|     Hollerith          10001
|     Integer            91404
|     Max Pairs        1000333
|     nblistReal         36012
|     nblist Int        158557
|       Total             7811 kbytes

| Note: 1-4 EEL scale factors are being read from the topology file.

| Note: 1-4 VDW scale factors are being read from the topology file.
| Duplicated    0 dihedrals
| Duplicated    0 dihedrals

     BOX TYPE: RECTILINEAR

--------------------------------------------------------------------------------
   2.  CONTROL  DATA  FOR  THE  RUN
--------------------------------------------------------------------------------

ACE                                                                             

General flags:
     imin    =       1, nmropt  =       0

Nature and format of input:
     ntx     =       1, irest   =       0, ntrx    =       1

Nature and format of output:
     ntxo    =       1, ntpr    =      20, ntrx    =       1, ntwr    =       1
     iwrap   =       0, ntwx    =       0, ntwv    =       0, ntwe    =      20
     ioutfm  =       1, ntwprt  =       0, idecomp =       0, rbornstat=      0

Potential function:
     ntf     =       1, ntb     =       1, igb     =       0, nsnb    =      25
     ipol    =       0, gbsa    =       0, iesp    =       0
     dielc   =   1.00000, cut     =   8.00000, intdiel =   1.00000

Frozen or restrained atoms:
     ibelly  =       0, ntr     =       1
     restraint_wt =  10.00000

Energy minimization:
     maxcyc  =     100, ncyc    =      10, ntmin   =       1
     dx0     =   0.00000, drms    =   0.00010

Ewald parameters:
     verbose =       0, ew_type =       0, nbflag  =       1, use_pme =       1
     vdwmeth =       1, eedmeth =       1, netfrc  =       0
     Box X =   37.435   Box Y =   35.267   Box Z =   33.152
     Alpha =   90.000   Beta  =   90.000   Gamma =   90.000
     NFFT1 =   40       NFFT2 =   36       NFFT3 =   36
     Cutoff=    8.000   Tol   =0.100E-04
     Ewald Coefficient =  0.34864
     Interpolation order =    4

    LOADING THE CONSTRAINED ATOMS AS GROUPS


   5.  REFERENCE ATOM COORDINATES

  ACE 
     Mask !:WAT,HOH,T3P,T4P,CLP,MOL,LIG; matches    22 atoms

--------------------------------------------------------------------------------
   3.  ATOMIC COORDINATES AND VELOCITIES
--------------------------------------------------------------------------------

ACE                                                                             
 begin time read from input coords =     0.000 ps

 Number of triangulated 3-point waters found:      993

     Sum of charges from parm topology file =  -0.00000000
     Forcing neutrality...

--------------------------------------------------------------------------------
   4.  RESULTS
--------------------------------------------------------------------------------

 ---------------------------------------------------
 APPROXIMATING switch and d/dx switch using CUBIC SPLINE INTERPOLATION
 using   5000.0 points per unit in tabled values
 TESTING RELATIVE ERROR over r ranging from 0.0 to cutoff
| CHECK switch(x): max rel err =   0.2738E-14   at   2.422500
| CHECK d/dx switch(x): max rel err =   0.8332E-11   at   2.782960
 ---------------------------------------------------
| Local SIZE OF NONBOND LIST =     457311
| TOTAL SIZE OF NONBOND LIST =     457311


   NSTEP       ENERGY          RMS            GMAX         NAME    NUMBER
      1      -8.0364E+03     1.1969E+01     4.6036E+01     C           5

 BOND    =        2.2124  ANGLE   =        3.1149  DIHED      =       17.8507
 VDWAALS =      959.0931  EEL     =    -9068.6442  HBOND      =        0.0000
 1-4 VDW =        2.3477  1-4 EEL =       47.6344  RESTRAINT  =        0.0000


   NSTEP       ENERGY          RMS            GMAX         NAME    NUMBER
     20      -9.1103E+03     8.5824E+00     8.0989E+01     O        1877

 BOND    =     1168.4632  ANGLE   =        6.7679  DIHED      =       20.4800
 VDWAALS =      981.6611  EEL     =   -11337.7704  HBOND      =        0.0000
 1-4 VDW =        2.8042  1-4 EEL =       45.3472  RESTRAINT  =        1.9400
 EAMBER  =    -9112.2468


   NSTEP       ENERGY          RMS            GMAX         NAME    NUMBER
     40      -9.7148E+03     2.8280E+00     2.2526E+01     N          17

 BOND    =      432.6800  ANGLE   =        5.0500  DIHED      =       17.5962
 VDWAALS =      983.4021  EEL     =   -11203.4739  HBOND      =        0.0000
 1-4 VDW =        1.9665  1-4 EEL =       46.8650  RESTRAINT  =        1.1027
 EAMBER  =    -9715.9141


   NSTEP       ENERGY          RMS            GMAX         NAME    NUMBER
     60      -1.0115E+04     1.4929E+00     3.0736E+01     C           5

 BOND    =      640.6283  ANGLE   =        3.3502  DIHED      =       17.1725
 VDWAALS =     1201.2038  EEL     =   -12027.1041  HBOND      =        0.0000
 1-4 VDW =        2.1212  1-4 EEL =       45.6988  RESTRAINT  =        1.6557
 EAMBER  =   -10116.9294


   NSTEP       ENERGY          RMS            GMAX         NAME    NUMBER
     80      -1.0371E+04     2.9668E+00     5.3809E+01     CA          9

 BOND    =      717.6205  ANGLE   =        5.5011  DIHED      =       17.7351
 VDWAALS =     1419.6428  EEL     =   -12581.0291  HBOND      =        0.0000
 1-4 VDW =        2.5478  1-4 EEL =       45.6204  RESTRAINT  =        1.6941
 EAMBER  =   -10372.3614


   NSTEP       ENERGY          RMS            GMAX         NAME    NUMBER
    100      -1.0557E+04     1.8068E+00     4.1014E+01     N          17

 BOND    =      722.9815  ANGLE   =        7.3123  DIHED      =       18.2045
 VDWAALS =     1551.1719  EEL     =   -12905.7742  HBOND      =        0.0000
 1-4 VDW =        2.4212  1-4 EEL =       44.7557  RESTRAINT  =        1.8827
 EAMBER  =   -10558.9272


  Maximum number of minimization cycles reached.


                    FINAL RESULTS



   NSTEP       ENERGY          RMS            GMAX         NAME    NUMBER
    100      -1.0557E+04     1.8068E+00     4.1014E+01     N          17

 BOND    =      722.9815  ANGLE   =        7.3123  DIHED      =       18.2045
 VDWAALS =     1551.1719  EEL     =   -12905.7742  HBOND      =        0.0000
 1-4 VDW =        2.4212  1-4 EEL =       44.7557  RESTRAINT  =        1.8827
 EAMBER  =   -10558.9272

--------------------------------------------------------------------------------
   5.  TIMINGS
--------------------------------------------------------------------------------

|    Read coords time           0.00 ( 0.16% of Total)
|    Fast Water setup           0.00 ( 0.01% of Total)
|                Build the list             0.02 (50.46% of List )
|                Other                      0.01 (49.54% of List )
|             List time                  0.03 ( 1.95% of Nonbo)
|                   Short_ene time             1.14 (99.20% of Direc)
|                   Other                      0.01 ( 0.80% of Direc)
|                Direct Ewald time          1.15 (75.93% of Ewald)
|                Adjust Ewald time          0.01 ( 0.73% of Ewald)
|                Self Ewald time            0.00 ( 0.01% of Ewald)
|                   Fill Bspline coeffs        0.01 ( 3.49% of Recip)
|                   Fill charge grid           0.03 ( 9.49% of Recip)
|                   Scalar sum                 0.08 (21.78% of Recip)
|                   Grad sum                   0.07 (19.35% of Recip)
|                   FFT time                   0.16 (45.84% of Recip)
|                   Other                      0.00 ( 0.05% of Recip)
|                Recip Ewald time           0.35 (23.16% of Ewald)
|                Virial junk                0.00 ( 0.10% of Ewald)
|                Other                      0.00 ( 0.05% of Ewald)
|             Ewald time                 1.51 (98.02% of Nonbo)
|             Other                      0.00 ( 0.03% of Nonbo)
|          Nonbond force              1.54 (99.45% of Force)
|          Bond/Angle/Dihedral        0.01 ( 0.46% of Force)
|          Other                      0.00 ( 0.09% of Force)
|       Force time                 1.55 (100.0% of Runmd)
|    Runmd Time                 1.55 (72.95% of Total)
|    Other                      0.57 (26.89% of Total)
| Total time                 2.13 (100.0% of ALL  )

| Number of list builds   :          1

| Highest rstack allocated:     200081
| Highest istack allocated:       3001
|           Job began  at 15:09:28.538  on 03/02/2017
|           Setup done at 15:09:28.574  on 03/02/2017
|           Run   done at 15:09:30.668  on 03/02/2017
|     wallclock() was called    3850 times
