
          -------------------------------------------------------
          Amber 16 SANDER                              2016
          -------------------------------------------------------

| Run on 03/14/2017 at 15:02:29

|   Executable path: sander.MPI
| Working directory: /home/steboss/projects/mdgx-tests/alanine/IPOLQ/input/PhiPsi_1/30/75
|          Hostname: node007

  [-O]verwriting output

File Assignments:
|  MDIN: equil.in                                                              
| MDOUT: Conf75.eq.out                                                         
|INPCRD: Conf75.min                                                            
|  PARM: Conf75.top                                                            
|RESTRT: Conf75.rst                                                            
|  REFC: Conf75.crd                                                            
| MDVEL: mdvel                                                                 
| MDFRC: mdfrc                                                                 
|  MDEN: mden                                                                  
| MDCRD: mdcrd                                                                 
|MDINFO: mdinfo                                                                
|  MTMD: mtmd                                                                  
|INPDIP: inpdip                                                                
|RSTDIP: rstdip                                                                
|INPTRA: inptraj                                                               

|    REMLOG: rem.log
|   REMTYPE: rem.type
|  REMSTRIP: 
|   SAVEENE: saveene
|CLUSTERINF: cluster.info
| RESERVOIR: reserv/frame
|   REMDDIM: 


 Here is the input file:

Equilibrate water in NPT                                                       
 &cntrl                                                                        
                                                                               
  nmropt = 0,                                                                  
  ntx    = 1,       irest  = 0,       ntrx   = 1,      ntxo   = 1,             
  ntpr   = 1000,    ntwx   = 1000,    ntwv   = 0,      ntwe   = 1000,          
  iwrap  = 0,       ioutfm = 1,                                                
                                                                               
  ntf    = 2,       ntb    = 2,                                                
  cut = 9.0,                                                                   
                                                                               
  ibelly = 0,       ntr    = 1,                                                
  restraintmask = ':1',                                                        
  restraint_wt = 100.0,                                                        
                                                                               
  imin   = 0,                                                                  
  nstlim = 10000,                                                              
  nscm   = 1000,                                                               
  t      = 0.0,     dt     = 0.002,                                            
                                                                               
  temp0     = 298.0,   tempi  = 0.0,                                           
  ig        = -1,                                                              
  ntt       = 3,                                                               
  gamma_ln  = 3.0,                                                             
                                                                               
  ntp    = 1,       pres0  = 1.0,     comp   = 44.6,                           
  taup   = 1.0,                                                                
                                                                               
  ntc    = 2,       tol    = 0.000001, watnam = 'WAT ',                        
                                                                               
 &end                                                                          

--------------------------------------------------------------------------------
   1.  RESOURCE   USE: 
--------------------------------------------------------------------------------

| Flags: MPI                                                                    
 getting new box info from bottom of inpcrd
|  INFO: Old style inpcrd file read

| peek_ewald_inpcrd: Box info found
|Largest sphere to fit in unit cell has radius =    14.437
| New format PARM file being parsed.
| Version =    1.000 Date = 03/14/17 Time = 13:39:45
 NATOM  =    2824 NTYPES =       9 NBONH =    2814 MBONA  =       9
 NTHETH =      25 MTHETA =      11 NPHIH =      43 MPHIA  =      24
 NHPARM =       0 NPARM  =       0 NNB   =    3835 NRES   =     937
 NBONA  =       9 NTHETA =      11 NPHIA =      24 NUMBND =      10
 NUMANG =      16 NPTRA  =      19 NATYP =       9 NPHB   =       1
 IFBOX  =       2 NMXRS  =      10 IFCAP =       0 NEXTRA =       0
 NCOPY  =       0


|     Memory Use     Allocated
|     Real              292936
|     Hollerith           9411
|     Integer            87392
|     Max Pairs         313228
|     nblistReal         33888
|     nblist Int         86301
|       Total             4492 kbytes

| Note: 1-4 EEL scale factors are being read from the topology file.

| Note: 1-4 VDW scale factors are being read from the topology file.
| Duplicated    0 dihedrals
| Duplicated    0 dihedrals

     BOX TYPE: TRUNCATED OCTAHEDRON
Note: ig = -1. Setting random seed to   936508 based on wallclock time in microseconds
      and disabling the synchronization of random numbers between tasks
      to improve performance.

--------------------------------------------------------------------------------
   2.  CONTROL  DATA  FOR  THE  RUN
--------------------------------------------------------------------------------

default_name                                                                    

General flags:
     imin    =       0, nmropt  =       0

Nature and format of input:
     ntx     =       1, irest   =       0, ntrx    =       1

Nature and format of output:
     ntxo    =       1, ntpr    =    1000, ntrx    =       1, ntwr    =   10000
     iwrap   =       0, ntwx    =    1000, ntwv    =       0, ntwe    =    1000
     ioutfm  =       1, ntwprt  =       0, idecomp =       0, rbornstat=      0

Potential function:
     ntf     =       2, ntb     =       2, igb     =       0, nsnb    =      25
     ipol    =       0, gbsa    =       0, iesp    =       0
     dielc   =   1.00000, cut     =   9.00000, intdiel =   1.00000

Frozen or restrained atoms:
     ibelly  =       0, ntr     =       1
     restraint_wt = 100.00000

Molecular dynamics:
     nstlim  =     10000, nscm    =         0, nrespa  =         1
     t       =   0.00000, dt      =   0.00200, vlimit  =  20.00000

Langevin dynamics temperature regulation:
     ig      =  936508
     temp0   = 298.00000, tempi   =   0.00000, gamma_ln=   3.00000

Pressure regulation:
     ntp     =       1
     pres0   =   1.00000, comp    =  44.60000, taup    =   1.00000

SHAKE:
     ntc     =       2, jfastw  =       0
     tol     =   0.00000

Ewald parameters:
     verbose =       0, ew_type =       0, nbflag  =       1, use_pme =       1
     vdwmeth =       1, eedmeth =       1, netfrc  =       1
     Box X =   35.363   Box Y =   35.363   Box Z =   35.363
     Alpha =  109.471   Beta  =  109.471   Gamma =  109.471
     NFFT1 =   36       NFFT2 =   36       NFFT3 =   36
     Cutoff=    9.000   Tol   =0.100E-04
     Ewald Coefficient =  0.30768
     Interpolation order =    4

| MPI Timing options:
|      profile_mpi =        0

    LOADING THE CONSTRAINED ATOMS AS GROUPS


   5.  REFERENCE ATOM COORDINATES

  defa
     Mask :1; matches     6 atoms

--------------------------------------------------------------------------------
   3.  ATOMIC COORDINATES AND VELOCITIES
--------------------------------------------------------------------------------

defa                                                                            
 begin time read from input coords =     0.000 ps

 Number of triangulated 3-point waters found:      934
|  Atom division among processors:
|         0     355     709    1063    1417    1768    2122    2473
|      2824

     Sum of charges from parm topology file =  -0.00000000
     Forcing neutrality...
|  Running AMBER/MPI version on    8 nodes


--------------------------------------------------------------------------------
   4.  RESULTS
--------------------------------------------------------------------------------

|  # of SOLUTE  degrees of freedom (RNDFP):    5658.
|  # of SOLVENT degrees of freedom (RNDFS):       0.
|  NDFMIN =    5658.     NUM_NOSHAKE =      0     CORRECTED RNDFP =    5658.
|  TOTAL # of degrees of freedom (RNDF) =    5658.
 ---------------------------------------------------
 APPROXIMATING switch and d/dx switch using CUBIC SPLINE INTERPOLATION
 using   5000.0 points per unit in tabled values
 TESTING RELATIVE ERROR over r ranging from 0.0 to cutoff
| CHECK switch(x): max rel err =   0.2738E-14   at   2.422500
| CHECK d/dx switch(x): max rel err =   0.8314E-11   at   2.736960
 ---------------------------------------------------
| Local SIZE OF NONBOND LIST =      92084
| TOTAL SIZE OF NONBOND LIST =     653597

 NSTEP =        0   TIME(PS) =       0.000  TEMP(K) =     0.00  PRESS = -5195.4
 Etot   =    -12314.5842  EKtot   =         0.0000  EPtot      =    -12314.5842
 BOND   =         0.7537  ANGLE   =         2.1061  DIHED      =         9.8645
 1-4 NB =         2.7992  1-4 EEL =        45.2076  VDWAALS    =      2199.3911
 EELEC  =    -14574.7651  EHBOND  =         0.0000  RESTRAINT  =         0.0586
 EAMBER (non-restraint)  =    -12314.6428
 EKCMT  =         0.0000  VIRIAL  =      3818.6655  VOLUME     =     34041.6566
                                                    Density    =         0.8279
 Ewald error estimate:   0.1165E-04
 ------------------------------------------------------------------------------


 NSTEP =     1000   TIME(PS) =       2.000  TEMP(K) =   296.05  PRESS =  -768.9
 Etot   =     -7103.8097  EKtot   =      1664.3471  EPtot      =     -8768.1569
 BOND   =         4.8229  ANGLE   =        11.6497  DIHED      =        10.9443
 1-4 NB =         2.1216  1-4 EEL =        42.7177  VDWAALS    =      1299.0021
 EELEC  =    -10144.0286  EHBOND  =         0.0000  RESTRAINT  =         4.6136
 EAMBER (non-restraint)  =     -8772.7704
 EKCMT  =       801.6321  VIRIAL  =      1320.9313  VOLUME     =     31281.2662
                                                    Density    =         0.9009
 Ewald error estimate:   0.4481E-03
 ------------------------------------------------------------------------------


 NSTEP =     2000   TIME(PS) =       4.000  TEMP(K) =   305.35  PRESS =  -564.2
 Etot   =     -7200.6260  EKtot   =      1716.5943  EPtot      =     -8917.2203
 BOND   =         2.2800  ANGLE   =        11.3391  DIHED      =         9.3907
 1-4 NB =         2.8177  1-4 EEL =        42.8695  VDWAALS    =      1320.5307
 EELEC  =    -10308.5988  EHBOND  =         0.0000  RESTRAINT  =         2.1507
 EAMBER (non-restraint)  =     -8919.3710
 EKCMT  =       835.9455  VIRIAL  =      1200.7250  VOLUME     =     29944.4300
                                                    Density    =         0.9411
 Ewald error estimate:   0.3478E-03
 ------------------------------------------------------------------------------


 NSTEP =     3000   TIME(PS) =       6.000  TEMP(K) =   291.43  PRESS =    31.1
 Etot   =     -7308.1473  EKtot   =      1638.3506  EPtot      =     -8946.4979
 BOND   =         2.6138  ANGLE   =        14.2482  DIHED      =        12.9526
 1-4 NB =         3.8297  1-4 EEL =        39.8860  VDWAALS    =      1360.2576
 EELEC  =    -10386.9755  EHBOND  =         0.0000  RESTRAINT  =         6.6896
 EAMBER (non-restraint)  =     -8953.1874
 EKCMT  =       830.7936  VIRIAL  =       811.2826  VOLUME     =     29029.0494
                                                    Density    =         0.9708
 Ewald error estimate:   0.1982E-06
 ------------------------------------------------------------------------------


 NSTEP =     4000   TIME(PS) =       8.000  TEMP(K) =   294.70  PRESS =    67.2
 Etot   =     -7330.2663  EKtot   =      1656.7310  EPtot      =     -8986.9972
 BOND   =         3.0151  ANGLE   =        10.2977  DIHED      =        15.4520
 1-4 NB =         2.6300  1-4 EEL =        40.6639  VDWAALS    =      1362.2167
 EELEC  =    -10424.7583  EHBOND  =         0.0000  RESTRAINT  =         3.4858
 EAMBER (non-restraint)  =     -8990.4830
 EKCMT  =       814.4349  VIRIAL  =       772.6504  VOLUME     =     28788.3727
                                                    Density    =         0.9789
 Ewald error estimate:   0.3786E-03
 ------------------------------------------------------------------------------


 NSTEP =     5000   TIME(PS) =      10.000  TEMP(K) =   296.73  PRESS =  -453.7
 Etot   =     -7261.4161  EKtot   =      1668.1388  EPtot      =     -8929.5549
 BOND   =         2.4143  ANGLE   =        12.5059  DIHED      =         9.7062
 1-4 NB =         3.0042  1-4 EEL =        43.8426  VDWAALS    =      1281.5422
 EELEC  =    -10285.9420  EHBOND  =         0.0000  RESTRAINT  =         3.3719
 EAMBER (non-restraint)  =     -8932.9268
 EKCMT  =       826.7380  VIRIAL  =      1109.2031  VOLUME     =     28836.9353
                                                    Density    =         0.9773
 Ewald error estimate:   0.3253E-04
 ------------------------------------------------------------------------------


 NSTEP =     6000   TIME(PS) =      12.000  TEMP(K) =   304.30  PRESS =  -431.8
 Etot   =     -7229.0927  EKtot   =      1710.7020  EPtot      =     -8939.7948
 BOND   =         3.6117  ANGLE   =        11.2590  DIHED      =         9.0488
 1-4 NB =         3.3223  1-4 EEL =        45.8125  VDWAALS    =      1273.3929
 EELEC  =    -10288.3105  EHBOND  =         0.0000  RESTRAINT  =         2.0686
 EAMBER (non-restraint)  =     -8941.8634
 EKCMT  =       872.1262  VIRIAL  =      1139.1593  VOLUME     =     28639.4069
                                                    Density    =         0.9840
 Ewald error estimate:   0.5876E-04
 ------------------------------------------------------------------------------


 NSTEP =     7000   TIME(PS) =      14.000  TEMP(K) =   294.99  PRESS =   267.9
 Etot   =     -7328.7978  EKtot   =      1658.3588  EPtot      =     -8987.1566
 BOND   =         2.6384  ANGLE   =        13.5290  DIHED      =        10.2575
 1-4 NB =         3.8741  1-4 EEL =        45.3260  VDWAALS    =      1366.0023
 EELEC  =    -10432.3775  EHBOND  =         0.0000  RESTRAINT  =         3.5935
 EAMBER (non-restraint)  =     -8990.7502
 EKCMT  =       811.8552  VIRIAL  =       646.7734  VOLUME     =     28542.0240
                                                    Density    =         0.9874
 Ewald error estimate:   0.7739E-04
 ------------------------------------------------------------------------------


 NSTEP =     8000   TIME(PS) =      16.000  TEMP(K) =   301.59  PRESS =  -257.4
 Etot   =     -7319.8309  EKtot   =      1695.4471  EPtot      =     -9015.2780
 BOND   =         4.9401  ANGLE   =         6.1363  DIHED      =        10.9153
 1-4 NB =         2.6393  1-4 EEL =        43.6392  VDWAALS    =      1309.8186
 EELEC  =    -10395.0777  EHBOND  =         0.0000  RESTRAINT  =         1.7109
 EAMBER (non-restraint)  =     -9016.9888
 EKCMT  =       861.6059  VIRIAL  =      1020.1874  VOLUME     =     28532.3527
                                                    Density    =         0.9877
 Ewald error estimate:   0.2840E-03
 ------------------------------------------------------------------------------


 NSTEP =     9000   TIME(PS) =      18.000  TEMP(K) =   303.70  PRESS =  -278.6
 Etot   =     -7285.9978  EKtot   =      1707.3459  EPtot      =     -8993.3437
 BOND   =         3.2466  ANGLE   =        12.0724  DIHED      =        11.8189
 1-4 NB =         4.6869  1-4 EEL =        46.8855  VDWAALS    =      1315.1232
 EELEC  =    -10391.8553  EHBOND  =         0.0000  RESTRAINT  =         4.6782
 EAMBER (non-restraint)  =     -8998.0219
 EKCMT  =       837.6980  VIRIAL  =      1009.6217  VOLUME     =     28585.6271
                                                    Density    =         0.9859
 Ewald error estimate:   0.1904E-03
 ------------------------------------------------------------------------------


 NSTEP =    10000   TIME(PS) =      20.000  TEMP(K) =   295.48  PRESS =   -58.6
 Etot   =     -7347.9456  EKtot   =      1661.1294  EPtot      =     -9009.0750
 BOND   =         6.9854  ANGLE   =         6.3221  DIHED      =        11.5279
 1-4 NB =         2.6566  1-4 EEL =        41.0076  VDWAALS    =      1362.4555
 EELEC  =    -10443.0255  EHBOND  =         0.0000  RESTRAINT  =         2.9954
 EAMBER (non-restraint)  =     -9012.0704
 EKCMT  =       813.6004  VIRIAL  =       850.1599  VOLUME     =     28893.5956
                                                    Density    =         0.9754
 Ewald error estimate:   0.3077E-03
 ------------------------------------------------------------------------------


      A V E R A G E S   O V E R   10000 S T E P S


 NSTEP =    10000   TIME(PS) =      20.000  TEMP(K) =   292.69  PRESS =  -182.8
 Etot   =     -7328.7980  EKtot   =      1645.4343  EPtot      =     -8974.2323
 BOND   =         3.4470  ANGLE   =        10.7233  DIHED      =        11.1384
 1-4 NB =         3.0814  1-4 EEL =        43.4000  VDWAALS    =      1351.4265
 EELEC  =    -10400.7239  EHBOND  =         0.0000  RESTRAINT  =         3.2751
 EAMBER (non-restraint)  =     -8977.5073
 EKCMT  =       815.5238  VIRIAL  =       939.5056  VOLUME     =     29317.4069
                                                    Density    =         0.9627
 Ewald error estimate:   0.1905E-03
 ------------------------------------------------------------------------------


      R M S  F L U C T U A T I O N S


 NSTEP =    10000   TIME(PS) =      20.000  TEMP(K) =    26.04  PRESS =   453.7
 Etot   =       310.2892  EKtot   =       146.3889  EPtot      =       172.9170
 BOND   =         1.5776  ANGLE   =         2.7343  DIHED      =         1.5144
 1-4 NB =         0.6856  1-4 EEL =         2.1313  VDWAALS    =        81.2584
 EELEC  =       243.3992  EHBOND  =         0.0000  RESTRAINT  =         1.3915
 EAMBER (non-restraint)  =       171.5255
 EKCMT  =        70.8002  VIRIAL  =       272.1782  VOLUME     =      1188.6749
                                                    Density    =         0.0363
 Ewald error estimate:   0.1474E-03
 ------------------------------------------------------------------------------


--------------------------------------------------------------------------------
   5.  TIMINGS
--------------------------------------------------------------------------------

|>>>>>>>>PROFILE of Average TIMES>>>>>>>>> 
|                Build the list             9.26 (97.13% of List )
|                Other                      0.27 ( 2.87% of List )
|             List time                  9.53 ( 9.50% of Nonbo)
|                   Short_ene time            60.38 (96.53% of Direc)
|                   Other                      2.17 ( 3.47% of Direc)
|                Direct Ewald time         62.54 (68.87% of Ewald)
|                Adjust Ewald time          0.31 ( 0.35% of Ewald)
|                   Fill Bspline coeffs        1.36 ( 6.59% of Recip)
|                   Fill charge grid           1.20 ( 5.80% of Recip)
|                   Scalar sum                 5.48 (26.44% of Recip)
|                   Grad sum                   2.68 (12.91% of Recip)
|                      FFT back comm time         1.65 (17.99% of FFT t)
|                      Other                      7.53 (82.01% of FFT t)
|                   FFT time                   9.19 (44.33% of Recip)
|                   Other                      0.82 ( 3.93% of Recip)
|                Recip Ewald time          20.72 (22.82% of Ewald)
|                Force Adjust               6.81 ( 7.49% of Ewald)
|                Virial junk                0.38 ( 0.42% of Ewald)
|                Other                      0.04 ( 0.04% of Ewald)
|             Ewald time                90.81 (90.49% of Nonbo)
|             Other                      0.01 ( 0.01% of Nonbo)
|          Nonbond force            100.35 (98.85% of Force)
|          Bond/Angle/Dihedral        0.12 ( 0.11% of Force)
|          FRC Collect time           0.84 ( 0.83% of Force)
|          Other                      0.21 ( 0.20% of Force)
|       Force time               101.52 (90.68% of Runmd)
|       Shake time                 0.40 ( 0.35% of Runmd)
|       Verlet update time         4.35 ( 3.88% of Runmd)
|       Ekcmr time                 4.53 ( 4.04% of Runmd)
|       CRD distribute time        0.45 ( 0.40% of Runmd)
|       Other                      0.72 ( 0.64% of Runmd)
|    Runmd Time               111.96 (100.0% of Total)
|    Other                      0.11 ( 0.10% of Total)
| Total time               112.07 (100.0% of ALL  )

| Number of list builds   :        899

| Highest rstack allocated:      39370
| Highest istack allocated:        836

| Final Performance Info:
| -----------------------------------------------------
| Average timings for all steps:
|     Elapsed(s) =     112.32 Per Step(ms) =      11.23
|         ns/day =      15.38   seconds/ns =    5615.94
| -----------------------------------------------------

|           Job began  at 15:02:29.877  on 03/14/2017
|           Setup done at 15:02:29.964  on 03/14/2017
|           Run   done at 15:04:22.117  on 03/14/2017
|     wallclock() was called  571865 times
