
          -------------------------------------------------------
          Amber 16 SANDER                              2016
          -------------------------------------------------------

| Run on 03/14/2017 at 13:45:38

|   Executable path: sander.MPI
| Working directory: /home/steboss/projects/mdgx-tests/alanine/IPOLQ/input/PhiPsi_1/105/195
|          Hostname: node010

  [-O]verwriting output

File Assignments:
|  MDIN: min.in                                                                
| MDOUT: Conf195.min.out                                                       
|INPCRD: Conf195.crd                                                           
|  PARM: Conf195.top                                                           
|RESTRT: Conf195.min                                                           
|  REFC: Conf195.crd                                                           
| MDVEL: mdvel                                                                 
| MDFRC: mdfrc                                                                 
|  MDEN: mden                                                                  
| MDCRD: mdcrd                                                                 
|MDINFO: mdinfo                                                                
|  MTMD: mtmd                                                                  
|INPDIP: inpdip                                                                
|RSTDIP: rstdip                                                                
|INPTRA: inptraj                                                               

|    REMLOG: rem.log
|   REMTYPE: rem.type
|  REMSTRIP: 
|   SAVEENE: saveene
|CLUSTERINF: cluster.info
| RESERVOIR: reserv/frame
|   REMDDIM: 


 Here is the input file:

Initial minimization                                                           
 &cntrl                                                                        
  ntx    = 1,       irest  = 0,       ntrx   = 1,      ntxo   = 1,             
  ntpr   = 20,      ntwx   = 0,       ntwv   = 0,      ntwe   = 0,             
                                                                               
  ntf    = 1,       ntb    = 1,                                                
  ntc    = 1,       ntr    = 1,                                                
  restraintmask = ':1',                                                        
  restraint_wt = 100.0,                                                        
  cut    = 9.0,                                                                
                                                                               
  imin   = 1,                                                                  
  maxcyc = 1000,                                                               
  ncyc   = 100,                                                                
                                                                               
 &end                                                                          

--------------------------------------------------------------------------------
   1.  RESOURCE   USE: 
--------------------------------------------------------------------------------

| Flags: MPI                                                                    
 getting new box info from bottom of inpcrd
|  INFO: Old style inpcrd file read

| peek_ewald_inpcrd: Box info found
|Largest sphere to fit in unit cell has radius =    14.557
| New format PARM file being parsed.
| Version =    1.000 Date = 03/14/17 Time = 13:37:44
 NATOM  =    2899 NTYPES =       9 NBONH =    2889 MBONA  =       9
 NTHETH =      25 MTHETA =      11 NPHIH =      43 MPHIA  =      24
 NHPARM =       0 NPARM  =       0 NNB   =    3935 NRES   =     962
 NBONA  =       9 NTHETA =      11 NPHIA =      24 NUMBND =      10
 NUMANG =      16 NPTRA  =      19 NATYP =       9 NPHB   =       1
 IFBOX  =       2 NMXRS  =      10 IFCAP =       0 NEXTRA =       0
 NCOPY  =       0


|     Memory Use     Allocated
|     Real              333399
|     Hollerith           9661
|     Integer            89092
|     Max Pairs         321546
|     nblistReal         34788
|     nblist Int         88051
|       Total             4862 kbytes

| Note: 1-4 EEL scale factors are being read from the topology file.

| Note: 1-4 VDW scale factors are being read from the topology file.
| Duplicated    0 dihedrals
| Duplicated    0 dihedrals

     BOX TYPE: TRUNCATED OCTAHEDRON

--------------------------------------------------------------------------------
   2.  CONTROL  DATA  FOR  THE  RUN
--------------------------------------------------------------------------------

default_name                                                                    

General flags:
     imin    =       1, nmropt  =       0

Nature and format of input:
     ntx     =       1, irest   =       0, ntrx    =       1

Nature and format of output:
     ntxo    =       1, ntpr    =      20, ntrx    =       1, ntwr    =       1
     iwrap   =       0, ntwx    =       0, ntwv    =       0, ntwe    =       0
     ioutfm  =       1, ntwprt  =       0, idecomp =       0, rbornstat=      0

Potential function:
     ntf     =       1, ntb     =       1, igb     =       0, nsnb    =      25
     ipol    =       0, gbsa    =       0, iesp    =       0
     dielc   =   1.00000, cut     =   9.00000, intdiel =   1.00000

Frozen or restrained atoms:
     ibelly  =       0, ntr     =       1
     restraint_wt = 100.00000

Energy minimization:
     maxcyc  =    1000, ncyc    =     100, ntmin   =       1
     dx0     =   0.01000, drms    =   0.00010

Ewald parameters:
     verbose =       0, ew_type =       0, nbflag  =       1, use_pme =       1
     vdwmeth =       1, eedmeth =       1, netfrc  =       0
     Box X =   35.657   Box Y =   35.657   Box Z =   35.657
     Alpha =  109.471   Beta  =  109.471   Gamma =  109.471
     NFFT1 =   36       NFFT2 =   36       NFFT3 =   36
     Cutoff=    9.000   Tol   =0.100E-04
     Ewald Coefficient =  0.30768
     Interpolation order =    4

| MPI Timing options:
|      profile_mpi =        0

    LOADING THE CONSTRAINED ATOMS AS GROUPS


   5.  REFERENCE ATOM COORDINATES

  defa
     Mask :1; matches     6 atoms

--------------------------------------------------------------------------------
   3.  ATOMIC COORDINATES AND VELOCITIES
--------------------------------------------------------------------------------

default_name                                                                    
 begin time read from input coords =     0.000 ps

 Number of triangulated 3-point waters found:      959
|  Atom division among processors:
|         0     364     724    1087    1450    1810    2173    2536
|      2899

     Sum of charges from parm topology file =  -0.00000000
     Forcing neutrality...
|  Running AMBER/MPI version on    8 nodes


--------------------------------------------------------------------------------
   4.  RESULTS
--------------------------------------------------------------------------------

 ---------------------------------------------------
 APPROXIMATING switch and d/dx switch using CUBIC SPLINE INTERPOLATION
 using   5000.0 points per unit in tabled values
 TESTING RELATIVE ERROR over r ranging from 0.0 to cutoff
| CHECK switch(x): max rel err =   0.2738E-14   at   2.422500
| CHECK d/dx switch(x): max rel err =   0.8314E-11   at   2.736960
 ---------------------------------------------------
| Local SIZE OF NONBOND LIST =      91507
| TOTAL SIZE OF NONBOND LIST =     670610


   NSTEP       ENERGY          RMS            GMAX         NAME    NUMBER
      1      -8.1091E+03     1.2233E+01     6.1541E+01     O         299

 BOND    =        0.9965  ANGLE   =        3.1802  DIHED      =       13.5893
 VDWAALS =      912.2372  EEL     =    -9086.6748  HBOND      =        0.0000
 1-4 VDW =        2.9138  1-4 EEL =       44.6360  RESTRAINT  =        0.0000


   NSTEP       ENERGY          RMS            GMAX         NAME    NUMBER
     20      -8.9631E+03     2.7264E+00     1.9637E+01     O         383

 BOND    =      474.0831  ANGLE   =        3.2753  DIHED      =       13.4347
 VDWAALS =      861.8474  EEL     =   -10363.2565  HBOND      =        0.0000
 1-4 VDW =        2.8598  1-4 EEL =       44.6242  RESTRAINT  =        0.0384
 EAMBER  =    -8963.1321


   NSTEP       ENERGY          RMS            GMAX         NAME    NUMBER
     40      -9.6080E+03     1.6157E+00     8.7437E+00     H1       2412

 BOND    =      521.6945  ANGLE   =        3.2117  DIHED      =       13.1444
 VDWAALS =      900.4378  EEL     =   -11093.9743  HBOND      =        0.0000
 1-4 VDW =        2.8263  1-4 EEL =       44.5493  RESTRAINT  =        0.0897
 EAMBER  =    -9608.1103


   NSTEP       ENERGY          RMS            GMAX         NAME    NUMBER
     60      -9.8542E+03     3.3762E+00     1.0504E+01     H2        991

 BOND    =      497.2792  ANGLE   =        3.1731  DIHED      =       12.9590
 VDWAALS =      935.9788  EEL     =   -11351.0289  HBOND      =        0.0000
 1-4 VDW =        2.7983  1-4 EEL =       44.5359  RESTRAINT  =        0.1091
 EAMBER  =    -9854.3045


   NSTEP       ENERGY          RMS            GMAX         NAME    NUMBER
     80      -1.0027E+04     1.1647E+00     5.7418E+00     H2       2170

 BOND    =      590.9710  ANGLE   =        3.1457  DIHED      =       12.8156
 VDWAALS =      969.8399  EEL     =   -11651.3529  HBOND      =        0.0000
 1-4 VDW =        2.7760  1-4 EEL =       44.5489  RESTRAINT  =        0.1238
 EAMBER  =   -10027.2558


   NSTEP       ENERGY          RMS            GMAX         NAME    NUMBER
    100      -1.0147E+04     9.6145E-01     4.3196E+00     H2       2170

 BOND    =      599.9686  ANGLE   =        3.1126  DIHED      =       12.6916
 VDWAALS =     1004.6603  EEL     =   -11814.7941  HBOND      =        0.0000
 1-4 VDW =        2.7581  1-4 EEL =       44.5795  RESTRAINT  =        0.1354
 EAMBER  =   -10147.0233


   NSTEP       ENERGY          RMS            GMAX         NAME    NUMBER
    120      -1.0627E+04     1.6829E+00     2.4891E+01     O        2168

 BOND    =      695.9650  ANGLE   =        2.8355  DIHED      =       11.8335
 VDWAALS =     1488.0631  EEL     =   -12873.1904  HBOND      =        0.0000
 1-4 VDW =        2.6413  1-4 EEL =       45.0589  RESTRAINT  =        0.2258
 EAMBER  =   -10626.7931


   NSTEP       ENERGY          RMS            GMAX         NAME    NUMBER
    140      -1.0818E+04     1.8101E+00     6.0669E+01     H2       2170

 BOND    =      731.1397  ANGLE   =        4.0876  DIHED      =       11.5613
 VDWAALS =     1434.3810  EEL     =   -13047.9354  HBOND      =        0.0000
 1-4 VDW =        2.9270  1-4 EEL =       45.2915  RESTRAINT  =        0.1747
 EAMBER  =   -10818.5474


   NSTEP       ENERGY          RMS            GMAX         NAME    NUMBER
    160      -1.0919E+04     7.5350E-01     1.5135E+01     O        2168

 BOND    =      720.8613  ANGLE   =        2.4127  DIHED      =       11.2975
 VDWAALS =     1457.1574  EEL     =   -13159.1251  HBOND      =        0.0000
 1-4 VDW =        2.6480  1-4 EEL =       45.4996  RESTRAINT  =        0.2047
 EAMBER  =   -10919.2487


   NSTEP       ENERGY          RMS            GMAX         NAME    NUMBER
    180      -1.1019E+04     1.7381E+00     3.5622E+01     N           7

 BOND    =      782.3769  ANGLE   =        6.3536  DIHED      =       11.4833
 VDWAALS =     1602.1432  EEL     =   -13469.7063  HBOND      =        0.0000
 1-4 VDW =        2.7105  1-4 EEL =       45.0794  RESTRAINT  =        0.8522
 EAMBER  =   -11019.5594


   NSTEP       ENERGY          RMS            GMAX         NAME    NUMBER
    200      -1.1097E+04     1.2351E+00     2.8870E+01     C          15

 BOND    =      766.2674  ANGLE   =        5.0714  DIHED      =       11.4742
 VDWAALS =     1613.8324  EEL     =   -13541.9685  HBOND      =        0.0000
 1-4 VDW =        2.3191  1-4 EEL =       44.5758  RESTRAINT  =        1.1670
 EAMBER  =   -11098.4283


   NSTEP       ENERGY          RMS            GMAX         NAME    NUMBER
    220      -1.1144E+04     1.1863E+00     4.1357E+01     C           5

 BOND    =      768.5447  ANGLE   =        3.3900  DIHED      =       10.5585
 VDWAALS =     1671.7619  EEL     =   -13647.3007  HBOND      =        0.0000
 1-4 VDW =        2.4936  1-4 EEL =       45.7949  RESTRAINT  =        0.3611
 EAMBER  =   -11144.7572


   NSTEP       ENERGY          RMS            GMAX         NAME    NUMBER
    240      -1.1204E+04     8.4614E-01     1.7750E+01     N          17

 BOND    =      781.7792  ANGLE   =        2.6212  DIHED      =       11.0413
 VDWAALS =     1707.0649  EEL     =   -13756.0170  HBOND      =        0.0000
 1-4 VDW =        2.7928  1-4 EEL =       46.2658  RESTRAINT  =        0.2048
 EAMBER  =   -11204.4518


   NSTEP       ENERGY          RMS            GMAX         NAME    NUMBER
    260      -1.1240E+04     7.8729E-01     2.2362E+01     N          17

 BOND    =      784.9688  ANGLE   =        3.2031  DIHED      =       10.4392
 VDWAALS =     1735.7077  EEL     =   -13823.0101  HBOND      =        0.0000
 1-4 VDW =        2.5853  1-4 EEL =       45.5129  RESTRAINT  =        0.1223
 EAMBER  =   -11240.5932


   NSTEP       ENERGY          RMS            GMAX         NAME    NUMBER
    280      -1.1282E+04     1.2313E+00     2.9708E+01     C           5

 BOND    =      809.6113  ANGLE   =        4.4981  DIHED      =       10.4970
 VDWAALS =     1800.1905  EEL     =   -13954.1954  HBOND      =        0.0000
 1-4 VDW =        2.5210  1-4 EEL =       44.4633  RESTRAINT  =        0.6525
 EAMBER  =   -11282.4141


   NSTEP       ENERGY          RMS            GMAX         NAME    NUMBER
    300      -1.1326E+04     1.1939E+00     3.2092E+01     N          17

 BOND    =      801.5120  ANGLE   =        5.1549  DIHED      =       10.5942
 VDWAALS =     1818.4808  EEL     =   -14008.6098  HBOND      =        0.0000
 1-4 VDW =        2.2645  1-4 EEL =       43.5117  RESTRAINT  =        1.2358
 EAMBER  =   -11327.0917


   NSTEP       ENERGY          RMS            GMAX         NAME    NUMBER
    320      -1.1356E+04     8.8072E-01     2.2831E+01     N          17

 BOND    =      825.4450  ANGLE   =        2.7368  DIHED      =        9.8915
 VDWAALS =     1856.6949  EEL     =   -14098.6505  HBOND      =        0.0000
 1-4 VDW =        2.3077  1-4 EEL =       45.3498  RESTRAINT  =        0.1677
 EAMBER  =   -11356.2247


   NSTEP       ENERGY          RMS            GMAX         NAME    NUMBER
    340      -1.1390E+04     1.5551E+00     4.5413E+01     C           5

 BOND    =      824.3109  ANGLE   =        2.6357  DIHED      =       10.3550
 VDWAALS =     1885.0668  EEL     =   -14160.7377  HBOND      =        0.0000
 1-4 VDW =        2.4952  1-4 EEL =       45.5219  RESTRAINT  =        0.3533
 EAMBER  =   -11390.3523


   NSTEP       ENERGY          RMS            GMAX         NAME    NUMBER
    360      -1.1421E+04     6.5493E-01     1.8035E+01     N          17

 BOND    =      825.0367  ANGLE   =        2.8452  DIHED      =        9.9598
 VDWAALS =     1916.6112  EEL     =   -14222.6957  HBOND      =        0.0000
 1-4 VDW =        2.4049  1-4 EEL =       45.0116  RESTRAINT  =        0.0790
 EAMBER  =   -11420.8262


   NSTEP       ENERGY          RMS            GMAX         NAME    NUMBER
    380      -1.1442E+04     4.0558E-01     9.6211E+00     C          15

 BOND    =      831.0467  ANGLE   =        2.9579  DIHED      =        9.9002
 VDWAALS =     1942.6305  EEL     =   -14275.8227  HBOND      =        0.0000
 1-4 VDW =        2.4535  1-4 EEL =       44.7557  RESTRAINT  =        0.1420
 EAMBER  =   -11442.0782


   NSTEP       ENERGY          RMS            GMAX         NAME    NUMBER
    400      -1.1470E+04     1.0480E+00     3.0765E+01     N           7

 BOND    =      839.1451  ANGLE   =        5.4979  DIHED      =       10.1759
 VDWAALS =     1977.5118  EEL     =   -14349.5716  HBOND      =        0.0000
 1-4 VDW =        2.4683  1-4 EEL =       43.3722  RESTRAINT  =        1.4623
 EAMBER  =   -11471.4004


   NSTEP       ENERGY          RMS            GMAX         NAME    NUMBER
    420      -1.1491E+04     6.4687E-01     2.0695E+01     N          17

 BOND    =      844.1938  ANGLE   =        2.7095  DIHED      =        9.7010
 VDWAALS =     1991.5409  EEL     =   -14386.6239  HBOND      =        0.0000
 1-4 VDW =        2.3551  1-4 EEL =       44.9680  RESTRAINT  =        0.1192
 EAMBER  =   -11491.1556


   NSTEP       ENERGY          RMS            GMAX         NAME    NUMBER
    440      -1.1508E+04     7.3781E-01     2.3286E+01     C          15

 BOND    =      842.0630  ANGLE   =        2.5017  DIHED      =       10.4657
 VDWAALS =     2005.5360  EEL     =   -14416.9907  HBOND      =        0.0000
 1-4 VDW =        2.4281  1-4 EEL =       45.5105  RESTRAINT  =        0.2222
 EAMBER  =   -11508.4857


   NSTEP       ENERGY          RMS            GMAX         NAME    NUMBER
    460      -1.1524E+04     5.6751E-01     1.8496E+01     CB         11

 BOND    =      850.1924  ANGLE   =        2.7764  DIHED      =        9.6758
 VDWAALS =     2020.5838  EEL     =   -14454.9168  HBOND      =        0.0000
 1-4 VDW =        2.3900  1-4 EEL =       44.8831  RESTRAINT  =        0.0339
 EAMBER  =   -11524.4154


   NSTEP       ENERGY          RMS            GMAX         NAME    NUMBER
    480      -1.1543E+04     4.7154E-01     1.6485E+01     C          15

 BOND    =      852.2268  ANGLE   =        3.3082  DIHED      =       10.0073
 VDWAALS =     2046.0128  EEL     =   -14501.4512  HBOND      =        0.0000
 1-4 VDW =        2.4791  1-4 EEL =       44.5591  RESTRAINT  =        0.1440
 EAMBER  =   -11542.8580


   NSTEP       ENERGY          RMS            GMAX         NAME    NUMBER
    500      -1.1561E+04     6.8576E-01     1.5548E+01     C          15

 BOND    =      854.1721  ANGLE   =        4.1695  DIHED      =        9.5502
 VDWAALS =     2059.7936  EEL     =   -14535.4168  HBOND      =        0.0000
 1-4 VDW =        2.4062  1-4 EEL =       43.8587  RESTRAINT  =        0.6972
 EAMBER  =   -11561.4664


   NSTEP       ENERGY          RMS            GMAX         NAME    NUMBER
    520      -1.1575E+04     5.3603E-01     1.0243E+01     C          15

 BOND    =      861.2361  ANGLE   =        3.0542  DIHED      =        9.3315
 VDWAALS =     2075.7468  EEL     =   -14571.7178  HBOND      =        0.0000
 1-4 VDW =        2.3810  1-4 EEL =       44.4338  RESTRAINT  =        0.1278
 EAMBER  =   -11575.5344


   NSTEP       ENERGY          RMS            GMAX         NAME    NUMBER
    540      -1.1595E+04     7.0769E-01     1.9024E+01     CA          9

 BOND    =      861.8149  ANGLE   =        3.1851  DIHED      =        9.5057
 VDWAALS =     2090.8285  EEL     =   -14607.4288  HBOND      =        0.0000
 1-4 VDW =        2.3246  1-4 EEL =       44.4454  RESTRAINT  =        0.1877
 EAMBER  =   -11595.3247


   NSTEP       ENERGY          RMS            GMAX         NAME    NUMBER
    560      -1.1608E+04     4.4863E-01     1.1801E+01     C           5

 BOND    =      866.0172  ANGLE   =        2.9452  DIHED      =        9.5040
 VDWAALS =     2101.0367  EEL     =   -14634.6913  HBOND      =        0.0000
 1-4 VDW =        2.3290  1-4 EEL =       44.6904  RESTRAINT  =        0.0331
 EAMBER  =   -11608.1687


   NSTEP       ENERGY          RMS            GMAX         NAME    NUMBER
    580      -1.1623E+04     4.9845E-01     1.5892E+01     C          15

 BOND    =      868.9454  ANGLE   =        2.6716  DIHED      =        9.9284
 VDWAALS =     2121.2357  EEL     =   -14672.5999  HBOND      =        0.0000
 1-4 VDW =        2.3007  1-4 EEL =       44.9246  RESTRAINT  =        0.0924
 EAMBER  =   -11622.5934


   NSTEP       ENERGY          RMS            GMAX         NAME    NUMBER
    600      -1.1637E+04     6.1100E-01     1.7674E+01     C          15

 BOND    =      870.0813  ANGLE   =        3.2639  DIHED      =        9.7517
 VDWAALS =     2129.6028  EEL     =   -14697.2743  HBOND      =        0.0000
 1-4 VDW =        2.3242  1-4 EEL =       45.1666  RESTRAINT  =        0.2345
 EAMBER  =   -11637.0838


   NSTEP       ENERGY          RMS            GMAX         NAME    NUMBER
    620      -1.1647E+04     6.6511E-01     1.6493E+01     C          15

 BOND    =      873.6146  ANGLE   =        3.4317  DIHED      =        9.3918
 VDWAALS =     2139.7929  EEL     =   -14720.4208  HBOND      =        0.0000
 1-4 VDW =        2.4343  1-4 EEL =       44.4145  RESTRAINT  =        0.1138
 EAMBER  =   -11647.3410


   NSTEP       ENERGY          RMS            GMAX         NAME    NUMBER
    640      -1.1661E+04     4.0765E-01     1.3855E+01     N          17

 BOND    =      874.6089  ANGLE   =        3.1695  DIHED      =        9.5633
 VDWAALS =     2149.6285  EEL     =   -14744.5968  HBOND      =        0.0000
 1-4 VDW =        2.3924  1-4 EEL =       44.2018  RESTRAINT  =        0.1433
 EAMBER  =   -11661.0324


   NSTEP       ENERGY          RMS            GMAX         NAME    NUMBER
    660      -1.1667E+04     4.0358E-01     1.3141E+01     N          17

 BOND    =      876.8229  ANGLE   =        3.0432  DIHED      =        9.5359
 VDWAALS =     2154.8277  EEL     =   -14758.1541  HBOND      =        0.0000
 1-4 VDW =        2.3331  1-4 EEL =       44.5146  RESTRAINT  =        0.0271
 EAMBER  =   -11667.0769


   NSTEP       ENERGY          RMS            GMAX         NAME    NUMBER
    680      -1.1677E+04     3.1278E-01     7.5757E+00     C          15

 BOND    =      878.8015  ANGLE   =        2.6241  DIHED      =        9.7077
 VDWAALS =     2165.7229  EEL     =   -14781.0135  HBOND      =        0.0000
 1-4 VDW =        2.3152  1-4 EEL =       44.9158  RESTRAINT  =        0.0630
 EAMBER  =   -11676.9263


   NSTEP       ENERGY          RMS            GMAX         NAME    NUMBER
    700      -1.1686E+04     5.5805E-01     1.7083E+01     CH3        19

 BOND    =      878.5155  ANGLE   =        3.0946  DIHED      =        9.5118
 VDWAALS =     2171.3108  EEL     =   -14795.6914  HBOND      =        0.0000
 1-4 VDW =        2.3169  1-4 EEL =       44.9498  RESTRAINT  =        0.1167
 EAMBER  =   -11685.9921


   NSTEP       ENERGY          RMS            GMAX         NAME    NUMBER
    720      -1.1692E+04     4.3870E-01     1.2053E+01     C          15

 BOND    =      883.7406  ANGLE   =        3.2470  DIHED      =        9.2613
 VDWAALS =     2175.7495  EEL     =   -14811.3401  HBOND      =        0.0000
 1-4 VDW =        2.3841  1-4 EEL =       44.4156  RESTRAINT  =        0.0721
 EAMBER  =   -11692.5422


   NSTEP       ENERGY          RMS            GMAX         NAME    NUMBER
    740      -1.1701E+04     2.7936E-01     8.6637E+00     N          17

 BOND    =      881.4746  ANGLE   =        3.2667  DIHED      =        9.4629
 VDWAALS =     2180.7641  EEL     =   -14822.8725  HBOND      =        0.0000
 1-4 VDW =        2.3665  1-4 EEL =       44.1156  RESTRAINT  =        0.1169
 EAMBER  =   -11701.4221


   NSTEP       ENERGY          RMS            GMAX         NAME    NUMBER
    760      -1.1707E+04     4.0668E-01     1.4881E+01     N          17

 BOND    =      884.7967  ANGLE   =        3.1106  DIHED      =        9.5596
 VDWAALS =     2185.2310  EEL     =   -14836.5241  HBOND      =        0.0000
 1-4 VDW =        2.3322  1-4 EEL =       44.3996  RESTRAINT  =        0.0229
 EAMBER  =   -11707.0944


   NSTEP       ENERGY          RMS            GMAX         NAME    NUMBER
    780      -1.1715E+04     3.2710E-01     8.1731E+00     O           6

 BOND    =      885.0860  ANGLE   =        2.7020  DIHED      =        9.6882
 VDWAALS =     2191.3545  EEL     =   -14851.0592  HBOND      =        0.0000
 1-4 VDW =        2.2948  1-4 EEL =       44.8479  RESTRAINT  =        0.0871
 EAMBER  =   -11715.0858


   NSTEP       ENERGY          RMS            GMAX         NAME    NUMBER
    800      -1.1723E+04     4.8681E-01     1.4144E+01     C           5

 BOND    =      884.1865  ANGLE   =        3.0872  DIHED      =        9.4077
 VDWAALS =     2196.1230  EEL     =   -14862.9181  HBOND      =        0.0000
 1-4 VDW =        2.3034  1-4 EEL =       44.7533  RESTRAINT  =        0.1021
 EAMBER  =   -11723.0570


   NSTEP       ENERGY          RMS            GMAX         NAME    NUMBER
    820      -1.1729E+04     3.3457E-01     8.3195E+00     CA          9

 BOND    =      888.9119  ANGLE   =        3.2283  DIHED      =        9.2364
 VDWAALS =     2198.5891  EEL     =   -14875.5853  HBOND      =        0.0000
 1-4 VDW =        2.3388  1-4 EEL =       44.3585  RESTRAINT  =        0.0637
 EAMBER  =   -11728.9223


   NSTEP       ENERGY          RMS            GMAX         NAME    NUMBER
    840      -1.1736E+04     3.3526E-01     1.0482E+01     N          17

 BOND    =      887.9736  ANGLE   =        3.3146  DIHED      =        9.5819
 VDWAALS =     2202.6952  EEL     =   -14886.4583  HBOND      =        0.0000
 1-4 VDW =        2.3684  1-4 EEL =       43.9362  RESTRAINT  =        0.1243
 EAMBER  =   -11736.5885


   NSTEP       ENERGY          RMS            GMAX         NAME    NUMBER
    860      -1.1743E+04     4.3668E-01     1.3151E+01     N           7

 BOND    =      890.1334  ANGLE   =        3.2121  DIHED      =        9.4492
 VDWAALS =     2207.4088  EEL     =   -14900.2242  HBOND      =        0.0000
 1-4 VDW =        2.3240  1-4 EEL =       44.3615  RESTRAINT  =        0.0257
 EAMBER  =   -11743.3353


   NSTEP       ENERGY          RMS            GMAX         NAME    NUMBER
    880      -1.1750E+04     2.7876E-01     8.3465E+00     C          15

 BOND    =      890.1374  ANGLE   =        2.8228  DIHED      =        9.5655
 VDWAALS =     2211.4715  EEL     =   -14911.0785  HBOND      =        0.0000
 1-4 VDW =        2.2917  1-4 EEL =       44.6570  RESTRAINT  =        0.0715
 EAMBER  =   -11750.1326


   NSTEP       ENERGY          RMS            GMAX         NAME    NUMBER
    900      -1.1757E+04     4.9961E-01     1.2137E+01     N           7

 BOND    =      892.4439  ANGLE   =        3.1117  DIHED      =        9.4916
 VDWAALS =     2214.9451  EEL     =   -14923.8113  HBOND      =        0.0000
 1-4 VDW =        2.2645  1-4 EEL =       44.7201  RESTRAINT  =        0.1067
 EAMBER  =   -11756.8344


   NSTEP       ENERGY          RMS            GMAX         NAME    NUMBER
    920      -1.1763E+04     3.9698E-01     1.3249E+01     C          15

 BOND    =      893.4330  ANGLE   =        2.8573  DIHED      =        9.6550
 VDWAALS =     2218.3359  EEL     =   -14934.7941  HBOND      =        0.0000
 1-4 VDW =        2.2681  1-4 EEL =       44.6584  RESTRAINT  =        0.1038
 EAMBER  =   -11763.5864


   NSTEP       ENERGY          RMS            GMAX         NAME    NUMBER
    940      -1.1778E+04     3.2080E-01     7.9002E+00     N           7

 BOND    =      893.7797  ANGLE   =        3.5301  DIHED      =        9.3194
 VDWAALS =     2225.4956  EEL     =   -14956.2776  HBOND      =        0.0000
 1-4 VDW =        2.4232  1-4 EEL =       43.8866  RESTRAINT  =        0.1701
 EAMBER  =   -11777.8429


   NSTEP       ENERGY          RMS            GMAX         NAME    NUMBER
    960      -1.1782E+04     3.2898E-01     5.6333E+00     CB         11

 BOND    =      894.0495  ANGLE   =        3.1700  DIHED      =        9.4256
 VDWAALS =     2227.3940  EEL     =   -14962.7341  HBOND      =        0.0000
 1-4 VDW =        2.3136  1-4 EEL =       44.1220  RESTRAINT  =        0.0415
 EAMBER  =   -11782.2594


   NSTEP       ENERGY          RMS            GMAX         NAME    NUMBER
    980      -1.1789E+04     3.0940E-01     9.4436E+00     C           5

 BOND    =      896.0800  ANGLE   =        3.0345  DIHED      =        9.6224
 VDWAALS =     2229.5809  EEL     =   -14974.4073  HBOND      =        0.0000
 1-4 VDW =        2.2170  1-4 EEL =       44.6730  RESTRAINT  =        0.1297
 EAMBER  =   -11789.1995


   NSTEP       ENERGY          RMS            GMAX         NAME    NUMBER
   1000      -1.1796E+04     3.0503E-01     7.7884E+00     CH3        19

 BOND    =      897.2680  ANGLE   =        3.0349  DIHED      =        9.4913
 VDWAALS =     2232.4311  EEL     =   -14984.8380  HBOND      =        0.0000
 1-4 VDW =        2.2264  1-4 EEL =       44.5662  RESTRAINT  =        0.1173
 EAMBER  =   -11795.8202


  Maximum number of minimization cycles reached.


                    FINAL RESULTS



   NSTEP       ENERGY          RMS            GMAX         NAME    NUMBER
   1000      -1.1796E+04     3.0503E-01     7.7884E+00     CH3        19

 BOND    =      897.2680  ANGLE   =        3.0349  DIHED      =        9.4913
 VDWAALS =     2232.4311  EEL     =   -14984.8380  HBOND      =        0.0000
 1-4 VDW =        2.2264  1-4 EEL =       44.5662  RESTRAINT  =        0.1173
 EAMBER  =   -11795.8202

--------------------------------------------------------------------------------
   5.  TIMINGS
--------------------------------------------------------------------------------

|                Build the list             0.06 (57.79% of List )
|                Other                      0.05 (42.21% of List )
|             List time                  0.11 ( 1.29% of Nonbo)
|                   Short_ene time             5.24 (95.85% of Direc)
|                   Other                      0.23 ( 4.15% of Direc)
|                Direct Ewald time          5.47 (65.17% of Ewald)
|                Adjust Ewald time          0.03 ( 0.37% of Ewald)
|                Self Ewald time            0.00 ( 0.02% of Ewald)
|                   Fill Bspline coeffs        0.15 ( 6.14% of Recip)
|                   Fill charge grid           0.12 ( 4.88% of Recip)
|                   Scalar sum                 0.48 (19.47% of Recip)
|                   Grad sum                   0.25 (10.10% of Recip)
|                      FFT back comm time         0.35 (24.62% of FFT t)
|                      Other                      1.06 (75.38% of FFT t)
|                   FFT time                   1.41 (57.41% of Recip)
|                   Other                      0.05 ( 2.01% of Recip)
|                Recip Ewald time           2.45 (29.20% of Ewald)
|                Force Adjust               0.37 ( 4.42% of Ewald)
|                Virial junk                0.06 ( 0.75% of Ewald)
|                Start synchronizatio       0.00 ( 0.01% of Ewald)
|                Other                      0.00 ( 0.06% of Ewald)
|             Ewald time                 8.39 (98.70% of Nonbo)
|             Other                      0.00 ( 0.01% of Nonbo)
|          Nonbond force              8.50 (86.94% of Force)
|          Bond/Angle/Dihedral        0.03 ( 0.30% of Force)
|          FRC Collect time           0.17 ( 1.75% of Force)
|          Other                      1.08 (11.01% of Force)
|       Force time                 9.78 (100.0% of Runmd)
|    Runmd Time                 9.78 ( 4.56% of Total)
|    Other                    204.66 (95.44% of Total)
| Total time               214.45 (100.0% of ALL  )

| Highest rstack allocated:      39964
| Highest istack allocated:        858
|           Job began  at 13:45:38.514  on 03/14/2017
|           Setup done at 13:45:38.761  on 03/14/2017
|           Run   done at 13:49:12.964  on 03/14/2017
|     wallclock() was called   44068 times
