
          -------------------------------------------------------
          Amber 16 SANDER                              2016
          -------------------------------------------------------

| Run on 03/14/2017 at 14:37:32

|   Executable path: sander.MPI
| Working directory: /home/steboss/projects/mdgx-tests/alanine/IPOLQ/input/PhiPsi_1/240/270
|          Hostname: node012

  [-O]verwriting output

File Assignments:
|  MDIN: min.in                                                                
| MDOUT: Conf270.min.out                                                       
|INPCRD: Conf270.crd                                                           
|  PARM: Conf270.top                                                           
|RESTRT: Conf270.min                                                           
|  REFC: Conf270.crd                                                           
| MDVEL: mdvel                                                                 
| MDFRC: mdfrc                                                                 
|  MDEN: mden                                                                  
| MDCRD: mdcrd                                                                 
|MDINFO: mdinfo                                                                
|  MTMD: mtmd                                                                  
|INPDIP: inpdip                                                                
|RSTDIP: rstdip                                                                
|INPTRA: inptraj                                                               

|    REMLOG: rem.log
|   REMTYPE: rem.type
|  REMSTRIP: 
|   SAVEENE: saveene
|CLUSTERINF: cluster.info
| RESERVOIR: reserv/frame
|   REMDDIM: 


 Here is the input file:

Initial minimization                                                           
 &cntrl                                                                        
  ntx    = 1,       irest  = 0,       ntrx   = 1,      ntxo   = 1,             
  ntpr   = 20,      ntwx   = 0,       ntwv   = 0,      ntwe   = 0,             
                                                                               
  ntf    = 1,       ntb    = 1,                                                
  ntc    = 1,       ntr    = 1,                                                
  restraintmask = ':1',                                                        
  restraint_wt = 100.0,                                                        
  cut    = 9.0,                                                                
                                                                               
  imin   = 1,                                                                  
  maxcyc = 1000,                                                               
  ncyc   = 100,                                                                
                                                                               
 &end                                                                          

--------------------------------------------------------------------------------
   1.  RESOURCE   USE: 
--------------------------------------------------------------------------------

| Flags: MPI                                                                    
 getting new box info from bottom of inpcrd
|  INFO: Old style inpcrd file read

| peek_ewald_inpcrd: Box info found
|Largest sphere to fit in unit cell has radius =    14.877
| New format PARM file being parsed.
| Version =    1.000 Date = 03/14/17 Time = 13:39:09
 NATOM  =    3103 NTYPES =       9 NBONH =    3093 MBONA  =       9
 NTHETH =      25 MTHETA =      11 NPHIH =      43 MPHIA  =      24
 NHPARM =       0 NPARM  =       0 NNB   =    4207 NRES   =    1030
 NBONA  =       9 NTHETA =      11 NPHIA =      24 NUMBND =      10
 NUMANG =      16 NPTRA  =      19 NATYP =       9 NPHB   =       1
 IFBOX  =       2 NMXRS  =      10 IFCAP =       0 NEXTRA =       0
 NCOPY  =       0


|     Memory Use     Allocated
|     Real              350739
|     Hollerith          10341
|     Integer            93716
|     Max Pairs         344174
|     nblistReal         37236
|     nblist Int        102742
|       Total             5183 kbytes

| Note: 1-4 EEL scale factors are being read from the topology file.

| Note: 1-4 VDW scale factors are being read from the topology file.
| Duplicated    0 dihedrals
| Duplicated    0 dihedrals

     BOX TYPE: TRUNCATED OCTAHEDRON

--------------------------------------------------------------------------------
   2.  CONTROL  DATA  FOR  THE  RUN
--------------------------------------------------------------------------------

default_name                                                                    

General flags:
     imin    =       1, nmropt  =       0

Nature and format of input:
     ntx     =       1, irest   =       0, ntrx    =       1

Nature and format of output:
     ntxo    =       1, ntpr    =      20, ntrx    =       1, ntwr    =       1
     iwrap   =       0, ntwx    =       0, ntwv    =       0, ntwe    =       0
     ioutfm  =       1, ntwprt  =       0, idecomp =       0, rbornstat=      0

Potential function:
     ntf     =       1, ntb     =       1, igb     =       0, nsnb    =      25
     ipol    =       0, gbsa    =       0, iesp    =       0
     dielc   =   1.00000, cut     =   9.00000, intdiel =   1.00000

Frozen or restrained atoms:
     ibelly  =       0, ntr     =       1
     restraint_wt = 100.00000

Energy minimization:
     maxcyc  =    1000, ncyc    =     100, ntmin   =       1
     dx0     =   0.01000, drms    =   0.00010

Ewald parameters:
     verbose =       0, ew_type =       0, nbflag  =       1, use_pme =       1
     vdwmeth =       1, eedmeth =       1, netfrc  =       0
     Box X =   36.441   Box Y =   36.441   Box Z =   36.441
     Alpha =  109.471   Beta  =  109.471   Gamma =  109.471
     NFFT1 =   36       NFFT2 =   36       NFFT3 =   36
     Cutoff=    9.000   Tol   =0.100E-04
     Ewald Coefficient =  0.30768
     Interpolation order =    4

| MPI Timing options:
|      profile_mpi =        0

    LOADING THE CONSTRAINED ATOMS AS GROUPS


   5.  REFERENCE ATOM COORDINATES

  defa
     Mask :1; matches     6 atoms

--------------------------------------------------------------------------------
   3.  ATOMIC COORDINATES AND VELOCITIES
--------------------------------------------------------------------------------

default_name                                                                    
 begin time read from input coords =     0.000 ps

 Number of triangulated 3-point waters found:     1027
|  Atom division among processors:
|         0     388     775    1162    1549    1936    2323    2710
|      3103

     Sum of charges from parm topology file =  -0.00000000
     Forcing neutrality...
|  Running AMBER/MPI version on    8 nodes


--------------------------------------------------------------------------------
   4.  RESULTS
--------------------------------------------------------------------------------

 ---------------------------------------------------
 APPROXIMATING switch and d/dx switch using CUBIC SPLINE INTERPOLATION
 using   5000.0 points per unit in tabled values
 TESTING RELATIVE ERROR over r ranging from 0.0 to cutoff
| CHECK switch(x): max rel err =   0.2738E-14   at   2.422500
| CHECK d/dx switch(x): max rel err =   0.8314E-11   at   2.736960
 ---------------------------------------------------
| Local SIZE OF NONBOND LIST =      93985
| TOTAL SIZE OF NONBOND LIST =     719953


   NSTEP       ENERGY          RMS            GMAX         NAME    NUMBER
      1      -7.7032E+03     7.3511E+01     3.2518E+03     O        2399

 BOND    =        0.5355  ANGLE   =        1.1842  DIHED      =       12.7498
 VDWAALS =     1855.7705  EEL     =    -9620.5000  HBOND      =        0.0000
 1-4 VDW =        2.6375  1-4 EEL =       44.4219  RESTRAINT  =        0.0000


   NSTEP       ENERGY          RMS            GMAX         NAME    NUMBER
     20      -9.3602E+03     3.0385E+00     2.6015E+01     O        2210

 BOND    =      487.3756  ANGLE   =        1.2081  DIHED      =       12.7614
 VDWAALS =      960.2492  EEL     =   -10868.7901  HBOND      =        0.0000
 1-4 VDW =        2.6161  1-4 EEL =       44.3467  RESTRAINT  =        0.0130
 EAMBER  =    -9360.2329


   NSTEP       ENERGY          RMS            GMAX         NAME    NUMBER
     40      -1.0119E+04     6.8943E+00     4.9350E+01     H1       2400

 BOND    =      479.5411  ANGLE   =        1.2920  DIHED      =       12.8167
 VDWAALS =      970.9204  EEL     =   -11630.1311  HBOND      =        0.0000
 1-4 VDW =        2.5885  1-4 EEL =       44.2643  RESTRAINT  =        0.0204
 EAMBER  =   -10118.7082


   NSTEP       ENERGY          RMS            GMAX         NAME    NUMBER
     60      -1.0412E+04     3.2166E+00     2.0669E+01     H2       2401

 BOND    =      673.8291  ANGLE   =        1.2795  DIHED      =       12.8364
 VDWAALS =     1004.0230  EEL     =   -12150.9894  HBOND      =        0.0000
 1-4 VDW =        2.5942  1-4 EEL =       44.2694  RESTRAINT  =        0.0191
 EAMBER  =   -10412.1578


   NSTEP       ENERGY          RMS            GMAX         NAME    NUMBER
     80      -1.0567E+04     3.8099E+00     2.2036E+01     H2       2401

 BOND    =      716.7987  ANGLE   =        1.2935  DIHED      =       12.8455
 VDWAALS =     1039.4277  EEL     =   -12384.3763  HBOND      =        0.0000
 1-4 VDW =        2.5979  1-4 EEL =       44.2990  RESTRAINT  =        0.0193
 EAMBER  =   -10567.1140


   NSTEP       ENERGY          RMS            GMAX         NAME    NUMBER
    100      -1.0706E+04     9.1761E-01     4.4181E+00     H1       2556

 BOND    =      612.4154  ANGLE   =        1.3008  DIHED      =       12.8484
 VDWAALS =     1076.0782  EEL     =   -12455.8385  HBOND      =        0.0000
 1-4 VDW =        2.6041  1-4 EEL =       44.3380  RESTRAINT  =        0.0201
 EAMBER  =   -10706.2535


   NSTEP       ENERGY          RMS            GMAX         NAME    NUMBER
    120      -1.1211E+04     4.3780E+00     5.1182E+01     H1       1302

 BOND    =      841.2155  ANGLE   =        1.4580  DIHED      =       12.8008
 VDWAALS =     1518.8104  EEL     =   -13633.1837  HBOND      =        0.0000
 1-4 VDW =        2.7009  1-4 EEL =       44.9251  RESTRAINT  =        0.0329
 EAMBER  =   -11211.2730


   NSTEP       ENERGY          RMS            GMAX         NAME    NUMBER
    140      -1.1377E+04     1.1908E+00     2.3234E+01     C           5

 BOND    =      743.5978  ANGLE   =        1.4628  DIHED      =       12.7559
 VDWAALS =     1540.3964  EEL     =   -13723.5644  HBOND      =        0.0000
 1-4 VDW =        2.7159  1-4 EEL =       45.1528  RESTRAINT  =        0.0393
 EAMBER  =   -11377.4829


   NSTEP       ENERGY          RMS            GMAX         NAME    NUMBER
    160      -1.1499E+04     1.0566E+00     2.6101E+01     O        2681

 BOND    =      745.4241  ANGLE   =        1.5273  DIHED      =       12.6850
 VDWAALS =     1558.7588  EEL     =   -13865.6159  HBOND      =        0.0000
 1-4 VDW =        2.7898  1-4 EEL =       45.4721  RESTRAINT  =        0.0324
 EAMBER  =   -11498.9588


   NSTEP       ENERGY          RMS            GMAX         NAME    NUMBER
    180      -1.1613E+04     1.4424E+00     2.7564E+01     H2       2683

 BOND    =      786.0023  ANGLE   =        1.8835  DIHED      =       12.5707
 VDWAALS =     1692.7852  EEL     =   -14155.2459  HBOND      =        0.0000
 1-4 VDW =        2.9651  1-4 EEL =       45.6122  RESTRAINT  =        0.0834
 EAMBER  =   -11613.4269


   NSTEP       ENERGY          RMS            GMAX         NAME    NUMBER
    200      -1.1715E+04     1.8315E+00     6.2388E+01     CA          9

 BOND    =      818.9002  ANGLE   =        2.4937  DIHED      =       12.4155
 VDWAALS =     1763.0445  EEL     =   -14360.8838  HBOND      =        0.0000
 1-4 VDW =        2.8611  1-4 EEL =       45.6862  RESTRAINT  =        0.1555
 EAMBER  =   -11715.4827


   NSTEP       ENERGY          RMS            GMAX         NAME    NUMBER
    220      -1.1785E+04     1.0900E+00     2.0552E+01     N          17

 BOND    =      792.7452  ANGLE   =        2.5438  DIHED      =       12.3526
 VDWAALS =     1786.5271  EEL     =   -14427.4111  HBOND      =        0.0000
 1-4 VDW =        2.7122  1-4 EEL =       45.4680  RESTRAINT  =        0.2066
 EAMBER  =   -11785.0621


   NSTEP       ENERGY          RMS            GMAX         NAME    NUMBER
    240      -1.1832E+04     1.3973E+00     2.4589E+01     HH31       20

 BOND    =      822.0887  ANGLE   =        2.8814  DIHED      =       12.5423
 VDWAALS =     1829.0761  EEL     =   -14548.2548  HBOND      =        0.0000
 1-4 VDW =        3.2899  1-4 EEL =       46.1948  RESTRAINT  =        0.1389
 EAMBER  =   -11832.1817


   NSTEP       ENERGY          RMS            GMAX         NAME    NUMBER
    260      -1.1906E+04     9.5288E-01     2.3391E+01     C           5

 BOND    =      823.2178  ANGLE   =        2.1285  DIHED      =       12.1117
 VDWAALS =     1893.6589  EEL     =   -14686.5551  HBOND      =        0.0000
 1-4 VDW =        3.0756  1-4 EEL =       45.8458  RESTRAINT  =        0.1773
 EAMBER  =   -11906.5168


   NSTEP       ENERGY          RMS            GMAX         NAME    NUMBER
    280      -1.1944E+04     6.4727E-01     1.1120E+01     N          17

 BOND    =      848.8537  ANGLE   =        2.1321  DIHED      =       11.9873
 VDWAALS =     1940.3148  EEL     =   -14796.6414  HBOND      =        0.0000
 1-4 VDW =        3.1486  1-4 EEL =       45.8817  RESTRAINT  =        0.1830
 EAMBER  =   -11944.3232


   NSTEP       ENERGY          RMS            GMAX         NAME    NUMBER
    300      -1.2014E+04     1.2962E+00     2.9544E+01     CH3         2

 BOND    =      872.7592  ANGLE   =        2.0717  DIHED      =       11.3703
 VDWAALS =     1997.5980  EEL     =   -14947.1222  HBOND      =        0.0000
 1-4 VDW =        2.9257  1-4 EEL =       46.0183  RESTRAINT  =        0.3159
 EAMBER  =   -12014.3790


   NSTEP       ENERGY          RMS            GMAX         NAME    NUMBER
    320      -1.2041E+04     8.4885E-01     2.4151E+01     O           6

 BOND    =      853.0096  ANGLE   =        1.7389  DIHED      =       11.2560
 VDWAALS =     2000.7080  EEL     =   -14956.7938  HBOND      =        0.0000
 1-4 VDW =        3.0811  1-4 EEL =       46.2348  RESTRAINT  =        0.2414
 EAMBER  =   -12040.7653


   NSTEP       ENERGY          RMS            GMAX         NAME    NUMBER
    340      -1.2083E+04     5.5229E-01     9.6061E+00     C          15

 BOND    =      874.6743  ANGLE   =        1.7492  DIHED      =       11.2721
 VDWAALS =     2030.9293  EEL     =   -15051.4249  HBOND      =        0.0000
 1-4 VDW =        3.2496  1-4 EEL =       46.0604  RESTRAINT  =        0.1385
 EAMBER  =   -12083.4901


   NSTEP       ENERGY          RMS            GMAX         NAME    NUMBER
    360      -1.2107E+04     6.7433E-01     1.9825E+01     CA          9

 BOND    =      855.8392  ANGLE   =        1.9986  DIHED      =       11.1706
 VDWAALS =     2046.7132  EEL     =   -15072.2066  HBOND      =        0.0000
 1-4 VDW =        3.2156  1-4 EEL =       46.0839  RESTRAINT  =        0.1622
 EAMBER  =   -12107.1855


   NSTEP       ENERGY          RMS            GMAX         NAME    NUMBER
    380      -1.2147E+04     1.4437E+00     3.7251E+01     N          17

 BOND    =      916.7478  ANGLE   =        4.3212  DIHED      =       10.9890
 VDWAALS =     2096.0783  EEL     =   -15224.7436  HBOND      =        0.0000
 1-4 VDW =        3.1620  1-4 EEL =       46.2594  RESTRAINT  =        0.4746
 EAMBER  =   -12147.1858


   NSTEP       ENERGY          RMS            GMAX         NAME    NUMBER
    400      -1.2188E+04     8.9956E-01     3.2943E+01     C          15

 BOND    =      890.6452  ANGLE   =        1.7071  DIHED      =       10.6155
 VDWAALS =     2100.1203  EEL     =   -15241.4033  HBOND      =        0.0000
 1-4 VDW =        3.0829  1-4 EEL =       46.7157  RESTRAINT  =        0.1515
 EAMBER  =   -12188.5166


   NSTEP       ENERGY          RMS            GMAX         NAME    NUMBER
    420      -1.2217E+04     1.4693E+00     3.8634E+01     C           5

 BOND    =      873.7775  ANGLE   =        1.9825  DIHED      =       10.3984
 VDWAALS =     2125.1382  EEL     =   -15278.2315  HBOND      =        0.0000
 1-4 VDW =        3.2492  1-4 EEL =       46.7201  RESTRAINT  =        0.3884
 EAMBER  =   -12216.9655


   NSTEP       ENERGY          RMS            GMAX         NAME    NUMBER
    440      -1.2271E+04     6.7297E-01     1.9344E+01     N          17

 BOND    =      900.9286  ANGLE   =        1.9422  DIHED      =       10.5621
 VDWAALS =     2156.8309  EEL     =   -15390.3873  HBOND      =        0.0000
 1-4 VDW =        3.3764  1-4 EEL =       45.9350  RESTRAINT  =        0.2643
 EAMBER  =   -12270.8121


   NSTEP       ENERGY          RMS            GMAX         NAME    NUMBER
    460      -1.2284E+04     5.2338E-01     1.9901E+01     C          15

 BOND    =      893.8949  ANGLE   =        1.6494  DIHED      =       10.2793
 VDWAALS =     2165.0055  EEL     =   -15404.2754  HBOND      =        0.0000
 1-4 VDW =        3.3462  1-4 EEL =       46.1397  RESTRAINT  =        0.1663
 EAMBER  =   -12283.9604


   NSTEP       ENERGY          RMS            GMAX         NAME    NUMBER
    480      -1.2319E+04     1.0131E+00     3.3148E+01     N          17

 BOND    =      928.8066  ANGLE   =        2.9376  DIHED      =       10.0753
 VDWAALS =     2209.6992  EEL     =   -15521.6279  HBOND      =        0.0000
 1-4 VDW =        3.4014  1-4 EEL =       46.8655  RESTRAINT  =        0.5107
 EAMBER  =   -12319.8423


   NSTEP       ENERGY          RMS            GMAX         NAME    NUMBER
    500      -1.2349E+04     3.6863E-01     9.7764E+00     C          15

 BOND    =      918.5199  ANGLE   =        1.5221  DIHED      =        9.8876
 VDWAALS =     2215.5789  EEL     =   -15544.6668  HBOND      =        0.0000
 1-4 VDW =        3.1891  1-4 EEL =       46.8432  RESTRAINT  =        0.1575
 EAMBER  =   -12349.1260


   NSTEP       ENERGY          RMS            GMAX         NAME    NUMBER
    520      -1.2369E+04     1.0032E+00     3.3092E+01     C           5

 BOND    =      901.3114  ANGLE   =        1.5322  DIHED      =        9.7057
 VDWAALS =     2241.2329  EEL     =   -15573.5498  HBOND      =        0.0000
 1-4 VDW =        3.3971  1-4 EEL =       46.8632  RESTRAINT  =        0.1816
 EAMBER  =   -12369.5074


   NSTEP       ENERGY          RMS            GMAX         NAME    NUMBER
    540      -1.2401E+04     4.0362E-01     9.9011E+00     N           7

 BOND    =      928.5848  ANGLE   =        2.1459  DIHED      =       10.0461
 VDWAALS =     2260.1134  EEL     =   -15650.8244  HBOND      =        0.0000
 1-4 VDW =        3.2805  1-4 EEL =       45.9164  RESTRAINT  =        0.1318
 EAMBER  =   -12400.7373


   NSTEP       ENERGY          RMS            GMAX         NAME    NUMBER
    560      -1.2408E+04     3.4648E-01     8.7105E+00     H           8

 BOND    =      921.8075  ANGLE   =        1.5626  DIHED      =        9.8112
 VDWAALS =     2264.4692  EEL     =   -15655.2495  HBOND      =        0.0000
 1-4 VDW =        3.3090  1-4 EEL =       46.1407  RESTRAINT  =        0.1969
 EAMBER  =   -12408.1493


   NSTEP       ENERGY          RMS            GMAX         NAME    NUMBER
    580      -1.2426E+04     5.4553E-01     1.0952E+01     HH33       22

 BOND    =      944.6106  ANGLE   =        1.9271  DIHED      =        9.6311
 VDWAALS =     2285.0900  EEL     =   -15717.2259  HBOND      =        0.0000
 1-4 VDW =        3.3171  1-4 EEL =       46.8172  RESTRAINT  =        0.3071
 EAMBER  =   -12425.8328


   NSTEP       ENERGY          RMS            GMAX         NAME    NUMBER
    600      -1.2440E+04     4.4584E-01     1.7868E+01     O           6

 BOND    =      932.9999  ANGLE   =        1.4091  DIHED      =        9.6495
 VDWAALS =     2291.2820  EEL     =   -15725.5952  HBOND      =        0.0000
 1-4 VDW =        3.1038  1-4 EEL =       46.7163  RESTRAINT  =        0.1595
 EAMBER  =   -12440.4347


   NSTEP       ENERGY          RMS            GMAX         NAME    NUMBER
    620      -1.2450E+04     9.4797E-01     3.2718E+01     CH3         2

 BOND    =      923.6392  ANGLE   =        1.8829  DIHED      =        9.6520
 VDWAALS =     2299.8221  EEL     =   -15734.9247  HBOND      =        0.0000
 1-4 VDW =        3.1175  1-4 EEL =       46.6392  RESTRAINT  =        0.1936
 EAMBER  =   -12450.1717


   NSTEP       ENERGY          RMS            GMAX         NAME    NUMBER
    640      -1.2467E+04     3.1286E-01     6.5200E+00     C          15

 BOND    =      941.6711  ANGLE   =        1.6590  DIHED      =        9.6251
 VDWAALS =     2311.1958  EEL     =   -15781.2819  HBOND      =        0.0000
 1-4 VDW =        3.3825  1-4 EEL =       46.3423  RESTRAINT  =        0.1496
 EAMBER  =   -12467.4061


   NSTEP       ENERGY          RMS            GMAX         NAME    NUMBER
    660      -1.2477E+04     4.9390E-01     2.2171E+01     C           5

 BOND    =      937.8455  ANGLE   =        1.8641  DIHED      =        9.6139
 VDWAALS =     2320.9181  EEL     =   -15796.9405  HBOND      =        0.0000
 1-4 VDW =        3.3508  1-4 EEL =       46.2555  RESTRAINT  =        0.3409
 EAMBER  =   -12477.0926


   NSTEP       ENERGY          RMS            GMAX         NAME    NUMBER
    680      -1.2494E+04     6.0692E-01     1.7787E+01     HH33       22

 BOND    =      947.4680  ANGLE   =        3.1571  DIHED      =        9.5832
 VDWAALS =     2344.0728  EEL     =   -15848.8064  HBOND      =        0.0000
 1-4 VDW =        3.0369  1-4 EEL =       46.6857  RESTRAINT  =        0.4967
 EAMBER  =   -12494.8027


   NSTEP       ENERGY          RMS            GMAX         NAME    NUMBER
    700      -1.2506E+04     4.8008E-01     1.5332E+01     C          15

 BOND    =      947.2020  ANGLE   =        1.3853  DIHED      =        9.3992
 VDWAALS =     2346.1287  EEL     =   -15859.7146  HBOND      =        0.0000
 1-4 VDW =        3.1461  1-4 EEL =       46.6208  RESTRAINT  =        0.1678
 EAMBER  =   -12505.8325


   NSTEP       ENERGY          RMS            GMAX         NAME    NUMBER
    720      -1.2512E+04     4.1181E-01     1.2507E+01     CH3        19

 BOND    =      942.0913  ANGLE   =        1.0474  DIHED      =        9.3858
 VDWAALS =     2352.6273  EEL     =   -15866.7921  HBOND      =        0.0000
 1-4 VDW =        3.2274  1-4 EEL =       46.6762  RESTRAINT  =        0.1238
 EAMBER  =   -12511.7368


   NSTEP       ENERGY          RMS            GMAX         NAME    NUMBER
    740      -1.2521E+04     3.4070E-01     1.0829E+01     C           5

 BOND    =      949.5071  ANGLE   =        1.5210  DIHED      =        9.4502
 VDWAALS =     2357.6163  EEL     =   -15888.3873  HBOND      =        0.0000
 1-4 VDW =        3.3335  1-4 EEL =       46.2570  RESTRAINT  =        0.1617
 EAMBER  =   -12520.7022


   NSTEP       ENERGY          RMS            GMAX         NAME    NUMBER
    760      -1.2526E+04     3.1708E-01     1.0217E+01     C          15

 BOND    =      945.0352  ANGLE   =        1.4067  DIHED      =        9.4342
 VDWAALS =     2362.5943  EEL     =   -15894.5715  HBOND      =        0.0000
 1-4 VDW =        3.3480  1-4 EEL =       46.2934  RESTRAINT  =        0.1417
 EAMBER  =   -12526.4597


   NSTEP       ENERGY          RMS            GMAX         NAME    NUMBER
    780      -1.2535E+04     3.0218E-01     9.0275E+00     O           6

 BOND    =      951.9330  ANGLE   =        1.5689  DIHED      =        9.3276
 VDWAALS =     2372.4841  EEL     =   -15919.8407  HBOND      =        0.0000
 1-4 VDW =        3.1769  1-4 EEL =       46.5100  RESTRAINT  =        0.2149
 EAMBER  =   -12534.8403


   NSTEP       ENERGY          RMS            GMAX         NAME    NUMBER
    800      -1.2541E+04     3.4224E-01     8.9235E+00     C          15

 BOND    =      954.0830  ANGLE   =        1.3416  DIHED      =        9.2424
 VDWAALS =     2376.8892  EEL     =   -15932.9045  HBOND      =        0.0000
 1-4 VDW =        3.1029  1-4 EEL =       46.6832  RESTRAINT  =        0.1817
 EAMBER  =   -12541.5621


   NSTEP       ENERGY          RMS            GMAX         NAME    NUMBER
    820      -1.2547E+04     3.1735E-01     1.0474E+01     CH3        19

 BOND    =      949.6423  ANGLE   =        0.9551  DIHED      =        9.2367
 VDWAALS =     2382.2847  EEL     =   -15938.7980  HBOND      =        0.0000
 1-4 VDW =        3.1913  1-4 EEL =       46.6909  RESTRAINT  =        0.1299
 EAMBER  =   -12546.7970


   NSTEP       ENERGY          RMS            GMAX         NAME    NUMBER
    840      -1.2557E+04     4.1877E-01     1.4361E+01     C          15

 BOND    =      957.1851  ANGLE   =        1.2227  DIHED      =        9.1874
 VDWAALS =     2389.1435  EEL     =   -15963.5637  HBOND      =        0.0000
 1-4 VDW =        3.3636  1-4 EEL =       46.4722  RESTRAINT  =        0.1959
 EAMBER  =   -12556.9892


   NSTEP       ENERGY          RMS            GMAX         NAME    NUMBER
    860      -1.2561E+04     3.0324E-01     1.0418E+01     C          15

 BOND    =      950.5883  ANGLE   =        1.0962  DIHED      =        9.1855
 VDWAALS =     2393.4526  EEL     =   -15965.3978  HBOND      =        0.0000
 1-4 VDW =        3.2770  1-4 EEL =       46.5051  RESTRAINT  =        0.1268
 EAMBER  =   -12561.2930


   NSTEP       ENERGY          RMS            GMAX         NAME    NUMBER
    880      -1.2568E+04     2.7736E-01     1.0719E+01     C           5

 BOND    =      956.8601  ANGLE   =        1.3505  DIHED      =        9.1981
 VDWAALS =     2402.2004  EEL     =   -15987.6986  HBOND      =        0.0000
 1-4 VDW =        3.1136  1-4 EEL =       46.4853  RESTRAINT  =        0.1663
 EAMBER  =   -12568.4905


   NSTEP       ENERGY          RMS            GMAX         NAME    NUMBER
    900      -1.2574E+04     3.5339E-01     1.0616E+01     C           5

 BOND    =      959.3706  ANGLE   =        1.3278  DIHED      =        9.1922
 VDWAALS =     2408.4441  EEL     =   -16002.5669  HBOND      =        0.0000
 1-4 VDW =        3.0067  1-4 EEL =       46.7491  RESTRAINT  =        0.1413
 EAMBER  =   -12574.4764


   NSTEP       ENERGY          RMS            GMAX         NAME    NUMBER
    920      -1.2579E+04     2.8760E-01     8.7753E+00     C           5

 BOND    =      957.9596  ANGLE   =        1.1859  DIHED      =        9.1220
 VDWAALS =     2411.8056  EEL     =   -16008.4856  HBOND      =        0.0000
 1-4 VDW =        3.1152  1-4 EEL =       46.5859  RESTRAINT  =        0.1265
 EAMBER  =   -12578.7113


   NSTEP       ENERGY          RMS            GMAX         NAME    NUMBER
    940      -1.2584E+04     3.7962E-01     1.5528E+01     C          15

 BOND    =      960.7070  ANGLE   =        1.1685  DIHED      =        9.0542
 VDWAALS =     2417.1124  EEL     =   -16021.7658  HBOND      =        0.0000
 1-4 VDW =        3.4114  1-4 EEL =       46.5780  RESTRAINT  =        0.1732
 EAMBER  =   -12583.7344


   NSTEP       ENERGY          RMS            GMAX         NAME    NUMBER
    960      -1.2587E+04     2.8216E-01     9.8898E+00     CH3        19

 BOND    =      960.5194  ANGLE   =        1.0443  DIHED      =        9.0331
 VDWAALS =     2421.4733  EEL     =   -16029.3216  HBOND      =        0.0000
 1-4 VDW =        3.2376  1-4 EEL =       46.3885  RESTRAINT  =        0.1631
 EAMBER  =   -12587.6254


   NSTEP       ENERGY          RMS            GMAX         NAME    NUMBER
    980      -1.2592E+04     3.8085E-01     1.8713E+01     C           5

 BOND    =      961.6048  ANGLE   =        1.2850  DIHED      =        9.0532
 VDWAALS =     2426.9132  EEL     =   -16040.4177  HBOND      =        0.0000
 1-4 VDW =        3.0304  1-4 EEL =       46.5650  RESTRAINT  =        0.1372
 EAMBER  =   -12591.9659


   NSTEP       ENERGY          RMS            GMAX         NAME    NUMBER
   1000      -1.2596E+04     3.7582E-01     8.6668E+00     C          15

 BOND    =      963.5095  ANGLE   =        1.1517  DIHED      =        9.0474
 VDWAALS =     2431.7555  EEL     =   -16051.4794  HBOND      =        0.0000
 1-4 VDW =        3.0114  1-4 EEL =       46.7776  RESTRAINT  =        0.1126
 EAMBER  =   -12596.2263


  Maximum number of minimization cycles reached.


                    FINAL RESULTS



   NSTEP       ENERGY          RMS            GMAX         NAME    NUMBER
   1000      -1.2596E+04     3.7582E-01     8.6668E+00     C          15

 BOND    =      963.5095  ANGLE   =        1.1517  DIHED      =        9.0474
 VDWAALS =     2431.7555  EEL     =   -16051.4794  HBOND      =        0.0000
 1-4 VDW =        3.0114  1-4 EEL =       46.7776  RESTRAINT  =        0.1126
 EAMBER  =   -12596.2263

--------------------------------------------------------------------------------
   5.  TIMINGS
--------------------------------------------------------------------------------

|                Build the list             0.06 (55.01% of List )
|                Other                      0.05 (44.99% of List )
|             List time                  0.10 ( 1.03% of Nonbo)
|                   Short_ene time             5.92 (96.64% of Direc)
|                   Other                      0.21 ( 3.36% of Direc)
|                Direct Ewald time          6.13 (63.24% of Ewald)
|                Adjust Ewald time          0.03 ( 0.34% of Ewald)
|                Self Ewald time            0.00 ( 0.02% of Ewald)
|                   Fill Bspline coeffs        0.14 ( 4.96% of Recip)
|                   Fill charge grid           0.12 ( 3.96% of Recip)
|                   Scalar sum                 0.51 (17.37% of Recip)
|                   Grad sum                   0.27 ( 9.29% of Recip)
|                      FFT back comm time         0.67 (36.84% of FFT t)
|                      Other                      1.15 (63.16% of FFT t)
|                   FFT time                   1.81 (62.18% of Recip)
|                   Other                      0.07 ( 2.23% of Recip)
|                Recip Ewald time           2.92 (30.12% of Ewald)
|                Force Adjust               0.50 ( 5.12% of Ewald)
|                Virial junk                0.11 ( 1.11% of Ewald)
|                Start synchronizatio       0.00 ( 0.01% of Ewald)
|                Other                      0.00 ( 0.05% of Ewald)
|             Ewald time                 9.69 (98.96% of Nonbo)
|             Other                      0.00 ( 0.01% of Nonbo)
|          Nonbond force              9.79 (90.89% of Force)
|          Bond/Angle/Dihedral        0.03 ( 0.29% of Force)
|          FRC Collect time           0.25 ( 2.28% of Force)
|          Other                      0.70 ( 6.54% of Force)
|       Force time                10.77 (100.0% of Runmd)
|    Runmd Time                10.77 ( 5.69% of Total)
|    Other                    178.38 (94.30% of Total)
| Total time               189.15 (100.0% of ALL  )

| Highest rstack allocated:      41611
| Highest istack allocated:        919
|           Job began  at 14:37:32.359  on 03/14/2017
|           Setup done at 14:37:32.560  on 03/14/2017
|           Run   done at 14:40:41.513  on 03/14/2017
|     wallclock() was called   44068 times
