
          -------------------------------------------------------
          Amber 16 SANDER                              2016
          -------------------------------------------------------

| Run on 03/14/2017 at 15:37:05

|   Executable path: sander.MPI
| Working directory: /home/steboss/projects/mdgx-tests/alanine/IPOLQ/input/PhiPsi_1/75/135
|          Hostname: node002

  [-O]verwriting output

File Assignments:
|  MDIN: equil.in                                                              
| MDOUT: Conf135.eq.out                                                        
|INPCRD: Conf135.min                                                           
|  PARM: Conf135.top                                                           
|RESTRT: Conf135.rst                                                           
|  REFC: Conf135.crd                                                           
| MDVEL: mdvel                                                                 
| MDFRC: mdfrc                                                                 
|  MDEN: mden                                                                  
| MDCRD: mdcrd                                                                 
|MDINFO: mdinfo                                                                
|  MTMD: mtmd                                                                  
|INPDIP: inpdip                                                                
|RSTDIP: rstdip                                                                
|INPTRA: inptraj                                                               

|    REMLOG: rem.log
|   REMTYPE: rem.type
|  REMSTRIP: 
|   SAVEENE: saveene
|CLUSTERINF: cluster.info
| RESERVOIR: reserv/frame
|   REMDDIM: 


 Here is the input file:

Equilibrate water in NPT                                                       
 &cntrl                                                                        
                                                                               
  nmropt = 0,                                                                  
  ntx    = 1,       irest  = 0,       ntrx   = 1,      ntxo   = 1,             
  ntpr   = 1000,    ntwx   = 1000,    ntwv   = 0,      ntwe   = 1000,          
  iwrap  = 0,       ioutfm = 1,                                                
                                                                               
  ntf    = 2,       ntb    = 2,                                                
  cut = 9.0,                                                                   
                                                                               
  ibelly = 0,       ntr    = 1,                                                
  restraintmask = ':1',                                                        
  restraint_wt = 100.0,                                                        
                                                                               
  imin   = 0,                                                                  
  nstlim = 10000,                                                              
  nscm   = 1000,                                                               
  t      = 0.0,     dt     = 0.002,                                            
                                                                               
  temp0     = 298.0,   tempi  = 0.0,                                           
  ig        = -1,                                                              
  ntt       = 3,                                                               
  gamma_ln  = 3.0,                                                             
                                                                               
  ntp    = 1,       pres0  = 1.0,     comp   = 44.6,                           
  taup   = 1.0,                                                                
                                                                               
  ntc    = 2,       tol    = 0.000001, watnam = 'WAT ',                        
                                                                               
 &end                                                                          

--------------------------------------------------------------------------------
   1.  RESOURCE   USE: 
--------------------------------------------------------------------------------

| Flags: MPI                                                                    
 getting new box info from bottom of inpcrd
|  INFO: Old style inpcrd file read

| peek_ewald_inpcrd: Box info found
|Largest sphere to fit in unit cell has radius =    14.727
| New format PARM file being parsed.
| Version =    1.000 Date = 03/14/17 Time = 13:40:34
 NATOM  =    2992 NTYPES =       9 NBONH =    2982 MBONA  =       9
 NTHETH =      25 MTHETA =      11 NPHIH =      43 MPHIA  =      24
 NHPARM =       0 NPARM  =       0 NNB   =    4059 NRES   =     993
 NBONA  =       9 NTHETA =      11 NPHIA =      24 NUMBND =      10
 NUMANG =      16 NPTRA  =      19 NATYP =       9 NPHB   =       1
 IFBOX  =       2 NMXRS  =      10 IFCAP =       0 NEXTRA =       0
 NCOPY  =       0


|     Memory Use     Allocated
|     Real              305200
|     Hollerith           9971
|     Integer            91200
|     Max Pairs         331862
|     nblistReal         35904
|     nblist Int        100152
|       Total             4747 kbytes

| Note: 1-4 EEL scale factors are being read from the topology file.

| Note: 1-4 VDW scale factors are being read from the topology file.
| Duplicated    0 dihedrals
| Duplicated    0 dihedrals

     BOX TYPE: TRUNCATED OCTAHEDRON
Note: ig = -1. Setting random seed to   818671 based on wallclock time in microseconds
      and disabling the synchronization of random numbers between tasks
      to improve performance.

--------------------------------------------------------------------------------
   2.  CONTROL  DATA  FOR  THE  RUN
--------------------------------------------------------------------------------

default_name                                                                    

General flags:
     imin    =       0, nmropt  =       0

Nature and format of input:
     ntx     =       1, irest   =       0, ntrx    =       1

Nature and format of output:
     ntxo    =       1, ntpr    =    1000, ntrx    =       1, ntwr    =   10000
     iwrap   =       0, ntwx    =    1000, ntwv    =       0, ntwe    =    1000
     ioutfm  =       1, ntwprt  =       0, idecomp =       0, rbornstat=      0

Potential function:
     ntf     =       2, ntb     =       2, igb     =       0, nsnb    =      25
     ipol    =       0, gbsa    =       0, iesp    =       0
     dielc   =   1.00000, cut     =   9.00000, intdiel =   1.00000

Frozen or restrained atoms:
     ibelly  =       0, ntr     =       1
     restraint_wt = 100.00000

Molecular dynamics:
     nstlim  =     10000, nscm    =         0, nrespa  =         1
     t       =   0.00000, dt      =   0.00200, vlimit  =  20.00000

Langevin dynamics temperature regulation:
     ig      =  818671
     temp0   = 298.00000, tempi   =   0.00000, gamma_ln=   3.00000

Pressure regulation:
     ntp     =       1
     pres0   =   1.00000, comp    =  44.60000, taup    =   1.00000

SHAKE:
     ntc     =       2, jfastw  =       0
     tol     =   0.00000

Ewald parameters:
     verbose =       0, ew_type =       0, nbflag  =       1, use_pme =       1
     vdwmeth =       1, eedmeth =       1, netfrc  =       1
     Box X =   36.073   Box Y =   36.073   Box Z =   36.073
     Alpha =  109.471   Beta  =  109.471   Gamma =  109.471
     NFFT1 =   36       NFFT2 =   36       NFFT3 =   36
     Cutoff=    9.000   Tol   =0.100E-04
     Ewald Coefficient =  0.30768
     Interpolation order =    4

| MPI Timing options:
|      profile_mpi =        0

    LOADING THE CONSTRAINED ATOMS AS GROUPS


   5.  REFERENCE ATOM COORDINATES

  defa
     Mask :1; matches     6 atoms

--------------------------------------------------------------------------------
   3.  ATOMIC COORDINATES AND VELOCITIES
--------------------------------------------------------------------------------

defa                                                                            
 begin time read from input coords =     0.000 ps

 Number of triangulated 3-point waters found:      990
|  Atom division among processors:
|         0     376     751    1126    1501    1873    2248    2620
|      2992

     Sum of charges from parm topology file =  -0.00000000
     Forcing neutrality...
|  Running AMBER/MPI version on    8 nodes


--------------------------------------------------------------------------------
   4.  RESULTS
--------------------------------------------------------------------------------

|  # of SOLUTE  degrees of freedom (RNDFP):    5994.
|  # of SOLVENT degrees of freedom (RNDFS):       0.
|  NDFMIN =    5994.     NUM_NOSHAKE =      0     CORRECTED RNDFP =    5994.
|  TOTAL # of degrees of freedom (RNDF) =    5994.
 ---------------------------------------------------
 APPROXIMATING switch and d/dx switch using CUBIC SPLINE INTERPOLATION
 using   5000.0 points per unit in tabled values
 TESTING RELATIVE ERROR over r ranging from 0.0 to cutoff
| CHECK switch(x): max rel err =   0.2738E-14   at   2.422500
| CHECK d/dx switch(x): max rel err =   0.8314E-11   at   2.736960
 ---------------------------------------------------
| Local SIZE OF NONBOND LIST =      95381
| TOTAL SIZE OF NONBOND LIST =     691821

 NSTEP =        0   TIME(PS) =       0.000  TEMP(K) =     0.00  PRESS = -5584.6
 Etot   =    -13027.0651  EKtot   =         0.0000  EPtot      =    -13027.0651
 BOND   =         0.4998  ANGLE   =         3.4990  DIHED      =        10.4472
 1-4 NB =         2.7726  1-4 EEL =        45.3311  VDWAALS    =      2255.9401
 EELEC  =    -15345.6779  EHBOND  =         0.0000  RESTRAINT  =         0.1230
 EAMBER (non-restraint)  =    -13027.1881
 EKCMT  =         0.0000  VIRIAL  =      4357.0238  VOLUME     =     36134.6154
                                                    Density    =         0.8263
 Ewald error estimate:   0.1956E-03
 ------------------------------------------------------------------------------


 NSTEP =     1000   TIME(PS) =       2.000  TEMP(K) =   301.75  PRESS =  -642.7
 Etot   =     -7561.8911  EKtot   =      1797.0833  EPtot      =     -9358.9745
 BOND   =         1.4491  ANGLE   =        11.4784  DIHED      =        11.3477
 1-4 NB =         2.5384  1-4 EEL =        42.1478  VDWAALS    =      1413.5269
 EELEC  =    -10844.6003  EHBOND  =         0.0000  RESTRAINT  =         3.1374
 EAMBER (non-restraint)  =     -9362.1119
 EKCMT  =       894.3908  VIRIAL  =      1351.1750  VOLUME     =     32915.2260
                                                    Density    =         0.9071
 Ewald error estimate:   0.1695E-03
 ------------------------------------------------------------------------------


 NSTEP =     2000   TIME(PS) =       4.000  TEMP(K) =   294.04  PRESS =  -229.6
 Etot   =     -7589.0551  EKtot   =      1751.1855  EPtot      =     -9340.2406
 BOND   =         2.7446  ANGLE   =         9.9050  DIHED      =        11.5119
 1-4 NB =         2.5940  1-4 EEL =        44.7724  VDWAALS    =      1405.0517
 EELEC  =    -10818.8512  EHBOND  =         0.0000  RESTRAINT  =         2.0310
 EAMBER (non-restraint)  =     -9342.2716
 EKCMT  =       860.6797  VIRIAL  =      1017.1347  VOLUME     =     31562.7983
                                                    Density    =         0.9460
 Ewald error estimate:   0.1044E-03
 ------------------------------------------------------------------------------


 NSTEP =     3000   TIME(PS) =       6.000  TEMP(K) =   296.16  PRESS =  -389.2
 Etot   =     -7713.2501  EKtot   =      1763.8352  EPtot      =     -9477.0853
 BOND   =         1.9039  ANGLE   =        10.5421  DIHED      =        13.4084
 1-4 NB =         3.7023  1-4 EEL =        43.6604  VDWAALS    =      1368.7011
 EELEC  =    -10922.4043  EHBOND  =         0.0000  RESTRAINT  =         3.4007
 EAMBER (non-restraint)  =     -9480.4860
 EKCMT  =       891.7080  VIRIAL  =      1149.2529  VOLUME     =     30647.0811
                                                    Density    =         0.9742
 Ewald error estimate:   0.3610E-03
 ------------------------------------------------------------------------------


 NSTEP =     4000   TIME(PS) =       8.000  TEMP(K) =   300.87  PRESS =    78.2
 Etot   =     -7749.7199  EKtot   =      1791.8833  EPtot      =     -9541.6033
 BOND   =         5.0158  ANGLE   =         8.1303  DIHED      =        10.0784
 1-4 NB =         4.1052  1-4 EEL =        46.6277  VDWAALS    =      1441.9258
 EELEC  =    -11060.2922  EHBOND  =         0.0000  RESTRAINT  =         2.8057
 EAMBER (non-restraint)  =     -9544.4090
 EKCMT  =       863.4389  VIRIAL  =       812.4788  VOLUME     =     30190.4630
                                                    Density    =         0.9890
 Ewald error estimate:   0.9541E-04
 ------------------------------------------------------------------------------


 NSTEP =     5000   TIME(PS) =      10.000  TEMP(K) =   299.82  PRESS =   -14.8
 Etot   =     -7733.0877  EKtot   =      1785.6036  EPtot      =     -9518.6912
 BOND   =         4.3286  ANGLE   =        11.7678  DIHED      =        10.7821
 1-4 NB =         2.9119  1-4 EEL =        42.2620  VDWAALS    =      1421.8178
 EELEC  =    -11017.3554  EHBOND  =         0.0000  RESTRAINT  =         4.7939
 EAMBER (non-restraint)  =     -9523.4852
 EKCMT  =       858.5906  VIRIAL  =       868.2570  VOLUME     =     30154.3431
                                                    Density    =         0.9901
 Ewald error estimate:   0.3981E-03
 ------------------------------------------------------------------------------


 NSTEP =     6000   TIME(PS) =      12.000  TEMP(K) =   310.07  PRESS =   456.3
 Etot   =     -7713.9258  EKtot   =      1846.6445  EPtot      =     -9560.5703
 BOND   =         1.9700  ANGLE   =         7.3033  DIHED      =        11.4850
 1-4 NB =         3.3960  1-4 EEL =        44.0699  VDWAALS    =      1482.5275
 EELEC  =    -11115.0509  EHBOND  =         0.0000  RESTRAINT  =         3.7289
 EAMBER (non-restraint)  =     -9564.2991
 EKCMT  =       904.1682  VIRIAL  =       607.7382  VOLUME     =     30085.2138
                                                    Density    =         0.9924
 Ewald error estimate:   0.1537E-03
 ------------------------------------------------------------------------------


 NSTEP =     7000   TIME(PS) =      14.000  TEMP(K) =   296.02  PRESS =  -229.7
 Etot   =     -7758.6736  EKtot   =      1762.9990  EPtot      =     -9521.6726
 BOND   =         5.0543  ANGLE   =         7.9517  DIHED      =        11.2130
 1-4 NB =         2.9869  1-4 EEL =        45.2446  VDWAALS    =      1377.1795
 EELEC  =    -10975.0275  EHBOND  =         0.0000  RESTRAINT  =         3.7248
 EAMBER (non-restraint)  =     -9525.3974
 EKCMT  =       870.7645  VIRIAL  =      1019.9910  VOLUME     =     30094.9341
                                                    Density    =         0.9921
 Ewald error estimate:   0.7610E-04
 ------------------------------------------------------------------------------


 NSTEP =     8000   TIME(PS) =      16.000  TEMP(K) =   297.91  PRESS =   624.6
 Etot   =     -7719.1643  EKtot   =      1774.2400  EPtot      =     -9493.4043
 BOND   =         3.2204  ANGLE   =        11.8442  DIHED      =        11.2041
 1-4 NB =         2.5299  1-4 EEL =        41.5268  VDWAALS    =      1489.7052
 EELEC  =    -11056.3967  EHBOND  =         0.0000  RESTRAINT  =         2.9618
 EAMBER (non-restraint)  =     -9496.3661
 EKCMT  =       861.7776  VIRIAL  =       454.4467  VOLUME     =     30201.8182
                                                    Density    =         0.9886
 Ewald error estimate:   0.1648E-03
 ------------------------------------------------------------------------------


 NSTEP =     9000   TIME(PS) =      18.000  TEMP(K) =   311.52  PRESS =  -749.9
 Etot   =     -7684.4431  EKtot   =      1855.2956  EPtot      =     -9539.7387
 BOND   =         2.1840  ANGLE   =        10.6141  DIHED      =         9.0976
 1-4 NB =         2.7662  1-4 EEL =        45.2617  VDWAALS    =      1324.6611
 EELEC  =    -10938.2154  EHBOND  =         0.0000  RESTRAINT  =         3.8920
 EAMBER (non-restraint)  =     -9543.6307
 EKCMT  =       916.4995  VIRIAL  =      1408.7223  VOLUME     =     30399.9845
                                                    Density    =         0.9821
 Ewald error estimate:   0.7439E-04
 ------------------------------------------------------------------------------


 NSTEP =    10000   TIME(PS) =      20.000  TEMP(K) =   305.15  PRESS =   227.8
 Etot   =     -7645.5862  EKtot   =      1817.3502  EPtot      =     -9462.9363
 BOND   =         2.5106  ANGLE   =         8.7595  DIHED      =         9.6277
 1-4 NB =         3.3195  1-4 EEL =        44.4103  VDWAALS    =      1430.1102
 EELEC  =    -10962.8273  EHBOND  =         0.0000  RESTRAINT  =         1.1530
 EAMBER (non-restraint)  =     -9464.0893
 EKCMT  =       917.5496  VIRIAL  =       767.5825  VOLUME     =     30494.8547
                                                    Density    =         0.9791
 Ewald error estimate:   0.1616E-03
 ------------------------------------------------------------------------------


      A V E R A G E S   O V E R   10000 S T E P S


 NSTEP =    10000   TIME(PS) =      20.000  TEMP(K) =   293.49  PRESS =  -189.2
 Etot   =     -7756.8809  EKtot   =      1747.9285  EPtot      =     -9504.8094
 BOND   =         3.4148  ANGLE   =        10.3343  DIHED      =        11.2541
 1-4 NB =         2.9563  1-4 EEL =        44.7932  VDWAALS    =      1420.6469
 EELEC  =    -11001.3200  EHBOND  =         0.0000  RESTRAINT  =         3.1109
 EAMBER (non-restraint)  =     -9507.9203
 EKCMT  =       866.6656  VIRIAL  =      1002.4958  VOLUME     =     30928.8766
                                                    Density    =         0.9669
 Ewald error estimate:   0.1922E-03
 ------------------------------------------------------------------------------


      R M S  F L U C T U A T I O N S


 NSTEP =    10000   TIME(PS) =      20.000  TEMP(K) =    26.36  PRESS =   462.1
 Etot   =       333.7554  EKtot   =       157.0157  EPtot      =       184.3355
 BOND   =         1.5985  ANGLE   =         2.4590  DIHED      =         1.3783
 1-4 NB =         0.6919  1-4 EEL =         1.9397  VDWAALS    =        87.7492
 EELEC  =       261.6788  EHBOND  =         0.0000  RESTRAINT  =         1.2620
 EAMBER (non-restraint)  =       183.0736
 EKCMT  =        76.3589  VIRIAL  =       294.5109  VOLUME     =      1296.8220
                                                    Density    =         0.0375
 Ewald error estimate:   0.1480E-03
 ------------------------------------------------------------------------------


--------------------------------------------------------------------------------
   5.  TIMINGS
--------------------------------------------------------------------------------

|>>>>>>>>PROFILE of Average TIMES>>>>>>>>> 
|                Build the list            14.24 (96.65% of List )
|                Other                      0.49 ( 3.35% of List )
|             List time                 14.73 (10.73% of Nonbo)
|                   Short_ene time            81.49 (95.96% of Direc)
|                   Other                      3.43 ( 4.04% of Direc)
|                Direct Ewald time         84.93 (69.32% of Ewald)
|                Adjust Ewald time          0.51 ( 0.41% of Ewald)
|                Self Ewald time            0.01 ( 0.01% of Ewald)
|                   Fill Bspline coeffs        1.98 ( 6.85% of Recip)
|                   Fill charge grid           2.06 ( 7.11% of Recip)
|                   Scalar sum                 7.56 (26.13% of Recip)
|                   Grad sum                   3.60 (12.44% of Recip)
|                      FFT back comm time         4.04 (31.54% of FFT t)
|                      Other                      8.77 (68.46% of FFT t)
|                   FFT time                  12.81 (44.26% of Recip)
|                   Other                      0.93 ( 3.21% of Recip)
|                Recip Ewald time          28.93 (23.62% of Ewald)
|                Force Adjust               7.35 ( 6.00% of Ewald)
|                Virial junk                0.72 ( 0.59% of Ewald)
|                Other                      0.07 ( 0.06% of Ewald)
|             Ewald time               122.51 (89.26% of Nonbo)
|             Other                      0.01 ( 0.01% of Nonbo)
|          Nonbond force            137.26 (97.80% of Force)
|          Bond/Angle/Dihedral        0.23 ( 0.17% of Force)
|          FRC Collect time           2.44 ( 1.74% of Force)
|          Other                      0.42 ( 0.30% of Force)
|       Force time               140.35 (91.10% of Runmd)
|       Shake time                 0.60 ( 0.39% of Runmd)
|       Verlet update time         5.99 ( 3.89% of Runmd)
|       Ekcmr time                 2.80 ( 1.82% of Runmd)
|       CRD distribute time        1.75 ( 1.14% of Runmd)
|       Other                      2.56 ( 1.66% of Runmd)
|    Runmd Time               154.05 (100.0% of Total)
|    Other                      0.08 ( 0.05% of Total)
| Total time               154.14 (100.0% of ALL  )

| Number of list builds   :        914

| Highest rstack allocated:      40720
| Highest istack allocated:        886

| Final Performance Info:
| -----------------------------------------------------
| Average timings for all steps:
|     Elapsed(s) =     154.71 Per Step(ms) =      15.47
|         ns/day =      11.17   seconds/ns =    7735.39
| -----------------------------------------------------

|           Job began  at 15:37:05.773  on 03/14/2017
|           Setup done at 15:37:05.862  on 03/14/2017
|           Run   done at 15:39:40.165  on 03/14/2017
|     wallclock() was called  571895 times
