
          -------------------------------------------------------
          Amber 16 SANDER                              2016
          -------------------------------------------------------

| Run on 03/14/2017 at 14:40:34

|   Executable path: sander.MPI
| Working directory: /home/steboss/projects/mdgx-tests/alanine/IPOLQ/input/PhiPsi_1/255/195
|          Hostname: node007

  [-O]verwriting output

File Assignments:
|  MDIN: min.in                                                                
| MDOUT: Conf195.min.out                                                       
|INPCRD: Conf195.crd                                                           
|  PARM: Conf195.top                                                           
|RESTRT: Conf195.min                                                           
|  REFC: Conf195.crd                                                           
| MDVEL: mdvel                                                                 
| MDFRC: mdfrc                                                                 
|  MDEN: mden                                                                  
| MDCRD: mdcrd                                                                 
|MDINFO: mdinfo                                                                
|  MTMD: mtmd                                                                  
|INPDIP: inpdip                                                                
|RSTDIP: rstdip                                                                
|INPTRA: inptraj                                                               

|    REMLOG: rem.log
|   REMTYPE: rem.type
|  REMSTRIP: 
|   SAVEENE: saveene
|CLUSTERINF: cluster.info
| RESERVOIR: reserv/frame
|   REMDDIM: 


 Here is the input file:

Initial minimization                                                           
 &cntrl                                                                        
  ntx    = 1,       irest  = 0,       ntrx   = 1,      ntxo   = 1,             
  ntpr   = 20,      ntwx   = 0,       ntwv   = 0,      ntwe   = 0,             
                                                                               
  ntf    = 1,       ntb    = 1,                                                
  ntc    = 1,       ntr    = 1,                                                
  restraintmask = ':1',                                                        
  restraint_wt = 100.0,                                                        
  cut    = 9.0,                                                                
                                                                               
  imin   = 1,                                                                  
  maxcyc = 1000,                                                               
  ncyc   = 100,                                                                
                                                                               
 &end                                                                          

--------------------------------------------------------------------------------
   1.  RESOURCE   USE: 
--------------------------------------------------------------------------------

| Flags: MPI                                                                    
 getting new box info from bottom of inpcrd
|  INFO: Old style inpcrd file read

| peek_ewald_inpcrd: Box info found
|Largest sphere to fit in unit cell has radius =    14.713
| New format PARM file being parsed.
| Version =    1.000 Date = 03/14/17 Time = 13:39:16
 NATOM  =    2986 NTYPES =       9 NBONH =    2976 MBONA  =       9
 NTHETH =      25 MTHETA =      11 NPHIH =      43 MPHIA  =      24
 NHPARM =       0 NPARM  =       0 NNB   =    4051 NRES   =     991
 NBONA  =       9 NTHETA =      11 NPHIA =      24 NUMBND =      10
 NUMANG =      16 NPTRA  =      19 NATYP =       9 NPHB   =       1
 IFBOX  =       2 NMXRS  =      10 IFCAP =       0 NEXTRA =       0
 NCOPY  =       0


|     Memory Use     Allocated
|     Real              340794
|     Hollerith           9951
|     Integer            91064
|     Max Pairs         331196
|     nblistReal         35832
|     nblist Int        100012
|       Total             5021 kbytes

| Note: 1-4 EEL scale factors are being read from the topology file.

| Note: 1-4 VDW scale factors are being read from the topology file.
| Duplicated    0 dihedrals
| Duplicated    0 dihedrals

     BOX TYPE: TRUNCATED OCTAHEDRON

--------------------------------------------------------------------------------
   2.  CONTROL  DATA  FOR  THE  RUN
--------------------------------------------------------------------------------

default_name                                                                    

General flags:
     imin    =       1, nmropt  =       0

Nature and format of input:
     ntx     =       1, irest   =       0, ntrx    =       1

Nature and format of output:
     ntxo    =       1, ntpr    =      20, ntrx    =       1, ntwr    =       1
     iwrap   =       0, ntwx    =       0, ntwv    =       0, ntwe    =       0
     ioutfm  =       1, ntwprt  =       0, idecomp =       0, rbornstat=      0

Potential function:
     ntf     =       1, ntb     =       1, igb     =       0, nsnb    =      25
     ipol    =       0, gbsa    =       0, iesp    =       0
     dielc   =   1.00000, cut     =   9.00000, intdiel =   1.00000

Frozen or restrained atoms:
     ibelly  =       0, ntr     =       1
     restraint_wt = 100.00000

Energy minimization:
     maxcyc  =    1000, ncyc    =     100, ntmin   =       1
     dx0     =   0.01000, drms    =   0.00010

Ewald parameters:
     verbose =       0, ew_type =       0, nbflag  =       1, use_pme =       1
     vdwmeth =       1, eedmeth =       1, netfrc  =       0
     Box X =   36.040   Box Y =   36.040   Box Z =   36.040
     Alpha =  109.471   Beta  =  109.471   Gamma =  109.471
     NFFT1 =   36       NFFT2 =   36       NFFT3 =   36
     Cutoff=    9.000   Tol   =0.100E-04
     Ewald Coefficient =  0.30768
     Interpolation order =    4

| MPI Timing options:
|      profile_mpi =        0

    LOADING THE CONSTRAINED ATOMS AS GROUPS


   5.  REFERENCE ATOM COORDINATES

  defa
     Mask :1; matches     6 atoms

--------------------------------------------------------------------------------
   3.  ATOMIC COORDINATES AND VELOCITIES
--------------------------------------------------------------------------------

default_name                                                                    
 begin time read from input coords =     0.000 ps

 Number of triangulated 3-point waters found:      988
|  Atom division among processors:
|         0     373     748    1120    1492    1867    2239    2611
|      2986

     Sum of charges from parm topology file =  -0.00000000
     Forcing neutrality...
|  Running AMBER/MPI version on    8 nodes


--------------------------------------------------------------------------------
   4.  RESULTS
--------------------------------------------------------------------------------

 ---------------------------------------------------
 APPROXIMATING switch and d/dx switch using CUBIC SPLINE INTERPOLATION
 using   5000.0 points per unit in tabled values
 TESTING RELATIVE ERROR over r ranging from 0.0 to cutoff
| CHECK switch(x): max rel err =   0.2738E-14   at   2.422500
| CHECK d/dx switch(x): max rel err =   0.8314E-11   at   2.736960
 ---------------------------------------------------
| Local SIZE OF NONBOND LIST =      93520
| TOTAL SIZE OF NONBOND LIST =     689718


   NSTEP       ENERGY          RMS            GMAX         NAME    NUMBER
      1      -8.3512E+03     1.2168E+01     5.9534E+01     O         323

 BOND    =        0.5009  ANGLE   =        1.0119  DIHED      =        9.5807
 VDWAALS =      915.7805  EEL     =    -9328.1130  HBOND      =        0.0000
 1-4 VDW =        3.1434  1-4 EEL =       46.9028  RESTRAINT  =        0.0000


   NSTEP       ENERGY          RMS            GMAX         NAME    NUMBER
     20      -9.2109E+03     2.6806E+00     1.9769E+01     O         407

 BOND    =      483.4800  ANGLE   =        0.9901  DIHED      =        9.5643
 VDWAALS =      865.7229  EEL     =   -10620.6391  HBOND      =        0.0000
 1-4 VDW =        3.1194  1-4 EEL =       46.8218  RESTRAINT  =        0.0099
 EAMBER  =    -9210.9405


   NSTEP       ENERGY          RMS            GMAX         NAME    NUMBER
     40      -9.8501E+03     1.5823E+00     6.7597E+00     H1       2043

 BOND    =      531.0122  ANGLE   =        0.9643  DIHED      =        9.5150
 VDWAALS =      907.0150  EEL     =   -11348.5224  HBOND      =        0.0000
 1-4 VDW =        3.0939  1-4 EEL =       46.7698  RESTRAINT  =        0.0220
 EAMBER  =    -9850.1522


   NSTEP       ENERGY          RMS            GMAX         NAME    NUMBER
     60      -1.0091E+04     3.3150E+00     1.0365E+01     H2       1036

 BOND    =      506.0471  ANGLE   =        0.9580  DIHED      =        9.4771
 VDWAALS =      944.3639  EEL     =   -11602.0957  HBOND      =        0.0000
 1-4 VDW =        3.0696  1-4 EEL =       46.7444  RESTRAINT  =        0.0245
 EAMBER  =   -10091.4356


   NSTEP       ENERGY          RMS            GMAX         NAME    NUMBER
     80      -1.0244E+04     3.8912E+00     1.3186E+01     H2       1309

 BOND    =      512.5710  ANGLE   =        0.9586  DIHED      =        9.4472
 VDWAALS =      979.7708  EEL     =   -11796.1654  HBOND      =        0.0000
 1-4 VDW =        3.0475  1-4 EEL =       46.7259  RESTRAINT  =        0.0264
 EAMBER  =   -10243.6444


   NSTEP       ENERGY          RMS            GMAX         NAME    NUMBER
    100      -1.0380E+04     9.2610E-01     4.1942E+00     H2        517

 BOND    =      607.6204  ANGLE   =        0.9622  DIHED      =        9.4214
 VDWAALS =     1013.8165  EEL     =   -12061.4247  HBOND      =        0.0000
 1-4 VDW =        3.0281  1-4 EEL =       46.7136  RESTRAINT  =        0.0281
 EAMBER  =   -10379.8625


   NSTEP       ENERGY          RMS            GMAX         NAME    NUMBER
    120      -1.0861E+04     6.3113E+00     1.0604E+02     H1       1251

 BOND    =      738.5305  ANGLE   =        1.0095  DIHED      =        9.1889
 VDWAALS =     1461.7991  EEL     =   -13120.7311  HBOND      =        0.0000
 1-4 VDW =        2.8682  1-4 EEL =       46.6153  RESTRAINT  =        0.0439
 EAMBER  =   -10860.7197


   NSTEP       ENERGY          RMS            GMAX         NAME    NUMBER
    140      -1.1043E+04     1.5359E+00     2.4455E+01     H2       2650

 BOND    =      732.0755  ANGLE   =        1.2982  DIHED      =        9.1763
 VDWAALS =     1450.8247  EEL     =   -13285.9718  HBOND      =        0.0000
 1-4 VDW =        2.9122  1-4 EEL =       46.6409  RESTRAINT  =        0.0371
 EAMBER  =   -11043.0440


   NSTEP       ENERGY          RMS            GMAX         NAME    NUMBER
    160      -1.1150E+04     1.7902E+00     3.3171E+01     O         539

 BOND    =      729.2633  ANGLE   =        0.8639  DIHED      =        9.1414
 VDWAALS =     1462.7026  EEL     =   -13401.8997  HBOND      =        0.0000
 1-4 VDW =        2.8091  1-4 EEL =       46.6668  RESTRAINT  =        0.0348
 EAMBER  =   -11150.4525


   NSTEP       ENERGY          RMS            GMAX         NAME    NUMBER
    180      -1.1263E+04     1.3113E+00     2.6734E+01     HH31       20

 BOND    =      779.5486  ANGLE   =        1.7488  DIHED      =        9.1861
 VDWAALS =     1615.2608  EEL     =   -13717.6126  HBOND      =        0.0000
 1-4 VDW =        2.6091  1-4 EEL =       46.0190  RESTRAINT  =        0.1285
 EAMBER  =   -11263.2402


   NSTEP       ENERGY          RMS            GMAX         NAME    NUMBER
    200      -1.1352E+04     1.3708E+00     3.5809E+01     CH3        19

 BOND    =      785.1570  ANGLE   =        3.6895  DIHED      =        9.1736
 VDWAALS =     1632.1342  EEL     =   -13831.6293  HBOND      =        0.0000
 1-4 VDW =        3.0841  1-4 EEL =       46.5305  RESTRAINT  =        0.1980
 EAMBER  =   -11351.8604


   NSTEP       ENERGY          RMS            GMAX         NAME    NUMBER
    220      -1.1400E+04     1.6098E+00     2.6676E+01     N          17

 BOND    =      751.9090  ANGLE   =        1.0385  DIHED      =        8.9785
 VDWAALS =     1689.7123  EEL     =   -13901.7560  HBOND      =        0.0000
 1-4 VDW =        2.8379  1-4 EEL =       46.8058  RESTRAINT  =        0.0750
 EAMBER  =   -11400.4740


   NSTEP       ENERGY          RMS            GMAX         NAME    NUMBER
    240      -1.1492E+04     1.8372E+00     3.5908E+01     CA          9

 BOND    =      831.7981  ANGLE   =        1.1636  DIHED      =        8.9610
 VDWAALS =     1756.2689  EEL     =   -14140.0890  HBOND      =        0.0000
 1-4 VDW =        2.6731  1-4 EEL =       46.7635  RESTRAINT  =        0.0941
 EAMBER  =   -11492.4608


   NSTEP       ENERGY          RMS            GMAX         NAME    NUMBER
    260      -1.1525E+04     7.3622E-01     1.6548E+01     CH3         2

 BOND    =      791.5503  ANGLE   =        1.4634  DIHED      =        8.9621
 VDWAALS =     1770.7147  EEL     =   -14146.8937  HBOND      =        0.0000
 1-4 VDW =        2.7167  1-4 EEL =       46.7571  RESTRAINT  =        0.0900
 EAMBER  =   -11524.7294


   NSTEP       ENERGY          RMS            GMAX         NAME    NUMBER
    280      -1.1576E+04     8.7892E-01     1.9446E+01     O           6

 BOND    =      833.1911  ANGLE   =        1.9077  DIHED      =        9.4083
 VDWAALS =     1853.7223  EEL     =   -14323.6202  HBOND      =        0.0000
 1-4 VDW =        2.7149  1-4 EEL =       45.9409  RESTRAINT  =        0.5203
 EAMBER  =   -11576.7350


   NSTEP       ENERGY          RMS            GMAX         NAME    NUMBER
    300      -1.1620E+04     7.9464E-01     1.6062E+01     CA          9

 BOND    =      838.6037  ANGLE   =        1.5535  DIHED      =        9.3474
 VDWAALS =     1853.7616  EEL     =   -14372.0498  HBOND      =        0.0000
 1-4 VDW =        2.7130  1-4 EEL =       45.7622  RESTRAINT  =        0.2272
 EAMBER  =   -11620.3083


   NSTEP       ENERGY          RMS            GMAX         NAME    NUMBER
    320      -1.1648E+04     1.0776E+00     3.0488E+01     N          17

 BOND    =      821.6104  ANGLE   =        2.3013  DIHED      =        9.1763
 VDWAALS =     1893.6855  EEL     =   -14423.9360  HBOND      =        0.0000
 1-4 VDW =        2.6905  1-4 EEL =       45.6141  RESTRAINT  =        0.4185
 EAMBER  =   -11648.8579


   NSTEP       ENERGY          RMS            GMAX         NAME    NUMBER
    340      -1.1702E+04     9.5862E-01     3.3521E+01     C          15

 BOND    =      849.7911  ANGLE   =        1.4980  DIHED      =        8.9066
 VDWAALS =     1926.5743  EEL     =   -14539.5951  HBOND      =        0.0000
 1-4 VDW =        2.6693  1-4 EEL =       47.4222  RESTRAINT  =        0.2587
 EAMBER  =   -11702.7336


   NSTEP       ENERGY          RMS            GMAX         NAME    NUMBER
    360      -1.1716E+04     5.3999E-01     1.2998E+01     C           5

 BOND    =      833.7454  ANGLE   =        0.9288  DIHED      =        8.8808
 VDWAALS =     1933.6483  EEL     =   -14542.6768  HBOND      =        0.0000
 1-4 VDW =        2.7462  1-4 EEL =       47.0260  RESTRAINT  =        0.0885
 EAMBER  =   -11715.7012


   NSTEP       ENERGY          RMS            GMAX         NAME    NUMBER
    380      -1.1791E+04     8.1825E-01     1.5454E+01     N          17

 BOND    =      879.2993  ANGLE   =        1.1030  DIHED      =        8.9622
 VDWAALS =     2054.6022  EEL     =   -14783.8447  HBOND      =        0.0000
 1-4 VDW =        2.5967  1-4 EEL =       46.0275  RESTRAINT  =        0.1884
 EAMBER  =   -11791.2537


   NSTEP       ENERGY          RMS            GMAX         NAME    NUMBER
    400      -1.1828E+04     7.1482E-01     2.2513E+01     C           5

 BOND    =      881.9157  ANGLE   =        1.5485  DIHED      =        9.0664
 VDWAALS =     2049.0055  EEL     =   -14818.1638  HBOND      =        0.0000
 1-4 VDW =        2.6720  1-4 EEL =       45.9302  RESTRAINT  =        0.1013
 EAMBER  =   -11828.0255


   NSTEP       ENERGY          RMS            GMAX         NAME    NUMBER
    420      -1.1843E+04     8.5885E-01     2.6758E+01     C           5

 BOND    =      871.0659  ANGLE   =        1.9204  DIHED      =        9.2555
 VDWAALS =     2066.2599  EEL     =   -14840.7022  HBOND      =        0.0000
 1-4 VDW =        2.8197  1-4 EEL =       45.6537  RESTRAINT  =        0.5121
 EAMBER  =   -11843.7271


   NSTEP       ENERGY          RMS            GMAX         NAME    NUMBER
    440      -1.1886E+04     9.3196E-01     2.2808E+01     C          15

 BOND    =      870.0698  ANGLE   =        1.2076  DIHED      =        8.9599
 VDWAALS =     2087.9343  EEL     =   -14903.1578  HBOND      =        0.0000
 1-4 VDW =        2.6525  1-4 EEL =       46.5568  RESTRAINT  =        0.2436
 EAMBER  =   -11885.7769


   NSTEP       ENERGY          RMS            GMAX         NAME    NUMBER
    460      -1.1897E+04     4.7699E-01     1.1468E+01     C          15

 BOND    =      878.8835  ANGLE   =        0.8161  DIHED      =        8.9639
 VDWAALS =     2096.2233  EEL     =   -14931.1471  HBOND      =        0.0000
 1-4 VDW =        2.8188  1-4 EEL =       46.5285  RESTRAINT  =        0.1086
 EAMBER  =   -11896.9130


   NSTEP       ENERGY          RMS            GMAX         NAME    NUMBER
    480      -1.1930E+04     1.4023E+00     2.3712E+01     C          15

 BOND    =      912.7488  ANGLE   =        2.3550  DIHED      =        9.2067
 VDWAALS =     2143.1969  EEL     =   -15046.0031  HBOND      =        0.0000
 1-4 VDW =        2.5879  1-4 EEL =       45.6788  RESTRAINT  =        0.2361
 EAMBER  =   -11930.2289


   NSTEP       ENERGY          RMS            GMAX         NAME    NUMBER
    500      -1.1955E+04     4.1708E-01     9.4880E+00     N          17

 BOND    =      895.1450  ANGLE   =        1.5108  DIHED      =        9.1610
 VDWAALS =     2145.7286  EEL     =   -15055.6042  HBOND      =        0.0000
 1-4 VDW =        2.5932  1-4 EEL =       46.3446  RESTRAINT  =        0.1478
 EAMBER  =   -11955.1208


   NSTEP       ENERGY          RMS            GMAX         NAME    NUMBER
    520      -1.1970E+04     1.0238E+00     2.8469E+01     N           7

 BOND    =      879.9157  ANGLE   =        1.5755  DIHED      =        9.2244
 VDWAALS =     2165.8909  EEL     =   -15075.8259  HBOND      =        0.0000
 1-4 VDW =        2.6277  1-4 EEL =       46.4856  RESTRAINT  =        0.4543
 EAMBER  =   -11970.1062


   NSTEP       ENERGY          RMS            GMAX         NAME    NUMBER
    540      -1.1990E+04     5.8925E-01     1.2482E+01     CH3         2

 BOND    =      900.1086  ANGLE   =        1.1035  DIHED      =        8.8960
 VDWAALS =     2177.9584  EEL     =   -15127.5849  HBOND      =        0.0000
 1-4 VDW =        2.8039  1-4 EEL =       46.6075  RESTRAINT  =        0.1318
 EAMBER  =   -11990.1070


   NSTEP       ENERGY          RMS            GMAX         NAME    NUMBER
    560      -1.1996E+04     3.2249E-01     6.7100E+00     C          15

 BOND    =      895.2125  ANGLE   =        0.9754  DIHED      =        8.8938
 VDWAALS =     2180.7134  EEL     =   -15131.4094  HBOND      =        0.0000
 1-4 VDW =        2.7545  1-4 EEL =       46.5602  RESTRAINT  =        0.0828
 EAMBER  =   -11996.2996


   NSTEP       ENERGY          RMS            GMAX         NAME    NUMBER
    580      -1.2013E+04     4.7380E-01     1.3961E+01     C          15

 BOND    =      906.3320  ANGLE   =        1.3870  DIHED      =        9.1126
 VDWAALS =     2206.1407  EEL     =   -15185.3690  HBOND      =        0.0000
 1-4 VDW =        2.7131  1-4 EEL =       46.0623  RESTRAINT  =        0.1261
 EAMBER  =   -12013.6213


   NSTEP       ENERGY          RMS            GMAX         NAME    NUMBER
    600      -1.2026E+04     2.9703E-01     8.6548E+00     N          17

 BOND    =      907.5404  ANGLE   =        1.0935  DIHED      =        9.1252
 VDWAALS =     2205.8634  EEL     =   -15198.9523  HBOND      =        0.0000
 1-4 VDW =        2.6616  1-4 EEL =       46.1895  RESTRAINT  =        0.1366
 EAMBER  =   -12026.4788


   NSTEP       ENERGY          RMS            GMAX         NAME    NUMBER
    620      -1.2037E+04     7.7846E-01     2.1733E+01     N           7

 BOND    =      906.9474  ANGLE   =        0.9604  DIHED      =        9.1208
 VDWAALS =     2225.1942  EEL     =   -15228.5199  HBOND      =        0.0000
 1-4 VDW =        2.6897  1-4 EEL =       46.2516  RESTRAINT  =        0.2219
 EAMBER  =   -12037.3558


   NSTEP       ENERGY          RMS            GMAX         NAME    NUMBER
    640      -1.2052E+04     4.5791E-01     1.2908E+01     C           5

 BOND    =      907.3761  ANGLE   =        0.9735  DIHED      =        8.8938
 VDWAALS =     2230.2279  EEL     =   -15249.3676  HBOND      =        0.0000
 1-4 VDW =        2.7775  1-4 EEL =       46.6450  RESTRAINT  =        0.0928
 EAMBER  =   -12052.4739


   NSTEP       ENERGY          RMS            GMAX         NAME    NUMBER
    660      -1.2056E+04     2.8390E-01     6.3254E+00     CB         11

 BOND    =      911.1474  ANGLE   =        0.9557  DIHED      =        8.8832
 VDWAALS =     2231.5334  EEL     =   -15258.2975  HBOND      =        0.0000
 1-4 VDW =        2.8027  1-4 EEL =       46.5913  RESTRAINT  =        0.0770
 EAMBER  =   -12056.3837


   NSTEP       ENERGY          RMS            GMAX         NAME    NUMBER
    680      -1.2067E+04     3.8128E-01     1.0738E+01     C          15

 BOND    =      914.3320  ANGLE   =        1.3434  DIHED      =        9.1365
 VDWAALS =     2243.6056  EEL     =   -15284.3248  HBOND      =        0.0000
 1-4 VDW =        2.7296  1-4 EEL =       46.0634  RESTRAINT  =        0.1437
 EAMBER  =   -12067.1144


   NSTEP       ENERGY          RMS            GMAX         NAME    NUMBER
    700      -1.2074E+04     2.1696E-01     5.1220E+00     N          17

 BOND    =      912.2423  ANGLE   =        1.0816  DIHED      =        9.1019
 VDWAALS =     2244.5627  EEL     =   -15289.7770  HBOND      =        0.0000
 1-4 VDW =        2.6708  1-4 EEL =       46.2113  RESTRAINT  =        0.1461
 EAMBER  =   -12073.9063


   NSTEP       ENERGY          RMS            GMAX         NAME    NUMBER
    720      -1.2079E+04     3.9663E-01     1.4822E+01     C          15

 BOND    =      914.7031  ANGLE   =        1.1332  DIHED      =        9.0124
 VDWAALS =     2251.1202  EEL     =   -15304.0832  HBOND      =        0.0000
 1-4 VDW =        2.6899  1-4 EEL =       46.2748  RESTRAINT  =        0.1138
 EAMBER  =   -12079.1496


   NSTEP       ENERGY          RMS            GMAX         NAME    NUMBER
    740      -1.2095E+04     5.0957E-01     1.4194E+01     CA          9

 BOND    =      915.1369  ANGLE   =        0.7155  DIHED      =        8.9017
 VDWAALS =     2259.4353  EEL     =   -15328.3644  HBOND      =        0.0000
 1-4 VDW =        2.8103  1-4 EEL =       46.6239  RESTRAINT  =        0.0942
 EAMBER  =   -12094.7409


   NSTEP       ENERGY          RMS            GMAX         NAME    NUMBER
    760      -1.2098E+04     2.5989E-01     6.4638E+00     CB         11

 BOND    =      916.1227  ANGLE   =        0.9523  DIHED      =        8.8921
 VDWAALS =     2260.8226  EEL     =   -15334.4068  HBOND      =        0.0000
 1-4 VDW =        2.7865  1-4 EEL =       46.5192  RESTRAINT  =        0.0796
 EAMBER  =   -12098.3116


   NSTEP       ENERGY          RMS            GMAX         NAME    NUMBER
    780      -1.2113E+04     5.7212E-01     1.0979E+01     HA         10

 BOND    =      922.0388  ANGLE   =        1.6101  DIHED      =        9.1330
 VDWAALS =     2275.6261  EEL     =   -15370.3173  HBOND      =        0.0000
 1-4 VDW =        2.7306  1-4 EEL =       46.2570  RESTRAINT  =        0.2836
 EAMBER  =   -12112.9217


   NSTEP       ENERGY          RMS            GMAX         NAME    NUMBER
    800      -1.2123E+04     3.0482E-01     6.9119E+00     CB         11

 BOND    =      921.0811  ANGLE   =        1.0071  DIHED      =        9.0510
 VDWAALS =     2276.8723  EEL     =   -15380.6134  HBOND      =        0.0000
 1-4 VDW =        2.6213  1-4 EEL =       46.3241  RESTRAINT  =        0.2427
 EAMBER  =   -12123.6566


   NSTEP       ENERGY          RMS            GMAX         NAME    NUMBER
    820      -1.2130E+04     5.6737E-01     1.7922E+01     CH3        19

 BOND    =      924.4851  ANGLE   =        1.0624  DIHED      =        8.9445
 VDWAALS =     2287.9018  EEL     =   -15401.9161  HBOND      =        0.0000
 1-4 VDW =        2.7531  1-4 EEL =       46.2489  RESTRAINT  =        0.1741
 EAMBER  =   -12130.5203


   NSTEP       ENERGY          RMS            GMAX         NAME    NUMBER
    840      -1.2142E+04     2.9316E-01     8.1859E+00     CA          9

 BOND    =      925.7561  ANGLE   =        0.8383  DIHED      =        8.9021
 VDWAALS =     2294.8990  EEL     =   -15421.2971  HBOND      =        0.0000
 1-4 VDW =        2.8468  1-4 EEL =       46.3676  RESTRAINT  =        0.0677
 EAMBER  =   -12141.6873


   NSTEP       ENERGY          RMS            GMAX         NAME    NUMBER
    860      -1.2146E+04     2.3380E-01     5.6419E+00     CB         11

 BOND    =      923.2372  ANGLE   =        0.9766  DIHED      =        8.9350
 VDWAALS =     2298.4911  EEL     =   -15426.4790  HBOND      =        0.0000
 1-4 VDW =        2.7706  1-4 EEL =       46.2931  RESTRAINT  =        0.0964
 EAMBER  =   -12145.7754


   NSTEP       ENERGY          RMS            GMAX         NAME    NUMBER
    880      -1.2155E+04     3.1217E-01     6.9452E+00     N          17

 BOND    =      927.1998  ANGLE   =        1.0749  DIHED      =        9.0594
 VDWAALS =     2313.8262  EEL     =   -15455.0282  HBOND      =        0.0000
 1-4 VDW =        2.6611  1-4 EEL =       46.2078  RESTRAINT  =        0.1385
 EAMBER  =   -12154.9991


   NSTEP       ENERGY          RMS            GMAX         NAME    NUMBER
    900      -1.2162E+04     4.1453E-01     1.1550E+01     O           6

 BOND    =      929.4372  ANGLE   =        1.1023  DIHED      =        9.1318
 VDWAALS =     2316.8668  EEL     =   -15467.7794  HBOND      =        0.0000
 1-4 VDW =        2.5989  1-4 EEL =       46.4879  RESTRAINT  =        0.3538
 EAMBER  =   -12162.1545


   NSTEP       ENERGY          RMS            GMAX         NAME    NUMBER
    920      -1.2166E+04     4.9636E-01     1.3839E+01     CH3        19

 BOND    =      924.1313  ANGLE   =        0.9827  DIHED      =        8.9638
 VDWAALS =     2322.7652  EEL     =   -15472.5137  HBOND      =        0.0000
 1-4 VDW =        2.8060  1-4 EEL =       46.3938  RESTRAINT  =        0.1466
 EAMBER  =   -12166.4709


   NSTEP       ENERGY          RMS            GMAX         NAME    NUMBER
    940      -1.2175E+04     2.8710E-01     9.9636E+00     C          15

 BOND    =      933.1326  ANGLE   =        0.7835  DIHED      =        8.9224
 VDWAALS =     2328.6119  EEL     =   -15496.1062  HBOND      =        0.0000
 1-4 VDW =        2.8235  1-4 EEL =       46.3757  RESTRAINT  =        0.0742
 EAMBER  =   -12175.4566


   NSTEP       ENERGY          RMS            GMAX         NAME    NUMBER
    960      -1.2179E+04     1.7948E-01     5.4533E+00     C           5

 BOND    =      929.6992  ANGLE   =        0.9047  DIHED      =        8.9669
 VDWAALS =     2331.4573  EEL     =   -15499.1953  HBOND      =        0.0000
 1-4 VDW =        2.7527  1-4 EEL =       46.3949  RESTRAINT  =        0.0959
 EAMBER  =   -12179.0196


   NSTEP       ENERGY          RMS            GMAX         NAME    NUMBER
    980      -1.2187E+04     3.1246E-01     4.6885E+00     C          15

 BOND    =      935.3072  ANGLE   =        1.1192  DIHED      =        9.0690
 VDWAALS =     2342.6099  EEL     =   -15523.9332  HBOND      =        0.0000
 1-4 VDW =        2.6483  1-4 EEL =       46.2784  RESTRAINT  =        0.1449
 EAMBER  =   -12186.9011


   NSTEP       ENERGY          RMS            GMAX         NAME    NUMBER
   1000      -1.2193E+04     2.2514E-01     6.8408E+00     C           5

 BOND    =      933.8444  ANGLE   =        0.9520  DIHED      =        9.0464
 VDWAALS =     2343.2914  EEL     =   -15528.9295  HBOND      =        0.0000
 1-4 VDW =        2.6340  1-4 EEL =       46.3007  RESTRAINT  =        0.1800
 EAMBER  =   -12192.8605


  Maximum number of minimization cycles reached.


                    FINAL RESULTS



   NSTEP       ENERGY          RMS            GMAX         NAME    NUMBER
   1000      -1.2193E+04     2.2514E-01     6.8408E+00     C           5

 BOND    =      933.8444  ANGLE   =        0.9520  DIHED      =        9.0464
 VDWAALS =     2343.2914  EEL     =   -15528.9295  HBOND      =        0.0000
 1-4 VDW =        2.6340  1-4 EEL =       46.3007  RESTRAINT  =        0.1800
 EAMBER  =   -12192.8605

--------------------------------------------------------------------------------
   5.  TIMINGS
--------------------------------------------------------------------------------

|                Build the list             0.08 (57.61% of List )
|                Other                      0.06 (42.39% of List )
|             List time                  0.14 ( 1.31% of Nonbo)
|                   Short_ene time             7.20 (96.77% of Direc)
|                   Other                      0.24 ( 3.23% of Direc)
|                Direct Ewald time          7.44 (68.36% of Ewald)
|                Adjust Ewald time          0.05 ( 0.43% of Ewald)
|                Self Ewald time            0.00 ( 0.01% of Ewald)
|                   Fill Bspline coeffs        0.18 ( 6.30% of Recip)
|                   Fill charge grid           0.15 ( 5.25% of Recip)
|                   Scalar sum                 0.62 (22.09% of Recip)
|                   Grad sum                   0.34 (12.03% of Recip)
|                      FFT back comm time         0.26 (17.71% of FFT t)
|                      Other                      1.22 (82.29% of FFT t)
|                   FFT time                   1.48 (52.71% of Recip)
|                   Other                      0.05 ( 1.63% of Recip)
|                Recip Ewald time           2.80 (25.74% of Ewald)
|                Force Adjust               0.50 ( 4.63% of Ewald)
|                Virial junk                0.08 ( 0.78% of Ewald)
|                Start synchronizatio       0.00 ( 0.01% of Ewald)
|                Other                      0.01 ( 0.05% of Ewald)
|             Ewald time                10.89 (98.68% of Nonbo)
|             Other                      0.00 ( 0.01% of Nonbo)
|          Nonbond force             11.03 (90.44% of Force)
|          Bond/Angle/Dihedral        0.04 ( 0.34% of Force)
|          FRC Collect time           0.21 ( 1.71% of Force)
|          Other                      0.92 ( 7.51% of Force)
|       Force time                12.20 (100.0% of Runmd)
|    Runmd Time                12.20 ( 6.10% of Total)
|    Other                    187.79 (93.90% of Total)
| Total time               200.00 (100.0% of ALL  )

| Highest rstack allocated:      40666
| Highest istack allocated:        884
|           Job began  at 14:40:34.865  on 03/14/2017
|           Setup done at 14:40:35.013  on 03/14/2017
|           Run   done at 14:43:54.864  on 03/14/2017
|     wallclock() was called   44070 times
