
          -------------------------------------------------------
          Amber 16 SANDER                              2016
          -------------------------------------------------------

| Run on 03/14/2017 at 14:06:02

|   Executable path: sander.MPI
| Working directory: /home/steboss/projects/mdgx-tests/alanine/IPOLQ/input/PhiPsi_1/150/120
|          Hostname: node012

  [-O]verwriting output

File Assignments:
|  MDIN: equil.in                                                              
| MDOUT: Conf120.eq.out                                                        
|INPCRD: Conf120.min                                                           
|  PARM: Conf120.top                                                           
|RESTRT: Conf120.rst                                                           
|  REFC: Conf120.crd                                                           
| MDVEL: mdvel                                                                 
| MDFRC: mdfrc                                                                 
|  MDEN: mden                                                                  
| MDCRD: mdcrd                                                                 
|MDINFO: mdinfo                                                                
|  MTMD: mtmd                                                                  
|INPDIP: inpdip                                                                
|RSTDIP: rstdip                                                                
|INPTRA: inptraj                                                               

|    REMLOG: rem.log
|   REMTYPE: rem.type
|  REMSTRIP: 
|   SAVEENE: saveene
|CLUSTERINF: cluster.info
| RESERVOIR: reserv/frame
|   REMDDIM: 


 Here is the input file:

Equilibrate water in NPT                                                       
 &cntrl                                                                        
                                                                               
  nmropt = 0,                                                                  
  ntx    = 1,       irest  = 0,       ntrx   = 1,      ntxo   = 1,             
  ntpr   = 1000,    ntwx   = 1000,    ntwv   = 0,      ntwe   = 1000,          
  iwrap  = 0,       ioutfm = 1,                                                
                                                                               
  ntf    = 2,       ntb    = 2,                                                
  cut = 9.0,                                                                   
                                                                               
  ibelly = 0,       ntr    = 1,                                                
  restraintmask = ':1',                                                        
  restraint_wt = 100.0,                                                        
                                                                               
  imin   = 0,                                                                  
  nstlim = 10000,                                                              
  nscm   = 1000,                                                               
  t      = 0.0,     dt     = 0.002,                                            
                                                                               
  temp0     = 298.0,   tempi  = 0.0,                                           
  ig        = -1,                                                              
  ntt       = 3,                                                               
  gamma_ln  = 3.0,                                                             
                                                                               
  ntp    = 1,       pres0  = 1.0,     comp   = 44.6,                           
  taup   = 1.0,                                                                
                                                                               
  ntc    = 2,       tol    = 0.000001, watnam = 'WAT ',                        
                                                                               
 &end                                                                          

--------------------------------------------------------------------------------
   1.  RESOURCE   USE: 
--------------------------------------------------------------------------------

| Flags: MPI                                                                    
 getting new box info from bottom of inpcrd
|  INFO: Old style inpcrd file read

| peek_ewald_inpcrd: Box info found
|Largest sphere to fit in unit cell has radius =    14.916
| New format PARM file being parsed.
| Version =    1.000 Date = 03/14/17 Time = 13:38:15
 NATOM  =    3145 NTYPES =       9 NBONH =    3135 MBONA  =       9
 NTHETH =      25 MTHETA =      11 NPHIH =      43 MPHIA  =      24
 NHPARM =       0 NPARM  =       0 NNB   =    4263 NRES   =    1044
 NBONA  =       9 NTHETA =      11 NPHIA =      24 NUMBND =      10
 NUMANG =      16 NPTRA  =      19 NATYP =       9 NPHB   =       1
 IFBOX  =       2 NMXRS  =      10 IFCAP =       0 NEXTRA =       0
 NCOPY  =       0


|     Memory Use     Allocated
|     Real              316369
|     Hollerith          10481
|     Integer            94668
|     Max Pairs         348832
|     nblistReal         37740
|     nblist Int        103722
|       Total             4945 kbytes

| Note: 1-4 EEL scale factors are being read from the topology file.

| Note: 1-4 VDW scale factors are being read from the topology file.
| Duplicated    0 dihedrals
| Duplicated    0 dihedrals

     BOX TYPE: TRUNCATED OCTAHEDRON
Note: ig = -1. Setting random seed to    58822 based on wallclock time in microseconds
      and disabling the synchronization of random numbers between tasks
      to improve performance.

--------------------------------------------------------------------------------
   2.  CONTROL  DATA  FOR  THE  RUN
--------------------------------------------------------------------------------

default_name                                                                    

General flags:
     imin    =       0, nmropt  =       0

Nature and format of input:
     ntx     =       1, irest   =       0, ntrx    =       1

Nature and format of output:
     ntxo    =       1, ntpr    =    1000, ntrx    =       1, ntwr    =   10000
     iwrap   =       0, ntwx    =    1000, ntwv    =       0, ntwe    =    1000
     ioutfm  =       1, ntwprt  =       0, idecomp =       0, rbornstat=      0

Potential function:
     ntf     =       2, ntb     =       2, igb     =       0, nsnb    =      25
     ipol    =       0, gbsa    =       0, iesp    =       0
     dielc   =   1.00000, cut     =   9.00000, intdiel =   1.00000

Frozen or restrained atoms:
     ibelly  =       0, ntr     =       1
     restraint_wt = 100.00000

Molecular dynamics:
     nstlim  =     10000, nscm    =         0, nrespa  =         1
     t       =   0.00000, dt      =   0.00200, vlimit  =  20.00000

Langevin dynamics temperature regulation:
     ig      =   58822
     temp0   = 298.00000, tempi   =   0.00000, gamma_ln=   3.00000

Pressure regulation:
     ntp     =       1
     pres0   =   1.00000, comp    =  44.60000, taup    =   1.00000

SHAKE:
     ntc     =       2, jfastw  =       0
     tol     =   0.00000

Ewald parameters:
     verbose =       0, ew_type =       0, nbflag  =       1, use_pme =       1
     vdwmeth =       1, eedmeth =       1, netfrc  =       1
     Box X =   36.536   Box Y =   36.536   Box Z =   36.536
     Alpha =  109.471   Beta  =  109.471   Gamma =  109.471
     NFFT1 =   36       NFFT2 =   36       NFFT3 =   36
     Cutoff=    9.000   Tol   =0.100E-04
     Ewald Coefficient =  0.30768
     Interpolation order =    4

| MPI Timing options:
|      profile_mpi =        0

    LOADING THE CONSTRAINED ATOMS AS GROUPS


   5.  REFERENCE ATOM COORDINATES

  defa
     Mask :1; matches     6 atoms

--------------------------------------------------------------------------------
   3.  ATOMIC COORDINATES AND VELOCITIES
--------------------------------------------------------------------------------

defa                                                                            
 begin time read from input coords =     0.000 ps

 Number of triangulated 3-point waters found:     1041
|  Atom division among processors:
|         0     394     787    1180    1573    1966    2359    2752
|      3145

     Sum of charges from parm topology file =  -0.00000000
     Forcing neutrality...
|  Running AMBER/MPI version on    8 nodes


--------------------------------------------------------------------------------
   4.  RESULTS
--------------------------------------------------------------------------------

|  # of SOLUTE  degrees of freedom (RNDFP):    6300.
|  # of SOLVENT degrees of freedom (RNDFS):       0.
|  NDFMIN =    6300.     NUM_NOSHAKE =      0     CORRECTED RNDFP =    6300.
|  TOTAL # of degrees of freedom (RNDF) =    6300.
 ---------------------------------------------------
 APPROXIMATING switch and d/dx switch using CUBIC SPLINE INTERPOLATION
 using   5000.0 points per unit in tabled values
 TESTING RELATIVE ERROR over r ranging from 0.0 to cutoff
| CHECK switch(x): max rel err =   0.2738E-14   at   2.422500
| CHECK d/dx switch(x): max rel err =   0.8314E-11   at   2.736960
 ---------------------------------------------------
| Local SIZE OF NONBOND LIST =      99346
| TOTAL SIZE OF NONBOND LIST =     736474

 NSTEP =        0   TIME(PS) =       0.000  TEMP(K) =     0.00  PRESS = -5213.6
 Etot   =    -13736.5200  EKtot   =         0.0000  EPtot      =    -13736.5200
 BOND   =         0.7802  ANGLE   =         1.1186  DIHED      =         8.6000
 1-4 NB =         2.6478  1-4 EEL =        46.1844  VDWAALS    =      2440.6295
 EELEC  =    -16236.5419  EHBOND  =         0.0000  RESTRAINT  =         0.0613
 EAMBER (non-restraint)  =    -13736.5813
 EKCMT  =         0.0000  VIRIAL  =      4226.1628  VOLUME     =     37543.1888
                                                    Density    =         0.8359
 Ewald error estimate:   0.9959E-04
 ------------------------------------------------------------------------------


 NSTEP =     1000   TIME(PS) =       2.000  TEMP(K) =   292.90  PRESS =  -754.1
 Etot   =     -8060.9806  EKtot   =      1833.4730  EPtot      =     -9894.4536
 BOND   =         4.4681  ANGLE   =         7.6480  DIHED      =         9.9348
 1-4 NB =         1.9499  1-4 EEL =        46.4486  VDWAALS    =      1464.8137
 EELEC  =    -11432.1063  EHBOND  =         0.0000  RESTRAINT  =         2.3895
 EAMBER (non-restraint)  =     -9896.8432
 EKCMT  =       899.4043  VIRIAL  =      1456.6712  VOLUME     =     34227.5401
                                                    Density    =         0.9169
 Ewald error estimate:   0.2073E-04
 ------------------------------------------------------------------------------


 NSTEP =     2000   TIME(PS) =       4.000  TEMP(K) =   294.07  PRESS =  -539.6
 Etot   =     -8117.2907  EKtot   =      1840.7890  EPtot      =     -9958.0797
 BOND   =         3.9053  ANGLE   =         6.6432  DIHED      =        11.1205
 1-4 NB =         2.9430  1-4 EEL =        44.1748  VDWAALS    =      1462.6869
 EELEC  =    -11493.2689  EHBOND  =         0.0000  RESTRAINT  =         3.7155
 EAMBER (non-restraint)  =     -9961.7952
 EKCMT  =       927.4124  VIRIAL  =      1309.4156  VOLUME     =     32789.5418
                                                    Density    =         0.9571
 Ewald error estimate:   0.1970E-03
 ------------------------------------------------------------------------------


 NSTEP =     3000   TIME(PS) =       6.000  TEMP(K) =   294.09  PRESS =   167.9
 Etot   =     -8103.5797  EKtot   =      1840.9075  EPtot      =     -9944.4871
 BOND   =         1.6572  ANGLE   =         7.7990  DIHED      =        10.1788
 1-4 NB =         4.6436  1-4 EEL =        45.7566  VDWAALS    =      1517.8900
 EELEC  =    -11534.3267  EHBOND  =         0.0000  RESTRAINT  =         1.9143
 EAMBER (non-restraint)  =     -9946.4014
 EKCMT  =       886.4866  VIRIAL  =       770.3242  VOLUME     =     32034.7774
                                                    Density    =         0.9796
 Ewald error estimate:   0.1848E-03
 ------------------------------------------------------------------------------


 NSTEP =     4000   TIME(PS) =       8.000  TEMP(K) =   302.37  PRESS =   303.5
 Etot   =     -8128.8336  EKtot   =      1892.7291  EPtot      =    -10021.5627
 BOND   =         7.3175  ANGLE   =        10.6592  DIHED      =        11.4388
 1-4 NB =         3.7442  1-4 EEL =        47.0844  VDWAALS    =      1540.6575
 EELEC  =    -11646.8516  EHBOND  =         0.0000  RESTRAINT  =         4.3873
 EAMBER (non-restraint)  =    -10025.9500
 EKCMT  =       922.1350  VIRIAL  =       713.7222  VOLUME     =     31803.7332
                                                    Density    =         0.9868
 Ewald error estimate:   0.2555E-03
 ------------------------------------------------------------------------------


 NSTEP =     5000   TIME(PS) =      10.000  TEMP(K) =   300.34  PRESS =   -17.1
 Etot   =     -8138.6954  EKtot   =      1880.0376  EPtot      =    -10018.7330
 BOND   =         3.7384  ANGLE   =        10.4402  DIHED      =        10.7229
 1-4 NB =         2.0592  1-4 EEL =        48.1505  VDWAALS    =      1481.3059
 EELEC  =    -11580.1709  EHBOND  =         0.0000  RESTRAINT  =         5.0208
 EAMBER (non-restraint)  =    -10023.7538
 EKCMT  =       948.3581  VIRIAL  =       960.1200  VOLUME     =     31805.5794
                                                    Density    =         0.9867
 Ewald error estimate:   0.1566E-04
 ------------------------------------------------------------------------------


 NSTEP =     6000   TIME(PS) =      12.000  TEMP(K) =   296.60  PRESS =  -471.7
 Etot   =     -8192.7651  EKtot   =      1856.6333  EPtot      =    -10049.3984
 BOND   =         3.1846  ANGLE   =         8.9318  DIHED      =        11.8456
 1-4 NB =         2.9957  1-4 EEL =        46.4313  VDWAALS    =      1433.5562
 EELEC  =    -11558.9784  EHBOND  =         0.0000  RESTRAINT  =         2.6349
 EAMBER (non-restraint)  =    -10052.0333
 EKCMT  =       914.4326  VIRIAL  =      1236.9500  VOLUME     =     31667.8949
                                                    Density    =         0.9910
 Ewald error estimate:   0.3286E-03
 ------------------------------------------------------------------------------


 NSTEP =     7000   TIME(PS) =      14.000  TEMP(K) =   295.55  PRESS =  -100.6
 Etot   =     -8117.7315  EKtot   =      1850.0403  EPtot      =     -9967.7718
 BOND   =         3.6626  ANGLE   =         9.1059  DIHED      =        10.1116
 1-4 NB =         1.7840  1-4 EEL =        44.5575  VDWAALS    =      1435.2029
 EELEC  =    -11474.2473  EHBOND  =         0.0000  RESTRAINT  =         2.0511
 EAMBER (non-restraint)  =     -9969.8229
 EKCMT  =       926.8678  VIRIAL  =       995.1327  VOLUME     =     31414.7525
                                                    Density    =         0.9990
 Ewald error estimate:   0.4869E-04
 ------------------------------------------------------------------------------


 NSTEP =     8000   TIME(PS) =      16.000  TEMP(K) =   295.67  PRESS =  -210.8
 Etot   =     -8120.8057  EKtot   =      1850.8185  EPtot      =     -9971.6242
 BOND   =         2.6014  ANGLE   =         8.0851  DIHED      =        11.4066
 1-4 NB =         2.7816  1-4 EEL =        44.5817  VDWAALS    =      1429.5702
 EELEC  =    -11472.7961  EHBOND  =         0.0000  RESTRAINT  =         2.1453
 EAMBER (non-restraint)  =     -9973.7695
 EKCMT  =       919.5221  VIRIAL  =      1064.0202  VOLUME     =     31746.8374
                                                    Density    =         0.9885
 Ewald error estimate:   0.1805E-03
 ------------------------------------------------------------------------------


 NSTEP =     9000   TIME(PS) =      18.000  TEMP(K) =   299.94  PRESS =    37.2
 Etot   =     -8094.4419  EKtot   =      1877.5167  EPtot      =     -9971.9586
 BOND   =         1.4015  ANGLE   =         4.0363  DIHED      =         9.7181
 1-4 NB =         3.3047  1-4 EEL =        48.1415  VDWAALS    =      1483.6399
 EELEC  =    -11523.1351  EHBOND  =         0.0000  RESTRAINT  =         0.9347
 EAMBER (non-restraint)  =     -9972.8933
 EKCMT  =       932.3725  VIRIAL  =       906.6723  VOLUME     =     31964.2974
                                                    Density    =         0.9818
 Ewald error estimate:   0.2627E-03
 ------------------------------------------------------------------------------


 NSTEP =    10000   TIME(PS) =      20.000  TEMP(K) =   302.76  PRESS =  -161.2
 Etot   =     -8176.6547  EKtot   =      1895.1635  EPtot      =    -10071.8183
 BOND   =         2.3273  ANGLE   =        11.1339  DIHED      =        11.5727
 1-4 NB =         2.6555  1-4 EEL =        49.0207  VDWAALS    =      1503.8141
 EELEC  =    -11655.9625  EHBOND  =         0.0000  RESTRAINT  =         3.6202
 EAMBER (non-restraint)  =    -10075.4384
 EKCMT  =       930.0082  VIRIAL  =      1041.0962  VOLUME     =     31920.8310
                                                    Density    =         0.9831
 Ewald error estimate:   0.4768E-03
 ------------------------------------------------------------------------------


      A V E R A G E S   O V E R   10000 S T E P S


 NSTEP =    10000   TIME(PS) =      20.000  TEMP(K) =   292.64  PRESS =  -180.9
 Etot   =     -8175.9182  EKtot   =      1831.8465  EPtot      =    -10007.7646
 BOND   =         3.1515  ANGLE   =         7.8917  DIHED      =        10.8526
 1-4 NB =         3.1396  1-4 EEL =        45.9202  VDWAALS    =      1492.5761
 EELEC  =    -11574.1576  EHBOND  =         0.0000  RESTRAINT  =         2.8613
 EAMBER (non-restraint)  =    -10010.6260
 EKCMT  =       911.6873  VIRIAL  =      1047.0909  VOLUME     =     32382.6252
                                                    Density    =         0.9705
 Ewald error estimate:   0.1794E-03
 ------------------------------------------------------------------------------


      R M S  F L U C T U A T I O N S


 NSTEP =    10000   TIME(PS) =      20.000  TEMP(K) =    26.20  PRESS =   440.5
 Etot   =       342.3796  EKtot   =       164.0230  EPtot      =       186.0250
 BOND   =         1.5161  ANGLE   =         2.2161  DIHED      =         1.1339
 1-4 NB =         0.7051  1-4 EEL =         1.9781  VDWAALS    =        93.8652
 EELEC  =       270.9740  EHBOND  =         0.0000  RESTRAINT  =         1.2158
 EAMBER (non-restraint)  =       184.8092
 EKCMT  =        79.4846  VIRIAL  =       290.8087  VOLUME     =      1262.4487
                                                    Density    =         0.0349
 Ewald error estimate:   0.1351E-03
 ------------------------------------------------------------------------------


--------------------------------------------------------------------------------
   5.  TIMINGS
--------------------------------------------------------------------------------

|>>>>>>>>PROFILE of Average TIMES>>>>>>>>> 
|                Build the list             9.11 (97.44% of List )
|                Other                      0.24 ( 2.56% of List )
|             List time                  9.35 (10.32% of Nonbo)
|                   Short_ene time            53.05 (96.10% of Direc)
|                   Other                      2.15 ( 3.90% of Direc)
|                Direct Ewald time         55.21 (67.99% of Ewald)
|                Adjust Ewald time          0.29 ( 0.35% of Ewald)
|                   Fill Bspline coeffs        1.31 ( 7.03% of Recip)
|                   Fill charge grid           1.05 ( 5.66% of Recip)
|                   Scalar sum                 4.22 (22.67% of Recip)
|                   Grad sum                   2.35 (12.60% of Recip)
|                      FFT back comm time         2.20 (24.69% of FFT t)
|                      Other                      6.72 (75.31% of FFT t)
|                   FFT time                   8.92 (47.90% of Recip)
|                   Other                      0.77 ( 4.14% of Recip)
|                Recip Ewald time          18.62 (22.93% of Ewald)
|                Force Adjust               6.33 ( 7.80% of Ewald)
|                Virial junk                0.72 ( 0.89% of Ewald)
|                Other                      0.03 ( 0.04% of Ewald)
|             Ewald time                81.20 (89.67% of Nonbo)
|             Other                      0.01 ( 0.01% of Nonbo)
|          Nonbond force             90.55 (98.24% of Force)
|          Bond/Angle/Dihedral        0.12 ( 0.13% of Force)
|          FRC Collect time           1.10 ( 1.20% of Force)
|          Other                      0.40 ( 0.44% of Force)
|       Force time                92.18 (93.05% of Runmd)
|       Shake time                 0.33 ( 0.34% of Runmd)
|       Verlet update time         3.40 ( 3.44% of Runmd)
|       Ekcmr time                 1.85 ( 1.87% of Runmd)
|       CRD distribute time        0.50 ( 0.50% of Runmd)
|       Other                      0.80 ( 0.81% of Runmd)
|    Runmd Time                99.06 (99.90% of Total)
|    Other                      0.10 ( 0.10% of Total)
| Total time                99.17 (100.0% of ALL  )

| Number of list builds   :        909

| Highest rstack allocated:      41935
| Highest istack allocated:        931

| Final Performance Info:
| -----------------------------------------------------
| Average timings for all steps:
|     Elapsed(s) =      99.51 Per Step(ms) =       9.95
|         ns/day =      17.36   seconds/ns =    4975.61
| -----------------------------------------------------

|           Job began  at 14:06:01.999  on 03/14/2017
|           Setup done at 14:06:02.105  on 03/14/2017
|           Run   done at 14:07:41.286  on 03/14/2017
|     wallclock() was called  571885 times
