
          -------------------------------------------------------
          Amber 16 SANDER                              2016
          -------------------------------------------------------

| Run on 03/14/2017 at 14:08:00

|   Executable path: sander.MPI
| Working directory: /home/steboss/projects/mdgx-tests/alanine/IPOLQ/input/PhiPsi_1/165/150
|          Hostname: node005

  [-O]verwriting output

File Assignments:
|  MDIN: min.in                                                                
| MDOUT: Conf150.min.out                                                       
|INPCRD: Conf150.crd                                                           
|  PARM: Conf150.top                                                           
|RESTRT: Conf150.min                                                           
|  REFC: Conf150.crd                                                           
| MDVEL: mdvel                                                                 
| MDFRC: mdfrc                                                                 
|  MDEN: mden                                                                  
| MDCRD: mdcrd                                                                 
|MDINFO: mdinfo                                                                
|  MTMD: mtmd                                                                  
|INPDIP: inpdip                                                                
|RSTDIP: rstdip                                                                
|INPTRA: inptraj                                                               

|    REMLOG: rem.log
|   REMTYPE: rem.type
|  REMSTRIP: 
|   SAVEENE: saveene
|CLUSTERINF: cluster.info
| RESERVOIR: reserv/frame
|   REMDDIM: 


 Here is the input file:

Initial minimization                                                           
 &cntrl                                                                        
  ntx    = 1,       irest  = 0,       ntrx   = 1,      ntxo   = 1,             
  ntpr   = 20,      ntwx   = 0,       ntwv   = 0,      ntwe   = 0,             
                                                                               
  ntf    = 1,       ntb    = 1,                                                
  ntc    = 1,       ntr    = 1,                                                
  restraintmask = ':1',                                                        
  restraint_wt = 100.0,                                                        
  cut    = 9.0,                                                                
                                                                               
  imin   = 1,                                                                  
  maxcyc = 1000,                                                               
  ncyc   = 100,                                                                
                                                                               
 &end                                                                          

--------------------------------------------------------------------------------
   1.  RESOURCE   USE: 
--------------------------------------------------------------------------------

| Flags: MPI                                                                    
 getting new box info from bottom of inpcrd
|  INFO: Old style inpcrd file read

| peek_ewald_inpcrd: Box info found
|Largest sphere to fit in unit cell has radius =    15.027
| New format PARM file being parsed.
| Version =    1.000 Date = 03/14/17 Time = 13:38:24
 NATOM  =    3205 NTYPES =       9 NBONH =    3195 MBONA  =       9
 NTHETH =      25 MTHETA =      11 NPHIH =      43 MPHIA  =      24
 NHPARM =       0 NPARM  =       0 NNB   =    4343 NRES   =    1064
 NBONA  =       9 NTHETA =      11 NPHIA =      24 NUMBND =      10
 NUMANG =      16 NPTRA  =      19 NATYP =       9 NPHB   =       1
 IFBOX  =       2 NMXRS  =      10 IFCAP =       0 NEXTRA =       0
 NCOPY  =       0


|     Memory Use     Allocated
|     Real              359409
|     Hollerith          10681
|     Integer            96028
|     Max Pairs         355486
|     nblistReal         38460
|     nblist Int        105122
|       Total             5324 kbytes

| Note: 1-4 EEL scale factors are being read from the topology file.

| Note: 1-4 VDW scale factors are being read from the topology file.
| Duplicated    0 dihedrals
| Duplicated    0 dihedrals

     BOX TYPE: TRUNCATED OCTAHEDRON

--------------------------------------------------------------------------------
   2.  CONTROL  DATA  FOR  THE  RUN
--------------------------------------------------------------------------------

default_name                                                                    

General flags:
     imin    =       1, nmropt  =       0

Nature and format of input:
     ntx     =       1, irest   =       0, ntrx    =       1

Nature and format of output:
     ntxo    =       1, ntpr    =      20, ntrx    =       1, ntwr    =       1
     iwrap   =       0, ntwx    =       0, ntwv    =       0, ntwe    =       0
     ioutfm  =       1, ntwprt  =       0, idecomp =       0, rbornstat=      0

Potential function:
     ntf     =       1, ntb     =       1, igb     =       0, nsnb    =      25
     ipol    =       0, gbsa    =       0, iesp    =       0
     dielc   =   1.00000, cut     =   9.00000, intdiel =   1.00000

Frozen or restrained atoms:
     ibelly  =       0, ntr     =       1
     restraint_wt = 100.00000

Energy minimization:
     maxcyc  =    1000, ncyc    =     100, ntmin   =       1
     dx0     =   0.01000, drms    =   0.00010

Ewald parameters:
     verbose =       0, ew_type =       0, nbflag  =       1, use_pme =       1
     vdwmeth =       1, eedmeth =       1, netfrc  =       0
     Box X =   36.808   Box Y =   36.808   Box Z =   36.808
     Alpha =  109.471   Beta  =  109.471   Gamma =  109.471
     NFFT1 =   36       NFFT2 =   36       NFFT3 =   36
     Cutoff=    9.000   Tol   =0.100E-04
     Ewald Coefficient =  0.30768
     Interpolation order =    4

| MPI Timing options:
|      profile_mpi =        0

    LOADING THE CONSTRAINED ATOMS AS GROUPS


   5.  REFERENCE ATOM COORDINATES

  defa
     Mask :1; matches     6 atoms

--------------------------------------------------------------------------------
   3.  ATOMIC COORDINATES AND VELOCITIES
--------------------------------------------------------------------------------

default_name                                                                    
 begin time read from input coords =     0.000 ps

 Number of triangulated 3-point waters found:     1061
|  Atom division among processors:
|         0     400     802    1201    1600    2002    2401    2800
|      3205

     Sum of charges from parm topology file =  -0.00000000
     Forcing neutrality...
|  Running AMBER/MPI version on    8 nodes


--------------------------------------------------------------------------------
   4.  RESULTS
--------------------------------------------------------------------------------

 ---------------------------------------------------
 APPROXIMATING switch and d/dx switch using CUBIC SPLINE INTERPOLATION
 using   5000.0 points per unit in tabled values
 TESTING RELATIVE ERROR over r ranging from 0.0 to cutoff
| CHECK switch(x): max rel err =   0.2738E-14   at   2.422500
| CHECK d/dx switch(x): max rel err =   0.8314E-11   at   2.736960
 ---------------------------------------------------
| Local SIZE OF NONBOND LIST =     101972
| TOTAL SIZE OF NONBOND LIST =     746009


   NSTEP       ENERGY          RMS            GMAX         NAME    NUMBER
      1      -8.5794E+03     1.6543E+01     4.2893E+02     O          44

 BOND    =        0.5226  ANGLE   =        0.9436  DIHED      =        9.4946
 VDWAALS =     1293.4837  EEL     =    -9933.9631  HBOND      =        0.0000
 1-4 VDW =        3.0238  1-4 EEL =       47.1422  RESTRAINT  =        0.0000


   NSTEP       ENERGY          RMS            GMAX         NAME    NUMBER
     20      -9.6672E+03     2.9685E+00     2.0496E+01     O         158

 BOND    =      509.4317  ANGLE   =        0.9320  DIHED      =        9.5024
 VDWAALS =     1018.4819  EEL     =   -11255.6301  HBOND      =        0.0000
 1-4 VDW =        3.0015  1-4 EEL =       47.0215  RESTRAINT  =        0.0398
 EAMBER  =    -9667.2591


   NSTEP       ENERGY          RMS            GMAX         NAME    NUMBER
     40      -1.0480E+04     1.5633E+00     1.0323E+01     O        2870

 BOND    =      593.2033  ANGLE   =        0.8861  DIHED      =        9.4048
 VDWAALS =     1028.5411  EEL     =   -12162.2459  HBOND      =        0.0000
 1-4 VDW =        3.0191  1-4 EEL =       46.8766  RESTRAINT  =        0.0929
 EAMBER  =   -10480.3150


   NSTEP       ENERGY          RMS            GMAX         NAME    NUMBER
     60      -1.0738E+04     3.2028E+00     2.3097E+01     H2       2014

 BOND    =      699.0852  ANGLE   =        0.8632  DIHED      =        9.3582
 VDWAALS =     1065.7198  EEL     =   -12563.2059  HBOND      =        0.0000
 1-4 VDW =        3.0329  1-4 EEL =       46.8620  RESTRAINT  =        0.0984
 EAMBER  =   -10738.2847


   NSTEP       ENERGY          RMS            GMAX         NAME    NUMBER
     80      -1.0917E+04     1.1119E+00     5.5513E+00     O        2993

 BOND    =      614.2145  ANGLE   =        0.8475  DIHED      =        9.3257
 VDWAALS =     1105.3471  EEL     =   -12696.9432  HBOND      =        0.0000
 1-4 VDW =        3.0421  1-4 EEL =       46.8595  RESTRAINT  =        0.1044
 EAMBER  =   -10917.3068


   NSTEP       ENERGY          RMS            GMAX         NAME    NUMBER
    100      -1.1040E+04     9.0309E-01     4.3738E+00     O        2993

 BOND    =      636.2338  ANGLE   =        0.8361  DIHED      =        9.2997
 VDWAALS =     1145.0572  EEL     =   -12881.7747  HBOND      =        0.0000
 1-4 VDW =        3.0493  1-4 EEL =       46.8610  RESTRAINT  =        0.1107
 EAMBER  =   -11040.4377


   NSTEP       ENERGY          RMS            GMAX         NAME    NUMBER
    120      -1.1547E+04     4.2437E+00     4.2225E+01     H2       2872

 BOND    =      885.7190  ANGLE   =        0.8649  DIHED      =        9.1934
 VDWAALS =     1620.4369  EEL     =   -14113.5581  HBOND      =        0.0000
 1-4 VDW =        3.1218  1-4 EEL =       46.8249  RESTRAINT  =        0.2055
 EAMBER  =   -11547.3972


   NSTEP       ENERGY          RMS            GMAX         NAME    NUMBER
    140      -1.1744E+04     1.6077E+00     2.5586E+01     H2       2761

 BOND    =      788.1400  ANGLE   =        0.9748  DIHED      =        9.1022
 VDWAALS =     1679.3048  EEL     =   -14271.3345  HBOND      =        0.0000
 1-4 VDW =        3.1697  1-4 EEL =       46.9091  RESTRAINT  =        0.1835
 EAMBER  =   -11743.7339


   NSTEP       ENERGY          RMS            GMAX         NAME    NUMBER
    160      -1.1860E+04     2.2642E+00     4.1681E+01     C           5

 BOND    =      765.6025  ANGLE   =        1.4532  DIHED      =        9.0465
 VDWAALS =     1687.3803  EEL     =   -14373.3903  HBOND      =        0.0000
 1-4 VDW =        3.1579  1-4 EEL =       46.7577  RESTRAINT  =        0.1672
 EAMBER  =   -11859.9921


   NSTEP       ENERGY          RMS            GMAX         NAME    NUMBER
    180      -1.1963E+04     1.0033E+00     2.0401E+01     H          18

 BOND    =      810.1929  ANGLE   =        2.2070  DIHED      =        9.0958
 VDWAALS =     1793.5017  EEL     =   -14627.6625  HBOND      =        0.0000
 1-4 VDW =        3.3960  1-4 EEL =       46.5523  RESTRAINT  =        0.1274
 EAMBER  =   -11962.7166


   NSTEP       ENERGY          RMS            GMAX         NAME    NUMBER
    200      -1.2093E+04     1.3794E+00     3.9142E+01     CH3        19

 BOND    =      834.9377  ANGLE   =        2.3604  DIHED      =        8.9645
 VDWAALS =     1934.6321  EEL     =   -14923.3617  HBOND      =        0.0000
 1-4 VDW =        3.2619  1-4 EEL =       46.2363  RESTRAINT  =        0.0881
 EAMBER  =   -12092.9687


   NSTEP       ENERGY          RMS            GMAX         NAME    NUMBER
    220      -1.2158E+04     1.0553E+00     3.8331E+01     CH3        19

 BOND    =      845.1714  ANGLE   =        2.7098  DIHED      =        8.9528
 VDWAALS =     1947.5807  EEL     =   -15012.4181  HBOND      =        0.0000
 1-4 VDW =        3.3321  1-4 EEL =       46.2596  RESTRAINT  =        0.1160
 EAMBER  =   -12158.4117


   NSTEP       ENERGY          RMS            GMAX         NAME    NUMBER
    240      -1.2199E+04     8.6253E-01     1.7688E+01     CH3        19

 BOND    =      842.2826  ANGLE   =        0.9308  DIHED      =        8.8842
 VDWAALS =     1975.2558  EEL     =   -15076.2322  HBOND      =        0.0000
 1-4 VDW =        3.1416  1-4 EEL =       46.7493  RESTRAINT  =        0.0983
 EAMBER  =   -12198.9879


   NSTEP       ENERGY          RMS            GMAX         NAME    NUMBER
    260      -1.2331E+04     1.6852E+00     4.6921E+01     N           7

 BOND    =      880.8219  ANGLE   =        3.1865  DIHED      =        9.0205
 VDWAALS =     2102.9523  EEL     =   -15376.6184  HBOND      =        0.0000
 1-4 VDW =        3.1956  1-4 EEL =       46.2623  RESTRAINT  =        0.5448
 EAMBER  =   -12331.1793


   NSTEP       ENERGY          RMS            GMAX         NAME    NUMBER
    280      -1.2369E+04     6.9979E-01     1.3565E+01     N           7

 BOND    =      886.7739  ANGLE   =        1.1268  DIHED      =        8.8712
 VDWAALS =     2124.1663  EEL     =   -15439.5451  HBOND      =        0.0000
 1-4 VDW =        3.1424  1-4 EEL =       46.1695  RESTRAINT  =        0.0720
 EAMBER  =   -12369.2949


   NSTEP       ENERGY          RMS            GMAX         NAME    NUMBER
    300      -1.2440E+04     1.7887E+00     3.8249E+01     C          15

 BOND    =      894.2221  ANGLE   =        2.2279  DIHED      =        8.9179
 VDWAALS =     2196.3955  EEL     =   -15591.1646  HBOND      =        0.0000
 1-4 VDW =        3.1400  1-4 EEL =       45.8530  RESTRAINT  =        0.1967
 EAMBER  =   -12440.4081


   NSTEP       ENERGY          RMS            GMAX         NAME    NUMBER
    320      -1.2488E+04     7.2267E-01     1.4328E+01     N          17

 BOND    =      907.9646  ANGLE   =        1.2704  DIHED      =        8.7987
 VDWAALS =     2204.7469  EEL     =   -15660.3211  HBOND      =        0.0000
 1-4 VDW =        3.2083  1-4 EEL =       46.0559  RESTRAINT  =        0.0990
 EAMBER  =   -12488.2763


   NSTEP       ENERGY          RMS            GMAX         NAME    NUMBER
    340      -1.2510E+04     5.0701E-01     1.4231E+01     C          15

 BOND    =      908.1408  ANGLE   =        0.7000  DIHED      =        8.7557
 VDWAALS =     2212.0626  EEL     =   -15689.6641  HBOND      =        0.0000
 1-4 VDW =        3.2110  1-4 EEL =       46.4291  RESTRAINT  =        0.0759
 EAMBER  =   -12510.3650


   NSTEP       ENERGY          RMS            GMAX         NAME    NUMBER
    360      -1.2554E+04     8.7088E-01     3.3701E+01     C          15

 BOND    =      917.8802  ANGLE   =        1.0961  DIHED      =        8.7758
 VDWAALS =     2251.6530  EEL     =   -15782.5337  HBOND      =        0.0000
 1-4 VDW =        3.0574  1-4 EEL =       46.2877  RESTRAINT  =        0.1193
 EAMBER  =   -12553.7835


   NSTEP       ENERGY          RMS            GMAX         NAME    NUMBER
    380      -1.2575E+04     3.7079E-01     7.1802E+00     HH33       22

 BOND    =      922.0233  ANGLE   =        0.8168  DIHED      =        8.7593
 VDWAALS =     2272.5680  EEL     =   -15828.1311  HBOND      =        0.0000
 1-4 VDW =        3.0430  1-4 EEL =       46.1437  RESTRAINT  =        0.0556
 EAMBER  =   -12574.7770


   NSTEP       ENERGY          RMS            GMAX         NAME    NUMBER
    400      -1.2607E+04     1.1268E+00     3.4164E+01     N          17

 BOND    =      933.1174  ANGLE   =        1.6150  DIHED      =        8.8240
 VDWAALS =     2304.9164  EEL     =   -15905.0700  HBOND      =        0.0000
 1-4 VDW =        2.8555  1-4 EEL =       46.3331  RESTRAINT  =        0.5581
 EAMBER  =   -12607.4085


   NSTEP       ENERGY          RMS            GMAX         NAME    NUMBER
    420      -1.2631E+04     5.2953E-01     1.7455E+01     N          17

 BOND    =      930.5822  ANGLE   =        1.1561  DIHED      =        8.7335
 VDWAALS =     2315.0378  EEL     =   -15935.8964  HBOND      =        0.0000
 1-4 VDW =        3.1655  1-4 EEL =       46.4889  RESTRAINT  =        0.1638
 EAMBER  =   -12630.7324


   NSTEP       ENERGY          RMS            GMAX         NAME    NUMBER
    440      -1.2648E+04     6.7748E-01     2.6203E+01     C          15

 BOND    =      934.5851  ANGLE   =        0.8954  DIHED      =        8.6856
 VDWAALS =     2324.2145  EEL     =   -15965.9855  HBOND      =        0.0000
 1-4 VDW =        3.2232  1-4 EEL =       46.3728  RESTRAINT  =        0.2036
 EAMBER  =   -12648.0088


   NSTEP       ENERGY          RMS            GMAX         NAME    NUMBER
    460      -1.2668E+04     6.1003E-01     1.7082E+01     C          15

 BOND    =      933.0228  ANGLE   =        0.8816  DIHED      =        8.6907
 VDWAALS =     2340.0123  EEL     =   -15999.5892  HBOND      =        0.0000
 1-4 VDW =        3.1050  1-4 EEL =       46.1462  RESTRAINT  =        0.0849
 EAMBER  =   -12667.7305


   NSTEP       ENERGY          RMS            GMAX         NAME    NUMBER
    480      -1.2686E+04     4.1370E-01     8.7347E+00     HH33        4

 BOND    =      943.8306  ANGLE   =        1.0204  DIHED      =        8.7107
 VDWAALS =     2359.4500  EEL     =   -16048.2472  HBOND      =        0.0000
 1-4 VDW =        2.9711  1-4 EEL =       46.0702  RESTRAINT  =        0.0931
 EAMBER  =   -12686.1943


   NSTEP       ENERGY          RMS            GMAX         NAME    NUMBER
    500      -1.2709E+04     8.0914E-01     1.8905E+01     N           7

 BOND    =      951.4537  ANGLE   =        1.7296  DIHED      =        8.7706
 VDWAALS =     2371.7571  EEL     =   -16092.1018  HBOND      =        0.0000
 1-4 VDW =        2.8343  1-4 EEL =       46.2806  RESTRAINT  =        0.4378
 EAMBER  =   -12709.2758


   NSTEP       ENERGY          RMS            GMAX         NAME    NUMBER
    520      -1.2725E+04     5.3916E-01     1.6390E+01     N           7

 BOND    =      947.5734  ANGLE   =        1.2075  DIHED      =        8.6998
 VDWAALS =     2381.6991  EEL     =   -16114.2639  HBOND      =        0.0000
 1-4 VDW =        3.1176  1-4 EEL =       46.4538  RESTRAINT  =        0.2107
 EAMBER  =   -12725.5127


   NSTEP       ENERGY          RMS            GMAX         NAME    NUMBER
    540      -1.2741E+04     7.8749E-01     3.5287E+01     C          15

 BOND    =      950.8963  ANGLE   =        0.8994  DIHED      =        8.6339
 VDWAALS =     2389.3902  EEL     =   -16140.5035  HBOND      =        0.0000
 1-4 VDW =        3.2418  1-4 EEL =       46.2493  RESTRAINT  =        0.3067
 EAMBER  =   -12741.1926


   NSTEP       ENERGY          RMS            GMAX         NAME    NUMBER
    560      -1.2755E+04     5.0210E-01     9.5106E+00     N           7

 BOND    =      949.0355  ANGLE   =        0.9082  DIHED      =        8.6618
 VDWAALS =     2399.3538  EEL     =   -16162.3702  HBOND      =        0.0000
 1-4 VDW =        3.0789  1-4 EEL =       46.0403  RESTRAINT  =        0.1243
 EAMBER  =   -12755.2917


   NSTEP       ENERGY          RMS            GMAX         NAME    NUMBER
    580      -1.2769E+04     3.4113E-01     9.1370E+00     C           5

 BOND    =      958.1349  ANGLE   =        0.9793  DIHED      =        8.6767
 VDWAALS =     2413.3094  EEL     =   -16198.9614  HBOND      =        0.0000
 1-4 VDW =        2.9281  1-4 EEL =       46.0242  RESTRAINT  =        0.0682
 EAMBER  =   -12768.9088


   NSTEP       ENERGY          RMS            GMAX         NAME    NUMBER
    600      -1.2785E+04     5.6635E-01     2.0451E+01     CB         11

 BOND    =      961.1612  ANGLE   =        1.9284  DIHED      =        8.7666
 VDWAALS =     2418.3353  EEL     =   -16224.5352  HBOND      =        0.0000
 1-4 VDW =        2.7905  1-4 EEL =       46.0348  RESTRAINT  =        0.3505
 EAMBER  =   -12785.5184


   NSTEP       ENERGY          RMS            GMAX         NAME    NUMBER
    620      -1.2798E+04     5.7820E-01     1.7483E+01     N           7

 BOND    =      958.0059  ANGLE   =        1.3667  DIHED      =        8.6496
 VDWAALS =     2427.3812  EEL     =   -16242.3637  HBOND      =        0.0000
 1-4 VDW =        2.9750  1-4 EEL =       46.1433  RESTRAINT  =        0.0993
 EAMBER  =   -12797.8420


   NSTEP       ENERGY          RMS            GMAX         NAME    NUMBER
    640      -1.2812E+04     5.1010E-01     2.1026E+01     C          15

 BOND    =      964.1909  ANGLE   =        0.8044  DIHED      =        8.5755
 VDWAALS =     2431.9632  EEL     =   -16266.9376  HBOND      =        0.0000
 1-4 VDW =        3.2113  1-4 EEL =       46.1087  RESTRAINT  =        0.3034
 EAMBER  =   -12812.0836


   NSTEP       ENERGY          RMS            GMAX         NAME    NUMBER
    660      -1.2823E+04     3.9425E-01     7.3234E+00     O           6

 BOND    =      961.0254  ANGLE   =        0.7902  DIHED      =        8.5855
 VDWAALS =     2439.9533  EEL     =   -16282.1819  HBOND      =        0.0000
 1-4 VDW =        3.1144  1-4 EEL =       45.9836  RESTRAINT  =        0.1668
 EAMBER  =   -12822.7295


   NSTEP       ENERGY          RMS            GMAX         NAME    NUMBER
    680      -1.2835E+04     2.9938E-01     6.0854E+00     C           5

 BOND    =      969.7027  ANGLE   =        1.0170  DIHED      =        8.6429
 VDWAALS =     2454.6462  EEL     =   -16317.9971  HBOND      =        0.0000
 1-4 VDW =        2.8824  1-4 EEL =       46.0176  RESTRAINT  =        0.0729
 EAMBER  =   -12835.0883


   NSTEP       ENERGY          RMS            GMAX         NAME    NUMBER
    700      -1.2849E+04     5.1394E-01     1.5506E+01     CB         11

 BOND    =      973.2808  ANGLE   =        1.7636  DIHED      =        8.7120
 VDWAALS =     2462.0033  EEL     =   -16343.4160  HBOND      =        0.0000
 1-4 VDW =        2.7837  1-4 EEL =       46.0172  RESTRAINT  =        0.3008
 EAMBER  =   -12848.8553


   NSTEP       ENERGY          RMS            GMAX         NAME    NUMBER
    720      -1.2859E+04     4.7687E-01     1.3693E+01     C           5

 BOND    =      968.2163  ANGLE   =        1.2967  DIHED      =        8.6226
 VDWAALS =     2470.2497  EEL     =   -16356.4953  HBOND      =        0.0000
 1-4 VDW =        2.9232  1-4 EEL =       46.0680  RESTRAINT  =        0.0912
 EAMBER  =   -12859.1188


   NSTEP       ENERGY          RMS            GMAX         NAME    NUMBER
    740      -1.2870E+04     3.1784E-01     1.1537E+01     O           6

 BOND    =      975.7616  ANGLE   =        0.8813  DIHED      =        8.5577
 VDWAALS =     2474.9426  EEL     =   -16380.0942  HBOND      =        0.0000
 1-4 VDW =        3.2276  1-4 EEL =       46.0160  RESTRAINT  =        0.3699
 EAMBER  =   -12870.7072


   NSTEP       ENERGY          RMS            GMAX         NAME    NUMBER
    760      -1.2880E+04     4.5312E-01     1.0603E+01     C          15

 BOND    =      971.6432  ANGLE   =        0.8359  DIHED      =        8.5559
 VDWAALS =     2482.3537  EEL     =   -16393.0389  HBOND      =        0.0000
 1-4 VDW =        3.1125  1-4 EEL =       45.9819  RESTRAINT  =        0.2053
 EAMBER  =   -12880.5558


   NSTEP       ENERGY          RMS            GMAX         NAME    NUMBER
    780      -1.2891E+04     3.0649E-01     6.5494E+00     N           7

 BOND    =      979.8400  ANGLE   =        1.1109  DIHED      =        8.6256
 VDWAALS =     2494.0999  EEL     =   -16423.9493  HBOND      =        0.0000
 1-4 VDW =        2.8233  1-4 EEL =       45.9965  RESTRAINT  =        0.0848
 EAMBER  =   -12891.4531


   NSTEP       ENERGY          RMS            GMAX         NAME    NUMBER
    800      -1.2903E+04     4.8468E-01     1.1986E+01     CA          9

 BOND    =      984.2879  ANGLE   =        1.8554  DIHED      =        8.7202
 VDWAALS =     2501.1804  EEL     =   -16448.2401  HBOND      =        0.0000
 1-4 VDW =        2.7254  1-4 EEL =       45.9175  RESTRAINT  =        0.3161
 EAMBER  =   -12903.5534


   NSTEP       ENERGY          RMS            GMAX         NAME    NUMBER
    820      -1.2913E+04     4.7254E-01     1.0321E+01     CH3        19

 BOND    =      980.5147  ANGLE   =        1.2826  DIHED      =        8.5863
 VDWAALS =     2509.2907  EEL     =   -16461.3472  HBOND      =        0.0000
 1-4 VDW =        2.9969  1-4 EEL =       45.9916  RESTRAINT  =        0.1208
 EAMBER  =   -12912.6845


   NSTEP       ENERGY          RMS            GMAX         NAME    NUMBER
    840      -1.2924E+04     4.5271E-01     1.4055E+01     C           5

 BOND    =      984.2501  ANGLE   =        1.0213  DIHED      =        8.5691
 VDWAALS =     2515.5357  EEL     =   -16483.1378  HBOND      =        0.0000
 1-4 VDW =        3.1811  1-4 EEL =       45.9327  RESTRAINT  =        0.3701
 EAMBER  =   -12924.6478


   NSTEP       ENERGY          RMS            GMAX         NAME    NUMBER
    860      -1.2931E+04     3.8272E-01     1.0364E+01     C          15

 BOND    =      980.9577  ANGLE   =        0.9229  DIHED      =        8.5734
 VDWAALS =     2521.9883  EEL     =   -16492.8432  HBOND      =        0.0000
 1-4 VDW =        2.9767  1-4 EEL =       46.0127  RESTRAINT  =        0.0928
 EAMBER  =   -12931.4115


   NSTEP       ENERGY          RMS            GMAX         NAME    NUMBER
    880      -1.2941E+04     3.1327E-01     7.0752E+00     N           7

 BOND    =      989.0044  ANGLE   =        1.1411  DIHED      =        8.6287
 VDWAALS =     2535.7018  EEL     =   -16523.9403  HBOND      =        0.0000
 1-4 VDW =        2.7978  1-4 EEL =       46.0056  RESTRAINT  =        0.0802
 EAMBER  =   -12940.6609


   NSTEP       ENERGY          RMS            GMAX         NAME    NUMBER
    900      -1.2950E+04     5.9164E-01     1.6662E+01     C          15

 BOND    =      992.6613  ANGLE   =        1.9756  DIHED      =        8.7180
 VDWAALS =     2541.9596  EEL     =   -16543.8573  HBOND      =        0.0000
 1-4 VDW =        2.6817  1-4 EEL =       45.9264  RESTRAINT  =        0.3323
 EAMBER  =   -12949.9347


   NSTEP       ENERGY          RMS            GMAX         NAME    NUMBER
    920      -1.2957E+04     4.4791E-01     1.6968E+01     N           7

 BOND    =      989.0564  ANGLE   =        1.3551  DIHED      =        8.5936
 VDWAALS =     2549.2975  EEL     =   -16554.2517  HBOND      =        0.0000
 1-4 VDW =        3.0173  1-4 EEL =       45.9451  RESTRAINT  =        0.1799
 EAMBER  =   -12956.9868


   NSTEP       ENERGY          RMS            GMAX         NAME    NUMBER
    940      -1.2966E+04     5.7128E-01     2.4567E+01     C           5

 BOND    =      989.8220  ANGLE   =        1.0833  DIHED      =        8.5923
 VDWAALS =     2556.2603  EEL     =   -16570.7277  HBOND      =        0.0000
 1-4 VDW =        3.1326  1-4 EEL =       45.9312  RESTRAINT  =        0.2949
 EAMBER  =   -12965.9059


   NSTEP       ENERGY          RMS            GMAX         NAME    NUMBER
    960      -1.2972E+04     3.3578E-01     7.9490E+00     CB         11

 BOND    =      988.1467  ANGLE   =        0.9779  DIHED      =        8.5766
 VDWAALS =     2561.7201  EEL     =   -16580.4141  HBOND      =        0.0000
 1-4 VDW =        2.9456  1-4 EEL =       46.0173  RESTRAINT  =        0.0881
 EAMBER  =   -12972.0300


   NSTEP       ENERGY          RMS            GMAX         NAME    NUMBER
    980      -1.2980E+04     3.0130E-01     6.8642E+00     O           6

 BOND    =      994.5532  ANGLE   =        1.0968  DIHED      =        8.6347
 VDWAALS =     2574.2273  EEL     =   -16607.7448  HBOND      =        0.0000
 1-4 VDW =        2.8095  1-4 EEL =       46.0447  RESTRAINT  =        0.0853
 EAMBER  =   -12980.3786


   NSTEP       ENERGY          RMS            GMAX         NAME    NUMBER
   1000      -1.2989E+04     4.1543E-01     9.8541E+00     HB2        13

 BOND    =     1005.2659  ANGLE   =        1.6001  DIHED      =        8.6981
 VDWAALS =     2580.2139  EEL     =   -16634.0133  HBOND      =        0.0000
 1-4 VDW =        2.6928  1-4 EEL =       46.0057  RESTRAINT  =        0.3224
 EAMBER  =   -12989.5367


  Maximum number of minimization cycles reached.


                    FINAL RESULTS



   NSTEP       ENERGY          RMS            GMAX         NAME    NUMBER
   1000      -1.2989E+04     4.1543E-01     9.8541E+00     HB2        13

 BOND    =     1005.2659  ANGLE   =        1.6001  DIHED      =        8.6981
 VDWAALS =     2580.2139  EEL     =   -16634.0133  HBOND      =        0.0000
 1-4 VDW =        2.6928  1-4 EEL =       46.0057  RESTRAINT  =        0.3224
 EAMBER  =   -12989.5367

--------------------------------------------------------------------------------
   5.  TIMINGS
--------------------------------------------------------------------------------

|                Build the list             0.08 (59.22% of List )
|                Other                      0.06 (40.78% of List )
|             List time                  0.14 ( 1.25% of Nonbo)
|                   Short_ene time             8.19 (97.10% of Direc)
|                   Other                      0.24 ( 2.90% of Direc)
|                Direct Ewald time          8.43 (75.57% of Ewald)
|                Adjust Ewald time          0.04 ( 0.39% of Ewald)
|                Self Ewald time            0.00 ( 0.01% of Ewald)
|                   Fill Bspline coeffs        0.18 ( 7.80% of Recip)
|                   Fill charge grid           0.15 ( 6.51% of Recip)
|                   Scalar sum                 0.59 (25.12% of Recip)
|                   Grad sum                   0.37 (15.71% of Recip)
|                      FFT back comm time         0.20 (19.35% of FFT t)
|                      Other                      0.81 (80.65% of FFT t)
|                   FFT time                   1.01 (42.96% of Recip)
|                   Other                      0.04 ( 1.90% of Recip)
|                Recip Ewald time           2.35 (21.05% of Ewald)
|                Force Adjust               0.28 ( 2.53% of Ewald)
|                Virial junk                0.04 ( 0.39% of Ewald)
|                Start synchronizatio       0.00 ( 0.01% of Ewald)
|                Other                      0.01 ( 0.05% of Ewald)
|             Ewald time                11.16 (98.74% of Nonbo)
|             Other                      0.00 ( 0.01% of Nonbo)
|          Nonbond force             11.30 (94.25% of Force)
|          Bond/Angle/Dihedral        0.05 ( 0.39% of Force)
|          FRC Collect time           0.20 ( 1.66% of Force)
|          Other                      0.44 ( 3.69% of Force)
|       Force time                11.99 (100.0% of Runmd)
|    Runmd Time                11.99 ( 4.55% of Total)
|    Other                    251.38 (95.44% of Total)
| Total time               263.37 (100.0% of ALL  )

| Highest rstack allocated:      42421
| Highest istack allocated:        949
|           Job began  at 14:08:00.373  on 03/14/2017
|           Setup done at 14:08:00.498  on 03/14/2017
|           Run   done at 14:12:23.749  on 03/14/2017
|     wallclock() was called   44068 times
