
          -------------------------------------------------------
          Amber 16 SANDER                              2016
          -------------------------------------------------------

| Run on 03/14/2017 at 15:35:55

|   Executable path: sander.MPI
| Working directory: /home/steboss/projects/mdgx-tests/alanine/IPOLQ/input/PhiPsi_1/75/75
|          Hostname: node011

  [-O]verwriting output

File Assignments:
|  MDIN: min.in                                                                
| MDOUT: Conf75.min.out                                                        
|INPCRD: Conf75.crd                                                            
|  PARM: Conf75.top                                                            
|RESTRT: Conf75.min                                                            
|  REFC: Conf75.crd                                                            
| MDVEL: mdvel                                                                 
| MDFRC: mdfrc                                                                 
|  MDEN: mden                                                                  
| MDCRD: mdcrd                                                                 
|MDINFO: mdinfo                                                                
|  MTMD: mtmd                                                                  
|INPDIP: inpdip                                                                
|RSTDIP: rstdip                                                                
|INPTRA: inptraj                                                               

|    REMLOG: rem.log
|   REMTYPE: rem.type
|  REMSTRIP: 
|   SAVEENE: saveene
|CLUSTERINF: cluster.info
| RESERVOIR: reserv/frame
|   REMDDIM: 


 Here is the input file:

Initial minimization                                                           
 &cntrl                                                                        
  ntx    = 1,       irest  = 0,       ntrx   = 1,      ntxo   = 1,             
  ntpr   = 20,      ntwx   = 0,       ntwv   = 0,      ntwe   = 0,             
                                                                               
  ntf    = 1,       ntb    = 1,                                                
  ntc    = 1,       ntr    = 1,                                                
  restraintmask = ':1',                                                        
  restraint_wt = 100.0,                                                        
  cut    = 9.0,                                                                
                                                                               
  imin   = 1,                                                                  
  maxcyc = 1000,                                                               
  ncyc   = 100,                                                                
                                                                               
 &end                                                                          

--------------------------------------------------------------------------------
   1.  RESOURCE   USE: 
--------------------------------------------------------------------------------

| Flags: MPI                                                                    
 getting new box info from bottom of inpcrd
|  INFO: Old style inpcrd file read

| peek_ewald_inpcrd: Box info found
|Largest sphere to fit in unit cell has radius =    14.443
| New format PARM file being parsed.
| Version =    1.000 Date = 03/14/17 Time = 13:40:40
 NATOM  =    2833 NTYPES =       9 NBONH =    2823 MBONA  =       9
 NTHETH =      25 MTHETA =      11 NPHIH =      43 MPHIA  =      24
 NHPARM =       0 NPARM  =       0 NNB   =    3847 NRES   =     940
 NBONA  =       9 NTHETA =      11 NPHIA =      24 NUMBND =      10
 NUMANG =      16 NPTRA  =      19 NATYP =       9 NPHB   =       1
 IFBOX  =       2 NMXRS  =      10 IFCAP =       0 NEXTRA =       0
 NCOPY  =       0


|     Memory Use     Allocated
|     Real              327789
|     Hollerith           9441
|     Integer            87596
|     Max Pairs         314226
|     nblistReal         33996
|     nblist Int         86511
|       Total             4770 kbytes

| Note: 1-4 EEL scale factors are being read from the topology file.

| Note: 1-4 VDW scale factors are being read from the topology file.
| Duplicated    0 dihedrals
| Duplicated    0 dihedrals

     BOX TYPE: TRUNCATED OCTAHEDRON

--------------------------------------------------------------------------------
   2.  CONTROL  DATA  FOR  THE  RUN
--------------------------------------------------------------------------------

default_name                                                                    

General flags:
     imin    =       1, nmropt  =       0

Nature and format of input:
     ntx     =       1, irest   =       0, ntrx    =       1

Nature and format of output:
     ntxo    =       1, ntpr    =      20, ntrx    =       1, ntwr    =       1
     iwrap   =       0, ntwx    =       0, ntwv    =       0, ntwe    =       0
     ioutfm  =       1, ntwprt  =       0, idecomp =       0, rbornstat=      0

Potential function:
     ntf     =       1, ntb     =       1, igb     =       0, nsnb    =      25
     ipol    =       0, gbsa    =       0, iesp    =       0
     dielc   =   1.00000, cut     =   9.00000, intdiel =   1.00000

Frozen or restrained atoms:
     ibelly  =       0, ntr     =       1
     restraint_wt = 100.00000

Energy minimization:
     maxcyc  =    1000, ncyc    =     100, ntmin   =       1
     dx0     =   0.01000, drms    =   0.00010

Ewald parameters:
     verbose =       0, ew_type =       0, nbflag  =       1, use_pme =       1
     vdwmeth =       1, eedmeth =       1, netfrc  =       0
     Box X =   35.377   Box Y =   35.377   Box Z =   35.377
     Alpha =  109.471   Beta  =  109.471   Gamma =  109.471
     NFFT1 =   36       NFFT2 =   36       NFFT3 =   36
     Cutoff=    9.000   Tol   =0.100E-04
     Ewald Coefficient =  0.30768
     Interpolation order =    4

| MPI Timing options:
|      profile_mpi =        0

    LOADING THE CONSTRAINED ATOMS AS GROUPS


   5.  REFERENCE ATOM COORDINATES

  defa
     Mask :1; matches     6 atoms

--------------------------------------------------------------------------------
   3.  ATOMIC COORDINATES AND VELOCITIES
--------------------------------------------------------------------------------

default_name                                                                    
 begin time read from input coords =     0.000 ps

 Number of triangulated 3-point waters found:      937
|  Atom division among processors:
|         0     355     709    1063    1417    1771    2125    2479
|      2833

     Sum of charges from parm topology file =  -0.00000000
     Forcing neutrality...
|  Running AMBER/MPI version on    8 nodes


--------------------------------------------------------------------------------
   4.  RESULTS
--------------------------------------------------------------------------------

 ---------------------------------------------------
 APPROXIMATING switch and d/dx switch using CUBIC SPLINE INTERPOLATION
 using   5000.0 points per unit in tabled values
 TESTING RELATIVE ERROR over r ranging from 0.0 to cutoff
| CHECK switch(x): max rel err =   0.2738E-14   at   2.422500
| CHECK d/dx switch(x): max rel err =   0.8314E-11   at   2.736960
 ---------------------------------------------------
| Local SIZE OF NONBOND LIST =      91120
| TOTAL SIZE OF NONBOND LIST =     655800


   NSTEP       ENERGY          RMS            GMAX         NAME    NUMBER
      1      -7.8908E+03     1.2277E+01     6.1956E+01     O         296

 BOND    =        0.8071  ANGLE   =        1.9105  DIHED      =       11.1846
 VDWAALS =      955.2824  EEL     =    -8907.1194  HBOND      =        0.0000
 1-4 VDW =        2.5792  1-4 EEL =       44.5837  RESTRAINT  =        0.0000


   NSTEP       ENERGY          RMS            GMAX         NAME    NUMBER
     20      -8.7528E+03     2.8305E+00     2.1022E+01     O         374

 BOND    =      466.4456  ANGLE   =        1.9461  DIHED      =       11.1538
 VDWAALS =      900.2097  EEL     =   -10179.7679  HBOND      =        0.0000
 1-4 VDW =        2.5426  1-4 EEL =       44.5993  RESTRAINT  =        0.0289
 EAMBER  =    -8752.8707


   NSTEP       ENERGY          RMS            GMAX         NAME    NUMBER
     40      -9.4347E+03     2.1860E+00     1.0002E+01     H1       2358

 BOND    =      498.4021  ANGLE   =        1.9816  DIHED      =       11.0816
 VDWAALS =      939.7342  EEL     =   -10933.0805  HBOND      =        0.0000
 1-4 VDW =        2.5126  1-4 EEL =       44.6059  RESTRAINT  =        0.0586
 EAMBER  =    -9434.7625


   NSTEP       ENERGY          RMS            GMAX         NAME    NUMBER
     60      -9.6691E+03     3.3929E+00     1.0685E+01     H1       2718

 BOND    =      494.7244  ANGLE   =        1.9905  DIHED      =       11.0507
 VDWAALS =      975.0770  EEL     =   -11199.1197  HBOND      =        0.0000
 1-4 VDW =        2.4924  1-4 EEL =       44.6461  RESTRAINT  =        0.0598
 EAMBER  =    -9669.1385


   NSTEP       ENERGY          RMS            GMAX         NAME    NUMBER
     80      -9.8211E+03     3.9892E+00     1.3208E+01     H2       1222

 BOND    =      501.5143  ANGLE   =        1.9894  DIHED      =       11.0299
 VDWAALS =     1010.1956  EEL     =   -11393.1162  HBOND      =        0.0000
 1-4 VDW =        2.4788  1-4 EEL =       44.7047  RESTRAINT  =        0.0604
 EAMBER  =    -9821.2035


   NSTEP       ENERGY          RMS            GMAX         NAME    NUMBER
    100      -9.9556E+03     9.4392E-01     5.5740E+00     H1        816

 BOND    =      595.1334  ANGLE   =        1.9880  DIHED      =       11.0144
 VDWAALS =     1043.9735  EEL     =   -11655.0150  HBOND      =        0.0000
 1-4 VDW =        2.4694  1-4 EEL =       44.7716  RESTRAINT  =        0.0607
 EAMBER  =    -9955.6648


   NSTEP       ENERGY          RMS            GMAX         NAME    NUMBER
    120      -1.0410E+04     4.3684E+00     9.7840E+01     H2        424

 BOND    =      728.4417  ANGLE   =        1.9235  DIHED      =       10.9654
 VDWAALS =     1424.5546  EEL     =   -12623.3661  HBOND      =        0.0000
 1-4 VDW =        2.4602  1-4 EEL =       45.4268  RESTRAINT  =        0.0679
 EAMBER  =   -10409.5938


   NSTEP       ENERGY          RMS            GMAX         NAME    NUMBER
    140      -1.0563E+04     1.2737E+00     3.1062E+01     H2        718

 BOND    =      707.6372  ANGLE   =        1.8773  DIHED      =       10.9298
 VDWAALS =     1428.4034  EEL     =   -12759.5047  HBOND      =        0.0000
 1-4 VDW =        2.4838  1-4 EEL =       45.5036  RESTRAINT  =        0.0808
 EAMBER  =   -10562.6695


   NSTEP       ENERGY          RMS            GMAX         NAME    NUMBER
    160      -1.0659E+04     1.6892E+00     3.6872E+01     O         716

 BOND    =      693.5391  ANGLE   =        1.8121  DIHED      =       10.8959
 VDWAALS =     1446.4166  EEL     =   -12859.3532  HBOND      =        0.0000
 1-4 VDW =        2.4842  1-4 EEL =       45.5946  RESTRAINT  =        0.0898
 EAMBER  =   -10658.6107


   NSTEP       ENERGY          RMS            GMAX         NAME    NUMBER
    180      -1.0771E+04     1.5329E+00     4.0282E+01     O         716

 BOND    =      760.3069  ANGLE   =        2.0293  DIHED      =       10.8786
 VDWAALS =     1590.2947  EEL     =   -13182.4569  HBOND      =        0.0000
 1-4 VDW =        2.4219  1-4 EEL =       45.6634  RESTRAINT  =        0.2274
 EAMBER  =   -10770.8621


   NSTEP       ENERGY          RMS            GMAX         NAME    NUMBER
    200      -1.0857E+04     1.2149E+00     2.4923E+01     C           5

 BOND    =      741.8473  ANGLE   =        2.1744  DIHED      =       11.0306
 VDWAALS =     1632.9343  EEL     =   -13293.8590  HBOND      =        0.0000
 1-4 VDW =        2.6099  1-4 EEL =       45.6961  RESTRAINT  =        0.2318
 EAMBER  =   -10857.5665


   NSTEP       ENERGY          RMS            GMAX         NAME    NUMBER
    220      -1.0907E+04     1.2604E+00     1.7597E+01     CB         11

 BOND    =      764.8306  ANGLE   =        2.2865  DIHED      =       11.0211
 VDWAALS =     1678.5946  EEL     =   -13412.4840  HBOND      =        0.0000
 1-4 VDW =        2.5136  1-4 EEL =       45.7988  RESTRAINT  =        0.2697
 EAMBER  =   -10907.4388


   NSTEP       ENERGY          RMS            GMAX         NAME    NUMBER
    240      -1.0959E+04     8.8935E-01     1.8992E+01     CH3         2

 BOND    =      773.4622  ANGLE   =        1.7345  DIHED      =       10.8787
 VDWAALS =     1706.6373  EEL     =   -13501.0850  HBOND      =        0.0000
 1-4 VDW =        2.4175  1-4 EEL =       46.1971  RESTRAINT  =        0.3070
 EAMBER  =   -10959.7577


   NSTEP       ENERGY          RMS            GMAX         NAME    NUMBER
    260      -1.0999E+04     1.2577E+00     2.7907E+01     HH33        4

 BOND    =      759.0868  ANGLE   =        2.3779  DIHED      =       11.0802
 VDWAALS =     1743.4013  EEL     =   -13564.7068  HBOND      =        0.0000
 1-4 VDW =        2.3869  1-4 EEL =       46.0479  RESTRAINT  =        0.9928
 EAMBER  =   -11000.3257


   NSTEP       ENERGY          RMS            GMAX         NAME    NUMBER
    280      -1.1039E+04     5.9118E-01     9.6893E+00     O        2519

 BOND    =      786.4834  ANGLE   =        2.0177  DIHED      =       10.8661
 VDWAALS =     1787.9687  EEL     =   -13674.4892  HBOND      =        0.0000
 1-4 VDW =        2.5558  1-4 EEL =       45.4911  RESTRAINT  =        0.1939
 EAMBER  =   -11039.1064


   NSTEP       ENERGY          RMS            GMAX         NAME    NUMBER
    300      -1.1088E+04     8.2718E-01     2.1752E+01     O           6

 BOND    =      798.4804  ANGLE   =        2.0995  DIHED      =       10.9456
 VDWAALS =     1838.8056  EEL     =   -13786.5810  HBOND      =        0.0000
 1-4 VDW =        2.4469  1-4 EEL =       45.8436  RESTRAINT  =        0.3658
 EAMBER  =   -11087.9593


   NSTEP       ENERGY          RMS            GMAX         NAME    NUMBER
    320      -1.1116E+04     7.5693E-01     1.7520E+01     HH31        1

 BOND    =      785.6031  ANGLE   =        2.0022  DIHED      =       10.9484
 VDWAALS =     1855.1954  EEL     =   -13818.4920  HBOND      =        0.0000
 1-4 VDW =        2.4193  1-4 EEL =       46.0026  RESTRAINT  =        0.2518
 EAMBER  =   -11116.3208


   NSTEP       ENERGY          RMS            GMAX         NAME    NUMBER
    340      -1.1135E+04     6.7181E-01     1.5425E+01     CH3         2

 BOND    =      810.4340  ANGLE   =        2.1334  DIHED      =       10.9365
 VDWAALS =     1870.4952  EEL     =   -13877.1985  HBOND      =        0.0000
 1-4 VDW =        2.3918  1-4 EEL =       45.7029  RESTRAINT  =        0.1652
 EAMBER  =   -11135.1047


   NSTEP       ENERGY          RMS            GMAX         NAME    NUMBER
    360      -1.1173E+04     8.6811E-01     1.8222E+01     CH3         2

 BOND    =      797.7934  ANGLE   =        3.0260  DIHED      =       11.1347
 VDWAALS =     1912.4922  EEL     =   -13946.1447  HBOND      =        0.0000
 1-4 VDW =        2.4369  1-4 EEL =       45.3590  RESTRAINT  =        0.4579
 EAMBER  =   -11173.9025


   NSTEP       ENERGY          RMS            GMAX         NAME    NUMBER
    380      -1.1192E+04     3.2780E-01     5.2978E+00     O           6

 BOND    =      813.7651  ANGLE   =        2.0657  DIHED      =       10.7821
 VDWAALS =     1930.6129  EEL     =   -13997.4256  HBOND      =        0.0000
 1-4 VDW =        2.4857  1-4 EEL =       45.1932  RESTRAINT  =        0.2123
 EAMBER  =   -11192.5208


   NSTEP       ENERGY          RMS            GMAX         NAME    NUMBER
    400      -1.1224E+04     9.2944E-01     2.9309E+01     C          15

 BOND    =      825.0817  ANGLE   =        2.4728  DIHED      =       10.9594
 VDWAALS =     1967.4491  EEL     =   -14078.1068  HBOND      =        0.0000
 1-4 VDW =        2.5058  1-4 EEL =       45.2907  RESTRAINT  =        0.6533
 EAMBER  =   -11224.3473


   NSTEP       ENERGY          RMS            GMAX         NAME    NUMBER
    420      -1.1243E+04     5.7883E-01     1.5379E+01     O           6

 BOND    =      818.1709  ANGLE   =        2.0032  DIHED      =       10.8639
 VDWAALS =     1972.7398  EEL     =   -14095.2481  HBOND      =        0.0000
 1-4 VDW =        2.3016  1-4 EEL =       45.7477  RESTRAINT  =        0.0936
 EAMBER  =   -11243.4211


   NSTEP       ENERGY          RMS            GMAX         NAME    NUMBER
    440      -1.1256E+04     6.3070E-01     2.0387E+01     CH3         2

 BOND    =      831.0106  ANGLE   =        2.3593  DIHED      =       10.9703
 VDWAALS =     1984.2906  EEL     =   -14132.5641  HBOND      =        0.0000
 1-4 VDW =        2.3129  1-4 EEL =       45.5549  RESTRAINT  =        0.3698
 EAMBER  =   -11256.0656


   NSTEP       ENERGY          RMS            GMAX         NAME    NUMBER
    460      -1.1278E+04     6.5648E-01     2.3241E+01     N          17

 BOND    =      825.0670  ANGLE   =        2.4671  DIHED      =       10.8572
 VDWAALS =     2006.7794  EEL     =   -14170.9293  HBOND      =        0.0000
 1-4 VDW =        2.3597  1-4 EEL =       45.3325  RESTRAINT  =        0.1644
 EAMBER  =   -11278.0665


   NSTEP       ENERGY          RMS            GMAX         NAME    NUMBER
    480      -1.1289E+04     3.0424E-01     6.9953E+00     N           7

 BOND    =      832.0875  ANGLE   =        2.2306  DIHED      =       10.6846
 VDWAALS =     2017.4614  EEL     =   -14198.9075  HBOND      =        0.0000
 1-4 VDW =        2.4090  1-4 EEL =       45.1086  RESTRAINT  =        0.1519
 EAMBER  =   -11288.9258


   NSTEP       ENERGY          RMS            GMAX         NAME    NUMBER
    500      -1.1308E+04     7.1013E-01     1.4372E+01     O           6

 BOND    =      842.9183  ANGLE   =        2.5629  DIHED      =       10.8866
 VDWAALS =     2045.6946  EEL     =   -14258.3811  HBOND      =        0.0000
 1-4 VDW =        2.5269  1-4 EEL =       44.9217  RESTRAINT  =        0.7223
 EAMBER  =   -11308.8700


   NSTEP       ENERGY          RMS            GMAX         NAME    NUMBER
    520      -1.1322E+04     4.6176E-01     1.2235E+01     C          15

 BOND    =      837.7621  ANGLE   =        2.2035  DIHED      =       10.7676
 VDWAALS =     2048.9893  EEL     =   -14269.9916  HBOND      =        0.0000
 1-4 VDW =        2.3030  1-4 EEL =       45.4834  RESTRAINT  =        0.0731
 EAMBER  =   -11322.4826


   NSTEP       ENERGY          RMS            GMAX         NAME    NUMBER
    540      -1.1331E+04     5.3936E-01     1.4624E+01     C          15

 BOND    =      841.9446  ANGLE   =        2.6214  DIHED      =       10.9050
 VDWAALS =     2057.9179  EEL     =   -14292.6131  HBOND      =        0.0000
 1-4 VDW =        2.2967  1-4 EEL =       45.3838  RESTRAINT  =        0.3892
 EAMBER  =   -11331.5439


   NSTEP       ENERGY          RMS            GMAX         NAME    NUMBER
    560      -1.1349E+04     6.1409E-01     2.0000E+01     C          15

 BOND    =      843.7182  ANGLE   =        2.5608  DIHED      =       10.7048
 VDWAALS =     2077.3944  EEL     =   -14330.8210  HBOND      =        0.0000
 1-4 VDW =        2.3478  1-4 EEL =       45.2937  RESTRAINT  =        0.1694
 EAMBER  =   -11348.8013


   NSTEP       ENERGY          RMS            GMAX         NAME    NUMBER
    580      -1.1357E+04     3.2088E-01     8.7159E+00     CH3        19

 BOND    =      846.0274  ANGLE   =        2.3000  DIHED      =       10.5716
 VDWAALS =     2085.3829  EEL     =   -14349.1353  HBOND      =        0.0000
 1-4 VDW =        2.4138  1-4 EEL =       45.0707  RESTRAINT  =        0.1247
 EAMBER  =   -11357.3689


   NSTEP       ENERGY          RMS            GMAX         NAME    NUMBER
    600      -1.1371E+04     6.1857E-01     1.1217E+01     O          16

 BOND    =      855.6559  ANGLE   =        2.4989  DIHED      =       10.7241
 VDWAALS =     2108.6647  EEL     =   -14397.0372  HBOND      =        0.0000
 1-4 VDW =        2.5518  1-4 EEL =       44.8118  RESTRAINT  =        0.6393
 EAMBER  =   -11372.1301


   NSTEP       ENERGY          RMS            GMAX         NAME    NUMBER
    620      -1.1382E+04     4.0850E-01     1.1884E+01     C          15

 BOND    =      851.8511  ANGLE   =        2.3062  DIHED      =       10.6251
 VDWAALS =     2111.4453  EEL     =   -14405.8095  HBOND      =        0.0000
 1-4 VDW =        2.3328  1-4 EEL =       45.4434  RESTRAINT  =        0.0775
 EAMBER  =   -11381.8055


   NSTEP       ENERGY          RMS            GMAX         NAME    NUMBER
    640      -1.1389E+04     4.9668E-01     1.0973E+01     CH3         2

 BOND    =      854.0330  ANGLE   =        2.5201  DIHED      =       10.7105
 VDWAALS =     2118.4090  EEL     =   -14422.1619  HBOND      =        0.0000
 1-4 VDW =        2.3350  1-4 EEL =       45.1564  RESTRAINT  =        0.2509
 EAMBER  =   -11388.9980


   NSTEP       ENERGY          RMS            GMAX         NAME    NUMBER
    660      -1.1403E+04     5.7292E-01     1.0954E+01     N          17

 BOND    =      857.0599  ANGLE   =        2.3936  DIHED      =       10.5137
 VDWAALS =     2130.8740  EEL     =   -14451.2075  HBOND      =        0.0000
 1-4 VDW =        2.3938  1-4 EEL =       45.3242  RESTRAINT  =        0.1223
 EAMBER  =   -11402.6483


   NSTEP       ENERGY          RMS            GMAX         NAME    NUMBER
    680      -1.1411E+04     3.5817E-01     1.0445E+01     C          15

 BOND    =      857.7004  ANGLE   =        2.4915  DIHED      =       10.4082
 VDWAALS =     2137.3412  EEL     =   -14466.4446  HBOND      =        0.0000
 1-4 VDW =        2.4498  1-4 EEL =       44.9932  RESTRAINT  =        0.1876
 EAMBER  =   -11411.0603


   NSTEP       ENERGY          RMS            GMAX         NAME    NUMBER
    700      -1.1423E+04     7.8060E-01     2.8402E+01     CA          9

 BOND    =      865.7604  ANGLE   =        2.6508  DIHED      =       10.4613
 VDWAALS =     2150.4066  EEL     =   -14500.2681  HBOND      =        0.0000
 1-4 VDW =        2.7037  1-4 EEL =       44.5608  RESTRAINT  =        0.9420
 EAMBER  =   -11423.7245


   NSTEP       ENERGY          RMS            GMAX         NAME    NUMBER
    720      -1.1432E+04     3.7077E-01     1.2355E+01     C          15

 BOND    =      862.5091  ANGLE   =        2.1175  DIHED      =       10.5576
 VDWAALS =     2153.1851  EEL     =   -14508.7648  HBOND      =        0.0000
 1-4 VDW =        2.4263  1-4 EEL =       45.4017  RESTRAINT  =        0.1019
 EAMBER  =   -11432.5676


   NSTEP       ENERGY          RMS            GMAX         NAME    NUMBER
    740      -1.1440E+04     3.9490E-01     9.7502E+00     O           6

 BOND    =      864.1589  ANGLE   =        2.5299  DIHED      =       10.4878
 VDWAALS =     2157.1609  EEL     =   -14522.2726  HBOND      =        0.0000
 1-4 VDW =        2.3485  1-4 EEL =       45.3419  RESTRAINT  =        0.2349
 EAMBER  =   -11440.2447


   NSTEP       ENERGY          RMS            GMAX         NAME    NUMBER
    760      -1.1451E+04     4.3360E-01     7.5055E+00     C           5

 BOND    =      863.5166  ANGLE   =        2.3186  DIHED      =       10.3842
 VDWAALS =     2164.1523  EEL     =   -14538.9068  HBOND      =        0.0000
 1-4 VDW =        2.3928  1-4 EEL =       45.2340  RESTRAINT  =        0.1373
 EAMBER  =   -11450.9083


   NSTEP       ENERGY          RMS            GMAX         NAME    NUMBER
    780      -1.1459E+04     3.4152E-01     9.1059E+00     C          15

 BOND    =      869.2570  ANGLE   =        2.6342  DIHED      =       10.3789
 VDWAALS =     2170.7089  EEL     =   -14559.5353  HBOND      =        0.0000
 1-4 VDW =        2.5415  1-4 EEL =       44.8375  RESTRAINT  =        0.2471
 EAMBER  =   -11459.1774


   NSTEP       ENERGY          RMS            GMAX         NAME    NUMBER
    800      -1.1467E+04     4.8088E-01     1.3444E+01     CH3         2

 BOND    =      872.9310  ANGLE   =        2.4915  DIHED      =       10.3483
 VDWAALS =     2174.9856  EEL     =   -14575.9870  HBOND      =        0.0000
 1-4 VDW =        2.5918  1-4 EEL =       45.1059  RESTRAINT  =        0.3914
 EAMBER  =   -11467.5329


   NSTEP       ENERGY          RMS            GMAX         NAME    NUMBER
    820      -1.1473E+04     3.1092E-01     8.1330E+00     C          15

 BOND    =      868.8268  ANGLE   =        2.1844  DIHED      =       10.4067
 VDWAALS =     2177.5850  EEL     =   -14580.3029  HBOND      =        0.0000
 1-4 VDW =        2.4630  1-4 EEL =       45.3975  RESTRAINT  =        0.1105
 EAMBER  =   -11473.4396


   NSTEP       ENERGY          RMS            GMAX         NAME    NUMBER
    840      -1.1480E+04     4.9806E-01     1.5850E+01     C          15

 BOND    =      872.9244  ANGLE   =        2.6618  DIHED      =       10.3226
 VDWAALS =     2180.6415  EEL     =   -14594.4614  HBOND      =        0.0000
 1-4 VDW =        2.3713  1-4 EEL =       45.4104  RESTRAINT  =        0.2252
 EAMBER  =   -11480.1293


   NSTEP       ENERGY          RMS            GMAX         NAME    NUMBER
    860      -1.1486E+04     4.1286E-01     1.0754E+01     C          15

 BOND    =      869.2783  ANGLE   =        2.3559  DIHED      =       10.2454
 VDWAALS =     2183.6472  EEL     =   -14599.5601  HBOND      =        0.0000
 1-4 VDW =        2.4296  1-4 EEL =       45.2820  RESTRAINT  =        0.1127
 EAMBER  =   -11486.3218


   NSTEP       ENERGY          RMS            GMAX         NAME    NUMBER
    880      -1.1493E+04     2.6088E-01     8.4004E+00     C          15

 BOND    =      873.6025  ANGLE   =        2.4567  DIHED      =       10.2396
 VDWAALS =     2188.4088  EEL     =   -14615.1624  HBOND      =        0.0000
 1-4 VDW =        2.5280  1-4 EEL =       45.0907  RESTRAINT  =        0.1281
 EAMBER  =   -11492.8361


   NSTEP       ENERGY          RMS            GMAX         NAME    NUMBER
    900      -1.1499E+04     4.9420E-01     1.3057E+01     C          15

 BOND    =      876.2938  ANGLE   =        2.7712  DIHED      =       10.2435
 VDWAALS =     2193.1531  EEL     =   -14629.7148  HBOND      =        0.0000
 1-4 VDW =        2.7003  1-4 EEL =       45.1258  RESTRAINT  =        0.3629
 EAMBER  =   -11499.4271


   NSTEP       ENERGY          RMS            GMAX         NAME    NUMBER
    920      -1.1505E+04     3.2081E-01     1.2442E+01     N          17

 BOND    =      874.0910  ANGLE   =        2.3197  DIHED      =       10.2225
 VDWAALS =     2195.6734  EEL     =   -14634.8077  HBOND      =        0.0000
 1-4 VDW =        2.5074  1-4 EEL =       45.2916  RESTRAINT  =        0.0758
 EAMBER  =   -11504.7022


   NSTEP       ENERGY          RMS            GMAX         NAME    NUMBER
    940      -1.1510E+04     3.4662E-01     1.0543E+01     CA          9

 BOND    =      877.6755  ANGLE   =        2.4950  DIHED      =       10.2116
 VDWAALS =     2198.8286  EEL     =   -14646.6490  HBOND      =        0.0000
 1-4 VDW =        2.4581  1-4 EEL =       45.3334  RESTRAINT  =        0.1020
 EAMBER  =   -11509.6468


   NSTEP       ENERGY          RMS            GMAX         NAME    NUMBER
    960      -1.1515E+04     2.9132E-01     9.8057E+00     C           5

 BOND    =      876.2618  ANGLE   =        2.4051  DIHED      =       10.1546
 VDWAALS =     2202.9173  EEL     =   -14654.1290  HBOND      =        0.0000
 1-4 VDW =        2.5027  1-4 EEL =       45.1374  RESTRAINT  =        0.1030
 EAMBER  =   -11514.7502


   NSTEP       ENERGY          RMS            GMAX         NAME    NUMBER
    980      -1.1518E+04     4.7862E-01     1.4672E+01     C          15

 BOND    =      876.7230  ANGLE   =        2.1723  DIHED      =       10.1534
 VDWAALS =     2206.6242  EEL     =   -14661.9342  HBOND      =        0.0000
 1-4 VDW =        2.5067  1-4 EEL =       45.4106  RESTRAINT  =        0.0962
 EAMBER  =   -11518.3440


   NSTEP       ENERGY          RMS            GMAX         NAME    NUMBER
   1000      -1.1524E+04     4.6701E-01     1.3449E+01     C          15

 BOND    =      882.1649  ANGLE   =        2.4003  DIHED      =       10.1900
 VDWAALS =     2212.1318  EEL     =   -14678.6421  HBOND      =        0.0000
 1-4 VDW =        2.6110  1-4 EEL =       45.3945  RESTRAINT  =        0.2041
 EAMBER  =   -11523.7496


  Maximum number of minimization cycles reached.


                    FINAL RESULTS



   NSTEP       ENERGY          RMS            GMAX         NAME    NUMBER
   1000      -1.1524E+04     4.6701E-01     1.3449E+01     C          15

 BOND    =      882.1649  ANGLE   =        2.4003  DIHED      =       10.1900
 VDWAALS =     2212.1318  EEL     =   -14678.6421  HBOND      =        0.0000
 1-4 VDW =        2.6110  1-4 EEL =       45.3945  RESTRAINT  =        0.2041
 EAMBER  =   -11523.7496

--------------------------------------------------------------------------------
   5.  TIMINGS
--------------------------------------------------------------------------------

|    Read coords time           0.01 ( 0.01% of Total)
|                Build the list             0.08 (62.35% of List )
|                Other                      0.05 (37.65% of List )
|             List time                  0.13 ( 0.96% of Nonbo)
|                   Short_ene time             5.15 (96.13% of Direc)
|                   Other                      0.21 ( 3.87% of Direc)
|                Direct Ewald time          5.35 (40.39% of Ewald)
|                Adjust Ewald time          0.03 ( 0.24% of Ewald)
|                Self Ewald time            0.00 ( 0.01% of Ewald)
|                   Fill Bspline coeffs        0.14 ( 2.14% of Recip)
|                   Fill charge grid           0.12 ( 1.80% of Recip)
|                   Scalar sum                 0.49 ( 7.43% of Recip)
|                   Grad sum                   0.25 ( 3.78% of Recip)
|                      FFT back comm time         2.31 (42.01% of FFT t)
|                      Other                      3.19 (57.99% of FFT t)
|                   FFT time                   5.50 (83.21% of Recip)
|                   Other                      0.11 ( 1.63% of Recip)
|                Recip Ewald time           6.61 (49.84% of Ewald)
|                Force Adjust               1.00 ( 7.57% of Ewald)
|                Virial junk                0.25 ( 1.90% of Ewald)
|                Other                      0.01 ( 0.04% of Ewald)
|             Ewald time                13.26 (99.03% of Nonbo)
|             Other                      0.00 ( 0.01% of Nonbo)
|          Nonbond force             13.39 (75.87% of Force)
|          Bond/Angle/Dihedral        0.03 ( 0.18% of Force)
|          FRC Collect time           0.29 ( 1.63% of Force)
|          Other                      3.94 (22.32% of Force)
|       Force time                17.64 (100.0% of Runmd)
|    Runmd Time                17.64 ( 8.19% of Total)
|    Other                    197.68 (91.80% of Total)
| Total time               215.34 (100.0% of ALL  )

| Highest rstack allocated:      39451
| Highest istack allocated:        839
|           Job began  at 15:35:55.661  on 03/14/2017
|           Setup done at 15:35:55.781  on 03/14/2017
|           Run   done at 15:39:31.005  on 03/14/2017
|     wallclock() was called   44068 times
