
          -------------------------------------------------------
          Amber 16 SANDER                              2016
          -------------------------------------------------------

| Run on 03/14/2017 at 14:15:43

|   Executable path: sander.MPI
| Working directory: /home/steboss/projects/mdgx-tests/alanine/IPOLQ/input/PhiPsi_1/180/270
|          Hostname: node006

  [-O]verwriting output

File Assignments:
|  MDIN: min.in                                                                
| MDOUT: Conf270.min.out                                                       
|INPCRD: Conf270.crd                                                           
|  PARM: Conf270.top                                                           
|RESTRT: Conf270.min                                                           
|  REFC: Conf270.crd                                                           
| MDVEL: mdvel                                                                 
| MDFRC: mdfrc                                                                 
|  MDEN: mden                                                                  
| MDCRD: mdcrd                                                                 
|MDINFO: mdinfo                                                                
|  MTMD: mtmd                                                                  
|INPDIP: inpdip                                                                
|RSTDIP: rstdip                                                                
|INPTRA: inptraj                                                               

|    REMLOG: rem.log
|   REMTYPE: rem.type
|  REMSTRIP: 
|   SAVEENE: saveene
|CLUSTERINF: cluster.info
| RESERVOIR: reserv/frame
|   REMDDIM: 


 Here is the input file:

Initial minimization                                                           
 &cntrl                                                                        
  ntx    = 1,       irest  = 0,       ntrx   = 1,      ntxo   = 1,             
  ntpr   = 20,      ntwx   = 0,       ntwv   = 0,      ntwe   = 0,             
                                                                               
  ntf    = 1,       ntb    = 1,                                                
  ntc    = 1,       ntr    = 1,                                                
  restraintmask = ':1',                                                        
  restraint_wt = 100.0,                                                        
  cut    = 9.0,                                                                
                                                                               
  imin   = 1,                                                                  
  maxcyc = 1000,                                                               
  ncyc   = 100,                                                                
                                                                               
 &end                                                                          

--------------------------------------------------------------------------------
   1.  RESOURCE   USE: 
--------------------------------------------------------------------------------

| Flags: MPI                                                                    
 getting new box info from bottom of inpcrd
|  INFO: Old style inpcrd file read

| peek_ewald_inpcrd: Box info found
|Largest sphere to fit in unit cell has radius =    14.935
| New format PARM file being parsed.
| Version =    1.000 Date = 03/14/17 Time = 13:38:35
 NATOM  =    3148 NTYPES =       9 NBONH =    3138 MBONA  =       9
 NTHETH =      25 MTHETA =      11 NPHIH =      43 MPHIA  =      24
 NHPARM =       0 NPARM  =       0 NNB   =    4267 NRES   =    1045
 NBONA  =       9 NTHETA =      11 NPHIA =      24 NUMBND =      10
 NUMANG =      16 NPTRA  =      19 NATYP =       9 NPHB   =       1
 IFBOX  =       2 NMXRS  =      10 IFCAP =       0 NEXTRA =       0
 NCOPY  =       0


|     Memory Use     Allocated
|     Real              354564
|     Hollerith          10491
|     Integer            94736
|     Max Pairs         349164
|     nblistReal         37776
|     nblist Int        103792
|       Total             5245 kbytes

| Note: 1-4 EEL scale factors are being read from the topology file.

| Note: 1-4 VDW scale factors are being read from the topology file.
| Duplicated    0 dihedrals
| Duplicated    0 dihedrals

     BOX TYPE: TRUNCATED OCTAHEDRON

--------------------------------------------------------------------------------
   2.  CONTROL  DATA  FOR  THE  RUN
--------------------------------------------------------------------------------

default_name                                                                    

General flags:
     imin    =       1, nmropt  =       0

Nature and format of input:
     ntx     =       1, irest   =       0, ntrx    =       1

Nature and format of output:
     ntxo    =       1, ntpr    =      20, ntrx    =       1, ntwr    =       1
     iwrap   =       0, ntwx    =       0, ntwv    =       0, ntwe    =       0
     ioutfm  =       1, ntwprt  =       0, idecomp =       0, rbornstat=      0

Potential function:
     ntf     =       1, ntb     =       1, igb     =       0, nsnb    =      25
     ipol    =       0, gbsa    =       0, iesp    =       0
     dielc   =   1.00000, cut     =   9.00000, intdiel =   1.00000

Frozen or restrained atoms:
     ibelly  =       0, ntr     =       1
     restraint_wt = 100.00000

Energy minimization:
     maxcyc  =    1000, ncyc    =     100, ntmin   =       1
     dx0     =   0.01000, drms    =   0.00010

Ewald parameters:
     verbose =       0, ew_type =       0, nbflag  =       1, use_pme =       1
     vdwmeth =       1, eedmeth =       1, netfrc  =       0
     Box X =   36.583   Box Y =   36.583   Box Z =   36.583
     Alpha =  109.471   Beta  =  109.471   Gamma =  109.471
     NFFT1 =   36       NFFT2 =   36       NFFT3 =   36
     Cutoff=    9.000   Tol   =0.100E-04
     Ewald Coefficient =  0.30768
     Interpolation order =    4

| MPI Timing options:
|      profile_mpi =        0

    LOADING THE CONSTRAINED ATOMS AS GROUPS


   5.  REFERENCE ATOM COORDINATES

  defa
     Mask :1; matches     6 atoms

--------------------------------------------------------------------------------
   3.  ATOMIC COORDINATES AND VELOCITIES
--------------------------------------------------------------------------------

default_name                                                                    
 begin time read from input coords =     0.000 ps

 Number of triangulated 3-point waters found:     1042
|  Atom division among processors:
|         0     394     787    1180    1573    1966    2359    2752
|      3148

     Sum of charges from parm topology file =  -0.00000000
     Forcing neutrality...
|  Running AMBER/MPI version on    8 nodes


--------------------------------------------------------------------------------
   4.  RESULTS
--------------------------------------------------------------------------------

 ---------------------------------------------------
 APPROXIMATING switch and d/dx switch using CUBIC SPLINE INTERPOLATION
 using   5000.0 points per unit in tabled values
 TESTING RELATIVE ERROR over r ranging from 0.0 to cutoff
| CHECK switch(x): max rel err =   0.2738E-14   at   2.422500
| CHECK d/dx switch(x): max rel err =   0.8314E-11   at   2.736960
 ---------------------------------------------------
| Local SIZE OF NONBOND LIST =      95460
| TOTAL SIZE OF NONBOND LIST =     732475


   NSTEP       ENERGY          RMS            GMAX         NAME    NUMBER
      1      -8.1883E+03     3.3892E+01     1.3078E+03     O        2429

 BOND    =        0.6289  ANGLE   =        1.0411  DIHED      =       13.3960
 VDWAALS =     1532.8552  EEL     =    -9783.4292  HBOND      =        0.0000
 1-4 VDW =        2.8701  1-4 EEL =       44.2942  RESTRAINT  =        0.0000


   NSTEP       ENERGY          RMS            GMAX         NAME    NUMBER
     20      -9.5122E+03     3.0187E+00     2.3934E+01     O        2240

 BOND    =      497.9460  ANGLE   =        1.0124  DIHED      =       13.4583
 VDWAALS =      989.4713  EEL     =   -11061.2477  HBOND      =        0.0000
 1-4 VDW =        2.8699  1-4 EEL =       44.2788  RESTRAINT  =        0.0076
 EAMBER  =    -9512.2110


   NSTEP       ENERGY          RMS            GMAX         NAME    NUMBER
     40      -1.0289E+04     1.5886E+00     8.0293E+00     O        2612

 BOND    =      579.6342  ANGLE   =        1.0219  DIHED      =       13.5281
 VDWAALS =      997.7207  EEL     =   -11927.8729  HBOND      =        0.0000
 1-4 VDW =        2.8704  1-4 EEL =       44.3388  RESTRAINT  =        0.0105
 EAMBER  =   -10288.7588


   NSTEP       ENERGY          RMS            GMAX         NAME    NUMBER
     60      -1.0553E+04     3.2291E+00     1.6928E+01     H1         87

 BOND    =      685.2760  ANGLE   =        1.0258  DIHED      =       13.5387
 VDWAALS =     1033.4213  EEL     =   -12333.1643  HBOND      =        0.0000
 1-4 VDW =        2.8675  1-4 EEL =       44.4264  RESTRAINT  =        0.0084
 EAMBER  =   -10552.6086


   NSTEP       ENERGY          RMS            GMAX         NAME    NUMBER
     80      -1.0731E+04     1.1214E+00     5.4979E+00     O        2939

 BOND    =      600.7904  ANGLE   =        1.0252  DIHED      =       13.5401
 VDWAALS =     1071.1520  EEL     =   -12464.7327  HBOND      =        0.0000
 1-4 VDW =        2.8670  1-4 EEL =       44.4958  RESTRAINT  =        0.0078
 EAMBER  =   -10730.8623


   NSTEP       ENERGY          RMS            GMAX         NAME    NUMBER
    100      -1.0853E+04     9.0624E-01     4.4022E+00     H1       2586

 BOND    =      622.5719  ANGLE   =        1.0266  DIHED      =       13.5386
 VDWAALS =     1109.0315  EEL     =   -12646.4670  HBOND      =        0.0000
 1-4 VDW =        2.8682  1-4 EEL =       44.5632  RESTRAINT  =        0.0079
 EAMBER  =   -10852.8671


   NSTEP       ENERGY          RMS            GMAX         NAME    NUMBER
    120      -1.1355E+04     4.4439E+00     4.5011E+01     H1       1323

 BOND    =      866.9955  ANGLE   =        1.1864  DIHED      =       13.4964
 VDWAALS =     1564.6888  EEL     =   -13849.3628  HBOND      =        0.0000
 1-4 VDW =        2.9205  1-4 EEL =       45.2468  RESTRAINT  =        0.0257
 EAMBER  =   -11354.8285


   NSTEP       ENERGY          RMS            GMAX         NAME    NUMBER
    140      -1.1520E+04     1.1242E+00     1.2998E+01     O        2843

 BOND    =      744.5038  ANGLE   =        1.0956  DIHED      =       13.4741
 VDWAALS =     1592.2629  EEL     =   -13919.6828  HBOND      =        0.0000
 1-4 VDW =        2.9316  1-4 EEL =       45.4033  RESTRAINT  =        0.0278
 EAMBER  =   -11520.0115


   NSTEP       ENERGY          RMS            GMAX         NAME    NUMBER
    160      -1.1648E+04     1.8846E+00     4.3958E+01     O        2939

 BOND    =      758.9512  ANGLE   =        1.5467  DIHED      =       13.4264
 VDWAALS =     1618.8810  EEL     =   -14089.0815  HBOND      =        0.0000
 1-4 VDW =        2.9995  1-4 EEL =       45.5376  RESTRAINT  =        0.0258
 EAMBER  =   -11647.7390


   NSTEP       ENERGY          RMS            GMAX         NAME    NUMBER
    180      -1.1756E+04     3.5380E+00     5.6028E+01     CH3        19

 BOND    =      839.8699  ANGLE   =        2.5363  DIHED      =       13.2460
 VDWAALS =     1781.2282  EEL     =   -14442.1831  HBOND      =        0.0000
 1-4 VDW =        3.1953  1-4 EEL =       46.0906  RESTRAINT  =        0.1129
 EAMBER  =   -11756.0168


   NSTEP       ENERGY          RMS            GMAX         NAME    NUMBER
    200      -1.1880E+04     1.6809E+00     3.4761E+01     C           5

 BOND    =      821.0981  ANGLE   =        2.0713  DIHED      =       12.9022
 VDWAALS =     1815.8865  EEL     =   -14582.2765  HBOND      =        0.0000
 1-4 VDW =        3.1921  1-4 EEL =       46.5592  RESTRAINT  =        0.2005
 EAMBER  =   -11880.5671


   NSTEP       ENERGY          RMS            GMAX         NAME    NUMBER
    220      -1.1936E+04     1.3179E+00     3.4729E+01     C           5

 BOND    =      818.8091  ANGLE   =        3.5008  DIHED      =       13.0188
 VDWAALS =     1861.2743  EEL     =   -14682.5108  HBOND      =        0.0000
 1-4 VDW =        3.3928  1-4 EEL =       46.4853  RESTRAINT  =        0.2851
 EAMBER  =   -11936.0297


   NSTEP       ENERGY          RMS            GMAX         NAME    NUMBER
    240      -1.2009E+04     9.9977E-01     2.4718E+01     C          15

 BOND    =      834.3809  ANGLE   =        2.3275  DIHED      =       13.0699
 VDWAALS =     1916.9513  EEL     =   -14826.1692  HBOND      =        0.0000
 1-4 VDW =        3.2538  1-4 EEL =       46.7457  RESTRAINT  =        0.1114
 EAMBER  =   -12009.4401


   NSTEP       ENERGY          RMS            GMAX         NAME    NUMBER
    260      -1.2049E+04     7.8623E-01     2.6889E+01     C          15

 BOND    =      841.5049  ANGLE   =        1.9213  DIHED      =       14.0945
 VDWAALS =     1938.4047  EEL     =   -14895.1683  HBOND      =        0.0000
 1-4 VDW =        3.3785  1-4 EEL =       46.2978  RESTRAINT  =        0.1829
 EAMBER  =   -12049.5666


   NSTEP       ENERGY          RMS            GMAX         NAME    NUMBER
    280      -1.2099E+04     9.1238E-01     2.8194E+01     C          15

 BOND    =      864.0384  ANGLE   =        2.3267  DIHED      =       12.8567
 VDWAALS =     2019.0816  EEL     =   -15048.0634  HBOND      =        0.0000
 1-4 VDW =        3.4365  1-4 EEL =       46.7928  RESTRAINT  =        0.1737
 EAMBER  =   -12099.5307


   NSTEP       ENERGY          RMS            GMAX         NAME    NUMBER
    300      -1.2145E+04     9.6779E-01     2.6875E+01     C          15

 BOND    =      865.1089  ANGLE   =        3.5036  DIHED      =       11.6129
 VDWAALS =     2020.0030  EEL     =   -15097.0010  HBOND      =        0.0000
 1-4 VDW =        3.4492  1-4 EEL =       47.7619  RESTRAINT  =        0.2332
 EAMBER  =   -12145.5615


   NSTEP       ENERGY          RMS            GMAX         NAME    NUMBER
    320      -1.2176E+04     1.0338E+00     3.1719E+01     C          15

 BOND    =      862.1925  ANGLE   =        2.1722  DIHED      =       11.8709
 VDWAALS =     2055.3794  EEL     =   -15158.3801  HBOND      =        0.0000
 1-4 VDW =        3.6283  1-4 EEL =       47.4134  RESTRAINT  =        0.2010
 EAMBER  =   -12175.7234


   NSTEP       ENERGY          RMS            GMAX         NAME    NUMBER
    340      -1.2219E+04     1.0044E+00     2.8402E+01     N          17

 BOND    =      880.6399  ANGLE   =        2.4782  DIHED      =       11.9075
 VDWAALS =     2070.7734  EEL     =   -15235.6085  HBOND      =        0.0000
 1-4 VDW =        3.7680  1-4 EEL =       47.0696  RESTRAINT  =        0.1848
 EAMBER  =   -12218.9719


   NSTEP       ENERGY          RMS            GMAX         NAME    NUMBER
    360      -1.2241E+04     5.1899E-01     1.2940E+01     CB         11

 BOND    =      870.1062  ANGLE   =        2.1745  DIHED      =       11.5777
 VDWAALS =     2084.1628  EEL     =   -15260.3130  HBOND      =        0.0000
 1-4 VDW =        3.6999  1-4 EEL =       47.1643  RESTRAINT  =        0.0906
 EAMBER  =   -12241.4276


   NSTEP       ENERGY          RMS            GMAX         NAME    NUMBER
    380      -1.2278E+04     7.4978E-01     2.0813E+01     C          15

 BOND    =      892.8766  ANGLE   =        2.4269  DIHED      =       11.5605
 VDWAALS =     2137.0211  EEL     =   -15373.5463  HBOND      =        0.0000
 1-4 VDW =        3.8623  1-4 EEL =       47.3735  RESTRAINT  =        0.1054
 EAMBER  =   -12278.4253


   NSTEP       ENERGY          RMS            GMAX         NAME    NUMBER
    400      -1.2317E+04     6.6928E-01     2.0567E+01     HH32       21

 BOND    =      895.9380  ANGLE   =        3.6256  DIHED      =       10.4077
 VDWAALS =     2133.6886  EEL     =   -15412.5519  HBOND      =        0.0000
 1-4 VDW =        3.9055  1-4 EEL =       48.0484  RESTRAINT  =        0.3130
 EAMBER  =   -12316.9381


   NSTEP       ENERGY          RMS            GMAX         NAME    NUMBER
    420      -1.2356E+04     1.4762E+00     3.5163E+01     N          17

 BOND    =      900.3383  ANGLE   =        3.1665  DIHED      =       10.7132
 VDWAALS =     2178.9684  EEL     =   -15500.4749  HBOND      =        0.0000
 1-4 VDW =        3.6887  1-4 EEL =       47.2634  RESTRAINT  =        0.4976
 EAMBER  =   -12356.3363


   NSTEP       ENERGY          RMS            GMAX         NAME    NUMBER
    440      -1.2406E+04     9.6309E-01     2.2416E+01     C          15

 BOND    =      911.1778  ANGLE   =        2.3575  DIHED      =       10.4439
 VDWAALS =     2200.6617  EEL     =   -15582.1787  HBOND      =        0.0000
 1-4 VDW =        3.7488  1-4 EEL =       47.4868  RESTRAINT  =        0.1172
 EAMBER  =   -12406.3023


   NSTEP       ENERGY          RMS            GMAX         NAME    NUMBER
    460      -1.2420E+04     5.5036E-01     1.5794E+01     H2       1435

 BOND    =      907.3953  ANGLE   =        2.1177  DIHED      =       10.0529
 VDWAALS =     2206.4092  EEL     =   -15597.3022  HBOND      =        0.0000
 1-4 VDW =        3.6726  1-4 EEL =       47.3915  RESTRAINT  =        0.1150
 EAMBER  =   -12420.2630


   NSTEP       ENERGY          RMS            GMAX         NAME    NUMBER
    480      -1.2456E+04     2.2815E+00     5.9400E+01     C          15

 BOND    =      927.0952  ANGLE   =        5.5951  DIHED      =       10.1752
 VDWAALS =     2270.5319  EEL     =   -15720.6592  HBOND      =        0.0000
 1-4 VDW =        3.6062  1-4 EEL =       46.6233  RESTRAINT  =        0.7044
 EAMBER  =   -12457.0324


   NSTEP       ENERGY          RMS            GMAX         NAME    NUMBER
    500      -1.2498E+04     6.2103E-01     2.0106E+01     C          15

 BOND    =      925.2312  ANGLE   =        1.9360  DIHED      =        9.6600
 VDWAALS =     2260.0179  EEL     =   -15746.1324  HBOND      =        0.0000
 1-4 VDW =        3.5508  1-4 EEL =       47.2392  RESTRAINT  =        0.1995
 EAMBER  =   -12498.4972


   NSTEP       ENERGY          RMS            GMAX         NAME    NUMBER
    520      -1.2517E+04     1.0262E+00     2.9995E+01     C           5

 BOND    =      925.0181  ANGLE   =        2.6091  DIHED      =        9.5757
 VDWAALS =     2280.1066  EEL     =   -15784.9828  HBOND      =        0.0000
 1-4 VDW =        3.3905  1-4 EEL =       47.2766  RESTRAINT  =        0.2111
 EAMBER  =   -12517.0062


   NSTEP       ENERGY          RMS            GMAX         NAME    NUMBER
    540      -1.2554E+04     5.3011E-01     1.1879E+01     HH33        4

 BOND    =      934.3810  ANGLE   =        2.2946  DIHED      =        9.2242
 VDWAALS =     2297.0589  EEL     =   -15847.9826  HBOND      =        0.0000
 1-4 VDW =        3.2755  1-4 EEL =       47.0858  RESTRAINT  =        0.8294
 EAMBER  =   -12554.6627


   NSTEP       ENERGY          RMS            GMAX         NAME    NUMBER
    560      -1.2563E+04     3.4889E-01     8.5934E+00     C          15

 BOND    =      932.3657  ANGLE   =        1.6935  DIHED      =        9.4569
 VDWAALS =     2300.3306  EEL     =   -15857.6269  HBOND      =        0.0000
 1-4 VDW =        3.4368  1-4 EEL =       47.1649  RESTRAINT  =        0.1697
 EAMBER  =   -12563.1786


   NSTEP       ENERGY          RMS            GMAX         NAME    NUMBER
    580      -1.2583E+04     5.0866E-01     1.2157E+01     HH33        4

 BOND    =      938.8894  ANGLE   =        1.8408  DIHED      =        9.4336
 VDWAALS =     2322.8935  EEL     =   -15907.0605  HBOND      =        0.0000
 1-4 VDW =        3.5551  1-4 EEL =       47.2531  RESTRAINT  =        0.2754
 EAMBER  =   -12583.1949


   NSTEP       ENERGY          RMS            GMAX         NAME    NUMBER
    600      -1.2598E+04     5.0035E-01     1.6915E+01     C          15

 BOND    =      940.0725  ANGLE   =        1.8592  DIHED      =        9.2966
 VDWAALS =     2326.2737  EEL     =   -15926.5214  HBOND      =        0.0000
 1-4 VDW =        3.5554  1-4 EEL =       47.0092  RESTRAINT  =        0.2045
 EAMBER  =   -12598.4548


   NSTEP       ENERGY          RMS            GMAX         NAME    NUMBER
    620      -1.2608E+04     7.8668E-01     2.3363E+01     C           5

 BOND    =      943.0120  ANGLE   =        2.1867  DIHED      =        9.1442
 VDWAALS =     2339.0253  EEL     =   -15952.3491  HBOND      =        0.0000
 1-4 VDW =        3.3798  1-4 EEL =       47.3824  RESTRAINT  =        0.1618
 EAMBER  =   -12608.2186


   NSTEP       ENERGY          RMS            GMAX         NAME    NUMBER
    640      -1.2627E+04     3.7575E-01     1.1666E+01     C          15

 BOND    =      944.8456  ANGLE   =        1.9587  DIHED      =        9.0688
 VDWAALS =     2351.2677  EEL     =   -15984.8875  HBOND      =        0.0000
 1-4 VDW =        3.1425  1-4 EEL =       47.1305  RESTRAINT  =        0.2148
 EAMBER  =   -12627.4737


   NSTEP       ENERGY          RMS            GMAX         NAME    NUMBER
    660      -1.2633E+04     2.7031E-01     5.2814E+00     CH3        19

 BOND    =      945.4195  ANGLE   =        1.3857  DIHED      =        9.0431
 VDWAALS =     2355.9036  EEL     =   -15995.5172  HBOND      =        0.0000
 1-4 VDW =        3.3558  1-4 EEL =       47.0473  RESTRAINT  =        0.1290
 EAMBER  =   -12633.3622


   NSTEP       ENERGY          RMS            GMAX         NAME    NUMBER
    680      -1.2654E+04     4.5017E-01     7.7460E+00     CH3        19

 BOND    =      953.7478  ANGLE   =        1.3589  DIHED      =        8.9292
 VDWAALS =     2388.8787  EEL     =   -16057.2305  HBOND      =        0.0000
 1-4 VDW =        3.3941  1-4 EEL =       47.1286  RESTRAINT  =        0.1843
 EAMBER  =   -12653.7933


   NSTEP       ENERGY          RMS            GMAX         NAME    NUMBER
    700      -1.2670E+04     3.8332E-01     1.1383E+01     C          15

 BOND    =      954.1699  ANGLE   =        1.5336  DIHED      =        9.0747
 VDWAALS =     2387.6649  EEL     =   -16073.2457  HBOND      =        0.0000
 1-4 VDW =        3.5446  1-4 EEL =       46.8409  RESTRAINT  =        0.2608
 EAMBER  =   -12670.4171


   NSTEP       ENERGY          RMS            GMAX         NAME    NUMBER
    720      -1.2681E+04     1.1315E+00     4.4902E+01     C          15

 BOND    =      956.0834  ANGLE   =        2.4269  DIHED      =        9.1462
 VDWAALS =     2404.3299  EEL     =   -16103.7382  HBOND      =        0.0000
 1-4 VDW =        3.2913  1-4 EEL =       46.8801  RESTRAINT  =        0.3428
 EAMBER  =   -12681.5803


   NSTEP       ENERGY          RMS            GMAX         NAME    NUMBER
    740      -1.2697E+04     2.0808E-01     3.6806E+00     C          15

 BOND    =      959.5183  ANGLE   =        1.1232  DIHED      =        8.9156
 VDWAALS =     2410.2012  EEL     =   -16126.7067  HBOND      =        0.0000
 1-4 VDW =        3.2289  1-4 EEL =       47.1007  RESTRAINT  =        0.1064
 EAMBER  =   -12696.6187


   NSTEP       ENERGY          RMS            GMAX         NAME    NUMBER
    760      -1.2703E+04     3.1246E-01     7.5161E+00     HH32       21

 BOND    =      959.1423  ANGLE   =        1.1360  DIHED      =        8.8971
 VDWAALS =     2413.9376  EEL     =   -16136.7101  HBOND      =        0.0000
 1-4 VDW =        3.2323  1-4 EEL =       47.1468  RESTRAINT  =        0.1034
 EAMBER  =   -12703.2180


   NSTEP       ENERGY          RMS            GMAX         NAME    NUMBER
    780      -1.2711E+04     3.0365E-01     6.4440E+00     C          15

 BOND    =      960.6726  ANGLE   =        1.2989  DIHED      =        8.8221
 VDWAALS =     2422.9588  EEL     =   -16155.3472  HBOND      =        0.0000
 1-4 VDW =        3.2369  1-4 EEL =       47.2448  RESTRAINT  =        0.0951
 EAMBER  =   -12711.1131


   NSTEP       ENERGY          RMS            GMAX         NAME    NUMBER
    800      -1.2718E+04     3.6145E-01     1.2281E+01     C          15

 BOND    =      963.7274  ANGLE   =        1.3838  DIHED      =        8.8902
 VDWAALS =     2424.9950  EEL     =   -16167.9216  HBOND      =        0.0000
 1-4 VDW =        3.3004  1-4 EEL =       47.2023  RESTRAINT  =        0.0982
 EAMBER  =   -12718.4225


   NSTEP       ENERGY          RMS            GMAX         NAME    NUMBER
    820      -1.2725E+04     5.9012E-01     2.8305E+01     C          15

 BOND    =      965.9976  ANGLE   =        1.1093  DIHED      =        9.0377
 VDWAALS =     2432.4744  EEL     =   -16183.5872  HBOND      =        0.0000
 1-4 VDW =        3.3157  1-4 EEL =       46.9660  RESTRAINT  =        0.1314
 EAMBER  =   -12724.6864


   NSTEP       ENERGY          RMS            GMAX         NAME    NUMBER
    840      -1.2736E+04     4.2821E-01     1.4638E+01     C          15

 BOND    =      964.5970  ANGLE   =        1.2388  DIHED      =        8.8926
 VDWAALS =     2435.6048  EEL     =   -16196.4908  HBOND      =        0.0000
 1-4 VDW =        3.1611  1-4 EEL =       46.8173  RESTRAINT  =        0.1276
 EAMBER  =   -12736.1792


   NSTEP       ENERGY          RMS            GMAX         NAME    NUMBER
    860      -1.2740E+04     2.3300E-01     4.9639E+00     HH32       21

 BOND    =      964.9315  ANGLE   =        1.0483  DIHED      =        8.8277
 VDWAALS =     2437.8236  EEL     =   -16202.8345  HBOND      =        0.0000
 1-4 VDW =        3.2204  1-4 EEL =       47.1552  RESTRAINT  =        0.0884
 EAMBER  =   -12739.8277


   NSTEP       ENERGY          RMS            GMAX         NAME    NUMBER
    880      -1.2756E+04     3.3884E-01     6.6816E+00     C          15

 BOND    =      970.6295  ANGLE   =        1.0823  DIHED      =        8.7662
 VDWAALS =     2461.9929  EEL     =   -16248.8059  HBOND      =        0.0000
 1-4 VDW =        3.2053  1-4 EEL =       47.1169  RESTRAINT  =        0.0839
 EAMBER  =   -12756.0128


   NSTEP       ENERGY          RMS            GMAX         NAME    NUMBER
    900      -1.2765E+04     4.0930E-01     1.1004E+01     C          15

 BOND    =      970.0938  ANGLE   =        1.0952  DIHED      =        8.8127
 VDWAALS =     2460.2329  EEL     =   -16255.9254  HBOND      =        0.0000
 1-4 VDW =        3.2602  1-4 EEL =       46.9678  RESTRAINT  =        0.0804
 EAMBER  =   -12765.4628


   NSTEP       ENERGY          RMS            GMAX         NAME    NUMBER
    920      -1.2771E+04     6.7819E-01     2.5607E+01     C          15

 BOND    =      972.2595  ANGLE   =        1.1063  DIHED      =        8.8693
 VDWAALS =     2468.2689  EEL     =   -16271.8901  HBOND      =        0.0000
 1-4 VDW =        3.3415  1-4 EEL =       47.2242  RESTRAINT  =        0.0883
 EAMBER  =   -12770.8204


   NSTEP       ENERGY          RMS            GMAX         NAME    NUMBER
    940      -1.2784E+04     2.7147E-01     7.9681E+00     N          17

 BOND    =      974.9861  ANGLE   =        1.2891  DIHED      =        8.8362
 VDWAALS =     2477.2897  EEL     =   -16296.8761  HBOND      =        0.0000
 1-4 VDW =        3.1612  1-4 EEL =       46.9665  RESTRAINT  =        0.0979
 EAMBER  =   -12784.3472


   NSTEP       ENERGY          RMS            GMAX         NAME    NUMBER
    960      -1.2787E+04     2.8410E-01     9.4391E+00     CA          9

 BOND    =      976.6535  ANGLE   =        1.0594  DIHED      =        8.7671
 VDWAALS =     2479.6351  EEL     =   -16304.0215  HBOND      =        0.0000
 1-4 VDW =        3.2276  1-4 EEL =       47.1548  RESTRAINT  =        0.0809
 EAMBER  =   -12787.5242


   NSTEP       ENERGY          RMS            GMAX         NAME    NUMBER
    980      -1.2797E+04     2.8987E-01     6.8164E+00     C          15

 BOND    =      977.7826  ANGLE   =        1.1424  DIHED      =        8.7271
 VDWAALS =     2493.5832  EEL     =   -16328.1543  HBOND      =        0.0000
 1-4 VDW =        3.2120  1-4 EEL =       47.0819  RESTRAINT  =        0.0566
 EAMBER  =   -12796.6252


   NSTEP       ENERGY          RMS            GMAX         NAME    NUMBER
   1000      -1.2802E+04     3.6320E-01     1.4731E+01     N           7

 BOND    =      979.4617  ANGLE   =        1.0800  DIHED      =        8.7735
 VDWAALS =     2494.3357  EEL     =   -16336.2920  HBOND      =        0.0000
 1-4 VDW =        3.1717  1-4 EEL =       46.9307  RESTRAINT  =        0.0673
 EAMBER  =   -12802.5386


  Maximum number of minimization cycles reached.


                    FINAL RESULTS



   NSTEP       ENERGY          RMS            GMAX         NAME    NUMBER
   1000      -1.2802E+04     3.6320E-01     1.4731E+01     N           7

 BOND    =      979.4617  ANGLE   =        1.0800  DIHED      =        8.7735
 VDWAALS =     2494.3357  EEL     =   -16336.2920  HBOND      =        0.0000
 1-4 VDW =        3.1717  1-4 EEL =       46.9307  RESTRAINT  =        0.0673
 EAMBER  =   -12802.5386

--------------------------------------------------------------------------------
   5.  TIMINGS
--------------------------------------------------------------------------------

|                Build the list             0.07 (53.74% of List )
|                Other                      0.06 (46.26% of List )
|             List time                  0.14 ( 1.20% of Nonbo)
|                   Short_ene time             7.00 (95.90% of Direc)
|                   Other                      0.30 ( 4.10% of Direc)
|                Direct Ewald time          7.30 (64.49% of Ewald)
|                Adjust Ewald time          0.04 ( 0.38% of Ewald)
|                Self Ewald time            0.00 ( 0.02% of Ewald)
|                   Fill Bspline coeffs        0.17 ( 5.16% of Recip)
|                   Fill charge grid           0.16 ( 4.64% of Recip)
|                   Scalar sum                 0.62 (18.48% of Recip)
|                   Grad sum                   0.35 (10.26% of Recip)
|                      FFT back comm time         1.02 (51.49% of FFT t)
|                      Other                      0.96 (48.51% of FFT t)
|                   FFT time                   1.98 (58.78% of Recip)
|                   Other                      0.09 ( 2.68% of Recip)
|                Recip Ewald time           3.37 (29.74% of Ewald)
|                Force Adjust               0.48 ( 4.28% of Ewald)
|                Virial junk                0.12 ( 1.04% of Ewald)
|                Start synchronizatio       0.00 ( 0.01% of Ewald)
|                Other                      0.01 ( 0.05% of Ewald)
|             Ewald time                11.32 (98.79% of Nonbo)
|             Other                      0.00 ( 0.01% of Nonbo)
|          Nonbond force             11.46 (92.33% of Force)
|          Bond/Angle/Dihedral        0.04 ( 0.29% of Force)
|          FRC Collect time           0.42 ( 3.40% of Force)
|          Other                      0.49 ( 3.98% of Force)
|       Force time                12.41 (100.0% of Runmd)
|    Runmd Time                12.41 ( 4.02% of Total)
|    Other                    296.16 (95.98% of Total)
| Total time               308.58 (100.0% of ALL  )

| Highest rstack allocated:      41962
| Highest istack allocated:        932
|           Job began  at 14:15:43.338  on 03/14/2017
|           Setup done at 14:15:43.440  on 03/14/2017
|           Run   done at 14:20:51.915  on 03/14/2017
|     wallclock() was called   44070 times
