
          -------------------------------------------------------
          Amber 16 SANDER                              2016
          -------------------------------------------------------

| Run on 03/14/2017 at 15:30:21

|   Executable path: sander.MPI
| Working directory: /home/steboss/projects/mdgx-tests/alanine/IPOLQ/input/PhiPsi_1/45/45
|          Hostname: node005

  [-O]verwriting output

File Assignments:
|  MDIN: equil.in                                                              
| MDOUT: Conf45.eq.out                                                         
|INPCRD: Conf45.min                                                            
|  PARM: Conf45.top                                                            
|RESTRT: Conf45.rst                                                            
|  REFC: Conf45.crd                                                            
| MDVEL: mdvel                                                                 
| MDFRC: mdfrc                                                                 
|  MDEN: mden                                                                  
| MDCRD: mdcrd                                                                 
|MDINFO: mdinfo                                                                
|  MTMD: mtmd                                                                  
|INPDIP: inpdip                                                                
|RSTDIP: rstdip                                                                
|INPTRA: inptraj                                                               

|    REMLOG: rem.log
|   REMTYPE: rem.type
|  REMSTRIP: 
|   SAVEENE: saveene
|CLUSTERINF: cluster.info
| RESERVOIR: reserv/frame
|   REMDDIM: 


 Here is the input file:

Equilibrate water in NPT                                                       
 &cntrl                                                                        
                                                                               
  nmropt = 0,                                                                  
  ntx    = 1,       irest  = 0,       ntrx   = 1,      ntxo   = 1,             
  ntpr   = 1000,    ntwx   = 1000,    ntwv   = 0,      ntwe   = 1000,          
  iwrap  = 0,       ioutfm = 1,                                                
                                                                               
  ntf    = 2,       ntb    = 2,                                                
  cut = 9.0,                                                                   
                                                                               
  ibelly = 0,       ntr    = 1,                                                
  restraintmask = ':1',                                                        
  restraint_wt = 100.0,                                                        
                                                                               
  imin   = 0,                                                                  
  nstlim = 10000,                                                              
  nscm   = 1000,                                                               
  t      = 0.0,     dt     = 0.002,                                            
                                                                               
  temp0     = 298.0,   tempi  = 0.0,                                           
  ig        = -1,                                                              
  ntt       = 3,                                                               
  gamma_ln  = 3.0,                                                             
                                                                               
  ntp    = 1,       pres0  = 1.0,     comp   = 44.6,                           
  taup   = 1.0,                                                                
                                                                               
  ntc    = 2,       tol    = 0.000001, watnam = 'WAT ',                        
                                                                               
 &end                                                                          

--------------------------------------------------------------------------------
   1.  RESOURCE   USE: 
--------------------------------------------------------------------------------

| Flags: MPI                                                                    
 getting new box info from bottom of inpcrd
|  INFO: Old style inpcrd file read

| peek_ewald_inpcrd: Box info found
|Largest sphere to fit in unit cell has radius =    14.277
| New format PARM file being parsed.
| Version =    1.000 Date = 03/14/17 Time = 13:40:23
 NATOM  =    2767 NTYPES =       9 NBONH =    2757 MBONA  =       9
 NTHETH =      25 MTHETA =      11 NPHIH =      43 MPHIA  =      24
 NHPARM =       0 NPARM  =       0 NNB   =    3759 NRES   =     918
 NBONA  =       9 NTHETA =      11 NPHIA =      24 NUMBND =      10
 NUMANG =      16 NPTRA  =      19 NATYP =       9 NPHB   =       1
 IFBOX  =       2 NMXRS  =      10 IFCAP =       0 NEXTRA =       0
 NCOPY  =       0


|     Memory Use     Allocated
|     Real              288775
|     Hollerith           9221
|     Integer            86100
|     Max Pairs         306906
|     nblistReal         33204
|     nblist Int         84971
|       Total             4418 kbytes

| Note: 1-4 EEL scale factors are being read from the topology file.

| Note: 1-4 VDW scale factors are being read from the topology file.
| Duplicated    0 dihedrals
| Duplicated    0 dihedrals

     BOX TYPE: TRUNCATED OCTAHEDRON
Note: ig = -1. Setting random seed to   679090 based on wallclock time in microseconds
      and disabling the synchronization of random numbers between tasks
      to improve performance.

--------------------------------------------------------------------------------
   2.  CONTROL  DATA  FOR  THE  RUN
--------------------------------------------------------------------------------

default_name                                                                    

General flags:
     imin    =       0, nmropt  =       0

Nature and format of input:
     ntx     =       1, irest   =       0, ntrx    =       1

Nature and format of output:
     ntxo    =       1, ntpr    =    1000, ntrx    =       1, ntwr    =   10000
     iwrap   =       0, ntwx    =    1000, ntwv    =       0, ntwe    =    1000
     ioutfm  =       1, ntwprt  =       0, idecomp =       0, rbornstat=      0

Potential function:
     ntf     =       2, ntb     =       2, igb     =       0, nsnb    =      25
     ipol    =       0, gbsa    =       0, iesp    =       0
     dielc   =   1.00000, cut     =   9.00000, intdiel =   1.00000

Frozen or restrained atoms:
     ibelly  =       0, ntr     =       1
     restraint_wt = 100.00000

Molecular dynamics:
     nstlim  =     10000, nscm    =         0, nrespa  =         1
     t       =   0.00000, dt      =   0.00200, vlimit  =  20.00000

Langevin dynamics temperature regulation:
     ig      =  679090
     temp0   = 298.00000, tempi   =   0.00000, gamma_ln=   3.00000

Pressure regulation:
     ntp     =       1
     pres0   =   1.00000, comp    =  44.60000, taup    =   1.00000

SHAKE:
     ntc     =       2, jfastw  =       0
     tol     =   0.00000

Ewald parameters:
     verbose =       0, ew_type =       0, nbflag  =       1, use_pme =       1
     vdwmeth =       1, eedmeth =       1, netfrc  =       1
     Box X =   34.971   Box Y =   34.971   Box Z =   34.971
     Alpha =  109.471   Beta  =  109.471   Gamma =  109.471
     NFFT1 =   36       NFFT2 =   36       NFFT3 =   36
     Cutoff=    9.000   Tol   =0.100E-04
     Ewald Coefficient =  0.30768
     Interpolation order =    4

| MPI Timing options:
|      profile_mpi =        0

    LOADING THE CONSTRAINED ATOMS AS GROUPS


   5.  REFERENCE ATOM COORDINATES

  defa
     Mask :1; matches     6 atoms

--------------------------------------------------------------------------------
   3.  ATOMIC COORDINATES AND VELOCITIES
--------------------------------------------------------------------------------

defa                                                                            
 begin time read from input coords =     0.000 ps

 Number of triangulated 3-point waters found:      915
|  Atom division among processors:
|         0     346     691    1039    1384    1729    2077    2422
|      2767

     Sum of charges from parm topology file =  -0.00000000
     Forcing neutrality...
|  Running AMBER/MPI version on    8 nodes


--------------------------------------------------------------------------------
   4.  RESULTS
--------------------------------------------------------------------------------

|  # of SOLUTE  degrees of freedom (RNDFP):    5544.
|  # of SOLVENT degrees of freedom (RNDFS):       0.
|  NDFMIN =    5544.     NUM_NOSHAKE =      0     CORRECTED RNDFP =    5544.
|  TOTAL # of degrees of freedom (RNDF) =    5544.
 ---------------------------------------------------
 APPROXIMATING switch and d/dx switch using CUBIC SPLINE INTERPOLATION
 using   5000.0 points per unit in tabled values
 TESTING RELATIVE ERROR over r ranging from 0.0 to cutoff
| CHECK switch(x): max rel err =   0.2738E-14   at   2.422500
| CHECK d/dx switch(x): max rel err =   0.8314E-11   at   2.736960
 ---------------------------------------------------
| Local SIZE OF NONBOND LIST =      89929
| TOTAL SIZE OF NONBOND LIST =     649804

 NSTEP =        0   TIME(PS) =       0.000  TEMP(K) =     0.00  PRESS = -4698.8
 Etot   =    -12153.1247  EKtot   =         0.0000  EPtot      =    -12153.1247
 BOND   =         0.7222  ANGLE   =         3.7774  DIHED      =        10.4717
 1-4 NB =         2.1222  1-4 EEL =        42.8586  VDWAALS    =      2241.2873
 EELEC  =    -14454.4159  EHBOND  =         0.0000  RESTRAINT  =         0.0518
 EAMBER (non-restraint)  =    -12153.1765
 EKCMT  =         0.0000  VIRIAL  =      3340.1858  VOLUME     =     32923.6033
                                                    Density    =         0.8387
 Ewald error estimate:   0.2093E-03
 ------------------------------------------------------------------------------


 NSTEP =     1000   TIME(PS) =       2.000  TEMP(K) =   285.64  PRESS = -1034.7
 Etot   =     -7103.4166  EKtot   =      1573.4436  EPtot      =     -8676.8602
 BOND   =         1.6330  ANGLE   =         6.6996  DIHED      =        13.1010
 1-4 NB =         2.6109  1-4 EEL =        45.6507  VDWAALS    =      1263.1001
 EELEC  =    -10012.9222  EHBOND  =         0.0000  RESTRAINT  =         3.2667
 EAMBER (non-restraint)  =     -8680.1269
 EKCMT  =       772.3510  VIRIAL  =      1447.9176  VOLUME     =     30240.6436
                                                    Density    =         0.9131
 Ewald error estimate:   0.3504E-03
 ------------------------------------------------------------------------------


 NSTEP =     2000   TIME(PS) =       4.000  TEMP(K) =   295.28  PRESS =    38.9
 Etot   =     -7131.1699  EKtot   =      1626.5578  EPtot      =     -8757.7277
 BOND   =         3.7058  ANGLE   =         9.4386  DIHED      =         8.8634
 1-4 NB =         2.9080  1-4 EEL =        41.6478  VDWAALS    =      1358.7531
 EELEC  =    -10184.6737  EHBOND  =         0.0000  RESTRAINT  =         1.6294
 EAMBER (non-restraint)  =     -8759.3570
 EKCMT  =       804.5198  VIRIAL  =       780.3178  VOLUME     =     28810.5636
                                                    Density    =         0.9584
 Ewald error estimate:   0.1806E-03
 ------------------------------------------------------------------------------


 NSTEP =     3000   TIME(PS) =       6.000  TEMP(K) =   299.74  PRESS =  -186.8
 Etot   =     -7154.4074  EKtot   =      1651.1084  EPtot      =     -8805.5158
 BOND   =         6.3348  ANGLE   =        12.9633  DIHED      =        11.0824
 1-4 NB =         3.7497  1-4 EEL =        41.6268  VDWAALS    =      1312.2522
 EELEC  =    -10197.6741  EHBOND  =         0.0000  RESTRAINT  =         4.1491
 EAMBER (non-restraint)  =     -8809.6649
 EKCMT  =       795.3442  VIRIAL  =       909.0676  VOLUME     =     28190.6966
                                                    Density    =         0.9795
 Ewald error estimate:   0.1009E-03
 ------------------------------------------------------------------------------


 NSTEP =     4000   TIME(PS) =       8.000  TEMP(K) =   298.74  PRESS =    42.3
 Etot   =     -7144.7217  EKtot   =      1645.6272  EPtot      =     -8790.3488
 BOND   =         0.3986  ANGLE   =         9.6600  DIHED      =         9.3117
 1-4 NB =         3.9201  1-4 EEL =        48.9784  VDWAALS    =      1311.2011
 EELEC  =    -10175.7977  EHBOND  =         0.0000  RESTRAINT  =         1.9788
 EAMBER (non-restraint)  =     -8792.3277
 EKCMT  =       820.7576  VIRIAL  =       795.1762  VOLUME     =     27992.2422
                                                    Density    =         0.9865
 Ewald error estimate:   0.3349E-03
 ------------------------------------------------------------------------------


 NSTEP =     5000   TIME(PS) =      10.000  TEMP(K) =   299.86  PRESS =   409.0
 Etot   =     -7146.4147  EKtot   =      1651.7556  EPtot      =     -8798.1703
 BOND   =         2.4927  ANGLE   =        10.9912  DIHED      =        10.1800
 1-4 NB =         4.1605  1-4 EEL =        45.8114  VDWAALS    =      1358.9227
 EELEC  =    -10233.5733  EHBOND  =         0.0000  RESTRAINT  =         2.8445
 EAMBER (non-restraint)  =     -8801.0148
 EKCMT  =       832.7595  VIRIAL  =       585.1620  VOLUME     =     28038.5552
                                                    Density    =         0.9848
 Ewald error estimate:   0.7024E-05
 ------------------------------------------------------------------------------


 NSTEP =     6000   TIME(PS) =      12.000  TEMP(K) =   298.99  PRESS =  -763.4
 Etot   =     -7180.1886  EKtot   =      1646.9765  EPtot      =     -8827.1650
 BOND   =         3.5420  ANGLE   =        10.6157  DIHED      =        11.0097
 1-4 NB =         2.6986  1-4 EEL =        44.2124  VDWAALS    =      1229.1040
 EELEC  =    -10132.3105  EHBOND  =         0.0000  RESTRAINT  =         3.9629
 EAMBER (non-restraint)  =     -8831.1280
 EKCMT  =       819.7948  VIRIAL  =      1285.5802  VOLUME     =     28259.5706
                                                    Density    =         0.9771
 Ewald error estimate:   0.1330E-03
 ------------------------------------------------------------------------------


 NSTEP =     7000   TIME(PS) =      14.000  TEMP(K) =   303.79  PRESS =   -41.4
 Etot   =     -7044.6895  EKtot   =      1673.4186  EPtot      =     -8718.1081
 BOND   =         3.6924  ANGLE   =        10.6806  DIHED      =        10.4241
 1-4 NB =         3.4478  1-4 EEL =        46.4272  VDWAALS    =      1275.2494
 EELEC  =    -10068.8363  EHBOND  =         0.0000  RESTRAINT  =         0.8066
 EAMBER (non-restraint)  =     -8718.9147
 EKCMT  =       819.5398  VIRIAL  =       844.5669  VOLUME     =     28016.7045
                                                    Density    =         0.9856
 Ewald error estimate:   0.1174E-03
 ------------------------------------------------------------------------------


 NSTEP =     8000   TIME(PS) =      16.000  TEMP(K) =   293.91  PRESS =   122.2
 Etot   =     -7172.2111  EKtot   =      1619.0166  EPtot      =     -8791.2278
 BOND   =         1.7767  ANGLE   =         7.6191  DIHED      =        13.6687
 1-4 NB =         3.3987  1-4 EEL =        46.0353  VDWAALS    =      1295.2081
 EELEC  =    -10162.5265  EHBOND  =         0.0000  RESTRAINT  =         3.5921
 EAMBER (non-restraint)  =     -8794.8199
 EKCMT  =       825.9952  VIRIAL  =       752.7577  VOLUME     =     27767.0037
                                                    Density    =         0.9945
 Ewald error estimate:   0.3461E-03
 ------------------------------------------------------------------------------


 NSTEP =     9000   TIME(PS) =      18.000  TEMP(K) =   303.09  PRESS =  -102.3
 Etot   =     -7122.3547  EKtot   =      1669.5866  EPtot      =     -8791.9413
 BOND   =         4.0568  ANGLE   =        10.4076  DIHED      =        10.0906
 1-4 NB =         2.7341  1-4 EEL =        44.1643  VDWAALS    =      1292.9690
 EELEC  =    -10159.6959  EHBOND  =         0.0000  RESTRAINT  =         3.3323
 EAMBER (non-restraint)  =     -8795.2735
 EKCMT  =       835.9717  VIRIAL  =       897.7998  VOLUME     =     27990.4912
                                                    Density    =         0.9865
 Ewald error estimate:   0.5401E-03
 ------------------------------------------------------------------------------


 NSTEP =    10000   TIME(PS) =      20.000  TEMP(K) =   299.08  PRESS =   -43.8
 Etot   =     -7130.6728  EKtot   =      1647.4829  EPtot      =     -8778.1557
 BOND   =         2.6146  ANGLE   =         9.5856  DIHED      =        10.8684
 1-4 NB =         3.4602  1-4 EEL =        45.8960  VDWAALS    =      1290.3543
 EELEC  =    -10144.9071  EHBOND  =         0.0000  RESTRAINT  =         3.9722
 EAMBER (non-restraint)  =     -8782.1280
 EKCMT  =       809.6984  VIRIAL  =       836.0507  VOLUME     =     27872.8948
                                                    Density    =         0.9907
 Ewald error estimate:   0.4069E-03
 ------------------------------------------------------------------------------


      A V E R A G E S   O V E R   10000 S T E P S


 NSTEP =    10000   TIME(PS) =      20.000  TEMP(K) =   292.52  PRESS =  -185.7
 Etot   =     -7190.2742  EKtot   =      1611.3179  EPtot      =     -8801.5921
 BOND   =         3.1948  ANGLE   =        10.0124  DIHED      =        10.9986
 1-4 NB =         3.0916  1-4 EEL =        44.3564  VDWAALS    =      1315.3754
 EELEC  =    -10191.6061  EHBOND  =         0.0000  RESTRAINT  =         2.9849
 EAMBER (non-restraint)  =     -8804.5770
 EKCMT  =       799.3362  VIRIAL  =       920.9777  VOLUME     =     28524.1213
                                                    Density    =         0.9694
 Ewald error estimate:   0.1963E-03
 ------------------------------------------------------------------------------


      R M S  F L U C T U A T I O N S


 NSTEP =    10000   TIME(PS) =      20.000  TEMP(K) =    26.49  PRESS =   446.8
 Etot   =       306.9844  EKtot   =       145.9273  EPtot      =       167.6287
 BOND   =         1.4676  ANGLE   =         2.4995  DIHED      =         1.5735
 1-4 NB =         0.7029  1-4 EEL =         2.0644  VDWAALS    =        91.3109
 EELEC  =       249.9563  EHBOND  =         0.0000  RESTRAINT  =         1.2222
 EAMBER (non-restraint)  =       166.4064
 EKCMT  =        71.0978  VIRIAL  =       267.6161  VOLUME     =      1117.2405
                                                    Density    =         0.0350
 Ewald error estimate:   0.1491E-03
 ------------------------------------------------------------------------------


--------------------------------------------------------------------------------
   5.  TIMINGS
--------------------------------------------------------------------------------

|>>>>>>>>PROFILE of Average TIMES>>>>>>>>> 
|                Build the list             8.68 (97.12% of List )
|                Other                      0.26 ( 2.88% of List )
|             List time                  8.94 ( 9.35% of Nonbo)
|                   Short_ene time            57.30 (96.55% of Direc)
|                   Other                      2.05 ( 3.45% of Direc)
|                Direct Ewald time         59.35 (68.50% of Ewald)
|                Adjust Ewald time          0.30 ( 0.35% of Ewald)
|                   Fill Bspline coeffs        1.27 ( 6.35% of Recip)
|                   Fill charge grid           1.17 ( 5.83% of Recip)
|                   Scalar sum                 5.31 (26.47% of Recip)
|                   Grad sum                   2.60 (12.96% of Recip)
|                      FFT back comm time         1.61 (18.18% of FFT t)
|                      Other                      7.26 (81.82% of FFT t)
|                   FFT time                   8.88 (44.24% of Recip)
|                   Other                      0.83 ( 4.15% of Recip)
|                Recip Ewald time          20.06 (23.15% of Ewald)
|                Force Adjust               6.53 ( 7.54% of Ewald)
|                Virial junk                0.35 ( 0.41% of Ewald)
|                Other                      0.03 ( 0.04% of Ewald)
|             Ewald time                86.64 (90.64% of Nonbo)
|             Other                      0.01 ( 0.01% of Nonbo)
|          Nonbond force             95.58 (98.63% of Force)
|          Bond/Angle/Dihedral        0.11 ( 0.11% of Force)
|          FRC Collect time           1.03 ( 1.06% of Force)
|          Other                      0.19 ( 0.20% of Force)
|       Force time                96.91 (91.48% of Runmd)
|       Shake time                 0.38 ( 0.36% of Runmd)
|       Verlet update time         4.03 ( 3.80% of Runmd)
|       Ekcmr time                 3.28 ( 3.10% of Runmd)
|       CRD distribute time        0.52 ( 0.49% of Runmd)
|       Other                      0.82 ( 0.78% of Runmd)
|    Runmd Time               105.94 (99.85% of Total)
|    Other                      0.16 ( 0.15% of Total)
| Total time               106.10 (100.0% of ALL  )

| Number of list builds   :        898

| Highest rstack allocated:      38911
| Highest istack allocated:        819

| Final Performance Info:
| -----------------------------------------------------
| Average timings for all steps:
|     Elapsed(s) =     106.30 Per Step(ms) =      10.63
|         ns/day =      16.26   seconds/ns =    5315.10
| -----------------------------------------------------

|           Job began  at 15:30:21.560  on 03/14/2017
|           Setup done at 15:30:21.723  on 03/14/2017
|           Run   done at 15:32:07.873  on 03/14/2017
|     wallclock() was called  571863 times
