
          -------------------------------------------------------
          Amber 16 SANDER                              2016
          -------------------------------------------------------

| Run on 03/14/2017 at 15:23:56

|   Executable path: sander.MPI
| Working directory: /home/steboss/projects/mdgx-tests/alanine/IPOLQ/input/PhiPsi_1/345/45
|          Hostname: node001

  [-O]verwriting output

File Assignments:
|  MDIN: equil.in                                                              
| MDOUT: Conf45.eq.out                                                         
|INPCRD: Conf45.min                                                            
|  PARM: Conf45.top                                                            
|RESTRT: Conf45.rst                                                            
|  REFC: Conf45.crd                                                            
| MDVEL: mdvel                                                                 
| MDFRC: mdfrc                                                                 
|  MDEN: mden                                                                  
| MDCRD: mdcrd                                                                 
|MDINFO: mdinfo                                                                
|  MTMD: mtmd                                                                  
|INPDIP: inpdip                                                                
|RSTDIP: rstdip                                                                
|INPTRA: inptraj                                                               

|    REMLOG: rem.log
|   REMTYPE: rem.type
|  REMSTRIP: 
|   SAVEENE: saveene
|CLUSTERINF: cluster.info
| RESERVOIR: reserv/frame
|   REMDDIM: 


 Here is the input file:

Equilibrate water in NPT                                                       
 &cntrl                                                                        
                                                                               
  nmropt = 0,                                                                  
  ntx    = 1,       irest  = 0,       ntrx   = 1,      ntxo   = 1,             
  ntpr   = 1000,    ntwx   = 1000,    ntwv   = 0,      ntwe   = 1000,          
  iwrap  = 0,       ioutfm = 1,                                                
                                                                               
  ntf    = 2,       ntb    = 2,                                                
  cut = 9.0,                                                                   
                                                                               
  ibelly = 0,       ntr    = 1,                                                
  restraintmask = ':1',                                                        
  restraint_wt = 100.0,                                                        
                                                                               
  imin   = 0,                                                                  
  nstlim = 10000,                                                              
  nscm   = 1000,                                                               
  t      = 0.0,     dt     = 0.002,                                            
                                                                               
  temp0     = 298.0,   tempi  = 0.0,                                           
  ig        = -1,                                                              
  ntt       = 3,                                                               
  gamma_ln  = 3.0,                                                             
                                                                               
  ntp    = 1,       pres0  = 1.0,     comp   = 44.6,                           
  taup   = 1.0,                                                                
                                                                               
  ntc    = 2,       tol    = 0.000001, watnam = 'WAT ',                        
                                                                               
 &end                                                                          

--------------------------------------------------------------------------------
   1.  RESOURCE   USE: 
--------------------------------------------------------------------------------

| Flags: MPI                                                                    
 getting new box info from bottom of inpcrd
|  INFO: Old style inpcrd file read

| peek_ewald_inpcrd: Box info found
|Largest sphere to fit in unit cell has radius =    14.068
| New format PARM file being parsed.
| Version =    1.000 Date = 03/14/17 Time = 13:40:15
 NATOM  =    2626 NTYPES =       9 NBONH =    2616 MBONA  =       9
 NTHETH =      25 MTHETA =      11 NPHIH =      43 MPHIA  =      24
 NHPARM =       0 NPARM  =       0 NNB   =    3571 NRES   =     871
 NBONA  =       9 NTHETA =      11 NPHIA =      24 NUMBND =      10
 NUMANG =      16 NPTRA  =      19 NATYP =       9 NPHB   =       1
 IFBOX  =       2 NMXRS  =      10 IFCAP =       0 NEXTRA =       0
 NCOPY  =       0


|     Memory Use     Allocated
|     Real              278482
|     Hollerith           8751
|     Integer            82904
|     Max Pairs         291266
|     nblistReal         31512
|     nblist Int         81681
|       Total             4236 kbytes

| Note: 1-4 EEL scale factors are being read from the topology file.

| Note: 1-4 VDW scale factors are being read from the topology file.
| Duplicated    0 dihedrals
| Duplicated    0 dihedrals

     BOX TYPE: TRUNCATED OCTAHEDRON
Note: ig = -1. Setting random seed to   976884 based on wallclock time in microseconds
      and disabling the synchronization of random numbers between tasks
      to improve performance.

--------------------------------------------------------------------------------
   2.  CONTROL  DATA  FOR  THE  RUN
--------------------------------------------------------------------------------

default_name                                                                    

General flags:
     imin    =       0, nmropt  =       0

Nature and format of input:
     ntx     =       1, irest   =       0, ntrx    =       1

Nature and format of output:
     ntxo    =       1, ntpr    =    1000, ntrx    =       1, ntwr    =   10000
     iwrap   =       0, ntwx    =    1000, ntwv    =       0, ntwe    =    1000
     ioutfm  =       1, ntwprt  =       0, idecomp =       0, rbornstat=      0

Potential function:
     ntf     =       2, ntb     =       2, igb     =       0, nsnb    =      25
     ipol    =       0, gbsa    =       0, iesp    =       0
     dielc   =   1.00000, cut     =   9.00000, intdiel =   1.00000

Frozen or restrained atoms:
     ibelly  =       0, ntr     =       1
     restraint_wt = 100.00000

Molecular dynamics:
     nstlim  =     10000, nscm    =         0, nrespa  =         1
     t       =   0.00000, dt      =   0.00200, vlimit  =  20.00000

Langevin dynamics temperature regulation:
     ig      =  976884
     temp0   = 298.00000, tempi   =   0.00000, gamma_ln=   3.00000

Pressure regulation:
     ntp     =       1
     pres0   =   1.00000, comp    =  44.60000, taup    =   1.00000

SHAKE:
     ntc     =       2, jfastw  =       0
     tol     =   0.00000

Ewald parameters:
     verbose =       0, ew_type =       0, nbflag  =       1, use_pme =       1
     vdwmeth =       1, eedmeth =       1, netfrc  =       1
     Box X =   34.459   Box Y =   34.459   Box Z =   34.459
     Alpha =  109.471   Beta  =  109.471   Gamma =  109.471
     NFFT1 =   36       NFFT2 =   36       NFFT3 =   36
     Cutoff=    9.000   Tol   =0.100E-04
     Ewald Coefficient =  0.30768
     Interpolation order =    4

| MPI Timing options:
|      profile_mpi =        0

    LOADING THE CONSTRAINED ATOMS AS GROUPS


   5.  REFERENCE ATOM COORDINATES

  defa
     Mask :1; matches     6 atoms

--------------------------------------------------------------------------------
   3.  ATOMIC COORDINATES AND VELOCITIES
--------------------------------------------------------------------------------

defa                                                                            
 begin time read from input coords =     0.000 ps

 Number of triangulated 3-point waters found:      868
|  Atom division among processors:
|         0     328     658     988    1315    1642    1972    2299
|      2626

     Sum of charges from parm topology file =  -0.00000000
     Forcing neutrality...
|  Running AMBER/MPI version on    8 nodes


--------------------------------------------------------------------------------
   4.  RESULTS
--------------------------------------------------------------------------------

|  # of SOLUTE  degrees of freedom (RNDFP):    5262.
|  # of SOLVENT degrees of freedom (RNDFS):       0.
|  NDFMIN =    5262.     NUM_NOSHAKE =      0     CORRECTED RNDFP =    5262.
|  TOTAL # of degrees of freedom (RNDF) =    5262.
 ---------------------------------------------------
 APPROXIMATING switch and d/dx switch using CUBIC SPLINE INTERPOLATION
 using   5000.0 points per unit in tabled values
 TESTING RELATIVE ERROR over r ranging from 0.0 to cutoff
| CHECK switch(x): max rel err =   0.2738E-14   at   2.422500
| CHECK d/dx switch(x): max rel err =   0.8314E-11   at   2.736960
 ---------------------------------------------------
| Local SIZE OF NONBOND LIST =      86193
| TOTAL SIZE OF NONBOND LIST =     610784

 NSTEP =        0   TIME(PS) =       0.000  TEMP(K) =     0.00  PRESS = -4354.9
 Etot   =    -11453.9604  EKtot   =         0.0000  EPtot      =    -11453.9604
 BOND   =         0.6947  ANGLE   =         2.0076  DIHED      =        11.9528
 1-4 NB =         2.2191  1-4 EEL =        46.7679  VDWAALS    =      2142.9111
 EELEC  =    -13660.7198  EHBOND  =         0.0000  RESTRAINT  =         0.2060
 EAMBER (non-restraint)  =    -11454.1664
 EKCMT  =         0.0000  VIRIAL  =      2961.6694  VOLUME     =     31497.7761
                                                    Density    =         0.8320
 Ewald error estimate:   0.1685E-03
 ------------------------------------------------------------------------------


 NSTEP =     1000   TIME(PS) =       2.000  TEMP(K) =   295.56  PRESS =  -592.9
 Etot   =     -6718.2046  EKtot   =      1545.2702  EPtot      =     -8263.4748
 BOND   =         1.7772  ANGLE   =         4.5103  DIHED      =        11.9097
 1-4 NB =         3.5359  1-4 EEL =        45.3849  VDWAALS    =      1245.6956
 EELEC  =     -9579.4812  EHBOND  =         0.0000  RESTRAINT  =         3.1928
 EAMBER (non-restraint)  =     -8266.6676
 EKCMT  =       768.1749  VIRIAL  =      1136.5373  VOLUME     =     28776.9072
                                                    Density    =         0.9107
 Ewald error estimate:   0.1052E-03
 ------------------------------------------------------------------------------


 NSTEP =     2000   TIME(PS) =       4.000  TEMP(K) =   295.06  PRESS =   -41.0
 Etot   =     -6722.1936  EKtot   =      1542.6806  EPtot      =     -8264.8742
 BOND   =         3.1563  ANGLE   =         5.1677  DIHED      =        11.2865
 1-4 NB =         2.3898  1-4 EEL =        46.9713  VDWAALS    =      1261.1005
 EELEC  =     -9597.6875  EHBOND  =         0.0000  RESTRAINT  =         2.7412
 EAMBER (non-restraint)  =     -8267.6155
 EKCMT  =       754.8754  VIRIAL  =       779.3812  VOLUME     =     27675.8127
                                                    Density    =         0.9469
 Ewald error estimate:   0.1776E-03
 ------------------------------------------------------------------------------


 NSTEP =     3000   TIME(PS) =       6.000  TEMP(K) =   295.39  PRESS =  -835.1
 Etot   =     -6850.8417  EKtot   =      1544.3778  EPtot      =     -8395.2195
 BOND   =         5.0386  ANGLE   =        11.5068  DIHED      =        12.8260
 1-4 NB =         2.6984  1-4 EEL =        43.3771  VDWAALS    =      1186.3334
 EELEC  =     -9663.6015  EHBOND  =         0.0000  RESTRAINT  =         6.6017
 EAMBER (non-restraint)  =     -8401.8212
 EKCMT  =       775.1739  VIRIAL  =      1261.3986  VOLUME     =     26965.0004
                                                    Density    =         0.9719
 Ewald error estimate:   0.4679E-04
 ------------------------------------------------------------------------------


 NSTEP =     4000   TIME(PS) =       8.000  TEMP(K) =   297.30  PRESS =   321.6
 Etot   =     -6759.1250  EKtot   =      1554.3727  EPtot      =     -8313.4977
 BOND   =         2.1764  ANGLE   =        12.2157  DIHED      =        11.0460
 1-4 NB =         3.5290  1-4 EEL =        46.2079  VDWAALS    =      1254.6192
 EELEC  =     -9645.0117  EHBOND  =         0.0000  RESTRAINT  =         1.7197
 EAMBER (non-restraint)  =     -8315.2175
 EKCMT  =       778.6068  VIRIAL  =       594.3876  VOLUME     =     26531.2154
                                                    Density    =         0.9878
 Ewald error estimate:   0.2410E-04
 ------------------------------------------------------------------------------


 NSTEP =     5000   TIME(PS) =      10.000  TEMP(K) =   297.21  PRESS =  -141.5
 Etot   =     -6815.2377  EKtot   =      1553.8781  EPtot      =     -8369.1159
 BOND   =         2.3932  ANGLE   =         7.9340  DIHED      =        12.0378
 1-4 NB =         2.4477  1-4 EEL =        47.6764  VDWAALS    =      1244.2465
 EELEC  =     -9688.7789  EHBOND  =         0.0000  RESTRAINT  =         2.9273
 EAMBER (non-restraint)  =     -8372.0432
 EKCMT  =       765.5468  VIRIAL  =       846.5158  VOLUME     =     26505.5930
                                                    Density    =         0.9887
 Ewald error estimate:   0.3910E-04
 ------------------------------------------------------------------------------


 NSTEP =     6000   TIME(PS) =      12.000  TEMP(K) =   300.26  PRESS =   214.1
 Etot   =     -6708.3392  EKtot   =      1569.8664  EPtot      =     -8278.2056
 BOND   =         3.4314  ANGLE   =         7.5885  DIHED      =        12.4190
 1-4 NB =         3.3191  1-4 EEL =        47.7857  VDWAALS    =      1251.9512
 EELEC  =     -9607.5703  EHBOND  =         0.0000  RESTRAINT  =         2.8699
 EAMBER (non-restraint)  =     -8281.0756
 EKCMT  =       774.8194  VIRIAL  =       651.6834  VOLUME     =     26634.7560
                                                    Density    =         0.9839
 Ewald error estimate:   0.2154E-03
 ------------------------------------------------------------------------------


 NSTEP =     7000   TIME(PS) =      14.000  TEMP(K) =   292.22  PRESS =   278.6
 Etot   =     -6856.1663  EKtot   =      1527.8249  EPtot      =     -8383.9912
 BOND   =         2.6805  ANGLE   =         9.3113  DIHED      =        10.3027
 1-4 NB =         2.4955  1-4 EEL =        43.6333  VDWAALS    =      1290.7945
 EELEC  =     -9747.6836  EHBOND  =         0.0000  RESTRAINT  =         4.4746
 EAMBER (non-restraint)  =     -8388.4658
 EKCMT  =       757.3608  VIRIAL  =       598.5964  VOLUME     =     26389.2950
                                                    Density    =         0.9931
 Ewald error estimate:   0.1521E-03
 ------------------------------------------------------------------------------


 NSTEP =     8000   TIME(PS) =      16.000  TEMP(K) =   295.21  PRESS =   438.9
 Etot   =     -6849.4738  EKtot   =      1543.4398  EPtot      =     -8392.9136
 BOND   =         3.1918  ANGLE   =         4.1833  DIHED      =        13.8285
 1-4 NB =         3.2829  1-4 EEL =        50.9642  VDWAALS    =      1304.0610
 EELEC  =     -9774.0007  EHBOND  =         0.0000  RESTRAINT  =         1.5754
 EAMBER (non-restraint)  =     -8394.4889
 EKCMT  =       762.1364  VIRIAL  =       512.0584  VOLUME     =     26389.1881
                                                    Density    =         0.9931
 Ewald error estimate:   0.9367E-04
 ------------------------------------------------------------------------------


 NSTEP =     9000   TIME(PS) =      18.000  TEMP(K) =   304.40  PRESS =    22.9
 Etot   =     -6824.1114  EKtot   =      1591.4787  EPtot      =     -8415.5901
 BOND   =         3.7900  ANGLE   =         9.9957  DIHED      =        10.6677
 1-4 NB =         2.7430  1-4 EEL =        43.8247  VDWAALS    =      1275.5716
 EELEC  =     -9766.7590  EHBOND  =         0.0000  RESTRAINT  =         4.5762
 EAMBER (non-restraint)  =     -8420.1663
 EKCMT  =       792.3820  VIRIAL  =       779.2440  VOLUME     =     26615.8634
                                                    Density    =         0.9846
 Ewald error estimate:   0.2897E-03
 ------------------------------------------------------------------------------


 NSTEP =    10000   TIME(PS) =      20.000  TEMP(K) =   293.69  PRESS =    16.2
 Etot   =     -6819.6526  EKtot   =      1535.4872  EPtot      =     -8355.1399
 BOND   =         1.4477  ANGLE   =         8.7931  DIHED      =        11.1312
 1-4 NB =         4.1625  1-4 EEL =        46.3083  VDWAALS    =      1240.4606
 EELEC  =     -9668.7926  EHBOND  =         0.0000  RESTRAINT  =         1.3495
 EAMBER (non-restraint)  =     -8356.4894
 EKCMT  =       772.1158  VIRIAL  =       762.8349  VOLUME     =     26455.1218
                                                    Density    =         0.9906
 Ewald error estimate:   0.1902E-03
 ------------------------------------------------------------------------------


      A V E R A G E S   O V E R   10000 S T E P S


 NSTEP =    10000   TIME(PS) =      20.000  TEMP(K) =   292.61  PRESS =  -194.6
 Etot   =     -6828.7879  EKtot   =      1529.8361  EPtot      =     -8358.6240
 BOND   =         3.0173  ANGLE   =         8.5480  DIHED      =        11.8705
 1-4 NB =         2.9778  1-4 EEL =        46.5962  VDWAALS    =      1248.8305
 EELEC  =     -9683.4012  EHBOND  =         0.0000  RESTRAINT  =         2.9369
 EAMBER (non-restraint)  =     -8361.5609
 EKCMT  =       759.1796  VIRIAL  =       880.6528  VOLUME     =     27124.5935
                                                    Density    =         0.9677
 Ewald error estimate:   0.2024E-03
 ------------------------------------------------------------------------------


      R M S  F L U C T U A T I O N S


 NSTEP =    10000   TIME(PS) =      20.000  TEMP(K) =    26.07  PRESS =   448.5
 Etot   =       278.8663  EKtot   =       136.3113  EPtot      =       151.6628
 BOND   =         1.3938  ANGLE   =         2.3226  DIHED      =         1.1386
 1-4 NB =         0.6463  1-4 EEL =         1.9549  VDWAALS    =        81.7744
 EELEC  =       223.9226  EHBOND  =         0.0000  RESTRAINT  =         1.2146
 EAMBER (non-restraint)  =       150.4482
 EKCMT  =        65.7403  VIRIAL  =       258.1774  VOLUME     =      1133.5340
                                                    Density    =         0.0374
 Ewald error estimate:   0.1509E-03
 ------------------------------------------------------------------------------


--------------------------------------------------------------------------------
   5.  TIMINGS
--------------------------------------------------------------------------------

|>>>>>>>>PROFILE of Average TIMES>>>>>>>>> 
|                Build the list            14.95 (96.79% of List )
|                Other                      0.50 ( 3.21% of List )
|             List time                 15.45 ( 9.79% of Nonbo)
|                   Short_ene time            94.75 (96.26% of Direc)
|                   Other                      3.68 ( 3.74% of Direc)
|                Direct Ewald time         98.43 (69.12% of Ewald)
|                Adjust Ewald time          0.59 ( 0.42% of Ewald)
|                Self Ewald time            0.01 ( 0.01% of Ewald)
|                   Fill Bspline coeffs        2.26 ( 6.32% of Recip)
|                   Fill charge grid           2.36 ( 6.60% of Recip)
|                   Scalar sum                10.06 (28.12% of Recip)
|                   Grad sum                   4.23 (11.83% of Recip)
|                      FFT back comm time         4.45 (28.34% of FFT t)
|                      Other                     11.24 (71.66% of FFT t)
|                   FFT time                  15.69 (43.87% of Recip)
|                   Other                      1.16 ( 3.26% of Recip)
|                Recip Ewald time          35.77 (25.12% of Ewald)
|                Force Adjust               6.84 ( 4.80% of Ewald)
|                Virial junk                0.68 ( 0.48% of Ewald)
|                Other                      0.08 ( 0.06% of Ewald)
|             Ewald time               142.40 (90.20% of Nonbo)
|             Other                      0.02 ( 0.01% of Nonbo)
|          Nonbond force            157.87 (98.12% of Force)
|          Bond/Angle/Dihedral        0.27 ( 0.17% of Force)
|          FRC Collect time           2.30 ( 1.43% of Force)
|          Other                      0.45 ( 0.28% of Force)
|       Force time               160.90 (92.64% of Runmd)
|       Shake time                 0.69 ( 0.40% of Runmd)
|       Verlet update time         6.61 ( 3.80% of Runmd)
|       Ekcmr time                 1.45 ( 0.83% of Runmd)
|       CRD distribute time        1.66 ( 0.96% of Runmd)
|       Other                      2.38 ( 1.37% of Runmd)
|    Runmd Time               173.69 (100.0% of Total)
|    Other                      0.10 ( 0.06% of Total)
| Total time               173.79 (100.0% of ALL  )

| Number of list builds   :        900

| Highest rstack allocated:      37804
| Highest istack allocated:        778

| Final Performance Info:
| -----------------------------------------------------
| Average timings for all steps:
|     Elapsed(s) =     174.12 Per Step(ms) =      17.41
|         ns/day =       9.92   seconds/ns =    8706.12
| -----------------------------------------------------

|           Job began  at 15:23:56.933  on 03/14/2017
|           Setup done at 15:23:57.043  on 03/14/2017
|           Run   done at 15:26:50.796  on 03/14/2017
|     wallclock() was called  571867 times
