
          -------------------------------------------------------
          Amber 16 SANDER                              2016
          -------------------------------------------------------

| Run on 03/14/2017 at 13:48:37

|   Executable path: sander.MPI
| Working directory: /home/steboss/projects/mdgx-tests/alanine/IPOLQ/input/PhiPsi_1/120/165
|          Hostname: node003

  [-O]verwriting output

File Assignments:
|  MDIN: min.in                                                                
| MDOUT: Conf165.min.out                                                       
|INPCRD: Conf165.crd                                                           
|  PARM: Conf165.top                                                           
|RESTRT: Conf165.min                                                           
|  REFC: Conf165.crd                                                           
| MDVEL: mdvel                                                                 
| MDFRC: mdfrc                                                                 
|  MDEN: mden                                                                  
| MDCRD: mdcrd                                                                 
|MDINFO: mdinfo                                                                
|  MTMD: mtmd                                                                  
|INPDIP: inpdip                                                                
|RSTDIP: rstdip                                                                
|INPTRA: inptraj                                                               

|    REMLOG: rem.log
|   REMTYPE: rem.type
|  REMSTRIP: 
|   SAVEENE: saveene
|CLUSTERINF: cluster.info
| RESERVOIR: reserv/frame
|   REMDDIM: 


 Here is the input file:

Initial minimization                                                           
 &cntrl                                                                        
  ntx    = 1,       irest  = 0,       ntrx   = 1,      ntxo   = 1,             
  ntpr   = 20,      ntwx   = 0,       ntwv   = 0,      ntwe   = 0,             
                                                                               
  ntf    = 1,       ntb    = 1,                                                
  ntc    = 1,       ntr    = 1,                                                
  restraintmask = ':1',                                                        
  restraint_wt = 100.0,                                                        
  cut    = 9.0,                                                                
                                                                               
  imin   = 1,                                                                  
  maxcyc = 1000,                                                               
  ncyc   = 100,                                                                
                                                                               
 &end                                                                          

--------------------------------------------------------------------------------
   1.  RESOURCE   USE: 
--------------------------------------------------------------------------------

| Flags: MPI                                                                    
 getting new box info from bottom of inpcrd
|  INFO: Old style inpcrd file read

| peek_ewald_inpcrd: Box info found
|Largest sphere to fit in unit cell has radius =    14.815
| New format PARM file being parsed.
| Version =    1.000 Date = 03/14/17 Time = 13:37:52
 NATOM  =    3073 NTYPES =       9 NBONH =    3063 MBONA  =       9
 NTHETH =      25 MTHETA =      11 NPHIH =      43 MPHIA  =      24
 NHPARM =       0 NPARM  =       0 NNB   =    4167 NRES   =    1020
 NBONA  =       9 NTHETA =      11 NPHIA =      24 NUMBND =      10
 NUMANG =      16 NPTRA  =      19 NATYP =       9 NPHB   =       1
 IFBOX  =       2 NMXRS  =      10 IFCAP =       0 NEXTRA =       0
 NCOPY  =       0


|     Memory Use     Allocated
|     Real              348189
|     Hollerith          10241
|     Integer            93036
|     Max Pairs         340846
|     nblistReal         36876
|     nblist Int        102042
|       Total             5141 kbytes

| Note: 1-4 EEL scale factors are being read from the topology file.

| Note: 1-4 VDW scale factors are being read from the topology file.
| Duplicated    0 dihedrals
| Duplicated    0 dihedrals

     BOX TYPE: TRUNCATED OCTAHEDRON

--------------------------------------------------------------------------------
   2.  CONTROL  DATA  FOR  THE  RUN
--------------------------------------------------------------------------------

default_name                                                                    

General flags:
     imin    =       1, nmropt  =       0

Nature and format of input:
     ntx     =       1, irest   =       0, ntrx    =       1

Nature and format of output:
     ntxo    =       1, ntpr    =      20, ntrx    =       1, ntwr    =       1
     iwrap   =       0, ntwx    =       0, ntwv    =       0, ntwe    =       0
     ioutfm  =       1, ntwprt  =       0, idecomp =       0, rbornstat=      0

Potential function:
     ntf     =       1, ntb     =       1, igb     =       0, nsnb    =      25
     ipol    =       0, gbsa    =       0, iesp    =       0
     dielc   =   1.00000, cut     =   9.00000, intdiel =   1.00000

Frozen or restrained atoms:
     ibelly  =       0, ntr     =       1
     restraint_wt = 100.00000

Energy minimization:
     maxcyc  =    1000, ncyc    =     100, ntmin   =       1
     dx0     =   0.01000, drms    =   0.00010

Ewald parameters:
     verbose =       0, ew_type =       0, nbflag  =       1, use_pme =       1
     vdwmeth =       1, eedmeth =       1, netfrc  =       0
     Box X =   36.288   Box Y =   36.288   Box Z =   36.288
     Alpha =  109.471   Beta  =  109.471   Gamma =  109.471
     NFFT1 =   36       NFFT2 =   36       NFFT3 =   36
     Cutoff=    9.000   Tol   =0.100E-04
     Ewald Coefficient =  0.30768
     Interpolation order =    4

| MPI Timing options:
|      profile_mpi =        0

    LOADING THE CONSTRAINED ATOMS AS GROUPS


   5.  REFERENCE ATOM COORDINATES

  defa
     Mask :1; matches     6 atoms

--------------------------------------------------------------------------------
   3.  ATOMIC COORDINATES AND VELOCITIES
--------------------------------------------------------------------------------

default_name                                                                    
 begin time read from input coords =     0.000 ps

 Number of triangulated 3-point waters found:     1017
|  Atom division among processors:
|         0     385     769    1153    1537    1921    2305    2689
|      3073

     Sum of charges from parm topology file =  -0.00000000
     Forcing neutrality...
|  Running AMBER/MPI version on    8 nodes


--------------------------------------------------------------------------------
   4.  RESULTS
--------------------------------------------------------------------------------

 ---------------------------------------------------
 APPROXIMATING switch and d/dx switch using CUBIC SPLINE INTERPOLATION
 using   5000.0 points per unit in tabled values
 TESTING RELATIVE ERROR over r ranging from 0.0 to cutoff
| CHECK switch(x): max rel err =   0.2738E-14   at   2.422500
| CHECK d/dx switch(x): max rel err =   0.8314E-11   at   2.736960
 ---------------------------------------------------
| Local SIZE OF NONBOND LIST =      99349
| TOTAL SIZE OF NONBOND LIST =     715378


   NSTEP       ENERGY          RMS            GMAX         NAME    NUMBER
      1      -6.5597E+03     1.9543E+02     8.9911E+03     O        2387

 BOND    =        0.8182  ANGLE   =        3.6477  DIHED      =       15.0781
 VDWAALS =     2938.2719  EEL     =    -9565.1103  HBOND      =        0.0000
 1-4 VDW =        2.6647  1-4 EEL =       44.8944  RESTRAINT  =        0.0000


   NSTEP       ENERGY          RMS            GMAX         NAME    NUMBER
     20      -9.2841E+03     3.0298E+00     2.4309E+01     O        2204

 BOND    =      479.8838  ANGLE   =        3.6198  DIHED      =       15.0415
 VDWAALS =      935.2439  EEL     =   -10765.4607  HBOND      =        0.0000
 1-4 VDW =        2.6500  1-4 EEL =       44.9291  RESTRAINT  =        0.0063
 EAMBER  =    -9284.0926


   NSTEP       ENERGY          RMS            GMAX         NAME    NUMBER
     40      -1.0119E+04     1.7461E+00     3.6660E+01     O        2387

 BOND    =      554.8343  ANGLE   =        3.6600  DIHED      =       14.9998
 VDWAALS =      955.5447  EEL     =   -11695.4297  HBOND      =        0.0000
 1-4 VDW =        2.6294  1-4 EEL =       44.9656  RESTRAINT  =        0.0130
 EAMBER  =   -10118.7960


   NSTEP       ENERGY          RMS            GMAX         NAME    NUMBER
     60      -1.0377E+04     1.9961E+00     5.5279E+01     O        3026

 BOND    =      581.2698  ANGLE   =        3.6918  DIHED      =       14.9820
 VDWAALS =      995.8771  EEL     =   -12020.6952  HBOND      =        0.0000
 1-4 VDW =        2.5997  1-4 EEL =       44.8984  RESTRAINT  =        0.0204
 EAMBER  =   -10377.3765


   NSTEP       ENERGY          RMS            GMAX         NAME    NUMBER
     80      -1.0545E+04     3.1468E+00     8.1068E+01     O        3026

 BOND    =      588.0394  ANGLE   =        3.8032  DIHED      =       14.9600
 VDWAALS =     1041.7005  EEL     =   -12241.1495  HBOND      =        0.0000
 1-4 VDW =        2.5558  1-4 EEL =       44.8527  RESTRAINT  =        0.0286
 EAMBER  =   -10545.2380


   NSTEP       ENERGY          RMS            GMAX         NAME    NUMBER
    100      -1.0681E+04     9.3919E-01     1.4352E+01     O        3026

 BOND    =      623.4442  ANGLE   =        3.8373  DIHED      =       14.9401
 VDWAALS =     1076.8064  EEL     =   -12447.8016  HBOND      =        0.0000
 1-4 VDW =        2.5322  1-4 EEL =       44.8130  RESTRAINT  =        0.0370
 EAMBER  =   -10681.4284


   NSTEP       ENERGY          RMS            GMAX         NAME    NUMBER
    120      -1.1175E+04     4.1458E+00     5.1010E+01     O        2657

 BOND    =      789.7962  ANGLE   =        4.1197  DIHED      =       14.7797
 VDWAALS =     1455.9488  EEL     =   -13486.7556  HBOND      =        0.0000
 1-4 VDW =        2.3959  1-4 EEL =       44.5838  RESTRAINT  =        0.1357
 EAMBER  =   -11175.1314


   NSTEP       ENERGY          RMS            GMAX         NAME    NUMBER
    140      -1.1313E+04     1.6889E+00     4.8950E+01     H2         85

 BOND    =      735.0239  ANGLE   =        4.0628  DIHED      =       14.7311
 VDWAALS =     1553.5462  EEL     =   -13667.1992  HBOND      =        0.0000
 1-4 VDW =        2.3852  1-4 EEL =       44.6091  RESTRAINT  =        0.1860
 EAMBER  =   -11312.8409


   NSTEP       ENERGY          RMS            GMAX         NAME    NUMBER
    160      -1.1438E+04     7.9976E-01     1.4967E+01     O          83

 BOND    =      749.8578  ANGLE   =        3.9937  DIHED      =       14.7072
 VDWAALS =     1560.0760  EEL     =   -13813.8428  HBOND      =        0.0000
 1-4 VDW =        2.4258  1-4 EEL =       44.6643  RESTRAINT  =        0.1810
 EAMBER  =   -11438.1179


   NSTEP       ENERGY          RMS            GMAX         NAME    NUMBER
    180      -1.1558E+04     1.5685E+00     3.6937E+01     H1         84

 BOND    =      820.1416  ANGLE   =        4.6252  DIHED      =       14.6562
 VDWAALS =     1701.0901  EEL     =   -14146.1332  HBOND      =        0.0000
 1-4 VDW =        2.3827  1-4 EEL =       44.5532  RESTRAINT  =        0.6384
 EAMBER  =   -11558.6844


   NSTEP       ENERGY          RMS            GMAX         NAME    NUMBER
    200      -1.1656E+04     1.1779E+00     2.9295E+01     CH3         2

 BOND    =      804.2396  ANGLE   =        4.3779  DIHED      =       14.5266
 VDWAALS =     1726.1374  EEL     =   -14253.3051  HBOND      =        0.0000
 1-4 VDW =        2.3665  1-4 EEL =       44.9458  RESTRAINT  =        1.0089
 EAMBER  =   -11656.7111


   NSTEP       ENERGY          RMS            GMAX         NAME    NUMBER
    220      -1.1705E+04     1.3065E+00     3.5235E+01     CH3         2

 BOND    =      794.3410  ANGLE   =        5.0866  DIHED      =       14.7017
 VDWAALS =     1762.8202  EEL     =   -14331.0470  HBOND      =        0.0000
 1-4 VDW =        2.3904  1-4 EEL =       44.8934  RESTRAINT  =        1.5005
 EAMBER  =   -11706.8137


   NSTEP       ENERGY          RMS            GMAX         NAME    NUMBER
    240      -1.1772E+04     9.7192E-01     3.5892E+01     O           6

 BOND    =      825.6823  ANGLE   =        4.2570  DIHED      =       15.0484
 VDWAALS =     1817.0816  EEL     =   -14481.4892  HBOND      =        0.0000
 1-4 VDW =        2.5042  1-4 EEL =       44.3430  RESTRAINT  =        0.3822
 EAMBER  =   -11772.5726


   NSTEP       ENERGY          RMS            GMAX         NAME    NUMBER
    260      -1.1808E+04     8.6957E-01     2.4153E+01     O           6

 BOND    =      812.6562  ANGLE   =        4.4999  DIHED      =       14.8242
 VDWAALS =     1849.5917  EEL     =   -14537.5253  HBOND      =        0.0000
 1-4 VDW =        2.4858  1-4 EEL =       44.5148  RESTRAINT  =        0.5402
 EAMBER  =   -11808.9528


   NSTEP       ENERGY          RMS            GMAX         NAME    NUMBER
    280      -1.1852E+04     6.9009E-01     1.3010E+01     HH33        4

 BOND    =      840.9129  ANGLE   =        3.8796  DIHED      =       14.1631
 VDWAALS =     1910.4442  EEL     =   -14670.1749  HBOND      =        0.0000
 1-4 VDW =        2.3469  1-4 EEL =       44.9515  RESTRAINT  =        1.1360
 EAMBER  =   -11853.4768


   NSTEP       ENERGY          RMS            GMAX         NAME    NUMBER
    300      -1.1899E+04     8.4098E-01     2.3415E+01     N           7

 BOND    =      854.9658  ANGLE   =        4.1869  DIHED      =       14.3698
 VDWAALS =     1936.3705  EEL     =   -14757.5373  HBOND      =        0.0000
 1-4 VDW =        2.3946  1-4 EEL =       44.6896  RESTRAINT  =        1.0950
 EAMBER  =   -11900.5601


   NSTEP       ENERGY          RMS            GMAX         NAME    NUMBER
    320      -1.1928E+04     1.6580E+00     4.2324E+01     C           5

 BOND    =      821.7200  ANGLE   =        5.6002  DIHED      =       14.7641
 VDWAALS =     1965.4090  EEL     =   -14785.2109  HBOND      =        0.0000
 1-4 VDW =        2.5699  1-4 EEL =       45.1847  RESTRAINT  =        2.2106
 EAMBER  =   -11929.9629


   NSTEP       ENERGY          RMS            GMAX         NAME    NUMBER
    340      -1.2020E+04     8.0544E-01     2.9051E+01     CB         11

 BOND    =      870.5039  ANGLE   =        3.6671  DIHED      =       14.5624
 VDWAALS =     2045.2451  EEL     =   -15002.6724  HBOND      =        0.0000
 1-4 VDW =        2.6175  1-4 EEL =       45.5408  RESTRAINT  =        0.6614
 EAMBER  =   -12020.5356


   NSTEP       ENERGY          RMS            GMAX         NAME    NUMBER
    360      -1.2038E+04     7.5760E-01     1.5381E+01     O        1262

 BOND    =      877.7848  ANGLE   =        3.6630  DIHED      =       14.3965
 VDWAALS =     2050.9853  EEL     =   -15033.9578  HBOND      =        0.0000
 1-4 VDW =        2.5293  1-4 EEL =       45.4038  RESTRAINT  =        0.7835
 EAMBER  =   -12039.1950


   NSTEP       ENERGY          RMS            GMAX         NAME    NUMBER
    380      -1.2072E+04     8.5322E-01     1.9931E+01     HH33        4

 BOND    =      869.3334  ANGLE   =        5.9502  DIHED      =       13.7620
 VDWAALS =     2079.3825  EEL     =   -15089.9822  HBOND      =        0.0000
 1-4 VDW =        2.3884  1-4 EEL =       44.1758  RESTRAINT  =        2.5339
 EAMBER  =   -12074.9898


   NSTEP       ENERGY          RMS            GMAX         NAME    NUMBER
    400      -1.2102E+04     6.0073E-01     1.2615E+01     N           7

 BOND    =      879.8550  ANGLE   =        3.7244  DIHED      =       14.2488
 VDWAALS =     2093.3448  EEL     =   -15142.0441  HBOND      =        0.0000
 1-4 VDW =        2.3988  1-4 EEL =       44.8456  RESTRAINT  =        1.3937
 EAMBER  =   -12103.6267


   NSTEP       ENERGY          RMS            GMAX         NAME    NUMBER
    420      -1.2121E+04     7.0477E-01     1.8420E+01     C          15

 BOND    =      879.3160  ANGLE   =        3.8448  DIHED      =       13.8240
 VDWAALS =     2100.2838  EEL     =   -15167.9693  HBOND      =        0.0000
 1-4 VDW =        2.4618  1-4 EEL =       45.1669  RESTRAINT  =        1.5739
 EAMBER  =   -12123.0720


   NSTEP       ENERGY          RMS            GMAX         NAME    NUMBER
    440      -1.2152E+04     5.6953E-01     1.5292E+01     CA          9

 BOND    =      888.5920  ANGLE   =        4.0915  DIHED      =       14.0586
 VDWAALS =     2118.8949  EEL     =   -15227.5860  HBOND      =        0.0000
 1-4 VDW =        2.7728  1-4 EEL =       45.9795  RESTRAINT  =        0.9579
 EAMBER  =   -12153.1966


   NSTEP       ENERGY          RMS            GMAX         NAME    NUMBER
    460      -1.2168E+04     5.7185E-01     1.2986E+01     CB         11

 BOND    =      887.9174  ANGLE   =        4.0738  DIHED      =       13.9119
 VDWAALS =     2129.4786  EEL     =   -15252.7204  HBOND      =        0.0000
 1-4 VDW =        2.7453  1-4 EEL =       45.7457  RESTRAINT  =        0.9550
 EAMBER  =   -12168.8477


   NSTEP       ENERGY          RMS            GMAX         NAME    NUMBER
    480      -1.2193E+04     5.7012E-01     1.7954E+01     N           7

 BOND    =      894.6346  ANGLE   =        5.0374  DIHED      =       13.2334
 VDWAALS =     2154.9797  EEL     =   -15310.2738  HBOND      =        0.0000
 1-4 VDW =        2.4788  1-4 EEL =       44.2926  RESTRAINT  =        2.5892
 EAMBER  =   -12195.6174


   NSTEP       ENERGY          RMS            GMAX         NAME    NUMBER
    500      -1.2216E+04     5.1951E-01     1.3060E+01     N           7

 BOND    =      898.7207  ANGLE   =        3.4931  DIHED      =       13.4490
 VDWAALS =     2167.8674  EEL     =   -15348.8732  HBOND      =        0.0000
 1-4 VDW =        2.4315  1-4 EEL =       45.0271  RESTRAINT  =        2.0035
 EAMBER  =   -12217.8845


   NSTEP       ENERGY          RMS            GMAX         NAME    NUMBER
    520      -1.2230E+04     6.1438E-01     1.8622E+01     N           7

 BOND    =      900.0858  ANGLE   =        3.0530  DIHED      =       13.5795
 VDWAALS =     2176.6461  EEL     =   -15373.0579  HBOND      =        0.0000
 1-4 VDW =        2.4673  1-4 EEL =       45.5328  RESTRAINT  =        1.6731
 EAMBER  =   -12231.6934


   NSTEP       ENERGY          RMS            GMAX         NAME    NUMBER
    540      -1.2251E+04     4.2629E-01     1.4332E+01     C          15

 BOND    =      904.5486  ANGLE   =        3.5685  DIHED      =       13.8661
 VDWAALS =     2192.3875  EEL     =   -15414.8639  HBOND      =        0.0000
 1-4 VDW =        2.7145  1-4 EEL =       46.0901  RESTRAINT  =        0.9321
 EAMBER  =   -12251.6885


   NSTEP       ENERGY          RMS            GMAX         NAME    NUMBER
    560      -1.2262E+04     4.9434E-01     1.7043E+01     N          17

 BOND    =      906.0234  ANGLE   =        3.9107  DIHED      =       13.4900
 VDWAALS =     2203.1358  EEL     =   -15437.8885  HBOND      =        0.0000
 1-4 VDW =        2.6841  1-4 EEL =       45.7311  RESTRAINT  =        1.2026
 EAMBER  =   -12262.9134


   NSTEP       ENERGY          RMS            GMAX         NAME    NUMBER
    580      -1.2279E+04     5.6966E-01     2.0208E+01     N           7

 BOND    =      910.2673  ANGLE   =        4.9851  DIHED      =       12.7683
 VDWAALS =     2224.4252  EEL     =   -15481.1768  HBOND      =        0.0000
 1-4 VDW =        2.5313  1-4 EEL =       44.3754  RESTRAINT  =        3.2197
 EAMBER  =   -12281.8243


   NSTEP       ENERGY          RMS            GMAX         NAME    NUMBER
    600      -1.2294E+04     4.4478E-01     1.3808E+01     CA          9

 BOND    =      913.7151  ANGLE   =        3.0112  DIHED      =       13.1500
 VDWAALS =     2234.6845  EEL     =   -15508.1255  HBOND      =        0.0000
 1-4 VDW =        2.4455  1-4 EEL =       45.5394  RESTRAINT  =        1.8738
 EAMBER  =   -12295.5797


   NSTEP       ENERGY          RMS            GMAX         NAME    NUMBER
    620      -1.2303E+04     5.8645E-01     2.3042E+01     N           7

 BOND    =      914.5395  ANGLE   =        2.9693  DIHED      =       12.9759
 VDWAALS =     2242.1197  EEL     =   -15525.7187  HBOND      =        0.0000
 1-4 VDW =        2.4363  1-4 EEL =       45.6363  RESTRAINT  =        1.7312
 EAMBER  =   -12305.0416


   NSTEP       ENERGY          RMS            GMAX         NAME    NUMBER
    640      -1.2322E+04     3.4713E-01     1.1286E+01     CB         11

 BOND    =      918.8816  ANGLE   =        3.2662  DIHED      =       13.3703
 VDWAALS =     2256.0204  EEL     =   -15563.3646  HBOND      =        0.0000
 1-4 VDW =        2.6333  1-4 EEL =       46.0477  RESTRAINT  =        1.0031
 EAMBER  =   -12323.1451


   NSTEP       ENERGY          RMS            GMAX         NAME    NUMBER
    660      -1.2331E+04     4.9170E-01     1.5217E+01     CB         11

 BOND    =      918.6749  ANGLE   =        3.5787  DIHED      =       13.1207
 VDWAALS =     2263.2842  EEL     =   -15579.8721  HBOND      =        0.0000
 1-4 VDW =        2.6543  1-4 EEL =       45.8024  RESTRAINT  =        1.2730
 EAMBER  =   -12332.7569


   NSTEP       ENERGY          RMS            GMAX         NAME    NUMBER
    680      -1.2351E+04     6.7267E-01     2.5097E+01     N           7

 BOND    =      925.6361  ANGLE   =        4.5935  DIHED      =       12.0820
 VDWAALS =     2284.6248  EEL     =   -15629.8668  HBOND      =        0.0000
 1-4 VDW =        2.5822  1-4 EEL =       44.4138  RESTRAINT  =        4.4506
 EAMBER  =   -12355.9345


   NSTEP       ENERGY          RMS            GMAX         NAME    NUMBER
    700      -1.2366E+04     6.1874E-01     1.6121E+01     C          15

 BOND    =      928.0002  ANGLE   =        2.8812  DIHED      =       12.4350
 VDWAALS =     2290.1900  EEL     =   -15649.4657  HBOND      =        0.0000
 1-4 VDW =        2.3908  1-4 EEL =       45.6069  RESTRAINT  =        1.9052
 EAMBER  =   -12367.9617


   NSTEP       ENERGY          RMS            GMAX         NAME    NUMBER
    720      -1.2374E+04     5.2183E-01     1.3456E+01     CH3         2

 BOND    =      929.4332  ANGLE   =        2.9126  DIHED      =       12.4024
 VDWAALS =     2294.8408  EEL     =   -15663.5648  HBOND      =        0.0000
 1-4 VDW =        2.4148  1-4 EEL =       45.5849  RESTRAINT  =        1.5559
 EAMBER  =   -12375.9761


   NSTEP       ENERGY          RMS            GMAX         NAME    NUMBER
    740      -1.2387E+04     3.4819E-01     1.1362E+01     CH3         2

 BOND    =      930.4259  ANGLE   =        2.9739  DIHED      =       12.4808
 VDWAALS =     2302.3010  EEL     =   -15684.7161  HBOND      =        0.0000
 1-4 VDW =        2.4943  1-4 EEL =       45.9035  RESTRAINT  =        1.1899
 EAMBER  =   -12388.1367


   NSTEP       ENERGY          RMS            GMAX         NAME    NUMBER
    760      -1.2395E+04     4.1583E-01     1.4086E+01     C          15

 BOND    =      933.5850  ANGLE   =        3.1601  DIHED      =       12.1825
 VDWAALS =     2309.0820  EEL     =   -15702.7103  HBOND      =        0.0000
 1-4 VDW =        2.4624  1-4 EEL =       45.6704  RESTRAINT  =        1.4839
 EAMBER  =   -12396.5680


   NSTEP       ENERGY          RMS            GMAX         NAME    NUMBER
    780      -1.2406E+04     3.4988E-01     1.1909E+01     N           7

 BOND    =      935.0068  ANGLE   =        3.5372  DIHED      =       11.6136
 VDWAALS =     2321.3229  EEL     =   -15727.9459  HBOND      =        0.0000
 1-4 VDW =        2.4174  1-4 EEL =       45.0903  RESTRAINT  =        2.5587
 EAMBER  =   -12408.9576


   NSTEP       ENERGY          RMS            GMAX         NAME    NUMBER
    800      -1.2415E+04     3.4561E-01     1.2822E+01     C          15

 BOND    =      935.4928  ANGLE   =        2.7851  DIHED      =       12.0250
 VDWAALS =     2325.6223  EEL     =   -15740.4110  HBOND      =        0.0000
 1-4 VDW =        2.3953  1-4 EEL =       45.7675  RESTRAINT  =        1.6088
 EAMBER  =   -12416.3231


   NSTEP       ENERGY          RMS            GMAX         NAME    NUMBER
    820      -1.2421E+04     5.1495E-01     1.1675E+01     C          15

 BOND    =      939.1531  ANGLE   =        3.1119  DIHED      =       11.6211
 VDWAALS =     2331.6102  EEL     =   -15756.3082  HBOND      =        0.0000
 1-4 VDW =        2.3580  1-4 EEL =       45.5761  RESTRAINT  =        1.7547
 EAMBER  =   -12422.8778


   NSTEP       ENERGY          RMS            GMAX         NAME    NUMBER
    840      -1.2432E+04     2.8289E-01     7.2951E+00     C          15

 BOND    =      938.6004  ANGLE   =        2.8839  DIHED      =       11.9410
 VDWAALS =     2337.9880  EEL     =   -15772.3069  HBOND      =        0.0000
 1-4 VDW =        2.3549  1-4 EEL =       45.8714  RESTRAINT  =        0.9804
 EAMBER  =   -12432.6672


   NSTEP       ENERGY          RMS            GMAX         NAME    NUMBER
    860      -1.2437E+04     4.0930E-01     1.3112E+01     N           7

 BOND    =      940.7077  ANGLE   =        3.0305  DIHED      =       11.7737
 VDWAALS =     2342.8724  EEL     =   -15784.5712  HBOND      =        0.0000
 1-4 VDW =        2.3579  1-4 EEL =       45.6818  RESTRAINT  =        1.1492
 EAMBER  =   -12438.1472


   NSTEP       ENERGY          RMS            GMAX         NAME    NUMBER
    880      -1.2447E+04     3.4528E-01     1.1597E+01     N           7

 BOND    =      942.7790  ANGLE   =        3.2749  DIHED      =       11.0899
 VDWAALS =     2354.4338  EEL     =   -15808.7052  HBOND      =        0.0000
 1-4 VDW =        2.3799  1-4 EEL =       45.0173  RESTRAINT  =        2.2941
 EAMBER  =   -12449.7303


   NSTEP       ENERGY          RMS            GMAX         NAME    NUMBER
    900      -1.2455E+04     4.6261E-01     1.5221E+01     C          15

 BOND    =      943.4165  ANGLE   =        2.7909  DIHED      =       11.5295
 VDWAALS =     2358.5849  EEL     =   -15820.2653  HBOND      =        0.0000
 1-4 VDW =        2.3198  1-4 EEL =       45.6703  RESTRAINT  =        1.3171
 EAMBER  =   -12455.9534


   NSTEP       ENERGY          RMS            GMAX         NAME    NUMBER
    920      -1.2459E+04     3.0360E-01     9.5681E+00     CB         11

 BOND    =      945.9510  ANGLE   =        2.6998  DIHED      =       11.3494
 VDWAALS =     2361.2611  EEL     =   -15829.6300  HBOND      =        0.0000
 1-4 VDW =        2.3119  1-4 EEL =       45.5703  RESTRAINT  =        1.1096
 EAMBER  =   -12460.4864


   NSTEP       ENERGY          RMS            GMAX         NAME    NUMBER
    940      -1.2468E+04     2.3964E-01     7.5711E+00     C          15

 BOND    =      945.7266  ANGLE   =        2.7370  DIHED      =       11.2797
 VDWAALS =     2365.9391  EEL     =   -15842.3368  HBOND      =        0.0000
 1-4 VDW =        2.3144  1-4 EEL =       45.6800  RESTRAINT  =        0.9397
 EAMBER  =   -12468.6600


   NSTEP       ENERGY          RMS            GMAX         NAME    NUMBER
    960      -1.2473E+04     3.7757E-01     1.3376E+01     N           7

 BOND    =      948.5641  ANGLE   =        2.8748  DIHED      =       11.1475
 VDWAALS =     2370.1109  EEL     =   -15854.2370  HBOND      =        0.0000
 1-4 VDW =        2.3241  1-4 EEL =       45.5740  RESTRAINT  =        0.9830
 EAMBER  =   -12473.6416


   NSTEP       ENERGY          RMS            GMAX         NAME    NUMBER
    980      -1.2479E+04     2.9846E-01     7.7411E+00     O           6

 BOND    =      948.0858  ANGLE   =        2.9513  DIHED      =       10.8101
 VDWAALS =     2374.2756  EEL     =   -15863.9576  HBOND      =        0.0000
 1-4 VDW =        2.3376  1-4 EEL =       45.2115  RESTRAINT  =        1.4470
 EAMBER  =   -12480.2858


   NSTEP       ENERGY          RMS            GMAX         NAME    NUMBER
   1000      -1.2485E+04     3.1946E-01     1.0774E+01     C           5

 BOND    =      948.7904  ANGLE   =        2.6850  DIHED      =       10.8739
 VDWAALS =     2378.8218  EEL     =   -15875.0196  HBOND      =        0.0000
 1-4 VDW =        2.3123  1-4 EEL =       45.4207  RESTRAINT  =        1.2436
 EAMBER  =   -12486.1154


  Maximum number of minimization cycles reached.


                    FINAL RESULTS



   NSTEP       ENERGY          RMS            GMAX         NAME    NUMBER
   1000      -1.2485E+04     3.1946E-01     1.0774E+01     C           5

 BOND    =      948.7904  ANGLE   =        2.6850  DIHED      =       10.8739
 VDWAALS =     2378.8218  EEL     =   -15875.0196  HBOND      =        0.0000
 1-4 VDW =        2.3123  1-4 EEL =       45.4207  RESTRAINT  =        1.2436
 EAMBER  =   -12486.1154

--------------------------------------------------------------------------------
   5.  TIMINGS
--------------------------------------------------------------------------------

|                Build the list             0.18 (66.05% of List )
|                Other                      0.09 (33.95% of List )
|             List time                  0.27 ( 1.04% of Nonbo)
|                   Short_ene time            14.75 (96.22% of Direc)
|                   Other                      0.58 ( 3.78% of Direc)
|                Direct Ewald time         15.33 (58.79% of Ewald)
|                Adjust Ewald time          0.10 ( 0.37% of Ewald)
|                Self Ewald time            0.00 ( 0.01% of Ewald)
|                   Fill Bspline coeffs        0.31 ( 3.20% of Recip)
|                   Fill charge grid           0.33 ( 3.45% of Recip)
|                   Scalar sum                 1.58 (16.38% of Recip)
|                   Grad sum                   0.69 ( 7.15% of Recip)
|                      FFT back comm time         3.85 (58.42% of FFT t)
|                      Other                      2.74 (41.58% of FFT t)
|                   FFT time                   6.59 (68.10% of Recip)
|                   Other                      0.17 ( 1.73% of Recip)
|                Recip Ewald time           9.67 (37.07% of Ewald)
|                Force Adjust               0.60 ( 2.31% of Ewald)
|                Virial junk                0.37 ( 1.41% of Ewald)
|                Other                      0.01 ( 0.04% of Ewald)
|             Ewald time                26.09 (98.96% of Nonbo)
|             Other                      0.00 ( 0.01% of Nonbo)
|          Nonbond force             26.36 (86.39% of Force)
|          Bond/Angle/Dihedral        0.07 ( 0.24% of Force)
|          FRC Collect time           1.23 ( 4.03% of Force)
|          Other                      2.85 ( 9.34% of Force)
|       Force time                30.52 (100.0% of Runmd)
|    Runmd Time                30.52 (11.67% of Total)
|    Other                    230.89 (88.32% of Total)
| Total time               261.42 (100.0% of ALL  )

| Highest rstack allocated:      41368
| Highest istack allocated:        910
|           Job began  at 13:48:37.785  on 03/14/2017
|           Setup done at 13:48:38.064  on 03/14/2017
|           Run   done at 13:52:59.205  on 03/14/2017
|     wallclock() was called   44068 times
