
          -------------------------------------------------------
          Amber 16 SANDER                              2016
          -------------------------------------------------------

| Run on 03/14/2017 at 13:46:26

|   Executable path: sander.MPI
| Working directory: /home/steboss/projects/mdgx-tests/alanine/IPOLQ/input/PhiPsi_1/105/75
|          Hostname: node006

  [-O]verwriting output

File Assignments:
|  MDIN: min.in                                                                
| MDOUT: Conf75.min.out                                                        
|INPCRD: Conf75.crd                                                            
|  PARM: Conf75.top                                                            
|RESTRT: Conf75.min                                                            
|  REFC: Conf75.crd                                                            
| MDVEL: mdvel                                                                 
| MDFRC: mdfrc                                                                 
|  MDEN: mden                                                                  
| MDCRD: mdcrd                                                                 
|MDINFO: mdinfo                                                                
|  MTMD: mtmd                                                                  
|INPDIP: inpdip                                                                
|RSTDIP: rstdip                                                                
|INPTRA: inptraj                                                               

|    REMLOG: rem.log
|   REMTYPE: rem.type
|  REMSTRIP: 
|   SAVEENE: saveene
|CLUSTERINF: cluster.info
| RESERVOIR: reserv/frame
|   REMDDIM: 


 Here is the input file:

Initial minimization                                                           
 &cntrl                                                                        
  ntx    = 1,       irest  = 0,       ntrx   = 1,      ntxo   = 1,             
  ntpr   = 20,      ntwx   = 0,       ntwv   = 0,      ntwe   = 0,             
                                                                               
  ntf    = 1,       ntb    = 1,                                                
  ntc    = 1,       ntr    = 1,                                                
  restraintmask = ':1',                                                        
  restraint_wt = 100.0,                                                        
  cut    = 9.0,                                                                
                                                                               
  imin   = 1,                                                                  
  maxcyc = 1000,                                                               
  ncyc   = 100,                                                                
                                                                               
 &end                                                                          

--------------------------------------------------------------------------------
   1.  RESOURCE   USE: 
--------------------------------------------------------------------------------

| Flags: MPI                                                                    
 getting new box info from bottom of inpcrd
|  INFO: Old style inpcrd file read

| peek_ewald_inpcrd: Box info found
|Largest sphere to fit in unit cell has radius =    14.492
| New format PARM file being parsed.
| Version =    1.000 Date = 03/14/17 Time = 13:37:49
 NATOM  =    2857 NTYPES =       9 NBONH =    2847 MBONA  =       9
 NTHETH =      25 MTHETA =      11 NPHIH =      43 MPHIA  =      24
 NHPARM =       0 NPARM  =       0 NNB   =    3879 NRES   =     948
 NBONA  =       9 NTHETA =      11 NPHIA =      24 NUMBND =      10
 NUMANG =      16 NPTRA  =      19 NATYP =       9 NPHB   =       1
 IFBOX  =       2 NMXRS  =      10 IFCAP =       0 NEXTRA =       0
 NCOPY  =       0


|     Memory Use     Allocated
|     Real              329829
|     Hollerith           9521
|     Integer            88140
|     Max Pairs         316888
|     nblistReal         34284
|     nblist Int         87071
|       Total             4804 kbytes

| Note: 1-4 EEL scale factors are being read from the topology file.

| Note: 1-4 VDW scale factors are being read from the topology file.
| Duplicated    0 dihedrals
| Duplicated    0 dihedrals

     BOX TYPE: TRUNCATED OCTAHEDRON

--------------------------------------------------------------------------------
   2.  CONTROL  DATA  FOR  THE  RUN
--------------------------------------------------------------------------------

default_name                                                                    

General flags:
     imin    =       1, nmropt  =       0

Nature and format of input:
     ntx     =       1, irest   =       0, ntrx    =       1

Nature and format of output:
     ntxo    =       1, ntpr    =      20, ntrx    =       1, ntwr    =       1
     iwrap   =       0, ntwx    =       0, ntwv    =       0, ntwe    =       0
     ioutfm  =       1, ntwprt  =       0, idecomp =       0, rbornstat=      0

Potential function:
     ntf     =       1, ntb     =       1, igb     =       0, nsnb    =      25
     ipol    =       0, gbsa    =       0, iesp    =       0
     dielc   =   1.00000, cut     =   9.00000, intdiel =   1.00000

Frozen or restrained atoms:
     ibelly  =       0, ntr     =       1
     restraint_wt = 100.00000

Energy minimization:
     maxcyc  =    1000, ncyc    =     100, ntmin   =       1
     dx0     =   0.01000, drms    =   0.00010

Ewald parameters:
     verbose =       0, ew_type =       0, nbflag  =       1, use_pme =       1
     vdwmeth =       1, eedmeth =       1, netfrc  =       0
     Box X =   35.498   Box Y =   35.498   Box Z =   35.498
     Alpha =  109.471   Beta  =  109.471   Gamma =  109.471
     NFFT1 =   36       NFFT2 =   36       NFFT3 =   36
     Cutoff=    9.000   Tol   =0.100E-04
     Ewald Coefficient =  0.30768
     Interpolation order =    4

| MPI Timing options:
|      profile_mpi =        0

    LOADING THE CONSTRAINED ATOMS AS GROUPS


   5.  REFERENCE ATOM COORDINATES

  defa
     Mask :1; matches     6 atoms

--------------------------------------------------------------------------------
   3.  ATOMIC COORDINATES AND VELOCITIES
--------------------------------------------------------------------------------

default_name                                                                    
 begin time read from input coords =     0.000 ps

 Number of triangulated 3-point waters found:      945
|  Atom division among processors:
|         0     358     715    1072    1429    1786    2143    2500
|      2857

     Sum of charges from parm topology file =  -0.00000000
     Forcing neutrality...
|  Running AMBER/MPI version on    8 nodes


--------------------------------------------------------------------------------
   4.  RESULTS
--------------------------------------------------------------------------------

 ---------------------------------------------------
 APPROXIMATING switch and d/dx switch using CUBIC SPLINE INTERPOLATION
 using   5000.0 points per unit in tabled values
 TESTING RELATIVE ERROR over r ranging from 0.0 to cutoff
| CHECK switch(x): max rel err =   0.2738E-14   at   2.422500
| CHECK d/dx switch(x): max rel err =   0.8314E-11   at   2.736960
 ---------------------------------------------------
| Local SIZE OF NONBOND LIST =      88268
| TOTAL SIZE OF NONBOND LIST =     660045


   NSTEP       ENERGY          RMS            GMAX         NAME    NUMBER
      1      -7.9628E+03     1.2236E+01     6.1896E+01     O         296

 BOND    =        0.8563  ANGLE   =        3.3130  DIHED      =       14.7387
 VDWAALS =      925.4411  EEL     =    -8952.7779  HBOND      =        0.0000
 1-4 VDW =        2.3469  1-4 EEL =       43.3077  RESTRAINT  =        0.0000


   NSTEP       ENERGY          RMS            GMAX         NAME    NUMBER
     20      -8.8168E+03     2.7710E+00     2.0492E+01     O         377

 BOND    =      468.1736  ANGLE   =        3.3123  DIHED      =       14.6476
 VDWAALS =      875.8982  EEL     =   -10224.4629  HBOND      =        0.0000
 1-4 VDW =        2.3182  1-4 EEL =       43.2963  RESTRAINT  =        0.0419
 EAMBER  =    -8816.8167


   NSTEP       ENERGY          RMS            GMAX         NAME    NUMBER
     40      -9.4799E+03     2.1732E+00     9.4988E+00     H1       2379

 BOND    =      497.9286  ANGLE   =        3.2915  DIHED      =       14.4722
 VDWAALS =      918.9768  EEL     =   -10960.3607  HBOND      =        0.0000
 1-4 VDW =        2.2482  1-4 EEL =       43.3843  RESTRAINT  =        0.1263
 EAMBER  =    -9480.0590


   NSTEP       ENERGY          RMS            GMAX         NAME    NUMBER
     60      -9.7149E+03     3.3831E+00     1.0365E+01     H2        970

 BOND    =      494.0374  ANGLE   =        3.2711  DIHED      =       14.3794
 VDWAALS =      954.9515  EEL     =   -11227.3109  HBOND      =        0.0000
 1-4 VDW =        2.2040  1-4 EEL =       43.4544  RESTRAINT  =        0.1517
 EAMBER  =    -9715.0130


   NSTEP       ENERGY          RMS            GMAX         NAME    NUMBER
     80      -9.8683E+03     3.9752E+00     1.3119E+01     H2       1234

 BOND    =      500.9743  ANGLE   =        3.2440  DIHED      =       14.3089
 VDWAALS =      990.5690  EEL     =   -11423.2472  HBOND      =        0.0000
 1-4 VDW =        2.1713  1-4 EEL =       43.5402  RESTRAINT  =        0.1729
 EAMBER  =    -9868.4395


   NSTEP       ENERGY          RMS            GMAX         NAME    NUMBER
    100      -1.0004E+04     9.4448E-01     5.1092E+00     H1        825

 BOND    =      594.7567  ANGLE   =        3.2148  DIHED      =       14.2522
 VDWAALS =     1024.8633  EEL     =   -11687.2427  HBOND      =        0.0000
 1-4 VDW =        2.1471  1-4 EEL =       43.6379  RESTRAINT  =        0.1922
 EAMBER  =   -10004.3707


   NSTEP       ENERGY          RMS            GMAX         NAME    NUMBER
    120      -1.0470E+04     4.4205E+00     9.8681E+01     H2        427

 BOND    =      728.5548  ANGLE   =        3.1065  DIHED      =       13.9787
 VDWAALS =     1414.3176  EEL     =   -12677.1997  HBOND      =        0.0000
 1-4 VDW =        2.1028  1-4 EEL =       44.8493  RESTRAINT  =        0.3694
 EAMBER  =   -10470.2900


   NSTEP       ENERGY          RMS            GMAX         NAME    NUMBER
    140      -1.0632E+04     1.5942E+00     2.2818E+01     O        2282

 BOND    =      725.7612  ANGLE   =        2.8855  DIHED      =       13.8093
 VDWAALS =     1421.0754  EEL     =   -12843.6275  HBOND      =        0.0000
 1-4 VDW =        2.1264  1-4 EEL =       45.1099  RESTRAINT  =        0.4231
 EAMBER  =   -10632.8598


   NSTEP       ENERGY          RMS            GMAX         NAME    NUMBER
    160      -1.0739E+04     1.6104E+00     2.8178E+01     O         401

 BOND    =      680.7124  ANGLE   =        2.7121  DIHED      =       13.6537
 VDWAALS =     1441.5623  EEL     =   -12925.6884  HBOND      =        0.0000
 1-4 VDW =        2.1065  1-4 EEL =       45.3563  RESTRAINT  =        0.4538
 EAMBER  =   -10739.5851


   NSTEP       ENERGY          RMS            GMAX         NAME    NUMBER
    180      -1.0836E+04     1.3897E+00     2.3279E+01     H          18

 BOND    =      736.7738  ANGLE   =        4.1197  DIHED      =       13.5831
 VDWAALS =     1557.5249  EEL     =   -13196.2211  HBOND      =        0.0000
 1-4 VDW =        2.1946  1-4 EEL =       45.6666  RESTRAINT  =        0.5763
 EAMBER  =   -10836.3584


   NSTEP       ENERGY          RMS            GMAX         NAME    NUMBER
    200      -1.0935E+04     1.6423E+00     4.2443E+01     C           5

 BOND    =      775.8069  ANGLE   =        3.8995  DIHED      =       13.3253
 VDWAALS =     1627.8746  EEL     =   -13403.8253  HBOND      =        0.0000
 1-4 VDW =        2.1260  1-4 EEL =       45.6267  RESTRAINT  =        0.5386
 EAMBER  =   -10935.1661


   NSTEP       ENERGY          RMS            GMAX         NAME    NUMBER
    220      -1.0988E+04     1.1624E+00     3.5642E+01     CH3        19

 BOND    =      758.3283  ANGLE   =        5.6060  DIHED      =       13.2499
 VDWAALS =     1655.1505  EEL     =   -13468.5972  HBOND      =        0.0000
 1-4 VDW =        2.0559  1-4 EEL =       45.1998  RESTRAINT  =        0.7493
 EAMBER  =   -10989.0069


   NSTEP       ENERGY          RMS            GMAX         NAME    NUMBER
    240      -1.1027E+04     6.9123E-01     1.2280E+01     CH3        19

 BOND    =      772.8036  ANGLE   =        2.4247  DIHED      =       13.1411
 VDWAALS =     1684.5366  EEL     =   -13548.4201  HBOND      =        0.0000
 1-4 VDW =        2.0827  1-4 EEL =       45.8345  RESTRAINT  =        0.6396
 EAMBER  =   -11027.5968


   NSTEP       ENERGY          RMS            GMAX         NAME    NUMBER
    260      -1.1089E+04     1.3682E+00     5.2970E+01     N           7

 BOND    =      772.1517  ANGLE   =        5.4484  DIHED      =       13.2292
 VDWAALS =     1748.8636  EEL     =   -13678.9109  HBOND      =        0.0000
 1-4 VDW =        2.2741  1-4 EEL =       46.3865  RESTRAINT  =        1.3634
 EAMBER  =   -11090.5574


   NSTEP       ENERGY          RMS            GMAX         NAME    NUMBER
    280      -1.1126E+04     7.7228E-01     1.8350E+01     C           5

 BOND    =      792.5673  ANGLE   =        2.7166  DIHED      =       13.3143
 VDWAALS =     1797.9412  EEL     =   -13780.8023  HBOND      =        0.0000
 1-4 VDW =        2.1688  1-4 EEL =       46.0038  RESTRAINT  =        0.4506
 EAMBER  =   -11126.0904


   NSTEP       ENERGY          RMS            GMAX         NAME    NUMBER
    300      -1.1167E+04     8.6288E-01     2.6837E+01     C           5

 BOND    =      802.7198  ANGLE   =        3.5404  DIHED      =       13.1387
 VDWAALS =     1820.8513  EEL     =   -13855.7139  HBOND      =        0.0000
 1-4 VDW =        2.1274  1-4 EEL =       45.9033  RESTRAINT  =        0.6326
 EAMBER  =   -11167.4332


   NSTEP       ENERGY          RMS            GMAX         NAME    NUMBER
    320      -1.1195E+04     7.2180E-01     1.9337E+01     C          15

 BOND    =      788.4992  ANGLE   =        2.9839  DIHED      =       13.1427
 VDWAALS =     1843.5402  EEL     =   -13891.1729  HBOND      =        0.0000
 1-4 VDW =        2.1101  1-4 EEL =       45.7215  RESTRAINT  =        0.5860
 EAMBER  =   -11195.1753


   NSTEP       ENERGY          RMS            GMAX         NAME    NUMBER
    340      -1.1216E+04     4.8423E-01     1.0364E+01     N          17

 BOND    =      809.1848  ANGLE   =        2.8515  DIHED      =       12.7168
 VDWAALS =     1861.6831  EEL     =   -13951.2214  HBOND      =        0.0000
 1-4 VDW =        2.0793  1-4 EEL =       45.4496  RESTRAINT  =        1.0258
 EAMBER  =   -11217.2563


   NSTEP       ENERGY          RMS            GMAX         NAME    NUMBER
    360      -1.1262E+04     8.7293E-01     2.9358E+01     C           5

 BOND    =      803.4526  ANGLE   =        3.8187  DIHED      =       12.5968
 VDWAALS =     1911.7040  EEL     =   -14042.6805  HBOND      =        0.0000
 1-4 VDW =        2.1228  1-4 EEL =       45.7765  RESTRAINT  =        1.2243
 EAMBER  =   -11263.2092


   NSTEP       ENERGY          RMS            GMAX         NAME    NUMBER
    380      -1.1284E+04     3.0478E-01     7.3522E+00     O           6

 BOND    =      820.3935  ANGLE   =        2.5489  DIHED      =       12.9416
 VDWAALS =     1924.9918  EEL     =   -14093.5327  HBOND      =        0.0000
 1-4 VDW =        2.1134  1-4 EEL =       45.9158  RESTRAINT  =        0.4287
 EAMBER  =   -11284.6277


   NSTEP       ENERGY          RMS            GMAX         NAME    NUMBER
    400      -1.1321E+04     9.0310E-01     4.1149E+01     CH3         2

 BOND    =      836.0415  ANGLE   =        4.0304  DIHED      =       13.3388
 VDWAALS =     1969.5844  EEL     =   -14193.0259  HBOND      =        0.0000
 1-4 VDW =        2.2286  1-4 EEL =       46.0633  RESTRAINT  =        0.7370
 EAMBER  =   -11321.7389


   NSTEP       ENERGY          RMS            GMAX         NAME    NUMBER
    420      -1.1345E+04     5.2598E-01     1.4075E+01     N          17

 BOND    =      820.6747  ANGLE   =        2.7157  DIHED      =       12.7267
 VDWAALS =     1973.7834  EEL     =   -14202.9887  HBOND      =        0.0000
 1-4 VDW =        2.1019  1-4 EEL =       45.4944  RESTRAINT  =        0.5846
 EAMBER  =   -11345.4919


   NSTEP       ENERGY          RMS            GMAX         NAME    NUMBER
    440      -1.1357E+04     5.4842E-01     1.2681E+01     O           6

 BOND    =      843.1206  ANGLE   =        3.3344  DIHED      =       12.4091
 VDWAALS =     1983.9838  EEL     =   -14248.5714  HBOND      =        0.0000
 1-4 VDW =        2.0669  1-4 EEL =       45.3636  RESTRAINT  =        1.2792
 EAMBER  =   -11358.2929


   NSTEP       ENERGY          RMS            GMAX         NAME    NUMBER
    460      -1.1394E+04     7.6181E-01     1.7888E+01     O           6

 BOND    =      828.3083  ANGLE   =        3.5593  DIHED      =       12.4230
 VDWAALS =     2020.3435  EEL     =   -14306.9315  HBOND      =        0.0000
 1-4 VDW =        2.0654  1-4 EEL =       45.5308  RESTRAINT  =        1.0350
 EAMBER  =   -11394.7013


   NSTEP       ENERGY          RMS            GMAX         NAME    NUMBER
    480      -1.1407E+04     3.3646E-01     9.8781E+00     C          15

 BOND    =      841.1084  ANGLE   =        2.7084  DIHED      =       12.6676
 VDWAALS =     2028.2139  EEL     =   -14339.8681  HBOND      =        0.0000
 1-4 VDW =        2.1021  1-4 EEL =       45.7133  RESTRAINT  =        0.3885
 EAMBER  =   -11407.3545


   NSTEP       ENERGY          RMS            GMAX         NAME    NUMBER
    500      -1.1432E+04     9.8170E-01     3.1452E+01     CH3         2

 BOND    =      863.5738  ANGLE   =        3.9475  DIHED      =       12.9857
 VDWAALS =     2072.8157  EEL     =   -14434.3997  HBOND      =        0.0000
 1-4 VDW =        2.2046  1-4 EEL =       45.8259  RESTRAINT  =        0.6764
 EAMBER  =   -11433.0465


   NSTEP       ENERGY          RMS            GMAX         NAME    NUMBER
    520      -1.1449E+04     4.0234E-01     1.2603E+01     CH3         2

 BOND    =      843.7803  ANGLE   =        2.7881  DIHED      =       12.4223
 VDWAALS =     2074.7894  EEL     =   -14431.1373  HBOND      =        0.0000
 1-4 VDW =        2.1032  1-4 EEL =       45.2811  RESTRAINT  =        0.6347
 EAMBER  =   -11449.9729


   NSTEP       ENERGY          RMS            GMAX         NAME    NUMBER
    540      -1.1457E+04     4.7116E-01     1.4001E+01     CH3        19

 BOND    =      863.4470  ANGLE   =        3.1367  DIHED      =       12.2143
 VDWAALS =     2083.1628  EEL     =   -14466.7969  HBOND      =        0.0000
 1-4 VDW =        2.0461  1-4 EEL =       45.2638  RESTRAINT  =        1.0088
 EAMBER  =   -11457.5261


   NSTEP       ENERGY          RMS            GMAX         NAME    NUMBER
    560      -1.1479E+04     5.3940E-01     1.6332E+01     C           5

 BOND    =      849.0091  ANGLE   =        2.9090  DIHED      =       12.2184
 VDWAALS =     2111.4830  EEL     =   -14502.2766  HBOND      =        0.0000
 1-4 VDW =        2.0743  1-4 EEL =       45.3700  RESTRAINT  =        0.6768
 EAMBER  =   -11479.2128


   NSTEP       ENERGY          RMS            GMAX         NAME    NUMBER
    580      -1.1485E+04     3.9375E-01     1.4533E+01     N          17

 BOND    =      854.7434  ANGLE   =        2.7668  DIHED      =       12.3289
 VDWAALS =     2115.5119  EEL     =   -14518.7786  HBOND      =        0.0000
 1-4 VDW =        2.0733  1-4 EEL =       45.4563  RESTRAINT  =        0.4313
 EAMBER  =   -11485.8979


   NSTEP       ENERGY          RMS            GMAX         NAME    NUMBER
    600      -1.1504E+04     7.5349E-01     2.6420E+01     CH3         2

 BOND    =      873.5710  ANGLE   =        3.2279  DIHED      =       12.3759
 VDWAALS =     2141.8226  EEL     =   -14583.4935  HBOND      =        0.0000
 1-4 VDW =        2.1133  1-4 EEL =       45.5988  RESTRAINT  =        0.5040
 EAMBER  =   -11504.7840


   NSTEP       ENERGY          RMS            GMAX         NAME    NUMBER
    620      -1.1516E+04     2.8519E-01     8.1396E+00     CH3         2

 BOND    =      861.5804  ANGLE   =        2.6489  DIHED      =       12.1390
 VDWAALS =     2144.4076  EEL     =   -14585.1395  HBOND      =        0.0000
 1-4 VDW =        2.0978  1-4 EEL =       45.3301  RESTRAINT  =        0.5268
 EAMBER  =   -11516.9356


   NSTEP       ENERGY          RMS            GMAX         NAME    NUMBER
    640      -1.1521E+04     3.2761E-01     1.3145E+01     CH3        19

 BOND    =      873.7415  ANGLE   =        2.9036  DIHED      =       11.9916
 VDWAALS =     2150.0949  EEL     =   -14607.6926  HBOND      =        0.0000
 1-4 VDW =        2.0385  1-4 EEL =       45.3241  RESTRAINT  =        0.7591
 EAMBER  =   -11521.5983


   NSTEP       ENERGY          RMS            GMAX         NAME    NUMBER
    660      -1.1539E+04     6.1791E-01     1.3213E+01     N          17

 BOND    =      858.6562  ANGLE   =        2.7299  DIHED      =       11.9190
 VDWAALS =     2174.0909  EEL     =   -14634.5080  HBOND      =        0.0000
 1-4 VDW =        2.0636  1-4 EEL =       45.4098  RESTRAINT  =        0.6108
 EAMBER  =   -11539.6386


   NSTEP       ENERGY          RMS            GMAX         NAME    NUMBER
    680      -1.1545E+04     4.3776E-01     1.5905E+01     C          15

 BOND    =      870.2144  ANGLE   =        2.7674  DIHED      =       12.0488
 VDWAALS =     2176.6704  EEL     =   -14654.9755  HBOND      =        0.0000
 1-4 VDW =        2.0719  1-4 EEL =       45.5467  RESTRAINT  =        0.3532
 EAMBER  =   -11545.6560


   NSTEP       ENERGY          RMS            GMAX         NAME    NUMBER
    700      -1.1560E+04     9.3950E-01     2.0404E+01     C           5

 BOND    =      894.6578  ANGLE   =        3.0755  DIHED      =       12.1127
 VDWAALS =     2194.7328  EEL     =   -14712.3447  HBOND      =        0.0000
 1-4 VDW =        2.0914  1-4 EEL =       45.6606  RESTRAINT  =        0.3531
 EAMBER  =   -11560.0140


   NSTEP       ENERGY          RMS            GMAX         NAME    NUMBER
    720      -1.1571E+04     2.6192E-01     7.9050E+00     CH3         2

 BOND    =      876.2721  ANGLE   =        2.5733  DIHED      =       11.8227
 VDWAALS =     2196.7602  EEL     =   -14706.5968  HBOND      =        0.0000
 1-4 VDW =        2.1228  1-4 EEL =       45.3789  RESTRAINT  =        0.4347
 EAMBER  =   -11571.6670


   NSTEP       ENERGY          RMS            GMAX         NAME    NUMBER
    740      -1.1575E+04     3.3012E-01     1.0993E+01     O           6

 BOND    =      880.5904  ANGLE   =        2.8448  DIHED      =       11.6627
 VDWAALS =     2201.2870  EEL     =   -14719.9867  HBOND      =        0.0000
 1-4 VDW =        2.0541  1-4 EEL =       45.3553  RESTRAINT  =        0.7741
 EAMBER  =   -11576.1925


   NSTEP       ENERGY          RMS            GMAX         NAME    NUMBER
    760      -1.1593E+04     6.8388E-01     1.6624E+01     C           5

 BOND    =      866.6381  ANGLE   =        2.5810  DIHED      =       11.5269
 VDWAALS =     2218.0239  EEL     =   -14739.5987  HBOND      =        0.0000
 1-4 VDW =        2.1230  1-4 EEL =       45.3776  RESTRAINT  =        0.6385
 EAMBER  =   -11593.3282


   NSTEP       ENERGY          RMS            GMAX         NAME    NUMBER
    780      -1.1600E+04     3.4132E-01     1.6658E+01     O           6

 BOND    =      885.4510  ANGLE   =        2.6262  DIHED      =       11.7588
 VDWAALS =     2220.8724  EEL     =   -14769.0930  HBOND      =        0.0000
 1-4 VDW =        2.1068  1-4 EEL =       45.8592  RESTRAINT  =        0.2830
 EAMBER  =   -11600.4186


   NSTEP       ENERGY          RMS            GMAX         NAME    NUMBER
    800      -1.1610E+04     5.7740E-01     1.1276E+01     CH3        19

 BOND    =      896.3404  ANGLE   =        2.7468  DIHED      =       11.7028
 VDWAALS =     2227.7822  EEL     =   -14796.2664  HBOND      =        0.0000
 1-4 VDW =        2.0832  1-4 EEL =       45.7255  RESTRAINT  =        0.2445
 EAMBER  =   -11609.8855


   NSTEP       ENERGY          RMS            GMAX         NAME    NUMBER
    820      -1.1617E+04     2.2677E-01     6.1011E+00     N           7

 BOND    =      885.0389  ANGLE   =        2.4470  DIHED      =       11.5175
 VDWAALS =     2230.7919  EEL     =   -14795.0779  HBOND      =        0.0000
 1-4 VDW =        2.1178  1-4 EEL =       45.5257  RESTRAINT  =        0.2607
 EAMBER  =   -11617.6391


   NSTEP       ENERGY          RMS            GMAX         NAME    NUMBER
    840      -1.1626E+04     3.9365E-01     1.3201E+01     C          15

 BOND    =      886.9518  ANGLE   =        2.4424  DIHED      =       11.6565
 VDWAALS =     2236.7359  EEL     =   -14811.5877  HBOND      =        0.0000
 1-4 VDW =        1.9943  1-4 EEL =       45.3214  RESTRAINT  =        0.2512
 EAMBER  =   -11626.4855


   NSTEP       ENERGY          RMS            GMAX         NAME    NUMBER
    860      -1.1640E+04     4.6407E-01     1.1026E+01     N          17

 BOND    =      890.7602  ANGLE   =        2.4558  DIHED      =       11.2431
 VDWAALS =     2250.3808  EEL     =   -14842.7254  HBOND      =        0.0000
 1-4 VDW =        2.0733  1-4 EEL =       45.4341  RESTRAINT  =        0.3716
 EAMBER  =   -11640.3780


   NSTEP       ENERGY          RMS            GMAX         NAME    NUMBER
    880      -1.1647E+04     3.8324E-01     1.3871E+01     C           5

 BOND    =      891.0822  ANGLE   =        2.4409  DIHED      =       11.2479
 VDWAALS =     2255.0356  EEL     =   -14854.3502  HBOND      =        0.0000
 1-4 VDW =        2.2001  1-4 EEL =       45.4561  RESTRAINT  =        0.2785
 EAMBER  =   -11646.8873


   NSTEP       ENERGY          RMS            GMAX         NAME    NUMBER
    900      -1.1653E+04     4.5716E-01     1.0056E+01     CH3        19

 BOND    =      891.6692  ANGLE   =        2.3898  DIHED      =       11.3216
 VDWAALS =     2260.6159  EEL     =   -14866.7818  HBOND      =        0.0000
 1-4 VDW =        2.2135  1-4 EEL =       45.2125  RESTRAINT  =        0.2335
 EAMBER  =   -11653.3594


   NSTEP       ENERGY          RMS            GMAX         NAME    NUMBER
    920      -1.1658E+04     2.3840E-01     7.1508E+00     C          15

 BOND    =      894.3675  ANGLE   =        2.4065  DIHED      =       11.1500
 VDWAALS =     2263.3623  EEL     =   -14877.1237  HBOND      =        0.0000
 1-4 VDW =        2.1368  1-4 EEL =       45.2851  RESTRAINT  =        0.2194
 EAMBER  =   -11658.4154


   NSTEP       ENERGY          RMS            GMAX         NAME    NUMBER
    940      -1.1662E+04     3.1875E-01     1.1446E+01     C          15

 BOND    =      894.0857  ANGLE   =        2.5229  DIHED      =       11.1078
 VDWAALS =     2265.5038  EEL     =   -14882.1648  HBOND      =        0.0000
 1-4 VDW =        1.9866  1-4 EEL =       45.2411  RESTRAINT  =        0.1963
 EAMBER  =   -11661.7169


   NSTEP       ENERGY          RMS            GMAX         NAME    NUMBER
    960      -1.1667E+04     3.8376E-01     8.0604E+00     C          15

 BOND    =      897.7754  ANGLE   =        2.3756  DIHED      =       11.0634
 VDWAALS =     2270.5097  EEL     =   -14896.5862  HBOND      =        0.0000
 1-4 VDW =        2.0270  1-4 EEL =       45.5064  RESTRAINT  =        0.1867
 EAMBER  =   -11667.3286


   NSTEP       ENERGY          RMS            GMAX         NAME    NUMBER
    980      -1.1671E+04     6.0909E-01     2.6952E+01     C           5

 BOND    =      897.4109  ANGLE   =        2.4792  DIHED      =       10.9696
 VDWAALS =     2274.1438  EEL     =   -14903.5067  HBOND      =        0.0000
 1-4 VDW =        2.1710  1-4 EEL =       45.4347  RESTRAINT  =        0.2173
 EAMBER  =   -11670.8976


   NSTEP       ENERGY          RMS            GMAX         NAME    NUMBER
   1000      -1.1676E+04     4.3334E-01     1.1621E+01     CH3        19

 BOND    =      896.5883  ANGLE   =        2.4527  DIHED      =       11.0127
 VDWAALS =     2277.5879  EEL     =   -14910.7637  HBOND      =        0.0000
 1-4 VDW =        2.2467  1-4 EEL =       45.1200  RESTRAINT  =        0.2007
 EAMBER  =   -11675.7554


  Maximum number of minimization cycles reached.


                    FINAL RESULTS



   NSTEP       ENERGY          RMS            GMAX         NAME    NUMBER
   1000      -1.1676E+04     4.3334E-01     1.1621E+01     CH3        19

 BOND    =      896.5883  ANGLE   =        2.4527  DIHED      =       11.0127
 VDWAALS =     2277.5879  EEL     =   -14910.7637  HBOND      =        0.0000
 1-4 VDW =        2.2467  1-4 EEL =       45.1200  RESTRAINT  =        0.2007
 EAMBER  =   -11675.7554

--------------------------------------------------------------------------------
   5.  TIMINGS
--------------------------------------------------------------------------------

|                Build the list             0.10 (57.67% of List )
|                Other                      0.07 (42.33% of List )
|             List time                  0.17 ( 1.47% of Nonbo)
|                   Short_ene time             6.84 (96.62% of Direc)
|                   Other                      0.24 ( 3.38% of Direc)
|                Direct Ewald time          7.08 (63.28% of Ewald)
|                Adjust Ewald time          0.04 ( 0.33% of Ewald)
|                Self Ewald time            0.00 ( 0.01% of Ewald)
|                   Fill Bspline coeffs        0.16 ( 4.20% of Recip)
|                   Fill charge grid           0.15 ( 4.02% of Recip)
|                   Scalar sum                 0.61 (16.60% of Recip)
|                   Grad sum                   0.32 ( 8.61% of Recip)
|                      FFT back comm time         1.31 (54.62% of FFT t)
|                      Other                      1.09 (45.38% of FFT t)
|                   FFT time                   2.41 (64.98% of Recip)
|                   Other                      0.06 ( 1.60% of Recip)
|                Recip Ewald time           3.70 (33.11% of Ewald)
|                Force Adjust               0.21 ( 1.92% of Ewald)
|                Virial junk                0.14 ( 1.29% of Ewald)
|                Start synchronizatio       0.00 ( 0.01% of Ewald)
|                Other                      0.00 ( 0.04% of Ewald)
|             Ewald time                11.19 (98.52% of Nonbo)
|             Other                      0.00 ( 0.01% of Nonbo)
|          Nonbond force             11.36 (90.49% of Force)
|          Bond/Angle/Dihedral        0.04 ( 0.33% of Force)
|          FRC Collect time           0.40 ( 3.22% of Force)
|          Other                      0.75 ( 5.96% of Force)
|       Force time                12.55 (100.0% of Runmd)
|    Runmd Time                12.55 ( 4.71% of Total)
|    Other                    253.93 (95.29% of Total)
| Total time               266.48 (100.0% of ALL  )

| Highest rstack allocated:      39640
| Highest istack allocated:        846
|           Job began  at 13:46:26.598  on 03/14/2017
|           Setup done at 13:46:26.687  on 03/14/2017
|           Run   done at 13:50:53.082  on 03/14/2017
|     wallclock() was called   44070 times
