
          -------------------------------------------------------
          Amber 16 SANDER                              2016
          -------------------------------------------------------

| Run on 03/14/2017 at 15:28:08

|   Executable path: sander.MPI
| Working directory: /home/steboss/projects/mdgx-tests/alanine/IPOLQ/input/PhiPsi_1/60/210
|          Hostname: node007

  [-O]verwriting output

File Assignments:
|  MDIN: min.in                                                                
| MDOUT: Conf210.min.out                                                       
|INPCRD: Conf210.crd                                                           
|  PARM: Conf210.top                                                           
|RESTRT: Conf210.min                                                           
|  REFC: Conf210.crd                                                           
| MDVEL: mdvel                                                                 
| MDFRC: mdfrc                                                                 
|  MDEN: mden                                                                  
| MDCRD: mdcrd                                                                 
|MDINFO: mdinfo                                                                
|  MTMD: mtmd                                                                  
|INPDIP: inpdip                                                                
|RSTDIP: rstdip                                                                
|INPTRA: inptraj                                                               

|    REMLOG: rem.log
|   REMTYPE: rem.type
|  REMSTRIP: 
|   SAVEENE: saveene
|CLUSTERINF: cluster.info
| RESERVOIR: reserv/frame
|   REMDDIM: 


 Here is the input file:

Initial minimization                                                           
 &cntrl                                                                        
  ntx    = 1,       irest  = 0,       ntrx   = 1,      ntxo   = 1,             
  ntpr   = 20,      ntwx   = 0,       ntwv   = 0,      ntwe   = 0,             
                                                                               
  ntf    = 1,       ntb    = 1,                                                
  ntc    = 1,       ntr    = 1,                                                
  restraintmask = ':1',                                                        
  restraint_wt = 100.0,                                                        
  cut    = 9.0,                                                                
                                                                               
  imin   = 1,                                                                  
  maxcyc = 1000,                                                               
  ncyc   = 100,                                                                
                                                                               
 &end                                                                          

--------------------------------------------------------------------------------
   1.  RESOURCE   USE: 
--------------------------------------------------------------------------------

| Flags: MPI                                                                    
 getting new box info from bottom of inpcrd
|  INFO: Old style inpcrd file read

| peek_ewald_inpcrd: Box info found
|Largest sphere to fit in unit cell has radius =    14.711
| New format PARM file being parsed.
| Version =    1.000 Date = 03/14/17 Time = 13:40:28
 NATOM  =    2983 NTYPES =       9 NBONH =    2973 MBONA  =       9
 NTHETH =      25 MTHETA =      11 NPHIH =      43 MPHIA  =      24
 NHPARM =       0 NPARM  =       0 NNB   =    4047 NRES   =     990
 NBONA  =       9 NTHETA =      11 NPHIA =      24 NUMBND =      10
 NUMANG =      16 NPTRA  =      19 NATYP =       9 NPHB   =       1
 IFBOX  =       2 NMXRS  =      10 IFCAP =       0 NEXTRA =       0
 NCOPY  =       0


|     Memory Use     Allocated
|     Real              340539
|     Hollerith           9941
|     Integer            90996
|     Max Pairs         330864
|     nblistReal         35796
|     nblist Int         99942
|       Total             5017 kbytes

| Note: 1-4 EEL scale factors are being read from the topology file.

| Note: 1-4 VDW scale factors are being read from the topology file.
| Duplicated    0 dihedrals
| Duplicated    0 dihedrals

     BOX TYPE: TRUNCATED OCTAHEDRON

--------------------------------------------------------------------------------
   2.  CONTROL  DATA  FOR  THE  RUN
--------------------------------------------------------------------------------

default_name                                                                    

General flags:
     imin    =       1, nmropt  =       0

Nature and format of input:
     ntx     =       1, irest   =       0, ntrx    =       1

Nature and format of output:
     ntxo    =       1, ntpr    =      20, ntrx    =       1, ntwr    =       1
     iwrap   =       0, ntwx    =       0, ntwv    =       0, ntwe    =       0
     ioutfm  =       1, ntwprt  =       0, idecomp =       0, rbornstat=      0

Potential function:
     ntf     =       1, ntb     =       1, igb     =       0, nsnb    =      25
     ipol    =       0, gbsa    =       0, iesp    =       0
     dielc   =   1.00000, cut     =   9.00000, intdiel =   1.00000

Frozen or restrained atoms:
     ibelly  =       0, ntr     =       1
     restraint_wt = 100.00000

Energy minimization:
     maxcyc  =    1000, ncyc    =     100, ntmin   =       1
     dx0     =   0.01000, drms    =   0.00010

Ewald parameters:
     verbose =       0, ew_type =       0, nbflag  =       1, use_pme =       1
     vdwmeth =       1, eedmeth =       1, netfrc  =       0
     Box X =   36.034   Box Y =   36.034   Box Z =   36.034
     Alpha =  109.471   Beta  =  109.471   Gamma =  109.471
     NFFT1 =   36       NFFT2 =   36       NFFT3 =   36
     Cutoff=    9.000   Tol   =0.100E-04
     Ewald Coefficient =  0.30768
     Interpolation order =    4

| MPI Timing options:
|      profile_mpi =        0

    LOADING THE CONSTRAINED ATOMS AS GROUPS


   5.  REFERENCE ATOM COORDINATES

  defa
     Mask :1; matches     6 atoms

--------------------------------------------------------------------------------
   3.  ATOMIC COORDINATES AND VELOCITIES
--------------------------------------------------------------------------------

default_name                                                                    
 begin time read from input coords =     0.000 ps

 Number of triangulated 3-point waters found:      987
|  Atom division among processors:
|         0     373     745    1117    1489    1861    2233    2605
|      2983

     Sum of charges from parm topology file =  -0.00000000
     Forcing neutrality...
|  Running AMBER/MPI version on    8 nodes


--------------------------------------------------------------------------------
   4.  RESULTS
--------------------------------------------------------------------------------

 ---------------------------------------------------
 APPROXIMATING switch and d/dx switch using CUBIC SPLINE INTERPOLATION
 using   5000.0 points per unit in tabled values
 TESTING RELATIVE ERROR over r ranging from 0.0 to cutoff
| CHECK switch(x): max rel err =   0.2738E-14   at   2.422500
| CHECK d/dx switch(x): max rel err =   0.8314E-11   at   2.736960
 ---------------------------------------------------
| Local SIZE OF NONBOND LIST =      92313
| TOTAL SIZE OF NONBOND LIST =     688531


   NSTEP       ENERGY          RMS            GMAX         NAME    NUMBER
      1      -8.3454E+03     1.2166E+01     5.9518E+01     O         323

 BOND    =        0.6561  ANGLE   =        1.6794  DIHED      =       10.5517
 VDWAALS =      913.3620  EEL     =    -9321.4029  HBOND      =        0.0000
 1-4 VDW =        3.2631  1-4 EEL =       46.4537  RESTRAINT  =        0.0000


   NSTEP       ENERGY          RMS            GMAX         NAME    NUMBER
     20      -9.2027E+03     2.6691E+00     1.9778E+01     O         407

 BOND    =      483.5186  ANGLE   =        1.7000  DIHED      =       10.5424
 VDWAALS =      863.9121  EEL     =   -10611.9836  HBOND      =        0.0000
 1-4 VDW =        3.2331  1-4 EEL =       46.3762  RESTRAINT  =        0.0020
 EAMBER  =    -9202.7012


   NSTEP       ENERGY          RMS            GMAX         NAME    NUMBER
     40      -9.8374E+03     1.5828E+00     6.7736E+00     H1       2478

 BOND    =      530.7701  ANGLE   =        1.7444  DIHED      =       10.5845
 VDWAALS =      905.9144  EEL     =   -11335.8129  HBOND      =        0.0000
 1-4 VDW =        3.2017  1-4 EEL =       46.2384  RESTRAINT  =        0.0031
 EAMBER  =    -9837.3593


   NSTEP       ENERGY          RMS            GMAX         NAME    NUMBER
     60      -1.0079E+04     3.3187E+00     1.0351E+01     H2       1036

 BOND    =      505.7610  ANGLE   =        1.7990  DIHED      =       10.6329
 VDWAALS =      943.0232  EEL     =   -11589.5033  HBOND      =        0.0000
 1-4 VDW =        3.1678  1-4 EEL =       46.1316  RESTRAINT  =        0.0032
 EAMBER  =   -10078.9878


   NSTEP       ENERGY          RMS            GMAX         NAME    NUMBER
     80      -1.0232E+04     3.8942E+00     1.3092E+01     H2       1306

 BOND    =      512.2959  ANGLE   =        1.8506  DIHED      =       10.6807
 VDWAALS =      978.2434  EEL     =   -11783.9923  HBOND      =        0.0000
 1-4 VDW =        3.1355  1-4 EEL =       46.0386  RESTRAINT  =        0.0032
 EAMBER  =   -10231.7475


   NSTEP       ENERGY          RMS            GMAX         NAME    NUMBER
    100      -1.0368E+04     9.2816E-01     4.2004E+00     H2        517

 BOND    =      607.2395  ANGLE   =        1.8989  DIHED      =       10.7283
 VDWAALS =     1012.2240  EEL     =   -12049.6425  HBOND      =        0.0000
 1-4 VDW =        3.1057  1-4 EEL =       45.9563  RESTRAINT  =        0.0033
 EAMBER  =   -10368.4897


   NSTEP       ENERGY          RMS            GMAX         NAME    NUMBER
    120      -1.0793E+04     7.0226E+00     1.2836E+02     H2       2647

 BOND    =      943.2732  ANGLE   =        2.6607  DIHED      =       11.3379
 VDWAALS =     1569.5524  EEL     =   -13367.6399  HBOND      =        0.0000
 1-4 VDW =        2.7559  1-4 EEL =       44.9233  RESTRAINT  =        0.0204
 EAMBER  =   -10793.1365


   NSTEP       ENERGY          RMS            GMAX         NAME    NUMBER
    140      -1.1025E+04     1.4911E+00     2.9753E+01     O        2588

 BOND    =      718.3636  ANGLE   =        2.6457  DIHED      =       11.3895
 VDWAALS =     1464.1792  EEL     =   -13268.9328  HBOND      =        0.0000
 1-4 VDW =        2.7707  1-4 EEL =       44.8734  RESTRAINT  =        0.0213
 EAMBER  =   -11024.7107


   NSTEP       ENERGY          RMS            GMAX         NAME    NUMBER
    160      -1.1122E+04     1.2435E+00     1.9884E+01     H1       2589

 BOND    =      725.2747  ANGLE   =        2.8297  DIHED      =       11.5357
 VDWAALS =     1461.7931  EEL     =   -13371.4164  HBOND      =        0.0000
 1-4 VDW =        2.7714  1-4 EEL =       44.7375  RESTRAINT  =        0.0269
 EAMBER  =   -11122.4743


   NSTEP       ENERGY          RMS            GMAX         NAME    NUMBER
    180      -1.1255E+04     2.7998E+00     5.5573E+01     C          15

 BOND    =      807.5073  ANGLE   =        8.2343  DIHED      =       11.8091
 VDWAALS =     1674.1429  EEL     =   -13804.3968  HBOND      =        0.0000
 1-4 VDW =        3.1569  1-4 EEL =       44.5089  RESTRAINT  =        0.1005
 EAMBER  =   -11255.0374


   NSTEP       ENERGY          RMS            GMAX         NAME    NUMBER
    200      -1.1357E+04     1.2437E+00     2.9482E+01     C           5

 BOND    =      774.6878  ANGLE   =        3.9041  DIHED      =       12.8764
 VDWAALS =     1653.1840  EEL     =   -13850.3090  HBOND      =        0.0000
 1-4 VDW =        2.9696  1-4 EEL =       45.2871  RESTRAINT  =        0.1162
 EAMBER  =   -11357.3999


   NSTEP       ENERGY          RMS            GMAX         NAME    NUMBER
    220      -1.1403E+04     1.2203E+00     1.8736E+01     O        2588

 BOND    =      779.4757  ANGLE   =        2.7391  DIHED      =       12.4232
 VDWAALS =     1709.0336  EEL     =   -13954.7634  HBOND      =        0.0000
 1-4 VDW =        2.8319  1-4 EEL =       44.8761  RESTRAINT  =        0.0789
 EAMBER  =   -11403.3837


   NSTEP       ENERGY          RMS            GMAX         NAME    NUMBER
    240      -1.1479E+04     1.9155E+00     5.5635E+01     CH3         2

 BOND    =      808.1260  ANGLE   =        4.1271  DIHED      =       12.5021
 VDWAALS =     1754.4450  EEL     =   -14104.6365  HBOND      =        0.0000
 1-4 VDW =        2.6168  1-4 EEL =       44.0017  RESTRAINT  =        0.2764
 EAMBER  =   -11478.8178


   NSTEP       ENERGY          RMS            GMAX         NAME    NUMBER
    260      -1.1515E+04     8.8946E-01     1.4612E+01     H2       2590

 BOND    =      795.2771  ANGLE   =        3.1587  DIHED      =       11.9982
 VDWAALS =     1772.5723  EEL     =   -14144.8942  HBOND      =        0.0000
 1-4 VDW =        2.5869  1-4 EEL =       44.2354  RESTRAINT  =        0.1527
 EAMBER  =   -11515.0656


   NSTEP       ENERGY          RMS            GMAX         NAME    NUMBER
    280      -1.1560E+04     1.0329E+00     3.4354E+01     C          15

 BOND    =      825.6550  ANGLE   =        3.8364  DIHED      =       12.2526
 VDWAALS =     1848.3651  EEL     =   -14297.5220  HBOND      =        0.0000
 1-4 VDW =        2.5452  1-4 EEL =       44.3518  RESTRAINT  =        0.2374
 EAMBER  =   -11560.5160


   NSTEP       ENERGY          RMS            GMAX         NAME    NUMBER
    300      -1.1601E+04     8.3773E-01     2.3444E+01     N           7

 BOND    =      824.9157  ANGLE   =        2.8325  DIHED      =       12.7404
 VDWAALS =     1848.8788  EEL     =   -14338.6376  HBOND      =        0.0000
 1-4 VDW =        2.6417  1-4 EEL =       45.4406  RESTRAINT  =        0.2412
 EAMBER  =   -11601.1880


   NSTEP       ENERGY          RMS            GMAX         NAME    NUMBER
    320      -1.1628E+04     7.8690E-01     1.9115E+01     C          15

 BOND    =      822.6078  ANGLE   =        2.5814  DIHED      =       12.6297
 VDWAALS =     1874.9095  EEL     =   -14388.6716  HBOND      =        0.0000
 1-4 VDW =        2.6851  1-4 EEL =       45.4098  RESTRAINT  =        0.1460
 EAMBER  =   -11627.8482


   NSTEP       ENERGY          RMS            GMAX         NAME    NUMBER
    340      -1.1657E+04     5.7561E-01     1.2473E+01     C          15

 BOND    =      837.9232  ANGLE   =        3.5415  DIHED      =       12.0651
 VDWAALS =     1892.1229  EEL     =   -14449.4947  HBOND      =        0.0000
 1-4 VDW =        2.7010  1-4 EEL =       44.2857  RESTRAINT  =        0.2080
 EAMBER  =   -11656.8554


   NSTEP       ENERGY          RMS            GMAX         NAME    NUMBER
    360      -1.1685E+04     7.9162E-01     1.7107E+01     C          15

 BOND    =      831.5395  ANGLE   =        3.7029  DIHED      =       12.2190
 VDWAALS =     1913.3256  EEL     =   -14492.5252  HBOND      =        0.0000
 1-4 VDW =        2.6718  1-4 EEL =       43.9379  RESTRAINT  =        0.2029
 EAMBER  =   -11685.1285


   NSTEP       ENERGY          RMS            GMAX         NAME    NUMBER
    380      -1.1711E+04     6.1269E-01     1.6411E+01     C          15

 BOND    =      850.4022  ANGLE   =        3.6859  DIHED      =       12.3044
 VDWAALS =     1954.3656  EEL     =   -14578.5778  HBOND      =        0.0000
 1-4 VDW =        2.5807  1-4 EEL =       44.5133  RESTRAINT  =        0.1917
 EAMBER  =   -11710.7257


   NSTEP       ENERGY          RMS            GMAX         NAME    NUMBER
    400      -1.1738E+04     6.3269E-01     1.7340E+01     CH3        19

 BOND    =      855.5925  ANGLE   =        3.0984  DIHED      =       12.7345
 VDWAALS =     1964.7154  EEL     =   -14622.7745  HBOND      =        0.0000
 1-4 VDW =        2.5991  1-4 EEL =       45.3396  RESTRAINT  =        0.2935
 EAMBER  =   -11738.6950


   NSTEP       ENERGY          RMS            GMAX         NAME    NUMBER
    420      -1.1758E+04     6.3862E-01     1.9990E+01     C          15

 BOND    =      847.3980  ANGLE   =        2.5046  DIHED      =       12.4583
 VDWAALS =     1990.1555  EEL     =   -14657.9756  HBOND      =        0.0000
 1-4 VDW =        2.6760  1-4 EEL =       45.0863  RESTRAINT  =        0.0594
 EAMBER  =   -11757.6968


   NSTEP       ENERGY          RMS            GMAX         NAME    NUMBER
    440      -1.1781E+04     8.5042E-01     2.3575E+01     N          17

 BOND    =      860.3827  ANGLE   =        3.7300  DIHED      =       12.1383
 VDWAALS =     2001.5358  EEL     =   -14705.7846  HBOND      =        0.0000
 1-4 VDW =        2.6602  1-4 EEL =       44.4059  RESTRAINT  =        0.3005
 EAMBER  =   -11780.9318


   NSTEP       ENERGY          RMS            GMAX         NAME    NUMBER
    460      -1.1797E+04     5.7122E-01     1.8415E+01     N          17

 BOND    =      855.0255  ANGLE   =        2.9456  DIHED      =       12.1228
 VDWAALS =     2015.3630  EEL     =   -14729.4116  HBOND      =        0.0000
 1-4 VDW =        2.6487  1-4 EEL =       44.3875  RESTRAINT  =        0.1483
 EAMBER  =   -11796.9185


   NSTEP       ENERGY          RMS            GMAX         NAME    NUMBER
    480      -1.1816E+04     5.3600E-01     1.7259E+01     C          15

 BOND    =      870.8453  ANGLE   =        3.4703  DIHED      =       12.2742
 VDWAALS =     2048.6223  EEL     =   -14798.8218  HBOND      =        0.0000
 1-4 VDW =        2.5857  1-4 EEL =       44.3816  RESTRAINT  =        0.1742
 EAMBER  =   -11816.6425


   NSTEP       ENERGY          RMS            GMAX         NAME    NUMBER
    500      -1.1837E+04     7.3241E-01     2.7159E+01     CH3        19

 BOND    =      875.2002  ANGLE   =        3.6027  DIHED      =       12.5415
 VDWAALS =     2054.0493  EEL     =   -14830.3917  HBOND      =        0.0000
 1-4 VDW =        2.5704  1-4 EEL =       45.0740  RESTRAINT  =        0.4592
 EAMBER  =   -11837.3536


   NSTEP       ENERGY          RMS            GMAX         NAME    NUMBER
    520      -1.1853E+04     5.2695E-01     1.9576E+01     C          15

 BOND    =      868.4402  ANGLE   =        2.5060  DIHED      =       12.6837
 VDWAALS =     2074.7314  EEL     =   -14858.6983  HBOND      =        0.0000
 1-4 VDW =        2.5807  1-4 EEL =       45.1004  RESTRAINT  =        0.0534
 EAMBER  =   -11852.6559


   NSTEP       ENERGY          RMS            GMAX         NAME    NUMBER
    540      -1.1874E+04     1.5543E+00     5.4109E+01     N          17

 BOND    =      865.5171  ANGLE   =        3.9204  DIHED      =       12.1815
 VDWAALS =     2084.4027  EEL     =   -14887.5180  HBOND      =        0.0000
 1-4 VDW =        2.4941  1-4 EEL =       44.8156  RESTRAINT  =        0.2129
 EAMBER  =   -11874.1865


   NSTEP       ENERGY          RMS            GMAX         NAME    NUMBER
    560      -1.1890E+04     4.2525E-01     1.1305E+01     N          17

 BOND    =      869.0978  ANGLE   =        2.6615  DIHED      =       12.1613
 VDWAALS =     2093.8093  EEL     =   -14914.8161  HBOND      =        0.0000
 1-4 VDW =        2.5975  1-4 EEL =       44.7393  RESTRAINT  =        0.0850
 EAMBER  =   -11889.7494


   NSTEP       ENERGY          RMS            GMAX         NAME    NUMBER
    580      -1.1905E+04     3.8263E-01     9.0688E+00     C          15

 BOND    =      884.8880  ANGLE   =        3.1071  DIHED      =       12.1874
 VDWAALS =     2117.4190  EEL     =   -14969.8549  HBOND      =        0.0000
 1-4 VDW =        2.5879  1-4 EEL =       44.5570  RESTRAINT  =        0.0920
 EAMBER  =   -11905.1085


   NSTEP       ENERGY          RMS            GMAX         NAME    NUMBER
    600      -1.1923E+04     7.8116E-01     2.1358E+01     C          15

 BOND    =      895.5789  ANGLE   =        3.7611  DIHED      =       12.5404
 VDWAALS =     2130.6402  EEL     =   -15012.7099  HBOND      =        0.0000
 1-4 VDW =        2.5415  1-4 EEL =       44.1449  RESTRAINT  =        0.6979
 EAMBER  =   -11923.5031


   NSTEP       ENERGY          RMS            GMAX         NAME    NUMBER
    620      -1.1935E+04     4.8202E-01     1.7111E+01     N          17

 BOND    =      877.3670  ANGLE   =        2.5757  DIHED      =       12.4188
 VDWAALS =     2140.3574  EEL     =   -15015.1592  HBOND      =        0.0000
 1-4 VDW =        2.4877  1-4 EEL =       44.4781  RESTRAINT  =        0.1120
 EAMBER  =   -11935.4745


   NSTEP       ENERGY          RMS            GMAX         NAME    NUMBER
    640      -1.1944E+04     3.8382E-01     9.9668E+00     N          17

 BOND    =      892.2410  ANGLE   =        3.1404  DIHED      =       12.1817
 VDWAALS =     2146.6948  EEL     =   -15046.0263  HBOND      =        0.0000
 1-4 VDW =        2.5092  1-4 EEL =       44.5981  RESTRAINT  =        0.1678
 EAMBER  =   -11944.6611


   NSTEP       ENERGY          RMS            GMAX         NAME    NUMBER
    660      -1.1958E+04     4.4354E-01     1.1009E+01     C          15

 BOND    =      884.3983  ANGLE   =        2.9437  DIHED      =       12.2405
 VDWAALS =     2160.4713  EEL     =   -15064.6793  HBOND      =        0.0000
 1-4 VDW =        2.4555  1-4 EEL =       44.4037  RESTRAINT  =        0.0793
 EAMBER  =   -11957.7664


   NSTEP       ENERGY          RMS            GMAX         NAME    NUMBER
    680      -1.1966E+04     3.8556E-01     1.0244E+01     C           5

 BOND    =      895.2630  ANGLE   =        2.9297  DIHED      =       12.2557
 VDWAALS =     2172.2919  EEL     =   -15095.5708  HBOND      =        0.0000
 1-4 VDW =        2.4527  1-4 EEL =       44.2597  RESTRAINT  =        0.1253
 EAMBER  =   -11966.1181


   NSTEP       ENERGY          RMS            GMAX         NAME    NUMBER
    700      -1.1978E+04     7.6257E-01     2.8945E+01     C          15

 BOND    =      905.2208  ANGLE   =        3.4709  DIHED      =       12.5746
 VDWAALS =     2181.5592  EEL     =   -15127.7161  HBOND      =        0.0000
 1-4 VDW =        2.4530  1-4 EEL =       44.0271  RESTRAINT  =        0.6406
 EAMBER  =   -11978.4105


   NSTEP       ENERGY          RMS            GMAX         NAME    NUMBER
    720      -1.1987E+04     4.3596E-01     1.7321E+01     N          17

 BOND    =      891.5960  ANGLE   =        2.5909  DIHED      =       12.5528
 VDWAALS =     2188.3627  EEL     =   -15129.2056  HBOND      =        0.0000
 1-4 VDW =        2.4067  1-4 EEL =       44.3238  RESTRAINT  =        0.1425
 EAMBER  =   -11987.3728


   NSTEP       ENERGY          RMS            GMAX         NAME    NUMBER
    740      -1.1995E+04     4.5609E-01     1.2672E+01     N          17

 BOND    =      903.6194  ANGLE   =        3.2804  DIHED      =       12.3036
 VDWAALS =     2191.8839  EEL     =   -15152.7578  HBOND      =        0.0000
 1-4 VDW =        2.4092  1-4 EEL =       44.3513  RESTRAINT  =        0.1946
 EAMBER  =   -11994.9099


   NSTEP       ENERGY          RMS            GMAX         NAME    NUMBER
    760      -1.2005E+04     3.7562E-01     8.2912E+00     N          17

 BOND    =      895.0262  ANGLE   =        3.0396  DIHED      =       12.3657
 VDWAALS =     2200.2410  EEL     =   -15162.2192  HBOND      =        0.0000
 1-4 VDW =        2.3674  1-4 EEL =       44.2189  RESTRAINT  =        0.1150
 EAMBER  =   -12004.9603


   NSTEP       ENERGY          RMS            GMAX         NAME    NUMBER
    780      -1.2012E+04     3.9214E-01     1.6963E+01     C           5

 BOND    =      903.2619  ANGLE   =        3.0212  DIHED      =       12.3687
 VDWAALS =     2210.9318  EEL     =   -15187.8089  HBOND      =        0.0000
 1-4 VDW =        2.3531  1-4 EEL =       44.0337  RESTRAINT  =        0.1391
 EAMBER  =   -12011.8385


   NSTEP       ENERGY          RMS            GMAX         NAME    NUMBER
    800      -1.2020E+04     4.9221E-01     1.0388E+01     C          15

 BOND    =      913.4084  ANGLE   =        3.1731  DIHED      =       12.5545
 VDWAALS =     2219.0411  EEL     =   -15215.3678  HBOND      =        0.0000
 1-4 VDW =        2.3305  1-4 EEL =       43.9362  RESTRAINT  =        0.4280
 EAMBER  =   -12020.9239


   NSTEP       ENERGY          RMS            GMAX         NAME    NUMBER
    820      -1.2027E+04     3.2028E-01     1.0431E+01     N          17

 BOND    =      900.7120  ANGLE   =        2.7528  DIHED      =       12.5201
 VDWAALS =     2225.8189  EEL     =   -15215.2412  HBOND      =        0.0000
 1-4 VDW =        2.3119  1-4 EEL =       44.0832  RESTRAINT  =        0.1477
 EAMBER  =   -12027.0423


   NSTEP       ENERGY          RMS            GMAX         NAME    NUMBER
    840      -1.2032E+04     3.5857E-01     1.1205E+01     N          17

 BOND    =      910.0577  ANGLE   =        3.2428  DIHED      =       12.4292
 VDWAALS =     2228.5045  EEL     =   -15233.0672  HBOND      =        0.0000
 1-4 VDW =        2.3081  1-4 EEL =       44.1411  RESTRAINT  =        0.2047
 EAMBER  =   -12032.3837


   NSTEP       ENERGY          RMS            GMAX         NAME    NUMBER
    860      -1.2040E+04     3.8662E-01     9.8622E+00     CA          9

 BOND    =      900.2863  ANGLE   =        3.0419  DIHED      =       12.4899
 VDWAALS =     2235.0598  EEL     =   -15236.9553  HBOND      =        0.0000
 1-4 VDW =        2.2942  1-4 EEL =       44.0078  RESTRAINT  =        0.1362
 EAMBER  =   -12039.7754


   NSTEP       ENERGY          RMS            GMAX         NAME    NUMBER
    880      -1.2045E+04     3.4937E-01     1.0023E+01     N           7

 BOND    =      907.7152  ANGLE   =        3.0668  DIHED      =       12.4747
 VDWAALS =     2243.0453  EEL     =   -15257.5797  HBOND      =        0.0000
 1-4 VDW =        2.2642  1-4 EEL =       43.8321  RESTRAINT  =        0.1736
 EAMBER  =   -12045.1814


   NSTEP       ENERGY          RMS            GMAX         NAME    NUMBER
    900      -1.2052E+04     4.8153E-01     1.6320E+01     C          15

 BOND    =      916.1359  ANGLE   =        3.1865  DIHED      =       12.6022
 VDWAALS =     2247.8125  EEL     =   -15278.3461  HBOND      =        0.0000
 1-4 VDW =        2.2425  1-4 EEL =       43.7301  RESTRAINT  =        0.3935
 EAMBER  =   -12052.6364


   NSTEP       ENERGY          RMS            GMAX         NAME    NUMBER
    920      -1.2058E+04     2.8586E-01     1.1699E+01     N          17

 BOND    =      908.3188  ANGLE   =        2.8179  DIHED      =       12.6004
 VDWAALS =     2253.8529  EEL     =   -15282.0092  HBOND      =        0.0000
 1-4 VDW =        2.2243  1-4 EEL =       43.9079  RESTRAINT  =        0.1632
 EAMBER  =   -12058.2870


   NSTEP       ENERGY          RMS            GMAX         NAME    NUMBER
    940      -1.2063E+04     3.8664E-01     1.3012E+01     N          17

 BOND    =      914.4352  ANGLE   =        3.3345  DIHED      =       12.5208
 VDWAALS =     2255.7293  EEL     =   -15295.3697  HBOND      =        0.0000
 1-4 VDW =        2.2298  1-4 EEL =       43.9470  RESTRAINT  =        0.2555
 EAMBER  =   -12063.1731


   NSTEP       ENERGY          RMS            GMAX         NAME    NUMBER
    960      -1.2070E+04     3.8699E-01     1.0186E+01     N          17

 BOND    =      904.6080  ANGLE   =        3.0704  DIHED      =       12.5609
 VDWAALS =     2261.0481  EEL     =   -15297.4724  HBOND      =        0.0000
 1-4 VDW =        2.2085  1-4 EEL =       43.8440  RESTRAINT  =        0.1861
 EAMBER  =   -12070.1325


   NSTEP       ENERGY          RMS            GMAX         NAME    NUMBER
    980      -1.2076E+04     2.9800E-01     9.2219E+00     C           5

 BOND    =      914.9311  ANGLE   =        3.2495  DIHED      =       12.5567
 VDWAALS =     2268.1662  EEL     =   -15320.4892  HBOND      =        0.0000
 1-4 VDW =        2.2020  1-4 EEL =       43.6146  RESTRAINT  =        0.1991
 EAMBER  =   -12075.7690


   NSTEP       ENERGY          RMS            GMAX         NAME    NUMBER
   1000      -1.2083E+04     4.9372E-01     1.6871E+01     C          15

 BOND    =      921.7469  ANGLE   =        3.3075  DIHED      =       12.5842
 VDWAALS =     2271.0296  EEL     =   -15337.8833  HBOND      =        0.0000
 1-4 VDW =        2.1811  1-4 EEL =       43.5217  RESTRAINT  =        0.3660
 EAMBER  =   -12083.5124


  Maximum number of minimization cycles reached.


                    FINAL RESULTS



   NSTEP       ENERGY          RMS            GMAX         NAME    NUMBER
   1000      -1.2083E+04     4.9372E-01     1.6871E+01     C          15

 BOND    =      921.7469  ANGLE   =        3.3075  DIHED      =       12.5842
 VDWAALS =     2271.0296  EEL     =   -15337.8833  HBOND      =        0.0000
 1-4 VDW =        2.1811  1-4 EEL =       43.5217  RESTRAINT  =        0.3660
 EAMBER  =   -12083.5124

--------------------------------------------------------------------------------
   5.  TIMINGS
--------------------------------------------------------------------------------

|                Build the list             0.08 (58.38% of List )
|                Other                      0.06 (41.62% of List )
|             List time                  0.13 ( 1.19% of Nonbo)
|                   Short_ene time             7.47 (96.95% of Direc)
|                   Other                      0.23 ( 3.05% of Direc)
|                Direct Ewald time          7.70 (69.96% of Ewald)
|                Adjust Ewald time          0.04 ( 0.36% of Ewald)
|                Self Ewald time            0.00 ( 0.01% of Ewald)
|                   Fill Bspline coeffs        0.17 ( 6.78% of Recip)
|                   Fill charge grid           0.15 ( 5.94% of Recip)
|                   Scalar sum                 0.58 (23.41% of Recip)
|                   Grad sum                   0.33 (13.16% of Recip)
|                      FFT back comm time         0.21 (17.64% of FFT t)
|                      Other                      1.00 (82.36% of FFT t)
|                   FFT time                   1.21 (48.43% of Recip)
|                   Other                      0.06 ( 2.28% of Recip)
|                Recip Ewald time           2.50 (22.69% of Ewald)
|                Force Adjust               0.68 ( 6.21% of Ewald)
|                Virial junk                0.08 ( 0.71% of Ewald)
|                Start synchronizatio       0.00 ( 0.01% of Ewald)
|                Other                      0.01 ( 0.05% of Ewald)
|             Ewald time                11.01 (98.80% of Nonbo)
|             Other                      0.00 ( 0.01% of Nonbo)
|          Nonbond force             11.14 (93.66% of Force)
|          Bond/Angle/Dihedral        0.03 ( 0.29% of Force)
|          FRC Collect time           0.21 ( 1.78% of Force)
|          Other                      0.51 ( 4.27% of Force)
|       Force time                11.90 (100.0% of Runmd)
|    Runmd Time                11.90 ( 5.34% of Total)
|    Other                    210.69 (94.65% of Total)
| Total time               222.59 (100.0% of ALL  )

| Highest rstack allocated:      40639
| Highest istack allocated:        883
|           Job began  at 15:28:08.389  on 03/14/2017
|           Setup done at 15:28:08.487  on 03/14/2017
|           Run   done at 15:31:50.983  on 03/14/2017
|     wallclock() was called   44068 times
