
          -------------------------------------------------------
          Amber 16 SANDER                              2016
          -------------------------------------------------------

| Run on 03/14/2017 at 14:51:41

|   Executable path: sander.MPI
| Working directory: /home/steboss/projects/mdgx-tests/alanine/IPOLQ/input/PhiPsi_1/285/255
|          Hostname: node004

  [-O]verwriting output

File Assignments:
|  MDIN: min.in                                                                
| MDOUT: Conf255.min.out                                                       
|INPCRD: Conf255.crd                                                           
|  PARM: Conf255.top                                                           
|RESTRT: Conf255.min                                                           
|  REFC: Conf255.crd                                                           
| MDVEL: mdvel                                                                 
| MDFRC: mdfrc                                                                 
|  MDEN: mden                                                                  
| MDCRD: mdcrd                                                                 
|MDINFO: mdinfo                                                                
|  MTMD: mtmd                                                                  
|INPDIP: inpdip                                                                
|RSTDIP: rstdip                                                                
|INPTRA: inptraj                                                               

|    REMLOG: rem.log
|   REMTYPE: rem.type
|  REMSTRIP: 
|   SAVEENE: saveene
|CLUSTERINF: cluster.info
| RESERVOIR: reserv/frame
|   REMDDIM: 


 Here is the input file:

Initial minimization                                                           
 &cntrl                                                                        
  ntx    = 1,       irest  = 0,       ntrx   = 1,      ntxo   = 1,             
  ntpr   = 20,      ntwx   = 0,       ntwv   = 0,      ntwe   = 0,             
                                                                               
  ntf    = 1,       ntb    = 1,                                                
  ntc    = 1,       ntr    = 1,                                                
  restraintmask = ':1',                                                        
  restraint_wt = 100.0,                                                        
  cut    = 9.0,                                                                
                                                                               
  imin   = 1,                                                                  
  maxcyc = 1000,                                                               
  ncyc   = 100,                                                                
                                                                               
 &end                                                                          

--------------------------------------------------------------------------------
   1.  RESOURCE   USE: 
--------------------------------------------------------------------------------

| Flags: MPI                                                                    
 getting new box info from bottom of inpcrd
|  INFO: Old style inpcrd file read

| peek_ewald_inpcrd: Box info found
|Largest sphere to fit in unit cell has radius =    14.779
| New format PARM file being parsed.
| Version =    1.000 Date = 03/14/17 Time = 13:39:33
 NATOM  =    3019 NTYPES =       9 NBONH =    3009 MBONA  =       9
 NTHETH =      25 MTHETA =      11 NPHIH =      43 MPHIA  =      24
 NHPARM =       0 NPARM  =       0 NNB   =    4095 NRES   =    1002
 NBONA  =       9 NTHETA =      11 NPHIA =      24 NUMBND =      10
 NUMANG =      16 NPTRA  =      19 NATYP =       9 NPHB   =       1
 IFBOX  =       2 NMXRS  =      10 IFCAP =       0 NEXTRA =       0
 NCOPY  =       0


|     Memory Use     Allocated
|     Real              343599
|     Hollerith          10061
|     Integer            91812
|     Max Pairs         334856
|     nblistReal         36228
|     nblist Int        100782
|       Total             5067 kbytes

| Note: 1-4 EEL scale factors are being read from the topology file.

| Note: 1-4 VDW scale factors are being read from the topology file.
| Duplicated    0 dihedrals
| Duplicated    0 dihedrals

     BOX TYPE: TRUNCATED OCTAHEDRON

--------------------------------------------------------------------------------
   2.  CONTROL  DATA  FOR  THE  RUN
--------------------------------------------------------------------------------

default_name                                                                    

General flags:
     imin    =       1, nmropt  =       0

Nature and format of input:
     ntx     =       1, irest   =       0, ntrx    =       1

Nature and format of output:
     ntxo    =       1, ntpr    =      20, ntrx    =       1, ntwr    =       1
     iwrap   =       0, ntwx    =       0, ntwv    =       0, ntwe    =       0
     ioutfm  =       1, ntwprt  =       0, idecomp =       0, rbornstat=      0

Potential function:
     ntf     =       1, ntb     =       1, igb     =       0, nsnb    =      25
     ipol    =       0, gbsa    =       0, iesp    =       0
     dielc   =   1.00000, cut     =   9.00000, intdiel =   1.00000

Frozen or restrained atoms:
     ibelly  =       0, ntr     =       1
     restraint_wt = 100.00000

Energy minimization:
     maxcyc  =    1000, ncyc    =     100, ntmin   =       1
     dx0     =   0.01000, drms    =   0.00010

Ewald parameters:
     verbose =       0, ew_type =       0, nbflag  =       1, use_pme =       1
     vdwmeth =       1, eedmeth =       1, netfrc  =       0
     Box X =   36.202   Box Y =   36.202   Box Z =   36.202
     Alpha =  109.471   Beta  =  109.471   Gamma =  109.471
     NFFT1 =   36       NFFT2 =   36       NFFT3 =   36
     Cutoff=    9.000   Tol   =0.100E-04
     Ewald Coefficient =  0.30768
     Interpolation order =    4

| MPI Timing options:
|      profile_mpi =        0

    LOADING THE CONSTRAINED ATOMS AS GROUPS


   5.  REFERENCE ATOM COORDINATES

  defa
     Mask :1; matches     6 atoms

--------------------------------------------------------------------------------
   3.  ATOMIC COORDINATES AND VELOCITIES
--------------------------------------------------------------------------------

default_name                                                                    
 begin time read from input coords =     0.000 ps

 Number of triangulated 3-point waters found:      999
|  Atom division among processors:
|         0     379     754    1132    1510    1885    2263    2641
|      3019

     Sum of charges from parm topology file =  -0.00000000
     Forcing neutrality...
|  Running AMBER/MPI version on    8 nodes


--------------------------------------------------------------------------------
   4.  RESULTS
--------------------------------------------------------------------------------

 ---------------------------------------------------
 APPROXIMATING switch and d/dx switch using CUBIC SPLINE INTERPOLATION
 using   5000.0 points per unit in tabled values
 TESTING RELATIVE ERROR over r ranging from 0.0 to cutoff
| CHECK switch(x): max rel err =   0.2738E-14   at   2.422500
| CHECK d/dx switch(x): max rel err =   0.8314E-11   at   2.736960
 ---------------------------------------------------
| Local SIZE OF NONBOND LIST =      96140
| TOTAL SIZE OF NONBOND LIST =     695479


   NSTEP       ENERGY          RMS            GMAX         NAME    NUMBER
      1      -5.0448E+03     3.5107E+02     1.6324E+04     O        2345

 BOND    =        0.6324  ANGLE   =        1.2482  DIHED      =       13.0637
 VDWAALS =     4270.5876  EEL     =    -9378.7141  HBOND      =        0.0000
 1-4 VDW =        2.9264  1-4 EEL =       45.4281  RESTRAINT  =        0.0000


   NSTEP       ENERGY          RMS            GMAX         NAME    NUMBER
     20      -9.0748E+03     3.0567E+00     2.5839E+01     O        2168

 BOND    =      467.8945  ANGLE   =        1.2509  DIHED      =       13.0659
 VDWAALS =      928.2197  EEL     =   -10533.6038  HBOND      =        0.0000
 1-4 VDW =        2.9145  1-4 EEL =       45.4131  RESTRAINT  =        0.0036
 EAMBER  =    -9074.8452


   NSTEP       ENERGY          RMS            GMAX         NAME    NUMBER
     40      -9.7646E+03     6.8968E+00     1.6106E+02     H2       2347

 BOND    =      743.3366  ANGLE   =        1.2425  DIHED      =       13.1051
 VDWAALS =      937.0799  EEL     =   -11507.5460  HBOND      =        0.0000
 1-4 VDW =        2.8851  1-4 EEL =       45.3318  RESTRAINT  =        0.0053
 EAMBER  =    -9764.5650


   NSTEP       ENERGY          RMS            GMAX         NAME    NUMBER
     60      -1.0088E+04     3.4076E+00     5.2312E+01     H2       2347

 BOND    =      508.2961  ANGLE   =        1.2660  DIHED      =       13.1157
 VDWAALS =      970.4136  EEL     =   -11629.3802  HBOND      =        0.0000
 1-4 VDW =        2.8524  1-4 EEL =       45.2875  RESTRAINT  =        0.0040
 EAMBER  =   -10088.1489


   NSTEP       ENERGY          RMS            GMAX         NAME    NUMBER
     80      -1.0268E+04     1.1396E+00     8.1628E+00     H1       2346

 BOND    =      598.5522  ANGLE   =        1.2807  DIHED      =       13.1147
 VDWAALS =     1002.6839  EEL     =   -11931.6350  HBOND      =        0.0000
 1-4 VDW =        2.8303  1-4 EEL =       45.2512  RESTRAINT  =        0.0038
 EAMBER  =   -10267.9220


   NSTEP       ENERGY          RMS            GMAX         NAME    NUMBER
    100      -1.0390E+04     9.2683E-01     4.5181E+00     H2       1282

 BOND    =      606.0039  ANGLE   =        1.2961  DIHED      =       13.1117
 VDWAALS =     1036.2265  EEL     =   -12095.1189  HBOND      =        0.0000
 1-4 VDW =        2.8138  1-4 EEL =       45.2234  RESTRAINT  =        0.0037
 EAMBER  =   -10390.4435


   NSTEP       ENERGY          RMS            GMAX         NAME    NUMBER
    120      -1.0909E+04     4.3642E+00     7.3737E+01     H1       1266

 BOND    =      754.8539  ANGLE   =        1.4128  DIHED      =       13.0740
 VDWAALS =     1470.6548  EEL     =   -13196.2575  HBOND      =        0.0000
 1-4 VDW =        2.7358  1-4 EEL =       44.9993  RESTRAINT  =        0.0059
 EAMBER  =   -10908.5269


   NSTEP       ENERGY          RMS            GMAX         NAME    NUMBER
    140      -1.1087E+04     1.6814E+00     2.6174E+01     O        2609

 BOND    =      727.0346  ANGLE   =        1.3952  DIHED      =       13.0586
 VDWAALS =     1480.5096  EEL     =   -13357.0574  HBOND      =        0.0000
 1-4 VDW =        2.7510  1-4 EEL =       45.0486  RESTRAINT  =        0.0045
 EAMBER  =   -11087.2596


   NSTEP       ENERGY          RMS            GMAX         NAME    NUMBER
    160      -1.1212E+04     2.0744E+00     2.9373E+01     H1       2610

 BOND    =      742.5246  ANGLE   =        1.4072  DIHED      =       13.0446
 VDWAALS =     1498.1299  EEL     =   -13514.5537  HBOND      =        0.0000
 1-4 VDW =        2.7335  1-4 EEL =       45.1404  RESTRAINT  =        0.0129
 EAMBER  =   -11211.5736


   NSTEP       ENERGY          RMS            GMAX         NAME    NUMBER
    180      -1.1334E+04     1.3739E+00     2.4622E+01     O        2609

 BOND    =      793.1485  ANGLE   =        1.7158  DIHED      =       13.0681
 VDWAALS =     1651.3711  EEL     =   -13841.2009  HBOND      =        0.0000
 1-4 VDW =        2.6517  1-4 EEL =       44.8195  RESTRAINT  =        0.0764
 EAMBER  =   -11334.4262


   NSTEP       ENERGY          RMS            GMAX         NAME    NUMBER
    200      -1.1434E+04     1.3231E+00     2.3879E+01     CA          9

 BOND    =      776.8176  ANGLE   =        2.1416  DIHED      =       13.2086
 VDWAALS =     1676.9149  EEL     =   -13950.3156  HBOND      =        0.0000
 1-4 VDW =        2.7651  1-4 EEL =       44.6479  RESTRAINT  =        0.1877
 EAMBER  =   -11433.8201


   NSTEP       ENERGY          RMS            GMAX         NAME    NUMBER
    220      -1.1490E+04     1.5074E+00     4.2332E+01     C           5

 BOND    =      794.6852  ANGLE   =        3.5292  DIHED      =       13.2128
 VDWAALS =     1732.2548  EEL     =   -14081.7527  HBOND      =        0.0000
 1-4 VDW =        2.8705  1-4 EEL =       44.0561  RESTRAINT  =        0.9481
 EAMBER  =   -11491.1442


   NSTEP       ENERGY          RMS            GMAX         NAME    NUMBER
    240      -1.1552E+04     8.6382E-01     2.7612E+01     C           5

 BOND    =      794.1331  ANGLE   =        1.5621  DIHED      =       13.1922
 VDWAALS =     1768.4180  EEL     =   -14177.0393  HBOND      =        0.0000
 1-4 VDW =        2.5278  1-4 EEL =       45.0209  RESTRAINT  =        0.2884
 EAMBER  =   -11552.1852


   NSTEP       ENERGY          RMS            GMAX         NAME    NUMBER
    260      -1.1588E+04     7.8040E-01     2.0428E+01     C           5

 BOND    =      803.8621  ANGLE   =        1.7712  DIHED      =       13.1512
 VDWAALS =     1794.6772  EEL     =   -14249.1636  HBOND      =        0.0000
 1-4 VDW =        2.5720  1-4 EEL =       44.8687  RESTRAINT  =        0.1664
 EAMBER  =   -11588.2613


   NSTEP       ENERGY          RMS            GMAX         NAME    NUMBER
    280      -1.1678E+04     1.1461E+00     2.2081E+01     H1       2838

 BOND    =      848.8517  ANGLE   =        1.8884  DIHED      =       13.1468
 VDWAALS =     1950.2799  EEL     =   -14539.0793  HBOND      =        0.0000
 1-4 VDW =        2.5742  1-4 EEL =       44.1332  RESTRAINT  =        0.1441
 EAMBER  =   -11678.2050


   NSTEP       ENERGY          RMS            GMAX         NAME    NUMBER
    300      -1.1736E+04     1.0563E+00     2.1573E+01     N          17

 BOND    =      844.4095  ANGLE   =        1.9198  DIHED      =       13.2187
 VDWAALS =     1938.9435  EEL     =   -14581.7642  HBOND      =        0.0000
 1-4 VDW =        2.4836  1-4 EEL =       44.9396  RESTRAINT  =        0.2177
 EAMBER  =   -11735.8495


   NSTEP       ENERGY          RMS            GMAX         NAME    NUMBER
    320      -1.1760E+04     1.5552E+00     4.2708E+01     C          15

 BOND    =      839.9043  ANGLE   =        3.4636  DIHED      =       13.8563
 VDWAALS =     1959.0552  EEL     =   -14625.9384  HBOND      =        0.0000
 1-4 VDW =        2.4671  1-4 EEL =       45.6350  RESTRAINT  =        1.1121
 EAMBER  =   -11761.5570


   NSTEP       ENERGY          RMS            GMAX         NAME    NUMBER
    340      -1.1837E+04     8.7092E-01     2.3791E+01     C          15

 BOND    =      858.1119  ANGLE   =        2.4756  DIHED      =       13.0675
 VDWAALS =     2017.9370  EEL     =   -14776.1961  HBOND      =        0.0000
 1-4 VDW =        2.7926  1-4 EEL =       43.9900  RESTRAINT  =        0.6235
 EAMBER  =   -11837.8215


   NSTEP       ENERGY          RMS            GMAX         NAME    NUMBER
    360      -1.1858E+04     5.1119E-01     1.1545E+01     N          17

 BOND    =      859.5203  ANGLE   =        1.3708  DIHED      =       13.2452
 VDWAALS =     2025.6302  EEL     =   -14804.6401  HBOND      =        0.0000
 1-4 VDW =        2.5918  1-4 EEL =       44.2986  RESTRAINT  =        0.0823
 EAMBER  =   -11857.9832


   NSTEP       ENERGY          RMS            GMAX         NAME    NUMBER
    380      -1.1895E+04     1.0721E+00     3.6354E+01     HH31        1

 BOND    =      874.8638  ANGLE   =        2.4794  DIHED      =       13.4207
 VDWAALS =     2060.8799  EEL     =   -14896.2666  HBOND      =        0.0000
 1-4 VDW =        2.4811  1-4 EEL =       44.6217  RESTRAINT  =        2.3296
 EAMBER  =   -11897.5199


   NSTEP       ENERGY          RMS            GMAX         NAME    NUMBER
    400      -1.1922E+04     7.3925E-01     2.1024E+01     CA          9

 BOND    =      874.4317  ANGLE   =        1.2784  DIHED      =       13.3137
 VDWAALS =     2073.7737  EEL     =   -14932.1662  HBOND      =        0.0000
 1-4 VDW =        2.4821  1-4 EEL =       44.6136  RESTRAINT  =        0.4500
 EAMBER  =   -11922.2730


   NSTEP       ENERGY          RMS            GMAX         NAME    NUMBER
    420      -1.1937E+04     7.2187E-01     2.2950E+01     C          15

 BOND    =      874.6148  ANGLE   =        1.1369  DIHED      =       13.2598
 VDWAALS =     2081.4212  EEL     =   -14955.0065  HBOND      =        0.0000
 1-4 VDW =        2.5456  1-4 EEL =       44.6274  RESTRAINT  =        0.1507
 EAMBER  =   -11937.4007


   NSTEP       ENERGY          RMS            GMAX         NAME    NUMBER
    440      -1.1965E+04     7.3085E-01     2.1697E+01     C          15

 BOND    =      879.2795  ANGLE   =        1.6882  DIHED      =       13.2126
 VDWAALS =     2101.2932  EEL     =   -15007.9149  HBOND      =        0.0000
 1-4 VDW =        2.6938  1-4 EEL =       44.4381  RESTRAINT  =        0.3326
 EAMBER  =   -11965.3095


   NSTEP       ENERGY          RMS            GMAX         NAME    NUMBER
    460      -1.1977E+04     5.0787E-01     1.3922E+01     C          15

 BOND    =      879.0982  ANGLE   =        1.5266  DIHED      =       13.3015
 VDWAALS =     2111.5897  EEL     =   -15029.4019  HBOND      =        0.0000
 1-4 VDW =        2.6474  1-4 EEL =       44.3353  RESTRAINT  =        0.0715
 EAMBER  =   -11976.9032


   NSTEP       ENERGY          RMS            GMAX         NAME    NUMBER
    480      -1.1995E+04     4.7291E-01     1.2184E+01     HH33        4

 BOND    =      887.0178  ANGLE   =        2.0021  DIHED      =       13.3149
 VDWAALS =     2128.4923  EEL     =   -15072.4652  HBOND      =        0.0000
 1-4 VDW =        2.4432  1-4 EEL =       44.2462  RESTRAINT  =        0.4084
 EAMBER  =   -11994.9487


   NSTEP       ENERGY          RMS            GMAX         NAME    NUMBER
    500      -1.2011E+04     6.1559E-01     2.0501E+01     C          15

 BOND    =      892.2130  ANGLE   =        1.4996  DIHED      =       13.3817
 VDWAALS =     2144.8726  EEL     =   -15110.3415  HBOND      =        0.0000
 1-4 VDW =        2.4520  1-4 EEL =       44.5493  RESTRAINT  =        0.2922
 EAMBER  =   -12011.3733


   NSTEP       ENERGY          RMS            GMAX         NAME    NUMBER
    520      -1.2022E+04     6.0253E-01     1.6512E+01     N          17

 BOND    =      888.5041  ANGLE   =        0.9979  DIHED      =       13.2673
 VDWAALS =     2151.1049  EEL     =   -15123.4590  HBOND      =        0.0000
 1-4 VDW =        2.5260  1-4 EEL =       44.6906  RESTRAINT  =        0.1051
 EAMBER  =   -12022.3682


   NSTEP       ENERGY          RMS            GMAX         NAME    NUMBER
    540      -1.2036E+04     5.2219E-01     1.9838E+01     C          15

 BOND    =      896.2582  ANGLE   =        1.6214  DIHED      =       13.1481
 VDWAALS =     2164.3688  EEL     =   -15159.0696  HBOND      =        0.0000
 1-4 VDW =        2.6986  1-4 EEL =       44.5202  RESTRAINT  =        0.1528
 EAMBER  =   -12036.4544


   NSTEP       ENERGY          RMS            GMAX         NAME    NUMBER
    560      -1.2046E+04     4.0375E-01     1.1141E+01     C          15

 BOND    =      893.4787  ANGLE   =        1.4700  DIHED      =       13.1955
 VDWAALS =     2174.2106  EEL     =   -15175.0945  HBOND      =        0.0000
 1-4 VDW =        2.6485  1-4 EEL =       44.3581  RESTRAINT  =        0.0267
 EAMBER  =   -12045.7332


   NSTEP       ENERGY          RMS            GMAX         NAME    NUMBER
    580      -1.2057E+04     3.4845E-01     7.4375E+00     N          17

 BOND    =      898.9803  ANGLE   =        1.7847  DIHED      =       13.2666
 VDWAALS =     2184.1625  EEL     =   -15202.2242  HBOND      =        0.0000
 1-4 VDW =        2.4706  1-4 EEL =       44.3263  RESTRAINT  =        0.1508
 EAMBER  =   -12057.2333


   NSTEP       ENERGY          RMS            GMAX         NAME    NUMBER
    600      -1.2069E+04     5.3038E-01     1.7447E+01     C           5

 BOND    =      903.7448  ANGLE   =        1.5482  DIHED      =       13.3086
 VDWAALS =     2197.2155  EEL     =   -15232.3989  HBOND      =        0.0000
 1-4 VDW =        2.4565  1-4 EEL =       44.5340  RESTRAINT  =        0.2161
 EAMBER  =   -12069.5913


   NSTEP       ENERGY          RMS            GMAX         NAME    NUMBER
    620      -1.2078E+04     5.3470E-01     1.6471E+01     CA          9

 BOND    =      900.1283  ANGLE   =        1.0995  DIHED      =       13.1759
 VDWAALS =     2199.8422  EEL     =   -15239.7413  HBOND      =        0.0000
 1-4 VDW =        2.5311  1-4 EEL =       44.6076  RESTRAINT  =        0.0459
 EAMBER  =   -12078.3567


   NSTEP       ENERGY          RMS            GMAX         NAME    NUMBER
    640      -1.2090E+04     4.1678E-01     1.1713E+01     C           5

 BOND    =      906.4446  ANGLE   =        1.4665  DIHED      =       13.0827
 VDWAALS =     2208.4060  EEL     =   -15266.1959  HBOND      =        0.0000
 1-4 VDW =        2.6858  1-4 EEL =       44.4910  RESTRAINT  =        0.1132
 EAMBER  =   -12089.6192


   NSTEP       ENERGY          RMS            GMAX         NAME    NUMBER
    660      -1.2098E+04     3.9029E-01     1.0617E+01     C          15

 BOND    =      903.7734  ANGLE   =        1.3753  DIHED      =       13.1073
 VDWAALS =     2216.0733  EEL     =   -15279.2331  HBOND      =        0.0000
 1-4 VDW =        2.6048  1-4 EEL =       44.4146  RESTRAINT  =        0.0204
 EAMBER  =   -12097.8843


   NSTEP       ENERGY          RMS            GMAX         NAME    NUMBER
    680      -1.2107E+04     3.0955E-01     8.1772E+00     N          17

 BOND    =      908.1258  ANGLE   =        1.5820  DIHED      =       13.2011
 VDWAALS =     2222.9776  EEL     =   -15300.0934  HBOND      =        0.0000
 1-4 VDW =        2.4969  1-4 EEL =       44.3877  RESTRAINT  =        0.0828
 EAMBER  =   -12107.3223


   NSTEP       ENERGY          RMS            GMAX         NAME    NUMBER
    700      -1.2117E+04     5.4031E-01     1.9855E+01     C           5

 BOND    =      913.2391  ANGLE   =        1.5485  DIHED      =       13.2546
 VDWAALS =     2233.6728  EEL     =   -15326.1342  HBOND      =        0.0000
 1-4 VDW =        2.4769  1-4 EEL =       44.5185  RESTRAINT  =        0.1967
 EAMBER  =   -12117.4237


   NSTEP       ENERGY          RMS            GMAX         NAME    NUMBER
    720      -1.2124E+04     5.3234E-01     1.5259E+01     N          17

 BOND    =      910.4082  ANGLE   =        0.9906  DIHED      =       13.1741
 VDWAALS =     2236.5048  EEL     =   -15332.7692  HBOND      =        0.0000
 1-4 VDW =        2.5515  1-4 EEL =       44.6816  RESTRAINT  =        0.0513
 EAMBER  =   -12124.4584


   NSTEP       ENERGY          RMS            GMAX         NAME    NUMBER
    740      -1.2134E+04     3.9170E-01     1.0835E+01     C           5

 BOND    =      914.5635  ANGLE   =        1.4002  DIHED      =       13.0566
 VDWAALS =     2244.8005  EEL     =   -15355.4651  HBOND      =        0.0000
 1-4 VDW =        2.6639  1-4 EEL =       44.4511  RESTRAINT  =        0.0680
 EAMBER  =   -12134.5294


   NSTEP       ENERGY          RMS            GMAX         NAME    NUMBER
    760      -1.2140E+04     3.4902E-01     1.2064E+01     N           7

 BOND    =      913.4924  ANGLE   =        1.3435  DIHED      =       13.0556
 VDWAALS =     2250.0540  EEL     =   -15365.3968  HBOND      =        0.0000
 1-4 VDW =        2.5960  1-4 EEL =       44.4416  RESTRAINT  =        0.0169
 EAMBER  =   -12140.4138


   NSTEP       ENERGY          RMS            GMAX         NAME    NUMBER
    780      -1.2149E+04     3.1999E-01     8.4980E+00     N          17

 BOND    =      916.7214  ANGLE   =        1.5371  DIHED      =       13.1771
 VDWAALS =     2257.8005  EEL     =   -15385.5450  HBOND      =        0.0000
 1-4 VDW =        2.4928  1-4 EEL =       44.4106  RESTRAINT  =        0.0764
 EAMBER  =   -12149.4053


   NSTEP       ENERGY          RMS            GMAX         NAME    NUMBER
    800      -1.2158E+04     6.5317E-01     2.6432E+01     C           5

 BOND    =      920.8226  ANGLE   =        1.4305  DIHED      =       13.2645
 VDWAALS =     2266.1806  EEL     =   -15406.8178  HBOND      =        0.0000
 1-4 VDW =        2.4814  1-4 EEL =       44.5211  RESTRAINT  =        0.1747
 EAMBER  =   -12158.1171


   NSTEP       ENERGY          RMS            GMAX         NAME    NUMBER
    820      -1.2164E+04     5.3141E-01     1.2638E+01     CB         11

 BOND    =      918.5784  ANGLE   =        0.9358  DIHED      =       13.1619
 VDWAALS =     2268.7032  EEL     =   -15413.0556  HBOND      =        0.0000
 1-4 VDW =        2.5622  1-4 EEL =       44.6421  RESTRAINT  =        0.0669
 EAMBER  =   -12164.4721


   NSTEP       ENERGY          RMS            GMAX         NAME    NUMBER
    840      -1.2174E+04     2.9011E-01     7.7343E+00     N          17

 BOND    =      922.1245  ANGLE   =        1.2632  DIHED      =       12.9801
 VDWAALS =     2276.9846  EEL     =   -15434.9766  HBOND      =        0.0000
 1-4 VDW =        2.6506  1-4 EEL =       44.4536  RESTRAINT  =        0.0425
 EAMBER  =   -12174.5200


   NSTEP       ENERGY          RMS            GMAX         NAME    NUMBER
    860      -1.2179E+04     2.6114E-01     7.8154E+00     N           7

 BOND    =      921.2085  ANGLE   =        1.3080  DIHED      =       13.0323
 VDWAALS =     2282.0233  EEL     =   -15443.7934  HBOND      =        0.0000
 1-4 VDW =        2.5748  1-4 EEL =       44.4379  RESTRAINT  =        0.0188
 EAMBER  =   -12179.2087


   NSTEP       ENERGY          RMS            GMAX         NAME    NUMBER
    880      -1.2188E+04     3.2908E-01     8.0565E+00     N          17

 BOND    =      924.4484  ANGLE   =        1.4093  DIHED      =       13.1239
 VDWAALS =     2292.0493  EEL     =   -15465.7591  HBOND      =        0.0000
 1-4 VDW =        2.4979  1-4 EEL =       44.4609  RESTRAINT  =        0.0490
 EAMBER  =   -12187.7694


   NSTEP       ENERGY          RMS            GMAX         NAME    NUMBER
    900      -1.2195E+04     5.2193E-01     1.6087E+01     C          15

 BOND    =      927.4868  ANGLE   =        1.2716  DIHED      =       13.2210
 VDWAALS =     2297.8327  EEL     =   -15482.4363  HBOND      =        0.0000
 1-4 VDW =        2.4668  1-4 EEL =       44.6192  RESTRAINT  =        0.1085
 EAMBER  =   -12195.5382


   NSTEP       ENERGY          RMS            GMAX         NAME    NUMBER
    920      -1.2201E+04     5.5726E-01     1.5473E+01     N          17

 BOND    =      925.5770  ANGLE   =        0.9115  DIHED      =       13.0603
 VDWAALS =     2300.2605  EEL     =   -15487.7997  HBOND      =        0.0000
 1-4 VDW =        2.5884  1-4 EEL =       44.5887  RESTRAINT  =        0.0532
 EAMBER  =   -12200.8134


   NSTEP       ENERGY          RMS            GMAX         NAME    NUMBER
    940      -1.2211E+04     2.5337E-01     6.2335E+00     C          15

 BOND    =      929.2160  ANGLE   =        1.2647  DIHED      =       12.9015
 VDWAALS =     2307.5394  EEL     =   -15508.8469  HBOND      =        0.0000
 1-4 VDW =        2.6553  1-4 EEL =       44.4277  RESTRAINT  =        0.0308
 EAMBER  =   -12210.8422


   NSTEP       ENERGY          RMS            GMAX         NAME    NUMBER
    960      -1.2215E+04     2.3519E-01     8.2294E+00     N           7

 BOND    =      928.4086  ANGLE   =        1.2974  DIHED      =       12.9867
 VDWAALS =     2310.8220  EEL     =   -15515.2403  HBOND      =        0.0000
 1-4 VDW =        2.5782  1-4 EEL =       44.4538  RESTRAINT  =        0.0165
 EAMBER  =   -12214.6936


   NSTEP       ENERGY          RMS            GMAX         NAME    NUMBER
    980      -1.2223E+04     3.2844E-01     8.2398E+00     N          17

 BOND    =      930.9212  ANGLE   =        1.3026  DIHED      =       13.0579
 VDWAALS =     2316.7920  EEL     =   -15532.1836  HBOND      =        0.0000
 1-4 VDW =        2.4916  1-4 EEL =       44.5371  RESTRAINT  =        0.0422
 EAMBER  =   -12223.0812


   NSTEP       ENERGY          RMS            GMAX         NAME    NUMBER
   1000      -1.2230E+04     5.5095E-01     1.9036E+01     C          15

 BOND    =      933.0343  ANGLE   =        1.1756  DIHED      =       13.1060
 VDWAALS =     2320.6121  EEL     =   -15545.3560  HBOND      =        0.0000
 1-4 VDW =        2.4301  1-4 EEL =       44.6789  RESTRAINT  =        0.0749
 EAMBER  =   -12230.3189


  Maximum number of minimization cycles reached.


                    FINAL RESULTS



   NSTEP       ENERGY          RMS            GMAX         NAME    NUMBER
   1000      -1.2230E+04     5.5095E-01     1.9036E+01     C          15

 BOND    =      933.0343  ANGLE   =        1.1756  DIHED      =       13.1060
 VDWAALS =     2320.6121  EEL     =   -15545.3560  HBOND      =        0.0000
 1-4 VDW =        2.4301  1-4 EEL =       44.6789  RESTRAINT  =        0.0749
 EAMBER  =   -12230.3189

--------------------------------------------------------------------------------
   5.  TIMINGS
--------------------------------------------------------------------------------

|                Build the list             0.10 (59.71% of List )
|                Other                      0.06 (40.29% of List )
|             List time                  0.16 ( 0.31% of Nonbo)
|                   Short_ene time            10.19 (97.09% of Direc)
|                   Other                      0.31 ( 2.91% of Direc)
|                Direct Ewald time         10.50 (20.58% of Ewald)
|                Adjust Ewald time          0.05 ( 0.09% of Ewald)
|                   Fill Bspline coeffs        0.17 ( 0.48% of Recip)
|                   Fill charge grid           0.16 ( 0.45% of Recip)
|                   Scalar sum                 0.69 ( 1.93% of Recip)
|                   Grad sum                   0.43 ( 1.21% of Recip)
|                      FFT back comm time        24.84 (76.67% of FFT t)
|                      Other                      7.56 (23.33% of FFT t)
|                   FFT time                  32.40 (90.80% of Recip)
|                   Other                      1.83 ( 5.13% of Recip)
|                Recip Ewald time          35.68 (69.94% of Ewald)
|                Force Adjust               3.22 ( 6.31% of Ewald)
|                Virial junk                1.56 ( 3.06% of Ewald)
|                Other                      0.01 ( 0.01% of Ewald)
|             Ewald time                51.01 (99.69% of Nonbo)
|          Nonbond force             51.17 (78.94% of Force)
|          Bond/Angle/Dihedral        0.04 ( 0.06% of Force)
|          FRC Collect time           6.75 (10.41% of Force)
|          Other                      6.87 (10.59% of Force)
|       Force time                64.83 (100.0% of Runmd)
|    Runmd Time                64.83 (23.89% of Total)
|    Other                    206.48 (76.10% of Total)
| Total time               271.32 (100.0% of ALL  )

| Highest rstack allocated:      40936
| Highest istack allocated:        894
|           Job began  at 14:51:41.146  on 03/14/2017
|           Setup done at 14:51:41.266  on 03/14/2017
|           Run   done at 14:56:12.466  on 03/14/2017
|     wallclock() was called   44066 times
