
                *****************************************************
                * AMBER Bond Angle and Dihedral Parameter Optimiser *
                *                                                   *
                *                      v3.0.0                       *
                *                                                   *
                *                    Written by:                    *
                *                 Robin Betz (2011)                 *
                *                 Ross Walker (2004)                *
                *          The Walker Molecular Dynamics Lab        *
                *         University of California, San Diego       *
                *            La Jolla, California, 92092            *
                *                       USA                         *
                *****************************************************

*************************************************************************************
                                Execution started at:
|                             Mon Jan 16 14:10:13 2017

|
| Random seed = 1484575813
 Reading job control file: fit_dihedral.in
 Job Control: Read a total of 30 lines from job_control file. 29 options set.

  Reading prmtop file    : ../../2_quantum_extract/original//fit.prmtop
   Prmtop     (info): Successfully read in saved parameter information
   Prmtop   (unique): Found 8 unique bonds.
   Prmtop   (unique): Found 16 unique angles.
   Prmtop   (unique): Found 23 unique dihedrals.
   Prmtop   (unique): Found 40 unique dihedral terms.
 Reading mdcrd file: ../../2_quantum_extract/original//all.mdcrd
  Reading mdcrd file    : ../../2_quantum_extract/original//all.mdcrd
    Coordinate file passed format check
  Reading energy file or directory  : ../../2_quantum_extract/original//quantum_energy.dat
        ---------------------------------------------------------------------
        |                          OPTIONS SUMMARY                         |
        |                          ---------------                          |
        | Summary of Run Type Options:                                      |
        |   Run Mode = FIT, Minimiser = GENETIC THEN SIMPLEX                |
        |   Function to be Fit = SUM_SQUARES_AMBER_STANDARD                 |
        |                                                                   |
        | Terms to be fit:                                                  |
        |   UNIQUE_BONDS = 8, UNIQUE ANGLES = 16, UNIQUE DIHEDRALS = 23     |
        |   NBONDS = 41, NANGLES = 72, NDIHEDRALS = 151                     |
        |                                 Total dimensions of fit = 8       |
        |                                                                   |
        | Sample structures for least squares fit = 143                     |
        |                                                                   |
        |                                                                   |
        | Energy Correction Term (K) = -621557.89997100                     |
        |                                                                   |
        |                                                                   |
        | Estimate Memory Usage (per cpu):                                  |
        |  Coordinate info will be read from disk as required.              |
        |                OPTION STORAGE = 200 bytes                         |
        |                PRMTOP STORAGE = 504802 bytes                      |
        |            COORDINATE STORAGE = 153336 bytes                      |
        |                                                                   |
        |  TOTAL ESTIMATED MEMORY USAGE = 658338 bytes                      |
        |                                                                   |
        ---------------------------------------------------------------------

   WARNING: N -CT-C -N  dihedral is missing 3 data points in the range 0.6283 to 3.1416 radians.


   WARNING: Insufficient dihedral information in sample structures.
            Your settings require at least 10 samples with data    
            at least every 0.314 radians (18.00 degrees).            
            Either 1) Add the missing input data or                
                   2) Set DIHEDRAL_SPAN to a smaller value or      
                   3) Set BOUNDS_CHECK to warn (not recommended).  
            Please read the help and/or documentation.             


   ------------------------------- INITIAL PARAMETERS --------------------------------
   Parameters for force field equation: AMBER_STANDARD:
   (* means parameter is NOT constant during fit)
                         K = -621557.899971 kcal/mol
             (CT-HC) Kr = 340.0000 kcal/(mol A)^2, r_eq =   1.0900 A 
             (CT-H1) Kr = 340.0000 kcal/(mol A)^2, r_eq =   1.0900 A 
             (N -H ) Kr = 434.0000 kcal/(mol A)^2, r_eq =   1.0100 A 
             (C -O ) Kr = 570.0000 kcal/(mol A)^2, r_eq =   1.2290 A 
             (C -N ) Kr = 490.0000 kcal/(mol A)^2, r_eq =   1.3350 A 
             (CT-C ) Kr = 317.0000 kcal/(mol A)^2, r_eq =   1.5220 A 
             (CT-CT) Kr = 310.0000 kcal/(mol A)^2, r_eq =   1.5260 A 
             (N -CT) Kr = 337.0000 kcal/(mol A)^2, r_eq =   1.4490 A 
        (C -N -H ) Kt =  50.0000 kcal/(mol rad)^2,  th_eq = 120.0001 deg 
        (HC-CT-C ) Kt =  50.0000 kcal/(mol rad)^2,  th_eq = 109.5000 deg 
        (HC-CT-HC) Kt =  35.0000 kcal/(mol rad)^2,  th_eq = 109.5000 deg 
        (H1-CT-CT) Kt =  50.0000 kcal/(mol rad)^2,  th_eq = 109.5000 deg 
        (H1-CT-C ) Kt =  50.0000 kcal/(mol rad)^2,  th_eq = 109.5000 deg 
        (CT-CT-HC) Kt =  50.0000 kcal/(mol rad)^2,  th_eq = 109.5000 deg 
        (H -N -CT) Kt =  50.0000 kcal/(mol rad)^2,  th_eq = 118.0401 deg 
        (N -CT-H1) Kt =  50.0000 kcal/(mol rad)^2,  th_eq = 109.5000 deg 
        (H1-CT-H1) Kt =  35.0000 kcal/(mol rad)^2,  th_eq = 109.5000 deg 
        (O -C -N ) Kt =  80.0000 kcal/(mol rad)^2,  th_eq = 122.9001 deg 
        (C -N -CT) Kt =  50.0000 kcal/(mol rad)^2,  th_eq = 121.9001 deg 
        (CT-C -O ) Kt =  80.0000 kcal/(mol rad)^2,  th_eq = 120.4001 deg 
        (CT-C -N ) Kt =  70.0000 kcal/(mol rad)^2,  th_eq = 116.6000 deg 
        (CT-CT-C ) Kt =  63.0000 kcal/(mol rad)^2,  th_eq = 111.1000 deg 
        (N -CT-CT) Kt =  80.0000 kcal/(mol rad)^2,  th_eq = 109.7000 deg 
        (N -CT-C ) Kt =  63.0000 kcal/(mol rad)^2,  th_eq = 110.1000 deg 
       (O -C -N -H ) Kp =   2.0000 kcal/mol,  Np = 1.0000,  Phase =   0.0000 Deg 
       (O -C -N -H ) Kp =   2.5000 kcal/mol,  Np = 2.0000,  Phase = 180.0001 Deg 
       (C -N -CT-H1) Kp =   0.0000 kcal/mol,  Np = 2.0000,  Phase =   0.0000 Deg 
       (HC-CT-C -O ) Kp =   0.8000 kcal/mol,  Np = 1.0000,  Phase =   0.0000 Deg 
       (HC-CT-C -O ) Kp =   0.0000 kcal/mol,  Np = 2.0000,  Phase =   0.0000 Deg 
       (HC-CT-C -O ) Kp =   0.0800 kcal/mol,  Np = 3.0000,  Phase = 180.0001 Deg 
       (HC-CT-C -N ) Kp =   0.0000 kcal/mol,  Np = 2.0000,  Phase =   0.0000 Deg 
       (CT-C -N -H ) Kp =   2.5000 kcal/mol,  Np = 2.0000,  Phase = 180.0001 Deg 
       (HC-CT-CT-C ) Kp =   0.1556 kcal/mol,  Np = 3.0000,  Phase =   0.0000 Deg 
       (H1-CT-CT-HC) Kp =   0.1556 kcal/mol,  Np = 3.0000,  Phase =   0.0000 Deg 
       (H1-CT-C -O ) Kp =   0.8000 kcal/mol,  Np = 1.0000,  Phase =   0.0000 Deg 
       (H1-CT-C -O ) Kp =   0.0000 kcal/mol,  Np = 2.0000,  Phase =   0.0000 Deg 
       (H1-CT-C -O ) Kp =   0.0800 kcal/mol,  Np = 3.0000,  Phase = 180.0001 Deg 
       (H1-CT-C -N ) Kp =   0.0000 kcal/mol,  Np = 2.0000,  Phase =   0.0000 Deg 
       (H -N -CT-H1) Kp =   0.0000 kcal/mol,  Np = 2.0000,  Phase =   0.0000 Deg 
       (H -N -CT-CT) Kp =   0.0000 kcal/mol,  Np = 2.0000,  Phase =   0.0000 Deg 
       (H -N -CT-C ) Kp =   0.0000 kcal/mol,  Np = 2.0000,  Phase =   0.0000 Deg 
       (N -CT-CT-HC) Kp =   0.1556 kcal/mol,  Np = 3.0000,  Phase =   0.0000 Deg 
   IMP (C -CT-N -H ) Kp =   1.1000 kcal/mol,  Np = 2.0000,  Phase = 180.0001 Deg 
       (O -C -N -CT) Kp =   2.5000 kcal/mol,  Np = 2.0000,  Phase = 180.0001 Deg 
       (C -N -CT-CT) Kp =   2.0000 kcal/mol,  Np = 1.0000,  Phase =   0.0000 Deg 
       (C -N -CT-CT) Kp =   2.0000 kcal/mol,  Np = 2.0000,  Phase =   0.0000 Deg 
       (C -N -CT-CT) Kp =   0.4000 kcal/mol,  Np = 3.0000,  Phase =   0.0000 Deg 
       (C -N -CT-CT) Kp =   0.0000 kcal/mol,  Np = 4.0000,  Phase =   0.0000 Deg 
       (C -N -CT-C )*Kp =   0.0000 kcal/mol,  Np = 1.0000,  Phase =   0.0000 Deg 
       (C -N -CT-C )*Kp =   0.2700 kcal/mol,  Np = 2.0000,  Phase =   0.0000 Deg 
       (C -N -CT-C )*Kp =   0.4200 kcal/mol,  Np = 3.0000,  Phase =   0.0000 Deg 
       (C -N -CT-C )*Kp =   0.0000 kcal/mol,  Np = 4.0000,  Phase =   0.0000 Deg 
       (CT-C -N -CT) Kp =   2.5000 kcal/mol,  Np = 2.0000,  Phase = 180.0001 Deg 
       (CT-CT-C -O ) Kp =   0.0000 kcal/mol,  Np = 2.0000,  Phase =   0.0000 Deg 
       (CT-CT-C -N ) Kp =   0.2000 kcal/mol,  Np = 1.0000,  Phase =   0.0000 Deg 
       (CT-CT-C -N ) Kp =   0.2000 kcal/mol,  Np = 2.0000,  Phase =   0.0000 Deg 
       (CT-CT-C -N ) Kp =   0.4000 kcal/mol,  Np = 3.0000,  Phase =   0.0000 Deg 
       (CT-CT-C -N ) Kp =   0.0000 kcal/mol,  Np = 4.0000,  Phase =   0.0000 Deg 
       (N -CT-C -O ) Kp =   0.0000 kcal/mol,  Np = 2.0000,  Phase =   0.0000 Deg 
       (N -CT-C -N )*Kp =   0.4500 kcal/mol,  Np = 1.0000,  Phase = 180.0001 Deg 
       (N -CT-C -N )*Kp =   1.5800 kcal/mol,  Np = 2.0000,  Phase = 180.0001 Deg 
       (N -CT-C -N )*Kp =   0.5500 kcal/mol,  Np = 3.0000,  Phase = 180.0001 Deg 
       (N -CT-C -N )*Kp =   0.0000 kcal/mol,  Np = 4.0000,  Phase =   0.0000 Deg 
   IMP (CT-N -C -O ) Kp =  10.5000 kcal/mol,  Np = 2.0000,  Phase = 180.0001 Deg 
   -----------------------------------------------------------------------------------
   Sum of squares for initial parameters = 1530.4456418022 kcal^2/mol^2
   R^2 value for initial parameters      =   0.627642
   Calculated energy with initial parameters for structure 1 = -621545.023916 KCal/mol
   Actual energy for structure 1 should be                   = -621543.953829 KCal/mol

   --------------------------GENETIC ALGORITHM MINIMISATION ---------------------------
   Minimising function SUM_SQUARES_AMBER_STANDARD, using the GENETIC ALGORITHM
   Running SIMPLEX REFINEMENT every 5 converged gen, then break for 5
   -------------------------------------------------------------------------------------
   GENERATIONS_TO_CONVERGE = 25    MAX_GENERATIONS = 10000    CONV_LIMIT = 1.00E+01
   OPTIMIZATIONS = 50    PARENT_PERCENT = 0.25
   SEARCH_SPACE = -1.00    MAX_GENERATIONS = 10000
   ------------------------------------ CONVERGENCE ------------------------------------
   Gen    0:  Best= 75261.79791  	Mean=   2.48e+06 Elapsed=         0/3
   Gen    1:  Best= 75261.79791  	Mean= 1.2081e+06 Elapsed=         1/3
   Gen    2:  Best= 51172.47468  	Mean= 7.8805e+05 Elapsed=         2/3
   Gen    3:  Best= 41326.62081  	Mean=  1.008e+06 Conv=            0/25
   Gen    4:  Best= 29648.32659  	Mean= 4.9527e+05 Conv=            0/25
   Gen    5:  Best= 29648.32659  	Mean= 3.5686e+05 Conv=            1/25
   Gen    6:  Best= 29648.32659  	Mean= 2.6702e+05 Conv=            2/25
   Gen    7:  Best= 18692.86316  	Mean=  1.657e+05 Conv=            0/25
   Gen    8:  Best= 18692.86316  	Mean= 1.0596e+05 Conv=            1/25
   Gen    9:  Best= 17312.01211  	Mean=      37193 Conv=            0/25
   Gen   10:  Best= 12657.90848  	Mean=      35459 Conv=            0/25
   Gen   11:  Best= 12657.90848  	Mean=      29087 Conv=            1/25
   Gen   12:  Best= 12657.90848  	Mean=      18786 Conv=            2/25
   Gen   13:  Best= 11790.78046  	Mean=      16845 Conv=            0/25
   Gen   14:  Best= 10586.74255  	Mean=      15781 Conv=            0/25
   Gen   15:  Best= 9788.04905  	Mean=      12727 Conv=            0/25
   Gen   16:  Best= 9150.32132  	Mean=      11806 Conv=            0/25
   Gen   17:  Best= 9150.32132  	Mean=      11019 Conv=            1/25
   Gen   18:  Best= 9150.32132  	Mean=      10372 Conv=            2/25
   Gen   19:  Best= 8735.58073  	Mean=     9973.7 Conv=            0/25
   Gen   20:  Best= 8641.42273  	Mean=     9225.8 Conv=            0/25
   Gen   21:  Best= 8503.32531  	Mean=     8975.3 Conv=            0/25
   Gen   22:  Best= 8438.40259  	Mean=     8783.5 Conv=            0/25
   Gen   23:  Best= 8399.50124  	Mean=       8632 Conv=            0/25
   Gen   24:  Best= 8285.86775  	Mean=     8512.5 Conv=            0/25
   Gen   25:  Best= 8260.64415  	Mean=     8453.9 Conv=            0/25
   Gen   26:  Best= 8191.76444  	Mean=     8337.6 Conv=            0/25
   Gen   27:  Best= 8168.69624  	Mean=     8285.1 Conv=            0/25
   Gen   28:  Best= 8168.69624  	Mean=     8299.1 Conv=            1/25
   Gen   29:  Best= 8168.69624  	Mean=     8231.2 Conv=            2/25
   Gen   30:  Best= 8163.38293  	Mean=     8230.9 Conv=            0/25
   Gen   31:  Best= 8159.21958  	Mean=     8241.5 Conv=            0/25
   Gen   32:  Best= 8159.21958  	Mean=     8224.9 Conv=            1/25
   Gen   33:  Best= 8158.60710  	Mean=     8253.8 Conv=            0/25
   Gen   34:  Best= 8156.72814  	Mean=     8223.8 Conv=            0/25
   Gen   35:  Best= 8156.17216  	Mean=     8206.1 Conv=            0/25
   Gen   36:  Best= 8156.10342  	Mean=     8244.8 Conv=            0/25
   Gen   37:  Best= 8155.90152  	Mean=     8231.2 Conv=            0/25
   Gen   38:  Best= 8155.77163  	Mean=     8219.7 Conv=            0/25
   Gen   39:  Best= 8155.46989  	Mean=     8227.3 Conv=            0/25
   Gen   40:  Best= 8155.45737  	Mean=     8206.4 Conv=            0/25
   Gen   41:  Best= 8155.40404  	Mean=     8207.8 Conv=            0/25
   Gen   42:  Best= 8155.31960  	Mean=     8227.6 Conv=            0/25
   Gen   43:  Best= 8155.26528  	Mean=       8200 Conv=            0/25
   Gen   44:  Best= 8155.26528  	Mean=     8209.5 Conv=            1/25
   Gen   45:  Best= 8155.25757  	Mean=     8225.8 Conv=            0/25
   Gen   46:  Best= 8155.25419  	Mean=     8228.2 Conv=            0/25
   Gen   47:  Best= 8155.24065  	Mean=     8268.7 Conv=            0/25
   Gen   48:  Best= 8155.23578  	Mean=     8211.5 Conv=            0/25
   Gen   49:  Best= 8155.22958  	Mean=     8207.7 Conv=            0/25
   Gen   50:  Best= 8155.22958  	Mean=       8192 Conv=            1/25
   Gen   51:  Best= 8155.22710  	Mean=       8216 Conv=            0/25
   Gen   52:  Best= 8155.22710  	Mean=     8236.7 Conv=            1/25
   Gen   53:  Best= 8155.22710  	Mean=     8221.9 Conv=            2/25
   Gen   54:  Best= 8155.22710  	Mean=     8212.9 Conv=            3/25
   Gen   55:  Best= 8155.22626  	Mean=     8231.7 Conv=            0/25
   Gen   56:  Best= 8155.22626  	Mean=     8216.3 Conv=            1/25
   Gen   57:  Best= 8155.22602  	Mean=     8227.8 Conv=            0/25
   Gen   58:  Best= 8155.22597  	Mean=     8202.2 Conv=            0/25
   Gen   59:  Best= 8155.22571  	Mean=     8215.2 Conv=            0/25
   Gen   60:  Best= 8155.22567  	Mean=     8199.3 Conv=            0/25
   Gen   61:  Best= 8155.22567  	Mean=     8229.3 Conv=            1/25
   Gen   62:  Best= 8155.22567  	Mean=     8292.4 Conv=            2/25
   Gen   63:  Best= 8155.22567  	Mean=     8213.1 Conv=            3/25
   Gen   64:  Best= 8155.22567  	Mean=     8215.6 Conv=            4/25
   Gen   65:  Best= 8155.22567  	Mean=     8216.7 Conv=            5/25
   Gen   66:  Best=  965.98019  	Mean=     7904.1 Conv=            0/25
   Gen   67:  Best=  965.98019  	Mean=      28282 Conv=            1/25
   Gen   68:  Best=  965.98019  	Mean=      37245 Conv=            2/25
   Gen   69:  Best=  965.98019  	Mean=      19899 Conv=            3/25
   Gen   70:  Best=  965.98019  	Mean=      31430 Conv=            4/25
   Gen   71:  Best=  965.98019  	Mean=      19814 Conv=            5/25
   Gen   72:  Best=  965.98019  	Mean=      23620 Conv=            6/25
   Gen   73:  Best=  965.98019  	Mean=      17082 Conv=            7/25
   Gen   74:  Best=  965.98019  	Mean=     8392.8 Conv=            8/25
   Gen   75:  Best=  965.98019  	Mean=     2781.5 Conv=            9/25
   Gen   76:  Best=  965.98019  	Mean=     1710.2 Conv=           10/25
   Gen   77:  Best=  965.98019  	Mean=     1326.1 Conv=           11/25
   Gen   78:  Best=  965.98019  	Mean=     1070.3 Conv=           12/25
   Gen   79:  Best=  965.98019  	Mean=     1030.1 Conv=           13/25
   Gen   80:  Best=  964.40979  	Mean=       1002 Conv=            0/25
   Gen   81:  Best=  964.40979  	Mean=     1001.5 Conv=            1/25
   Gen   82:  Best=  964.40979  	Mean=     986.09 Conv=            2/25
   Gen   83:  Best=  964.40979  	Mean=     978.19 Conv=            3/25
   Gen   84:  Best=  964.40979  	Mean=     972.04 Conv=            4/25
   Gen   85:  Best=  964.40979  	Mean=     977.16 Conv=            5/25
   Gen   86:  Best=  964.40979  	Mean=        973 Conv=            6/25
   Gen   87:  Best=  964.40106  	Mean=     972.27 Conv=            0/25
   Gen   88:  Best=  964.40106  	Mean=     971.42 Conv=            1/25
   Gen   89:  Best=  964.40106  	Mean=     971.58 Conv=            2/25
   Gen   90:  Best=  964.40106  	Mean=     971.74 Conv=            3/25
   Gen   91:  Best=  964.40106  	Mean=     973.37 Conv=            4/25
   Gen   92:  Best=  964.40106  	Mean=     972.91 Conv=            5/25
   Gen   93:  Best=  964.40106  	Mean=     976.46 Conv=            6/25
   Gen   94:  Best=  964.40095  	Mean=     970.69 Conv=            0/25
   Gen   95:  Best=  964.40095  	Mean=     970.51 Conv=            1/25
   Gen   96:  Best=  964.40095  	Mean=     969.39 Conv=            2/25
   Gen   97:  Best=  964.40095  	Mean=     969.99 Conv=            3/25
   Gen   98:  Best=  964.40095  	Mean=      971.8 Conv=            4/25
   Gen   99:  Best=  964.40095  	Mean=     972.42 Conv=            5/25
   Gen  100:  Best=  964.40095  	Mean=     972.99 Conv=            6/25
   Gen  101:  Best=  964.40095  	Mean=     970.85 Conv=            7/25
   Gen  102:  Best=  964.40095  	Mean=     977.87 Conv=            8/25
   Gen  103:  Best=  964.40095  	Mean=     970.15 Conv=            9/25
   Gen  104:  Best=  964.40095  	Mean=     974.35 Conv=           10/25
   Gen  105:  Best=  964.40095  	Mean=     969.38 Conv=           11/25
   Gen  106:  Best=  964.40095  	Mean=     972.69 Conv=           12/25
   Gen  107:  Best=  964.40095  	Mean=     973.86 Conv=           13/25
   Gen  108:  Best=  964.40095  	Mean=     974.07 Conv=           14/25
   Gen  109:  Best=  964.40095  	Mean=     969.68 Conv=           15/25
   Gen  110:  Best=  964.40095  	Mean=     971.46 Conv=           16/25
   Gen  111:  Best=  964.40095  	Mean=     970.15 Conv=           17/25
   Gen  112:  Best=  964.40095  	Mean=     970.03 Conv=           18/25
   Gen  113:  Best=  964.40095  	Mean=     970.63 Conv=           19/25
   Gen  114:  Best=  964.40095  	Mean=     971.22 Conv=           20/25
   Gen  115:  Best=  964.40095  	Mean=     973.22 Conv=           21/25
   Gen  116:  Best=  964.40095  	Mean=     969.47 Conv=           22/25
   Gen  117:  Best=  964.40095  	Mean=     971.19 Conv=           23/25
   Gen  118:  Best=  964.40095  	Mean=     968.02 Conv=           24/25
   Gen  119:  Best=  964.40095  	Mean=     969.23 Conv=           25/25
| Took    120 generations to converge.
   --------------------------------- SIMPLEX MINIMISATION ----------------------------
   Minimising function SUM_SQUARES_AMBER_STANDARD, using the SIMPLEX METHOD
   -------------------------------------- CONVERGENCE --------------------------------
   Step     0: Conv=  3.7909E-01 min=    964.4010,max=   1415.4923 avg   1106.5072
   Step     1: Conv=  8.1456E-11 min=    964.4010 max=    964.4010 avg=    964.4010
   -----------------------------------------------------------------------------------

   Convergence ratio of   8.1456E-11 is better than
   convergence criteria of   1.0000E-08.
   Function Converged - Total function evaluations = 321

   Convergence to 1.0000E-08 in Simplex routine achieved after 200 cycles.
   (200 INNER x 1 OUTER CYCLES)

   ------------------------------- FINAL PARAMETERS ---------------------------------
   Parameters for force field equation: AMBER_STANDARD:
   (* means parameter is NOT constant during fit)
                         K = -621557.899971 kcal/mol
             (CT-HC) Kr = 340.0000 kcal/(mol A)^2, r_eq =   1.0900 A 
             (CT-H1) Kr = 340.0000 kcal/(mol A)^2, r_eq =   1.0900 A 
             (N -H ) Kr = 434.0000 kcal/(mol A)^2, r_eq =   1.0100 A 
             (C -O ) Kr = 570.0000 kcal/(mol A)^2, r_eq =   1.2290 A 
             (C -N ) Kr = 490.0000 kcal/(mol A)^2, r_eq =   1.3350 A 
             (CT-C ) Kr = 317.0000 kcal/(mol A)^2, r_eq =   1.5220 A 
             (CT-CT) Kr = 310.0000 kcal/(mol A)^2, r_eq =   1.5260 A 
             (N -CT) Kr = 337.0000 kcal/(mol A)^2, r_eq =   1.4490 A 
        (C -N -H ) Kt =  50.0000 kcal/(mol rad)^2,  th_eq = 120.0001 deg 
        (HC-CT-C ) Kt =  50.0000 kcal/(mol rad)^2,  th_eq = 109.5000 deg 
        (HC-CT-HC) Kt =  35.0000 kcal/(mol rad)^2,  th_eq = 109.5000 deg 
        (H1-CT-CT) Kt =  50.0000 kcal/(mol rad)^2,  th_eq = 109.5000 deg 
        (H1-CT-C ) Kt =  50.0000 kcal/(mol rad)^2,  th_eq = 109.5000 deg 
        (CT-CT-HC) Kt =  50.0000 kcal/(mol rad)^2,  th_eq = 109.5000 deg 
        (H -N -CT) Kt =  50.0000 kcal/(mol rad)^2,  th_eq = 118.0401 deg 
        (N -CT-H1) Kt =  50.0000 kcal/(mol rad)^2,  th_eq = 109.5000 deg 
        (H1-CT-H1) Kt =  35.0000 kcal/(mol rad)^2,  th_eq = 109.5000 deg 
        (O -C -N ) Kt =  80.0000 kcal/(mol rad)^2,  th_eq = 122.9001 deg 
        (C -N -CT) Kt =  50.0000 kcal/(mol rad)^2,  th_eq = 121.9001 deg 
        (CT-C -O ) Kt =  80.0000 kcal/(mol rad)^2,  th_eq = 120.4001 deg 
        (CT-C -N ) Kt =  70.0000 kcal/(mol rad)^2,  th_eq = 116.6000 deg 
        (CT-CT-C ) Kt =  63.0000 kcal/(mol rad)^2,  th_eq = 111.1000 deg 
        (N -CT-CT) Kt =  80.0000 kcal/(mol rad)^2,  th_eq = 109.7000 deg 
        (N -CT-C ) Kt =  63.0000 kcal/(mol rad)^2,  th_eq = 110.1000 deg 
       (O -C -N -H ) Kp =   2.0000 kcal/mol,  Np = 1.0000,  Phase =   0.0000 Deg 
       (O -C -N -H ) Kp =   2.5000 kcal/mol,  Np = 2.0000,  Phase = 180.0001 Deg 
       (C -N -CT-H1) Kp =   0.0000 kcal/mol,  Np = 2.0000,  Phase =   0.0000 Deg 
       (HC-CT-C -O ) Kp =   0.8000 kcal/mol,  Np = 1.0000,  Phase =   0.0000 Deg 
       (HC-CT-C -O ) Kp =   0.0000 kcal/mol,  Np = 2.0000,  Phase =   0.0000 Deg 
       (HC-CT-C -O ) Kp =   0.0800 kcal/mol,  Np = 3.0000,  Phase = 180.0001 Deg 
       (HC-CT-C -N ) Kp =   0.0000 kcal/mol,  Np = 2.0000,  Phase =   0.0000 Deg 
       (CT-C -N -H ) Kp =   2.5000 kcal/mol,  Np = 2.0000,  Phase = 180.0001 Deg 
       (HC-CT-CT-C ) Kp =   0.1556 kcal/mol,  Np = 3.0000,  Phase =   0.0000 Deg 
       (H1-CT-CT-HC) Kp =   0.1556 kcal/mol,  Np = 3.0000,  Phase =   0.0000 Deg 
       (H1-CT-C -O ) Kp =   0.8000 kcal/mol,  Np = 1.0000,  Phase =   0.0000 Deg 
       (H1-CT-C -O ) Kp =   0.0000 kcal/mol,  Np = 2.0000,  Phase =   0.0000 Deg 
       (H1-CT-C -O ) Kp =   0.0800 kcal/mol,  Np = 3.0000,  Phase = 180.0001 Deg 
       (H1-CT-C -N ) Kp =   0.0000 kcal/mol,  Np = 2.0000,  Phase =   0.0000 Deg 
       (H -N -CT-H1) Kp =   0.0000 kcal/mol,  Np = 2.0000,  Phase =   0.0000 Deg 
       (H -N -CT-CT) Kp =   0.0000 kcal/mol,  Np = 2.0000,  Phase =   0.0000 Deg 
       (H -N -CT-C ) Kp =   0.0000 kcal/mol,  Np = 2.0000,  Phase =   0.0000 Deg 
       (N -CT-CT-HC) Kp =   0.1556 kcal/mol,  Np = 3.0000,  Phase =   0.0000 Deg 
   IMP (C -CT-N -H ) Kp =   1.1000 kcal/mol,  Np = 2.0000,  Phase = 180.0001 Deg 
       (O -C -N -CT) Kp =   2.5000 kcal/mol,  Np = 2.0000,  Phase = 180.0001 Deg 
       (C -N -CT-CT) Kp =   2.0000 kcal/mol,  Np = 1.0000,  Phase =   0.0000 Deg 
       (C -N -CT-CT) Kp =   2.0000 kcal/mol,  Np = 2.0000,  Phase =   0.0000 Deg 
       (C -N -CT-CT) Kp =   0.4000 kcal/mol,  Np = 3.0000,  Phase =   0.0000 Deg 
       (C -N -CT-CT) Kp =   0.0000 kcal/mol,  Np = 4.0000,  Phase =   0.0000 Deg 
       (C -N -CT-C )*Kp =   2.4261 kcal/mol,  Np = 1.0000,  Phase =   0.0000 Deg 
       (C -N -CT-C )*Kp =   0.5737 kcal/mol,  Np = 2.0000,  Phase =   0.0000 Deg 
       (C -N -CT-C )*Kp =  -0.3281 kcal/mol,  Np = 3.0000,  Phase =   0.0000 Deg 
       (C -N -CT-C )*Kp =   0.0346 kcal/mol,  Np = 4.0000,  Phase =   0.0000 Deg 
       (CT-C -N -CT) Kp =   2.5000 kcal/mol,  Np = 2.0000,  Phase = 180.0001 Deg 
       (CT-CT-C -O ) Kp =   0.0000 kcal/mol,  Np = 2.0000,  Phase =   0.0000 Deg 
       (CT-CT-C -N ) Kp =   0.2000 kcal/mol,  Np = 1.0000,  Phase =   0.0000 Deg 
       (CT-CT-C -N ) Kp =   0.2000 kcal/mol,  Np = 2.0000,  Phase =   0.0000 Deg 
       (CT-CT-C -N ) Kp =   0.4000 kcal/mol,  Np = 3.0000,  Phase =   0.0000 Deg 
       (CT-CT-C -N ) Kp =   0.0000 kcal/mol,  Np = 4.0000,  Phase =   0.0000 Deg 
       (N -CT-C -O ) Kp =   0.0000 kcal/mol,  Np = 2.0000,  Phase =   0.0000 Deg 
       (N -CT-C -N )*Kp =  -0.1884 kcal/mol,  Np = 1.0000,  Phase = 180.0001 Deg 
       (N -CT-C -N )*Kp =   1.8416 kcal/mol,  Np = 2.0000,  Phase = 180.0001 Deg 
       (N -CT-C -N )*Kp =   0.7186 kcal/mol,  Np = 3.0000,  Phase = 180.0001 Deg 
       (N -CT-C -N )*Kp =  -0.1584 kcal/mol,  Np = 4.0000,  Phase =   0.0000 Deg 
   IMP (CT-N -C -O ) Kp =  10.5000 kcal/mol,  Np = 2.0000,  Phase = 180.0001 Deg 
   ----------------------------------------------------------------------------------
|   Called the fitness function 13854 times.
   Function value with fitted parameters  =      964.4010, R^2 =       0.8315
   Calculated energy with fitted parameters for structure 1 =     15.4898 KCal/mol

 * Saving ffrcmod file to frcmod.frcmod
 * Saving energy file with 143 structures to amber_quantum_fit.dat
 * Result passed angle validity check.
 * Result passed bond validity check.

|             Program Execution Completed at: Mon Jan 16 14:14:15 2017
|                            Elapsed Time = 242.00 seconds
*************************************************************************************
