
          -------------------------------------------------------
          Amber 16 SANDER                              2016
          -------------------------------------------------------

| Run on 03/14/2017 at 14:29:34

|   Executable path: sander.MPI
| Working directory: /home/steboss/projects/mdgx-tests/alanine/IPOLQ/input/PhiPsi_1/210/135
|          Hostname: node001

  [-O]verwriting output

File Assignments:
|  MDIN: equil.in                                                              
| MDOUT: Conf135.eq.out                                                        
|INPCRD: Conf135.min                                                           
|  PARM: Conf135.top                                                           
|RESTRT: Conf135.rst                                                           
|  REFC: Conf135.crd                                                           
| MDVEL: mdvel                                                                 
| MDFRC: mdfrc                                                                 
|  MDEN: mden                                                                  
| MDCRD: mdcrd                                                                 
|MDINFO: mdinfo                                                                
|  MTMD: mtmd                                                                  
|INPDIP: inpdip                                                                
|RSTDIP: rstdip                                                                
|INPTRA: inptraj                                                               

|    REMLOG: rem.log
|   REMTYPE: rem.type
|  REMSTRIP: 
|   SAVEENE: saveene
|CLUSTERINF: cluster.info
| RESERVOIR: reserv/frame
|   REMDDIM: 


 Here is the input file:

Equilibrate water in NPT                                                       
 &cntrl                                                                        
                                                                               
  nmropt = 0,                                                                  
  ntx    = 1,       irest  = 0,       ntrx   = 1,      ntxo   = 1,             
  ntpr   = 1000,    ntwx   = 1000,    ntwv   = 0,      ntwe   = 1000,          
  iwrap  = 0,       ioutfm = 1,                                                
                                                                               
  ntf    = 2,       ntb    = 2,                                                
  cut = 9.0,                                                                   
                                                                               
  ibelly = 0,       ntr    = 1,                                                
  restraintmask = ':1',                                                        
  restraint_wt = 100.0,                                                        
                                                                               
  imin   = 0,                                                                  
  nstlim = 10000,                                                              
  nscm   = 1000,                                                               
  t      = 0.0,     dt     = 0.002,                                            
                                                                               
  temp0     = 298.0,   tempi  = 0.0,                                           
  ig        = -1,                                                              
  ntt       = 3,                                                               
  gamma_ln  = 3.0,                                                             
                                                                               
  ntp    = 1,       pres0  = 1.0,     comp   = 44.6,                           
  taup   = 1.0,                                                                
                                                                               
  ntc    = 2,       tol    = 0.000001, watnam = 'WAT ',                        
                                                                               
 &end                                                                          

--------------------------------------------------------------------------------
   1.  RESOURCE   USE: 
--------------------------------------------------------------------------------

| Flags: MPI                                                                    
 getting new box info from bottom of inpcrd
|  INFO: Old style inpcrd file read

| peek_ewald_inpcrd: Box info found
|Largest sphere to fit in unit cell has radius =    14.733
| New format PARM file being parsed.
| Version =    1.000 Date = 03/14/17 Time = 13:38:48
 NATOM  =    2998 NTYPES =       9 NBONH =    2988 MBONA  =       9
 NTHETH =      25 MTHETA =      11 NPHIH =      43 MPHIA  =      24
 NHPARM =       0 NPARM  =       0 NNB   =    4067 NRES   =     995
 NBONA  =       9 NTHETA =      11 NPHIA =      24 NUMBND =      10
 NUMANG =      16 NPTRA  =      19 NATYP =       9 NPHB   =       1
 IFBOX  =       2 NMXRS  =      10 IFCAP =       0 NEXTRA =       0
 NCOPY  =       0


|     Memory Use     Allocated
|     Real              305638
|     Hollerith           9991
|     Integer            91336
|     Max Pairs         332528
|     nblistReal         35976
|     nblist Int        100292
|       Total             4755 kbytes

| Note: 1-4 EEL scale factors are being read from the topology file.

| Note: 1-4 VDW scale factors are being read from the topology file.
| Duplicated    0 dihedrals
| Duplicated    0 dihedrals

     BOX TYPE: TRUNCATED OCTAHEDRON
Note: ig = -1. Setting random seed to   301725 based on wallclock time in microseconds
      and disabling the synchronization of random numbers between tasks
      to improve performance.

--------------------------------------------------------------------------------
   2.  CONTROL  DATA  FOR  THE  RUN
--------------------------------------------------------------------------------

default_name                                                                    

General flags:
     imin    =       0, nmropt  =       0

Nature and format of input:
     ntx     =       1, irest   =       0, ntrx    =       1

Nature and format of output:
     ntxo    =       1, ntpr    =    1000, ntrx    =       1, ntwr    =   10000
     iwrap   =       0, ntwx    =    1000, ntwv    =       0, ntwe    =    1000
     ioutfm  =       1, ntwprt  =       0, idecomp =       0, rbornstat=      0

Potential function:
     ntf     =       2, ntb     =       2, igb     =       0, nsnb    =      25
     ipol    =       0, gbsa    =       0, iesp    =       0
     dielc   =   1.00000, cut     =   9.00000, intdiel =   1.00000

Frozen or restrained atoms:
     ibelly  =       0, ntr     =       1
     restraint_wt = 100.00000

Molecular dynamics:
     nstlim  =     10000, nscm    =         0, nrespa  =         1
     t       =   0.00000, dt      =   0.00200, vlimit  =  20.00000

Langevin dynamics temperature regulation:
     ig      =  301725
     temp0   = 298.00000, tempi   =   0.00000, gamma_ln=   3.00000

Pressure regulation:
     ntp     =       1
     pres0   =   1.00000, comp    =  44.60000, taup    =   1.00000

SHAKE:
     ntc     =       2, jfastw  =       0
     tol     =   0.00000

Ewald parameters:
     verbose =       0, ew_type =       0, nbflag  =       1, use_pme =       1
     vdwmeth =       1, eedmeth =       1, netfrc  =       1
     Box X =   36.088   Box Y =   36.088   Box Z =   36.088
     Alpha =  109.471   Beta  =  109.471   Gamma =  109.471
     NFFT1 =   36       NFFT2 =   36       NFFT3 =   36
     Cutoff=    9.000   Tol   =0.100E-04
     Ewald Coefficient =  0.30768
     Interpolation order =    4

| MPI Timing options:
|      profile_mpi =        0

    LOADING THE CONSTRAINED ATOMS AS GROUPS


   5.  REFERENCE ATOM COORDINATES

  defa
     Mask :1; matches     6 atoms

--------------------------------------------------------------------------------
   3.  ATOMIC COORDINATES AND VELOCITIES
--------------------------------------------------------------------------------

defa                                                                            
 begin time read from input coords =     0.000 ps

 Number of triangulated 3-point waters found:      992
|  Atom division among processors:
|         0     376     751    1126    1501    1876    2251    2626
|      2998

     Sum of charges from parm topology file =  -0.00000000
     Forcing neutrality...
|  Running AMBER/MPI version on    8 nodes


--------------------------------------------------------------------------------
   4.  RESULTS
--------------------------------------------------------------------------------

|  # of SOLUTE  degrees of freedom (RNDFP):    6006.
|  # of SOLVENT degrees of freedom (RNDFS):       0.
|  NDFMIN =    6006.     NUM_NOSHAKE =      0     CORRECTED RNDFP =    6006.
|  TOTAL # of degrees of freedom (RNDF) =    6006.
 ---------------------------------------------------
 APPROXIMATING switch and d/dx switch using CUBIC SPLINE INTERPOLATION
 using   5000.0 points per unit in tabled values
 TESTING RELATIVE ERROR over r ranging from 0.0 to cutoff
| CHECK switch(x): max rel err =   0.2738E-14   at   2.422500
| CHECK d/dx switch(x): max rel err =   0.8314E-11   at   2.736960
 ---------------------------------------------------
| Local SIZE OF NONBOND LIST =      96147
| TOTAL SIZE OF NONBOND LIST =     694109

 NSTEP =        0   TIME(PS) =       0.000  TEMP(K) =     0.00  PRESS = -5431.9
 Etot   =    -13132.7033  EKtot   =         0.0000  EPtot      =    -13132.7033
 BOND   =         0.7736  ANGLE   =         1.4656  DIHED      =         8.6311
 1-4 NB =         2.8989  1-4 EEL =        44.9182  VDWAALS    =      2307.6548
 EELEC  =    -15499.4084  EHBOND  =         0.0000  RESTRAINT  =         0.3628
 EAMBER (non-restraint)  =    -13133.0661
 EKCMT  =         0.0000  VIRIAL  =      4243.2389  VOLUME     =     36179.8753
                                                    Density    =         0.8269
 Ewald error estimate:   0.1429E-03
 ------------------------------------------------------------------------------


 NSTEP =     1000   TIME(PS) =       2.000  TEMP(K) =   299.82  PRESS =  -631.5
 Etot   =     -7577.8560  EKtot   =      1789.2068  EPtot      =     -9367.0628
 BOND   =         1.7586  ANGLE   =         5.5508  DIHED      =        10.7506
 1-4 NB =         3.3365  1-4 EEL =        47.3005  VDWAALS    =      1391.8122
 EELEC  =    -10830.2452  EHBOND  =         0.0000  RESTRAINT  =         2.6730
 EAMBER (non-restraint)  =     -9369.7359
 EKCMT  =       914.2693  VIRIAL  =      1364.0359  VOLUME     =     32986.7314
                                                    Density    =         0.9069
 Ewald error estimate:   0.1626E-03
 ------------------------------------------------------------------------------


 NSTEP =     2000   TIME(PS) =       4.000  TEMP(K) =   299.55  PRESS =  -829.3
 Etot   =     -7593.1338  EKtot   =      1787.5508  EPtot      =     -9380.6846
 BOND   =         5.9264  ANGLE   =         7.3490  DIHED      =        11.3950
 1-4 NB =         3.1590  1-4 EEL =        43.5176  VDWAALS    =      1312.5117
 EELEC  =    -10765.6241  EHBOND  =         0.0000  RESTRAINT  =         1.0809
 EAMBER (non-restraint)  =     -9381.7656
 EKCMT  =       904.2881  VIRIAL  =      1468.7330  VOLUME     =     31521.4844
                                                    Density    =         0.9491
 Ewald error estimate:   0.4770E-03
 ------------------------------------------------------------------------------


 NSTEP =     3000   TIME(PS) =       6.000  TEMP(K) =   294.63  PRESS =   -18.6
 Etot   =     -7766.3335  EKtot   =      1758.2029  EPtot      =     -9524.5364
 BOND   =         3.6890  ANGLE   =         9.9512  DIHED      =        14.6357
 1-4 NB =         1.9466  1-4 EEL =        44.6907  VDWAALS    =      1454.1978
 EELEC  =    -11055.6571  EHBOND  =         0.0000  RESTRAINT  =         2.0098
 EAMBER (non-restraint)  =     -9526.5462
 EKCMT  =       889.2238  VIRIAL  =       901.6982  VOLUME     =     31053.3049
                                                    Density    =         0.9634
 Ewald error estimate:   0.1353E-03
 ------------------------------------------------------------------------------


 NSTEP =     4000   TIME(PS) =       8.000  TEMP(K) =   296.83  PRESS =   663.0
 Etot   =     -7761.8787  EKtot   =      1771.3274  EPtot      =     -9533.2061
 BOND   =         2.4619  ANGLE   =        12.1260  DIHED      =        10.3370
 1-4 NB =         4.1407  1-4 EEL =        46.8881  VDWAALS    =      1528.2437
 EELEC  =    -11139.3468  EHBOND  =         0.0000  RESTRAINT  =         1.9432
 EAMBER (non-restraint)  =     -9535.1493
 EKCMT  =       887.8451  VIRIAL  =       448.9701  VOLUME     =     30657.8989
                                                    Density    =         0.9758
 Ewald error estimate:   0.1125E-03
 ------------------------------------------------------------------------------


 NSTEP =     5000   TIME(PS) =      10.000  TEMP(K) =   297.35  PRESS =  -727.5
 Etot   =     -7825.6656  EKtot   =      1774.4307  EPtot      =     -9600.0963
 BOND   =         3.4096  ANGLE   =         6.7776  DIHED      =        11.1642
 1-4 NB =         3.0784  1-4 EEL =        44.1193  VDWAALS    =      1344.4900
 EELEC  =    -11016.2893  EHBOND  =         0.0000  RESTRAINT  =         3.1538
 EAMBER (non-restraint)  =     -9603.2502
 EKCMT  =       896.1266  VIRIAL  =      1375.6246  VOLUME     =     30526.0475
                                                    Density    =         0.9800
 Ewald error estimate:   0.2941E-03
 ------------------------------------------------------------------------------


 NSTEP =     6000   TIME(PS) =      12.000  TEMP(K) =   293.75  PRESS =  -565.9
 Etot   =     -7840.1633  EKtot   =      1752.9712  EPtot      =     -9593.1345
 BOND   =         2.1995  ANGLE   =        10.5437  DIHED      =        10.5722
 1-4 NB =         3.2348  1-4 EEL =        46.0133  VDWAALS    =      1361.3786
 EELEC  =    -11029.7001  EHBOND  =         0.0000  RESTRAINT  =         2.6234
 EAMBER (non-restraint)  =     -9595.7579
 EKCMT  =       875.6884  VIRIAL  =      1246.3057  VOLUME     =     30332.1434
                                                    Density    =         0.9863
 Ewald error estimate:   0.2651E-03
 ------------------------------------------------------------------------------


 NSTEP =     7000   TIME(PS) =      14.000  TEMP(K) =   291.90  PRESS =    53.5
 Etot   =     -7721.8632  EKtot   =      1741.9420  EPtot      =     -9463.8051
 BOND   =         4.0069  ANGLE   =        12.6286  DIHED      =        11.4957
 1-4 NB =         2.7089  1-4 EEL =        43.7955  VDWAALS    =      1381.0311
 EELEC  =    -10924.1484  EHBOND  =         0.0000  RESTRAINT  =         4.6767
 EAMBER (non-restraint)  =     -9468.4818
 EKCMT  =       869.2833  VIRIAL  =       834.4075  VOLUME     =     30215.0942
                                                    Density    =         0.9901
 Ewald error estimate:   0.2835E-04
 ------------------------------------------------------------------------------


 NSTEP =     8000   TIME(PS) =      16.000  TEMP(K) =   284.13  PRESS =   423.1
 Etot   =     -7829.0155  EKtot   =      1695.5363  EPtot      =     -9524.5518
 BOND   =         1.8468  ANGLE   =         9.2110  DIHED      =        14.1180
 1-4 NB =         3.3429  1-4 EEL =        45.7241  VDWAALS    =      1486.9115
 EELEC  =    -11086.9621  EHBOND  =         0.0000  RESTRAINT  =         1.2560
 EAMBER (non-restraint)  =     -9525.8078
 EKCMT  =       822.7351  VIRIAL  =       545.9863  VOLUME     =     30291.6009
                                                    Density    =         0.9876
 Ewald error estimate:   0.1574E-03
 ------------------------------------------------------------------------------


 NSTEP =     9000   TIME(PS) =      18.000  TEMP(K) =   304.01  PRESS =   526.9
 Etot   =     -7637.9495  EKtot   =      1814.1765  EPtot      =     -9452.1259
 BOND   =         3.0317  ANGLE   =        16.1730  DIHED      =        10.6530
 1-4 NB =         2.4046  1-4 EEL =        44.7106  VDWAALS    =      1452.7422
 EELEC  =    -10984.6252  EHBOND  =         0.0000  RESTRAINT  =         2.7843
 EAMBER (non-restraint)  =     -9454.9102
 EKCMT  =       897.7555  VIRIAL  =       552.4325  VOLUME     =     30353.1624
                                                    Density    =         0.9856
 Ewald error estimate:   0.1260E-03
 ------------------------------------------------------------------------------


 NSTEP =    10000   TIME(PS) =      20.000  TEMP(K) =   300.76  PRESS =    32.6
 Etot   =     -7749.7623  EKtot   =      1794.7868  EPtot      =     -9544.5490
 BOND   =         4.9218  ANGLE   =         5.9688  DIHED      =        13.0242
 1-4 NB =         3.3646  1-4 EEL =        47.2413  VDWAALS    =      1425.4840
 EELEC  =    -11047.1918  EHBOND  =         0.0000  RESTRAINT  =         2.6381
 EAMBER (non-restraint)  =     -9547.1871
 EKCMT  =       922.5936  VIRIAL  =       901.1265  VOLUME     =     30459.4757
                                                    Density    =         0.9822
 Ewald error estimate:   0.3737E-03
 ------------------------------------------------------------------------------


      A V E R A G E S   O V E R   10000 S T E P S


 NSTEP =    10000   TIME(PS) =      20.000  TEMP(K) =   292.12  PRESS =  -191.9
 Etot   =     -7789.5978  EKtot   =      1743.2096  EPtot      =     -9532.8073
 BOND   =         2.9900  ANGLE   =         7.8792  DIHED      =        10.9985
 1-4 NB =         3.2002  1-4 EEL =        46.6683  VDWAALS    =      1429.4347
 EELEC  =    -11036.9503  EHBOND  =         0.0000  RESTRAINT  =         2.9720
 EAMBER (non-restraint)  =     -9535.7794
 EKCMT  =       867.1656  VIRIAL  =      1004.9574  VOLUME     =     31073.5357
                                                    Density    =         0.9642
 Ewald error estimate:   0.1868E-03
 ------------------------------------------------------------------------------


      R M S  F L U C T U A T I O N S


 NSTEP =    10000   TIME(PS) =      20.000  TEMP(K) =    26.40  PRESS =   456.6
 Etot   =       337.4984  EKtot   =       157.5396  EPtot      =       187.5211
 BOND   =         1.3875  ANGLE   =         2.1994  DIHED      =         1.0774
 1-4 NB =         0.6778  1-4 EEL =         2.0271  VDWAALS    =        89.3277
 EELEC  =       266.9654  EHBOND  =         0.0000  RESTRAINT  =         1.2494
 EAMBER (non-restraint)  =       186.2717
 EKCMT  =        76.9357  VIRIAL  =       292.0933  VOLUME     =      1235.1037
                                                    Density    =         0.0355
 Ewald error estimate:   0.1415E-03
 ------------------------------------------------------------------------------


--------------------------------------------------------------------------------
   5.  TIMINGS
--------------------------------------------------------------------------------

|>>>>>>>>PROFILE of Average TIMES>>>>>>>>> 
|                Build the list            20.30 (97.11% of List )
|                Other                      0.60 ( 2.89% of List )
|             List time                 20.90 (10.84% of Nonbo)
|                   Short_ene time           116.91 (96.29% of Direc)
|                   Other                      4.51 ( 3.71% of Direc)
|                Direct Ewald time        121.41 (70.65% of Ewald)
|                Adjust Ewald time          0.73 ( 0.43% of Ewald)
|                   Fill Bspline coeffs        2.79 ( 6.98% of Recip)
|                   Fill charge grid           2.89 ( 7.24% of Recip)
|                   Scalar sum                10.95 (27.41% of Recip)
|                   Grad sum                   5.23 (13.09% of Recip)
|                      FFT back comm time         4.70 (27.96% of FFT t)
|                      Other                     12.11 (72.04% of FFT t)
|                   FFT time                  16.82 (42.09% of Recip)
|                   Other                      1.28 ( 3.20% of Recip)
|                Recip Ewald time          39.95 (23.25% of Ewald)
|                Force Adjust               8.88 ( 5.17% of Ewald)
|                Virial junk                0.77 ( 0.45% of Ewald)
|                Other                      0.09 ( 0.05% of Ewald)
|             Ewald time               171.85 (89.15% of Nonbo)
|             Other                      0.02 ( 0.01% of Nonbo)
|          Nonbond force            192.77 (98.16% of Force)
|          Bond/Angle/Dihedral        0.31 ( 0.16% of Force)
|          FRC Collect time           2.79 ( 1.42% of Force)
|          Other                      0.53 ( 0.27% of Force)
|       Force time               196.40 (90.14% of Runmd)
|       Shake time                 0.85 ( 0.39% of Runmd)
|       Verlet update time         8.88 ( 4.08% of Runmd)
|       Ekcmr time                 6.69 ( 3.07% of Runmd)
|       CRD distribute time        2.09 ( 0.96% of Runmd)
|       Other                      2.97 ( 1.36% of Runmd)
|    Runmd Time               217.87 (100.0% of Total)
|    Other                      0.19 ( 0.09% of Total)
| Total time               218.06 (100.0% of ALL  )

| Number of list builds   :        907

| Highest rstack allocated:      40774
| Highest istack allocated:        888

| Final Performance Info:
| -----------------------------------------------------
| Average timings for all steps:
|     Elapsed(s) =     218.19 Per Step(ms) =      21.82
|         ns/day =       7.92   seconds/ns =   10909.69
| -----------------------------------------------------

|           Job began  at 14:29:34.193  on 03/14/2017
|           Setup done at 14:29:34.389  on 03/14/2017
|           Run   done at 14:33:12.404  on 03/14/2017
|     wallclock() was called  571881 times
