
          -------------------------------------------------------
          Amber 16 SANDER                              2016
          -------------------------------------------------------

| Run on 03/14/2017 at 14:37:56

|   Executable path: sander.MPI
| Working directory: /home/steboss/projects/mdgx-tests/alanine/IPOLQ/input/PhiPsi_1/225/60
|          Hostname: node006

  [-O]verwriting output

File Assignments:
|  MDIN: equil.in                                                              
| MDOUT: Conf60.eq.out                                                         
|INPCRD: Conf60.min                                                            
|  PARM: Conf60.top                                                            
|RESTRT: Conf60.rst                                                            
|  REFC: Conf60.crd                                                            
| MDVEL: mdvel                                                                 
| MDFRC: mdfrc                                                                 
|  MDEN: mden                                                                  
| MDCRD: mdcrd                                                                 
|MDINFO: mdinfo                                                                
|  MTMD: mtmd                                                                  
|INPDIP: inpdip                                                                
|RSTDIP: rstdip                                                                
|INPTRA: inptraj                                                               

|    REMLOG: rem.log
|   REMTYPE: rem.type
|  REMSTRIP: 
|   SAVEENE: saveene
|CLUSTERINF: cluster.info
| RESERVOIR: reserv/frame
|   REMDDIM: 


 Here is the input file:

Equilibrate water in NPT                                                       
 &cntrl                                                                        
                                                                               
  nmropt = 0,                                                                  
  ntx    = 1,       irest  = 0,       ntrx   = 1,      ntxo   = 1,             
  ntpr   = 1000,    ntwx   = 1000,    ntwv   = 0,      ntwe   = 1000,          
  iwrap  = 0,       ioutfm = 1,                                                
                                                                               
  ntf    = 2,       ntb    = 2,                                                
  cut = 9.0,                                                                   
                                                                               
  ibelly = 0,       ntr    = 1,                                                
  restraintmask = ':1',                                                        
  restraint_wt = 100.0,                                                        
                                                                               
  imin   = 0,                                                                  
  nstlim = 10000,                                                              
  nscm   = 1000,                                                               
  t      = 0.0,     dt     = 0.002,                                            
                                                                               
  temp0     = 298.0,   tempi  = 0.0,                                           
  ig        = -1,                                                              
  ntt       = 3,                                                               
  gamma_ln  = 3.0,                                                             
                                                                               
  ntp    = 1,       pres0  = 1.0,     comp   = 44.6,                           
  taup   = 1.0,                                                                
                                                                               
  ntc    = 2,       tol    = 0.000001, watnam = 'WAT ',                        
                                                                               
 &end                                                                          

--------------------------------------------------------------------------------
   1.  RESOURCE   USE: 
--------------------------------------------------------------------------------

| Flags: MPI                                                                    
 getting new box info from bottom of inpcrd
|  INFO: Old style inpcrd file read

| peek_ewald_inpcrd: Box info found
|Largest sphere to fit in unit cell has radius =    14.514
| New format PARM file being parsed.
| Version =    1.000 Date = 03/14/17 Time = 13:39:03
 NATOM  =    2884 NTYPES =       9 NBONH =    2874 MBONA  =       9
 NTHETH =      25 MTHETA =      11 NPHIH =      43 MPHIA  =      24
 NHPARM =       0 NPARM  =       0 NNB   =    3915 NRES   =     957
 NBONA  =       9 NTHETA =      11 NPHIA =      24 NUMBND =      10
 NUMANG =      16 NPTRA  =      19 NATYP =       9 NPHB   =       1
 IFBOX  =       2 NMXRS  =      10 IFCAP =       0 NEXTRA =       0
 NCOPY  =       0


|     Memory Use     Allocated
|     Real              297316
|     Hollerith           9611
|     Integer            88752
|     Max Pairs         319882
|     nblistReal         34608
|     nblist Int         87701
|       Total             4569 kbytes

| Note: 1-4 EEL scale factors are being read from the topology file.

| Note: 1-4 VDW scale factors are being read from the topology file.
| Duplicated    0 dihedrals
| Duplicated    0 dihedrals

     BOX TYPE: TRUNCATED OCTAHEDRON
Note: ig = -1. Setting random seed to   281955 based on wallclock time in microseconds
      and disabling the synchronization of random numbers between tasks
      to improve performance.

--------------------------------------------------------------------------------
   2.  CONTROL  DATA  FOR  THE  RUN
--------------------------------------------------------------------------------

default_name                                                                    

General flags:
     imin    =       0, nmropt  =       0

Nature and format of input:
     ntx     =       1, irest   =       0, ntrx    =       1

Nature and format of output:
     ntxo    =       1, ntpr    =    1000, ntrx    =       1, ntwr    =   10000
     iwrap   =       0, ntwx    =    1000, ntwv    =       0, ntwe    =    1000
     ioutfm  =       1, ntwprt  =       0, idecomp =       0, rbornstat=      0

Potential function:
     ntf     =       2, ntb     =       2, igb     =       0, nsnb    =      25
     ipol    =       0, gbsa    =       0, iesp    =       0
     dielc   =   1.00000, cut     =   9.00000, intdiel =   1.00000

Frozen or restrained atoms:
     ibelly  =       0, ntr     =       1
     restraint_wt = 100.00000

Molecular dynamics:
     nstlim  =     10000, nscm    =         0, nrespa  =         1
     t       =   0.00000, dt      =   0.00200, vlimit  =  20.00000

Langevin dynamics temperature regulation:
     ig      =  281955
     temp0   = 298.00000, tempi   =   0.00000, gamma_ln=   3.00000

Pressure regulation:
     ntp     =       1
     pres0   =   1.00000, comp    =  44.60000, taup    =   1.00000

SHAKE:
     ntc     =       2, jfastw  =       0
     tol     =   0.00000

Ewald parameters:
     verbose =       0, ew_type =       0, nbflag  =       1, use_pme =       1
     vdwmeth =       1, eedmeth =       1, netfrc  =       1
     Box X =   35.551   Box Y =   35.551   Box Z =   35.551
     Alpha =  109.471   Beta  =  109.471   Gamma =  109.471
     NFFT1 =   36       NFFT2 =   36       NFFT3 =   36
     Cutoff=    9.000   Tol   =0.100E-04
     Ewald Coefficient =  0.30768
     Interpolation order =    4

| MPI Timing options:
|      profile_mpi =        0

    LOADING THE CONSTRAINED ATOMS AS GROUPS


   5.  REFERENCE ATOM COORDINATES

  defa
     Mask :1; matches     6 atoms

--------------------------------------------------------------------------------
   3.  ATOMIC COORDINATES AND VELOCITIES
--------------------------------------------------------------------------------

defa                                                                            
 begin time read from input coords =     0.000 ps

 Number of triangulated 3-point waters found:      954
|  Atom division among processors:
|         0     361     721    1081    1441    1801    2164    2524
|      2884

     Sum of charges from parm topology file =  -0.00000000
     Forcing neutrality...
|  Running AMBER/MPI version on    8 nodes


--------------------------------------------------------------------------------
   4.  RESULTS
--------------------------------------------------------------------------------

|  # of SOLUTE  degrees of freedom (RNDFP):    5778.
|  # of SOLVENT degrees of freedom (RNDFS):       0.
|  NDFMIN =    5778.     NUM_NOSHAKE =      0     CORRECTED RNDFP =    5778.
|  TOTAL # of degrees of freedom (RNDF) =    5778.
 ---------------------------------------------------
 APPROXIMATING switch and d/dx switch using CUBIC SPLINE INTERPOLATION
 using   5000.0 points per unit in tabled values
 TESTING RELATIVE ERROR over r ranging from 0.0 to cutoff
| CHECK switch(x): max rel err =   0.2738E-14   at   2.422500
| CHECK d/dx switch(x): max rel err =   0.8314E-11   at   2.736960
 ---------------------------------------------------
| Local SIZE OF NONBOND LIST =      93243
| TOTAL SIZE OF NONBOND LIST =     670257

 NSTEP =        0   TIME(PS) =       0.000  TEMP(K) =     0.00  PRESS = -5540.5
 Etot   =    -12627.6863  EKtot   =         0.0000  EPtot      =    -12627.6863
 BOND   =         0.3445  ANGLE   =         0.6367  DIHED      =        10.2637
 1-4 NB =         2.5571  1-4 EEL =        46.9725  VDWAALS    =      2215.6939
 EELEC  =    -14904.2509  EHBOND  =         0.0000  RESTRAINT  =         0.0963
 EAMBER (non-restraint)  =    -12627.7826
 EKCMT  =         0.0000  VIRIAL  =      4137.8068  VOLUME     =     34589.1706
                                                    Density    =         0.8321
 Ewald error estimate:   0.1211E-03
 ------------------------------------------------------------------------------


 NSTEP =     1000   TIME(PS) =       2.000  TEMP(K) =   289.98  PRESS =  -896.5
 Etot   =     -7409.7132  EKtot   =      1664.7913  EPtot      =     -9074.5045
 BOND   =         3.3797  ANGLE   =         8.6368  DIHED      =        11.2829
 1-4 NB =         2.3357  1-4 EEL =        44.1283  VDWAALS    =      1351.1615
 EELEC  =    -10497.3772  EHBOND  =         0.0000  RESTRAINT  =         1.9476
 EAMBER (non-restraint)  =     -9076.4522
 EKCMT  =       824.5617  VIRIAL  =      1440.5555  VOLUME     =     31822.5475
                                                    Density    =         0.9044
 Ewald error estimate:   0.1930E-03
 ------------------------------------------------------------------------------


 NSTEP =     2000   TIME(PS) =       4.000  TEMP(K) =   297.00  PRESS =  -208.5
 Etot   =     -7386.6225  EKtot   =      1705.0662  EPtot      =     -9091.6887
 BOND   =         4.0899  ANGLE   =         8.5680  DIHED      =        11.6226
 1-4 NB =         2.4689  1-4 EEL =        47.2060  VDWAALS    =      1358.4536
 EELEC  =    -10528.9776  EHBOND  =         0.0000  RESTRAINT  =         4.8799
 EAMBER (non-restraint)  =     -9096.5686
 EKCMT  =       831.9477  VIRIAL  =       966.9991  VOLUME     =     30000.6422
                                                    Density    =         0.9593
 Ewald error estimate:   0.2721E-03
 ------------------------------------------------------------------------------


 NSTEP =     3000   TIME(PS) =       6.000  TEMP(K) =   296.47  PRESS =  -358.1
 Etot   =     -7485.1547  EKtot   =      1702.0332  EPtot      =     -9187.1879
 BOND   =         5.0264  ANGLE   =         6.6981  DIHED      =        11.4077
 1-4 NB =         3.1052  1-4 EEL =        46.8217  VDWAALS    =      1344.8614
 EELEC  =    -10606.5918  EHBOND  =         0.0000  RESTRAINT  =         1.4834
 EAMBER (non-restraint)  =     -9188.6713
 EKCMT  =       830.5011  VIRIAL  =      1058.7255  VOLUME     =     29518.7665
                                                    Density    =         0.9750
 Ewald error estimate:   0.2255E-03
 ------------------------------------------------------------------------------


 NSTEP =     4000   TIME(PS) =       8.000  TEMP(K) =   309.71  PRESS =  -176.4
 Etot   =     -7321.9281  EKtot   =      1778.0721  EPtot      =     -9100.0001
 BOND   =         2.7652  ANGLE   =        10.6643  DIHED      =        11.5184
 1-4 NB =         3.3191  1-4 EEL =        45.3271  VDWAALS    =      1315.8677
 EELEC  =    -10491.2562  EHBOND  =         0.0000  RESTRAINT  =         1.7943
 EAMBER (non-restraint)  =     -9101.7944
 EKCMT  =       898.6748  VIRIAL  =      1010.7482  VOLUME     =     29425.0739
                                                    Density    =         0.9781
 Ewald error estimate:   0.3109E-03
 ------------------------------------------------------------------------------


 NSTEP =     5000   TIME(PS) =      10.000  TEMP(K) =   306.97  PRESS =   -80.3
 Etot   =     -7374.8251  EKtot   =      1762.2972  EPtot      =     -9137.1222
 BOND   =         1.4912  ANGLE   =         8.1639  DIHED      =        13.5701
 1-4 NB =         3.7721  1-4 EEL =        45.5116  VDWAALS    =      1348.7747
 EELEC  =    -10562.2956  EHBOND  =         0.0000  RESTRAINT  =         3.8898
 EAMBER (non-restraint)  =     -9141.0120
 EKCMT  =       882.3172  VIRIAL  =       933.3928  VOLUME     =     29441.3047
                                                    Density    =         0.9775
 Ewald error estimate:   0.1080E-03
 ------------------------------------------------------------------------------


 NSTEP =     6000   TIME(PS) =      12.000  TEMP(K) =   296.81  PRESS =   -17.4
 Etot   =     -7465.6199  EKtot   =      1703.9945  EPtot      =     -9169.6144
 BOND   =         1.9770  ANGLE   =         8.7184  DIHED      =        10.9648
 1-4 NB =         2.9823  1-4 EEL =        42.4790  VDWAALS    =      1373.7782
 EELEC  =    -10614.3937  EHBOND  =         0.0000  RESTRAINT  =         3.8795
 EAMBER (non-restraint)  =     -9173.4939
 EKCMT  =       834.4918  VIRIAL  =       845.5554  VOLUME     =     29370.9945
                                                    Density    =         0.9799
 Ewald error estimate:   0.1250E-04
 ------------------------------------------------------------------------------


 NSTEP =     7000   TIME(PS) =      14.000  TEMP(K) =   295.16  PRESS =  -721.7
 Etot   =     -7461.8990  EKtot   =      1694.4903  EPtot      =     -9156.3894
 BOND   =         2.4165  ANGLE   =         9.4287  DIHED      =         9.6472
 1-4 NB =         3.0956  1-4 EEL =        46.2914  VDWAALS    =      1261.0987
 EELEC  =    -10493.3895  EHBOND  =         0.0000  RESTRAINT  =         5.0221
 EAMBER (non-restraint)  =     -9161.4115
 EKCMT  =       836.5969  VIRIAL  =      1291.1066  VOLUME     =     29167.9063
                                                    Density    =         0.9867
 Ewald error estimate:   0.1359E-03
 ------------------------------------------------------------------------------


 NSTEP =     8000   TIME(PS) =      16.000  TEMP(K) =   303.59  PRESS =  -460.9
 Etot   =     -7424.5245  EKtot   =      1742.9080  EPtot      =     -9167.4325
 BOND   =         2.9038  ANGLE   =         5.9479  DIHED      =         9.4405
 1-4 NB =         4.2154  1-4 EEL =        48.1421  VDWAALS    =      1301.7797
 EELEC  =    -10543.4312  EHBOND  =         0.0000  RESTRAINT  =         3.5694
 EAMBER (non-restraint)  =     -9171.0019
 EKCMT  =       863.9382  VIRIAL  =      1155.1438  VOLUME     =     29261.1199
                                                    Density    =         0.9836
 Ewald error estimate:   0.3050E-03
 ------------------------------------------------------------------------------


 NSTEP =     9000   TIME(PS) =      18.000  TEMP(K) =   301.80  PRESS =   -71.2
 Etot   =     -7376.7249  EKtot   =      1732.6149  EPtot      =     -9109.3398
 BOND   =         3.3678  ANGLE   =         7.9630  DIHED      =         9.1895
 1-4 NB =         3.8116  1-4 EEL =        45.5894  VDWAALS    =      1331.8904
 EELEC  =    -10515.1655  EHBOND  =         0.0000  RESTRAINT  =         4.0140
 EAMBER (non-restraint)  =     -9113.3538
 EKCMT  =       846.8041  VIRIAL  =       891.9403  VOLUME     =     29371.6302
                                                    Density    =         0.9799
 Ewald error estimate:   0.2403E-03
 ------------------------------------------------------------------------------


 NSTEP =    10000   TIME(PS) =      20.000  TEMP(K) =   297.02  PRESS =   261.0
 Etot   =     -7356.7545  EKtot   =      1705.2023  EPtot      =     -9061.9568
 BOND   =         1.8420  ANGLE   =        12.6087  DIHED      =        12.3445
 1-4 NB =         2.6328  1-4 EEL =        44.6620  VDWAALS    =      1373.1765
 EELEC  =    -10511.0114  EHBOND  =         0.0000  RESTRAINT  =         1.7879
 EAMBER (non-restraint)  =     -9063.7447
 EKCMT  =       833.8228  VIRIAL  =       669.0969  VOLUME     =     29230.6358
                                                    Density    =         0.9846
 Ewald error estimate:   0.3749E-03
 ------------------------------------------------------------------------------


      A V E R A G E S   O V E R   10000 S T E P S


 NSTEP =    10000   TIME(PS) =      20.000  TEMP(K) =   293.38  PRESS =  -187.7
 Etot   =     -7481.2923  EKtot   =      1684.2943  EPtot      =     -9165.5865
 BOND   =         3.1041  ANGLE   =         7.9807  DIHED      =        10.8806
 1-4 NB =         3.2230  1-4 EEL =        46.1718  VDWAALS    =      1373.7414
 EELEC  =    -10613.7718  EHBOND  =         0.0000  RESTRAINT  =         3.0838
 EAMBER (non-restraint)  =     -9168.6703
 EKCMT  =       837.4319  VIRIAL  =       966.4762  VOLUME     =     29870.5364
                                                    Density    =         0.9648
 Ewald error estimate:   0.1897E-03
 ------------------------------------------------------------------------------


      R M S  F L U C T U A T I O N S


 NSTEP =    10000   TIME(PS) =      20.000  TEMP(K) =    26.27  PRESS =   458.3
 Etot   =       323.1820  EKtot   =       150.8031  EPtot      =       178.7859
 BOND   =         1.4416  ANGLE   =         2.3157  DIHED      =         1.1821
 1-4 NB =         0.7403  1-4 EEL =         2.0434  VDWAALS    =        89.3078
 EELEC  =       258.2100  EHBOND  =         0.0000  RESTRAINT  =         1.2616
 EAMBER (non-restraint)  =       177.5243
 EKCMT  =        73.4414  VIRIAL  =       277.0419  VOLUME     =      1151.6620
                                                    Density    =         0.0344
 Ewald error estimate:   0.1379E-03
 ------------------------------------------------------------------------------


--------------------------------------------------------------------------------
   5.  TIMINGS
--------------------------------------------------------------------------------

|>>>>>>>>PROFILE of Average TIMES>>>>>>>>> 
|                Build the list             9.49 (97.00% of List )
|                Other                      0.29 ( 3.00% of List )
|             List time                  9.78 ( 9.37% of Nonbo)
|                   Short_ene time            62.94 (96.35% of Direc)
|                   Other                      2.38 ( 3.65% of Direc)
|                Direct Ewald time         65.32 (69.01% of Ewald)
|                Adjust Ewald time          0.35 ( 0.37% of Ewald)
|                   Fill Bspline coeffs        1.90 ( 8.64% of Recip)
|                   Fill charge grid           1.24 ( 5.63% of Recip)
|                   Scalar sum                 5.48 (24.92% of Recip)
|                   Grad sum                   2.77 (12.59% of Recip)
|                      FFT back comm time         1.75 (18.13% of FFT t)
|                      Other                      7.92 (81.87% of FFT t)
|                   FFT time                   9.68 (44.00% of Recip)
|                   Other                      0.93 ( 4.22% of Recip)
|                Recip Ewald time          21.99 (23.24% of Ewald)
|                Force Adjust               6.47 ( 6.84% of Ewald)
|                Virial junk                0.45 ( 0.48% of Ewald)
|                Other                      0.05 ( 0.05% of Ewald)
|             Ewald time                94.65 (90.62% of Nonbo)
|             Other                      0.01 ( 0.01% of Nonbo)
|          Nonbond force            104.44 (98.75% of Force)
|          Bond/Angle/Dihedral        0.15 ( 0.14% of Force)
|          FRC Collect time           0.93 ( 0.88% of Force)
|          Other                      0.25 ( 0.24% of Force)
|       Force time               105.77 (93.52% of Runmd)
|       Shake time                 0.41 ( 0.36% of Runmd)
|       Verlet update time         4.07 ( 3.60% of Runmd)
|       Ekcmr time                 1.48 ( 1.30% of Runmd)
|       CRD distribute time        0.54 ( 0.48% of Runmd)
|       Other                      0.83 ( 0.74% of Runmd)
|    Runmd Time               113.10 (99.84% of Total)
|    Other                      0.18 ( 0.16% of Total)
| Total time               113.27 (100.0% of ALL  )

| Number of list builds   :        905

| Highest rstack allocated:      39856
| Highest istack allocated:        854

| Final Performance Info:
| -----------------------------------------------------
| Average timings for all steps:
|     Elapsed(s) =     113.55 Per Step(ms) =      11.35
|         ns/day =      15.22   seconds/ns =    5677.40
| -----------------------------------------------------

|           Job began  at 14:37:56.189  on 03/14/2017
|           Setup done at 14:37:56.367  on 03/14/2017
|           Run   done at 14:39:49.745  on 03/14/2017
|     wallclock() was called  571877 times
