
          -------------------------------------------------------
          Amber 16 SANDER                              2016
          -------------------------------------------------------

| Run on 03/14/2017 at 15:30:25

|   Executable path: sander.MPI
| Working directory: /home/steboss/projects/mdgx-tests/alanine/IPOLQ/input/PhiPsi_1/60/330
|          Hostname: node011

  [-O]verwriting output

File Assignments:
|  MDIN: min.in                                                                
| MDOUT: Conf330.min.out                                                       
|INPCRD: Conf330.crd                                                           
|  PARM: Conf330.top                                                           
|RESTRT: Conf330.min                                                           
|  REFC: Conf330.crd                                                           
| MDVEL: mdvel                                                                 
| MDFRC: mdfrc                                                                 
|  MDEN: mden                                                                  
| MDCRD: mdcrd                                                                 
|MDINFO: mdinfo                                                                
|  MTMD: mtmd                                                                  
|INPDIP: inpdip                                                                
|RSTDIP: rstdip                                                                
|INPTRA: inptraj                                                               

|    REMLOG: rem.log
|   REMTYPE: rem.type
|  REMSTRIP: 
|   SAVEENE: saveene
|CLUSTERINF: cluster.info
| RESERVOIR: reserv/frame
|   REMDDIM: 


 Here is the input file:

Initial minimization                                                           
 &cntrl                                                                        
  ntx    = 1,       irest  = 0,       ntrx   = 1,      ntxo   = 1,             
  ntpr   = 20,      ntwx   = 0,       ntwv   = 0,      ntwe   = 0,             
                                                                               
  ntf    = 1,       ntb    = 1,                                                
  ntc    = 1,       ntr    = 1,                                                
  restraintmask = ':1',                                                        
  restraint_wt = 100.0,                                                        
  cut    = 9.0,                                                                
                                                                               
  imin   = 1,                                                                  
  maxcyc = 1000,                                                               
  ncyc   = 100,                                                                
                                                                               
 &end                                                                          

--------------------------------------------------------------------------------
   1.  RESOURCE   USE: 
--------------------------------------------------------------------------------

| Flags: MPI                                                                    
 getting new box info from bottom of inpcrd
|  INFO: Old style inpcrd file read

| peek_ewald_inpcrd: Box info found
|Largest sphere to fit in unit cell has radius =    14.194
| New format PARM file being parsed.
| Version =    1.000 Date = 03/14/17 Time = 13:40:31
 NATOM  =    2707 NTYPES =       9 NBONH =    2697 MBONA  =       9
 NTHETH =      25 MTHETA =      11 NPHIH =      43 MPHIA  =      24
 NHPARM =       0 NPARM  =       0 NNB   =    3679 NRES   =     898
 NBONA  =       9 NTHETA =      11 NPHIA =      24 NUMBND =      10
 NUMANG =      16 NPTRA  =      19 NATYP =       9 NPHB   =       1
 IFBOX  =       2 NMXRS  =      10 IFCAP =       0 NEXTRA =       0
 NCOPY  =       0


|     Memory Use     Allocated
|     Real              317079
|     Hollerith           9021
|     Integer            84740
|     Max Pairs         300250
|     nblistReal         32484
|     nblist Int         83571
|       Total             4596 kbytes

| Note: 1-4 EEL scale factors are being read from the topology file.

| Note: 1-4 VDW scale factors are being read from the topology file.
| Duplicated    0 dihedrals
| Duplicated    0 dihedrals

     BOX TYPE: TRUNCATED OCTAHEDRON

--------------------------------------------------------------------------------
   2.  CONTROL  DATA  FOR  THE  RUN
--------------------------------------------------------------------------------

default_name                                                                    

General flags:
     imin    =       1, nmropt  =       0

Nature and format of input:
     ntx     =       1, irest   =       0, ntrx    =       1

Nature and format of output:
     ntxo    =       1, ntpr    =      20, ntrx    =       1, ntwr    =       1
     iwrap   =       0, ntwx    =       0, ntwv    =       0, ntwe    =       0
     ioutfm  =       1, ntwprt  =       0, idecomp =       0, rbornstat=      0

Potential function:
     ntf     =       1, ntb     =       1, igb     =       0, nsnb    =      25
     ipol    =       0, gbsa    =       0, iesp    =       0
     dielc   =   1.00000, cut     =   9.00000, intdiel =   1.00000

Frozen or restrained atoms:
     ibelly  =       0, ntr     =       1
     restraint_wt = 100.00000

Energy minimization:
     maxcyc  =    1000, ncyc    =     100, ntmin   =       1
     dx0     =   0.01000, drms    =   0.00010

Ewald parameters:
     verbose =       0, ew_type =       0, nbflag  =       1, use_pme =       1
     vdwmeth =       1, eedmeth =       1, netfrc  =       0
     Box X =   34.768   Box Y =   34.768   Box Z =   34.768
     Alpha =  109.471   Beta  =  109.471   Gamma =  109.471
     NFFT1 =   36       NFFT2 =   36       NFFT3 =   36
     Cutoff=    9.000   Tol   =0.100E-04
     Ewald Coefficient =  0.30768
     Interpolation order =    4

| MPI Timing options:
|      profile_mpi =        0

    LOADING THE CONSTRAINED ATOMS AS GROUPS


   5.  REFERENCE ATOM COORDINATES

  defa
     Mask :1; matches     6 atoms

--------------------------------------------------------------------------------
   3.  ATOMIC COORDINATES AND VELOCITIES
--------------------------------------------------------------------------------

default_name                                                                    
 begin time read from input coords =     0.000 ps

 Number of triangulated 3-point waters found:      895
|  Atom division among processors:
|         0     340     676    1015    1354    1690    2029    2368
|      2707

     Sum of charges from parm topology file =  -0.00000000
     Forcing neutrality...
|  Running AMBER/MPI version on    8 nodes


--------------------------------------------------------------------------------
   4.  RESULTS
--------------------------------------------------------------------------------

 ---------------------------------------------------
 APPROXIMATING switch and d/dx switch using CUBIC SPLINE INTERPOLATION
 using   5000.0 points per unit in tabled values
 TESTING RELATIVE ERROR over r ranging from 0.0 to cutoff
| CHECK switch(x): max rel err =   0.2738E-14   at   2.422500
| CHECK d/dx switch(x): max rel err =   0.8314E-11   at   2.736960
 ---------------------------------------------------
| Local SIZE OF NONBOND LIST =      84403
| TOTAL SIZE OF NONBOND LIST =     630476


   NSTEP       ENERGY          RMS            GMAX         NAME    NUMBER
      1      -6.3588E+03     2.2285E+01     2.5503E+02     O        2285

 BOND    =        0.8290  ANGLE   =        2.8811  DIHED      =        9.9751
 VDWAALS =     2218.1443  EEL     =    -8636.2407  HBOND      =        0.0000
 1-4 VDW =        2.3142  1-4 EEL =       43.2680  RESTRAINT  =        0.0000


   NSTEP       ENERGY          RMS            GMAX         NAME    NUMBER
     20      -7.9851E+03     4.2608E+00     3.9496E+01     O         362

 BOND    =      448.6822  ANGLE   =        3.0256  DIHED      =       10.0650
 VDWAALS =     1220.0689  EEL     =    -9712.5064  HBOND      =        0.0000
 1-4 VDW =        2.2954  1-4 EEL =       43.2240  RESTRAINT  =        0.0153
 EAMBER  =    -7985.1452


   NSTEP       ENERGY          RMS            GMAX         NAME    NUMBER
     40      -8.8947E+03     7.4066E+00     5.4184E+01     H2       2287

 BOND    =      710.4479  ANGLE   =        3.0944  DIHED      =       10.0848
 VDWAALS =     1054.2706  EEL     =   -10717.9245  HBOND      =        0.0000
 1-4 VDW =        2.2717  1-4 EEL =       42.9968  RESTRAINT  =        0.0478
 EAMBER  =    -8894.7582


   NSTEP       ENERGY          RMS            GMAX         NAME    NUMBER
     60      -9.1894E+03     3.4492E+00     2.1343E+01     H1        414

 BOND    =      494.4244  ANGLE   =        3.1547  DIHED      =       10.1149
 VDWAALS =     1074.5875  EEL     =   -10816.8624  HBOND      =        0.0000
 1-4 VDW =        2.2498  1-4 EEL =       42.9185  RESTRAINT  =        0.0495
 EAMBER  =    -9189.4125


   NSTEP       ENERGY          RMS            GMAX         NAME    NUMBER
     80      -9.3386E+03     4.0766E+00     2.2749E+01     H1        414

 BOND    =      498.1367  ANGLE   =        3.1729  DIHED      =       10.1531
 VDWAALS =     1100.2704  EEL     =   -10995.4678  HBOND      =        0.0000
 1-4 VDW =        2.2343  1-4 EEL =       42.8681  RESTRAINT  =        0.0493
 EAMBER  =    -9338.6322


   NSTEP       ENERGY          RMS            GMAX         NAME    NUMBER
    100      -9.4696E+03     9.5622E-01     5.6049E+00     H1        789

 BOND    =      580.8774  ANGLE   =        3.1815  DIHED      =       10.1953
 VDWAALS =     1127.3620  EEL     =   -11236.3275  HBOND      =        0.0000
 1-4 VDW =        2.2221  1-4 EEL =       42.8354  RESTRAINT  =        0.0482
 EAMBER  =    -9469.6538


   NSTEP       ENERGY          RMS            GMAX         NAME    NUMBER
    120      -9.8934E+03     3.6958E+00     9.7749E+01     O        2174

 BOND    =      678.4561  ANGLE   =        3.3360  DIHED      =       10.6950
 VDWAALS =     1441.9861  EEL     =   -12072.9911  HBOND      =        0.0000
 1-4 VDW =        2.1883  1-4 EEL =       42.8720  RESTRAINT  =        0.0244
 EAMBER  =    -9893.4575


   NSTEP       ENERGY          RMS            GMAX         NAME    NUMBER
    140      -1.0029E+04     1.7165E+00     6.6608E+01     H2       2176

 BOND    =      685.1109  ANGLE   =        3.3452  DIHED      =       10.8996
 VDWAALS =     1473.0212  EEL     =   -12247.1302  HBOND      =        0.0000
 1-4 VDW =        2.1869  1-4 EEL =       43.0562  RESTRAINT  =        0.0205
 EAMBER  =   -10029.5102


   NSTEP       ENERGY          RMS            GMAX         NAME    NUMBER
    160      -1.0123E+04     7.9896E-01     1.1295E+01     O        2165

 BOND    =      673.6694  ANGLE   =        2.9279  DIHED      =       11.1068
 VDWAALS =     1482.3055  EEL     =   -12337.7886  HBOND      =        0.0000
 1-4 VDW =        2.1265  1-4 EEL =       43.0417  RESTRAINT  =        0.0221
 EAMBER  =   -10122.6109


   NSTEP       ENERGY          RMS            GMAX         NAME    NUMBER
    180      -1.0238E+04     1.3840E+00     2.4124E+01     CB         11

 BOND    =      721.7668  ANGLE   =        2.6661  DIHED      =       11.7810
 VDWAALS =     1681.8977  EEL     =   -12702.0954  HBOND      =        0.0000
 1-4 VDW =        2.1364  1-4 EEL =       43.4177  RESTRAINT  =        0.1043
 EAMBER  =   -10238.4298


   NSTEP       ENERGY          RMS            GMAX         NAME    NUMBER
    200      -1.0323E+04     8.7591E-01     1.9281E+01     CH3         2

 BOND    =      724.1689  ANGLE   =        3.3991  DIHED      =       11.9534
 VDWAALS =     1653.7190  EEL     =   -12762.4637  HBOND      =        0.0000
 1-4 VDW =        2.1825  1-4 EEL =       43.5293  RESTRAINT  =        0.1498
 EAMBER  =   -10323.5115


   NSTEP       ENERGY          RMS            GMAX         NAME    NUMBER
    220      -1.0368E+04     1.4206E+00     3.5399E+01     O           6

 BOND    =      725.2122  ANGLE   =        3.3154  DIHED      =       12.0945
 VDWAALS =     1712.8445  EEL     =   -12868.1531  HBOND      =        0.0000
 1-4 VDW =        2.2775  1-4 EEL =       43.6850  RESTRAINT  =        0.2817
 EAMBER  =   -10368.7240


   NSTEP       ENERGY          RMS            GMAX         NAME    NUMBER
    240      -1.0421E+04     9.1294E-01     1.9939E+01     CA          9

 BOND    =      742.8599  ANGLE   =        2.5728  DIHED      =       12.4729
 VDWAALS =     1745.8044  EEL     =   -12971.4630  HBOND      =        0.0000
 1-4 VDW =        2.1485  1-4 EEL =       44.1723  RESTRAINT  =        0.2768
 EAMBER  =   -10421.4323


   NSTEP       ENERGY          RMS            GMAX         NAME    NUMBER
    260      -1.0451E+04     8.4718E-01     2.3665E+01     C           5

 BOND    =      737.1263  ANGLE   =        3.2034  DIHED      =       12.4038
 VDWAALS =     1764.2938  EEL     =   -13014.6339  HBOND      =        0.0000
 1-4 VDW =        2.0731  1-4 EEL =       44.1560  RESTRAINT  =        0.1381
 EAMBER  =   -10451.3774


   NSTEP       ENERGY          RMS            GMAX         NAME    NUMBER
    280      -1.0499E+04     1.1428E+00     3.1283E+01     C          15

 BOND    =      772.9686  ANGLE   =        3.6553  DIHED      =       12.5562
 VDWAALS =     1855.2041  EEL     =   -13189.3736  HBOND      =        0.0000
 1-4 VDW =        1.9997  1-4 EEL =       44.2370  RESTRAINT  =        0.1517
 EAMBER  =   -10498.7527


   NSTEP       ENERGY          RMS            GMAX         NAME    NUMBER
    300      -1.0541E+04     8.1391E-01     2.3515E+01     C           5

 BOND    =      771.4011  ANGLE   =        2.9096  DIHED      =       12.4789
 VDWAALS =     1850.6380  EEL     =   -13224.9911  HBOND      =        0.0000
 1-4 VDW =        2.1150  1-4 EEL =       43.9393  RESTRAINT  =        0.1767
 EAMBER  =   -10541.5091


   NSTEP       ENERGY          RMS            GMAX         NAME    NUMBER
    320      -1.0569E+04     1.2939E+00     4.1504E+01     C           5

 BOND    =      766.4323  ANGLE   =        4.4447  DIHED      =       12.5355
 VDWAALS =     1889.4699  EEL     =   -13288.8106  HBOND      =        0.0000
 1-4 VDW =        2.1630  1-4 EEL =       43.5866  RESTRAINT  =        1.2052
 EAMBER  =   -10570.1786


   NSTEP       ENERGY          RMS            GMAX         NAME    NUMBER
    340      -1.0609E+04     5.5499E-01     1.2649E+01     C           5

 BOND    =      780.9025  ANGLE   =        2.6539  DIHED      =       12.3980
 VDWAALS =     1906.2117  EEL     =   -13357.1349  HBOND      =        0.0000
 1-4 VDW =        2.1767  1-4 EEL =       44.0740  RESTRAINT  =        0.1322
 EAMBER  =   -10608.7181


   NSTEP       ENERGY          RMS            GMAX         NAME    NUMBER
    360      -1.0623E+04     6.7875E-01     1.7630E+01     C           5

 BOND    =      773.4504  ANGLE   =        2.7639  DIHED      =       12.4621
 VDWAALS =     1913.8932  EEL     =   -13372.0662  HBOND      =        0.0000
 1-4 VDW =        2.1127  1-4 EEL =       44.2101  RESTRAINT  =        0.1464
 EAMBER  =   -10623.1738


   NSTEP       ENERGY          RMS            GMAX         NAME    NUMBER
    380      -1.0651E+04     6.7903E-01     1.1525E+01     O           6

 BOND    =      793.4572  ANGLE   =        2.7316  DIHED      =       12.5693
 VDWAALS =     1961.0891  EEL     =   -13467.3175  HBOND      =        0.0000
 1-4 VDW =        2.0479  1-4 EEL =       44.0541  RESTRAINT  =        0.2683
 EAMBER  =   -10651.3684


   NSTEP       ENERGY          RMS            GMAX         NAME    NUMBER
    400      -1.0675E+04     5.3087E-01     1.1255E+01     CB         11

 BOND    =      793.3996  ANGLE   =        2.8216  DIHED      =       12.5286
 VDWAALS =     1956.9584  EEL     =   -13487.0647  HBOND      =        0.0000
 1-4 VDW =        2.0970  1-4 EEL =       43.8875  RESTRAINT  =        0.2757
 EAMBER  =   -10675.3720


   NSTEP       ENERGY          RMS            GMAX         NAME    NUMBER
    420      -1.0698E+04     1.6027E+00     5.3823E+01     N          17

 BOND    =      790.7395  ANGLE   =        4.2830  DIHED      =       12.5830
 VDWAALS =     1991.4245  EEL     =   -13543.8491  HBOND      =        0.0000
 1-4 VDW =        2.1813  1-4 EEL =       43.7143  RESTRAINT  =        1.1851
 EAMBER  =   -10698.9235


   NSTEP       ENERGY          RMS            GMAX         NAME    NUMBER
    440      -1.0746E+04     7.8282E-01     3.0377E+01     C          15

 BOND    =      803.3759  ANGLE   =        3.2540  DIHED      =       12.3573
 VDWAALS =     2015.7751  EEL     =   -13626.6479  HBOND      =        0.0000
 1-4 VDW =        2.1643  1-4 EEL =       43.9218  RESTRAINT  =        0.1986
 EAMBER  =   -10745.7994


   NSTEP       ENERGY          RMS            GMAX         NAME    NUMBER
    460      -1.0754E+04     4.2686E-01     1.1914E+01     CH3        19

 BOND    =      800.8495  ANGLE   =        2.6863  DIHED      =       12.3794
 VDWAALS =     2018.9540  EEL     =   -13635.2342  HBOND      =        0.0000
 1-4 VDW =        2.1125  1-4 EEL =       44.0231  RESTRAINT  =        0.0537
 EAMBER  =   -10754.2293


   NSTEP       ENERGY          RMS            GMAX         NAME    NUMBER
    480      -1.0783E+04     5.4410E-01     1.0838E+01     O        1202

 BOND    =      814.4436  ANGLE   =        2.6305  DIHED      =       12.4644
 VDWAALS =     2060.7380  EEL     =   -13719.1536  HBOND      =        0.0000
 1-4 VDW =        2.0950  1-4 EEL =       43.9674  RESTRAINT  =        0.1953
 EAMBER  =   -10782.8147


   NSTEP       ENERGY          RMS            GMAX         NAME    NUMBER
    500      -1.0803E+04     6.4972E-01     2.1813E+01     O           6

 BOND    =      814.6235  ANGLE   =        2.8828  DIHED      =       12.4160
 VDWAALS =     2056.8350  EEL     =   -13736.4120  HBOND      =        0.0000
 1-4 VDW =        2.1273  1-4 EEL =       43.8411  RESTRAINT  =        0.3793
 EAMBER  =   -10803.6864


   NSTEP       ENERGY          RMS            GMAX         NAME    NUMBER
    520      -1.0813E+04     9.1079E-01     3.1054E+01     N          17

 BOND    =      807.2403  ANGLE   =        2.8187  DIHED      =       12.3571
 VDWAALS =     2064.5484  EEL     =   -13745.8952  HBOND      =        0.0000
 1-4 VDW =        2.1723  1-4 EEL =       43.7698  RESTRAINT  =        0.1988
 EAMBER  =   -10812.9887


   NSTEP       ENERGY          RMS            GMAX         NAME    NUMBER
    540      -1.0841E+04     4.3900E-01     8.4226E+00     CH3        19

 BOND    =      826.2157  ANGLE   =        2.8886  DIHED      =       12.2207
 VDWAALS =     2083.3615  EEL     =   -13811.7418  HBOND      =        0.0000
 1-4 VDW =        2.2333  1-4 EEL =       43.6667  RESTRAINT  =        0.0889
 EAMBER  =   -10841.1553


   NSTEP       ENERGY          RMS            GMAX         NAME    NUMBER
    560      -1.0851E+04     3.5126E-01     7.8689E+00     N          17

 BOND    =      819.5301  ANGLE   =        2.7490  DIHED      =       12.3125
 VDWAALS =     2088.0765  EEL     =   -13819.8084  HBOND      =        0.0000
 1-4 VDW =        2.1141  1-4 EEL =       43.8048  RESTRAINT  =        0.1096
 EAMBER  =   -10851.2213


   NSTEP       ENERGY          RMS            GMAX         NAME    NUMBER
    580      -1.0865E+04     4.9341E-01     7.8163E+00     CH3        19

 BOND    =      830.4122  ANGLE   =        3.1622  DIHED      =       12.2317
 VDWAALS =     2103.5866  EEL     =   -13859.8966  HBOND      =        0.0000
 1-4 VDW =        2.0663  1-4 EEL =       43.4875  RESTRAINT  =        0.0982
 EAMBER  =   -10864.9501


   NSTEP       ENERGY          RMS            GMAX         NAME    NUMBER
    600      -1.0876E+04     6.7045E-01     1.7322E+01     CH3        19

 BOND    =      828.4420  ANGLE   =        3.2667  DIHED      =       12.2036
 VDWAALS =     2105.5959  EEL     =   -13871.4478  HBOND      =        0.0000
 1-4 VDW =        2.0203  1-4 EEL =       43.6068  RESTRAINT  =        0.1534
 EAMBER  =   -10876.3124


   NSTEP       ENERGY          RMS            GMAX         NAME    NUMBER
    620      -1.0883E+04     4.6200E-01     1.2923E+01     CH3        19

 BOND    =      824.7306  ANGLE   =        3.0206  DIHED      =       12.1741
 VDWAALS =     2108.3818  EEL     =   -13877.6659  HBOND      =        0.0000
 1-4 VDW =        2.1273  1-4 EEL =       43.9588  RESTRAINT  =        0.1604
 EAMBER  =   -10883.2727


   NSTEP       ENERGY          RMS            GMAX         NAME    NUMBER
    640      -1.0894E+04     3.3946E-01     6.7867E+00     C           5

 BOND    =      830.5452  ANGLE   =        2.7146  DIHED      =       12.1943
 VDWAALS =     2114.5637  EEL     =   -13900.1144  HBOND      =        0.0000
 1-4 VDW =        2.2429  1-4 EEL =       43.8333  RESTRAINT  =        0.2049
 EAMBER  =   -10894.0204


   NSTEP       ENERGY          RMS            GMAX         NAME    NUMBER
    660      -1.0899E+04     3.4672E-01     1.0560E+01     N          17

 BOND    =      827.7376  ANGLE   =        2.7140  DIHED      =       12.1512
 VDWAALS =     2118.6730  EEL     =   -13906.5922  HBOND      =        0.0000
 1-4 VDW =        2.1787  1-4 EEL =       43.7450  RESTRAINT  =        0.1979
 EAMBER  =   -10899.3927


   NSTEP       ENERGY          RMS            GMAX         NAME    NUMBER
    680      -1.0906E+04     3.5263E-01     1.1514E+01     C           5

 BOND    =      831.6587  ANGLE   =        3.0980  DIHED      =       12.0859
 VDWAALS =     2128.4077  EEL     =   -13927.4812  HBOND      =        0.0000
 1-4 VDW =        2.0718  1-4 EEL =       43.5723  RESTRAINT  =        0.1389
 EAMBER  =   -10906.5868


   NSTEP       ENERGY          RMS            GMAX         NAME    NUMBER
    700      -1.0913E+04     3.5119E-01     8.3454E+00     O           6

 BOND    =      833.7821  ANGLE   =        2.9590  DIHED      =       12.1047
 VDWAALS =     2131.7044  EEL     =   -13939.5388  HBOND      =        0.0000
 1-4 VDW =        2.0054  1-4 EEL =       43.5787  RESTRAINT  =        0.1522
 EAMBER  =   -10913.4045


   NSTEP       ENERGY          RMS            GMAX         NAME    NUMBER
    720      -1.0919E+04     4.3942E-01     1.2572E+01     N          17

 BOND    =      830.2479  ANGLE   =        2.7568  DIHED      =       12.0800
 VDWAALS =     2137.7467  EEL     =   -13947.1811  HBOND      =        0.0000
 1-4 VDW =        2.0897  1-4 EEL =       43.5927  RESTRAINT  =        0.1173
 EAMBER  =   -10918.6674


   NSTEP       ENERGY          RMS            GMAX         NAME    NUMBER
    740      -1.0926E+04     2.6920E-01     4.7823E+00     CH3         2

 BOND    =      837.2800  ANGLE   =        2.8290  DIHED      =       12.0671
 VDWAALS =     2140.9555  EEL     =   -13965.3123  HBOND      =        0.0000
 1-4 VDW =        2.2213  1-4 EEL =       43.7759  RESTRAINT  =        0.2368
 EAMBER  =   -10926.1836


   NSTEP       ENERGY          RMS            GMAX         NAME    NUMBER
    760      -1.0931E+04     3.3835E-01     7.8863E+00     C          15

 BOND    =      834.1677  ANGLE   =        2.9157  DIHED      =       12.0609
 VDWAALS =     2144.5801  EEL     =   -13971.0340  HBOND      =        0.0000
 1-4 VDW =        2.1718  1-4 EEL =       43.6999  RESTRAINT  =        0.2453
 EAMBER  =   -10931.4380


   NSTEP       ENERGY          RMS            GMAX         NAME    NUMBER
    780      -1.0939E+04     3.0604E-01     7.8278E+00     C           5

 BOND    =      837.0947  ANGLE   =        3.0603  DIHED      =       11.9940
 VDWAALS =     2153.1030  EEL     =   -13989.7044  HBOND      =        0.0000
 1-4 VDW =        2.0455  1-4 EEL =       43.5422  RESTRAINT  =        0.1850
 EAMBER  =   -10938.8648


   NSTEP       ENERGY          RMS            GMAX         NAME    NUMBER
    800      -1.0946E+04     3.6388E-01     1.1641E+01     O           6

 BOND    =      840.9659  ANGLE   =        2.9001  DIHED      =       12.0206
 VDWAALS =     2156.5195  EEL     =   -14003.9637  HBOND      =        0.0000
 1-4 VDW =        1.9594  1-4 EEL =       43.5592  RESTRAINT  =        0.2303
 EAMBER  =   -10946.0390


   NSTEP       ENERGY          RMS            GMAX         NAME    NUMBER
    820      -1.0951E+04     4.4283E-01     1.3114E+01     C          15

 BOND    =      835.8211  ANGLE   =        2.8912  DIHED      =       11.9817
 VDWAALS =     2161.3939  EEL     =   -14008.8238  HBOND      =        0.0000
 1-4 VDW =        2.0532  1-4 EEL =       43.5989  RESTRAINT  =        0.1789
 EAMBER  =   -10951.0838


   NSTEP       ENERGY          RMS            GMAX         NAME    NUMBER
    840      -1.0957E+04     2.7853E-01     5.6030E+00     CH3         2

 BOND    =      844.3166  ANGLE   =        2.9070  DIHED      =       11.9871
 VDWAALS =     2164.5622  EEL     =   -14026.8434  HBOND      =        0.0000
 1-4 VDW =        2.2359  1-4 EEL =       43.6019  RESTRAINT  =        0.2383
 EAMBER  =   -10957.2327


   NSTEP       ENERGY          RMS            GMAX         NAME    NUMBER
    860      -1.0962E+04     3.2212E-01     9.5510E+00     N          17

 BOND    =      839.5804  ANGLE   =        2.8477  DIHED      =       11.9772
 VDWAALS =     2168.0315  EEL     =   -14030.3477  HBOND      =        0.0000
 1-4 VDW =        2.1934  1-4 EEL =       43.6375  RESTRAINT  =        0.2458
 EAMBER  =   -10962.0799


   NSTEP       ENERGY          RMS            GMAX         NAME    NUMBER
    880      -1.0967E+04     4.1491E-01     1.7125E+01     C           5

 BOND    =      843.0225  ANGLE   =        3.0566  DIHED      =       11.9142
 VDWAALS =     2174.6575  EEL     =   -14045.6517  HBOND      =        0.0000
 1-4 VDW =        2.0456  1-4 EEL =       43.5597  RESTRAINT  =        0.2361
 EAMBER  =   -10967.3955


   NSTEP       ENERGY          RMS            GMAX         NAME    NUMBER
    900      -1.0973E+04     4.4908E-01     1.1074E+01     O           6

 BOND    =      847.5491  ANGLE   =        2.8234  DIHED      =       11.9479
 VDWAALS =     2177.4025  EEL     =   -14057.9946  HBOND      =        0.0000
 1-4 VDW =        1.9489  1-4 EEL =       43.4528  RESTRAINT  =        0.2478
 EAMBER  =   -10972.8701


   NSTEP       ENERGY          RMS            GMAX         NAME    NUMBER
    920      -1.0977E+04     3.4868E-01     7.7584E+00     CH3        19

 BOND    =      839.4673  ANGLE   =        2.7767  DIHED      =       11.9380
 VDWAALS =     2180.5708  EEL     =   -14057.1944  HBOND      =        0.0000
 1-4 VDW =        2.0841  1-4 EEL =       43.4874  RESTRAINT  =        0.2023
 EAMBER  =   -10976.8701


   NSTEP       ENERGY          RMS            GMAX         NAME    NUMBER
    940      -1.0981E+04     2.3367E-01     5.1742E+00     C          15

 BOND    =      849.7132  ANGLE   =        2.8555  DIHED      =       11.9342
 VDWAALS =     2182.8228  EEL     =   -14074.6239  HBOND      =        0.0000
 1-4 VDW =        2.2292  1-4 EEL =       43.5131  RESTRAINT  =        0.2426
 EAMBER  =   -10981.5560


   NSTEP       ENERGY          RMS            GMAX         NAME    NUMBER
    960      -1.0986E+04     2.6130E-01     8.1429E+00     H          18

 BOND    =      845.9929  ANGLE   =        2.8937  DIHED      =       11.8938
 VDWAALS =     2185.9870  EEL     =   -14078.9766  HBOND      =        0.0000
 1-4 VDW =        2.1571  1-4 EEL =       43.5755  RESTRAINT  =        0.2425
 EAMBER  =   -10986.4766


   NSTEP       ENERGY          RMS            GMAX         NAME    NUMBER
    980      -1.0991E+04     3.9010E-01     9.9903E+00     CH3        19

 BOND    =      846.4338  ANGLE   =        3.0431  DIHED      =       11.8567
 VDWAALS =     2191.9974  EEL     =   -14090.1689  HBOND      =        0.0000
 1-4 VDW =        2.0715  1-4 EEL =       43.5626  RESTRAINT  =        0.2484
 EAMBER  =   -10991.2038


   NSTEP       ENERGY          RMS            GMAX         NAME    NUMBER
   1000      -1.0997E+04     3.9122E-01     1.3852E+01     CH3        19

 BOND    =      849.8330  ANGLE   =        2.8027  DIHED      =       11.8785
 VDWAALS =     2194.5226  EEL     =   -14101.1532  HBOND      =        0.0000
 1-4 VDW =        1.9676  1-4 EEL =       43.3751  RESTRAINT  =        0.2310
 EAMBER  =   -10996.7736


  Maximum number of minimization cycles reached.


                    FINAL RESULTS



   NSTEP       ENERGY          RMS            GMAX         NAME    NUMBER
   1000      -1.0997E+04     3.9122E-01     1.3852E+01     CH3        19

 BOND    =      849.8330  ANGLE   =        2.8027  DIHED      =       11.8785
 VDWAALS =     2194.5226  EEL     =   -14101.1532  HBOND      =        0.0000
 1-4 VDW =        1.9676  1-4 EEL =       43.3751  RESTRAINT  =        0.2310
 EAMBER  =   -10996.7736

--------------------------------------------------------------------------------
   5.  TIMINGS
--------------------------------------------------------------------------------

|    Read coords time           0.01 ( 0.01% of Total)
|                Build the list             0.06 (55.19% of List )
|                Other                      0.05 (44.81% of List )
|             List time                  0.11 ( 0.90% of Nonbo)
|                   Short_ene time             4.66 (96.41% of Direc)
|                   Other                      0.17 ( 3.59% of Direc)
|                Direct Ewald time          4.84 (40.36% of Ewald)
|                Adjust Ewald time          0.03 ( 0.24% of Ewald)
|                Self Ewald time            0.00 ( 0.01% of Ewald)
|                   Fill Bspline coeffs        0.14 ( 2.06% of Recip)
|                   Fill charge grid           0.10 ( 1.55% of Recip)
|                   Scalar sum                 0.50 ( 7.59% of Recip)
|                   Grad sum                   0.23 ( 3.41% of Recip)
|                      FFT back comm time         2.51 (46.44% of FFT t)
|                      Other                      2.89 (53.56% of FFT t)
|                   FFT time                   5.40 (81.21% of Recip)
|                   Other                      0.28 ( 4.18% of Recip)
|                Recip Ewald time           6.65 (55.47% of Ewald)
|                Force Adjust               0.31 ( 2.55% of Ewald)
|                Virial junk                0.16 ( 1.32% of Ewald)
|                Other                      0.01 ( 0.05% of Ewald)
|             Ewald time                11.99 (99.09% of Nonbo)
|             Other                      0.00 ( 0.01% of Nonbo)
|          Nonbond force             12.10 (81.45% of Force)
|          Bond/Angle/Dihedral        0.03 ( 0.17% of Force)
|          FRC Collect time           2.47 (16.63% of Force)
|          Other                      0.26 ( 1.75% of Force)
|       Force time                14.85 (100.0% of Runmd)
|    Runmd Time                14.85 ( 8.63% of Total)
|    Other                    157.25 (91.37% of Total)
| Total time               172.11 (100.0% of ALL  )

| Highest rstack allocated:      38452
| Highest istack allocated:        802
|           Job began  at 15:30:25.037  on 03/14/2017
|           Setup done at 15:30:25.211  on 03/14/2017
|           Run   done at 15:33:17.148  on 03/14/2017
|     wallclock() was called   44068 times
