
          -------------------------------------------------------
          Amber 16 SANDER                              2016
          -------------------------------------------------------

| Run on 03/14/2017 at 15:06:10

|   Executable path: sander.MPI
| Working directory: /home/steboss/projects/mdgx-tests/alanine/IPOLQ/input/PhiPsi_1/300/180
|          Hostname: node002

  [-O]verwriting output

File Assignments:
|  MDIN: equil.in                                                              
| MDOUT: Conf180.eq.out                                                        
|INPCRD: Conf180.min                                                           
|  PARM: Conf180.top                                                           
|RESTRT: Conf180.rst                                                           
|  REFC: Conf180.crd                                                           
| MDVEL: mdvel                                                                 
| MDFRC: mdfrc                                                                 
|  MDEN: mden                                                                  
| MDCRD: mdcrd                                                                 
|MDINFO: mdinfo                                                                
|  MTMD: mtmd                                                                  
|INPDIP: inpdip                                                                
|RSTDIP: rstdip                                                                
|INPTRA: inptraj                                                               

|    REMLOG: rem.log
|   REMTYPE: rem.type
|  REMSTRIP: 
|   SAVEENE: saveene
|CLUSTERINF: cluster.info
| RESERVOIR: reserv/frame
|   REMDDIM: 


 Here is the input file:

Equilibrate water in NPT                                                       
 &cntrl                                                                        
                                                                               
  nmropt = 0,                                                                  
  ntx    = 1,       irest  = 0,       ntrx   = 1,      ntxo   = 1,             
  ntpr   = 1000,    ntwx   = 1000,    ntwv   = 0,      ntwe   = 1000,          
  iwrap  = 0,       ioutfm = 1,                                                
                                                                               
  ntf    = 2,       ntb    = 2,                                                
  cut = 9.0,                                                                   
                                                                               
  ibelly = 0,       ntr    = 1,                                                
  restraintmask = ':1',                                                        
  restraint_wt = 100.0,                                                        
                                                                               
  imin   = 0,                                                                  
  nstlim = 10000,                                                              
  nscm   = 1000,                                                               
  t      = 0.0,     dt     = 0.002,                                            
                                                                               
  temp0     = 298.0,   tempi  = 0.0,                                           
  ig        = -1,                                                              
  ntt       = 3,                                                               
  gamma_ln  = 3.0,                                                             
                                                                               
  ntp    = 1,       pres0  = 1.0,     comp   = 44.6,                           
  taup   = 1.0,                                                                
                                                                               
  ntc    = 2,       tol    = 0.000001, watnam = 'WAT ',                        
                                                                               
 &end                                                                          

--------------------------------------------------------------------------------
   1.  RESOURCE   USE: 
--------------------------------------------------------------------------------

| Flags: MPI                                                                    
 getting new box info from bottom of inpcrd
|  INFO: Old style inpcrd file read

| peek_ewald_inpcrd: Box info found
|Largest sphere to fit in unit cell has radius =    14.680
| New format PARM file being parsed.
| Version =    1.000 Date = 03/14/17 Time = 13:39:48
 NATOM  =    2956 NTYPES =       9 NBONH =    2946 MBONA  =       9
 NTHETH =      25 MTHETA =      11 NPHIH =      43 MPHIA  =      24
 NHPARM =       0 NPARM  =       0 NNB   =    4011 NRES   =     981
 NBONA  =       9 NTHETA =      11 NPHIA =      24 NUMBND =      10
 NUMANG =      16 NPTRA  =      19 NATYP =       9 NPHB   =       1
 IFBOX  =       2 NMXRS  =      10 IFCAP =       0 NEXTRA =       0
 NCOPY  =       0


|     Memory Use     Allocated
|     Real              302572
|     Hollerith           9851
|     Integer            90384
|     Max Pairs         327868
|     nblistReal         35472
|     nblist Int         99312
|       Total             4701 kbytes

| Note: 1-4 EEL scale factors are being read from the topology file.

| Note: 1-4 VDW scale factors are being read from the topology file.
| Duplicated    0 dihedrals
| Duplicated    0 dihedrals

     BOX TYPE: TRUNCATED OCTAHEDRON
Note: ig = -1. Setting random seed to    31285 based on wallclock time in microseconds
      and disabling the synchronization of random numbers between tasks
      to improve performance.

--------------------------------------------------------------------------------
   2.  CONTROL  DATA  FOR  THE  RUN
--------------------------------------------------------------------------------

default_name                                                                    

General flags:
     imin    =       0, nmropt  =       0

Nature and format of input:
     ntx     =       1, irest   =       0, ntrx    =       1

Nature and format of output:
     ntxo    =       1, ntpr    =    1000, ntrx    =       1, ntwr    =   10000
     iwrap   =       0, ntwx    =    1000, ntwv    =       0, ntwe    =    1000
     ioutfm  =       1, ntwprt  =       0, idecomp =       0, rbornstat=      0

Potential function:
     ntf     =       2, ntb     =       2, igb     =       0, nsnb    =      25
     ipol    =       0, gbsa    =       0, iesp    =       0
     dielc   =   1.00000, cut     =   9.00000, intdiel =   1.00000

Frozen or restrained atoms:
     ibelly  =       0, ntr     =       1
     restraint_wt = 100.00000

Molecular dynamics:
     nstlim  =     10000, nscm    =         0, nrespa  =         1
     t       =   0.00000, dt      =   0.00200, vlimit  =  20.00000

Langevin dynamics temperature regulation:
     ig      =   31285
     temp0   = 298.00000, tempi   =   0.00000, gamma_ln=   3.00000

Pressure regulation:
     ntp     =       1
     pres0   =   1.00000, comp    =  44.60000, taup    =   1.00000

SHAKE:
     ntc     =       2, jfastw  =       0
     tol     =   0.00000

Ewald parameters:
     verbose =       0, ew_type =       0, nbflag  =       1, use_pme =       1
     vdwmeth =       1, eedmeth =       1, netfrc  =       1
     Box X =   35.959   Box Y =   35.959   Box Z =   35.959
     Alpha =  109.471   Beta  =  109.471   Gamma =  109.471
     NFFT1 =   36       NFFT2 =   36       NFFT3 =   36
     Cutoff=    9.000   Tol   =0.100E-04
     Ewald Coefficient =  0.30768
     Interpolation order =    4

| MPI Timing options:
|      profile_mpi =        0

    LOADING THE CONSTRAINED ATOMS AS GROUPS


   5.  REFERENCE ATOM COORDINATES

  defa
     Mask :1; matches     6 atoms

--------------------------------------------------------------------------------
   3.  ATOMIC COORDINATES AND VELOCITIES
--------------------------------------------------------------------------------

defa                                                                            
 begin time read from input coords =     0.000 ps

 Number of triangulated 3-point waters found:      978
|  Atom division among processors:
|         0     370     739    1108    1477    1846    2218    2587
|      2956

     Sum of charges from parm topology file =  -0.00000000
     Forcing neutrality...
|  Running AMBER/MPI version on    8 nodes


--------------------------------------------------------------------------------
   4.  RESULTS
--------------------------------------------------------------------------------

|  # of SOLUTE  degrees of freedom (RNDFP):    5922.
|  # of SOLVENT degrees of freedom (RNDFS):       0.
|  NDFMIN =    5922.     NUM_NOSHAKE =      0     CORRECTED RNDFP =    5922.
|  TOTAL # of degrees of freedom (RNDF) =    5922.
 ---------------------------------------------------
 APPROXIMATING switch and d/dx switch using CUBIC SPLINE INTERPOLATION
 using   5000.0 points per unit in tabled values
 TESTING RELATIVE ERROR over r ranging from 0.0 to cutoff
| CHECK switch(x): max rel err =   0.2738E-14   at   2.422500
| CHECK d/dx switch(x): max rel err =   0.8314E-11   at   2.736960
 ---------------------------------------------------
| Local SIZE OF NONBOND LIST =      91458
| TOTAL SIZE OF NONBOND LIST =     682200

 NSTEP =        0   TIME(PS) =       0.000  TEMP(K) =     0.00  PRESS = -5593.4
 Etot   =    -12887.7644  EKtot   =         0.0000  EPtot      =    -12887.7644
 BOND   =         0.3382  ANGLE   =         1.8513  DIHED      =         9.3138
 1-4 NB =         2.8201  1-4 EEL =        47.2933  VDWAALS    =      2229.2134
 EELEC  =    -15178.8756  EHBOND  =         0.0000  RESTRAINT  =         0.2812
 EAMBER (non-restraint)  =    -12888.0455
 EKCMT  =         0.0000  VIRIAL  =      4322.6769  VOLUME     =     35793.2509
                                                    Density    =         0.8241
 Ewald error estimate:   0.1806E-03
 ------------------------------------------------------------------------------


 NSTEP =     1000   TIME(PS) =       2.000  TEMP(K) =   290.35  PRESS =  -739.2
 Etot   =     -7515.2573  EKtot   =      1708.4562  EPtot      =     -9223.7135
 BOND   =         1.8413  ANGLE   =         8.0676  DIHED      =         9.6866
 1-4 NB =         3.4594  1-4 EEL =        46.2727  VDWAALS    =      1383.2693
 EELEC  =    -10681.6296  EHBOND  =         0.0000  RESTRAINT  =         5.3193
 EAMBER (non-restraint)  =     -9229.0327
 EKCMT  =       831.8916  VIRIAL  =      1352.4306  VOLUME     =     32613.6175
                                                    Density    =         0.9045
 Ewald error estimate:   0.4770E-04
 ------------------------------------------------------------------------------


 NSTEP =     2000   TIME(PS) =       4.000  TEMP(K) =   298.66  PRESS =  -854.3
 Etot   =     -7565.0001  EKtot   =      1757.3465  EPtot      =     -9322.3465
 BOND   =         3.9365  ANGLE   =         9.3821  DIHED      =        10.8879
 1-4 NB =         3.1439  1-4 EEL =        43.5134  VDWAALS    =      1323.5687
 EELEC  =    -10719.5478  EHBOND  =         0.0000  RESTRAINT  =         2.7687
 EAMBER (non-restraint)  =     -9325.1152
 EKCMT  =       873.7028  VIRIAL  =      1448.9400  VOLUME     =     31187.6683
                                                    Density    =         0.9458
 Ewald error estimate:   0.4141E-04
 ------------------------------------------------------------------------------


 NSTEP =     3000   TIME(PS) =       6.000  TEMP(K) =   292.46  PRESS =  -102.0
 Etot   =     -7701.9157  EKtot   =      1720.8532  EPtot      =     -9422.7689
 BOND   =         3.5081  ANGLE   =         6.3003  DIHED      =        11.5038
 1-4 NB =         3.1334  1-4 EEL =        47.2522  VDWAALS    =      1419.1918
 EELEC  =    -10916.9448  EHBOND  =         0.0000  RESTRAINT  =         3.2863
 EAMBER (non-restraint)  =     -9426.0551
 EKCMT  =       850.4475  VIRIAL  =       917.2105  VOLUME     =     30301.4753
                                                    Density    =         0.9735
 Ewald error estimate:   0.4277E-03
 ------------------------------------------------------------------------------


 NSTEP =     4000   TIME(PS) =       8.000  TEMP(K) =   301.89  PRESS =   344.6
 Etot   =     -7653.2586  EKtot   =      1776.3187  EPtot      =     -9429.5772
 BOND   =         3.7502  ANGLE   =         6.1814  DIHED      =        13.0657
 1-4 NB =         2.8424  1-4 EEL =        48.1866  VDWAALS    =      1473.2901
 EELEC  =    -10982.4380  EHBOND  =         0.0000  RESTRAINT  =         5.5444
 EAMBER (non-restraint)  =     -9435.1217
 EKCMT  =       888.3670  VIRIAL  =       664.5208  VOLUME     =     30087.9500
                                                    Density    =         0.9804
 Ewald error estimate:   0.2899E-03
 ------------------------------------------------------------------------------


 NSTEP =     5000   TIME(PS) =      10.000  TEMP(K) =   297.08  PRESS =    93.8
 Etot   =     -7664.7133  EKtot   =      1748.0672  EPtot      =     -9412.7805
 BOND   =         3.0269  ANGLE   =         8.6134  DIHED      =        11.0248
 1-4 NB =         2.6156  1-4 EEL =        44.4657  VDWAALS    =      1422.6592
 EELEC  =    -10908.8699  EHBOND  =         0.0000  RESTRAINT  =         3.6837
 EAMBER (non-restraint)  =     -9416.4642
 EKCMT  =       861.8202  VIRIAL  =       801.3033  VOLUME     =     29885.7682
                                                    Density    =         0.9870
 Ewald error estimate:   0.7088E-03
 ------------------------------------------------------------------------------


 NSTEP =     6000   TIME(PS) =      12.000  TEMP(K) =   303.82  PRESS =  -127.7
 Etot   =     -7604.4682  EKtot   =      1787.6958  EPtot      =     -9392.1641
 BOND   =         2.5081  ANGLE   =         8.1528  DIHED      =         8.9545
 1-4 NB =         2.7085  1-4 EEL =        44.5367  VDWAALS    =      1373.0566
 EELEC  =    -10832.8246  EHBOND  =         0.0000  RESTRAINT  =         0.7434
 EAMBER (non-restraint)  =     -9392.9075
 EKCMT  =       876.7269  VIRIAL  =       959.3862  VOLUME     =     29980.7036
                                                    Density    =         0.9839
 Ewald error estimate:   0.1773E-03
 ------------------------------------------------------------------------------


 NSTEP =     7000   TIME(PS) =      14.000  TEMP(K) =   294.20  PRESS =   125.3
 Etot   =     -7714.2232  EKtot   =      1731.1126  EPtot      =     -9445.3358
 BOND   =         3.9705  ANGLE   =        10.0502  DIHED      =        12.1447
 1-4 NB =         2.4505  1-4 EEL =        43.0057  VDWAALS    =      1430.7591
 EELEC  =    -10951.6426  EHBOND  =         0.0000  RESTRAINT  =         3.9261
 EAMBER (non-restraint)  =     -9449.2619
 EKCMT  =       865.4763  VIRIAL  =       784.5126  VOLUME     =     29937.0871
                                                    Density    =         0.9853
 Ewald error estimate:   0.1327E-05
 ------------------------------------------------------------------------------


 NSTEP =     8000   TIME(PS) =      16.000  TEMP(K) =   306.95  PRESS =   216.5
 Etot   =     -7657.4964  EKtot   =      1806.1212  EPtot      =     -9463.6176
 BOND   =         2.4548  ANGLE   =         6.0711  DIHED      =         9.6838
 1-4 NB =         2.6177  1-4 EEL =        45.6173  VDWAALS    =      1441.0259
 EELEC  =    -10975.9113  EHBOND  =         0.0000  RESTRAINT  =         4.8232
 EAMBER (non-restraint)  =     -9468.4408
 EKCMT  =       920.6198  VIRIAL  =       780.4967  VOLUME     =     29979.3699
                                                    Density    =         0.9839
 Ewald error estimate:   0.7550E-04
 ------------------------------------------------------------------------------


 NSTEP =     9000   TIME(PS) =      18.000  TEMP(K) =   303.29  PRESS =   631.7
 Etot   =     -7603.2357  EKtot   =      1784.5583  EPtot      =     -9387.7939
 BOND   =         2.9812  ANGLE   =        11.1550  DIHED      =        10.8966
 1-4 NB =         1.1325  1-4 EEL =        43.7428  VDWAALS    =      1489.7125
 EELEC  =    -10951.9090  EHBOND  =         0.0000  RESTRAINT  =         4.4944
 EAMBER (non-restraint)  =     -9392.2883
 EKCMT  =       881.5799  VIRIAL  =       473.1822  VOLUME     =     29943.9136
                                                    Density    =         0.9851
 Ewald error estimate:   0.8686E-04
 ------------------------------------------------------------------------------


 NSTEP =    10000   TIME(PS) =      20.000  TEMP(K) =   298.34  PRESS =  -118.5
 Etot   =     -7605.1470  EKtot   =      1755.4575  EPtot      =     -9360.6046
 BOND   =         4.5380  ANGLE   =         5.2820  DIHED      =        11.5363
 1-4 NB =         1.7686  1-4 EEL =        43.5925  VDWAALS    =      1340.7200
 EELEC  =    -10770.2212  EHBOND  =         0.0000  RESTRAINT  =         2.1792
 EAMBER (non-restraint)  =     -9362.7837
 EKCMT  =       857.3044  VIRIAL  =       932.6911  VOLUME     =     29463.8103
                                                    Density    =         1.0012
 Ewald error estimate:   0.8436E-04
 ------------------------------------------------------------------------------


      A V E R A G E S   O V E R   10000 S T E P S


 NSTEP =    10000   TIME(PS) =      20.000  TEMP(K) =   293.52  PRESS =  -217.2
 Etot   =     -7661.1651  EKtot   =      1727.0934  EPtot      =     -9388.2585
 BOND   =         3.0133  ANGLE   =         8.2794  DIHED      =        11.2754
 1-4 NB =         3.1180  1-4 EEL =        46.6525  VDWAALS    =      1402.0993
 EELEC  =    -10865.9154  EHBOND  =         0.0000  RESTRAINT  =         3.2190
 EAMBER (non-restraint)  =     -9391.4775
 EKCMT  =       858.1166  VIRIAL  =      1010.6697  VOLUME     =     30634.4264
                                                    Density    =         0.9644
 Ewald error estimate:   0.1850E-03
 ------------------------------------------------------------------------------


      R M S  F L U C T U A T I O N S


 NSTEP =    10000   TIME(PS) =      20.000  TEMP(K) =    26.34  PRESS =   458.7
 Etot   =       324.7789  EKtot   =       154.9790  EPtot      =       177.2148
 BOND   =         1.4697  ANGLE   =         2.4397  DIHED      =         1.1561
 1-4 NB =         0.7200  1-4 EEL =         1.9432  VDWAALS    =        86.5958
 EELEC  =       252.0705  EHBOND  =         0.0000  RESTRAINT  =         1.3265
 EAMBER (non-restraint)  =       175.8883
 EKCMT  =        75.0052  VIRIAL  =       286.4743  VOLUME     =      1273.1406
                                                    Density    =         0.0370
 Ewald error estimate:   0.1397E-03
 ------------------------------------------------------------------------------


--------------------------------------------------------------------------------
   5.  TIMINGS
--------------------------------------------------------------------------------

|>>>>>>>>PROFILE of Average TIMES>>>>>>>>> 
|                Build the list            14.18 (96.88% of List )
|                Other                      0.46 ( 3.12% of List )
|             List time                 14.64 (10.57% of Nonbo)
|                   Short_ene time            82.71 (96.17% of Direc)
|                   Other                      3.29 ( 3.83% of Direc)
|                Direct Ewald time         86.00 (69.45% of Ewald)
|                Adjust Ewald time          0.52 ( 0.42% of Ewald)
|                Self Ewald time            0.01 ( 0.01% of Ewald)
|                   Fill Bspline coeffs        1.99 ( 6.76% of Recip)
|                   Fill charge grid           2.06 ( 6.98% of Recip)
|                   Scalar sum                 7.79 (26.44% of Recip)
|                   Grad sum                   3.65 (12.40% of Recip)
|                      FFT back comm time         4.02 (30.81% of FFT t)
|                      Other                      9.02 (69.19% of FFT t)
|                   FFT time                  13.04 (44.25% of Recip)
|                   Other                      0.94 ( 3.18% of Recip)
|                Recip Ewald time          29.46 (23.79% of Ewald)
|                Force Adjust               7.11 ( 5.74% of Ewald)
|                Virial junk                0.67 ( 0.54% of Ewald)
|                Other                      0.07 ( 0.06% of Ewald)
|             Ewald time               123.84 (89.42% of Nonbo)
|             Other                      0.01 ( 0.01% of Nonbo)
|          Nonbond force            138.50 (97.94% of Force)
|          Bond/Angle/Dihedral        0.22 ( 0.16% of Force)
|          FRC Collect time           2.28 ( 1.61% of Force)
|          Other                      0.41 ( 0.29% of Force)
|       Force time               141.41 (91.33% of Runmd)
|       Shake time                 0.60 ( 0.39% of Runmd)
|       Verlet update time         6.18 ( 3.99% of Runmd)
|       Ekcmr time                 2.34 ( 1.51% of Runmd)
|       CRD distribute time        1.82 ( 1.17% of Runmd)
|       Other                      2.49 ( 1.61% of Runmd)
|    Runmd Time               154.84 (100.0% of Total)
|    Other                      0.15 ( 0.10% of Total)
| Total time               154.99 (100.0% of ALL  )

| Number of list builds   :        909

| Highest rstack allocated:      40423
| Highest istack allocated:        875

| Final Performance Info:
| -----------------------------------------------------
| Average timings for all steps:
|     Elapsed(s) =     156.24 Per Step(ms) =      15.62
|         ns/day =      11.06   seconds/ns =    7812.05
| -----------------------------------------------------

|           Job began  at 15:06:10.917  on 03/14/2017
|           Setup done at 15:06:11.074  on 03/14/2017
|           Run   done at 15:08:46.810  on 03/14/2017
|     wallclock() was called  571885 times
