
          -------------------------------------------------------
          Amber 16 SANDER                              2016
          -------------------------------------------------------

| Run on 02/14/2017 at 17:22:16

|   Executable path: sander
| Working directory: /home/steboss/Simulation/paramfit-tests/alanine/alanine_MP2/6_simulations/sims_4/create_system/equilibration
|          Hostname: Unknown
  [-O]verwriting output

File Assignments:
|  MDIN: md00002.in                                                            
| MDOUT: md00002.out                                                           
|INPCRD: min00001.rst7                                                         
|  PARM: solvated.parm7                                                        
|RESTRT: md00002.rst7                                                          
|  REFC: solvated.rst7                                                         
| MDVEL: mdvel                                                                 
| MDFRC: mdfrc                                                                 
|  MDEN: md00002.en                                                            
| MDCRD: md00002.nc                                                            
|MDINFO: md00002.info                                                          
|  MTMD: mtmd                                                                  
|INPDIP: inpdip                                                                
|RSTDIP: rstdip                                                                
|INPTRA: inptraj                                                               


 Here is the input file:

heat the system                                                                
&cntrl                                                                         
ntxo=1,                                                                        
imin = 0, nstlim = 1000, irest = 0, ntx = 1, dt = 0.002,                       
nmropt = 1,                                                                    
ntt = 1, temp0 = 300.0, tempi = 5.0, tautp = 1.0,                              
ntb = 1, pres0 = 1.0,                                                          
ntc = 2, ntf = 2,                                                              
ioutfm = 1, iwrap = 1,                                                         
ntwe = 200, ntwx = 200, ntpr = 100,                                            
ntr = 1, restraint_wt = 10.00,                                                 
restraintmask="!:WAT,HOH,T3P,T4P",                                             
/                                                                              
                                                                               
&wt                                                                            
type = 'TEMP0',                                                                
istep1 = 0, istep2 = 1000,                                                     
value1 = 5.0, value2 = 300.0                                                   
/                                                                              
                                                                               
&wt type = 'END'                                                               
 /                                                                             
                                                                               

--------------------------------------------------------------------------------
   1.  RESOURCE   USE: 
--------------------------------------------------------------------------------

| Flags:                                                                        
 getting new box info from bottom of inpcrd
|  INFO: Old style inpcrd file read

| peek_ewald_inpcrd: Box info found
|Largest sphere to fit in unit cell has radius =    16.635
| New format PARM file being parsed.
| Version =    1.000 Date = 02/14/17 Time = 17:22:13
 NATOM  =    2986 NTYPES =       9 NBONH =    2976 MBONA  =       9
 NTHETH =      25 MTHETA =      11 NPHIH =      43 MPHIA  =      24
 NHPARM =       0 NPARM  =       0 NNB   =    4051 NRES   =     991
 NBONA  =       9 NTHETA =      11 NPHIA =      24 NUMBND =      10
 NUMANG =      16 NPTRA  =      21 NATYP =       9 NPHB   =       1
 IFBOX  =       1 NMXRS  =      10 IFCAP =       0 NEXTRA =       0
 NCOPY  =       0


|     Memory Use     Allocated
|     Real              296445
|     Hollerith           9951
|     Integer            91109
|     Max Pairs         995333
|     nblistReal         35832
|     nblist Int        158237
|       Total             7496 kbytes

| Note: 1-4 EEL scale factors are being read from the topology file.

| Note: 1-4 VDW scale factors are being read from the topology file.
| Duplicated    0 dihedrals
| Duplicated    0 dihedrals

     BOX TYPE: RECTILINEAR

--------------------------------------------------------------------------------
   2.  CONTROL  DATA  FOR  THE  RUN
--------------------------------------------------------------------------------

ACE                                                                             

General flags:
     imin    =       0, nmropt  =       1

Nature and format of input:
     ntx     =       1, irest   =       0, ntrx    =       1

Nature and format of output:
     ntxo    =       1, ntpr    =     100, ntrx    =       1, ntwr    =    1000
     iwrap   =       1, ntwx    =     200, ntwv    =       0, ntwe    =     200
     ioutfm  =       1, ntwprt  =       0, idecomp =       0, rbornstat=      0

Potential function:
     ntf     =       2, ntb     =       1, igb     =       0, nsnb    =      25
     ipol    =       0, gbsa    =       0, iesp    =       0
     dielc   =   1.00000, cut     =   8.00000, intdiel =   1.00000

Frozen or restrained atoms:
     ibelly  =       0, ntr     =       1
     restraint_wt =  10.00000

Molecular dynamics:
     nstlim  =      1000, nscm    =         0, nrespa  =         1
     t       =   0.00000, dt      =   0.00200, vlimit  =  20.00000

Berendsen (weak-coupling) temperature regulation:
     temp0   = 300.00000, tempi   =   5.00000, tautp   =   1.00000

SHAKE:
     ntc     =       2, jfastw  =       0
     tol     =   0.00001

NMR refinement options:
     iscale  =       0, noeskp  =       1, ipnlty  =       1, mxsub   =       1
     scalm   = 100.00000, pencut  =   0.10000, tausw   =   0.10000

Ewald parameters:
     verbose =       0, ew_type =       0, nbflag  =       1, use_pme =       1
     vdwmeth =       1, eedmeth =       1, netfrc  =       1
     Box X =   37.380   Box Y =   35.411   Box Z =   33.270
     Alpha =   90.000   Beta  =   90.000   Gamma =   90.000
     NFFT1 =   40       NFFT2 =   36       NFFT3 =   36
     Cutoff=    8.000   Tol   =0.100E-04
     Ewald Coefficient =  0.34864
     Interpolation order =    4

    LOADING THE CONSTRAINED ATOMS AS GROUPS


   5.  REFERENCE ATOM COORDINATES

  ACE 
     Mask !:WAT,HOH,T3P,T4P; matches    22 atoms

--------------------------------------------------------------------------------
   3.  ATOMIC COORDINATES AND VELOCITIES
--------------------------------------------------------------------------------

ACE                                                                             
 begin time read from input coords =     0.000 ps



           Begin reading energy term weight changes/NMR restraints
 WEIGHT CHANGES:
 TEMP0         0   1000    5.000000  300.000000      0      0

 RESTRAINTS:
                          ** No restraint defined **

                  Done reading weight changes/NMR restraints


 Number of triangulated 3-point waters found:      988

     Sum of charges from parm topology file =  -0.00000000
     Forcing neutrality...

--------------------------------------------------------------------------------
   4.  RESULTS
--------------------------------------------------------------------------------

|  # of SOLUTE  degrees of freedom (RNDFP):    5982.
|  # of SOLVENT degrees of freedom (RNDFS):       0.
|  NDFMIN =    5982.     NUM_NOSHAKE =      0     CORRECTED RNDFP =    5982.
|  TOTAL # of degrees of freedom (RNDF) =    5982.
 ---------------------------------------------------
 APPROXIMATING switch and d/dx switch using CUBIC SPLINE INTERPOLATION
 using   5000.0 points per unit in tabled values
 TESTING RELATIVE ERROR over r ranging from 0.0 to cutoff
| CHECK switch(x): max rel err =   0.2738E-14   at   2.422500
| CHECK d/dx switch(x): max rel err =   0.8332E-11   at   2.782960
 ---------------------------------------------------
| Local SIZE OF NONBOND LIST =     452813
| TOTAL SIZE OF NONBOND LIST =     452813

 NSTEP =        0   TIME(PS) =       0.000  TEMP(K) =     7.56  PRESS =     0.0
 Etot   =    -11199.2881  EKtot   =        44.9152  EPtot      =    -11244.2033
 BOND   =         2.1948  ANGLE   =         2.9524  DIHED      =        12.2905
 1-4 NB =         2.7350  1-4 EEL =        43.8754  VDWAALS    =      1548.0632
 EELEC  =    -12857.4643  EHBOND  =         0.0000  RESTRAINT  =         1.1496
 EAMBER (non-restraint)  =    -11245.3529
 Ewald error estimate:   0.9556E-04
 ------------------------------------------------------------------------------

 NMR restraints: Bond =    0.000   Angle =     0.000   Torsion =     0.000
===============================================================================

 NSTEP =      100   TIME(PS) =       0.200  TEMP(K) =    88.76  PRESS =     0.0
 Etot   =     -9880.7997  EKtot   =       527.5379  EPtot      =    -10408.3376
 BOND   =         0.4879  ANGLE   =         2.5657  DIHED      =         9.7066
 1-4 NB =         3.3406  1-4 EEL =        44.6359  VDWAALS    =      1990.2660
 EELEC  =    -12460.6907  EHBOND  =         0.0000  RESTRAINT  =         1.3505
 EAMBER (non-restraint)  =    -10409.6880
 Ewald error estimate:   0.2604E-03
 ------------------------------------------------------------------------------

 NMR restraints: Bond =    0.000   Angle =     0.000   Torsion =     0.000
===============================================================================

 NSTEP =      200   TIME(PS) =       0.400  TEMP(K) =    95.60  PRESS =     0.0
 Etot   =     -9933.1172  EKtot   =       568.2367  EPtot      =    -10501.3539
 BOND   =         0.6435  ANGLE   =         1.4825  DIHED      =        11.2858
 1-4 NB =         2.7717  1-4 EEL =        45.8992  VDWAALS    =      2063.3235
 EELEC  =    -12629.4754  EHBOND  =         0.0000  RESTRAINT  =         2.7153
 EAMBER (non-restraint)  =    -10504.0692
 Ewald error estimate:   0.1045E-03
 ------------------------------------------------------------------------------

 NMR restraints: Bond =    0.000   Angle =     0.000   Torsion =     0.000
===============================================================================

 NSTEP =      300   TIME(PS) =       0.600  TEMP(K) =    99.80  PRESS =     0.0
 Etot   =     -9957.0119  EKtot   =       593.1920  EPtot      =    -10550.2039
 BOND   =         0.4184  ANGLE   =         1.7858  DIHED      =        10.9687
 1-4 NB =         2.9700  1-4 EEL =        44.7464  VDWAALS    =      2191.8041
 EELEC  =    -12804.3929  EHBOND  =         0.0000  RESTRAINT  =         1.4956
 EAMBER (non-restraint)  =    -10551.6995
 Ewald error estimate:   0.8716E-04
 ------------------------------------------------------------------------------

 NMR restraints: Bond =    0.000   Angle =     0.000   Torsion =     0.000
===============================================================================

 NSTEP =      400   TIME(PS) =       0.800  TEMP(K) =   105.10  PRESS =     0.0
 Etot   =     -9953.3199  EKtot   =       624.6821  EPtot      =    -10578.0020
 BOND   =         0.6478  ANGLE   =         2.4445  DIHED      =        10.5267
 1-4 NB =         3.2410  1-4 EEL =        43.9439  VDWAALS    =      2128.9375
 EELEC  =    -12769.3350  EHBOND  =         0.0000  RESTRAINT  =         1.5915
 EAMBER (non-restraint)  =    -10579.5935
 Ewald error estimate:   0.2793E-03
 ------------------------------------------------------------------------------

 NMR restraints: Bond =    0.000   Angle =     0.000   Torsion =     0.000
===============================================================================

 NSTEP =      500   TIME(PS) =       1.000  TEMP(K) =   110.33  PRESS =     0.0
 Etot   =     -9916.9072  EKtot   =       655.7681  EPtot      =    -10572.6754
 BOND   =         0.5341  ANGLE   =         1.7870  DIHED      =        10.8627
 1-4 NB =         2.9863  1-4 EEL =        45.9428  VDWAALS    =      2016.9052
 EELEC  =    -12652.8813  EHBOND  =         0.0000  RESTRAINT  =         1.1879
 EAMBER (non-restraint)  =    -10573.8633
 Ewald error estimate:   0.1399E-03
 ------------------------------------------------------------------------------

 NMR restraints: Bond =    0.000   Angle =     0.000   Torsion =     0.000
===============================================================================

 NSTEP =      600   TIME(PS) =       1.200  TEMP(K) =   119.10  PRESS =     0.0
 Etot   =     -9855.3519  EKtot   =       707.9157  EPtot      =    -10563.2676
 BOND   =         0.8364  ANGLE   =         3.6450  DIHED      =         9.9474
 1-4 NB =         3.1545  1-4 EEL =        43.2731  VDWAALS    =      1989.4057
 EELEC  =    -12615.2926  EHBOND  =         0.0000  RESTRAINT  =         1.7629
 EAMBER (non-restraint)  =    -10565.0305
 Ewald error estimate:   0.2668E-03
 ------------------------------------------------------------------------------

 NMR restraints: Bond =    0.000   Angle =     0.000   Torsion =     0.000
===============================================================================

 NSTEP =      700   TIME(PS) =       1.400  TEMP(K) =   124.10  PRESS =     0.0
 Etot   =     -9769.3287  EKtot   =       737.6129  EPtot      =    -10506.9416
 BOND   =         0.7580  ANGLE   =         2.2612  DIHED      =        10.6516
 1-4 NB =         2.4716  1-4 EEL =        44.0108  VDWAALS    =      1946.4261
 EELEC  =    -12515.2524  EHBOND  =         0.0000  RESTRAINT  =         1.7315
 EAMBER (non-restraint)  =    -10508.6731
 Ewald error estimate:   0.2222E-03
 ------------------------------------------------------------------------------

 NMR restraints: Bond =    0.000   Angle =     0.000   Torsion =     0.000
===============================================================================

 NSTEP =      800   TIME(PS) =       1.600  TEMP(K) =   139.19  PRESS =     0.0
 Etot   =     -9656.8385  EKtot   =       827.2814  EPtot      =    -10484.1199
 BOND   =         1.3017  ANGLE   =         2.2998  DIHED      =         9.9231
 1-4 NB =         2.7112  1-4 EEL =        44.7472  VDWAALS    =      1906.9384
 EELEC  =    -12453.5120  EHBOND  =         0.0000  RESTRAINT  =         1.4708
 EAMBER (non-restraint)  =    -10485.5907
 Ewald error estimate:   0.3281E-03
 ------------------------------------------------------------------------------

 NMR restraints: Bond =    0.000   Angle =     0.000   Torsion =     0.000
===============================================================================

 NSTEP =      900   TIME(PS) =       1.800  TEMP(K) =   146.21  PRESS =     0.0
 Etot   =     -9522.5002  EKtot   =       869.0432  EPtot      =    -10391.5434
 BOND   =         0.6280  ANGLE   =         3.6478  DIHED      =         9.5920
 1-4 NB =         3.0172  1-4 EEL =        44.1307  VDWAALS    =      1938.2676
 EELEC  =    -12392.3884  EHBOND  =         0.0000  RESTRAINT  =         1.5618
 EAMBER (non-restraint)  =    -10393.1052
 Ewald error estimate:   0.1349E-03
 ------------------------------------------------------------------------------

 NMR restraints: Bond =    0.000   Angle =     0.000   Torsion =     0.000
===============================================================================

 NSTEP =     1000   TIME(PS) =       2.000  TEMP(K) =   163.15  PRESS =     0.0
 Etot   =     -9368.9789  EKtot   =       969.6905  EPtot      =    -10338.6694
 BOND   =         0.9098  ANGLE   =         2.6201  DIHED      =        10.0624
 1-4 NB =         2.7599  1-4 EEL =        45.3738  VDWAALS    =      1941.0830
 EELEC  =    -12344.4148  EHBOND  =         0.0000  RESTRAINT  =         2.9364
 EAMBER (non-restraint)  =    -10341.6058
 Ewald error estimate:   0.2854E-03
 ------------------------------------------------------------------------------

 NMR restraints: Bond =    0.000   Angle =     0.000   Torsion =     0.000
===============================================================================

      A V E R A G E S   O V E R    1000 S T E P S


 NSTEP =     1000   TIME(PS) =       2.000  TEMP(K) =   112.27  PRESS =     0.0
 Etot   =     -9806.5204  EKtot   =       667.2943  EPtot      =    -10473.8147
 BOND   =         0.7779  ANGLE   =         2.3446  DIHED      =        10.5684
 1-4 NB =         3.0325  1-4 EEL =        44.8373  VDWAALS    =      1975.1833
 EELEC  =    -12512.1756  EHBOND  =         0.0000  RESTRAINT  =         1.6170
 EAMBER (non-restraint)  =    -10475.4316
 Ewald error estimate:   0.1613E-03
 ------------------------------------------------------------------------------

 NMR restraints: Bond =    0.000   Angle =     0.000   Torsion =     0.000
===============================================================================

      R M S  F L U C T U A T I O N S


 NSTEP =     1000   TIME(PS) =       2.000  TEMP(K) =    28.19  PRESS =     0.0
 Etot   =       166.9564  EKtot   =       167.5806  EPtot      =       132.0516
 BOND   =         0.3117  ANGLE   =         0.5532  DIHED      =         0.5128
 1-4 NB =         0.2610  1-4 EEL =         0.6866  VDWAALS    =       160.3479
 EELEC  =       274.6222  EHBOND  =         0.0000  RESTRAINT  =         0.5060
 EAMBER (non-restraint)  =       131.5456
 Ewald error estimate:   0.1033E-03
 ------------------------------------------------------------------------------


 NMR restraints on final step:


--------------------------------------------------------------------------------
   5.  TIMINGS
--------------------------------------------------------------------------------

|    Read coords time           0.00 ( 0.02% of Total)
|                Build the list             0.86 (96.84% of List )
|                Other                      0.03 ( 3.16% of List )
|             List time                  0.88 ( 5.13% of Nonbo)
|                   Short_ene time            12.48 (99.08% of Direc)
|                   Other                      0.12 ( 0.92% of Direc)
|                Direct Ewald time         12.60 (77.05% of Ewald)
|                Adjust Ewald time          0.11 ( 0.70% of Ewald)
|                Self Ewald time            0.00 ( 0.01% of Ewald)
|                   Fill Bspline coeffs        0.12 ( 3.37% of Recip)
|                   Fill charge grid           0.35 ( 9.77% of Recip)
|                   Scalar sum                 0.77 (21.34% of Recip)
|                   Grad sum                   0.71 (19.53% of Recip)
|                   FFT time                   1.66 (45.95% of Recip)
|                   Other                      0.00 ( 0.05% of Recip)
|                Recip Ewald time           3.61 (22.08% of Ewald)
|                Force Adjust               0.00 ( 0.02% of Ewald)
|                Virial junk                0.01 ( 0.09% of Ewald)
|                Other                      0.01 ( 0.04% of Ewald)
|             Ewald time                16.35 (94.84% of Nonbo)
|             Other                      0.00 ( 0.02% of Nonbo)
|          Nonbond force             17.24 (99.77% of Force)
|          Bond/Angle/Dihedral        0.03 ( 0.18% of Force)
|          Other                      0.01 ( 0.06% of Force)
|       Force time                17.28 (98.53% of Runmd)
|       Shake time                 0.14 ( 0.81% of Runmd)
|       Verlet update time         0.10 ( 0.57% of Runmd)
|       Other                      0.02 ( 0.09% of Runmd)
|    Runmd Time                17.54 (99.81% of Total)
|    Other                      0.03 ( 0.17% of Total)
| Total time                17.57 (100.0% of ALL  )

| Number of list builds   :         58

| Highest rstack allocated:     199676
| Highest istack allocated:       2986

| Final Performance Info:
| -----------------------------------------------------
| Average timings for all steps:
|     Elapsed(s) =      17.54 Per Step(ms) =      17.54
|         ns/day =       9.85   seconds/ns =    8768.98
| -----------------------------------------------------

|           Job began  at 17:22:16.055  on 02/14/2017
|           Setup done at 17:22:16.088  on 02/14/2017
|           Run   done at 17:22:33.626  on 02/14/2017
|     wallclock() was called   44177 times
