
                *****************************************************
                * AMBER Bond Angle and Dihedral Parameter Optimiser *
                *                                                   *
                *                      v3.0.0                       *
                *                                                   *
                *                    Written by:                    *
                *                 Robin Betz (2011)                 *
                *                 Ross Walker (2004)                *
                *          The Walker Molecular Dynamics Lab        *
                *         University of California, San Diego       *
                *            La Jolla, California, 92092            *
                *                       USA                         *
                *****************************************************

*************************************************************************************
                                Execution started at:
|                             Tue Jan 24 17:02:49 2017

|
| Random seed = 1485277369
 Reading job control file: fit_dihedral.in
 Job Control: Read a total of 30 lines from job_control file. 29 options set.

  Reading prmtop file    : ../../1_inputfiles/input_scan/fit_topology/fit.prmtop
   Prmtop     (info): Successfully read in saved parameter information
   Prmtop   (unique): Found 8 unique bonds.
   Prmtop   (unique): Found 16 unique angles.
   Prmtop   (unique): Found 23 unique dihedrals.
   Prmtop   (unique): Found 38 unique dihedral terms.
 Reading mdcrd file: ../../1_inputfiles/energies/all_structures.mdcrd
  Reading mdcrd file    : ../../1_inputfiles/energies/all_structures.mdcrd
    Coordinate file passed format check
  Reading energy file or directory  : ../../1_inputfiles/energies/energies_ff99SB.dat
        ---------------------------------------------------------------------
        |                          OPTIONS SUMMARY                         |
        |                          ---------------                          |
        | Summary of Run Type Options:                                      |
        |   Run Mode = FIT, Minimiser = GENETIC THEN SIMPLEX                |
        |   Function to be Fit = SUM_SQUARES_AMBER_STANDARD                 |
        |                                                                   |
        | Terms to be fit:                                                  |
        |   UNIQUE_BONDS = 8, UNIQUE ANGLES = 16, UNIQUE DIHEDRALS = 23     |
        |   NBONDS = 41, NANGLES = 72, NDIHEDRALS = 145                     |
        |                                 Total dimensions of fit = 6       |
        |                                                                   |
        | Sample structures for least squares fit = 34                      |
        |                                                                   |
        |                                                                   |
        | Energy Correction Term (K) = 8.20923500                           |
        |                                                                   |
        |                                                                   |
        | Estimate Memory Usage (per cpu):                                  |
        |  Coordinate info will be read from disk as required.              |
        |                OPTION STORAGE = 207 bytes                         |
        |                PRMTOP STORAGE = 504594 bytes                      |
        |            COORDINATE STORAGE = 36488 bytes                       |
        |                                                                   |
        |  TOTAL ESTIMATED MEMORY USAGE = 541289 bytes                      |
        |                                                                   |
        ---------------------------------------------------------------------

   WARNING: C -N -CT-C  dihedral is missing 5 data points in the range 0.6283 to 3.1416 radians.
   WARNING: N -CT-C -N  dihedral is missing 5 data points in the range 0.6283 to 3.1416 radians.


   WARNING: Insufficient dihedral information in sample structures.
            Your settings require at least 10 samples with data    
            at least every 0.314 radians (18.00 degrees).            
            Either 1) Add the missing input data or                
                   2) Set DIHEDRAL_SPAN to a smaller value or      
                   3) Set BOUNDS_CHECK to warn (not recommended).  
            Please read the help and/or documentation.             


   ------------------------------- INITIAL PARAMETERS --------------------------------
   Parameters for force field equation: AMBER_STANDARD:
   (* means parameter is NOT constant during fit)
                         K = 8.209235 kcal/mol
             (CT-HC) Kr = 340.0000 kcal/(mol A)^2, r_eq =   1.0900 A 
             (CT-H1) Kr = 340.0000 kcal/(mol A)^2, r_eq =   1.0900 A 
             (N -H ) Kr = 434.0000 kcal/(mol A)^2, r_eq =   1.0100 A 
             (C -O ) Kr = 570.0000 kcal/(mol A)^2, r_eq =   1.2290 A 
             (C -N ) Kr = 490.0000 kcal/(mol A)^2, r_eq =   1.3350 A 
             (CT-C ) Kr = 317.0000 kcal/(mol A)^2, r_eq =   1.5220 A 
             (CT-CT) Kr = 310.0000 kcal/(mol A)^2, r_eq =   1.5260 A 
             (N -CT) Kr = 337.0000 kcal/(mol A)^2, r_eq =   1.4490 A 
        (C -N -H ) Kt =  50.0000 kcal/(mol rad)^2,  th_eq = 120.0001 deg 
        (HC-CT-C ) Kt =  50.0000 kcal/(mol rad)^2,  th_eq = 109.5000 deg 
        (HC-CT-HC) Kt =  35.0000 kcal/(mol rad)^2,  th_eq = 109.5000 deg 
        (H1-CT-CT) Kt =  50.0000 kcal/(mol rad)^2,  th_eq = 109.5000 deg 
        (H1-CT-C ) Kt =  50.0000 kcal/(mol rad)^2,  th_eq = 109.5000 deg 
        (CT-CT-HC) Kt =  50.0000 kcal/(mol rad)^2,  th_eq = 109.5000 deg 
        (H -N -CT) Kt =  50.0000 kcal/(mol rad)^2,  th_eq = 118.0401 deg 
        (N -CT-H1) Kt =  50.0000 kcal/(mol rad)^2,  th_eq = 109.5000 deg 
        (H1-CT-H1) Kt =  35.0000 kcal/(mol rad)^2,  th_eq = 109.5000 deg 
        (O -C -N ) Kt =  80.0000 kcal/(mol rad)^2,  th_eq = 122.9001 deg 
        (C -N -CT) Kt =  50.0000 kcal/(mol rad)^2,  th_eq = 121.9001 deg 
        (CT-C -O ) Kt =  80.0000 kcal/(mol rad)^2,  th_eq = 120.4001 deg 
        (CT-C -N ) Kt =  70.0000 kcal/(mol rad)^2,  th_eq = 116.6000 deg 
        (CT-CT-C ) Kt =  63.0000 kcal/(mol rad)^2,  th_eq = 111.1000 deg 
        (N -CT-CT) Kt =  80.0000 kcal/(mol rad)^2,  th_eq = 109.7000 deg 
        (N -CT-C ) Kt =  63.0000 kcal/(mol rad)^2,  th_eq = 110.1000 deg 
       (O -C -N -H ) Kp =   2.0000 kcal/mol,  Np = 1.0000,  Phase =   0.0000 Deg 
       (O -C -N -H ) Kp =   2.5000 kcal/mol,  Np = 2.0000,  Phase = 180.0001 Deg 
       (C -N -CT-H1) Kp =   0.0000 kcal/mol,  Np = 2.0000,  Phase =   0.0000 Deg 
       (HC-CT-C -O ) Kp =   0.8000 kcal/mol,  Np = 1.0000,  Phase =   0.0000 Deg 
       (HC-CT-C -O ) Kp =   0.0000 kcal/mol,  Np = 2.0000,  Phase =   0.0000 Deg 
       (HC-CT-C -O ) Kp =   0.0800 kcal/mol,  Np = 3.0000,  Phase = 180.0001 Deg 
       (HC-CT-C -N ) Kp =   0.0000 kcal/mol,  Np = 2.0000,  Phase =   0.0000 Deg 
       (CT-C -N -H ) Kp =   2.5000 kcal/mol,  Np = 2.0000,  Phase = 180.0001 Deg 
       (HC-CT-CT-C ) Kp =   0.1556 kcal/mol,  Np = 3.0000,  Phase =   0.0000 Deg 
       (H1-CT-CT-HC) Kp =   0.1556 kcal/mol,  Np = 3.0000,  Phase =   0.0000 Deg 
       (H1-CT-C -O ) Kp =   0.8000 kcal/mol,  Np = 1.0000,  Phase =   0.0000 Deg 
       (H1-CT-C -O ) Kp =   0.0000 kcal/mol,  Np = 2.0000,  Phase =   0.0000 Deg 
       (H1-CT-C -O ) Kp =   0.0800 kcal/mol,  Np = 3.0000,  Phase = 180.0001 Deg 
       (H1-CT-C -N ) Kp =   0.0000 kcal/mol,  Np = 2.0000,  Phase =   0.0000 Deg 
       (H -N -CT-H1) Kp =   0.0000 kcal/mol,  Np = 2.0000,  Phase =   0.0000 Deg 
       (H -N -CT-CT) Kp =   0.0000 kcal/mol,  Np = 2.0000,  Phase =   0.0000 Deg 
       (H -N -CT-C ) Kp =   0.0000 kcal/mol,  Np = 2.0000,  Phase =   0.0000 Deg 
       (N -CT-CT-HC) Kp =   0.1556 kcal/mol,  Np = 3.0000,  Phase =   0.0000 Deg 
   IMP (C -CT-N -H ) Kp =   1.1000 kcal/mol,  Np = 2.0000,  Phase = 180.0001 Deg 
       (O -C -N -CT) Kp =   2.5000 kcal/mol,  Np = 2.0000,  Phase = 180.0001 Deg 
       (C -N -CT-CT) Kp =   2.0000 kcal/mol,  Np = 1.0000,  Phase =   0.0000 Deg 
       (C -N -CT-CT) Kp =   2.0000 kcal/mol,  Np = 2.0000,  Phase =   0.0000 Deg 
       (C -N -CT-CT) Kp =   0.4000 kcal/mol,  Np = 3.0000,  Phase =   0.0000 Deg 
       (C -N -CT-CT) Kp =   0.0000 kcal/mol,  Np = 4.0000,  Phase =   0.0000 Deg 
       (C -N -CT-C )*Kp =   0.0000 kcal/mol,  Np = 1.0000,  Phase =   0.0000 Deg 
       (C -N -CT-C )*Kp =   0.0000 kcal/mol,  Np = 2.0000,  Phase =   0.0000 Deg 
       (C -N -CT-C )*Kp =   0.0000 kcal/mol,  Np = 3.0000,  Phase =   0.0000 Deg 
       (CT-C -N -CT) Kp =   2.5000 kcal/mol,  Np = 2.0000,  Phase = 180.0001 Deg 
       (CT-CT-C -O ) Kp =   0.0000 kcal/mol,  Np = 2.0000,  Phase =   0.0000 Deg 
       (CT-CT-C -N ) Kp =   0.2000 kcal/mol,  Np = 1.0000,  Phase =   0.0000 Deg 
       (CT-CT-C -N ) Kp =   0.2000 kcal/mol,  Np = 2.0000,  Phase =   0.0000 Deg 
       (CT-CT-C -N ) Kp =   0.4000 kcal/mol,  Np = 3.0000,  Phase =   0.0000 Deg 
       (CT-CT-C -N ) Kp =   0.0000 kcal/mol,  Np = 4.0000,  Phase =   0.0000 Deg 
       (N -CT-C -O ) Kp =   0.0000 kcal/mol,  Np = 2.0000,  Phase =   0.0000 Deg 
       (N -CT-C -N )*Kp =   0.0000 kcal/mol,  Np = 1.0000,  Phase = 180.0001 Deg 
       (N -CT-C -N )*Kp =   0.0000 kcal/mol,  Np = 2.0000,  Phase = 180.0001 Deg 
       (N -CT-C -N )*Kp =   0.0000 kcal/mol,  Np = 3.0000,  Phase = 180.0001 Deg 
   IMP (CT-N -C -O ) Kp =  10.5000 kcal/mol,  Np = 2.0000,  Phase = 180.0001 Deg 
   -----------------------------------------------------------------------------------
   Sum of squares for initial parameters =   86.2100878935 kcal^2/mol^2
   R^2 value for initial parameters      =   0.999956
   Calculated energy with initial parameters for structure 1 = 108.152348 KCal/mol
   Actual energy for structure 1 should be                   = 109.939668 KCal/mol

   --------------------------GENETIC ALGORITHM MINIMISATION ---------------------------
   Minimising function SUM_SQUARES_AMBER_STANDARD, using the GENETIC ALGORITHM
   Running SIMPLEX REFINEMENT every 5 converged gen, then break for 5
   -------------------------------------------------------------------------------------
   GENERATIONS_TO_CONVERGE = 25    MAX_GENERATIONS = 10000    CONV_LIMIT = 1.00E+01
   OPTIMIZATIONS = 50    PARENT_PERCENT = 0.25
   SEARCH_SPACE = -1.00    MAX_GENERATIONS = 10000
   ------------------------------------ CONVERGENCE ------------------------------------
   Gen    0:  Best= 10069.28822  	Mean= 3.6317e+05 Elapsed=         0/3
   Gen    1:  Best= 4956.12622  	Mean= 1.8506e+05 Elapsed=         1/3
   Gen    2:  Best= 4956.12622  	Mean=      99964 Elapsed=         2/3
   Gen    3:  Best= 3965.41765  	Mean=      78793 Conv=            0/25
   Gen    4:  Best= 3361.65931  	Mean=      46589 Conv=            0/25
   Gen    5:  Best= 2204.13017  	Mean=      18850 Conv=            0/25
   Gen    6:  Best= 1108.81560  	Mean=     6971.7 Conv=            0/25
   Gen    7:  Best= 1108.81560  	Mean=     4206.1 Conv=            1/25
   Gen    8:  Best= 1108.81560  	Mean=     2742.1 Conv=            2/25
   Gen    9:  Best= 1097.10575  	Mean=     1729.6 Conv=            0/25
   Gen   10:  Best= 1060.69169  	Mean=       1445 Conv=            0/25
   Gen   11:  Best= 1025.33436  	Mean=     1296.6 Conv=            0/25
   Gen   12:  Best=  949.03153  	Mean=     1158.2 Conv=            0/25
   Gen   13:  Best=  933.11951  	Mean=       1053 Conv=            0/25
   Gen   14:  Best=  898.72689  	Mean=     977.45 Conv=            0/25
   Gen   15:  Best=  886.22514  	Mean=     945.93 Conv=            0/25
   Gen   16:  Best=  826.87106  	Mean=     902.95 Conv=            0/25
   Gen   17:  Best=  818.56609  	Mean=      875.1 Conv=            0/25
   Gen   18:  Best=  807.10390  	Mean=     846.24 Conv=            0/25
   Gen   19:  Best=  798.95903  	Mean=     833.33 Conv=            0/25
   Gen   20:  Best=  788.25779  	Mean=     826.03 Conv=            0/25
   Gen   21:  Best=  777.87747  	Mean=     810.15 Conv=            0/25
   Gen   22:  Best=  750.31151  	Mean=     791.02 Conv=            0/25
   Gen   23:  Best=  729.63339  	Mean=     780.11 Conv=            0/25
   Gen   24:  Best=  727.81952  	Mean=     765.36 Conv=            0/25
   Gen   25:  Best=  727.81952  	Mean=     747.75 Conv=            1/25
   Gen   26:  Best=  722.35966  	Mean=     734.35 Conv=            0/25
   Gen   27:  Best=  718.99662  	Mean=     733.68 Conv=            0/25
   Gen   28:  Best=  709.20436  	Mean=     732.07 Conv=            0/25
   Gen   29:  Best=  708.49589  	Mean=     721.84 Conv=            0/25
   Gen   30:  Best=  704.79979  	Mean=     723.33 Conv=            0/25
   Gen   31:  Best=  704.79979  	Mean=     714.14 Conv=            1/25
   Gen   32:  Best=  701.89150  	Mean=     713.04 Conv=            0/25
   Gen   33:  Best=  701.28701  	Mean=     712.62 Conv=            0/25
   Gen   34:  Best=  699.61197  	Mean=     708.28 Conv=            0/25
   Gen   35:  Best=  699.61197  	Mean=     704.12 Conv=            1/25
   Gen   36:  Best=  698.15794  	Mean=     710.26 Conv=            0/25
   Gen   37:  Best=  696.74736  	Mean=     705.45 Conv=            0/25
   Gen   38:  Best=  695.58636  	Mean=     705.57 Conv=            0/25
   Gen   39:  Best=  695.58636  	Mean=     705.27 Conv=            1/25
   Gen   40:  Best=  695.44015  	Mean=     704.62 Conv=            0/25
   Gen   41:  Best=  694.98460  	Mean=     699.88 Conv=            0/25
   Gen   42:  Best=  694.98460  	Mean=     706.51 Conv=            1/25
   Gen   43:  Best=  694.93418  	Mean=     705.85 Conv=            0/25
   Gen   44:  Best=  694.93418  	Mean=     703.89 Conv=            1/25
   Gen   45:  Best=  694.82632  	Mean=     701.43 Conv=            0/25
   Gen   46:  Best=  694.75619  	Mean=      704.4 Conv=            0/25
   Gen   47:  Best=  694.74832  	Mean=     704.58 Conv=            0/25
   Gen   48:  Best=  694.65361  	Mean=     702.42 Conv=            0/25
   Gen   49:  Best=  694.65361  	Mean=     703.61 Conv=            1/25
   Gen   50:  Best=  694.38819  	Mean=     700.87 Conv=            0/25
   Gen   51:  Best=  694.38819  	Mean=     701.94 Conv=            1/25
   Gen   52:  Best=  694.38819  	Mean=     702.07 Conv=            2/25
   Gen   53:  Best=  694.27630  	Mean=     702.63 Conv=            0/25
   Gen   54:  Best=  694.27133  	Mean=      702.1 Conv=            0/25
   Gen   55:  Best=  694.27133  	Mean=     702.34 Conv=            1/25
   Gen   56:  Best=  694.27133  	Mean=     700.98 Conv=            2/25
   Gen   57:  Best=  694.26043  	Mean=     703.81 Conv=            0/25
   Gen   58:  Best=  694.20174  	Mean=      703.4 Conv=            0/25
   Gen   59:  Best=  694.20174  	Mean=     706.95 Conv=            1/25
   Gen   60:  Best=  694.19770  	Mean=     699.16 Conv=            0/25
   Gen   61:  Best=  694.19770  	Mean=     703.71 Conv=            1/25
   Gen   62:  Best=  694.19770  	Mean=      701.4 Conv=            2/25
   Gen   63:  Best=  694.19551  	Mean=     704.23 Conv=            0/25
   Gen   64:  Best=  694.17592  	Mean=     701.84 Conv=            0/25
   Gen   65:  Best=  694.09979  	Mean=     699.36 Conv=            0/25
   Gen   66:  Best=  694.09979  	Mean=     700.37 Conv=            1/25
   Gen   67:  Best=  694.09979  	Mean=     703.19 Conv=            2/25
   Gen   68:  Best=  694.09979  	Mean=     704.14 Conv=            3/25
   Gen   69:  Best=  694.09979  	Mean=     702.03 Conv=            4/25
   Gen   70:  Best=  694.09979  	Mean=     699.84 Conv=            5/25
   Gen   71:  Best=   18.05329  	Mean=     659.29 Conv=            0/25
   Gen   72:  Best=   18.05329  	Mean=     3904.2 Conv=            1/25
   Gen   73:  Best=   18.05329  	Mean=     3712.9 Conv=            2/25
   Gen   74:  Best=   18.05329  	Mean=     3385.9 Conv=            3/25
   Gen   75:  Best=   18.05329  	Mean=     4815.1 Conv=            4/25
   Gen   76:  Best=   18.05329  	Mean=     4727.7 Conv=            5/25
   Gen   77:  Best=   18.05329  	Mean=     2632.3 Conv=            6/25
   Gen   78:  Best=   18.04197  	Mean=     477.15 Conv=            0/25
   Gen   79:  Best=   18.04197  	Mean=     131.04 Conv=            1/25
   Gen   80:  Best=   18.04197  	Mean=     26.329 Conv=            2/25
   Gen   81:  Best=   18.04197  	Mean=     22.245 Conv=            3/25
   Gen   82:  Best=   18.04197  	Mean=     18.558 Conv=            4/25
   Gen   83:  Best=   18.04197  	Mean=     18.213 Conv=            5/25
   Gen   84:  Best=   18.04197  	Mean=     18.145 Conv=            6/25
   Gen   85:  Best=   18.04195  	Mean=     18.125 Conv=            0/25
   Gen   86:  Best=   18.04195  	Mean=     18.164 Conv=            1/25
   Gen   87:  Best=   18.04195  	Mean=     18.129 Conv=            2/25
   Gen   88:  Best=   18.04195  	Mean=     18.135 Conv=            3/25
   Gen   89:  Best=   18.04195  	Mean=     18.125 Conv=            4/25
   Gen   90:  Best=   18.04195  	Mean=     18.122 Conv=            5/25
   Gen   91:  Best=   18.04195  	Mean=     18.191 Conv=            6/25
   Gen   92:  Best=   18.04195  	Mean=     18.139 Conv=            7/25
   Gen   93:  Best=   18.04195  	Mean=     18.157 Conv=            8/25
   Gen   94:  Best=   18.04195  	Mean=     18.102 Conv=            9/25
   Gen   95:  Best=   18.04195  	Mean=     18.139 Conv=           10/25
   Gen   96:  Best=   18.04195  	Mean=     18.115 Conv=           11/25
   Gen   97:  Best=   18.04195  	Mean=     18.137 Conv=           12/25
   Gen   98:  Best=   18.04195  	Mean=     18.088 Conv=           13/25
   Gen   99:  Best=   18.04195  	Mean=     18.157 Conv=           14/25
   Gen  100:  Best=   18.04195  	Mean=     18.123 Conv=           15/25
   Gen  101:  Best=   18.04195  	Mean=     18.197 Conv=           16/25
   Gen  102:  Best=   18.04195  	Mean=     18.185 Conv=           17/25
   Gen  103:  Best=   18.04195  	Mean=     18.129 Conv=           18/25
   Gen  104:  Best=   18.04195  	Mean=     18.174 Conv=           19/25
   Gen  105:  Best=   18.04195  	Mean=     18.124 Conv=           20/25
   Gen  106:  Best=   18.04195  	Mean=     18.173 Conv=           21/25
   Gen  107:  Best=   18.04195  	Mean=     18.174 Conv=           22/25
   Gen  108:  Best=   18.04195  	Mean=     18.184 Conv=           23/25
   Gen  109:  Best=   18.04195  	Mean=     18.118 Conv=           24/25
   Gen  110:  Best=   18.04195  	Mean=     18.118 Conv=           25/25
| Took    111 generations to converge.
   --------------------------------- SIMPLEX MINIMISATION ----------------------------
   Minimising function SUM_SQUARES_AMBER_STANDARD, using the SIMPLEX METHOD
   -------------------------------------- CONVERGENCE --------------------------------
   Step     0: Conv=  1.5416E+00 min=     18.0420,max=    139.3893 avg     46.2333
   Step     1: Conv=  5.7108E-09 min=     18.0420 max=     18.0420 avg=     18.0420
   Step     2: Conv=  2.9330E-09 min=     18.0420 max=     18.0420 avg=     18.0420
   Step     3: Conv=  9.9335E-10 min=     18.0420 max=     18.0420 avg=     18.0420
   -----------------------------------------------------------------------------------

   Convergence ratio of   9.9335E-10 is better than
   convergence criteria of   1.0000E-09.
   Function Converged - Total function evaluations = 714

   Convergence to 1.0000E-09 in Simplex routine achieved after 450 cycles.
   (150 INNER x 3 OUTER CYCLES)

   ------------------------------- FINAL PARAMETERS ---------------------------------
   Parameters for force field equation: AMBER_STANDARD:
   (* means parameter is NOT constant during fit)
                         K = 8.209235 kcal/mol
             (CT-HC) Kr = 340.0000 kcal/(mol A)^2, r_eq =   1.0900 A 
             (CT-H1) Kr = 340.0000 kcal/(mol A)^2, r_eq =   1.0900 A 
             (N -H ) Kr = 434.0000 kcal/(mol A)^2, r_eq =   1.0100 A 
             (C -O ) Kr = 570.0000 kcal/(mol A)^2, r_eq =   1.2290 A 
             (C -N ) Kr = 490.0000 kcal/(mol A)^2, r_eq =   1.3350 A 
             (CT-C ) Kr = 317.0000 kcal/(mol A)^2, r_eq =   1.5220 A 
             (CT-CT) Kr = 310.0000 kcal/(mol A)^2, r_eq =   1.5260 A 
             (N -CT) Kr = 337.0000 kcal/(mol A)^2, r_eq =   1.4490 A 
        (C -N -H ) Kt =  50.0000 kcal/(mol rad)^2,  th_eq = 120.0001 deg 
        (HC-CT-C ) Kt =  50.0000 kcal/(mol rad)^2,  th_eq = 109.5000 deg 
        (HC-CT-HC) Kt =  35.0000 kcal/(mol rad)^2,  th_eq = 109.5000 deg 
        (H1-CT-CT) Kt =  50.0000 kcal/(mol rad)^2,  th_eq = 109.5000 deg 
        (H1-CT-C ) Kt =  50.0000 kcal/(mol rad)^2,  th_eq = 109.5000 deg 
        (CT-CT-HC) Kt =  50.0000 kcal/(mol rad)^2,  th_eq = 109.5000 deg 
        (H -N -CT) Kt =  50.0000 kcal/(mol rad)^2,  th_eq = 118.0401 deg 
        (N -CT-H1) Kt =  50.0000 kcal/(mol rad)^2,  th_eq = 109.5000 deg 
        (H1-CT-H1) Kt =  35.0000 kcal/(mol rad)^2,  th_eq = 109.5000 deg 
        (O -C -N ) Kt =  80.0000 kcal/(mol rad)^2,  th_eq = 122.9001 deg 
        (C -N -CT) Kt =  50.0000 kcal/(mol rad)^2,  th_eq = 121.9001 deg 
        (CT-C -O ) Kt =  80.0000 kcal/(mol rad)^2,  th_eq = 120.4001 deg 
        (CT-C -N ) Kt =  70.0000 kcal/(mol rad)^2,  th_eq = 116.6000 deg 
        (CT-CT-C ) Kt =  63.0000 kcal/(mol rad)^2,  th_eq = 111.1000 deg 
        (N -CT-CT) Kt =  80.0000 kcal/(mol rad)^2,  th_eq = 109.7000 deg 
        (N -CT-C ) Kt =  63.0000 kcal/(mol rad)^2,  th_eq = 110.1000 deg 
       (O -C -N -H ) Kp =   2.0000 kcal/mol,  Np = 1.0000,  Phase =   0.0000 Deg 
       (O -C -N -H ) Kp =   2.5000 kcal/mol,  Np = 2.0000,  Phase = 180.0001 Deg 
       (C -N -CT-H1) Kp =   0.0000 kcal/mol,  Np = 2.0000,  Phase =   0.0000 Deg 
       (HC-CT-C -O ) Kp =   0.8000 kcal/mol,  Np = 1.0000,  Phase =   0.0000 Deg 
       (HC-CT-C -O ) Kp =   0.0000 kcal/mol,  Np = 2.0000,  Phase =   0.0000 Deg 
       (HC-CT-C -O ) Kp =   0.0800 kcal/mol,  Np = 3.0000,  Phase = 180.0001 Deg 
       (HC-CT-C -N ) Kp =   0.0000 kcal/mol,  Np = 2.0000,  Phase =   0.0000 Deg 
       (CT-C -N -H ) Kp =   2.5000 kcal/mol,  Np = 2.0000,  Phase = 180.0001 Deg 
       (HC-CT-CT-C ) Kp =   0.1556 kcal/mol,  Np = 3.0000,  Phase =   0.0000 Deg 
       (H1-CT-CT-HC) Kp =   0.1556 kcal/mol,  Np = 3.0000,  Phase =   0.0000 Deg 
       (H1-CT-C -O ) Kp =   0.8000 kcal/mol,  Np = 1.0000,  Phase =   0.0000 Deg 
       (H1-CT-C -O ) Kp =   0.0000 kcal/mol,  Np = 2.0000,  Phase =   0.0000 Deg 
       (H1-CT-C -O ) Kp =   0.0800 kcal/mol,  Np = 3.0000,  Phase = 180.0001 Deg 
       (H1-CT-C -N ) Kp =   0.0000 kcal/mol,  Np = 2.0000,  Phase =   0.0000 Deg 
       (H -N -CT-H1) Kp =   0.0000 kcal/mol,  Np = 2.0000,  Phase =   0.0000 Deg 
       (H -N -CT-CT) Kp =   0.0000 kcal/mol,  Np = 2.0000,  Phase =   0.0000 Deg 
       (H -N -CT-C ) Kp =   0.0000 kcal/mol,  Np = 2.0000,  Phase =   0.0000 Deg 
       (N -CT-CT-HC) Kp =   0.1556 kcal/mol,  Np = 3.0000,  Phase =   0.0000 Deg 
   IMP (C -CT-N -H ) Kp =   1.1000 kcal/mol,  Np = 2.0000,  Phase = 180.0001 Deg 
       (O -C -N -CT) Kp =   2.5000 kcal/mol,  Np = 2.0000,  Phase = 180.0001 Deg 
       (C -N -CT-CT) Kp =   2.0000 kcal/mol,  Np = 1.0000,  Phase =   0.0000 Deg 
       (C -N -CT-CT) Kp =   2.0000 kcal/mol,  Np = 2.0000,  Phase =   0.0000 Deg 
       (C -N -CT-CT) Kp =   0.4000 kcal/mol,  Np = 3.0000,  Phase =   0.0000 Deg 
       (C -N -CT-CT) Kp =   0.0000 kcal/mol,  Np = 4.0000,  Phase =   0.0000 Deg 
       (C -N -CT-C )*Kp =  -0.1391 kcal/mol,  Np = 1.0000,  Phase =   0.0000 Deg 
       (C -N -CT-C )*Kp =  -0.3431 kcal/mol,  Np = 2.0000,  Phase =   0.0000 Deg 
       (C -N -CT-C )*Kp =   0.4024 kcal/mol,  Np = 3.0000,  Phase =   0.0000 Deg 
       (CT-C -N -CT) Kp =   2.5000 kcal/mol,  Np = 2.0000,  Phase = 180.0001 Deg 
       (CT-CT-C -O ) Kp =   0.0000 kcal/mol,  Np = 2.0000,  Phase =   0.0000 Deg 
       (CT-CT-C -N ) Kp =   0.2000 kcal/mol,  Np = 1.0000,  Phase =   0.0000 Deg 
       (CT-CT-C -N ) Kp =   0.2000 kcal/mol,  Np = 2.0000,  Phase =   0.0000 Deg 
       (CT-CT-C -N ) Kp =   0.4000 kcal/mol,  Np = 3.0000,  Phase =   0.0000 Deg 
       (CT-CT-C -N ) Kp =   0.0000 kcal/mol,  Np = 4.0000,  Phase =   0.0000 Deg 
       (N -CT-C -O ) Kp =   0.0000 kcal/mol,  Np = 2.0000,  Phase =   0.0000 Deg 
       (N -CT-C -N )*Kp =  -0.1430 kcal/mol,  Np = 1.0000,  Phase = 180.0001 Deg 
       (N -CT-C -N )*Kp =   2.0009 kcal/mol,  Np = 2.0000,  Phase = 180.0001 Deg 
       (N -CT-C -N )*Kp =   0.0119 kcal/mol,  Np = 3.0000,  Phase = 180.0001 Deg 
   IMP (CT-N -C -O ) Kp =  10.5000 kcal/mol,  Np = 2.0000,  Phase = 180.0001 Deg 
   ----------------------------------------------------------------------------------
|   Called the fitness function 10732 times.
   Function value with fitted parameters  =       18.0420, R^2 =       1.0000
   Calculated energy with fitted parameters for structure 1 =    100.8394 KCal/mol

 * Saving ffrcmod file to frcmod.frcmod
 * Saving energy file with 34 structures to ff99_ff99SB_fit.dat
 * Result passed angle validity check.
 * Result passed bond validity check.

|             Program Execution Completed at: Tue Jan 24 17:03:28 2017
|                            Elapsed Time = 39.00 seconds
*************************************************************************************
