
          -------------------------------------------------------
          Amber 16 SANDER                              2016
          -------------------------------------------------------

| Run on 03/14/2017 at 14:59:56

|   Executable path: sander.MPI
| Working directory: /home/steboss/projects/mdgx-tests/alanine/IPOLQ/input/PhiPsi_1/30/225
|          Hostname: node011

  [-O]verwriting output

File Assignments:
|  MDIN: equil.in                                                              
| MDOUT: Conf225.eq.out                                                        
|INPCRD: Conf225.min                                                           
|  PARM: Conf225.top                                                           
|RESTRT: Conf225.rst                                                           
|  REFC: Conf225.crd                                                           
| MDVEL: mdvel                                                                 
| MDFRC: mdfrc                                                                 
|  MDEN: mden                                                                  
| MDCRD: mdcrd                                                                 
|MDINFO: mdinfo                                                                
|  MTMD: mtmd                                                                  
|INPDIP: inpdip                                                                
|RSTDIP: rstdip                                                                
|INPTRA: inptraj                                                               

|    REMLOG: rem.log
|   REMTYPE: rem.type
|  REMSTRIP: 
|   SAVEENE: saveene
|CLUSTERINF: cluster.info
| RESERVOIR: reserv/frame
|   REMDDIM: 


 Here is the input file:

Equilibrate water in NPT                                                       
 &cntrl                                                                        
                                                                               
  nmropt = 0,                                                                  
  ntx    = 1,       irest  = 0,       ntrx   = 1,      ntxo   = 1,             
  ntpr   = 1000,    ntwx   = 1000,    ntwv   = 0,      ntwe   = 1000,          
  iwrap  = 0,       ioutfm = 1,                                                
                                                                               
  ntf    = 2,       ntb    = 2,                                                
  cut = 9.0,                                                                   
                                                                               
  ibelly = 0,       ntr    = 1,                                                
  restraintmask = ':1',                                                        
  restraint_wt = 100.0,                                                        
                                                                               
  imin   = 0,                                                                  
  nstlim = 10000,                                                              
  nscm   = 1000,                                                               
  t      = 0.0,     dt     = 0.002,                                            
                                                                               
  temp0     = 298.0,   tempi  = 0.0,                                           
  ig        = -1,                                                              
  ntt       = 3,                                                               
  gamma_ln  = 3.0,                                                             
                                                                               
  ntp    = 1,       pres0  = 1.0,     comp   = 44.6,                           
  taup   = 1.0,                                                                
                                                                               
  ntc    = 2,       tol    = 0.000001, watnam = 'WAT ',                        
                                                                               
 &end                                                                          

--------------------------------------------------------------------------------
   1.  RESOURCE   USE: 
--------------------------------------------------------------------------------

| Flags: MPI                                                                    
 getting new box info from bottom of inpcrd
|  INFO: Old style inpcrd file read

| peek_ewald_inpcrd: Box info found
|Largest sphere to fit in unit cell has radius =    14.718
| New format PARM file being parsed.
| Version =    1.000 Date = 03/14/17 Time = 13:39:41
 NATOM  =    2989 NTYPES =       9 NBONH =    2979 MBONA  =       9
 NTHETH =      25 MTHETA =      11 NPHIH =      43 MPHIA  =      24
 NHPARM =       0 NPARM  =       0 NNB   =    4055 NRES   =     992
 NBONA  =       9 NTHETA =      11 NPHIA =      24 NUMBND =      10
 NUMANG =      16 NPTRA  =      19 NATYP =       9 NPHB   =       1
 IFBOX  =       2 NMXRS  =      10 IFCAP =       0 NEXTRA =       0
 NCOPY  =       0


|     Memory Use     Allocated
|     Real              304981
|     Hollerith           9961
|     Integer            91132
|     Max Pairs         331528
|     nblistReal         35868
|     nblist Int        100082
|       Total             4743 kbytes

| Note: 1-4 EEL scale factors are being read from the topology file.

| Note: 1-4 VDW scale factors are being read from the topology file.
| Duplicated    0 dihedrals
| Duplicated    0 dihedrals

     BOX TYPE: TRUNCATED OCTAHEDRON
Note: ig = -1. Setting random seed to   455421 based on wallclock time in microseconds
      and disabling the synchronization of random numbers between tasks
      to improve performance.

--------------------------------------------------------------------------------
   2.  CONTROL  DATA  FOR  THE  RUN
--------------------------------------------------------------------------------

default_name                                                                    

General flags:
     imin    =       0, nmropt  =       0

Nature and format of input:
     ntx     =       1, irest   =       0, ntrx    =       1

Nature and format of output:
     ntxo    =       1, ntpr    =    1000, ntrx    =       1, ntwr    =   10000
     iwrap   =       0, ntwx    =    1000, ntwv    =       0, ntwe    =    1000
     ioutfm  =       1, ntwprt  =       0, idecomp =       0, rbornstat=      0

Potential function:
     ntf     =       2, ntb     =       2, igb     =       0, nsnb    =      25
     ipol    =       0, gbsa    =       0, iesp    =       0
     dielc   =   1.00000, cut     =   9.00000, intdiel =   1.00000

Frozen or restrained atoms:
     ibelly  =       0, ntr     =       1
     restraint_wt = 100.00000

Molecular dynamics:
     nstlim  =     10000, nscm    =         0, nrespa  =         1
     t       =   0.00000, dt      =   0.00200, vlimit  =  20.00000

Langevin dynamics temperature regulation:
     ig      =  455421
     temp0   = 298.00000, tempi   =   0.00000, gamma_ln=   3.00000

Pressure regulation:
     ntp     =       1
     pres0   =   1.00000, comp    =  44.60000, taup    =   1.00000

SHAKE:
     ntc     =       2, jfastw  =       0
     tol     =   0.00000

Ewald parameters:
     verbose =       0, ew_type =       0, nbflag  =       1, use_pme =       1
     vdwmeth =       1, eedmeth =       1, netfrc  =       1
     Box X =   36.052   Box Y =   36.052   Box Z =   36.052
     Alpha =  109.471   Beta  =  109.471   Gamma =  109.471
     NFFT1 =   36       NFFT2 =   36       NFFT3 =   36
     Cutoff=    9.000   Tol   =0.100E-04
     Ewald Coefficient =  0.30768
     Interpolation order =    4

| MPI Timing options:
|      profile_mpi =        0

    LOADING THE CONSTRAINED ATOMS AS GROUPS


   5.  REFERENCE ATOM COORDINATES

  defa
     Mask :1; matches     6 atoms

--------------------------------------------------------------------------------
   3.  ATOMIC COORDINATES AND VELOCITIES
--------------------------------------------------------------------------------

defa                                                                            
 begin time read from input coords =     0.000 ps

 Number of triangulated 3-point waters found:      989
|  Atom division among processors:
|         0     373     748    1123    1498    1870    2245    2617
|      2989

     Sum of charges from parm topology file =  -0.00000000
     Forcing neutrality...
|  Running AMBER/MPI version on    8 nodes


--------------------------------------------------------------------------------
   4.  RESULTS
--------------------------------------------------------------------------------

|  # of SOLUTE  degrees of freedom (RNDFP):    5988.
|  # of SOLVENT degrees of freedom (RNDFS):       0.
|  NDFMIN =    5988.     NUM_NOSHAKE =      0     CORRECTED RNDFP =    5988.
|  TOTAL # of degrees of freedom (RNDF) =    5988.
 ---------------------------------------------------
 APPROXIMATING switch and d/dx switch using CUBIC SPLINE INTERPOLATION
 using   5000.0 points per unit in tabled values
 TESTING RELATIVE ERROR over r ranging from 0.0 to cutoff
| CHECK switch(x): max rel err =   0.2738E-14   at   2.422500
| CHECK d/dx switch(x): max rel err =   0.8314E-11   at   2.736960
 ---------------------------------------------------
| Local SIZE OF NONBOND LIST =      96450
| TOTAL SIZE OF NONBOND LIST =     691541

 NSTEP =        0   TIME(PS) =       0.000  TEMP(K) =     0.00  PRESS = -5451.9
 Etot   =    -13034.1982  EKtot   =         0.0000  EPtot      =    -13034.1982
 BOND   =         0.6809  ANGLE   =         2.7933  DIHED      =        11.5530
 1-4 NB =         3.1657  1-4 EEL =        45.5214  VDWAALS    =      2277.1314
 EELEC  =    -15375.6604  EHBOND  =         0.0000  RESTRAINT  =         0.6167
 EAMBER (non-restraint)  =    -13034.8149
 EKCMT  =         0.0000  VIRIAL  =      4246.1978  VOLUME     =     36072.3231
                                                    Density    =         0.8269
 Ewald error estimate:   0.2324E-03
 ------------------------------------------------------------------------------


 NSTEP =     1000   TIME(PS) =       2.000  TEMP(K) =   303.74  PRESS =  -294.3
 Etot   =     -7620.1967  EKtot   =      1807.1587  EPtot      =     -9427.3554
 BOND   =         2.6153  ANGLE   =        10.6121  DIHED      =        10.6694
 1-4 NB =         2.9870  1-4 EEL =        46.2050  VDWAALS    =      1475.2057
 EELEC  =    -10976.8434  EHBOND  =         0.0000  RESTRAINT  =         1.1935
 EAMBER (non-restraint)  =     -9428.5489
 EKCMT  =       899.3862  VIRIAL  =      1108.3769  VOLUME     =     32891.9276
                                                    Density    =         0.9068
 Ewald error estimate:   0.2784E-03
 ------------------------------------------------------------------------------


 NSTEP =     2000   TIME(PS) =       4.000  TEMP(K) =   298.65  PRESS =    80.9
 Etot   =     -7687.1869  EKtot   =      1776.8513  EPtot      =     -9464.0382
 BOND   =         1.7938  ANGLE   =        13.6200  DIHED      =        10.8376
 1-4 NB =         2.2624  1-4 EEL =        46.6405  VDWAALS    =      1485.4665
 EELEC  =    -11028.6686  EHBOND  =         0.0000  RESTRAINT  =         4.0095
 EAMBER (non-restraint)  =     -9468.0478
 EKCMT  =       893.7780  VIRIAL  =       838.8565  VOLUME     =     31426.1945
                                                    Density    =         0.9491
 Ewald error estimate:   0.2342E-03
 ------------------------------------------------------------------------------


 NSTEP =     3000   TIME(PS) =       6.000  TEMP(K) =   302.14  PRESS =   190.4
 Etot   =     -7658.7002  EKtot   =      1797.6118  EPtot      =     -9456.3120
 BOND   =         3.0826  ANGLE   =        12.0166  DIHED      =         9.3803
 1-4 NB =         2.2554  1-4 EEL =        42.5311  VDWAALS    =      1460.8456
 EELEC  =    -10992.8456  EHBOND  =         0.0000  RESTRAINT  =         6.4221
 EAMBER (non-restraint)  =     -9462.7341
 EKCMT  =       861.1489  VIRIAL  =       734.2845  VOLUME     =     30857.3017
                                                    Density    =         0.9666
 Ewald error estimate:   0.4494E-04
 ------------------------------------------------------------------------------


 NSTEP =     4000   TIME(PS) =       8.000  TEMP(K) =   296.93  PRESS =    95.3
 Etot   =     -7616.7620  EKtot   =      1766.6587  EPtot      =     -9383.4207
 BOND   =         3.3475  ANGLE   =         9.3864  DIHED      =        10.5436
 1-4 NB =         2.4530  1-4 EEL =        43.8404  VDWAALS    =      1396.1433
 EELEC  =    -10851.4003  EHBOND  =         0.0000  RESTRAINT  =         2.2654
 EAMBER (non-restraint)  =     -9385.6860
 EKCMT  =       900.6926  VIRIAL  =       837.8317  VOLUME     =     30554.4255
                                                    Density    =         0.9762
 Ewald error estimate:   0.8127E-05
 ------------------------------------------------------------------------------


 NSTEP =     5000   TIME(PS) =      10.000  TEMP(K) =   288.68  PRESS =    79.4
 Etot   =     -7751.5942  EKtot   =      1717.5545  EPtot      =     -9469.1487
 BOND   =         6.9521  ANGLE   =         9.8185  DIHED      =        11.7038
 1-4 NB =         3.9170  1-4 EEL =        48.5376  VDWAALS    =      1414.7865
 EELEC  =    -10968.7047  EHBOND  =         0.0000  RESTRAINT  =         3.8405
 EAMBER (non-restraint)  =     -9472.9892
 EKCMT  =       875.7534  VIRIAL  =       823.8475  VOLUME     =     30259.3630
                                                    Density    =         0.9857
 Ewald error estimate:   0.2595E-03
 ------------------------------------------------------------------------------


 NSTEP =     6000   TIME(PS) =      12.000  TEMP(K) =   291.70  PRESS =   158.9
 Etot   =     -7764.6125  EKtot   =      1735.5377  EPtot      =     -9500.1502
 BOND   =         1.7803  ANGLE   =        10.0322  DIHED      =         9.1798
 1-4 NB =         3.3801  1-4 EEL =        43.6930  VDWAALS    =      1416.3760
 EELEC  =    -10987.6726  EHBOND  =         0.0000  RESTRAINT  =         3.0809
 EAMBER (non-restraint)  =     -9503.2312
 EKCMT  =       860.9990  VIRIAL  =       757.9408  VOLUME     =     30034.6996
                                                    Density    =         0.9931
 Ewald error estimate:   0.7757E-03
 ------------------------------------------------------------------------------


 NSTEP =     7000   TIME(PS) =      14.000  TEMP(K) =   292.83  PRESS =  -429.8
 Etot   =     -7671.1885  EKtot   =      1742.2216  EPtot      =     -9413.4101
 BOND   =         7.0645  ANGLE   =         6.8387  DIHED      =        10.0176
 1-4 NB =         2.4624  1-4 EEL =        45.7609  VDWAALS    =      1304.2647
 EELEC  =    -10793.5805  EHBOND  =         0.0000  RESTRAINT  =         3.7616
 EAMBER (non-restraint)  =     -9417.1716
 EKCMT  =       878.1550  VIRIAL  =      1158.0630  VOLUME     =     30159.3986
                                                    Density    =         0.9890
 Ewald error estimate:   0.1824E-04
 ------------------------------------------------------------------------------


 NSTEP =     8000   TIME(PS) =      16.000  TEMP(K) =   289.09  PRESS =    52.4
 Etot   =     -7799.0661  EKtot   =      1719.9693  EPtot      =     -9519.0354
 BOND   =         4.3710  ANGLE   =         8.8346  DIHED      =        14.3893
 1-4 NB =         2.9750  1-4 EEL =        48.2664  VDWAALS    =      1429.7113
 EELEC  =    -11028.6402  EHBOND  =         0.0000  RESTRAINT  =         1.0573
 EAMBER (non-restraint)  =     -9520.0926
 EKCMT  =       863.4807  VIRIAL  =       829.3737  VOLUME     =     30132.5039
                                                    Density    =         0.9899
 Ewald error estimate:   0.1736E-03
 ------------------------------------------------------------------------------


 NSTEP =     9000   TIME(PS) =      18.000  TEMP(K) =   296.02  PRESS =     8.8
 Etot   =     -7752.3791  EKtot   =      1761.1961  EPtot      =     -9513.5753
 BOND   =         3.5755  ANGLE   =         7.9394  DIHED      =        12.3833
 1-4 NB =         4.4263  1-4 EEL =        46.5006  VDWAALS    =      1419.8141
 EELEC  =    -11012.3003  EHBOND  =         0.0000  RESTRAINT  =         4.0859
 EAMBER (non-restraint)  =     -9517.6612
 EKCMT  =       876.3731  VIRIAL  =       870.6562  VOLUME     =     30124.2671
                                                    Density    =         0.9901
 Ewald error estimate:   0.8394E-06
 ------------------------------------------------------------------------------


 NSTEP =    10000   TIME(PS) =      20.000  TEMP(K) =   295.82  PRESS =   196.0
 Etot   =     -7676.6699  EKtot   =      1760.0048  EPtot      =     -9436.6747
 BOND   =         5.3473  ANGLE   =         8.5076  DIHED      =        10.9997
 1-4 NB =         3.4420  1-4 EEL =        46.6245  VDWAALS    =      1415.5323
 EELEC  =    -10930.9972  EHBOND  =         0.0000  RESTRAINT  =         3.8691
 EAMBER (non-restraint)  =     -9440.5437
 EKCMT  =       874.1218  VIRIAL  =       745.7948  VOLUME     =     30326.3910
                                                    Density    =         0.9835
 Ewald error estimate:   0.2813E-03
 ------------------------------------------------------------------------------


      A V E R A G E S   O V E R   10000 S T E P S


 NSTEP =    10000   TIME(PS) =      20.000  TEMP(K) =   293.26  PRESS =  -193.5
 Etot   =     -7746.9217  EKtot   =      1744.7939  EPtot      =     -9491.7155
 BOND   =         3.1603  ANGLE   =         9.8661  DIHED      =        11.0304
 1-4 NB =         3.0046  1-4 EEL =        45.1346  VDWAALS    =      1418.4344
 EELEC  =    -10985.5718  EHBOND  =         0.0000  RESTRAINT  =         3.2259
 EAMBER (non-restraint)  =     -9494.9414
 EKCMT  =       868.6319  VIRIAL  =      1007.0339  VOLUME     =     30941.1636
                                                    Density    =         0.9655
 Ewald error estimate:   0.1981E-03
 ------------------------------------------------------------------------------


      R M S  F L U C T U A T I O N S


 NSTEP =    10000   TIME(PS) =      20.000  TEMP(K) =    26.47  PRESS =   450.8
 Etot   =       334.1267  EKtot   =       157.4737  EPtot      =       182.9392
 BOND   =         1.4646  ANGLE   =         2.4724  DIHED      =         1.1969
 1-4 NB =         0.6534  1-4 EEL =         1.8863  VDWAALS    =        88.4439
 EELEC  =       262.2421  EHBOND  =         0.0000  RESTRAINT  =         1.3417
 EAMBER (non-restraint)  =       181.5975
 EKCMT  =        76.7423  VIRIAL  =       283.6801  VOLUME     =      1263.5249
                                                    Density    =         0.0365
 Ewald error estimate:   0.1531E-03
 ------------------------------------------------------------------------------


--------------------------------------------------------------------------------
   5.  TIMINGS
--------------------------------------------------------------------------------

|>>>>>>>>PROFILE of Average TIMES>>>>>>>>> 
|                Build the list             7.10 (97.97% of List )
|                Other                      0.15 ( 2.03% of List )
|             List time                  7.24 ( 7.22% of Nonbo)
|                   Short_ene time            38.25 (96.63% of Direc)
|                   Other                      1.33 ( 3.37% of Direc)
|                Direct Ewald time         39.59 (42.51% of Ewald)
|                Adjust Ewald time          0.20 ( 0.21% of Ewald)
|                   Fill Bspline coeffs        0.86 ( 2.05% of Recip)
|                   Fill charge grid           0.70 ( 1.67% of Recip)
|                   Scalar sum                 3.49 ( 8.32% of Recip)
|                   Grad sum                   1.55 ( 3.70% of Recip)
|                      FFT back comm time        25.34 (77.38% of FFT t)
|                      Other                      7.41 (22.62% of FFT t)
|                   FFT time                  32.75 (78.15% of Recip)
|                   Other                      2.56 ( 6.11% of Recip)
|                Recip Ewald time          41.91 (45.01% of Ewald)
|                Force Adjust              10.10 (10.85% of Ewald)
|                Virial junk                1.30 ( 1.39% of Ewald)
|                Other                      0.03 ( 0.03% of Ewald)
|             Ewald time                93.11 (92.78% of Nonbo)
|          Nonbond force            100.36 (84.87% of Force)
|          Bond/Angle/Dihedral        0.08 ( 0.07% of Force)
|          FRC Collect time          16.40 (13.87% of Force)
|          Other                      1.41 ( 1.20% of Force)
|       Force time               118.25 (74.54% of Runmd)
|       Shake time                 0.26 ( 0.16% of Runmd)
|       Verlet update time         8.84 ( 5.57% of Runmd)
|       Ekcmr time                 7.61 ( 4.80% of Runmd)
|       CRD distribute time       11.48 ( 7.24% of Runmd)
|       Other                     12.20 ( 7.69% of Runmd)
|    Runmd Time               158.63 (99.88% of Total)
|    Other                      0.20 ( 0.12% of Total)
| Total time               158.83 (100.0% of ALL  )

| Number of list builds   :        912

| Highest rstack allocated:      40693
| Highest istack allocated:        885

| Final Performance Info:
| -----------------------------------------------------
| Average timings for all steps:
|     Elapsed(s) =     159.28 Per Step(ms) =      15.93
|         ns/day =      10.85   seconds/ns =    7963.89
| -----------------------------------------------------

|           Job began  at 14:59:56.405  on 03/14/2017
|           Setup done at 14:59:56.614  on 03/14/2017
|           Run   done at 15:02:35.511  on 03/14/2017
|     wallclock() was called  571891 times
