
          -------------------------------------------------------
          Amber 16 SANDER                              2016
          -------------------------------------------------------

| Run on 03/14/2017 at 13:58:32

|   Executable path: sander.MPI
| Working directory: /home/steboss/projects/mdgx-tests/alanine/IPOLQ/input/PhiPsi_1/15/15
|          Hostname: node006

  [-O]verwriting output

File Assignments:
|  MDIN: min.in                                                                
| MDOUT: Conf15.min.out                                                        
|INPCRD: Conf15.crd                                                            
|  PARM: Conf15.top                                                            
|RESTRT: Conf15.min                                                            
|  REFC: Conf15.crd                                                            
| MDVEL: mdvel                                                                 
| MDFRC: mdfrc                                                                 
|  MDEN: mden                                                                  
| MDCRD: mdcrd                                                                 
|MDINFO: mdinfo                                                                
|  MTMD: mtmd                                                                  
|INPDIP: inpdip                                                                
|RSTDIP: rstdip                                                                
|INPTRA: inptraj                                                               

|    REMLOG: rem.log
|   REMTYPE: rem.type
|  REMSTRIP: 
|   SAVEENE: saveene
|CLUSTERINF: cluster.info
| RESERVOIR: reserv/frame
|   REMDDIM: 


 Here is the input file:

Initial minimization                                                           
 &cntrl                                                                        
  ntx    = 1,       irest  = 0,       ntrx   = 1,      ntxo   = 1,             
  ntpr   = 20,      ntwx   = 0,       ntwv   = 0,      ntwe   = 0,             
                                                                               
  ntf    = 1,       ntb    = 1,                                                
  ntc    = 1,       ntr    = 1,                                                
  restraintmask = ':1',                                                        
  restraint_wt = 100.0,                                                        
  cut    = 9.0,                                                                
                                                                               
  imin   = 1,                                                                  
  maxcyc = 1000,                                                               
  ncyc   = 100,                                                                
                                                                               
 &end                                                                          

--------------------------------------------------------------------------------
   1.  RESOURCE   USE: 
--------------------------------------------------------------------------------

| Flags: MPI                                                                    
 getting new box info from bottom of inpcrd
|  INFO: Old style inpcrd file read

| peek_ewald_inpcrd: Box info found
|Largest sphere to fit in unit cell has radius =    14.165
| New format PARM file being parsed.
| Version =    1.000 Date = 03/14/17 Time = 13:38:08
 NATOM  =    2698 NTYPES =       9 NBONH =    2688 MBONA  =       9
 NTHETH =      25 MTHETA =      11 NPHIH =      43 MPHIA  =      24
 NHPARM =       0 NPARM  =       0 NNB   =    3667 NRES   =     895
 NBONA  =       9 NTHETA =      11 NPHIA =      24 NUMBND =      10
 NUMANG =      16 NPTRA  =      19 NATYP =       9 NPHB   =       1
 IFBOX  =       2 NMXRS  =      10 IFCAP =       0 NEXTRA =       0
 NCOPY  =       0


|     Memory Use     Allocated
|     Real              316314
|     Hollerith           8991
|     Integer            84536
|     Max Pairs         299252
|     nblistReal         32376
|     nblist Int         83361
|       Total             4584 kbytes

| Note: 1-4 EEL scale factors are being read from the topology file.

| Note: 1-4 VDW scale factors are being read from the topology file.
| Duplicated    0 dihedrals
| Duplicated    0 dihedrals

     BOX TYPE: TRUNCATED OCTAHEDRON

--------------------------------------------------------------------------------
   2.  CONTROL  DATA  FOR  THE  RUN
--------------------------------------------------------------------------------

default_name                                                                    

General flags:
     imin    =       1, nmropt  =       0

Nature and format of input:
     ntx     =       1, irest   =       0, ntrx    =       1

Nature and format of output:
     ntxo    =       1, ntpr    =      20, ntrx    =       1, ntwr    =       1
     iwrap   =       0, ntwx    =       0, ntwv    =       0, ntwe    =       0
     ioutfm  =       1, ntwprt  =       0, idecomp =       0, rbornstat=      0

Potential function:
     ntf     =       1, ntb     =       1, igb     =       0, nsnb    =      25
     ipol    =       0, gbsa    =       0, iesp    =       0
     dielc   =   1.00000, cut     =   9.00000, intdiel =   1.00000

Frozen or restrained atoms:
     ibelly  =       0, ntr     =       1
     restraint_wt = 100.00000

Energy minimization:
     maxcyc  =    1000, ncyc    =     100, ntmin   =       1
     dx0     =   0.01000, drms    =   0.00010

Ewald parameters:
     verbose =       0, ew_type =       0, nbflag  =       1, use_pme =       1
     vdwmeth =       1, eedmeth =       1, netfrc  =       0
     Box X =   34.697   Box Y =   34.697   Box Z =   34.697
     Alpha =  109.471   Beta  =  109.471   Gamma =  109.471
     NFFT1 =   36       NFFT2 =   36       NFFT3 =   36
     Cutoff=    9.000   Tol   =0.100E-04
     Ewald Coefficient =  0.30768
     Interpolation order =    4

| MPI Timing options:
|      profile_mpi =        0

    LOADING THE CONSTRAINED ATOMS AS GROUPS


   5.  REFERENCE ATOM COORDINATES

  defa
     Mask :1; matches     6 atoms

--------------------------------------------------------------------------------
   3.  ATOMIC COORDINATES AND VELOCITIES
--------------------------------------------------------------------------------

default_name                                                                    
 begin time read from input coords =     0.000 ps

 Number of triangulated 3-point waters found:      892
|  Atom division among processors:
|         0     337     676    1012    1348    1687    2023    2359
|      2698

     Sum of charges from parm topology file =  -0.00000000
     Forcing neutrality...
|  Running AMBER/MPI version on    8 nodes


--------------------------------------------------------------------------------
   4.  RESULTS
--------------------------------------------------------------------------------

 ---------------------------------------------------
 APPROXIMATING switch and d/dx switch using CUBIC SPLINE INTERPOLATION
 using   5000.0 points per unit in tabled values
 TESTING RELATIVE ERROR over r ranging from 0.0 to cutoff
| CHECK switch(x): max rel err =   0.2738E-14   at   2.422500
| CHECK d/dx switch(x): max rel err =   0.8314E-11   at   2.736960
 ---------------------------------------------------
| Local SIZE OF NONBOND LIST =      83545
| TOTAL SIZE OF NONBOND LIST =     630560


   NSTEP       ENERGY          RMS            GMAX         NAME    NUMBER
      1      -5.8093E+03     2.9864E+01     3.8162E+02     O        1970

 BOND    =        0.9339  ANGLE   =        3.5184  DIHED      =        9.6756
 VDWAALS =     2726.8336  EEL     =    -8597.2934  HBOND      =        0.0000
 1-4 VDW =        2.6321  1-4 EEL =       44.4244  RESTRAINT  =        0.0000


   NSTEP       ENERGY          RMS            GMAX         NAME    NUMBER
     20      -7.8416E+03     4.7924E+00     4.6178E+01     O         359

 BOND    =      430.9486  ANGLE   =        3.5555  DIHED      =        9.7415
 VDWAALS =     1266.5674  EEL     =    -9599.5092  HBOND      =        0.0000
 1-4 VDW =        2.6172  1-4 EEL =       44.4245  RESTRAINT  =        0.0056
 EAMBER  =    -7841.6546


   NSTEP       ENERGY          RMS            GMAX         NAME    NUMBER
     40      -8.8833E+03     1.7014E+00     1.0771E+01     H1        771

 BOND    =      526.8234  ANGLE   =        3.5627  DIHED      =        9.5290
 VDWAALS =     1055.5300  EEL     =   -10525.7705  HBOND      =        0.0000
 1-4 VDW =        2.6208  1-4 EEL =       44.3817  RESTRAINT  =        0.0377
 EAMBER  =    -8883.3229


   NSTEP       ENERGY          RMS            GMAX         NAME    NUMBER
     60      -9.1352E+03     3.4496E+00     2.4755E+01     H2       2620

 BOND    =      622.0759  ANGLE   =        3.5223  DIHED      =        9.3924
 VDWAALS =     1071.4030  EEL     =   -10888.6784  HBOND      =        0.0000
 1-4 VDW =        2.6337  1-4 EEL =       44.3869  RESTRAINT  =        0.0469
 EAMBER  =    -9135.2641


   NSTEP       ENERGY          RMS            GMAX         NAME    NUMBER
     80      -9.2839E+03     4.0758E+00     2.6917E+01     H2       2620

 BOND    =      662.7026  ANGLE   =        3.4818  DIHED      =        9.2902
 VDWAALS =     1097.1426  EEL     =   -11103.5687  HBOND      =        0.0000
 1-4 VDW =        2.6466  1-4 EEL =       44.3773  RESTRAINT  =        0.0560
 EAMBER  =    -9283.9277


   NSTEP       ENERGY          RMS            GMAX         NAME    NUMBER
    100      -9.4143E+03     9.5565E-01     5.6761E+00     H1        783

 BOND    =      561.3510  ANGLE   =        3.4455  DIHED      =        9.2065
 VDWAALS =     1125.3376  EEL     =   -11160.7601  HBOND      =        0.0000
 1-4 VDW =        2.6588  1-4 EEL =       44.3578  RESTRAINT  =        0.0651
 EAMBER  =    -9414.4029


   NSTEP       ENERGY          RMS            GMAX         NAME    NUMBER
    120      -9.8570E+03     2.4571E+00     7.1913E+01     H1       2172

 BOND    =      651.1314  ANGLE   =        3.1992  DIHED      =        8.8262
 VDWAALS =     1444.9166  EEL     =   -12012.0648  HBOND      =        0.0000
 1-4 VDW =        2.7864  1-4 EEL =       44.0532  RESTRAINT  =        0.1909
 EAMBER  =    -9857.1519


   NSTEP       ENERGY          RMS            GMAX         NAME    NUMBER
    140      -9.9553E+03     5.6436E+00     2.8294E+02     H1       2172

 BOND    =      720.2882  ANGLE   =        3.4432  DIHED      =        8.7215
 VDWAALS =     1483.2573  EEL     =   -12217.7574  HBOND      =        0.0000
 1-4 VDW =        2.7911  1-4 EEL =       43.7562  RESTRAINT  =        0.2180
 EAMBER  =    -9955.4999


   NSTEP       ENERGY          RMS            GMAX         NAME    NUMBER
    160      -1.0097E+04     1.9217E+00     3.1752E+01     H1       2178

 BOND    =      665.0982  ANGLE   =        4.5298  DIHED      =        8.6416
 VDWAALS =     1504.3120  EEL     =   -12326.1857  HBOND      =        0.0000
 1-4 VDW =        2.9044  1-4 EEL =       43.6815  RESTRAINT  =        0.3329
 EAMBER  =   -10097.0182


   NSTEP       ENERGY          RMS            GMAX         NAME    NUMBER
    180      -1.0176E+04     8.6356E-01     1.7076E+01     H          18

 BOND    =      695.8799  ANGLE   =        4.1266  DIHED      =        8.6028
 VDWAALS =     1610.0158  EEL     =   -12541.1020  HBOND      =        0.0000
 1-4 VDW =        2.8519  1-4 EEL =       43.5994  RESTRAINT  =        0.3314
 EAMBER  =   -10176.0256


   NSTEP       ENERGY          RMS            GMAX         NAME    NUMBER
    200      -1.0260E+04     1.4481E+00     2.9998E+01     CA          9

 BOND    =      712.5404  ANGLE   =        3.6504  DIHED      =        8.5761
 VDWAALS =     1647.7727  EEL     =   -12678.2708  HBOND      =        0.0000
 1-4 VDW =        2.5368  1-4 EEL =       43.1521  RESTRAINT  =        0.3218
 EAMBER  =   -10260.0423


   NSTEP       ENERGY          RMS            GMAX         NAME    NUMBER
    220      -1.0306E+04     1.0603E+00     2.7865E+01     H          18

 BOND    =      721.8082  ANGLE   =        4.1091  DIHED      =        8.5385
 VDWAALS =     1675.3350  EEL     =   -12760.9316  HBOND      =        0.0000
 1-4 VDW =        2.3406  1-4 EEL =       42.8501  RESTRAINT  =        0.3758
 EAMBER  =   -10305.9500


   NSTEP       ENERGY          RMS            GMAX         NAME    NUMBER
    240      -1.0340E+04     8.5406E-01     1.5390E+01     C           5

 BOND    =      724.0187  ANGLE   =        3.8572  DIHED      =        8.8059
 VDWAALS =     1701.8056  EEL     =   -12824.3567  HBOND      =        0.0000
 1-4 VDW =        2.6775  1-4 EEL =       43.1897  RESTRAINT  =        0.2999
 EAMBER  =   -10340.0020


   NSTEP       ENERGY          RMS            GMAX         NAME    NUMBER
    260      -1.0451E+04     1.5404E+00     4.9684E+01     C           5

 BOND    =      760.3601  ANGLE   =        5.1935  DIHED      =        8.8709
 VDWAALS =     1834.6547  EEL     =   -13104.8442  HBOND      =        0.0000
 1-4 VDW =        2.3303  1-4 EEL =       42.1090  RESTRAINT  =        0.5141
 EAMBER  =   -10451.3256


   NSTEP       ENERGY          RMS            GMAX         NAME    NUMBER
    280      -1.0480E+04     4.3405E-01     4.3747E+00     O        2171

 BOND    =      757.3866  ANGLE   =        3.6927  DIHED      =        8.8955
 VDWAALS =     1851.8989  EEL     =   -13147.1157  HBOND      =        0.0000
 1-4 VDW =        2.4502  1-4 EEL =       42.7979  RESTRAINT  =        0.3534
 EAMBER  =   -10479.9940


   NSTEP       ENERGY          RMS            GMAX         NAME    NUMBER
    300      -1.0522E+04     1.0193E+00     2.7157E+01     O           6

 BOND    =      767.5546  ANGLE   =        4.6540  DIHED      =        9.5807
 VDWAALS =     1877.6940  EEL     =   -13227.8154  HBOND      =        0.0000
 1-4 VDW =        2.4749  1-4 EEL =       43.4816  RESTRAINT  =        0.6942
 EAMBER  =   -10522.3756


   NSTEP       ENERGY          RMS            GMAX         NAME    NUMBER
    320      -1.0553E+04     8.0344E-01     2.9663E+01     C           5

 BOND    =      762.5490  ANGLE   =        4.1487  DIHED      =        9.2607
 VDWAALS =     1889.0063  EEL     =   -13263.2991  HBOND      =        0.0000
 1-4 VDW =        2.4245  1-4 EEL =       42.9194  RESTRAINT  =        0.4338
 EAMBER  =   -10552.9907


   NSTEP       ENERGY          RMS            GMAX         NAME    NUMBER
    340      -1.0573E+04     5.5738E-01     1.2129E+01     N          17

 BOND    =      773.3024  ANGLE   =        4.2226  DIHED      =        9.1617
 VDWAALS =     1899.3689  EEL     =   -13304.0398  HBOND      =        0.0000
 1-4 VDW =        2.3536  1-4 EEL =       42.2728  RESTRAINT  =        0.3466
 EAMBER  =   -10573.3577


   NSTEP       ENERGY          RMS            GMAX         NAME    NUMBER
    360      -1.0601E+04     7.0992E-01     1.7604E+01     N          17

 BOND    =      773.1286  ANGLE   =        4.2616  DIHED      =        9.3126
 VDWAALS =     1923.6310  EEL     =   -13356.5753  HBOND      =        0.0000
 1-4 VDW =        2.2892  1-4 EEL =       42.1835  RESTRAINT  =        0.3927
 EAMBER  =   -10601.7688


   NSTEP       ENERGY          RMS            GMAX         NAME    NUMBER
    380      -1.0620E+04     4.1245E-01     6.5551E+00     O         266

 BOND    =      781.8851  ANGLE   =        3.7626  DIHED      =        9.4310
 VDWAALS =     1946.5012  EEL     =   -13406.8085  HBOND      =        0.0000
 1-4 VDW =        2.3335  1-4 EEL =       42.6907  RESTRAINT  =        0.3838
 EAMBER  =   -10620.2044


   NSTEP       ENERGY          RMS            GMAX         NAME    NUMBER
    400      -1.0645E+04     8.3265E-01     2.2222E+01     C          15

 BOND    =      789.1358  ANGLE   =        4.2843  DIHED      =        9.7968
 VDWAALS =     1960.2630  EEL     =   -13454.3332  HBOND      =        0.0000
 1-4 VDW =        2.3103  1-4 EEL =       43.2149  RESTRAINT  =        0.6585
 EAMBER  =   -10645.3282


   NSTEP       ENERGY          RMS            GMAX         NAME    NUMBER
    420      -1.0663E+04     7.7148E-01     1.9614E+01     N          17

 BOND    =      782.0502  ANGLE   =        4.4943  DIHED      =        9.7044
 VDWAALS =     1969.5697  EEL     =   -13474.7138  HBOND      =        0.0000
 1-4 VDW =        2.3626  1-4 EEL =       42.8376  RESTRAINT  =        0.4609
 EAMBER  =   -10663.6950


   NSTEP       ENERGY          RMS            GMAX         NAME    NUMBER
    440      -1.0681E+04     5.0296E-01     1.4077E+01     CH3        19

 BOND    =      794.3282  ANGLE   =        4.2760  DIHED      =        9.7261
 VDWAALS =     1977.8598  EEL     =   -13512.1909  HBOND      =        0.0000
 1-4 VDW =        2.3230  1-4 EEL =       42.1955  RESTRAINT  =        0.3698
 EAMBER  =   -10681.4823


   NSTEP       ENERGY          RMS            GMAX         NAME    NUMBER
    460      -1.0703E+04     5.8830E-01     1.5597E+01     N           7

 BOND    =      794.1225  ANGLE   =        4.3397  DIHED      =        9.8135
 VDWAALS =     1993.0404  EEL     =   -13549.2480  HBOND      =        0.0000
 1-4 VDW =        2.3218  1-4 EEL =       42.3166  RESTRAINT  =        0.4638
 EAMBER  =   -10703.2934


   NSTEP       ENERGY          RMS            GMAX         NAME    NUMBER
    480      -1.0718E+04     3.3819E-01     4.8334E+00     C          15

 BOND    =      798.7384  ANGLE   =        3.6597  DIHED      =        9.9461
 VDWAALS =     2010.0125  EEL     =   -13585.7094  HBOND      =        0.0000
 1-4 VDW =        2.2734  1-4 EEL =       42.7039  RESTRAINT  =        0.3888
 EAMBER  =   -10718.3754


   NSTEP       ENERGY          RMS            GMAX         NAME    NUMBER
    500      -1.0740E+04     1.0973E+00     3.3113E+01     C           5

 BOND    =      809.5417  ANGLE   =        4.3100  DIHED      =       10.4163
 VDWAALS =     2027.3356  EEL     =   -13637.5793  HBOND      =        0.0000
 1-4 VDW =        2.2445  1-4 EEL =       43.1177  RESTRAINT  =        0.9501
 EAMBER  =   -10740.6136


   NSTEP       ENERGY          RMS            GMAX         NAME    NUMBER
    520      -1.0754E+04     6.1197E-01     1.6856E+01     N          17

 BOND    =      800.5675  ANGLE   =        3.5513  DIHED      =       10.2485
 VDWAALS =     2033.5258  EEL     =   -13647.4254  HBOND      =        0.0000
 1-4 VDW =        2.3028  1-4 EEL =       42.6942  RESTRAINT  =        0.3728
 EAMBER  =   -10754.5352


   NSTEP       ENERGY          RMS            GMAX         NAME    NUMBER
    540      -1.0765E+04     3.6593E-01     6.9459E+00     CH3        19

 BOND    =      809.7664  ANGLE   =        3.7069  DIHED      =       10.3811
 VDWAALS =     2038.5240  EEL     =   -13672.5547  HBOND      =        0.0000
 1-4 VDW =        2.2872  1-4 EEL =       42.4287  RESTRAINT  =        0.4587
 EAMBER  =   -10765.4603


   NSTEP       ENERGY          RMS            GMAX         NAME    NUMBER
    560      -1.0780E+04     4.3586E-01     1.3127E+01     N           7

 BOND    =      810.1975  ANGLE   =        3.8059  DIHED      =       10.4754
 VDWAALS =     2049.6593  EEL     =   -13699.7455  HBOND      =        0.0000
 1-4 VDW =        2.2741  1-4 EEL =       42.5605  RESTRAINT  =        0.4738
 EAMBER  =   -10780.7727


   NSTEP       ENERGY          RMS            GMAX         NAME    NUMBER
    580      -1.0790E+04     3.6484E-01     8.4268E+00     C          15

 BOND    =      812.6707  ANGLE   =        3.5340  DIHED      =       10.6350
 VDWAALS =     2061.0050  EEL     =   -13723.5460  HBOND      =        0.0000
 1-4 VDW =        2.2259  1-4 EEL =       42.7483  RESTRAINT  =        0.3955
 EAMBER  =   -10790.7270


   NSTEP       ENERGY          RMS            GMAX         NAME    NUMBER
    600      -1.0803E+04     8.4569E-01     2.5350E+01     C          15

 BOND    =      816.2379  ANGLE   =        3.5609  DIHED      =       10.8640
 VDWAALS =     2068.8126  EEL     =   -13747.9775  HBOND      =        0.0000
 1-4 VDW =        2.1505  1-4 EEL =       43.0628  RESTRAINT  =        0.5801
 EAMBER  =   -10803.2888


   NSTEP       ENERGY          RMS            GMAX         NAME    NUMBER
    620      -1.0813E+04     5.2175E-01     1.4652E+01     N          17

 BOND    =      816.4402  ANGLE   =        3.3012  DIHED      =       11.0027
 VDWAALS =     2074.2096  EEL     =   -13763.1582  HBOND      =        0.0000
 1-4 VDW =        2.2083  1-4 EEL =       42.8638  RESTRAINT  =        0.3817
 EAMBER  =   -10813.1323


   NSTEP       ENERGY          RMS            GMAX         NAME    NUMBER
    640      -1.0822E+04     3.5244E-01     8.1311E+00     C           5

 BOND    =      818.2006  ANGLE   =        3.5684  DIHED      =       11.1748
 VDWAALS =     2076.7175  EEL     =   -13776.7146  HBOND      =        0.0000
 1-4 VDW =        2.2664  1-4 EEL =       42.6830  RESTRAINT  =        0.4588
 EAMBER  =   -10822.1041


   NSTEP       ENERGY          RMS            GMAX         NAME    NUMBER
    660      -1.0832E+04     4.6085E-01     1.5687E+01     O           6

 BOND    =      819.1512  ANGLE   =        3.6218  DIHED      =       11.3213
 VDWAALS =     2083.6887  EEL     =   -13795.5639  HBOND      =        0.0000
 1-4 VDW =        2.2929  1-4 EEL =       42.8068  RESTRAINT  =        0.5371
 EAMBER  =   -10832.6812


   NSTEP       ENERGY          RMS            GMAX         NAME    NUMBER
    680      -1.0841E+04     3.7291E-01     1.0742E+01     C           5

 BOND    =      821.7433  ANGLE   =        3.2310  DIHED      =       11.4545
 VDWAALS =     2094.2178  EEL     =   -13817.9279  HBOND      =        0.0000
 1-4 VDW =        2.1966  1-4 EEL =       43.1604  RESTRAINT  =        0.4685
 EAMBER  =   -10841.9243


   NSTEP       ENERGY          RMS            GMAX         NAME    NUMBER
    700      -1.0853E+04     6.4766E-01     1.7165E+01     C          15

 BOND    =      825.0006  ANGLE   =        3.2685  DIHED      =       11.7019
 VDWAALS =     2099.4219  EEL     =   -13838.3263  HBOND      =        0.0000
 1-4 VDW =        2.1253  1-4 EEL =       43.4919  RESTRAINT  =        0.6082
 EAMBER  =   -10853.3161


   NSTEP       ENERGY          RMS            GMAX         NAME    NUMBER
    720      -1.0861E+04     5.0584E-01     1.4541E+01     N          17

 BOND    =      824.0801  ANGLE   =        2.9551  DIHED      =       11.8809
 VDWAALS =     2104.9966  EEL     =   -13850.8448  HBOND      =        0.0000
 1-4 VDW =        2.2088  1-4 EEL =       43.2955  RESTRAINT  =        0.3931
 EAMBER  =   -10861.4278


   NSTEP       ENERGY          RMS            GMAX         NAME    NUMBER
    740      -1.0870E+04     3.3534E-01     8.7010E+00     N          17

 BOND    =      826.5938  ANGLE   =        3.2468  DIHED      =       12.0823
 VDWAALS =     2108.1747  EEL     =   -13865.7473  HBOND      =        0.0000
 1-4 VDW =        2.2749  1-4 EEL =       43.1206  RESTRAINT  =        0.4814
 EAMBER  =   -10870.2542


   NSTEP       ENERGY          RMS            GMAX         NAME    NUMBER
    760      -1.0882E+04     3.7101E-01     1.5153E+01     O           6

 BOND    =      827.9600  ANGLE   =        3.2723  DIHED      =       12.1412
 VDWAALS =     2116.9514  EEL     =   -13888.4770  HBOND      =        0.0000
 1-4 VDW =        2.2595  1-4 EEL =       43.4270  RESTRAINT  =        0.5629
 EAMBER  =   -10882.4657


   NSTEP       ENERGY          RMS            GMAX         NAME    NUMBER
    780      -1.0890E+04     3.3897E-01     9.6870E+00     C          15

 BOND    =      827.8317  ANGLE   =        2.9325  DIHED      =       12.1403
 VDWAALS =     2124.6113  EEL     =   -13904.0923  HBOND      =        0.0000
 1-4 VDW =        2.1923  1-4 EEL =       43.5825  RESTRAINT  =        0.4717
 EAMBER  =   -10890.8016


   NSTEP       ENERGY          RMS            GMAX         NAME    NUMBER
    800      -1.0904E+04     7.5238E-01     2.5759E+01     O           6

 BOND    =      834.9316  ANGLE   =        3.9497  DIHED      =       12.1344
 VDWAALS =     2138.0467  EEL     =   -13940.4768  HBOND      =        0.0000
 1-4 VDW =        2.2326  1-4 EEL =       43.6386  RESTRAINT  =        1.0939
 EAMBER  =   -10905.5432


   NSTEP       ENERGY          RMS            GMAX         NAME    NUMBER
    820      -1.0912E+04     5.4453E-01     1.4475E+01     C          15

 BOND    =      833.4385  ANGLE   =        3.3471  DIHED      =       12.3840
 VDWAALS =     2141.4931  EEL     =   -13948.3598  HBOND      =        0.0000
 1-4 VDW =        2.2656  1-4 EEL =       43.3854  RESTRAINT  =        0.3961
 EAMBER  =   -10912.0461


   NSTEP       ENERGY          RMS            GMAX         NAME    NUMBER
    840      -1.0920E+04     2.9990E-01     9.4915E+00     C          15

 BOND    =      836.3217  ANGLE   =        3.3034  DIHED      =       12.2479
 VDWAALS =     2144.6793  EEL     =   -13962.2269  HBOND      =        0.0000
 1-4 VDW =        2.2211  1-4 EEL =       43.5186  RESTRAINT  =        0.4299
 EAMBER  =   -10919.9349


   NSTEP       ENERGY          RMS            GMAX         NAME    NUMBER
    860      -1.0928E+04     3.6432E-01     1.0137E+01     O           6

 BOND    =      836.6622  ANGLE   =        3.2418  DIHED      =       12.2313
 VDWAALS =     2151.7140  EEL     =   -13977.8382  HBOND      =        0.0000
 1-4 VDW =        2.1533  1-4 EEL =       43.6364  RESTRAINT  =        0.4681
 EAMBER  =   -10928.1992


   NSTEP       ENERGY          RMS            GMAX         NAME    NUMBER
    880      -1.0933E+04     5.5351E-01     1.8840E+01     C          15

 BOND    =      838.9592  ANGLE   =        2.9618  DIHED      =       12.2043
 VDWAALS =     2156.6444  EEL     =   -13990.5215  HBOND      =        0.0000
 1-4 VDW =        2.1913  1-4 EEL =       43.6840  RESTRAINT  =        0.5239
 EAMBER  =   -10933.8766


   NSTEP       ENERGY          RMS            GMAX         NAME    NUMBER
    900      -1.0941E+04     5.8498E-01     1.3360E+01     H           8

 BOND    =      841.9259  ANGLE   =        3.6179  DIHED      =       12.1628
 VDWAALS =     2161.1083  EEL     =   -14006.5620  HBOND      =        0.0000
 1-4 VDW =        2.1044  1-4 EEL =       43.6794  RESTRAINT  =        0.8103
 EAMBER  =   -10941.9632


   NSTEP       ENERGY          RMS            GMAX         NAME    NUMBER
    920      -1.0948E+04     4.0697E-01     9.8529E+00     C          15

 BOND    =      839.4225  ANGLE   =        3.4495  DIHED      =       12.2964
 VDWAALS =     2163.3653  EEL     =   -14012.5695  HBOND      =        0.0000
 1-4 VDW =        2.2097  1-4 EEL =       43.4365  RESTRAINT  =        0.5193
 EAMBER  =   -10948.3895


   NSTEP       ENERGY          RMS            GMAX         NAME    NUMBER
    940      -1.0954E+04     3.5884E-01     1.1540E+01     CB         11

 BOND    =      843.1894  ANGLE   =        3.7074  DIHED      =       12.3473
 VDWAALS =     2164.6179  EEL     =   -14023.8938  HBOND      =        0.0000
 1-4 VDW =        2.3132  1-4 EEL =       43.2712  RESTRAINT  =        0.4397
 EAMBER  =   -10954.4473


   NSTEP       ENERGY          RMS            GMAX         NAME    NUMBER
    960      -1.0962E+04     4.6027E-01     1.7351E+01     O           6

 BOND    =      841.1307  ANGLE   =        3.2811  DIHED      =       12.3111
 VDWAALS =     2168.8761  EEL     =   -14033.9011  HBOND      =        0.0000
 1-4 VDW =        2.2060  1-4 EEL =       43.5271  RESTRAINT  =        0.4890
 EAMBER  =   -10962.5689


   NSTEP       ENERGY          RMS            GMAX         NAME    NUMBER
    980      -1.0968E+04     4.4002E-01     1.4592E+01     C          15

 BOND    =      842.4271  ANGLE   =        3.3285  DIHED      =       12.1988
 VDWAALS =     2172.3255  EEL     =   -14044.3567  HBOND      =        0.0000
 1-4 VDW =        2.1549  1-4 EEL =       43.5899  RESTRAINT  =        0.5551
 EAMBER  =   -10968.3319


   NSTEP       ENERGY          RMS            GMAX         NAME    NUMBER
   1000      -1.0977E+04     5.3679E-01     1.2390E+01     H           8

 BOND    =      847.5690  ANGLE   =        3.4681  DIHED      =       12.1442
 VDWAALS =     2177.8238  EEL     =   -14064.2546  HBOND      =        0.0000
 1-4 VDW =        2.1026  1-4 EEL =       43.7127  RESTRAINT  =        0.8115
 EAMBER  =   -10977.4342


  Maximum number of minimization cycles reached.


                    FINAL RESULTS



   NSTEP       ENERGY          RMS            GMAX         NAME    NUMBER
   1000      -1.0977E+04     5.3679E-01     1.2390E+01     H           8

 BOND    =      847.5690  ANGLE   =        3.4681  DIHED      =       12.1442
 VDWAALS =     2177.8238  EEL     =   -14064.2546  HBOND      =        0.0000
 1-4 VDW =        2.1026  1-4 EEL =       43.7127  RESTRAINT  =        0.8115
 EAMBER  =   -10977.4342

--------------------------------------------------------------------------------
   5.  TIMINGS
--------------------------------------------------------------------------------

|                Build the list             0.08 (58.68% of List )
|                Other                      0.05 (41.32% of List )
|             List time                  0.13 ( 1.43% of Nonbo)
|                   Short_ene time             6.40 (96.51% of Direc)
|                   Other                      0.23 ( 3.49% of Direc)
|                Direct Ewald time          6.63 (73.43% of Ewald)
|                Adjust Ewald time          0.04 ( 0.41% of Ewald)
|                Self Ewald time            0.00 ( 0.02% of Ewald)
|                   Fill Bspline coeffs        0.17 ( 7.68% of Recip)
|                   Fill charge grid           0.14 ( 6.30% of Recip)
|                   Scalar sum                 0.61 (27.97% of Recip)
|                   Grad sum                   0.30 (13.77% of Recip)
|                      FFT back comm time         0.20 (21.41% of FFT t)
|                      Other                      0.74 (78.59% of FFT t)
|                   FFT time                   0.94 (43.12% of Recip)
|                   Other                      0.03 ( 1.17% of Recip)
|                Recip Ewald time           2.17 (24.07% of Ewald)
|                Force Adjust               0.13 ( 1.47% of Ewald)
|                Virial junk                0.05 ( 0.53% of Ewald)
|                Start synchronizatio       0.00 ( 0.01% of Ewald)
|                Other                      0.01 ( 0.06% of Ewald)
|             Ewald time                 9.03 (98.55% of Nonbo)
|             Other                      0.00 ( 0.01% of Nonbo)
|          Nonbond force              9.16 (94.42% of Force)
|          Bond/Angle/Dihedral        0.03 ( 0.34% of Force)
|          FRC Collect time           0.18 ( 1.88% of Force)
|          Other                      0.33 ( 3.36% of Force)
|       Force time                 9.70 (100.0% of Runmd)
|    Runmd Time                 9.70 ( 4.99% of Total)
|    Other                    184.64 (95.00% of Total)
| Total time               194.35 (100.0% of ALL  )

| Highest rstack allocated:      38371
| Highest istack allocated:        799
|           Job began  at 13:58:32.134  on 03/14/2017
|           Setup done at 13:58:32.216  on 03/14/2017
|           Run   done at 14:01:46.480  on 03/14/2017
|     wallclock() was called   44070 times
