
          -------------------------------------------------------
          Amber 16 SANDER                              2016
          -------------------------------------------------------

| Run on 03/14/2017 at 14:50:51

|   Executable path: sander.MPI
| Working directory: /home/steboss/projects/mdgx-tests/alanine/IPOLQ/input/PhiPsi_1/285/210
|          Hostname: node007

  [-O]verwriting output

File Assignments:
|  MDIN: min.in                                                                
| MDOUT: Conf210.min.out                                                       
|INPCRD: Conf210.crd                                                           
|  PARM: Conf210.top                                                           
|RESTRT: Conf210.min                                                           
|  REFC: Conf210.crd                                                           
| MDVEL: mdvel                                                                 
| MDFRC: mdfrc                                                                 
|  MDEN: mden                                                                  
| MDCRD: mdcrd                                                                 
|MDINFO: mdinfo                                                                
|  MTMD: mtmd                                                                  
|INPDIP: inpdip                                                                
|RSTDIP: rstdip                                                                
|INPTRA: inptraj                                                               

|    REMLOG: rem.log
|   REMTYPE: rem.type
|  REMSTRIP: 
|   SAVEENE: saveene
|CLUSTERINF: cluster.info
| RESERVOIR: reserv/frame
|   REMDDIM: 


 Here is the input file:

Initial minimization                                                           
 &cntrl                                                                        
  ntx    = 1,       irest  = 0,       ntrx   = 1,      ntxo   = 1,             
  ntpr   = 20,      ntwx   = 0,       ntwv   = 0,      ntwe   = 0,             
                                                                               
  ntf    = 1,       ntb    = 1,                                                
  ntc    = 1,       ntr    = 1,                                                
  restraintmask = ':1',                                                        
  restraint_wt = 100.0,                                                        
  cut    = 9.0,                                                                
                                                                               
  imin   = 1,                                                                  
  maxcyc = 1000,                                                               
  ncyc   = 100,                                                                
                                                                               
 &end                                                                          

--------------------------------------------------------------------------------
   1.  RESOURCE   USE: 
--------------------------------------------------------------------------------

| Flags: MPI                                                                    
 getting new box info from bottom of inpcrd
|  INFO: Old style inpcrd file read

| peek_ewald_inpcrd: Box info found
|Largest sphere to fit in unit cell has radius =    14.646
| New format PARM file being parsed.
| Version =    1.000 Date = 03/14/17 Time = 13:39:32
 NATOM  =    2929 NTYPES =       9 NBONH =    2919 MBONA  =       9
 NTHETH =      25 MTHETA =      11 NPHIH =      43 MPHIA  =      24
 NHPARM =       0 NPARM  =       0 NNB   =    3975 NRES   =     972
 NBONA  =       9 NTHETA =      11 NPHIA =      24 NUMBND =      10
 NUMANG =      16 NPTRA  =      19 NATYP =       9 NPHB   =       1
 IFBOX  =       2 NMXRS  =      10 IFCAP =       0 NEXTRA =       0
 NCOPY  =       0


|     Memory Use     Allocated
|     Real              335949
|     Hollerith           9761
|     Integer            89772
|     Max Pairs         324874
|     nblistReal         35148
|     nblist Int         88751
|       Total             4903 kbytes

| Note: 1-4 EEL scale factors are being read from the topology file.

| Note: 1-4 VDW scale factors are being read from the topology file.
| Duplicated    0 dihedrals
| Duplicated    0 dihedrals

     BOX TYPE: TRUNCATED OCTAHEDRON

--------------------------------------------------------------------------------
   2.  CONTROL  DATA  FOR  THE  RUN
--------------------------------------------------------------------------------

default_name                                                                    

General flags:
     imin    =       1, nmropt  =       0

Nature and format of input:
     ntx     =       1, irest   =       0, ntrx    =       1

Nature and format of output:
     ntxo    =       1, ntpr    =      20, ntrx    =       1, ntwr    =       1
     iwrap   =       0, ntwx    =       0, ntwv    =       0, ntwe    =       0
     ioutfm  =       1, ntwprt  =       0, idecomp =       0, rbornstat=      0

Potential function:
     ntf     =       1, ntb     =       1, igb     =       0, nsnb    =      25
     ipol    =       0, gbsa    =       0, iesp    =       0
     dielc   =   1.00000, cut     =   9.00000, intdiel =   1.00000

Frozen or restrained atoms:
     ibelly  =       0, ntr     =       1
     restraint_wt = 100.00000

Energy minimization:
     maxcyc  =    1000, ncyc    =     100, ntmin   =       1
     dx0     =   0.01000, drms    =   0.00010

Ewald parameters:
     verbose =       0, ew_type =       0, nbflag  =       1, use_pme =       1
     vdwmeth =       1, eedmeth =       1, netfrc  =       0
     Box X =   35.875   Box Y =   35.875   Box Z =   35.875
     Alpha =  109.471   Beta  =  109.471   Gamma =  109.471
     NFFT1 =   36       NFFT2 =   36       NFFT3 =   36
     Cutoff=    9.000   Tol   =0.100E-04
     Ewald Coefficient =  0.30768
     Interpolation order =    4

| MPI Timing options:
|      profile_mpi =        0

    LOADING THE CONSTRAINED ATOMS AS GROUPS


   5.  REFERENCE ATOM COORDINATES

  defa
     Mask :1; matches     6 atoms

--------------------------------------------------------------------------------
   3.  ATOMIC COORDINATES AND VELOCITIES
--------------------------------------------------------------------------------

default_name                                                                    
 begin time read from input coords =     0.000 ps

 Number of triangulated 3-point waters found:      969
|  Atom division among processors:
|         0     367     733    1099    1465    1831    2197    2563
|      2929

     Sum of charges from parm topology file =  -0.00000000
     Forcing neutrality...
|  Running AMBER/MPI version on    8 nodes


--------------------------------------------------------------------------------
   4.  RESULTS
--------------------------------------------------------------------------------

 ---------------------------------------------------
 APPROXIMATING switch and d/dx switch using CUBIC SPLINE INTERPOLATION
 using   5000.0 points per unit in tabled values
 TESTING RELATIVE ERROR over r ranging from 0.0 to cutoff
| CHECK switch(x): max rel err =   0.2738E-14   at   2.422500
| CHECK d/dx switch(x): max rel err =   0.8314E-11   at   2.736960
 ---------------------------------------------------
| Local SIZE OF NONBOND LIST =      88799
| TOTAL SIZE OF NONBOND LIST =     672745


   NSTEP       ENERGY          RMS            GMAX         NAME    NUMBER
      1      -8.1851E+03     1.2179E+01     6.1519E+01     O         305

 BOND    =        0.6699  ANGLE   =        0.9674  DIHED      =       10.3690
 VDWAALS =      911.8590  EEL     =    -9159.4759  HBOND      =        0.0000
 1-4 VDW =        3.3184  1-4 EEL =       47.2315  RESTRAINT  =        0.0000


   NSTEP       ENERGY          RMS            GMAX         NAME    NUMBER
     20      -9.0359E+03     2.6888E+00     1.9210E+01     O         389

 BOND    =      475.4582  ANGLE   =        1.0450  DIHED      =       10.3400
 VDWAALS =      862.7558  EEL     =   -10435.9394  HBOND      =        0.0000
 1-4 VDW =        3.2948  1-4 EEL =       47.1664  RESTRAINT  =        0.0048
 EAMBER  =    -9035.8792


   NSTEP       ENERGY          RMS            GMAX         NAME    NUMBER
     40      -9.6684E+03     1.5967E+00     7.5859E+00     H1       2433

 BOND    =      522.4513  ANGLE   =        1.0232  DIHED      =       10.2512
 VDWAALS =      902.7708  EEL     =   -11155.3231  HBOND      =        0.0000
 1-4 VDW =        3.2701  1-4 EEL =       47.1223  RESTRAINT  =        0.0057
 EAMBER  =    -9668.4340


   NSTEP       ENERGY          RMS            GMAX         NAME    NUMBER
     60      -9.9102E+03     3.3504E+00     1.0544E+01     H2       1006

 BOND    =      497.8671  ANGLE   =        1.0157  DIHED      =       10.1745
 VDWAALS =      938.4165  EEL     =   -11408.0025  HBOND      =        0.0000
 1-4 VDW =        3.2452  1-4 EEL =       47.0984  RESTRAINT  =        0.0043
 EAMBER  =    -9910.1851


   NSTEP       ENERGY          RMS            GMAX         NAME    NUMBER
     80      -1.0063E+04     3.9299E+00     1.3298E+01     H2       1273

 BOND    =      504.5743  ANGLE   =        1.0129  DIHED      =       10.1099
 VDWAALS =      972.4422  EEL     =   -11601.4086  HBOND      =        0.0000
 1-4 VDW =        3.2233  1-4 EEL =       47.0797  RESTRAINT  =        0.0034
 EAMBER  =   -10062.9662


   NSTEP       ENERGY          RMS            GMAX         NAME    NUMBER
    100      -1.0199E+04     9.3537E-01     4.3539E+00     H1       1170

 BOND    =      598.8989  ANGLE   =        1.0114  DIHED      =       10.0527
 VDWAALS =     1005.5687  EEL     =   -11865.2506  HBOND      =        0.0000
 1-4 VDW =        3.2040  1-4 EEL =       47.0670  RESTRAINT  =        0.0029
 EAMBER  =   -10199.4479


   NSTEP       ENERGY          RMS            GMAX         NAME    NUMBER
    120      -1.0693E+04     4.0799E+00     6.4740E+01     H1       1218

 BOND    =      735.9233  ANGLE   =        1.4791  DIHED      =        9.5487
 VDWAALS =     1435.9127  EEL     =   -12925.8579  HBOND      =        0.0000
 1-4 VDW =        3.0758  1-4 EEL =       46.8736  RESTRAINT  =        0.0067
 EAMBER  =   -10693.0448


   NSTEP       ENERGY          RMS            GMAX         NAME    NUMBER
    140      -1.0861E+04     1.7328E+00     2.7599E+01     H2       1174

 BOND    =      715.3338  ANGLE   =        2.0063  DIHED      =        9.4922
 VDWAALS =     1444.0278  EEL     =   -13082.0247  HBOND      =        0.0000
 1-4 VDW =        3.0908  1-4 EEL =       46.9103  RESTRAINT  =        0.0094
 EAMBER  =   -10861.1634


   NSTEP       ENERGY          RMS            GMAX         NAME    NUMBER
    160      -1.0961E+04     1.4703E+00     3.0060E+01     CA          9

 BOND    =      702.1637  ANGLE   =        1.6950  DIHED      =        9.4094
 VDWAALS =     1451.0472  EEL     =   -13175.4998  HBOND      =        0.0000
 1-4 VDW =        2.9310  1-4 EEL =       46.8774  RESTRAINT  =        0.0404
 EAMBER  =   -10961.3761


   NSTEP       ENERGY          RMS            GMAX         NAME    NUMBER
    180      -1.1070E+04     9.1331E-01     1.2839E+01     H          18

 BOND    =      752.2409  ANGLE   =        1.4747  DIHED      =        9.3293
 VDWAALS =     1611.7406  EEL     =   -13494.6897  HBOND      =        0.0000
 1-4 VDW =        2.9391  1-4 EEL =       46.7543  RESTRAINT  =        0.0563
 EAMBER  =   -11070.2108


   NSTEP       ENERGY          RMS            GMAX         NAME    NUMBER
    200      -1.1162E+04     1.4696E+00     3.0446E+01     C           5

 BOND    =      765.1966  ANGLE   =        0.9292  DIHED      =        9.3466
 VDWAALS =     1619.4714  EEL     =   -13606.8265  HBOND      =        0.0000
 1-4 VDW =        2.8111  1-4 EEL =       46.8988  RESTRAINT  =        0.1596
 EAMBER  =   -11162.1729


   NSTEP       ENERGY          RMS            GMAX         NAME    NUMBER
    220      -1.1212E+04     1.6299E+00     5.6110E+01     N          17

 BOND    =      780.8764  ANGLE   =        4.1428  DIHED      =        9.5502
 VDWAALS =     1676.7509  EEL     =   -13733.9029  HBOND      =        0.0000
 1-4 VDW =        2.6931  1-4 EEL =       46.8052  RESTRAINT  =        0.6498
 EAMBER  =   -11213.0844


   NSTEP       ENERGY          RMS            GMAX         NAME    NUMBER
    240      -1.1296E+04     9.9640E-01     1.4972E+01     CH3        19

 BOND    =      791.5727  ANGLE   =        1.0689  DIHED      =        9.3721
 VDWAALS =     1735.1347  EEL     =   -13882.1728  HBOND      =        0.0000
 1-4 VDW =        2.6637  1-4 EEL =       46.7878  RESTRAINT  =        0.0443
 EAMBER  =   -11295.5730


   NSTEP       ENERGY          RMS            GMAX         NAME    NUMBER
    260      -1.1323E+04     6.4774E-01     1.6919E+01     H          18

 BOND    =      797.3655  ANGLE   =        1.2615  DIHED      =        9.3227
 VDWAALS =     1748.5935  EEL     =   -13929.3819  HBOND      =        0.0000
 1-4 VDW =        2.7447  1-4 EEL =       46.9416  RESTRAINT  =        0.0443
 EAMBER  =   -11323.1524


   NSTEP       ENERGY          RMS            GMAX         NAME    NUMBER
    280      -1.1400E+04     9.3087E-01     1.8024E+01     CH3         2

 BOND    =      815.1555  ANGLE   =        1.5837  DIHED      =        9.1569
 VDWAALS =     1875.7914  EEL     =   -14151.6251  HBOND      =        0.0000
 1-4 VDW =        3.0349  1-4 EEL =       47.1942  RESTRAINT  =        0.1264
 EAMBER  =   -11399.7085


   NSTEP       ENERGY          RMS            GMAX         NAME    NUMBER
    300      -1.1447E+04     8.0110E-01     2.1218E+01     CH3        19

 BOND    =      819.0714  ANGLE   =        1.3880  DIHED      =        9.2055
 VDWAALS =     1865.7018  EEL     =   -14192.0670  HBOND      =        0.0000
 1-4 VDW =        2.8820  1-4 EEL =       46.8270  RESTRAINT  =        0.2262
 EAMBER  =   -11446.9913


   NSTEP       ENERGY          RMS            GMAX         NAME    NUMBER
    320      -1.1471E+04     1.4377E+00     3.7583E+01     C          15

 BOND    =      839.3832  ANGLE   =        1.5054  DIHED      =        9.3554
 VDWAALS =     1893.4384  EEL     =   -14264.2243  HBOND      =        0.0000
 1-4 VDW =        2.5949  1-4 EEL =       46.7619  RESTRAINT  =        0.2760
 EAMBER  =   -11471.1851


   NSTEP       ENERGY          RMS            GMAX         NAME    NUMBER
    340      -1.1534E+04     7.1195E-01     1.8652E+01     C          15

 BOND    =      833.4451  ANGLE   =        1.3803  DIHED      =        9.4478
 VDWAALS =     1945.2775  EEL     =   -14372.6935  HBOND      =        0.0000
 1-4 VDW =        2.5461  1-4 EEL =       46.9817  RESTRAINT  =        0.0794
 EAMBER  =   -11533.6151


   NSTEP       ENERGY          RMS            GMAX         NAME    NUMBER
    360      -1.1546E+04     4.3004E-01     1.0927E+01     C           5

 BOND    =      840.9764  ANGLE   =        1.0342  DIHED      =        9.3336
 VDWAALS =     1951.1948  EEL     =   -14398.2073  HBOND      =        0.0000
 1-4 VDW =        2.6511  1-4 EEL =       47.0096  RESTRAINT  =        0.0592
 EAMBER  =   -11546.0075


   NSTEP       ENERGY          RMS            GMAX         NAME    NUMBER
    380      -1.1583E+04     6.4740E-01     9.5826E+00     C           5

 BOND    =      848.7245  ANGLE   =        1.1259  DIHED      =        9.1701
 VDWAALS =     2016.0113  EEL     =   -14508.3313  HBOND      =        0.0000
 1-4 VDW =        3.0137  1-4 EEL =       47.2687  RESTRAINT  =        0.1297
 EAMBER  =   -11583.0172


   NSTEP       ENERGY          RMS            GMAX         NAME    NUMBER
    400      -1.1612E+04     6.0689E-01     1.5640E+01     C           5

 BOND    =      850.2624  ANGLE   =        1.2648  DIHED      =        9.2609
 VDWAALS =     2018.2295  EEL     =   -14540.9106  HBOND      =        0.0000
 1-4 VDW =        3.0010  1-4 EEL =       47.0038  RESTRAINT  =        0.3087
 EAMBER  =   -11611.8881


   NSTEP       ENERGY          RMS            GMAX         NAME    NUMBER
    420      -1.1627E+04     1.2136E+00     2.9657E+01     N           7

 BOND    =      869.9836  ANGLE   =        2.3051  DIHED      =        9.6098
 VDWAALS =     2040.4185  EEL     =   -14598.9923  HBOND      =        0.0000
 1-4 VDW =        2.6387  1-4 EEL =       46.7717  RESTRAINT  =        0.3723
 EAMBER  =   -11627.2649


   NSTEP       ENERGY          RMS            GMAX         NAME    NUMBER
    440      -1.1669E+04     4.9727E-01     1.4004E+01     CH3        19

 BOND    =      860.7198  ANGLE   =        1.1132  DIHED      =        9.4507
 VDWAALS =     2076.4367  EEL     =   -14665.9754  HBOND      =        0.0000
 1-4 VDW =        2.5382  1-4 EEL =       46.9648  RESTRAINT  =        0.0535
 EAMBER  =   -11668.7518


   NSTEP       ENERGY          RMS            GMAX         NAME    NUMBER
    460      -1.1679E+04     3.6335E-01     9.9985E+00     C          15

 BOND    =      866.2565  ANGLE   =        0.8018  DIHED      =        9.3187
 VDWAALS =     2086.0292  EEL     =   -14691.0944  HBOND      =        0.0000
 1-4 VDW =        2.6772  1-4 EEL =       46.9808  RESTRAINT  =        0.0364
 EAMBER  =   -11679.0301


   NSTEP       ENERGY          RMS            GMAX         NAME    NUMBER
    480      -1.1695E+04     5.8191E-01     1.2783E+01     C           5

 BOND    =      875.1459  ANGLE   =        1.0688  DIHED      =        9.2582
 VDWAALS =     2112.5134  EEL     =   -14743.2014  HBOND      =        0.0000
 1-4 VDW =        2.8555  1-4 EEL =       47.2849  RESTRAINT  =        0.1072
 EAMBER  =   -11695.0746


   NSTEP       ENERGY          RMS            GMAX         NAME    NUMBER
    500      -1.1708E+04     5.0502E-01     1.2149E+01     CH3        19

 BOND    =      875.1986  ANGLE   =        0.9164  DIHED      =        9.2660
 VDWAALS =     2117.1828  EEL     =   -14760.9331  HBOND      =        0.0000
 1-4 VDW =        2.9300  1-4 EEL =       47.1428  RESTRAINT  =        0.0829
 EAMBER  =   -11708.2964


   NSTEP       ENERGY          RMS            GMAX         NAME    NUMBER
    520      -1.1717E+04     6.2854E-01     1.7520E+01     N           7

 BOND    =      873.0198  ANGLE   =        1.1995  DIHED      =        9.3549
 VDWAALS =     2126.9684  EEL     =   -14777.6814  HBOND      =        0.0000
 1-4 VDW =        2.7833  1-4 EEL =       47.2156  RESTRAINT  =        0.1179
 EAMBER  =   -11717.1398


   NSTEP       ENERGY          RMS            GMAX         NAME    NUMBER
    540      -1.1732E+04     5.2079E-01     1.7304E+01     C          15

 BOND    =      880.7060  ANGLE   =        1.0785  DIHED      =        9.3999
 VDWAALS =     2136.4400  EEL     =   -14809.3784  HBOND      =        0.0000
 1-4 VDW =        2.5626  1-4 EEL =       47.2585  RESTRAINT  =        0.0347
 EAMBER  =   -11731.9328


   NSTEP       ENERGY          RMS            GMAX         NAME    NUMBER
    560      -1.1737E+04     3.3642E-01     8.0176E+00     C           5

 BOND    =      877.3149  ANGLE   =        0.7655  DIHED      =        9.3760
 VDWAALS =     2140.5390  EEL     =   -14815.1660  HBOND      =        0.0000
 1-4 VDW =        2.6191  1-4 EEL =       47.1933  RESTRAINT  =        0.0528
 EAMBER  =   -11737.3582


   NSTEP       ENERGY          RMS            GMAX         NAME    NUMBER
    580      -1.1749E+04     3.4369E-01     5.8578E+00     HH31       20

 BOND    =      883.5719  ANGLE   =        0.8433  DIHED      =        9.2656
 VDWAALS =     2155.9055  EEL     =   -14848.3012  HBOND      =        0.0000
 1-4 VDW =        2.8966  1-4 EEL =       47.1856  RESTRAINT  =        0.0196
 EAMBER  =   -11748.6327


   NSTEP       ENERGY          RMS            GMAX         NAME    NUMBER
    600      -1.1758E+04     3.6018E-01     1.1592E+01     C           5

 BOND    =      885.3248  ANGLE   =        0.9180  DIHED      =        9.2801
 VDWAALS =     2160.0164  EEL     =   -14863.8687  HBOND      =        0.0000
 1-4 VDW =        2.9147  1-4 EEL =       47.1655  RESTRAINT  =        0.0487
 EAMBER  =   -11758.2492


   NSTEP       ENERGY          RMS            GMAX         NAME    NUMBER
    620      -1.1765E+04     5.5452E-01     1.5488E+01     N          17

 BOND    =      880.7003  ANGLE   =        0.8632  DIHED      =        9.3058
 VDWAALS =     2167.0148  EEL     =   -14873.1653  HBOND      =        0.0000
 1-4 VDW =        2.8432  1-4 EEL =       47.2213  RESTRAINT  =        0.0398
 EAMBER  =   -11765.2168


   NSTEP       ENERGY          RMS            GMAX         NAME    NUMBER
    640      -1.1777E+04     3.2376E-01     7.1638E+00     C          15

 BOND    =      889.4961  ANGLE   =        1.0382  DIHED      =        9.3839
 VDWAALS =     2172.8621  EEL     =   -14899.7506  HBOND      =        0.0000
 1-4 VDW =        2.5971  1-4 EEL =       47.2380  RESTRAINT  =        0.0196
 EAMBER  =   -11777.1353


   NSTEP       ENERGY          RMS            GMAX         NAME    NUMBER
    660      -1.1782E+04     3.3468E-01     7.3535E+00     H           8

 BOND    =      886.6073  ANGLE   =        0.6969  DIHED      =        9.3784
 VDWAALS =     2175.8771  EEL     =   -14904.9100  HBOND      =        0.0000
 1-4 VDW =        2.6380  1-4 EEL =       47.2499  RESTRAINT  =        0.0447
 EAMBER  =   -11782.4624


   NSTEP       ENERGY          RMS            GMAX         NAME    NUMBER
    680      -1.1795E+04     3.4179E-01     6.3001E+00     HH31       20

 BOND    =      893.5451  ANGLE   =        0.8356  DIHED      =        9.2651
 VDWAALS =     2188.2647  EEL     =   -14937.4222  HBOND      =        0.0000
 1-4 VDW =        2.9125  1-4 EEL =       47.1966  RESTRAINT  =        0.0168
 EAMBER  =   -11795.4026


   NSTEP       ENERGY          RMS            GMAX         NAME    NUMBER
    700      -1.1805E+04     3.6148E-01     8.4919E+00     C           5

 BOND    =      893.2836  ANGLE   =        1.0695  DIHED      =        9.3207
 VDWAALS =     2190.3916  EEL     =   -14949.5780  HBOND      =        0.0000
 1-4 VDW =        2.9829  1-4 EEL =       47.1788  RESTRAINT  =        0.0457
 EAMBER  =   -11805.3510


   NSTEP       ENERGY          RMS            GMAX         NAME    NUMBER
    720      -1.1813E+04     4.4297E-01     1.1700E+01     N          17

 BOND    =      887.5075  ANGLE   =        0.6928  DIHED      =        9.2802
 VDWAALS =     2195.2132  EEL     =   -14955.5588  HBOND      =        0.0000
 1-4 VDW =        2.8816  1-4 EEL =       47.2786  RESTRAINT  =        0.0128
 EAMBER  =   -11812.7050


   NSTEP       ENERGY          RMS            GMAX         NAME    NUMBER
    740      -1.1822E+04     2.6453E-01     7.3122E+00     H          18

 BOND    =      896.1745  ANGLE   =        1.0022  DIHED      =        9.3789
 VDWAALS =     2199.3636  EEL     =   -14977.3341  HBOND      =        0.0000
 1-4 VDW =        2.6171  1-4 EEL =       47.1716  RESTRAINT  =        0.0123
 EAMBER  =   -11821.6262


   NSTEP       ENERGY          RMS            GMAX         NAME    NUMBER
    760      -1.1827E+04     3.2138E-01     1.1133E+01     C          15

 BOND    =      892.5579  ANGLE   =        0.5713  DIHED      =        9.3401
 VDWAALS =     2202.4322  EEL     =   -14981.8517  HBOND      =        0.0000
 1-4 VDW =        2.6689  1-4 EEL =       47.1352  RESTRAINT  =        0.0156
 EAMBER  =   -11827.1462


   NSTEP       ENERGY          RMS            GMAX         NAME    NUMBER
    780      -1.1834E+04     3.1550E-01     6.8367E+00     C          15

 BOND    =      898.0719  ANGLE   =        0.7915  DIHED      =        9.2622
 VDWAALS =     2209.8671  EEL     =   -15002.3584  HBOND      =        0.0000
 1-4 VDW =        2.9024  1-4 EEL =       47.1694  RESTRAINT  =        0.0085
 EAMBER  =   -11834.2939


   NSTEP       ENERGY          RMS            GMAX         NAME    NUMBER
    800      -1.1841E+04     5.4554E-01     1.4713E+01     N           7

 BOND    =      899.3319  ANGLE   =        1.0421  DIHED      =        9.2946
 VDWAALS =     2214.2488  EEL     =   -15015.3395  HBOND      =        0.0000
 1-4 VDW =        3.0110  1-4 EEL =       47.2467  RESTRAINT  =        0.0175
 EAMBER  =   -11841.1643


   NSTEP       ENERGY          RMS            GMAX         NAME    NUMBER
    820      -1.1846E+04     4.1816E-01     1.3171E+01     CH3        19

 BOND    =      893.5896  ANGLE   =        0.7742  DIHED      =        9.3220
 VDWAALS =     2217.7944  EEL     =   -15017.6371  HBOND      =        0.0000
 1-4 VDW =        2.7452  1-4 EEL =       47.2151  RESTRAINT  =        0.0080
 EAMBER  =   -11846.1965


   NSTEP       ENERGY          RMS            GMAX         NAME    NUMBER
    840      -1.1852E+04     3.1716E-01     6.8459E+00     CA          9

 BOND    =      901.0389  ANGLE   =        0.7683  DIHED      =        9.3580
 VDWAALS =     2221.7796  EEL     =   -15034.9957  HBOND      =        0.0000
 1-4 VDW =        2.6201  1-4 EEL =       47.1206  RESTRAINT  =        0.0126
 EAMBER  =   -11852.3102


   NSTEP       ENERGY          RMS            GMAX         NAME    NUMBER
    860      -1.1857E+04     2.6722E-01     7.1913E+00     C          15

 BOND    =      899.5436  ANGLE   =        0.5890  DIHED      =        9.3312
 VDWAALS =     2225.4143  EEL     =   -15042.0044  HBOND      =        0.0000
 1-4 VDW =        2.6624  1-4 EEL =       47.1041  RESTRAINT  =        0.0130
 EAMBER  =   -11857.3598


   NSTEP       ENERGY          RMS            GMAX         NAME    NUMBER
    880      -1.1863E+04     2.4879E-01     5.0031E+00     C          15

 BOND    =      898.1812  ANGLE   =        0.6719  DIHED      =        9.2930
 VDWAALS =     2231.5947  EEL     =   -15052.5161  HBOND      =        0.0000
 1-4 VDW =        2.7769  1-4 EEL =       47.1671  RESTRAINT  =        0.0059
 EAMBER  =   -11862.8312


   NSTEP       ENERGY          RMS            GMAX         NAME    NUMBER
    900      -1.1869E+04     4.8465E-01     1.5182E+01     O          16

 BOND    =      901.9032  ANGLE   =        1.1787  DIHED      =        9.2816
 VDWAALS =     2237.4395  EEL     =   -15069.4001  HBOND      =        0.0000
 1-4 VDW =        3.0371  1-4 EEL =       47.2452  RESTRAINT  =        0.0236
 EAMBER  =   -11869.3148


   NSTEP       ENERGY          RMS            GMAX         NAME    NUMBER
    920      -1.1873E+04     3.3856E-01     9.6437E+00     N           7

 BOND    =      903.0470  ANGLE   =        0.9598  DIHED      =        9.3353
 VDWAALS =     2239.4574  EEL     =   -15075.8803  HBOND      =        0.0000
 1-4 VDW =        2.7185  1-4 EEL =       47.2504  RESTRAINT  =        0.0133
 EAMBER  =   -11873.1117


   NSTEP       ENERGY          RMS            GMAX         NAME    NUMBER
    940      -1.1877E+04     2.6294E-01     7.0670E+00     N          17

 BOND    =      903.5804  ANGLE   =        0.7217  DIHED      =        9.3491
 VDWAALS =     2242.4536  EEL     =   -15083.2866  HBOND      =        0.0000
 1-4 VDW =        2.6138  1-4 EEL =       47.1361  RESTRAINT  =        0.0120
 EAMBER  =   -11877.4320


   NSTEP       ENERGY          RMS            GMAX         NAME    NUMBER
    960      -1.1882E+04     2.6474E-01     8.4475E+00     H          18

 BOND    =      904.6609  ANGLE   =        0.5989  DIHED      =        9.3228
 VDWAALS =     2245.9001  EEL     =   -15092.0231  HBOND      =        0.0000
 1-4 VDW =        2.6763  1-4 EEL =       47.0942  RESTRAINT  =        0.0100
 EAMBER  =   -11881.7700


   NSTEP       ENERGY          RMS            GMAX         NAME    NUMBER
    980      -1.1885E+04     4.6336E-01     1.7339E+01     CH3        19

 BOND    =      906.1127  ANGLE   =        0.7301  DIHED      =        9.3083
 VDWAALS =     2250.0382  EEL     =   -15101.3016  HBOND      =        0.0000
 1-4 VDW =        2.7680  1-4 EEL =       47.1142  RESTRAINT  =        0.0112
 EAMBER  =   -11885.2300


   NSTEP       ENERGY          RMS            GMAX         NAME    NUMBER
   1000      -1.1889E+04     3.7698E-01     1.2491E+01     O          16

 BOND    =      905.9329  ANGLE   =        0.9360  DIHED      =        9.2907
 VDWAALS =     2253.1295  EEL     =   -15108.8002  HBOND      =        0.0000
 1-4 VDW =        2.9665  1-4 EEL =       47.1830  RESTRAINT  =        0.0169
 EAMBER  =   -11889.3616


  Maximum number of minimization cycles reached.


                    FINAL RESULTS



   NSTEP       ENERGY          RMS            GMAX         NAME    NUMBER
   1000      -1.1889E+04     3.7698E-01     1.2491E+01     O          16

 BOND    =      905.9329  ANGLE   =        0.9360  DIHED      =        9.2907
 VDWAALS =     2253.1295  EEL     =   -15108.8002  HBOND      =        0.0000
 1-4 VDW =        2.9665  1-4 EEL =       47.1830  RESTRAINT  =        0.0169
 EAMBER  =   -11889.3616

--------------------------------------------------------------------------------
   5.  TIMINGS
--------------------------------------------------------------------------------

|                Build the list             0.11 (60.85% of List )
|                Other                      0.07 (39.15% of List )
|             List time                  0.18 ( 1.67% of Nonbo)
|                   Short_ene time             7.07 (96.54% of Direc)
|                   Other                      0.25 ( 3.46% of Direc)
|                Direct Ewald time          7.33 (70.66% of Ewald)
|                Adjust Ewald time          0.04 ( 0.39% of Ewald)
|                Self Ewald time            0.00 ( 0.02% of Ewald)
|                   Fill Bspline coeffs        0.16 ( 6.56% of Recip)
|                   Fill charge grid           0.14 ( 5.89% of Recip)
|                   Scalar sum                 0.60 (24.61% of Recip)
|                   Grad sum                   0.31 (12.69% of Recip)
|                      FFT back comm time         0.28 (23.69% of FFT t)
|                      Other                      0.90 (76.31% of FFT t)
|                   FFT time                   1.18 (47.89% of Recip)
|                   Other                      0.06 ( 2.37% of Recip)
|                Recip Ewald time           2.45 (23.67% of Ewald)
|                Force Adjust               0.47 ( 4.53% of Ewald)
|                Virial junk                0.07 ( 0.68% of Ewald)
|                Start synchronizatio       0.00 ( 0.01% of Ewald)
|                Other                      0.01 ( 0.05% of Ewald)
|             Ewald time                10.37 (98.32% of Nonbo)
|             Other                      0.00 ( 0.01% of Nonbo)
|          Nonbond force             10.54 (92.51% of Force)
|          Bond/Angle/Dihedral        0.04 ( 0.34% of Force)
|          FRC Collect time           0.21 ( 1.85% of Force)
|          Other                      0.60 ( 5.29% of Force)
|       Force time                11.40 (100.0% of Runmd)
|    Runmd Time                11.40 ( 6.76% of Total)
|    Other                    157.26 (93.24% of Total)
| Total time               168.67 (100.0% of ALL  )

| Highest rstack allocated:      40207
| Highest istack allocated:        867
|           Job began  at 14:50:51.010  on 03/14/2017
|           Setup done at 14:50:51.103  on 03/14/2017
|           Run   done at 14:53:39.681  on 03/14/2017
|     wallclock() was called   44068 times
