
          -------------------------------------------------------
          Amber 16 SANDER                              2016
          -------------------------------------------------------

| Run on 03/14/2017 at 14:12:36

|   Executable path: sander.MPI
| Working directory: /home/steboss/projects/mdgx-tests/alanine/IPOLQ/input/PhiPsi_1/165/345
|          Hostname: node002

  [-O]verwriting output

File Assignments:
|  MDIN: min.in                                                                
| MDOUT: Conf345.min.out                                                       
|INPCRD: Conf345.crd                                                           
|  PARM: Conf345.top                                                           
|RESTRT: Conf345.min                                                           
|  REFC: Conf345.crd                                                           
| MDVEL: mdvel                                                                 
| MDFRC: mdfrc                                                                 
|  MDEN: mden                                                                  
| MDCRD: mdcrd                                                                 
|MDINFO: mdinfo                                                                
|  MTMD: mtmd                                                                  
|INPDIP: inpdip                                                                
|RSTDIP: rstdip                                                                
|INPTRA: inptraj                                                               

|    REMLOG: rem.log
|   REMTYPE: rem.type
|  REMSTRIP: 
|   SAVEENE: saveene
|CLUSTERINF: cluster.info
| RESERVOIR: reserv/frame
|   REMDDIM: 


 Here is the input file:

Initial minimization                                                           
 &cntrl                                                                        
  ntx    = 1,       irest  = 0,       ntrx   = 1,      ntxo   = 1,             
  ntpr   = 20,      ntwx   = 0,       ntwv   = 0,      ntwe   = 0,             
                                                                               
  ntf    = 1,       ntb    = 1,                                                
  ntc    = 1,       ntr    = 1,                                                
  restraintmask = ':1',                                                        
  restraint_wt = 100.0,                                                        
  cut    = 9.0,                                                                
                                                                               
  imin   = 1,                                                                  
  maxcyc = 1000,                                                               
  ncyc   = 100,                                                                
                                                                               
 &end                                                                          

--------------------------------------------------------------------------------
   1.  RESOURCE   USE: 
--------------------------------------------------------------------------------

| Flags: MPI                                                                    
 getting new box info from bottom of inpcrd
|  INFO: Old style inpcrd file read

| peek_ewald_inpcrd: Box info found
|Largest sphere to fit in unit cell has radius =    14.556
| New format PARM file being parsed.
| Version =    1.000 Date = 03/14/17 Time = 13:38:29
 NATOM  =    2905 NTYPES =       9 NBONH =    2895 MBONA  =       9
 NTHETH =      25 MTHETA =      11 NPHIH =      43 MPHIA  =      24
 NHPARM =       0 NPARM  =       0 NNB   =    3943 NRES   =     964
 NBONA  =       9 NTHETA =      11 NPHIA =      24 NUMBND =      10
 NUMANG =      16 NPTRA  =      19 NATYP =       9 NPHB   =       1
 IFBOX  =       2 NMXRS  =      10 IFCAP =       0 NEXTRA =       0
 NCOPY  =       0


|     Memory Use     Allocated
|     Real              333909
|     Hollerith           9681
|     Integer            89228
|     Max Pairs         322212
|     nblistReal         34860
|     nblist Int         88191
|       Total             4870 kbytes

| Note: 1-4 EEL scale factors are being read from the topology file.

| Note: 1-4 VDW scale factors are being read from the topology file.
| Duplicated    0 dihedrals
| Duplicated    0 dihedrals

     BOX TYPE: TRUNCATED OCTAHEDRON

--------------------------------------------------------------------------------
   2.  CONTROL  DATA  FOR  THE  RUN
--------------------------------------------------------------------------------

default_name                                                                    

General flags:
     imin    =       1, nmropt  =       0

Nature and format of input:
     ntx     =       1, irest   =       0, ntrx    =       1

Nature and format of output:
     ntxo    =       1, ntpr    =      20, ntrx    =       1, ntwr    =       1
     iwrap   =       0, ntwx    =       0, ntwv    =       0, ntwe    =       0
     ioutfm  =       1, ntwprt  =       0, idecomp =       0, rbornstat=      0

Potential function:
     ntf     =       1, ntb     =       1, igb     =       0, nsnb    =      25
     ipol    =       0, gbsa    =       0, iesp    =       0
     dielc   =   1.00000, cut     =   9.00000, intdiel =   1.00000

Frozen or restrained atoms:
     ibelly  =       0, ntr     =       1
     restraint_wt = 100.00000

Energy minimization:
     maxcyc  =    1000, ncyc    =     100, ntmin   =       1
     dx0     =   0.01000, drms    =   0.00010

Ewald parameters:
     verbose =       0, ew_type =       0, nbflag  =       1, use_pme =       1
     vdwmeth =       1, eedmeth =       1, netfrc  =       0
     Box X =   35.655   Box Y =   35.655   Box Z =   35.655
     Alpha =  109.471   Beta  =  109.471   Gamma =  109.471
     NFFT1 =   36       NFFT2 =   36       NFFT3 =   36
     Cutoff=    9.000   Tol   =0.100E-04
     Ewald Coefficient =  0.30768
     Interpolation order =    4

| MPI Timing options:
|      profile_mpi =        0

    LOADING THE CONSTRAINED ATOMS AS GROUPS


   5.  REFERENCE ATOM COORDINATES

  defa
     Mask :1; matches     6 atoms

--------------------------------------------------------------------------------
   3.  ATOMIC COORDINATES AND VELOCITIES
--------------------------------------------------------------------------------

default_name                                                                    
 begin time read from input coords =     0.000 ps

 Number of triangulated 3-point waters found:      961
|  Atom division among processors:
|         0     364     727    1090    1453    1816    2179    2542
|      2905

     Sum of charges from parm topology file =  -0.00000000
     Forcing neutrality...
|  Running AMBER/MPI version on    8 nodes


--------------------------------------------------------------------------------
   4.  RESULTS
--------------------------------------------------------------------------------

 ---------------------------------------------------
 APPROXIMATING switch and d/dx switch using CUBIC SPLINE INTERPOLATION
 using   5000.0 points per unit in tabled values
 TESTING RELATIVE ERROR over r ranging from 0.0 to cutoff
| CHECK switch(x): max rel err =   0.2738E-14   at   2.422500
| CHECK d/dx switch(x): max rel err =   0.8314E-11   at   2.736960
 ---------------------------------------------------
| Local SIZE OF NONBOND LIST =      93175
| TOTAL SIZE OF NONBOND LIST =     673819


   NSTEP       ENERGY          RMS            GMAX         NAME    NUMBER
      1      -8.1420E+03     1.2243E+01     6.1526E+01     O         299

 BOND    =        0.7779  ANGLE   =        1.7384  DIHED      =       10.3306
 VDWAALS =      913.7893  EEL     =    -9115.6698  HBOND      =        0.0000
 1-4 VDW =        3.1666  1-4 EEL =       43.8570  RESTRAINT  =        0.0000


   NSTEP       ENERGY          RMS            GMAX         NAME    NUMBER
     20      -8.9972E+03     2.7222E+00     1.9540E+01     O         383

 BOND    =      476.3010  ANGLE   =        1.6664  DIHED      =       10.3357
 VDWAALS =      862.7569  EEL     =   -10395.2419  HBOND      =        0.0000
 1-4 VDW =        3.1992  1-4 EEL =       43.7900  RESTRAINT  =        0.0103
 EAMBER  =    -8997.1928


   NSTEP       ENERGY          RMS            GMAX         NAME    NUMBER
     40      -9.6418E+03     1.6147E+00     8.8096E+00     H1       2418

 BOND    =      524.0470  ANGLE   =        1.6270  DIHED      =       10.3568
 VDWAALS =      901.9488  EEL     =   -11126.7035  HBOND      =        0.0000
 1-4 VDW =        3.1653  1-4 EEL =       43.7299  RESTRAINT  =        0.0144
 EAMBER  =    -9641.8287


   NSTEP       ENERGY          RMS            GMAX         NAME    NUMBER
     60      -9.8883E+03     3.3735E+00     1.0479E+01     H2       1363

 BOND    =      499.6826  ANGLE   =        1.5980  DIHED      =       10.3795
 VDWAALS =      938.5148  EEL     =   -11385.3779  HBOND      =        0.0000
 1-4 VDW =        3.1331  1-4 EEL =       43.7289  RESTRAINT  =        0.0126
 EAMBER  =    -9888.3409


   NSTEP       ENERGY          RMS            GMAX         NAME    NUMBER
     80      -1.0061E+04     1.1637E+00     5.7339E+00     H2       2176

 BOND    =      593.6278  ANGLE   =        1.5618  DIHED      =       10.4012
 VDWAALS =      972.9930  EEL     =   -11686.9293  HBOND      =        0.0000
 1-4 VDW =        3.1145  1-4 EEL =       43.7411  RESTRAINT  =        0.0124
 EAMBER  =   -10061.4899


   NSTEP       ENERGY          RMS            GMAX         NAME    NUMBER
    100      -1.0181E+04     9.6107E-01     4.2995E+00     H2       2176

 BOND    =      602.6363  ANGLE   =        1.5312  DIHED      =       10.4226
 VDWAALS =     1008.1078  EEL     =   -11850.9820  HBOND      =        0.0000
 1-4 VDW =        3.0984  1-4 EEL =       43.7616  RESTRAINT  =        0.0124
 EAMBER  =   -10181.4240


   NSTEP       ENERGY          RMS            GMAX         NAME    NUMBER
    120      -1.0532E+04     8.9741E+00     3.5376E+02     H2       2176

 BOND    =      875.4875  ANGLE   =        1.6856  DIHED      =       10.6651
 VDWAALS =     1277.9532  EEL     =   -12744.7462  HBOND      =        0.0000
 1-4 VDW =        3.0033  1-4 EEL =       44.1899  RESTRAINT  =        0.0247
 EAMBER  =   -10531.7614


   NSTEP       ENERGY          RMS            GMAX         NAME    NUMBER
    140      -1.0755E+04     1.2960E+00     3.3560E+01     H1       2175

 BOND    =      682.5085  ANGLE   =        1.2252  DIHED      =       10.7106
 VDWAALS =     1313.6355  EEL     =   -12809.8004  HBOND      =        0.0000
 1-4 VDW =        2.9881  1-4 EEL =       44.0337  RESTRAINT  =        0.0206
 EAMBER  =   -10754.6988


   NSTEP       ENERGY          RMS            GMAX         NAME    NUMBER
    160      -1.0890E+04     1.0726E+00     1.8017E+01     O        2174

 BOND    =      712.1184  ANGLE   =        1.1972  DIHED      =       11.0248
 VDWAALS =     1442.2789  EEL     =   -13104.0404  HBOND      =        0.0000
 1-4 VDW =        2.8880  1-4 EEL =       44.2914  RESTRAINT  =        0.0371
 EAMBER  =   -10890.2417


   NSTEP       ENERGY          RMS            GMAX         NAME    NUMBER
    180      -1.0984E+04     1.5691E+00     3.1859E+01     CH3         2

 BOND    =      749.1924  ANGLE   =        2.0359  DIHED      =       11.5367
 VDWAALS =     1503.2414  EEL     =   -13297.5203  HBOND      =        0.0000
 1-4 VDW =        2.9872  1-4 EEL =       44.6273  RESTRAINT  =        0.3537
 EAMBER  =   -10983.8994


   NSTEP       ENERGY          RMS            GMAX         NAME    NUMBER
    200      -1.1072E+04     1.2947E+00     3.4927E+01     CH3         2

 BOND    =      750.1677  ANGLE   =        2.3170  DIHED      =       11.4873
 VDWAALS =     1589.3826  EEL     =   -13473.0847  HBOND      =        0.0000
 1-4 VDW =        2.8615  1-4 EEL =       44.8390  RESTRAINT  =        0.3336
 EAMBER  =   -11072.0297


   NSTEP       ENERGY          RMS            GMAX         NAME    NUMBER
    220      -1.1122E+04     1.1262E+00     3.0368E+01     C           5

 BOND    =      749.6099  ANGLE   =        2.1520  DIHED      =       11.7389
 VDWAALS =     1597.7740  EEL     =   -13530.8308  HBOND      =        0.0000
 1-4 VDW =        2.8933  1-4 EEL =       44.8571  RESTRAINT  =        0.2254
 EAMBER  =   -11121.8056


   NSTEP       ENERGY          RMS            GMAX         NAME    NUMBER
    240      -1.1181E+04     6.9987E-01     1.3578E+01     N           7

 BOND    =      769.9777  ANGLE   =        1.1130  DIHED      =       11.7459
 VDWAALS =     1649.5740  EEL     =   -13661.1619  HBOND      =        0.0000
 1-4 VDW =        2.5873  1-4 EEL =       44.6453  RESTRAINT  =        0.0907
 EAMBER  =   -11181.5187


   NSTEP       ENERGY          RMS            GMAX         NAME    NUMBER
    260      -1.1220E+04     8.9368E-01     3.0137E+01     C           5

 BOND    =      774.3680  ANGLE   =        1.6274  DIHED      =       11.9913
 VDWAALS =     1694.4080  EEL     =   -13750.0550  HBOND      =        0.0000
 1-4 VDW =        2.5837  1-4 EEL =       44.5159  RESTRAINT  =        0.2212
 EAMBER  =   -11220.5607


   NSTEP       ENERGY          RMS            GMAX         NAME    NUMBER
    280      -1.1272E+04     8.4017E-01     1.4564E+01     HH31       20

 BOND    =      793.2381  ANGLE   =        1.6552  DIHED      =       11.9091
 VDWAALS =     1761.0230  EEL     =   -13888.2231  HBOND      =        0.0000
 1-4 VDW =        2.8796  1-4 EEL =       45.0685  RESTRAINT  =        0.2742
 EAMBER  =   -11272.4496


   NSTEP       ENERGY          RMS            GMAX         NAME    NUMBER
    300      -1.1324E+04     8.5875E-01     1.8793E+01     CH3         2

 BOND    =      807.5080  ANGLE   =        2.4052  DIHED      =       11.8775
 VDWAALS =     1800.7819  EEL     =   -13994.6248  HBOND      =        0.0000
 1-4 VDW =        2.8765  1-4 EEL =       45.3765  RESTRAINT  =        0.2645
 EAMBER  =   -11323.7992


   NSTEP       ENERGY          RMS            GMAX         NAME    NUMBER
    320      -1.1349E+04     1.0479E+00     2.7798E+01     N           7

 BOND    =      797.7843  ANGLE   =        1.8054  DIHED      =       11.9601
 VDWAALS =     1814.3239  EEL     =   -14023.0395  HBOND      =        0.0000
 1-4 VDW =        2.5990  1-4 EEL =       44.9825  RESTRAINT  =        0.1179
 EAMBER  =   -11349.5843


   NSTEP       ENERGY          RMS            GMAX         NAME    NUMBER
    340      -1.1392E+04     5.9863E-01     1.7478E+01     N           7

 BOND    =      819.6472  ANGLE   =        1.9694  DIHED      =       12.1708
 VDWAALS =     1853.2980  EEL     =   -14126.2531  HBOND      =        0.0000
 1-4 VDW =        2.3448  1-4 EEL =       44.4649  RESTRAINT  =        0.0952
 EAMBER  =   -11392.3581


   NSTEP       ENERGY          RMS            GMAX         NAME    NUMBER
    360      -1.1411E+04     6.2996E-01     1.8873E+01     C          15

 BOND    =      815.8797  ANGLE   =        1.2858  DIHED      =       12.2189
 VDWAALS =     1876.0216  EEL     =   -14163.6345  HBOND      =        0.0000
 1-4 VDW =        2.5270  1-4 EEL =       44.7560  RESTRAINT  =        0.1269
 EAMBER  =   -11410.9455


   NSTEP       ENERGY          RMS            GMAX         NAME    NUMBER
    380      -1.1441E+04     6.8946E-01     1.8250E+01     HH31       20

 BOND    =      831.3599  ANGLE   =        2.0745  DIHED      =       12.0670
 VDWAALS =     1912.5421  EEL     =   -14246.9418  HBOND      =        0.0000
 1-4 VDW =        2.8753  1-4 EEL =       45.3090  RESTRAINT  =        0.1750
 EAMBER  =   -11440.7139


   NSTEP       ENERGY          RMS            GMAX         NAME    NUMBER
    400      -1.1470E+04     9.8295E-01     2.2038E+01     O           6

 BOND    =      839.7448  ANGLE   =        2.8768  DIHED      =       12.1855
 VDWAALS =     1943.4883  EEL     =   -14316.6040  HBOND      =        0.0000
 1-4 VDW =        2.8415  1-4 EEL =       45.5888  RESTRAINT  =        0.3724
 EAMBER  =   -11469.8783


   NSTEP       ENERGY          RMS            GMAX         NAME    NUMBER
    420      -1.1487E+04     9.3808E-01     2.3544E+01     CH3        19

 BOND    =      827.5587  ANGLE   =        2.0356  DIHED      =       12.1525
 VDWAALS =     1954.6625  EEL     =   -14331.1177  HBOND      =        0.0000
 1-4 VDW =        2.4587  1-4 EEL =       44.8816  RESTRAINT  =        0.0745
 EAMBER  =   -11487.3681


   NSTEP       ENERGY          RMS            GMAX         NAME    NUMBER
    440      -1.1518E+04     4.7063E-01     1.5831E+01     HH31       20

 BOND    =      846.9637  ANGLE   =        1.9911  DIHED      =       12.2493
 VDWAALS =     1983.7487  EEL     =   -14410.1982  HBOND      =        0.0000
 1-4 VDW =        2.3295  1-4 EEL =       44.4266  RESTRAINT  =        0.0852
 EAMBER  =   -11518.4892


   NSTEP       ENERGY          RMS            GMAX         NAME    NUMBER
    460      -1.1533E+04     5.8946E-01     1.4125E+01     CA          9

 BOND    =      843.3795  ANGLE   =        1.3087  DIHED      =       12.3251
 VDWAALS =     1999.6313  EEL     =   -14436.7789  HBOND      =        0.0000
 1-4 VDW =        2.5939  1-4 EEL =       44.6789  RESTRAINT  =        0.1989
 EAMBER  =   -11532.8614


   NSTEP       ENERGY          RMS            GMAX         NAME    NUMBER
    480      -1.1555E+04     5.7333E-01     1.6532E+01     HH32       21

 BOND    =      855.3100  ANGLE   =        2.3598  DIHED      =       12.2053
 VDWAALS =     2018.1922  EEL     =   -14491.3638  HBOND      =        0.0000
 1-4 VDW =        2.9213  1-4 EEL =       45.3158  RESTRAINT  =        0.2210
 EAMBER  =   -11555.0594


   NSTEP       ENERGY          RMS            GMAX         NAME    NUMBER
    500      -1.1575E+04     6.1079E-01     2.0077E+01     C          15

 BOND    =      859.5697  ANGLE   =        1.4820  DIHED      =       12.2510
 VDWAALS =     2040.2474  EEL     =   -14536.3094  HBOND      =        0.0000
 1-4 VDW =        2.6610  1-4 EEL =       45.1471  RESTRAINT  =        0.0834
 EAMBER  =   -11574.9511


   NSTEP       ENERGY          RMS            GMAX         NAME    NUMBER
    520      -1.1588E+04     6.0273E-01     1.7441E+01     C          15

 BOND    =      847.7512  ANGLE   =        1.0028  DIHED      =       12.2595
 VDWAALS =     2045.4504  EEL     =   -14541.5832  HBOND      =        0.0000
 1-4 VDW =        2.5168  1-4 EEL =       44.9173  RESTRAINT  =        0.0493
 EAMBER  =   -11587.6852


   NSTEP       ENERGY          RMS            GMAX         NAME    NUMBER
    540      -1.1604E+04     4.2543E-01     1.1932E+01     HH32       21

 BOND    =      863.1991  ANGLE   =        1.6160  DIHED      =       12.3166
 VDWAALS =     2061.2916  EEL     =   -14588.8560  HBOND      =        0.0000
 1-4 VDW =        2.3647  1-4 EEL =       44.4865  RESTRAINT  =        0.0698
 EAMBER  =   -11603.5815


   NSTEP       ENERGY          RMS            GMAX         NAME    NUMBER
    560      -1.1615E+04     5.4170E-01     1.5438E+01     C           5

 BOND    =      857.3672  ANGLE   =        1.6588  DIHED      =       12.3018
 VDWAALS =     2074.2364  EEL     =   -14608.2909  HBOND      =        0.0000
 1-4 VDW =        2.5115  1-4 EEL =       44.5117  RESTRAINT  =        0.2440
 EAMBER  =   -11615.7034


   NSTEP       ENERGY          RMS            GMAX         NAME    NUMBER
    580      -1.1630E+04     3.9765E-01     1.0573E+01     HH32       21

 BOND    =      865.7930  ANGLE   =        1.8928  DIHED      =       12.2699
 VDWAALS =     2085.8146  EEL     =   -14643.6098  HBOND      =        0.0000
 1-4 VDW =        2.8383  1-4 EEL =       45.1897  RESTRAINT  =        0.1683
 EAMBER  =   -11629.8115


   NSTEP       ENERGY          RMS            GMAX         NAME    NUMBER
    600      -1.1645E+04     5.0519E-01     1.0808E+01     HH31       20

 BOND    =      871.2390  ANGLE   =        1.3953  DIHED      =       12.2975
 VDWAALS =     2104.6563  EEL     =   -14682.0757  HBOND      =        0.0000
 1-4 VDW =        2.6308  1-4 EEL =       45.0828  RESTRAINT  =        0.0642
 EAMBER  =   -11644.7741


   NSTEP       ENERGY          RMS            GMAX         NAME    NUMBER
    620      -1.1655E+04     5.1195E-01     1.4338E+01     O           6

 BOND    =      861.8300  ANGLE   =        0.9623  DIHED      =       12.3142
 VDWAALS =     2105.7973  EEL     =   -14683.5961  HBOND      =        0.0000
 1-4 VDW =        2.4982  1-4 EEL =       44.9396  RESTRAINT  =        0.0381
 EAMBER  =   -11655.2546


   NSTEP       ENERGY          RMS            GMAX         NAME    NUMBER
    640      -1.1667E+04     3.7650E-01     9.0653E+00     H           8

 BOND    =      874.4096  ANGLE   =        1.4392  DIHED      =       12.3472
 VDWAALS =     2118.1890  EEL     =   -14720.8783  HBOND      =        0.0000
 1-4 VDW =        2.4231  1-4 EEL =       44.4979  RESTRAINT  =        0.0965
 EAMBER  =   -11667.5722


   NSTEP       ENERGY          RMS            GMAX         NAME    NUMBER
    660      -1.1677E+04     4.6230E-01     1.5350E+01     O           6

 BOND    =      870.0806  ANGLE   =        1.4584  DIHED      =       12.3274
 VDWAALS =     2129.8181  EEL     =   -14738.4847  HBOND      =        0.0000
 1-4 VDW =        2.5816  1-4 EEL =       44.6207  RESTRAINT  =        0.1935
 EAMBER  =   -11677.5978


   NSTEP       ENERGY          RMS            GMAX         NAME    NUMBER
    680      -1.1687E+04     3.6120E-01     9.4093E+00     HH32       21

 BOND    =      877.6556  ANGLE   =        1.7711  DIHED      =       12.3061
 VDWAALS =     2136.8700  EEL     =   -14764.1722  HBOND      =        0.0000
 1-4 VDW =        2.8169  1-4 EEL =       45.1611  RESTRAINT  =        0.1405
 EAMBER  =   -11687.5913


   NSTEP       ENERGY          RMS            GMAX         NAME    NUMBER
    700      -1.1698E+04     4.2055E-01     1.0149E+01     CH3         2

 BOND    =      879.3094  ANGLE   =        1.3037  DIHED      =       12.3401
 VDWAALS =     2150.9607  EEL     =   -14789.4831  HBOND      =        0.0000
 1-4 VDW =        2.5989  1-4 EEL =       44.9987  RESTRAINT  =        0.0476
 EAMBER  =   -11697.9715


   NSTEP       ENERGY          RMS            GMAX         NAME    NUMBER
    720      -1.1706E+04     4.2232E-01     1.2720E+01     C          15

 BOND    =      872.5749  ANGLE   =        0.9742  DIHED      =       12.3460
 VDWAALS =     2150.5534  EEL     =   -14789.7388  HBOND      =        0.0000
 1-4 VDW =        2.5499  1-4 EEL =       44.9129  RESTRAINT  =        0.0291
 EAMBER  =   -11705.8276


   NSTEP       ENERGY          RMS            GMAX         NAME    NUMBER
    740      -1.1716E+04     3.2019E-01     1.4170E+01     CH3        19

 BOND    =      881.9360  ANGLE   =        1.5041  DIHED      =       12.3775
 VDWAALS =     2159.0753  EEL     =   -14817.4035  HBOND      =        0.0000
 1-4 VDW =        2.3820  1-4 EEL =       44.5358  RESTRAINT  =        0.0557
 EAMBER  =   -11715.5928


   NSTEP       ENERGY          RMS            GMAX         NAME    NUMBER
    760      -1.1723E+04     4.0411E-01     1.1616E+01     O           6

 BOND    =      881.2103  ANGLE   =        1.4760  DIHED      =       12.3642
 VDWAALS =     2166.5610  EEL     =   -14832.4174  HBOND      =        0.0000
 1-4 VDW =        2.5725  1-4 EEL =       44.6067  RESTRAINT  =        0.1870
 EAMBER  =   -11723.6267


   NSTEP       ENERGY          RMS            GMAX         NAME    NUMBER
    780      -1.1732E+04     3.3422E-01     1.0463E+01     HH32       21

 BOND    =      883.4701  ANGLE   =        1.7967  DIHED      =       12.3522
 VDWAALS =     2171.3048  EEL     =   -14849.4376  HBOND      =        0.0000
 1-4 VDW =        2.8242  1-4 EEL =       45.2117  RESTRAINT  =        0.1095
 EAMBER  =   -11732.4780


   NSTEP       ENERGY          RMS            GMAX         NAME    NUMBER
    800      -1.1741E+04     4.1837E-01     1.2570E+01     C          15

 BOND    =      885.2365  ANGLE   =        1.0812  DIHED      =       12.3728
 VDWAALS =     2182.6342  EEL     =   -14870.2888  HBOND      =        0.0000
 1-4 VDW =        2.5486  1-4 EEL =       44.9618  RESTRAINT  =        0.0310
 EAMBER  =   -11741.4537


   NSTEP       ENERGY          RMS            GMAX         NAME    NUMBER
    820      -1.1749E+04     3.9262E-01     9.2322E+00     O         743

 BOND    =      884.0103  ANGLE   =        1.0270  DIHED      =       12.3635
 VDWAALS =     2180.6379  EEL     =   -14874.3156  HBOND      =        0.0000
 1-4 VDW =        2.5668  1-4 EEL =       44.9251  RESTRAINT  =        0.0388
 EAMBER  =   -11748.7849


   NSTEP       ENERGY          RMS            GMAX         NAME    NUMBER
    840      -1.1758E+04     2.7011E-01     6.5765E+00     CH3        19

 BOND    =      886.9987  ANGLE   =        1.3443  DIHED      =       12.4308
 VDWAALS =     2186.8059  EEL     =   -14892.9461  HBOND      =        0.0000
 1-4 VDW =        2.4055  1-4 EEL =       44.5756  RESTRAINT  =        0.0475
 EAMBER  =   -11758.3853


   NSTEP       ENERGY          RMS            GMAX         NAME    NUMBER
    860      -1.1769E+04     5.1212E-01     1.5140E+01     C          15

 BOND    =      888.1350  ANGLE   =        1.5185  DIHED      =       12.4448
 VDWAALS =     2194.3061  EEL     =   -14912.3375  HBOND      =        0.0000
 1-4 VDW =        2.4475  1-4 EEL =       44.5239  RESTRAINT  =        0.0991
 EAMBER  =   -11768.9618


   NSTEP       ENERGY          RMS            GMAX         NAME    NUMBER
    880      -1.1779E+04     3.8941E-01     1.1473E+01     O           6

 BOND    =      890.2422  ANGLE   =        1.9560  DIHED      =       12.4300
 VDWAALS =     2200.2463  EEL     =   -14931.7444  HBOND      =        0.0000
 1-4 VDW =        2.8801  1-4 EEL =       45.0644  RESTRAINT  =        0.2663
 EAMBER  =   -11778.9252


   NSTEP       ENERGY          RMS            GMAX         NAME    NUMBER
    900      -1.1788E+04     3.4322E-01     6.8323E+00     C           5

 BOND    =      893.0047  ANGLE   =        1.1138  DIHED      =       12.4377
 VDWAALS =     2212.3753  EEL     =   -14953.9546  HBOND      =        0.0000
 1-4 VDW =        2.5606  1-4 EEL =       44.8885  RESTRAINT  =        0.0274
 EAMBER  =   -11787.5741


   NSTEP       ENERGY          RMS            GMAX         NAME    NUMBER
    920      -1.1794E+04     3.3996E-01     1.3412E+01     N           7

 BOND    =      892.0938  ANGLE   =        1.2250  DIHED      =       12.4164
 VDWAALS =     2210.8806  EEL     =   -14958.4657  HBOND      =        0.0000
 1-4 VDW =        2.5961  1-4 EEL =       45.0047  RESTRAINT  =        0.0248
 EAMBER  =   -11794.2490


   NSTEP       ENERGY          RMS            GMAX         NAME    NUMBER
    940      -1.1802E+04     2.6229E-01     9.0403E+00     C           5

 BOND    =      894.1325  ANGLE   =        1.3591  DIHED      =       12.4957
 VDWAALS =     2217.3281  EEL     =   -14974.1685  HBOND      =        0.0000
 1-4 VDW =        2.4167  1-4 EEL =       44.4961  RESTRAINT  =        0.0758
 EAMBER  =   -11801.9404


   NSTEP       ENERGY          RMS            GMAX         NAME    NUMBER
    960      -1.1807E+04     3.7585E-01     1.0301E+01     C           5

 BOND    =      893.2912  ANGLE   =        1.3483  DIHED      =       12.5176
 VDWAALS =     2221.7152  EEL     =   -14983.3477  HBOND      =        0.0000
 1-4 VDW =        2.3831  1-4 EEL =       44.5674  RESTRAINT  =        0.0385
 EAMBER  =   -11807.5250


   NSTEP       ENERGY          RMS            GMAX         NAME    NUMBER
    980      -1.1816E+04     3.7900E-01     1.0148E+01     HH31       20

 BOND    =      897.7727  ANGLE   =        1.6553  DIHED      =       12.5581
 VDWAALS =     2227.5778  EEL     =   -15003.2941  HBOND      =        0.0000
 1-4 VDW =        2.7640  1-4 EEL =       44.8724  RESTRAINT  =        0.1370
 EAMBER  =   -11816.0938


   NSTEP       ENERGY          RMS            GMAX         NAME    NUMBER
   1000      -1.1823E+04     2.5690E-01     7.5906E+00     C           5

 BOND    =      899.1389  ANGLE   =        1.2056  DIHED      =       12.4903
 VDWAALS =     2231.4877  EEL     =   -15015.0704  HBOND      =        0.0000
 1-4 VDW =        2.5778  1-4 EEL =       45.0168  RESTRAINT  =        0.0342
 EAMBER  =   -11823.1532


  Maximum number of minimization cycles reached.


                    FINAL RESULTS



   NSTEP       ENERGY          RMS            GMAX         NAME    NUMBER
   1000      -1.1823E+04     2.5690E-01     7.5906E+00     C           5

 BOND    =      899.1389  ANGLE   =        1.2056  DIHED      =       12.4903
 VDWAALS =     2231.4877  EEL     =   -15015.0704  HBOND      =        0.0000
 1-4 VDW =        2.5778  1-4 EEL =       45.0168  RESTRAINT  =        0.0342
 EAMBER  =   -11823.1532

--------------------------------------------------------------------------------
   5.  TIMINGS
--------------------------------------------------------------------------------

|                Build the list             0.11 (57.35% of List )
|                Other                      0.08 (42.65% of List )
|             List time                  0.20 ( 1.16% of Nonbo)
|                   Short_ene time            11.03 (95.46% of Direc)
|                   Other                      0.52 ( 4.54% of Direc)
|                Direct Ewald time         11.55 (69.22% of Ewald)
|                Adjust Ewald time          0.06 ( 0.38% of Ewald)
|                Self Ewald time            0.00 ( 0.03% of Ewald)
|                   Fill Bspline coeffs        0.28 ( 5.87% of Recip)
|                   Fill charge grid           0.33 ( 6.74% of Recip)
|                   Scalar sum                 1.41 (29.22% of Recip)
|                   Grad sum                   0.65 (13.38% of Recip)
|                      FFT back comm time         0.83 (39.10% of FFT t)
|                      Other                      1.29 (60.90% of FFT t)
|                   FFT time                   2.11 (43.69% of Recip)
|                   Other                      0.05 ( 1.10% of Recip)
|                Recip Ewald time           4.84 (28.98% of Ewald)
|                Force Adjust               0.09 ( 0.55% of Ewald)
|                Virial junk                0.13 ( 0.77% of Ewald)
|                Start synchronizatio       0.00 ( 0.01% of Ewald)
|                Other                      0.01 ( 0.07% of Ewald)
|             Ewald time                16.69 (98.83% of Nonbo)
|             Other                      0.00 ( 0.01% of Nonbo)
|          Nonbond force             16.88 (93.09% of Force)
|          Bond/Angle/Dihedral        0.05 ( 0.29% of Force)
|          FRC Collect time           0.56 ( 3.09% of Force)
|          Other                      0.64 ( 3.52% of Force)
|       Force time                18.14 (100.0% of Runmd)
|    Runmd Time                18.14 ( 7.87% of Total)
|    Other                    212.36 (92.13% of Total)
| Total time               230.51 (100.0% of ALL  )

| Highest rstack allocated:      40018
| Highest istack allocated:        860
|           Job began  at 14:12:36.417  on 03/14/2017
|           Setup done at 14:12:36.515  on 03/14/2017
|           Run   done at 14:16:26.924  on 03/14/2017
|     wallclock() was called   44068 times
