
          -------------------------------------------------------
          Amber 16 SANDER                              2016
          -------------------------------------------------------

| Run on 03/14/2017 at 13:44:15

|   Executable path: sander.MPI
| Working directory: /home/steboss/projects/mdgx-tests/alanine/IPOLQ/input/PhiPsi_1/0/60
|          Hostname: node011

  [-O]verwriting output

File Assignments:
|  MDIN: equil.in                                                              
| MDOUT: Conf60.eq.out                                                         
|INPCRD: Conf60.min                                                            
|  PARM: Conf60.top                                                            
|RESTRT: Conf60.rst                                                            
|  REFC: Conf60.crd                                                            
| MDVEL: mdvel                                                                 
| MDFRC: mdfrc                                                                 
|  MDEN: mden                                                                  
| MDCRD: mdcrd                                                                 
|MDINFO: mdinfo                                                                
|  MTMD: mtmd                                                                  
|INPDIP: inpdip                                                                
|RSTDIP: rstdip                                                                
|INPTRA: inptraj                                                               

|    REMLOG: rem.log
|   REMTYPE: rem.type
|  REMSTRIP: 
|   SAVEENE: saveene
|CLUSTERINF: cluster.info
| RESERVOIR: reserv/frame
|   REMDDIM: 


 Here is the input file:

Equilibrate water in NPT                                                       
 &cntrl                                                                        
                                                                               
  nmropt = 0,                                                                  
  ntx    = 1,       irest  = 0,       ntrx   = 1,      ntxo   = 1,             
  ntpr   = 1000,    ntwx   = 1000,    ntwv   = 0,      ntwe   = 1000,          
  iwrap  = 0,       ioutfm = 1,                                                
                                                                               
  ntf    = 2,       ntb    = 2,                                                
  cut = 9.0,                                                                   
                                                                               
  ibelly = 0,       ntr    = 1,                                                
  restraintmask = ':1',                                                        
  restraint_wt = 100.0,                                                        
                                                                               
  imin   = 0,                                                                  
  nstlim = 10000,                                                              
  nscm   = 1000,                                                               
  t      = 0.0,     dt     = 0.002,                                            
                                                                               
  temp0     = 298.0,   tempi  = 0.0,                                           
  ig        = -1,                                                              
  ntt       = 3,                                                               
  gamma_ln  = 3.0,                                                             
                                                                               
  ntp    = 1,       pres0  = 1.0,     comp   = 44.6,                           
  taup   = 1.0,                                                                
                                                                               
  ntc    = 2,       tol    = 0.000001, watnam = 'WAT ',                        
                                                                               
 &end                                                                          

--------------------------------------------------------------------------------
   1.  RESOURCE   USE: 
--------------------------------------------------------------------------------

| Flags: MPI                                                                    
 getting new box info from bottom of inpcrd
|  INFO: Old style inpcrd file read

| peek_ewald_inpcrd: Box info found
|Largest sphere to fit in unit cell has radius =    14.164
| New format PARM file being parsed.
| Version =    1.000 Date = 03/14/17 Time = 13:37:40
 NATOM  =    2689 NTYPES =       9 NBONH =    2679 MBONA  =       9
 NTHETH =      25 MTHETA =      11 NPHIH =      43 MPHIA  =      24
 NHPARM =       0 NPARM  =       0 NNB   =    3655 NRES   =     892
 NBONA  =       9 NTHETA =      11 NPHIA =      24 NUMBND =      10
 NUMANG =      16 NPTRA  =      19 NATYP =       9 NPHB   =       1
 IFBOX  =       2 NMXRS  =      10 IFCAP =       0 NEXTRA =       0
 NCOPY  =       0


|     Memory Use     Allocated
|     Real              283081
|     Hollerith           8961
|     Integer            84332
|     Max Pairs         298254
|     nblistReal         32268
|     nblist Int         83151
|       Total             4317 kbytes

| Note: 1-4 EEL scale factors are being read from the topology file.

| Note: 1-4 VDW scale factors are being read from the topology file.
| Duplicated    0 dihedrals
| Duplicated    0 dihedrals

     BOX TYPE: TRUNCATED OCTAHEDRON
Note: ig = -1. Setting random seed to   696867 based on wallclock time in microseconds
      and disabling the synchronization of random numbers between tasks
      to improve performance.

--------------------------------------------------------------------------------
   2.  CONTROL  DATA  FOR  THE  RUN
--------------------------------------------------------------------------------

default_name                                                                    

General flags:
     imin    =       0, nmropt  =       0

Nature and format of input:
     ntx     =       1, irest   =       0, ntrx    =       1

Nature and format of output:
     ntxo    =       1, ntpr    =    1000, ntrx    =       1, ntwr    =   10000
     iwrap   =       0, ntwx    =    1000, ntwv    =       0, ntwe    =    1000
     ioutfm  =       1, ntwprt  =       0, idecomp =       0, rbornstat=      0

Potential function:
     ntf     =       2, ntb     =       2, igb     =       0, nsnb    =      25
     ipol    =       0, gbsa    =       0, iesp    =       0
     dielc   =   1.00000, cut     =   9.00000, intdiel =   1.00000

Frozen or restrained atoms:
     ibelly  =       0, ntr     =       1
     restraint_wt = 100.00000

Molecular dynamics:
     nstlim  =     10000, nscm    =         0, nrespa  =         1
     t       =   0.00000, dt      =   0.00200, vlimit  =  20.00000

Langevin dynamics temperature regulation:
     ig      =  696867
     temp0   = 298.00000, tempi   =   0.00000, gamma_ln=   3.00000

Pressure regulation:
     ntp     =       1
     pres0   =   1.00000, comp    =  44.60000, taup    =   1.00000

SHAKE:
     ntc     =       2, jfastw  =       0
     tol     =   0.00000

Ewald parameters:
     verbose =       0, ew_type =       0, nbflag  =       1, use_pme =       1
     vdwmeth =       1, eedmeth =       1, netfrc  =       1
     Box X =   34.694   Box Y =   34.694   Box Z =   34.694
     Alpha =  109.471   Beta  =  109.471   Gamma =  109.471
     NFFT1 =   36       NFFT2 =   36       NFFT3 =   36
     Cutoff=    9.000   Tol   =0.100E-04
     Ewald Coefficient =  0.30768
     Interpolation order =    4

| MPI Timing options:
|      profile_mpi =        0

    LOADING THE CONSTRAINED ATOMS AS GROUPS


   5.  REFERENCE ATOM COORDINATES

  defa
     Mask :1; matches     6 atoms

--------------------------------------------------------------------------------
   3.  ATOMIC COORDINATES AND VELOCITIES
--------------------------------------------------------------------------------

defa                                                                            
 begin time read from input coords =     0.000 ps

 Number of triangulated 3-point waters found:      889
|  Atom division among processors:
|         0     337     673    1009    1345    1681    2017    2353
|      2689

     Sum of charges from parm topology file =  -0.00000000
     Forcing neutrality...
|  Running AMBER/MPI version on    8 nodes


--------------------------------------------------------------------------------
   4.  RESULTS
--------------------------------------------------------------------------------

|  # of SOLUTE  degrees of freedom (RNDFP):    5388.
|  # of SOLVENT degrees of freedom (RNDFS):       0.
|  NDFMIN =    5388.     NUM_NOSHAKE =      0     CORRECTED RNDFP =    5388.
|  TOTAL # of degrees of freedom (RNDF) =    5388.
 ---------------------------------------------------
 APPROXIMATING switch and d/dx switch using CUBIC SPLINE INTERPOLATION
 using   5000.0 points per unit in tabled values
 TESTING RELATIVE ERROR over r ranging from 0.0 to cutoff
| CHECK switch(x): max rel err =   0.2738E-14   at   2.422500
| CHECK d/dx switch(x): max rel err =   0.8314E-11   at   2.736960
 ---------------------------------------------------
| Local SIZE OF NONBOND LIST =      86044
| TOTAL SIZE OF NONBOND LIST =     628349

 NSTEP =        0   TIME(PS) =       0.000  TEMP(K) =     0.00  PRESS = -4411.2
 Etot   =    -11755.8739  EKtot   =         0.0000  EPtot      =    -11755.8739
 BOND   =         0.8562  ANGLE   =         4.4321  DIHED      =         9.1460
 1-4 NB =         2.2087  1-4 EEL =        42.1773  VDWAALS    =      2188.0063
 EELEC  =    -14003.2895  EHBOND  =         0.0000  RESTRAINT  =         0.5889
 EAMBER (non-restraint)  =    -11756.4628
 EKCMT  =         0.0000  VIRIAL  =      3061.6812  VOLUME     =     32145.9857
                                                    Density    =         0.8348
 Ewald error estimate:   0.2107E-03
 ------------------------------------------------------------------------------


 NSTEP =     1000   TIME(PS) =       2.000  TEMP(K) =   291.70  PRESS =  -630.1
 Etot   =     -6870.6908  EKtot   =      1561.6220  EPtot      =     -8432.3128
 BOND   =         2.3479  ANGLE   =        12.6952  DIHED      =        12.9800
 1-4 NB =         2.4516  1-4 EEL =        40.1931  VDWAALS    =      1294.6469
 EELEC  =     -9798.4526  EHBOND  =         0.0000  RESTRAINT  =         0.8251
 EAMBER (non-restraint)  =     -8433.1379
 EKCMT  =       759.4745  VIRIAL  =      1168.5907  VOLUME     =     30073.5761
                                                    Density    =         0.8923
 Ewald error estimate:   0.1252E-03
 ------------------------------------------------------------------------------


 NSTEP =     2000   TIME(PS) =       4.000  TEMP(K) =   292.51  PRESS =  -991.3
 Etot   =     -6795.6655  EKtot   =      1565.9485  EPtot      =     -8361.6140
 BOND   =         1.8605  ANGLE   =        11.1074  DIHED      =         8.5274
 1-4 NB =         2.5595  1-4 EEL =        41.9006  VDWAALS    =      1149.1978
 EELEC  =     -9583.2949  EHBOND  =         0.0000  RESTRAINT  =         6.5277
 EAMBER (non-restraint)  =     -8368.1417
 EKCMT  =       772.9377  VIRIAL  =      1387.5712  VOLUME     =     28718.0019
                                                    Density    =         0.9344
 Ewald error estimate:   0.1692E-03
 ------------------------------------------------------------------------------


 NSTEP =     3000   TIME(PS) =       6.000  TEMP(K) =   305.07  PRESS =  -316.4
 Etot   =     -6913.6579  EKtot   =      1633.1880  EPtot      =     -8546.8459
 BOND   =         3.2685  ANGLE   =        12.4383  DIHED      =        12.6233
 1-4 NB =         1.4611  1-4 EEL =        43.0316  VDWAALS    =      1280.7149
 EELEC  =     -9904.6039  EHBOND  =         0.0000  RESTRAINT  =         4.2204
 EAMBER (non-restraint)  =     -8551.0663
 EKCMT  =       820.5244  VIRIAL  =      1011.0810  VOLUME     =     27891.5506
                                                    Density    =         0.9621
 Ewald error estimate:   0.2193E-03
 ------------------------------------------------------------------------------


 NSTEP =     4000   TIME(PS) =       8.000  TEMP(K) =   289.03  PRESS =   143.5
 Etot   =     -6936.1818  EKtot   =      1547.3176  EPtot      =     -8483.4994
 BOND   =         2.8797  ANGLE   =        13.6852  DIHED      =         9.4024
 1-4 NB =         4.2230  1-4 EEL =        45.6050  VDWAALS    =      1283.8339
 EELEC  =     -9847.8666  EHBOND  =         0.0000  RESTRAINT  =         4.7378
 EAMBER (non-restraint)  =     -8488.2372
 EKCMT  =       761.6312  VIRIAL  =       676.7135  VOLUME     =     27408.7447
                                                    Density    =         0.9791
 Ewald error estimate:   0.1080E-03
 ------------------------------------------------------------------------------


 NSTEP =     5000   TIME(PS) =      10.000  TEMP(K) =   295.20  PRESS =   -19.1
 Etot   =     -6915.8397  EKtot   =      1580.3391  EPtot      =     -8496.1788
 BOND   =         5.5397  ANGLE   =        15.2862  DIHED      =        12.7514
 1-4 NB =         1.4007  1-4 EEL =        41.9647  VDWAALS    =      1226.1761
 EELEC  =     -9801.3476  EHBOND  =         0.0000  RESTRAINT  =         2.0501
 EAMBER (non-restraint)  =     -8498.2289
 EKCMT  =       779.0007  VIRIAL  =       790.1378  VOLUME     =     27066.1602
                                                    Density    =         0.9915
 Ewald error estimate:   0.1953E-04
 ------------------------------------------------------------------------------


 NSTEP =     6000   TIME(PS) =      12.000  TEMP(K) =   300.42  PRESS =  -473.0
 Etot   =     -6939.6474  EKtot   =      1608.3087  EPtot      =     -8547.9561
 BOND   =         3.1707  ANGLE   =         6.9943  DIHED      =        12.5129
 1-4 NB =         3.4690  1-4 EEL =        45.0617  VDWAALS    =      1201.5314
 EELEC  =     -9823.8633  EHBOND  =         0.0000  RESTRAINT  =         3.1672
 EAMBER (non-restraint)  =     -8551.1232
 EKCMT  =       787.5388  VIRIAL  =      1062.9248  VOLUME     =     26963.0936
                                                    Density    =         0.9953
 Ewald error estimate:   0.3004E-03
 ------------------------------------------------------------------------------


 NSTEP =     7000   TIME(PS) =      14.000  TEMP(K) =   296.54  PRESS =   460.4
 Etot   =     -6979.2275  EKtot   =      1587.5481  EPtot      =     -8566.7756
 BOND   =         0.7119  ANGLE   =         8.2795  DIHED      =         9.8455
 1-4 NB =         3.2074  1-4 EEL =        45.6305  VDWAALS    =      1317.4928
 EELEC  =     -9953.9603  EHBOND  =         0.0000  RESTRAINT  =         2.0171
 EAMBER (non-restraint)  =     -8568.7927
 EKCMT  =       780.1046  VIRIAL  =       512.1646  VOLUME     =     26954.7596
                                                    Density    =         0.9956
 Ewald error estimate:   0.4405E-03
 ------------------------------------------------------------------------------


 NSTEP =     8000   TIME(PS) =      16.000  TEMP(K) =   307.28  PRESS =   429.9
 Etot   =     -6883.4080  EKtot   =      1645.0378  EPtot      =     -8528.4458
 BOND   =         1.6693  ANGLE   =        16.2422  DIHED      =        10.7069
 1-4 NB =         3.9661  1-4 EEL =        46.7540  VDWAALS    =      1295.5720
 EELEC  =     -9909.8956  EHBOND  =         0.0000  RESTRAINT  =         6.5393
 EAMBER (non-restraint)  =     -8534.9850
 EKCMT  =       830.2722  VIRIAL  =       579.3497  VOLUME     =     27030.3012
                                                    Density    =         0.9928
 Ewald error estimate:   0.1919E-04
 ------------------------------------------------------------------------------


 NSTEP =     9000   TIME(PS) =      18.000  TEMP(K) =   299.02  PRESS =    67.9
 Etot   =     -6935.1005  EKtot   =      1600.8002  EPtot      =     -8535.9007
 BOND   =         2.5890  ANGLE   =        10.5638  DIHED      =         9.7377
 1-4 NB =         4.4761  1-4 EEL =        48.4447  VDWAALS    =      1259.7133
 EELEC  =     -9874.1386  EHBOND  =         0.0000  RESTRAINT  =         2.7133
 EAMBER (non-restraint)  =     -8538.6140
 EKCMT  =       795.6632  VIRIAL  =       755.9000  VOLUME     =     27125.3994
                                                    Density    =         0.9893
 Ewald error estimate:   0.6224E-03
 ------------------------------------------------------------------------------


 NSTEP =    10000   TIME(PS) =      20.000  TEMP(K) =   299.49  PRESS =   121.6
 Etot   =     -6928.8321  EKtot   =      1603.3365  EPtot      =     -8532.1686
 BOND   =         1.9004  ANGLE   =         8.3656  DIHED      =        14.1927
 1-4 NB =         4.5400  1-4 EEL =        45.0282  VDWAALS    =      1278.1940
 EELEC  =     -9885.8999  EHBOND  =         0.0000  RESTRAINT  =         1.5105
 EAMBER (non-restraint)  =     -8533.6791
 EKCMT  =       789.0646  VIRIAL  =       717.6466  VOLUME     =     27206.6784
                                                    Density    =         0.9864
 Ewald error estimate:   0.3332E-04
 ------------------------------------------------------------------------------


      A V E R A G E S   O V E R   10000 S T E P S


 NSTEP =    10000   TIME(PS) =      20.000  TEMP(K) =   291.89  PRESS =  -186.0
 Etot   =     -6989.0534  EKtot   =      1562.6423  EPtot      =     -8551.6957
 BOND   =         3.2804  ANGLE   =        10.6068  DIHED      =        10.9066
 1-4 NB =         2.8632  1-4 EEL =        43.1173  VDWAALS    =      1281.5882
 EELEC  =     -9907.0823  EHBOND  =         0.0000  RESTRAINT  =         3.0241
 EAMBER (non-restraint)  =     -8554.7197
 EKCMT  =       776.3810  VIRIAL  =       895.3310  VOLUME     =     27838.5016
                                                    Density    =         0.9658
 Ewald error estimate:   0.1988E-03
 ------------------------------------------------------------------------------


      R M S  F L U C T U A T I O N S


 NSTEP =    10000   TIME(PS) =      20.000  TEMP(K) =    26.15  PRESS =   436.8
 Etot   =       294.1779  EKtot   =       139.9835  EPtot      =       161.5683
 BOND   =         1.5328  ANGLE   =         2.5047  DIHED      =         1.4624
 1-4 NB =         0.7363  1-4 EEL =         2.0610  VDWAALS    =        87.4268
 EELEC  =       237.5846  EHBOND  =         0.0000  RESTRAINT  =         1.1940
 EAMBER (non-restraint)  =       160.3743
 EKCMT  =        67.4814  VIRIAL  =       254.4386  VOLUME     =      1244.7490
                                                    Density    =         0.0402
 Ewald error estimate:   0.1509E-03
 ------------------------------------------------------------------------------


--------------------------------------------------------------------------------
   5.  TIMINGS
--------------------------------------------------------------------------------

|>>>>>>>>PROFILE of Average TIMES>>>>>>>>> 
|                Build the list             7.53 (97.15% of List )
|                Other                      0.22 ( 2.85% of List )
|             List time                  7.76 ( 9.04% of Nonbo)
|                   Short_ene time            45.20 (95.88% of Direc)
|                   Other                      1.94 ( 4.12% of Direc)
|                Direct Ewald time         47.14 (60.42% of Ewald)
|                Adjust Ewald time          0.26 ( 0.33% of Ewald)
|                   Fill Bspline coeffs        1.42 ( 7.48% of Recip)
|                   Fill charge grid           0.91 ( 4.80% of Recip)
|                   Scalar sum                 4.25 (22.38% of Recip)
|                   Grad sum                   1.99 (10.48% of Recip)
|                      FFT back comm time         1.71 (18.29% of FFT t)
|                      Other                      7.62 (81.71% of FFT t)
|                   FFT time                   9.32 (49.09% of Recip)
|                   Other                      1.09 ( 5.76% of Recip)
|                Recip Ewald time          18.99 (24.34% of Ewald)
|                Force Adjust              11.01 (14.12% of Ewald)
|                Virial junk                0.58 ( 0.74% of Ewald)
|                Other                      0.04 ( 0.05% of Ewald)
|             Ewald time                78.03 (90.95% of Nonbo)
|             Other                      0.01 ( 0.01% of Nonbo)
|          Nonbond force             85.80 (98.66% of Force)
|          Bond/Angle/Dihedral        0.12 ( 0.14% of Force)
|          FRC Collect time           0.77 ( 0.88% of Force)
|          Other                      0.27 ( 0.31% of Force)
|       Force time                86.96 (92.62% of Runmd)
|       Shake time                 0.29 ( 0.31% of Runmd)
|       Verlet update time         3.26 ( 3.47% of Runmd)
|       Ekcmr time                 2.29 ( 2.44% of Runmd)
|       CRD distribute time        0.37 ( 0.39% of Runmd)
|       Other                      0.73 ( 0.77% of Runmd)
|    Runmd Time                93.89 (99.89% of Total)
|    Other                      0.10 ( 0.11% of Total)
| Total time                93.99 (100.0% of ALL  )

| Number of list builds   :        904

| Highest rstack allocated:      38290
| Highest istack allocated:        796

| Final Performance Info:
| -----------------------------------------------------
| Average timings for all steps:
|     Elapsed(s) =      94.12 Per Step(ms) =       9.41
|         ns/day =      18.36   seconds/ns =    4706.02
| -----------------------------------------------------

|           Job began  at 13:44:15.632  on 03/14/2017
|           Setup done at 13:44:15.804  on 03/14/2017
|           Run   done at 13:45:49.756  on 03/14/2017
|     wallclock() was called  571875 times
