
          -------------------------------------------------------
          Amber 16 SANDER                              2016
          -------------------------------------------------------

| Run on 03/14/2017 at 14:42:16

|   Executable path: sander.MPI
| Working directory: /home/steboss/projects/mdgx-tests/alanine/IPOLQ/input/PhiPsi_1/240/60
|          Hostname: node011

  [-O]verwriting output

File Assignments:
|  MDIN: equil.in                                                              
| MDOUT: Conf60.eq.out                                                         
|INPCRD: Conf60.min                                                            
|  PARM: Conf60.top                                                            
|RESTRT: Conf60.rst                                                            
|  REFC: Conf60.crd                                                            
| MDVEL: mdvel                                                                 
| MDFRC: mdfrc                                                                 
|  MDEN: mden                                                                  
| MDCRD: mdcrd                                                                 
|MDINFO: mdinfo                                                                
|  MTMD: mtmd                                                                  
|INPDIP: inpdip                                                                
|RSTDIP: rstdip                                                                
|INPTRA: inptraj                                                               

|    REMLOG: rem.log
|   REMTYPE: rem.type
|  REMSTRIP: 
|   SAVEENE: saveene
|CLUSTERINF: cluster.info
| RESERVOIR: reserv/frame
|   REMDDIM: 


 Here is the input file:

Equilibrate water in NPT                                                       
 &cntrl                                                                        
                                                                               
  nmropt = 0,                                                                  
  ntx    = 1,       irest  = 0,       ntrx   = 1,      ntxo   = 1,             
  ntpr   = 1000,    ntwx   = 1000,    ntwv   = 0,      ntwe   = 1000,          
  iwrap  = 0,       ioutfm = 1,                                                
                                                                               
  ntf    = 2,       ntb    = 2,                                                
  cut = 9.0,                                                                   
                                                                               
  ibelly = 0,       ntr    = 1,                                                
  restraintmask = ':1',                                                        
  restraint_wt = 100.0,                                                        
                                                                               
  imin   = 0,                                                                  
  nstlim = 10000,                                                              
  nscm   = 1000,                                                               
  t      = 0.0,     dt     = 0.002,                                            
                                                                               
  temp0     = 298.0,   tempi  = 0.0,                                           
  ig        = -1,                                                              
  ntt       = 3,                                                               
  gamma_ln  = 3.0,                                                             
                                                                               
  ntp    = 1,       pres0  = 1.0,     comp   = 44.6,                           
  taup   = 1.0,                                                                
                                                                               
  ntc    = 2,       tol    = 0.000001, watnam = 'WAT ',                        
                                                                               
 &end                                                                          

--------------------------------------------------------------------------------
   1.  RESOURCE   USE: 
--------------------------------------------------------------------------------

| Flags: MPI                                                                    
 getting new box info from bottom of inpcrd
|  INFO: Old style inpcrd file read

| peek_ewald_inpcrd: Box info found
|Largest sphere to fit in unit cell has radius =    14.490
| New format PARM file being parsed.
| Version =    1.000 Date = 03/14/17 Time = 13:39:12
 NATOM  =    2848 NTYPES =       9 NBONH =    2838 MBONA  =       9
 NTHETH =      25 MTHETA =      11 NPHIH =      43 MPHIA  =      24
 NHPARM =       0 NPARM  =       0 NNB   =    3867 NRES   =     945
 NBONA  =       9 NTHETA =      11 NPHIA =      24 NUMBND =      10
 NUMANG =      16 NPTRA  =      19 NATYP =       9 NPHB   =       1
 IFBOX  =       2 NMXRS  =      10 IFCAP =       0 NEXTRA =       0
 NCOPY  =       0


|     Memory Use     Allocated
|     Real              294688
|     Hollerith           9491
|     Integer            87936
|     Max Pairs         315890
|     nblistReal         34176
|     nblist Int         86861
|       Total             4523 kbytes

| Note: 1-4 EEL scale factors are being read from the topology file.

| Note: 1-4 VDW scale factors are being read from the topology file.
| Duplicated    0 dihedrals
| Duplicated    0 dihedrals

     BOX TYPE: TRUNCATED OCTAHEDRON
Note: ig = -1. Setting random seed to   479799 based on wallclock time in microseconds
      and disabling the synchronization of random numbers between tasks
      to improve performance.

--------------------------------------------------------------------------------
   2.  CONTROL  DATA  FOR  THE  RUN
--------------------------------------------------------------------------------

default_name                                                                    

General flags:
     imin    =       0, nmropt  =       0

Nature and format of input:
     ntx     =       1, irest   =       0, ntrx    =       1

Nature and format of output:
     ntxo    =       1, ntpr    =    1000, ntrx    =       1, ntwr    =   10000
     iwrap   =       0, ntwx    =    1000, ntwv    =       0, ntwe    =    1000
     ioutfm  =       1, ntwprt  =       0, idecomp =       0, rbornstat=      0

Potential function:
     ntf     =       2, ntb     =       2, igb     =       0, nsnb    =      25
     ipol    =       0, gbsa    =       0, iesp    =       0
     dielc   =   1.00000, cut     =   9.00000, intdiel =   1.00000

Frozen or restrained atoms:
     ibelly  =       0, ntr     =       1
     restraint_wt = 100.00000

Molecular dynamics:
     nstlim  =     10000, nscm    =         0, nrespa  =         1
     t       =   0.00000, dt      =   0.00200, vlimit  =  20.00000

Langevin dynamics temperature regulation:
     ig      =  479799
     temp0   = 298.00000, tempi   =   0.00000, gamma_ln=   3.00000

Pressure regulation:
     ntp     =       1
     pres0   =   1.00000, comp    =  44.60000, taup    =   1.00000

SHAKE:
     ntc     =       2, jfastw  =       0
     tol     =   0.00000

Ewald parameters:
     verbose =       0, ew_type =       0, nbflag  =       1, use_pme =       1
     vdwmeth =       1, eedmeth =       1, netfrc  =       1
     Box X =   35.492   Box Y =   35.492   Box Z =   35.492
     Alpha =  109.471   Beta  =  109.471   Gamma =  109.471
     NFFT1 =   36       NFFT2 =   36       NFFT3 =   36
     Cutoff=    9.000   Tol   =0.100E-04
     Ewald Coefficient =  0.30768
     Interpolation order =    4

| MPI Timing options:
|      profile_mpi =        0

    LOADING THE CONSTRAINED ATOMS AS GROUPS


   5.  REFERENCE ATOM COORDINATES

  defa
     Mask :1; matches     6 atoms

--------------------------------------------------------------------------------
   3.  ATOMIC COORDINATES AND VELOCITIES
--------------------------------------------------------------------------------

defa                                                                            
 begin time read from input coords =     0.000 ps

 Number of triangulated 3-point waters found:      942
|  Atom division among processors:
|         0     358     715    1072    1429    1783    2140    2494
|      2848

     Sum of charges from parm topology file =  -0.00000000
     Forcing neutrality...
|  Running AMBER/MPI version on    8 nodes


--------------------------------------------------------------------------------
   4.  RESULTS
--------------------------------------------------------------------------------

|  # of SOLUTE  degrees of freedom (RNDFP):    5706.
|  # of SOLVENT degrees of freedom (RNDFS):       0.
|  NDFMIN =    5706.     NUM_NOSHAKE =      0     CORRECTED RNDFP =    5706.
|  TOTAL # of degrees of freedom (RNDF) =    5706.
 ---------------------------------------------------
 APPROXIMATING switch and d/dx switch using CUBIC SPLINE INTERPOLATION
 using   5000.0 points per unit in tabled values
 TESTING RELATIVE ERROR over r ranging from 0.0 to cutoff
| CHECK switch(x): max rel err =   0.2738E-14   at   2.422500
| CHECK d/dx switch(x): max rel err =   0.8314E-11   at   2.736960
 ---------------------------------------------------
| Local SIZE OF NONBOND LIST =      94519
| TOTAL SIZE OF NONBOND LIST =     657443

 NSTEP =        0   TIME(PS) =       0.000  TEMP(K) =     0.00  PRESS = -5118.2
 Etot   =    -12427.2082  EKtot   =         0.0000  EPtot      =    -12427.2082
 BOND   =         0.4506  ANGLE   =         1.1831  DIHED      =        10.9865
 1-4 NB =         2.3387  1-4 EEL =        47.8349  VDWAALS    =      2225.1901
 EELEC  =    -14715.2491  EHBOND  =         0.0000  RESTRAINT  =         0.0571
 EAMBER (non-restraint)  =    -12427.2653
 EKCMT  =         0.0000  VIRIAL  =      3803.3660  VOLUME     =     34416.7655
                                                    Density    =         0.8258
 Ewald error estimate:   0.1220E-03
 ------------------------------------------------------------------------------


 NSTEP =     1000   TIME(PS) =       2.000  TEMP(K) =   293.95  PRESS =  -992.3
 Etot   =     -7248.2082  EKtot   =      1666.5616  EPtot      =     -8914.7698
 BOND   =         2.8071  ANGLE   =        12.1428  DIHED      =        12.0928
 1-4 NB =         3.8754  1-4 EEL =        49.5095  VDWAALS    =      1302.3017
 EELEC  =    -10301.3610  EHBOND  =         0.0000  RESTRAINT  =         3.8618
 EAMBER (non-restraint)  =     -8918.6316
 EKCMT  =       837.4300  VIRIAL  =      1508.7311  VOLUME     =     31331.1645
                                                    Density    =         0.9071
 Ewald error estimate:   0.5645E-04
 ------------------------------------------------------------------------------


 NSTEP =     2000   TIME(PS) =       4.000  TEMP(K) =   291.63  PRESS =  -657.7
 Etot   =     -7381.7371  EKtot   =      1653.3807  EPtot      =     -9035.1178
 BOND   =         2.9126  ANGLE   =        10.0243  DIHED      =        11.6853
 1-4 NB =         3.0119  1-4 EEL =        44.7563  VDWAALS    =      1326.6665
 EELEC  =    -10438.8066  EHBOND  =         0.0000  RESTRAINT  =         4.6320
 EAMBER (non-restraint)  =     -9039.7498
 EKCMT  =       803.0785  VIRIAL  =      1228.6110  VOLUME     =     29966.2916
                                                    Density    =         0.9484
 Ewald error estimate:   0.7512E-04
 ------------------------------------------------------------------------------


 NSTEP =     3000   TIME(PS) =       6.000  TEMP(K) =   297.03  PRESS =  -168.4
 Etot   =     -7281.5556  EKtot   =      1683.9877  EPtot      =     -8965.5434
 BOND   =         4.0532  ANGLE   =         7.4332  DIHED      =        12.0755
 1-4 NB =         2.5988  1-4 EEL =        44.9151  VDWAALS    =      1312.1444
 EELEC  =    -10351.1212  EHBOND  =         0.0000  RESTRAINT  =         2.3576
 EAMBER (non-restraint)  =     -8967.9010
 EKCMT  =       840.2048  VIRIAL  =       946.5079  VOLUME     =     29228.3638
                                                    Density    =         0.9724
 Ewald error estimate:   0.2740E-03
 ------------------------------------------------------------------------------


 NSTEP =     4000   TIME(PS) =       8.000  TEMP(K) =   298.75  PRESS =    54.2
 Etot   =     -7387.2442  EKtot   =      1693.7661  EPtot      =     -9081.0102
 BOND   =         3.7043  ANGLE   =         5.3157  DIHED      =        10.3536
 1-4 NB =         3.9350  1-4 EEL =        48.4866  VDWAALS    =      1379.4855
 EELEC  =    -10534.6140  EHBOND  =         0.0000  RESTRAINT  =         2.3231
 EAMBER (non-restraint)  =     -9083.3333
 EKCMT  =       851.7766  VIRIAL  =       817.7917  VOLUME     =     29042.4946
                                                    Density    =         0.9786
 Ewald error estimate:   0.2103E-03
 ------------------------------------------------------------------------------


 NSTEP =     5000   TIME(PS) =      10.000  TEMP(K) =   288.24  PRESS =   142.1
 Etot   =     -7318.8868  EKtot   =      1634.1431  EPtot      =     -8953.0299
 BOND   =         3.6865  ANGLE   =         7.2805  DIHED      =         9.8542
 1-4 NB =         3.7639  1-4 EEL =        47.8195  VDWAALS    =      1322.2170
 EELEC  =    -10349.6363  EHBOND  =         0.0000  RESTRAINT  =         1.9849
 EAMBER (non-restraint)  =     -8955.0148
 EKCMT  =       826.4867  VIRIAL  =       737.9806  VOLUME     =     28843.6235
                                                    Density    =         0.9853
 Ewald error estimate:   0.3885E-03
 ------------------------------------------------------------------------------


 NSTEP =     6000   TIME(PS) =      12.000  TEMP(K) =   306.78  PRESS =  -665.0
 Etot   =     -7237.2450  EKtot   =      1739.2928  EPtot      =     -8976.5378
 BOND   =         2.4847  ANGLE   =         7.1976  DIHED      =        10.6596
 1-4 NB =         3.2612  1-4 EEL =        51.1335  VDWAALS    =      1225.8198
 EELEC  =    -10282.1691  EHBOND  =         0.0000  RESTRAINT  =         5.0749
 EAMBER (non-restraint)  =     -8981.6128
 EKCMT  =       859.7785  VIRIAL  =      1275.7787  VOLUME     =     28973.6276
                                                    Density    =         0.9809
 Ewald error estimate:   0.1798E-03
 ------------------------------------------------------------------------------


 NSTEP =     7000   TIME(PS) =      14.000  TEMP(K) =   291.02  PRESS =   374.1
 Etot   =     -7401.1688  EKtot   =      1649.9284  EPtot      =     -9051.0972
 BOND   =         3.3536  ANGLE   =         7.8113  DIHED      =        11.4897
 1-4 NB =         2.5023  1-4 EEL =        45.8492  VDWAALS    =      1401.7512
 EELEC  =    -10526.0850  EHBOND  =         0.0000  RESTRAINT  =         2.2305
 EAMBER (non-restraint)  =     -9053.3277
 EKCMT  =       827.0281  VIRIAL  =       593.3376  VOLUME     =     28929.4949
                                                    Density    =         0.9824
 Ewald error estimate:   0.3101E-03
 ------------------------------------------------------------------------------


 NSTEP =     8000   TIME(PS) =      16.000  TEMP(K) =   291.01  PRESS =   566.5
 Etot   =     -7387.9411  EKtot   =      1649.8821  EPtot      =     -9037.8232
 BOND   =         1.6061  ANGLE   =         5.2329  DIHED      =        11.6666
 1-4 NB =         3.2875  1-4 EEL =        49.2777  VDWAALS    =      1419.9583
 EELEC  =    -10532.5252  EHBOND  =         0.0000  RESTRAINT  =         3.6729
 EAMBER (non-restraint)  =     -9041.4961
 EKCMT  =       793.0261  VIRIAL  =       441.5591  VOLUME     =     28734.6786
                                                    Density    =         0.9891
 Ewald error estimate:   0.2237E-03
 ------------------------------------------------------------------------------


 NSTEP =     9000   TIME(PS) =      18.000  TEMP(K) =   291.93  PRESS =   243.2
 Etot   =     -7412.9964  EKtot   =      1655.0933  EPtot      =     -9068.0897
 BOND   =         2.0230  ANGLE   =         6.3959  DIHED      =        11.4863
 1-4 NB =         3.6125  1-4 EEL =        48.9805  VDWAALS    =      1410.5744
 EELEC  =    -10552.8859  EHBOND  =         0.0000  RESTRAINT  =         1.7237
 EAMBER (non-restraint)  =     -9069.8133
 EKCMT  =       799.7319  VIRIAL  =       647.7080  VOLUME     =     28945.6405
                                                    Density    =         0.9819
 Ewald error estimate:   0.3478E-03
 ------------------------------------------------------------------------------


 NSTEP =    10000   TIME(PS) =      20.000  TEMP(K) =   285.32  PRESS =   649.8
 Etot   =     -7402.6409  EKtot   =      1617.6237  EPtot      =     -9020.2646
 BOND   =         1.8216  ANGLE   =         4.7684  DIHED      =        13.8109
 1-4 NB =         1.8761  1-4 EEL =        47.4170  VDWAALS    =      1427.8404
 EELEC  =    -10521.0937  EHBOND  =         0.0000  RESTRAINT  =         3.2946
 EAMBER (non-restraint)  =     -9023.5592
 EKCMT  =       793.1148  VIRIAL  =       387.3521  VOLUME     =     28922.3989
                                                    Density    =         0.9827
 Ewald error estimate:   0.4059E-03
 ------------------------------------------------------------------------------


      A V E R A G E S   O V E R   10000 S T E P S


 NSTEP =    10000   TIME(PS) =      20.000  TEMP(K) =   292.81  PRESS =  -193.9
 Etot   =     -7383.9812  EKtot   =      1660.1018  EPtot      =     -9044.0831
 BOND   =         3.0960  ANGLE   =         7.8583  DIHED      =        11.5026
 1-4 NB =         3.1765  1-4 EEL =        47.2102  VDWAALS    =      1353.5874
 EELEC  =    -10473.5754  EHBOND  =         0.0000  RESTRAINT  =         3.0614
 EAMBER (non-restraint)  =     -9047.1444
 EKCMT  =       826.6897  VIRIAL  =       959.0051  VOLUME     =     29532.4614
                                                    Density    =         0.9638
 Ewald error estimate:   0.1921E-03
 ------------------------------------------------------------------------------


      R M S  F L U C T U A T I O N S


 NSTEP =    10000   TIME(PS) =      20.000  TEMP(K) =    26.64  PRESS =   464.2
 Etot   =       317.4830  EKtot   =       151.0380  EPtot      =       173.5095
 BOND   =         1.4870  ANGLE   =         2.2698  DIHED      =         1.1828
 1-4 NB =         0.7640  1-4 EEL =         2.0731  VDWAALS    =        87.2887
 EELEC  =       250.6389  EHBOND  =         0.0000  RESTRAINT  =         1.3222
 EAMBER (non-restraint)  =       172.1873
 EKCMT  =        72.8724  VIRIAL  =       285.1223  VOLUME     =      1196.1946
                                                    Density    =         0.0360
 Ewald error estimate:   0.1462E-03
 ------------------------------------------------------------------------------


--------------------------------------------------------------------------------
   5.  TIMINGS
--------------------------------------------------------------------------------

|>>>>>>>>PROFILE of Average TIMES>>>>>>>>> 
|                Build the list             7.64 (95.95% of List )
|                Other                      0.32 ( 4.05% of List )
|             List time                  7.96 ( 9.54% of Nonbo)
|                   Short_ene time            45.10 (95.59% of Direc)
|                   Other                      2.08 ( 4.41% of Direc)
|                Direct Ewald time         47.19 (62.53% of Ewald)
|                Adjust Ewald time          0.25 ( 0.33% of Ewald)
|                   Fill Bspline coeffs        1.25 ( 6.87% of Recip)
|                   Fill charge grid           0.92 ( 5.07% of Recip)
|                   Scalar sum                 4.03 (22.23% of Recip)
|                   Grad sum                   1.93 (10.63% of Recip)
|                      FFT back comm time         1.96 (22.11% of FFT t)
|                      Other                      6.91 (77.89% of FFT t)
|                   FFT time                   8.87 (48.86% of Recip)
|                   Other                      1.15 ( 6.34% of Recip)
|                Recip Ewald time          18.15 (24.05% of Ewald)
|                Force Adjust               9.17 (12.15% of Ewald)
|                Virial junk                0.66 ( 0.88% of Ewald)
|                Start synchronizatio       0.00 ( 0.01% of Ewald)
|                Other                      0.04 ( 0.05% of Ewald)
|             Ewald time                75.46 (90.45% of Nonbo)
|             Other                      0.01 ( 0.01% of Nonbo)
|          Nonbond force             83.42 (98.42% of Force)
|          Bond/Angle/Dihedral        0.14 ( 0.17% of Force)
|          FRC Collect time           0.89 ( 1.06% of Force)
|          Other                      0.30 ( 0.35% of Force)
|       Force time                84.76 (92.29% of Runmd)
|       Shake time                 0.31 ( 0.34% of Runmd)
|       Verlet update time         3.26 ( 3.55% of Runmd)
|       Ekcmr time                 2.22 ( 2.41% of Runmd)
|       CRD distribute time        0.44 ( 0.47% of Runmd)
|       Other                      0.86 ( 0.93% of Runmd)
|    Runmd Time                91.84 (100.0% of Total)
|    Other                      0.08 ( 0.08% of Total)
| Total time                91.92 (100.0% of ALL  )

| Number of list builds   :        901

| Highest rstack allocated:      39559
| Highest istack allocated:        843

| Final Performance Info:
| -----------------------------------------------------
| Average timings for all steps:
|     Elapsed(s) =      92.63 Per Step(ms) =       9.26
|         ns/day =      18.66   seconds/ns =    4631.28
| -----------------------------------------------------

|           Job began  at 14:42:16.433  on 03/14/2017
|           Setup done at 14:42:16.516  on 03/14/2017
|           Run   done at 14:43:48.731  on 03/14/2017
|     wallclock() was called  571869 times
