
          -------------------------------------------------------
          Amber 16 SANDER                              2016
          -------------------------------------------------------

| Run on 03/14/2017 at 15:14:27

|   Executable path: sander.MPI
| Working directory: /home/steboss/projects/mdgx-tests/alanine/IPOLQ/input/PhiPsi_1/315/75
|          Hostname: node012

  [-O]verwriting output

File Assignments:
|  MDIN: equil.in                                                              
| MDOUT: Conf75.eq.out                                                         
|INPCRD: Conf75.min                                                            
|  PARM: Conf75.top                                                            
|RESTRT: Conf75.rst                                                            
|  REFC: Conf75.crd                                                            
| MDVEL: mdvel                                                                 
| MDFRC: mdfrc                                                                 
|  MDEN: mden                                                                  
| MDCRD: mdcrd                                                                 
|MDINFO: mdinfo                                                                
|  MTMD: mtmd                                                                  
|INPDIP: inpdip                                                                
|RSTDIP: rstdip                                                                
|INPTRA: inptraj                                                               

|    REMLOG: rem.log
|   REMTYPE: rem.type
|  REMSTRIP: 
|   SAVEENE: saveene
|CLUSTERINF: cluster.info
| RESERVOIR: reserv/frame
|   REMDDIM: 


 Here is the input file:

Equilibrate water in NPT                                                       
 &cntrl                                                                        
                                                                               
  nmropt = 0,                                                                  
  ntx    = 1,       irest  = 0,       ntrx   = 1,      ntxo   = 1,             
  ntpr   = 1000,    ntwx   = 1000,    ntwv   = 0,      ntwe   = 1000,          
  iwrap  = 0,       ioutfm = 1,                                                
                                                                               
  ntf    = 2,       ntb    = 2,                                                
  cut = 9.0,                                                                   
                                                                               
  ibelly = 0,       ntr    = 1,                                                
  restraintmask = ':1',                                                        
  restraint_wt = 100.0,                                                        
                                                                               
  imin   = 0,                                                                  
  nstlim = 10000,                                                              
  nscm   = 1000,                                                               
  t      = 0.0,     dt     = 0.002,                                            
                                                                               
  temp0     = 298.0,   tempi  = 0.0,                                           
  ig        = -1,                                                              
  ntt       = 3,                                                               
  gamma_ln  = 3.0,                                                             
                                                                               
  ntp    = 1,       pres0  = 1.0,     comp   = 44.6,                           
  taup   = 1.0,                                                                
                                                                               
  ntc    = 2,       tol    = 0.000001, watnam = 'WAT ',                        
                                                                               
 &end                                                                          

--------------------------------------------------------------------------------
   1.  RESOURCE   USE: 
--------------------------------------------------------------------------------

| Flags: MPI                                                                    
 getting new box info from bottom of inpcrd
|  INFO: Old style inpcrd file read

| peek_ewald_inpcrd: Box info found
|Largest sphere to fit in unit cell has radius =    14.107
| New format PARM file being parsed.
| Version =    1.000 Date = 03/14/17 Time = 13:40:00
 NATOM  =    2647 NTYPES =       9 NBONH =    2637 MBONA  =       9
 NTHETH =      25 MTHETA =      11 NPHIH =      43 MPHIA  =      24
 NHPARM =       0 NPARM  =       0 NNB   =    3599 NRES   =     878
 NBONA  =       9 NTHETA =      11 NPHIA =      24 NUMBND =      10
 NUMANG =      16 NPTRA  =      19 NATYP =       9 NPHB   =       1
 IFBOX  =       2 NMXRS  =      10 IFCAP =       0 NEXTRA =       0
 NCOPY  =       0


|     Memory Use     Allocated
|     Real              280015
|     Hollerith           8821
|     Integer            83380
|     Max Pairs         293596
|     nblistReal         31764
|     nblist Int         82171
|       Total             4263 kbytes

| Note: 1-4 EEL scale factors are being read from the topology file.

| Note: 1-4 VDW scale factors are being read from the topology file.
| Duplicated    0 dihedrals
| Duplicated    0 dihedrals

     BOX TYPE: TRUNCATED OCTAHEDRON
Note: ig = -1. Setting random seed to   804183 based on wallclock time in microseconds
      and disabling the synchronization of random numbers between tasks
      to improve performance.

--------------------------------------------------------------------------------
   2.  CONTROL  DATA  FOR  THE  RUN
--------------------------------------------------------------------------------

default_name                                                                    

General flags:
     imin    =       0, nmropt  =       0

Nature and format of input:
     ntx     =       1, irest   =       0, ntrx    =       1

Nature and format of output:
     ntxo    =       1, ntpr    =    1000, ntrx    =       1, ntwr    =   10000
     iwrap   =       0, ntwx    =    1000, ntwv    =       0, ntwe    =    1000
     ioutfm  =       1, ntwprt  =       0, idecomp =       0, rbornstat=      0

Potential function:
     ntf     =       2, ntb     =       2, igb     =       0, nsnb    =      25
     ipol    =       0, gbsa    =       0, iesp    =       0
     dielc   =   1.00000, cut     =   9.00000, intdiel =   1.00000

Frozen or restrained atoms:
     ibelly  =       0, ntr     =       1
     restraint_wt = 100.00000

Molecular dynamics:
     nstlim  =     10000, nscm    =         0, nrespa  =         1
     t       =   0.00000, dt      =   0.00200, vlimit  =  20.00000

Langevin dynamics temperature regulation:
     ig      =  804183
     temp0   = 298.00000, tempi   =   0.00000, gamma_ln=   3.00000

Pressure regulation:
     ntp     =       1
     pres0   =   1.00000, comp    =  44.60000, taup    =   1.00000

SHAKE:
     ntc     =       2, jfastw  =       0
     tol     =   0.00000

Ewald parameters:
     verbose =       0, ew_type =       0, nbflag  =       1, use_pme =       1
     vdwmeth =       1, eedmeth =       1, netfrc  =       1
     Box X =   34.555   Box Y =   34.555   Box Z =   34.555
     Alpha =  109.471   Beta  =  109.471   Gamma =  109.471
     NFFT1 =   36       NFFT2 =   36       NFFT3 =   36
     Cutoff=    9.000   Tol   =0.100E-04
     Ewald Coefficient =  0.30768
     Interpolation order =    4

| MPI Timing options:
|      profile_mpi =        0

    LOADING THE CONSTRAINED ATOMS AS GROUPS


   5.  REFERENCE ATOM COORDINATES

  defa
     Mask :1; matches     6 atoms

--------------------------------------------------------------------------------
   3.  ATOMIC COORDINATES AND VELOCITIES
--------------------------------------------------------------------------------

defa                                                                            
 begin time read from input coords =     0.000 ps

 Number of triangulated 3-point waters found:      875
|  Atom division among processors:
|         0     331     661     994    1324    1654    1987    2317
|      2647

     Sum of charges from parm topology file =  -0.00000000
     Forcing neutrality...
|  Running AMBER/MPI version on    8 nodes


--------------------------------------------------------------------------------
   4.  RESULTS
--------------------------------------------------------------------------------

|  # of SOLUTE  degrees of freedom (RNDFP):    5304.
|  # of SOLVENT degrees of freedom (RNDFS):       0.
|  NDFMIN =    5304.     NUM_NOSHAKE =      0     CORRECTED RNDFP =    5304.
|  TOTAL # of degrees of freedom (RNDF) =    5304.
 ---------------------------------------------------
 APPROXIMATING switch and d/dx switch using CUBIC SPLINE INTERPOLATION
 using   5000.0 points per unit in tabled values
 TESTING RELATIVE ERROR over r ranging from 0.0 to cutoff
| CHECK switch(x): max rel err =   0.2738E-14   at   2.422500
| CHECK d/dx switch(x): max rel err =   0.8314E-11   at   2.736960
 ---------------------------------------------------
| Local SIZE OF NONBOND LIST =      86262
| TOTAL SIZE OF NONBOND LIST =     615403

 NSTEP =        0   TIME(PS) =       0.000  TEMP(K) =     0.00  PRESS = -4415.8
 Etot   =    -11534.2873  EKtot   =         0.0000  EPtot      =    -11534.2873
 BOND   =         0.4141  ANGLE   =         0.9044  DIHED      =        11.4415
 1-4 NB =         2.6459  1-4 EEL =        47.3230  VDWAALS    =      2142.4363
 EELEC  =    -13739.5782  EHBOND  =         0.0000  RESTRAINT  =         0.1257
 EAMBER (non-restraint)  =    -11534.4130
 EKCMT  =         0.0000  VIRIAL  =      3028.1498  VOLUME     =     31760.9717
                                                    Density    =         0.8317
 Ewald error estimate:   0.3253E-03
 ------------------------------------------------------------------------------


 NSTEP =     1000   TIME(PS) =       2.000  TEMP(K) =   282.71  PRESS =  -895.2
 Etot   =     -6816.6784  EKtot   =      1489.9131  EPtot      =     -8306.5915
 BOND   =         1.4355  ANGLE   =         7.6351  DIHED      =        13.4812
 1-4 NB =         3.5949  1-4 EEL =        48.4425  VDWAALS    =      1237.6292
 EELEC  =     -9620.0964  EHBOND  =         0.0000  RESTRAINT  =         1.2867
 EAMBER (non-restraint)  =     -8307.8781
 EKCMT  =       733.9756  VIRIAL  =      1301.0530  VOLUME     =     29337.4556
                                                    Density    =         0.9004
 Ewald error estimate:   0.2196E-03
 ------------------------------------------------------------------------------


 NSTEP =     2000   TIME(PS) =       4.000  TEMP(K) =   308.26  PRESS =  -747.2
 Etot   =     -6674.2052  EKtot   =      1624.5307  EPtot      =     -8298.7359
 BOND   =         2.1863  ANGLE   =         8.3347  DIHED      =        11.8249
 1-4 NB =         1.8057  1-4 EEL =        45.3197  VDWAALS    =      1173.7147
 EELEC  =     -9545.3252  EHBOND  =         0.0000  RESTRAINT  =         3.4033
 EAMBER (non-restraint)  =     -8302.1392
 EKCMT  =       775.0261  VIRIAL  =      1223.4866  VOLUME     =     27797.1360
                                                    Density    =         0.9503
 Ewald error estimate:   0.1338E-03
 ------------------------------------------------------------------------------


 NSTEP =     3000   TIME(PS) =       6.000  TEMP(K) =   310.27  PRESS =  -506.8
 Etot   =     -6734.9766  EKtot   =      1635.1330  EPtot      =     -8370.1096
 BOND   =         2.8042  ANGLE   =         7.7397  DIHED      =        10.2425
 1-4 NB =         2.9164  1-4 EEL =        45.1329  VDWAALS    =      1198.5769
 EELEC  =     -9639.7525  EHBOND  =         0.0000  RESTRAINT  =         2.2304
 EAMBER (non-restraint)  =     -8372.3400
 EKCMT  =       827.4536  VIRIAL  =      1125.7803  VOLUME     =     27262.1058
                                                    Density    =         0.9690
 Ewald error estimate:   0.2735E-03
 ------------------------------------------------------------------------------


 NSTEP =     4000   TIME(PS) =       8.000  TEMP(K) =   304.65  PRESS =  -522.3
 Etot   =     -6790.8211  EKtot   =      1605.4999  EPtot      =     -8396.3210
 BOND   =         3.1256  ANGLE   =         6.5072  DIHED      =        10.2328
 1-4 NB =         2.8040  1-4 EEL =        48.5243  VDWAALS    =      1206.4488
 EELEC  =     -9679.4273  EHBOND  =         0.0000  RESTRAINT  =         5.4635
 EAMBER (non-restraint)  =     -8401.7845
 EKCMT  =       793.5103  VIRIAL  =      1099.5185  VOLUME     =     27135.7412
                                                    Density    =         0.9735
 Ewald error estimate:   0.3016E-03
 ------------------------------------------------------------------------------


 NSTEP =     5000   TIME(PS) =      10.000  TEMP(K) =   293.74  PRESS =    86.8
 Etot   =     -6791.6865  EKtot   =      1548.0388  EPtot      =     -8339.7253
 BOND   =         6.1985  ANGLE   =        10.1837  DIHED      =        11.9964
 1-4 NB =         3.4346  1-4 EEL =        45.6663  VDWAALS    =      1237.0520
 EELEC  =     -9657.1178  EHBOND  =         0.0000  RESTRAINT  =         2.8610
 EAMBER (non-restraint)  =     -8342.5863
 EKCMT  =       786.3501  VIRIAL  =       736.0438  VOLUME     =     26832.7812
                                                    Density    =         0.9845
 Ewald error estimate:   0.1889E-03
 ------------------------------------------------------------------------------


 NSTEP =     6000   TIME(PS) =      12.000  TEMP(K) =   301.02  PRESS =   -54.0
 Etot   =     -6861.1048  EKtot   =      1586.3719  EPtot      =     -8447.4767
 BOND   =         2.7512  ANGLE   =         8.8435  DIHED      =        12.2618
 1-4 NB =         2.9592  1-4 EEL =        46.8957  VDWAALS    =      1236.0909
 EELEC  =     -9759.2766  EHBOND  =         0.0000  RESTRAINT  =         1.9975
 EAMBER (non-restraint)  =     -8449.4742
 EKCMT  =       787.1810  VIRIAL  =       818.0108  VOLUME     =     26445.1338
                                                    Density    =         0.9989
 Ewald error estimate:   0.5113E-03
 ------------------------------------------------------------------------------


 NSTEP =     7000   TIME(PS) =      14.000  TEMP(K) =   293.30  PRESS =  -122.9
 Etot   =     -6927.0427  EKtot   =      1545.7034  EPtot      =     -8472.7461
 BOND   =         2.2457  ANGLE   =        10.6967  DIHED      =        13.4382
 1-4 NB =         2.9212  1-4 EEL =        43.3846  VDWAALS    =      1246.7188
 EELEC  =     -9794.9237  EHBOND  =         0.0000  RESTRAINT  =         2.7723
 EAMBER (non-restraint)  =     -8475.5184
 EKCMT  =       770.2960  VIRIAL  =       841.0125  VOLUME     =     26649.3265
                                                    Density    =         0.9913
 Ewald error estimate:   0.3269E-03
 ------------------------------------------------------------------------------


 NSTEP =     8000   TIME(PS) =      16.000  TEMP(K) =   295.27  PRESS =  -370.2
 Etot   =     -6822.1422  EKtot   =      1556.0756  EPtot      =     -8378.2178
 BOND   =         3.4695  ANGLE   =         9.6150  DIHED      =        13.7301
 1-4 NB =         2.9979  1-4 EEL =        46.3223  VDWAALS    =      1180.9977
 EELEC  =     -9640.6306  EHBOND  =         0.0000  RESTRAINT  =         5.2802
 EAMBER (non-restraint)  =     -8383.4980
 EKCMT  =       773.1445  VIRIAL  =       984.5793  VOLUME     =     26449.0543
                                                    Density    =         0.9988
 Ewald error estimate:   0.5672E-04
 ------------------------------------------------------------------------------


 NSTEP =     9000   TIME(PS) =      18.000  TEMP(K) =   295.87  PRESS =  -341.6
 Etot   =     -6892.4951  EKtot   =      1559.2667  EPtot      =     -8451.7617
 BOND   =         0.9710  ANGLE   =         9.3141  DIHED      =        10.7247
 1-4 NB =         3.0405  1-4 EEL =        47.3015  VDWAALS    =      1214.6779
 EELEC  =     -9739.9263  EHBOND  =         0.0000  RESTRAINT  =         2.1348
 EAMBER (non-restraint)  =     -8453.8965
 EKCMT  =       797.6590  VIRIAL  =       994.9002  VOLUME     =     26746.2669
                                                    Density    =         0.9877
 Ewald error estimate:   0.9472E-06
 ------------------------------------------------------------------------------


 NSTEP =    10000   TIME(PS) =      20.000  TEMP(K) =   308.93  PRESS =    34.1
 Etot   =     -6765.6847  EKtot   =      1628.0864  EPtot      =     -8393.7711
 BOND   =         3.4925  ANGLE   =         8.4309  DIHED      =        11.3939
 1-4 NB =         2.4898  1-4 EEL =        44.8783  VDWAALS    =      1248.3146
 EELEC  =     -9718.4272  EHBOND  =         0.0000  RESTRAINT  =         5.6561
 EAMBER (non-restraint)  =     -8399.4272
 EKCMT  =       813.9289  VIRIAL  =       794.0615  VOLUME     =     27022.2252
                                                    Density    =         0.9776
 Ewald error estimate:   0.1305E-03
 ------------------------------------------------------------------------------


      A V E R A G E S   O V E R   10000 S T E P S


 NSTEP =    10000   TIME(PS) =      20.000  TEMP(K) =   292.66  PRESS =  -180.1
 Etot   =     -6866.9137  EKtot   =      1542.3493  EPtot      =     -8409.2630
 BOND   =         2.8819  ANGLE   =         7.8324  DIHED      =        11.5051
 1-4 NB =         3.0323  1-4 EEL =        47.0729  VDWAALS    =      1256.1233
 EELEC  =     -9740.7277  EHBOND  =         0.0000  RESTRAINT  =         3.0168
 EAMBER (non-restraint)  =     -8412.2798
 EKCMT  =       766.3201  VIRIAL  =       880.4305  VOLUME     =     27377.3122
                                                    Density    =         0.9666
 Ewald error estimate:   0.2057E-03
 ------------------------------------------------------------------------------


      R M S  F L U C T U A T I O N S


 NSTEP =    10000   TIME(PS) =      20.000  TEMP(K) =    26.50  PRESS =   437.8
 Etot   =       289.5912  EKtot   =       139.6704  EPtot      =       157.3637
 BOND   =         1.3512  ANGLE   =         2.1968  DIHED      =         1.0823
 1-4 NB =         0.6541  1-4 EEL =         1.9438  VDWAALS    =        85.8572
 EELEC  =       233.6976  EHBOND  =         0.0000  RESTRAINT  =         1.2202
 EAMBER (non-restraint)  =       156.1434
 EKCMT  =        68.2189  VIRIAL  =       249.3096  VOLUME     =      1196.1793
                                                    Density    =         0.0391
 Ewald error estimate:   0.1600E-03
 ------------------------------------------------------------------------------


--------------------------------------------------------------------------------
   5.  TIMINGS
--------------------------------------------------------------------------------

|>>>>>>>>PROFILE of Average TIMES>>>>>>>>> 
|                Build the list             7.25 (97.02% of List )
|                Other                      0.22 ( 2.98% of List )
|             List time                  7.48 ( 8.58% of Nonbo)
|                   Short_ene time            42.78 (95.95% of Direc)
|                   Other                      1.81 ( 4.05% of Direc)
|                Direct Ewald time         44.59 (55.97% of Ewald)
|                Adjust Ewald time          0.24 ( 0.30% of Ewald)
|                   Fill Bspline coeffs        1.23 ( 5.47% of Recip)
|                   Fill charge grid           0.87 ( 3.88% of Recip)
|                   Scalar sum                 4.13 (18.40% of Recip)
|                   Grad sum                   1.88 ( 8.38% of Recip)
|                      FFT back comm time         4.69 (36.03% of FFT t)
|                      Other                      8.32 (63.97% of FFT t)
|                   FFT time                  13.01 (57.96% of Recip)
|                   Other                      1.32 ( 5.90% of Recip)
|                Recip Ewald time          22.44 (28.17% of Ewald)
|                Force Adjust              11.08 (13.91% of Ewald)
|                Virial junk                1.28 ( 1.60% of Ewald)
|                Other                      0.03 ( 0.04% of Ewald)
|             Ewald time                79.67 (91.41% of Nonbo)
|             Other                      0.01 ( 0.01% of Nonbo)
|          Nonbond force             87.15 (97.17% of Force)
|          Bond/Angle/Dihedral        0.12 ( 0.13% of Force)
|          FRC Collect time           1.66 ( 1.85% of Force)
|          Other                      0.76 ( 0.85% of Force)
|       Force time                89.69 (90.16% of Runmd)
|       Shake time                 0.28 ( 0.28% of Runmd)
|       Verlet update time         3.62 ( 3.64% of Runmd)
|       Ekcmr time                 3.92 ( 3.94% of Runmd)
|       CRD distribute time        0.76 ( 0.76% of Runmd)
|       Other                      1.21 ( 1.21% of Runmd)
|    Runmd Time                99.47 (100.0% of Total)
|    Other                      0.07 ( 0.07% of Total)
| Total time                99.54 (100.0% of ALL  )

| Number of list builds   :        896

| Highest rstack allocated:      37966
| Highest istack allocated:        784

| Final Performance Info:
| -----------------------------------------------------
| Average timings for all steps:
|     Elapsed(s) =      99.77 Per Step(ms) =       9.98
|         ns/day =      17.32   seconds/ns =    4988.54
| -----------------------------------------------------

|           Job began  at 15:14:27.764  on 03/14/2017
|           Setup done at 15:14:27.838  on 03/14/2017
|           Run   done at 15:16:07.466  on 03/14/2017
|     wallclock() was called  571859 times
