
          -------------------------------------------------------
          Amber 16 SANDER                              2016
          -------------------------------------------------------

| Run on 03/14/2017 at 13:57:39

|   Executable path: sander.MPI
| Working directory: /home/steboss/projects/mdgx-tests/alanine/IPOLQ/input/PhiPsi_1/135/225
|          Hostname: node007

  [-O]verwriting output

File Assignments:
|  MDIN: equil.in                                                              
| MDOUT: Conf225.eq.out                                                        
|INPCRD: Conf225.min                                                           
|  PARM: Conf225.top                                                           
|RESTRT: Conf225.rst                                                           
|  REFC: Conf225.crd                                                           
| MDVEL: mdvel                                                                 
| MDFRC: mdfrc                                                                 
|  MDEN: mden                                                                  
| MDCRD: mdcrd                                                                 
|MDINFO: mdinfo                                                                
|  MTMD: mtmd                                                                  
|INPDIP: inpdip                                                                
|RSTDIP: rstdip                                                                
|INPTRA: inptraj                                                               

|    REMLOG: rem.log
|   REMTYPE: rem.type
|  REMSTRIP: 
|   SAVEENE: saveene
|CLUSTERINF: cluster.info
| RESERVOIR: reserv/frame
|   REMDDIM: 


 Here is the input file:

Equilibrate water in NPT                                                       
 &cntrl                                                                        
                                                                               
  nmropt = 0,                                                                  
  ntx    = 1,       irest  = 0,       ntrx   = 1,      ntxo   = 1,             
  ntpr   = 1000,    ntwx   = 1000,    ntwv   = 0,      ntwe   = 1000,          
  iwrap  = 0,       ioutfm = 1,                                                
                                                                               
  ntf    = 2,       ntb    = 2,                                                
  cut = 9.0,                                                                   
                                                                               
  ibelly = 0,       ntr    = 1,                                                
  restraintmask = ':1',                                                        
  restraint_wt = 100.0,                                                        
                                                                               
  imin   = 0,                                                                  
  nstlim = 10000,                                                              
  nscm   = 1000,                                                               
  t      = 0.0,     dt     = 0.002,                                            
                                                                               
  temp0     = 298.0,   tempi  = 0.0,                                           
  ig        = -1,                                                              
  ntt       = 3,                                                               
  gamma_ln  = 3.0,                                                             
                                                                               
  ntp    = 1,       pres0  = 1.0,     comp   = 44.6,                           
  taup   = 1.0,                                                                
                                                                               
  ntc    = 2,       tol    = 0.000001, watnam = 'WAT ',                        
                                                                               
 &end                                                                          

--------------------------------------------------------------------------------
   1.  RESOURCE   USE: 
--------------------------------------------------------------------------------

| Flags: MPI                                                                    
 getting new box info from bottom of inpcrd
|  INFO: Old style inpcrd file read

| peek_ewald_inpcrd: Box info found
|Largest sphere to fit in unit cell has radius =    14.764
| New format PARM file being parsed.
| Version =    1.000 Date = 03/14/17 Time = 13:38:01
 NATOM  =    3019 NTYPES =       9 NBONH =    3009 MBONA  =       9
 NTHETH =      25 MTHETA =      11 NPHIH =      43 MPHIA  =      24
 NHPARM =       0 NPARM  =       0 NNB   =    4095 NRES   =    1002
 NBONA  =       9 NTHETA =      11 NPHIA =      24 NUMBND =      10
 NUMANG =      16 NPTRA  =      19 NATYP =       9 NPHB   =       1
 IFBOX  =       2 NMXRS  =      10 IFCAP =       0 NEXTRA =       0
 NCOPY  =       0


|     Memory Use     Allocated
|     Real              307171
|     Hollerith          10061
|     Integer            91812
|     Max Pairs         334856
|     nblistReal         36228
|     nblist Int        100782
|       Total             4782 kbytes

| Note: 1-4 EEL scale factors are being read from the topology file.

| Note: 1-4 VDW scale factors are being read from the topology file.
| Duplicated    0 dihedrals
| Duplicated    0 dihedrals

     BOX TYPE: TRUNCATED OCTAHEDRON
Note: ig = -1. Setting random seed to    21495 based on wallclock time in microseconds
      and disabling the synchronization of random numbers between tasks
      to improve performance.

--------------------------------------------------------------------------------
   2.  CONTROL  DATA  FOR  THE  RUN
--------------------------------------------------------------------------------

default_name                                                                    

General flags:
     imin    =       0, nmropt  =       0

Nature and format of input:
     ntx     =       1, irest   =       0, ntrx    =       1

Nature and format of output:
     ntxo    =       1, ntpr    =    1000, ntrx    =       1, ntwr    =   10000
     iwrap   =       0, ntwx    =    1000, ntwv    =       0, ntwe    =    1000
     ioutfm  =       1, ntwprt  =       0, idecomp =       0, rbornstat=      0

Potential function:
     ntf     =       2, ntb     =       2, igb     =       0, nsnb    =      25
     ipol    =       0, gbsa    =       0, iesp    =       0
     dielc   =   1.00000, cut     =   9.00000, intdiel =   1.00000

Frozen or restrained atoms:
     ibelly  =       0, ntr     =       1
     restraint_wt = 100.00000

Molecular dynamics:
     nstlim  =     10000, nscm    =         0, nrespa  =         1
     t       =   0.00000, dt      =   0.00200, vlimit  =  20.00000

Langevin dynamics temperature regulation:
     ig      =   21495
     temp0   = 298.00000, tempi   =   0.00000, gamma_ln=   3.00000

Pressure regulation:
     ntp     =       1
     pres0   =   1.00000, comp    =  44.60000, taup    =   1.00000

SHAKE:
     ntc     =       2, jfastw  =       0
     tol     =   0.00000

Ewald parameters:
     verbose =       0, ew_type =       0, nbflag  =       1, use_pme =       1
     vdwmeth =       1, eedmeth =       1, netfrc  =       1
     Box X =   36.165   Box Y =   36.165   Box Z =   36.165
     Alpha =  109.471   Beta  =  109.471   Gamma =  109.471
     NFFT1 =   36       NFFT2 =   36       NFFT3 =   36
     Cutoff=    9.000   Tol   =0.100E-04
     Ewald Coefficient =  0.30768
     Interpolation order =    4

| MPI Timing options:
|      profile_mpi =        0

    LOADING THE CONSTRAINED ATOMS AS GROUPS


   5.  REFERENCE ATOM COORDINATES

  defa
     Mask :1; matches     6 atoms

--------------------------------------------------------------------------------
   3.  ATOMIC COORDINATES AND VELOCITIES
--------------------------------------------------------------------------------

defa                                                                            
 begin time read from input coords =     0.000 ps

 Number of triangulated 3-point waters found:      999
|  Atom division among processors:
|         0     379     757    1135    1513    1891    2269    2644
|      3019

     Sum of charges from parm topology file =  -0.00000000
     Forcing neutrality...
|  Running AMBER/MPI version on    8 nodes


--------------------------------------------------------------------------------
   4.  RESULTS
--------------------------------------------------------------------------------

|  # of SOLUTE  degrees of freedom (RNDFP):    6048.
|  # of SOLVENT degrees of freedom (RNDFS):       0.
|  NDFMIN =    6048.     NUM_NOSHAKE =      0     CORRECTED RNDFP =    6048.
|  TOTAL # of degrees of freedom (RNDF) =    6048.
 ---------------------------------------------------
 APPROXIMATING switch and d/dx switch using CUBIC SPLINE INTERPOLATION
 using   5000.0 points per unit in tabled values
 TESTING RELATIVE ERROR over r ranging from 0.0 to cutoff
| CHECK switch(x): max rel err =   0.2738E-14   at   2.422500
| CHECK d/dx switch(x): max rel err =   0.8314E-11   at   2.736960
 ---------------------------------------------------
| Local SIZE OF NONBOND LIST =      97636
| TOTAL SIZE OF NONBOND LIST =     700045

 NSTEP =        0   TIME(PS) =       0.000  TEMP(K) =     0.00  PRESS = -5171.9
 Etot   =    -13165.5259  EKtot   =         0.0000  EPtot      =    -13165.5259
 BOND   =         0.5056  ANGLE   =         2.5435  DIHED      =        11.7639
 1-4 NB =         3.6240  1-4 EEL =        46.2721  VDWAALS    =      2349.2082
 EELEC  =    -15579.9156  EHBOND  =         0.0000  RESTRAINT  =         0.4724
 EAMBER (non-restraint)  =    -13165.9983
 EKCMT  =         0.0000  VIRIAL  =      4066.0055  VOLUME     =     36411.4503
                                                    Density    =         0.8274
 Ewald error estimate:   0.5696E-04
 ------------------------------------------------------------------------------


 NSTEP =     1000   TIME(PS) =       2.000  TEMP(K) =   288.46  PRESS =  -994.1
 Etot   =     -7754.7359  EKtot   =      1733.4411  EPtot      =     -9488.1771
 BOND   =         2.0409  ANGLE   =         4.9444  DIHED      =        10.8000
 1-4 NB =         3.7345  1-4 EEL =        48.4854  VDWAALS    =      1391.9425
 EELEC  =    -10954.2601  EHBOND  =         0.0000  RESTRAINT  =         4.1354
 EAMBER (non-restraint)  =     -9492.3125
 EKCMT  =       873.3862  VIRIAL  =      1590.8148  VOLUME     =     33424.8103
                                                    Density    =         0.9013
 Ewald error estimate:   0.2066E-03
 ------------------------------------------------------------------------------


 NSTEP =     2000   TIME(PS) =       4.000  TEMP(K) =   305.05  PRESS =  -302.9
 Etot   =     -7689.2458  EKtot   =      1833.1462  EPtot      =     -9522.3919
 BOND   =         3.3709  ANGLE   =         8.4157  DIHED      =        10.6118
 1-4 NB =         2.5464  1-4 EEL =        47.3333  VDWAALS    =      1439.0136
 EELEC  =    -11038.1921  EHBOND  =         0.0000  RESTRAINT  =         4.5085
 EAMBER (non-restraint)  =     -9526.9004
 EKCMT  =       889.2318  VIRIAL  =      1098.7327  VOLUME     =     32032.2072
                                                    Density    =         0.9405
 Ewald error estimate:   0.1990E-04
 ------------------------------------------------------------------------------


 NSTEP =     3000   TIME(PS) =       6.000  TEMP(K) =   297.82  PRESS =   190.8
 Etot   =     -7756.5225  EKtot   =      1789.6682  EPtot      =     -9546.1907
 BOND   =         2.7019  ANGLE   =         5.9662  DIHED      =         9.8532
 1-4 NB =         3.4673  1-4 EEL =        47.7358  VDWAALS    =      1468.6225
 EELEC  =    -11087.2217  EHBOND  =         0.0000  RESTRAINT  =         2.6841
 EAMBER (non-restraint)  =     -9548.8748
 EKCMT  =       897.6961  VIRIAL  =       769.5738  VOLUME     =     31099.2711
                                                    Density    =         0.9687
 Ewald error estimate:   0.6539E-04
 ------------------------------------------------------------------------------


 NSTEP =     4000   TIME(PS) =       8.000  TEMP(K) =   298.32  PRESS =  -290.0
 Etot   =     -7777.4642  EKtot   =      1792.6985  EPtot      =     -9570.1627
 BOND   =         4.9139  ANGLE   =        10.7013  DIHED      =        10.0421
 1-4 NB =         4.2473  1-4 EEL =        45.8371  VDWAALS    =      1397.1010
 EELEC  =    -11046.8354  EHBOND  =         0.0000  RESTRAINT  =         3.8299
 EAMBER (non-restraint)  =     -9573.9927
 EKCMT  =       858.7611  VIRIAL  =      1050.9533  VOLUME     =     30694.9504
                                                    Density    =         0.9815
 Ewald error estimate:   0.9492E-04
 ------------------------------------------------------------------------------


 NSTEP =     5000   TIME(PS) =      10.000  TEMP(K) =   303.32  PRESS =    12.9
 Etot   =     -7781.7902  EKtot   =      1822.7084  EPtot      =     -9604.4986
 BOND   =         1.0545  ANGLE   =         6.6454  DIHED      =        10.3609
 1-4 NB =         2.7265  1-4 EEL =        49.6544  VDWAALS    =      1431.8401
 EELEC  =    -11109.0042  EHBOND  =         0.0000  RESTRAINT  =         2.2238
 EAMBER (non-restraint)  =     -9606.7224
 EKCMT  =       925.1224  VIRIAL  =       916.5639  VOLUME     =     30725.9340
                                                    Density    =         0.9805
 Ewald error estimate:   0.1200E-03
 ------------------------------------------------------------------------------


 NSTEP =     6000   TIME(PS) =      12.000  TEMP(K) =   288.83  PRESS =  -337.6
 Etot   =     -7825.4881  EKtot   =      1735.6274  EPtot      =     -9561.1156
 BOND   =         0.7413  ANGLE   =        12.3579  DIHED      =        11.7785
 1-4 NB =         3.4034  1-4 EEL =        47.4064  VDWAALS    =      1376.5462
 EELEC  =    -11015.0766  EHBOND  =         0.0000  RESTRAINT  =         1.7275
 EAMBER (non-restraint)  =     -9562.8430
 EKCMT  =       878.5815  VIRIAL  =      1100.5982  VOLUME     =     30458.5890
                                                    Density    =         0.9891
 Ewald error estimate:   0.4016E-04
 ------------------------------------------------------------------------------


 NSTEP =     7000   TIME(PS) =      14.000  TEMP(K) =   291.61  PRESS =    66.3
 Etot   =     -7823.9240  EKtot   =      1752.3777  EPtot      =     -9576.3018
 BOND   =         4.4842  ANGLE   =        11.9066  DIHED      =        10.7570
 1-4 NB =         2.5851  1-4 EEL =        45.0336  VDWAALS    =      1421.7193
 EELEC  =    -11074.8493  EHBOND  =         0.0000  RESTRAINT  =         2.0618
 EAMBER (non-restraint)  =     -9578.3636
 EKCMT  =       879.5068  VIRIAL  =       835.9642  VOLUME     =     30437.3503
                                                    Density    =         0.9898
 Ewald error estimate:   0.4227E-04
 ------------------------------------------------------------------------------


 NSTEP =     8000   TIME(PS) =      16.000  TEMP(K) =   312.62  PRESS =   200.4
 Etot   =     -7701.3831  EKtot   =      1878.6017  EPtot      =     -9579.9848
 BOND   =         2.1169  ANGLE   =        14.9190  DIHED      =        11.2246
 1-4 NB =         2.4782  1-4 EEL =        38.2930  VDWAALS    =      1454.8920
 EELEC  =    -11107.9056  EHBOND  =         0.0000  RESTRAINT  =         3.9970
 EAMBER (non-restraint)  =     -9583.9819
 EKCMT  =       941.4026  VIRIAL  =       809.0297  VOLUME     =     30599.6272
                                                    Density    =         0.9845
 Ewald error estimate:   0.6619E-04
 ------------------------------------------------------------------------------


 NSTEP =     9000   TIME(PS) =      18.000  TEMP(K) =   289.19  PRESS =    -1.2
 Etot   =     -7907.9491  EKtot   =      1737.8463  EPtot      =     -9645.7954
 BOND   =         1.7016  ANGLE   =         4.7414  DIHED      =         9.2479
 1-4 NB =         2.9647  1-4 EEL =        44.9432  VDWAALS    =      1466.6711
 EELEC  =    -11176.7596  EHBOND  =         0.0000  RESTRAINT  =         0.6943
 EAMBER (non-restraint)  =     -9646.4897
 EKCMT  =       846.8361  VIRIAL  =       847.6322  VOLUME     =     30669.4224
                                                    Density    =         0.9823
 Ewald error estimate:   0.9235E-04
 ------------------------------------------------------------------------------


 NSTEP =    10000   TIME(PS) =      20.000  TEMP(K) =   298.61  PRESS =  -360.7
 Etot   =     -7810.2797  EKtot   =      1794.4356  EPtot      =     -9604.7153
 BOND   =         1.1106  ANGLE   =         6.1740  DIHED      =        10.9359
 1-4 NB =         3.1158  1-4 EEL =        47.6761  VDWAALS    =      1367.1687
 EELEC  =    -11042.5437  EHBOND  =         0.0000  RESTRAINT  =         1.6473
 EAMBER (non-restraint)  =     -9606.3626
 EKCMT  =       895.8082  VIRIAL  =      1133.2087  VOLUME     =     30479.5112
                                                    Density    =         0.9884
 Ewald error estimate:   0.3783E-03
 ------------------------------------------------------------------------------


      A V E R A G E S   O V E R   10000 S T E P S


 NSTEP =    10000   TIME(PS) =      20.000  TEMP(K) =   293.44  PRESS =  -198.4
 Etot   =     -7821.1625  EKtot   =      1763.3347  EPtot      =     -9584.4972
 BOND   =         3.1262  ANGLE   =         8.4099  DIHED      =        10.8554
 1-4 NB =         3.2348  1-4 EEL =        45.4167  VDWAALS    =      1433.4309
 EELEC  =    -11092.2831  EHBOND  =         0.0000  RESTRAINT  =         3.3121
 EAMBER (non-restraint)  =     -9587.8093
 EKCMT  =       880.4601  VIRIAL  =      1023.3932  VOLUME     =     31304.9508
                                                    Density    =         0.9640
 Ewald error estimate:   0.1945E-03
 ------------------------------------------------------------------------------


      R M S  F L U C T U A T I O N S


 NSTEP =    10000   TIME(PS) =      20.000  TEMP(K) =    26.41  PRESS =   441.5
 Etot   =       337.1494  EKtot   =       158.7106  EPtot      =       186.4241
 BOND   =         1.4884  ANGLE   =         2.3573  DIHED      =         1.1500
 1-4 NB =         0.7600  1-4 EEL =         2.1352  VDWAALS    =        95.4469
 EELEC  =       271.6439  EHBOND  =         0.0000  RESTRAINT  =         1.3011
 EAMBER (non-restraint)  =       185.1231
 EKCMT  =        76.5053  VIRIAL  =       284.5146  VOLUME     =      1331.2838
                                                    Density    =         0.0380
 Ewald error estimate:   0.1467E-03
 ------------------------------------------------------------------------------


--------------------------------------------------------------------------------
   5.  TIMINGS
--------------------------------------------------------------------------------

|>>>>>>>>PROFILE of Average TIMES>>>>>>>>> 
|                Build the list             8.03 (97.93% of List )
|                Other                      0.17 ( 2.07% of List )
|             List time                  8.20 ( 7.41% of Nonbo)
|                   Short_ene time            42.91 (96.66% of Direc)
|                   Other                      1.48 ( 3.34% of Direc)
|                Direct Ewald time         44.39 (43.29% of Ewald)
|                Adjust Ewald time          0.22 ( 0.22% of Ewald)
|                   Fill Bspline coeffs        0.95 ( 2.23% of Recip)
|                   Fill charge grid           0.82 ( 1.93% of Recip)
|                   Scalar sum                 3.98 ( 9.39% of Recip)
|                   Grad sum                   1.76 ( 4.16% of Recip)
|                      FFT back comm time        23.69 (73.65% of FFT t)
|                      Other                      8.48 (26.35% of FFT t)
|                   FFT time                  32.17 (75.88% of Recip)
|                   Other                      2.72 ( 6.41% of Recip)
|                Recip Ewald time          42.39 (41.34% of Ewald)
|                Force Adjust              14.39 (14.03% of Ewald)
|                Virial junk                1.11 ( 1.09% of Ewald)
|                Other                      0.03 ( 0.03% of Ewald)
|             Ewald time               102.55 (92.59% of Nonbo)
|          Nonbond force            110.75 (86.10% of Force)
|          Bond/Angle/Dihedral        0.09 ( 0.07% of Force)
|          FRC Collect time          16.62 (12.92% of Force)
|          Other                      1.16 ( 0.90% of Force)
|       Force time               128.63 (76.25% of Runmd)
|       Shake time                 0.30 ( 0.18% of Runmd)
|       Verlet update time         7.48 ( 4.43% of Runmd)
|       Ekcmr time                 5.38 ( 3.19% of Runmd)
|       CRD distribute time       13.14 ( 7.79% of Runmd)
|       Other                     13.78 ( 8.17% of Runmd)
|    Runmd Time               168.71 (99.90% of Total)
|    Other                      0.18 ( 0.10% of Total)
| Total time               168.88 (100.0% of ALL  )

| Number of list builds   :        910

| Highest rstack allocated:      40936
| Highest istack allocated:        894

| Final Performance Info:
| -----------------------------------------------------
| Average timings for all steps:
|     Elapsed(s) =     168.94 Per Step(ms) =      16.89
|         ns/day =      10.23   seconds/ns =    8447.17
| -----------------------------------------------------

|           Job began  at 13:57:39.978  on 03/14/2017
|           Setup done at 13:57:40.168  on 03/14/2017
|           Run   done at 14:00:29.018  on 03/14/2017
|     wallclock() was called  571887 times
