
          -------------------------------------------------------
          Amber 16 SANDER                              2016
          -------------------------------------------------------

| Run on 03/14/2017 at 15:35:55

|   Executable path: sander.MPI
| Working directory: /home/steboss/projects/mdgx-tests/alanine/IPOLQ/input/PhiPsi_1/90/0
|          Hostname: node011

  [-O]verwriting output

File Assignments:
|  MDIN: min.in                                                                
| MDOUT: Conf0.min.out                                                         
|INPCRD: Conf0.crd                                                             
|  PARM: Conf0.top                                                             
|RESTRT: Conf0.min                                                             
|  REFC: Conf0.crd                                                             
| MDVEL: mdvel                                                                 
| MDFRC: mdfrc                                                                 
|  MDEN: mden                                                                  
| MDCRD: mdcrd                                                                 
|MDINFO: mdinfo                                                                
|  MTMD: mtmd                                                                  
|INPDIP: inpdip                                                                
|RSTDIP: rstdip                                                                
|INPTRA: inptraj                                                               

|    REMLOG: rem.log
|   REMTYPE: rem.type
|  REMSTRIP: 
|   SAVEENE: saveene
|CLUSTERINF: cluster.info
| RESERVOIR: reserv/frame
|   REMDDIM: 


 Here is the input file:

Initial minimization                                                           
 &cntrl                                                                        
  ntx    = 1,       irest  = 0,       ntrx   = 1,      ntxo   = 1,             
  ntpr   = 20,      ntwx   = 0,       ntwv   = 0,      ntwe   = 0,             
                                                                               
  ntf    = 1,       ntb    = 1,                                                
  ntc    = 1,       ntr    = 1,                                                
  restraintmask = ':1',                                                        
  restraint_wt = 100.0,                                                        
  cut    = 9.0,                                                                
                                                                               
  imin   = 1,                                                                  
  maxcyc = 1000,                                                               
  ncyc   = 100,                                                                
                                                                               
 &end                                                                          

--------------------------------------------------------------------------------
   1.  RESOURCE   USE: 
--------------------------------------------------------------------------------

| Flags: MPI                                                                    
 getting new box info from bottom of inpcrd
|  INFO: Old style inpcrd file read

| peek_ewald_inpcrd: Box info found
|Largest sphere to fit in unit cell has radius =    14.241
| New format PARM file being parsed.
| Version =    1.000 Date = 03/14/17 Time = 13:40:41
 NATOM  =    2731 NTYPES =       9 NBONH =    2721 MBONA  =       9
 NTHETH =      25 MTHETA =      11 NPHIH =      43 MPHIA  =      24
 NHPARM =       0 NPARM  =       0 NNB   =    3711 NRES   =     906
 NBONA  =       9 NTHETA =      11 NPHIA =      24 NUMBND =      10
 NUMANG =      16 NPTRA  =      19 NATYP =       9 NPHB   =       1
 IFBOX  =       2 NMXRS  =      10 IFCAP =       0 NEXTRA =       0
 NCOPY  =       0


|     Memory Use     Allocated
|     Real              319119
|     Hollerith           9101
|     Integer            85284
|     Max Pairs         302912
|     nblistReal         32772
|     nblist Int         84131
|       Total             4629 kbytes

| Note: 1-4 EEL scale factors are being read from the topology file.

| Note: 1-4 VDW scale factors are being read from the topology file.
| Duplicated    0 dihedrals
| Duplicated    0 dihedrals

     BOX TYPE: TRUNCATED OCTAHEDRON

--------------------------------------------------------------------------------
   2.  CONTROL  DATA  FOR  THE  RUN
--------------------------------------------------------------------------------

default_name                                                                    

General flags:
     imin    =       1, nmropt  =       0

Nature and format of input:
     ntx     =       1, irest   =       0, ntrx    =       1

Nature and format of output:
     ntxo    =       1, ntpr    =      20, ntrx    =       1, ntwr    =       1
     iwrap   =       0, ntwx    =       0, ntwv    =       0, ntwe    =       0
     ioutfm  =       1, ntwprt  =       0, idecomp =       0, rbornstat=      0

Potential function:
     ntf     =       1, ntb     =       1, igb     =       0, nsnb    =      25
     ipol    =       0, gbsa    =       0, iesp    =       0
     dielc   =   1.00000, cut     =   9.00000, intdiel =   1.00000

Frozen or restrained atoms:
     ibelly  =       0, ntr     =       1
     restraint_wt = 100.00000

Energy minimization:
     maxcyc  =    1000, ncyc    =     100, ntmin   =       1
     dx0     =   0.01000, drms    =   0.00010

Ewald parameters:
     verbose =       0, ew_type =       0, nbflag  =       1, use_pme =       1
     vdwmeth =       1, eedmeth =       1, netfrc  =       0
     Box X =   34.884   Box Y =   34.884   Box Z =   34.884
     Alpha =  109.471   Beta  =  109.471   Gamma =  109.471
     NFFT1 =   36       NFFT2 =   36       NFFT3 =   36
     Cutoff=    9.000   Tol   =0.100E-04
     Ewald Coefficient =  0.30768
     Interpolation order =    4

| MPI Timing options:
|      profile_mpi =        0

    LOADING THE CONSTRAINED ATOMS AS GROUPS


   5.  REFERENCE ATOM COORDINATES

  defa
     Mask :1; matches     6 atoms

--------------------------------------------------------------------------------
   3.  ATOMIC COORDINATES AND VELOCITIES
--------------------------------------------------------------------------------

default_name                                                                    
 begin time read from input coords =     0.000 ps

 Number of triangulated 3-point waters found:      903
|  Atom division among processors:
|         0     343     682    1024    1366    1705    2047    2389
|      2731

     Sum of charges from parm topology file =  -0.00000000
     Forcing neutrality...
|  Running AMBER/MPI version on    8 nodes


--------------------------------------------------------------------------------
   4.  RESULTS
--------------------------------------------------------------------------------

 ---------------------------------------------------
 APPROXIMATING switch and d/dx switch using CUBIC SPLINE INTERPOLATION
 using   5000.0 points per unit in tabled values
 TESTING RELATIVE ERROR over r ranging from 0.0 to cutoff
| CHECK switch(x): max rel err =   0.2738E-14   at   2.422500
| CHECK d/dx switch(x): max rel err =   0.8314E-11   at   2.736960
 ---------------------------------------------------
| Local SIZE OF NONBOND LIST =      88037
| TOTAL SIZE OF NONBOND LIST =     635483


   NSTEP       ENERGY          RMS            GMAX         NAME    NUMBER
      1      -6.9669E+03     1.5885E+01     1.3963E+02     O        2306

 BOND    =        0.7197  ANGLE   =        2.8795  DIHED      =        9.6073
 VDWAALS =     1654.3538  EEL     =    -8680.9121  HBOND      =        0.0000
 1-4 VDW =        2.8677  1-4 EEL =       43.6103  RESTRAINT  =        0.0000


   NSTEP       ENERGY          RMS            GMAX         NAME    NUMBER
     20      -8.1896E+03     3.6391E+00     3.1821E+01     O         362

 BOND    =      459.8780  ANGLE   =        2.8426  DIHED      =        9.6647
 VDWAALS =     1131.1379  EEL     =    -9839.6933  HBOND      =        0.0000
 1-4 VDW =        2.8667  1-4 EEL =       43.5706  RESTRAINT  =        0.0835
 EAMBER  =    -8189.7327


   NSTEP       ENERGY          RMS            GMAX         NAME    NUMBER
     40      -9.0973E+03     1.5819E+00     7.7926E+00     H1       2703

 BOND    =      535.3582  ANGLE   =        2.8916  DIHED      =        9.4708
 VDWAALS =     1038.1619  EEL     =   -10729.7460  HBOND      =        0.0000
 1-4 VDW =        2.8241  1-4 EEL =       43.3708  RESTRAINT  =        0.3221
 EAMBER  =    -9097.6686


   NSTEP       ENERGY          RMS            GMAX         NAME    NUMBER
     60      -9.3143E+03     3.6522E+00     2.5097E+01     H1        756

 BOND    =      628.9351  ANGLE   =        2.9302  DIHED      =        9.4070
 VDWAALS =     1060.7384  EEL     =   -11062.7468  HBOND      =        0.0000
 1-4 VDW =        2.7927  1-4 EEL =       43.3018  RESTRAINT  =        0.3420
 EAMBER  =    -9314.6416


   NSTEP       ENERGY          RMS            GMAX         NAME    NUMBER
     80      -9.4510E+03     4.0269E+00     2.5729E+01     H1        756

 BOND    =      660.0929  ANGLE   =        2.9605  DIHED      =        9.3653
 VDWAALS =     1088.7995  EEL     =   -11258.5645  HBOND      =        0.0000
 1-4 VDW =        2.7702  1-4 EEL =       43.2750  RESTRAINT  =        0.3508
 EAMBER  =    -9451.3011


   NSTEP       ENERGY          RMS            GMAX         NAME    NUMBER
    100      -9.5790E+03     1.7203E+00     8.1841E+00     H1        756

 BOND    =      549.4092  ANGLE   =        2.9811  DIHED      =        9.3311
 VDWAALS =     1120.9968  EEL     =   -11308.0572  HBOND      =        0.0000
 1-4 VDW =        2.7509  1-4 EEL =       43.2793  RESTRAINT  =        0.3545
 EAMBER  =    -9579.3088


   NSTEP       ENERGY          RMS            GMAX         NAME    NUMBER
    120      -1.0000E+04     4.1328E+00     9.1515E+01     H1       2196

 BOND    =      720.3924  ANGLE   =        3.0571  DIHED      =        9.1901
 VDWAALS =     1437.2420  EEL     =   -12216.4812  HBOND      =        0.0000
 1-4 VDW =        2.7035  1-4 EEL =       43.4421  RESTRAINT  =        0.2995
 EAMBER  =   -10000.4539


   NSTEP       ENERGY          RMS            GMAX         NAME    NUMBER
    140      -1.0127E+04     1.4306E+00     2.7119E+01     O        2186

 BOND    =      679.6852  ANGLE   =        3.0165  DIHED      =        9.1455
 VDWAALS =     1474.6635  EEL     =   -12339.9340  HBOND      =        0.0000
 1-4 VDW =        2.7139  1-4 EEL =       43.5668  RESTRAINT  =        0.3588
 EAMBER  =   -10127.1424


   NSTEP       ENERGY          RMS            GMAX         NAME    NUMBER
    160      -1.0245E+04     1.7141E+00     3.8970E+01     C           5

 BOND    =      696.9216  ANGLE   =        3.3623  DIHED      =        9.0946
 VDWAALS =     1511.0278  EEL     =   -12512.0444  HBOND      =        0.0000
 1-4 VDW =        2.7767  1-4 EEL =       43.6386  RESTRAINT  =        0.4259
 EAMBER  =   -10245.2229


   NSTEP       ENERGY          RMS            GMAX         NAME    NUMBER
    180      -1.0328E+04     1.3451E+00     2.4653E+01     H2       2197

 BOND    =      711.5729  ANGLE   =        4.2703  DIHED      =        9.0979
 VDWAALS =     1612.4351  EEL     =   -12712.1396  HBOND      =        0.0000
 1-4 VDW =        2.8673  1-4 EEL =       43.3646  RESTRAINT  =        0.5782
 EAMBER  =   -10328.5314


   NSTEP       ENERGY          RMS            GMAX         NAME    NUMBER
    200      -1.0412E+04     1.3028E+00     3.5128E+01     H1       2196

 BOND    =      729.0761  ANGLE   =        3.0806  DIHED      =        9.4975
 VDWAALS =     1657.8814  EEL     =   -12858.4933  HBOND      =        0.0000
 1-4 VDW =        2.5273  1-4 EEL =       43.8003  RESTRAINT  =        0.4784
 EAMBER  =   -10412.6301


   NSTEP       ENERGY          RMS            GMAX         NAME    NUMBER
    220      -1.0461E+04     1.6658E+00     4.6879E+01     C           5

 BOND    =      744.9663  ANGLE   =        5.3219  DIHED      =        9.5387
 VDWAALS =     1697.3586  EEL     =   -12965.5054  HBOND      =        0.0000
 1-4 VDW =        2.4265  1-4 EEL =       43.8609  RESTRAINT  =        1.1049
 EAMBER  =   -10462.0325


   NSTEP       ENERGY          RMS            GMAX         NAME    NUMBER
    240      -1.0517E+04     7.9223E-01     1.6661E+01     H1       2196

 BOND    =      738.9344  ANGLE   =        3.4359  DIHED      =        9.1356
 VDWAALS =     1733.9586  EEL     =   -13049.0281  HBOND      =        0.0000
 1-4 VDW =        2.7749  1-4 EEL =       43.5306  RESTRAINT  =        0.4647
 EAMBER  =   -10517.2581


   NSTEP       ENERGY          RMS            GMAX         NAME    NUMBER
    260      -1.0552E+04     8.7680E-01     1.2941E+01     O        2690

 BOND    =      753.7286  ANGLE   =        3.0413  DIHED      =        9.3454
 VDWAALS =     1763.3427  EEL     =   -13127.7525  HBOND      =        0.0000
 1-4 VDW =        2.6743  1-4 EEL =       43.7115  RESTRAINT  =        0.3209
 EAMBER  =   -10551.9087


   NSTEP       ENERGY          RMS            GMAX         NAME    NUMBER
    280      -1.0606E+04     9.8549E-01     1.7122E+01     CH3        19

 BOND    =      766.9458  ANGLE   =        3.2350  DIHED      =        9.7255
 VDWAALS =     1863.1141  EEL     =   -13295.6770  HBOND      =        0.0000
 1-4 VDW =        2.6028  1-4 EEL =       43.3918  RESTRAINT  =        0.4925
 EAMBER  =   -10606.6619


   NSTEP       ENERGY          RMS            GMAX         NAME    NUMBER
    300      -1.0660E+04     9.6712E-01     3.1653E+01     C           5

 BOND    =      779.1492  ANGLE   =        3.4658  DIHED      =        9.4285
 VDWAALS =     1862.8995  EEL     =   -13360.4605  HBOND      =        0.0000
 1-4 VDW =        2.3719  1-4 EEL =       43.2095  RESTRAINT  =        0.3725
 EAMBER  =   -10659.9360


   NSTEP       ENERGY          RMS            GMAX         NAME    NUMBER
    320      -1.0685E+04     1.1151E+00     2.2262E+01     O           6

 BOND    =      773.6665  ANGLE   =        4.6736  DIHED      =        9.9030
 VDWAALS =     1891.8063  EEL     =   -13410.8928  HBOND      =        0.0000
 1-4 VDW =        2.0421  1-4 EEL =       42.7995  RESTRAINT  =        1.2028
 EAMBER  =   -10686.0017


   NSTEP       ENERGY          RMS            GMAX         NAME    NUMBER
    340      -1.0735E+04     5.9068E-01     8.6964E+00     N           7

 BOND    =      789.3808  ANGLE   =        3.1353  DIHED      =        9.5361
 VDWAALS =     1929.6066  EEL     =   -13513.8006  HBOND      =        0.0000
 1-4 VDW =        2.7991  1-4 EEL =       43.9648  RESTRAINT  =        0.4481
 EAMBER  =   -10735.3779


   NSTEP       ENERGY          RMS            GMAX         NAME    NUMBER
    360      -1.0755E+04     7.1330E-01     2.1401E+01     C           5

 BOND    =      788.6696  ANGLE   =        3.3625  DIHED      =        9.9497
 VDWAALS =     1939.7152  EEL     =   -13543.7246  HBOND      =        0.0000
 1-4 VDW =        2.8089  1-4 EEL =       43.6720  RESTRAINT  =        0.4239
 EAMBER  =   -10755.5467


   NSTEP       ENERGY          RMS            GMAX         NAME    NUMBER
    380      -1.0784E+04     6.4447E-01     9.4036E+00     N           7

 BOND    =      804.5642  ANGLE   =        4.1103  DIHED      =        9.9505
 VDWAALS =     1982.7784  EEL     =   -13630.4697  HBOND      =        0.0000
 1-4 VDW =        2.2558  1-4 EEL =       42.2718  RESTRAINT  =        0.6701
 EAMBER  =   -10784.5387


   NSTEP       ENERGY          RMS            GMAX         NAME    NUMBER
    400      -1.0812E+04     8.0219E-01     2.4639E+01     C           5

 BOND    =      812.3989  ANGLE   =        3.1937  DIHED      =        9.9524
 VDWAALS =     1993.0075  EEL     =   -13677.0288  HBOND      =        0.0000
 1-4 VDW =        2.3879  1-4 EEL =       43.2712  RESTRAINT  =        0.3427
 EAMBER  =   -10812.8172


   NSTEP       ENERGY          RMS            GMAX         NAME    NUMBER
    420      -1.0828E+04     9.7888E-01     2.6568E+01     O           6

 BOND    =      798.3101  ANGLE   =        3.1576  DIHED      =        9.8089
 VDWAALS =     2009.8270  EEL     =   -13695.8403  HBOND      =        0.0000
 1-4 VDW =        2.4634  1-4 EEL =       43.8250  RESTRAINT  =        0.4568
 EAMBER  =   -10828.4482


   NSTEP       ENERGY          RMS            GMAX         NAME    NUMBER
    440      -1.0851E+04     4.5189E-01     1.4812E+01     O           6

 BOND    =      817.5013  ANGLE   =        2.9655  DIHED      =        9.7461
 VDWAALS =     2026.8874  EEL     =   -13756.0163  HBOND      =        0.0000
 1-4 VDW =        2.5651  1-4 EEL =       43.9583  RESTRAINT  =        1.0044
 EAMBER  =   -10852.3927


   NSTEP       ENERGY          RMS            GMAX         NAME    NUMBER
    460      -1.0867E+04     4.5080E-01     1.3870E+01     N           7

 BOND    =      815.0831  ANGLE   =        2.9019  DIHED      =        9.9807
 VDWAALS =     2037.1410  EEL     =   -13778.0880  HBOND      =        0.0000
 1-4 VDW =        2.4619  1-4 EEL =       43.2621  RESTRAINT  =        0.1427
 EAMBER  =   -10867.2573


   NSTEP       ENERGY          RMS            GMAX         NAME    NUMBER
    480      -1.0898E+04     6.3334E-01     1.2132E+01     HH31        1

 BOND    =      820.3611  ANGLE   =        3.1216  DIHED      =       10.3237
 VDWAALS =     2086.1022  EEL     =   -13864.0734  HBOND      =        0.0000
 1-4 VDW =        2.2027  1-4 EEL =       43.6430  RESTRAINT  =        0.5984
 EAMBER  =   -10898.3191


   NSTEP       ENERGY          RMS            GMAX         NAME    NUMBER
    500      -1.0916E+04     3.6832E-01     1.1495E+01     N           7

 BOND    =      823.7662  ANGLE   =        3.2032  DIHED      =       10.2755
 VDWAALS =     2083.6119  EEL     =   -13882.9104  HBOND      =        0.0000
 1-4 VDW =        2.3994  1-4 EEL =       43.3540  RESTRAINT  =        0.1644
 EAMBER  =   -10916.3001


   NSTEP       ENERGY          RMS            GMAX         NAME    NUMBER
    520      -1.0926E+04     6.5812E-01     1.2193E+01     CA          9

 BOND    =      826.7774  ANGLE   =        3.2265  DIHED      =       10.3500
 VDWAALS =     2094.5176  EEL     =   -13906.3318  HBOND      =        0.0000
 1-4 VDW =        2.3824  1-4 EEL =       43.2272  RESTRAINT  =        0.1690
 EAMBER  =   -10925.8506


   NSTEP       ENERGY          RMS            GMAX         NAME    NUMBER
    540      -1.0946E+04     4.0194E-01     1.3466E+01     CH3         2

 BOND    =      827.7163  ANGLE   =        3.0148  DIHED      =       10.3670
 VDWAALS =     2105.5777  EEL     =   -13939.0509  HBOND      =        0.0000
 1-4 VDW =        2.4247  1-4 EEL =       43.6943  RESTRAINT  =        0.3293
 EAMBER  =   -10946.2561


   NSTEP       ENERGY          RMS            GMAX         NAME    NUMBER
    560      -1.0952E+04     3.7417E-01     1.2186E+01     O           6

 BOND    =      832.5892  ANGLE   =        2.9229  DIHED      =       10.4533
 VDWAALS =     2109.6904  EEL     =   -13954.1588  HBOND      =        0.0000
 1-4 VDW =        2.3309  1-4 EEL =       43.5526  RESTRAINT  =        0.1590
 EAMBER  =   -10952.6195


   NSTEP       ENERGY          RMS            GMAX         NAME    NUMBER
    580      -1.0966E+04     4.2927E-01     1.7143E+01     O           6

 BOND    =      832.7314  ANGLE   =        3.0834  DIHED      =       10.8243
 VDWAALS =     2128.5207  EEL     =   -13986.6613  HBOND      =        0.0000
 1-4 VDW =        2.1643  1-4 EEL =       43.3258  RESTRAINT  =        0.4664
 EAMBER  =   -10966.0114


   NSTEP       ENERGY          RMS            GMAX         NAME    NUMBER
    600      -1.0975E+04     3.9183E-01     1.0231E+01     O           6

 BOND    =      833.2335  ANGLE   =        3.2148  DIHED      =       10.7929
 VDWAALS =     2128.1266  EEL     =   -13996.4381  HBOND      =        0.0000
 1-4 VDW =        2.2801  1-4 EEL =       43.2091  RESTRAINT  =        0.2248
 EAMBER  =   -10975.5811


   NSTEP       ENERGY          RMS            GMAX         NAME    NUMBER
    620      -1.0983E+04     7.8349E-01     2.0998E+01     H           8

 BOND    =      846.7814  ANGLE   =        3.3324  DIHED      =       10.7921
 VDWAALS =     2137.5139  EEL     =   -14027.6442  HBOND      =        0.0000
 1-4 VDW =        2.3194  1-4 EEL =       43.2527  RESTRAINT  =        0.3761
 EAMBER  =   -10983.6523


   NSTEP       ENERGY          RMS            GMAX         NAME    NUMBER
    640      -1.1001E+04     4.0442E-01     1.2355E+01     O           6

 BOND    =      836.1867  ANGLE   =        3.0709  DIHED      =       10.7657
 VDWAALS =     2142.7821  EEL     =   -14040.0311  HBOND      =        0.0000
 1-4 VDW =        2.3639  1-4 EEL =       43.8140  RESTRAINT  =        0.4954
 EAMBER  =   -11001.0479


   NSTEP       ENERGY          RMS            GMAX         NAME    NUMBER
    660      -1.1005E+04     3.0740E-01     9.8149E+00     O           6

 BOND    =      841.7005  ANGLE   =        2.9160  DIHED      =       10.9432
 VDWAALS =     2144.0435  EEL     =   -14050.5556  HBOND      =        0.0000
 1-4 VDW =        2.2308  1-4 EEL =       43.6331  RESTRAINT  =        0.0873
 EAMBER  =   -11005.0885


   NSTEP       ENERGY          RMS            GMAX         NAME    NUMBER
    680      -1.1026E+04     4.4118E-01     7.0242E+00     HB3        14

 BOND    =      844.5160  ANGLE   =        3.2313  DIHED      =       11.1314
 VDWAALS =     2158.7762  EEL     =   -14089.6423  HBOND      =        0.0000
 1-4 VDW =        2.2421  1-4 EEL =       43.7694  RESTRAINT  =        0.3228
 EAMBER  =   -11025.9759


   NSTEP       ENERGY          RMS            GMAX         NAME    NUMBER
    700      -1.1039E+04     3.4626E-01     7.2974E+00     CA          9

 BOND    =      846.0100  ANGLE   =        2.9948  DIHED      =       11.1515
 VDWAALS =     2158.4815  EEL     =   -14103.8549  HBOND      =        0.0000
 1-4 VDW =        2.1564  1-4 EEL =       44.1832  RESTRAINT  =        0.3560
 EAMBER  =   -11038.8775


   NSTEP       ENERGY          RMS            GMAX         NAME    NUMBER
    720      -1.1047E+04     7.4785E-01     1.7643E+01     O           6

 BOND    =      850.7104  ANGLE   =        3.4263  DIHED      =       11.2746
 VDWAALS =     2168.7408  EEL     =   -14128.0825  HBOND      =        0.0000
 1-4 VDW =        2.1971  1-4 EEL =       43.9554  RESTRAINT  =        0.4991
 EAMBER  =   -11047.7779


   NSTEP       ENERGY          RMS            GMAX         NAME    NUMBER
    740      -1.1065E+04     3.0673E-01     6.6423E+00     CB         11

 BOND    =      850.8676  ANGLE   =        3.2521  DIHED      =       11.4455
 VDWAALS =     2175.5134  EEL     =   -14151.3783  HBOND      =        0.0000
 1-4 VDW =        2.2913  1-4 EEL =       43.2859  RESTRAINT  =        0.1903
 EAMBER  =   -11064.7226


   NSTEP       ENERGY          RMS            GMAX         NAME    NUMBER
    760      -1.1069E+04     2.9689E-01     6.4547E+00     CB         11

 BOND    =      851.6423  ANGLE   =        3.0666  DIHED      =       11.4552
 VDWAALS =     2177.4906  EEL     =   -14158.3178  HBOND      =        0.0000
 1-4 VDW =        2.2746  1-4 EEL =       43.5575  RESTRAINT  =        0.2052
 EAMBER  =   -11068.8310


   NSTEP       ENERGY          RMS            GMAX         NAME    NUMBER
    780      -1.1083E+04     3.7106E-01     5.3791E+00     O           6

 BOND    =      854.2326  ANGLE   =        2.9804  DIHED      =       11.7327
 VDWAALS =     2195.4286  EEL     =   -14193.2462  HBOND      =        0.0000
 1-4 VDW =        2.1345  1-4 EEL =       43.9359  RESTRAINT  =        0.2205
 EAMBER  =   -11082.8014


   NSTEP       ENERGY          RMS            GMAX         NAME    NUMBER
    800      -1.1093E+04     3.3042E-01     7.2922E+00     C           5

 BOND    =      854.7533  ANGLE   =        2.8830  DIHED      =       11.7830
 VDWAALS =     2193.7776  EEL     =   -14202.3818  HBOND      =        0.0000
 1-4 VDW =        2.0929  1-4 EEL =       44.2706  RESTRAINT  =        0.2376
 EAMBER  =   -11092.8214


   NSTEP       ENERGY          RMS            GMAX         NAME    NUMBER
    820      -1.1099E+04     7.8745E-01     1.9577E+01     C          15

 BOND    =      866.9865  ANGLE   =        3.1283  DIHED      =       12.0475
 VDWAALS =     2201.1763  EEL     =   -14228.9475  HBOND      =        0.0000
 1-4 VDW =        2.1230  1-4 EEL =       43.8402  RESTRAINT  =        0.1830
 EAMBER  =   -11099.6456


   NSTEP       ENERGY          RMS            GMAX         NAME    NUMBER
    840      -1.1112E+04     2.3322E-01     5.1237E+00     HB3        14

 BOND    =      858.5477  ANGLE   =        3.2321  DIHED      =       12.0958
 VDWAALS =     2205.3374  EEL     =   -14237.6754  HBOND      =        0.0000
 1-4 VDW =        2.1992  1-4 EEL =       43.6083  RESTRAINT  =        0.2147
 EAMBER  =   -11112.6549


   NSTEP       ENERGY          RMS            GMAX         NAME    NUMBER
    860      -1.1116E+04     2.4441E-01     5.0098E+00     N          17

 BOND    =      860.5928  ANGLE   =        3.0511  DIHED      =       12.1562
 VDWAALS =     2207.0740  EEL     =   -14244.8408  HBOND      =        0.0000
 1-4 VDW =        2.1892  1-4 EEL =       43.8066  RESTRAINT  =        0.2680
 EAMBER  =   -11115.9709


   NSTEP       ENERGY          RMS            GMAX         NAME    NUMBER
    880      -1.1124E+04     3.6553E-01     1.0216E+01     C           5

 BOND    =      861.3823  ANGLE   =        2.9224  DIHED      =       12.4418
 VDWAALS =     2214.0089  EEL     =   -14261.0040  HBOND      =        0.0000
 1-4 VDW =        2.0804  1-4 EEL =       44.2222  RESTRAINT  =        0.2656
 EAMBER  =   -11123.9461


   NSTEP       ENERGY          RMS            GMAX         NAME    NUMBER
    900      -1.1130E+04     3.1127E-01     7.0343E+00     C           5

 BOND    =      861.8072  ANGLE   =        2.8967  DIHED      =       12.4665
 VDWAALS =     2213.0487  EEL     =   -14267.3180  HBOND      =        0.0000
 1-4 VDW =        2.0595  1-4 EEL =       44.4342  RESTRAINT  =        0.2002
 EAMBER  =   -11130.6051


   NSTEP       ENERGY          RMS            GMAX         NAME    NUMBER
    920      -1.1135E+04     4.4048E-01     1.3653E+01     C           5

 BOND    =      866.7798  ANGLE   =        3.1453  DIHED      =       12.5193
 VDWAALS =     2217.0047  EEL     =   -14280.8635  HBOND      =        0.0000
 1-4 VDW =        2.0881  1-4 EEL =       44.0699  RESTRAINT  =        0.1677
 EAMBER  =   -11135.2563


   NSTEP       ENERGY          RMS            GMAX         NAME    NUMBER
    940      -1.1142E+04     2.5106E-01     6.0350E+00     N          17

 BOND    =      862.7788  ANGLE   =        3.2954  DIHED      =       12.5314
 VDWAALS =     2218.3135  EEL     =   -14284.8386  HBOND      =        0.0000
 1-4 VDW =        2.1676  1-4 EEL =       43.7929  RESTRAINT  =        0.3199
 EAMBER  =   -11141.9589


   NSTEP       ENERGY          RMS            GMAX         NAME    NUMBER
    960      -1.1144E+04     2.0970E-01     5.1471E+00     C           5

 BOND    =      865.4425  ANGLE   =        3.0571  DIHED      =       12.5742
 VDWAALS =     2219.5120  EEL     =   -14291.3828  HBOND      =        0.0000
 1-4 VDW =        2.1494  1-4 EEL =       43.9828  RESTRAINT  =        0.3122
 EAMBER  =   -11144.6648


   NSTEP       ENERGY          RMS            GMAX         NAME    NUMBER
    980      -1.1149E+04     4.1023E-01     1.3347E+01     N          17

 BOND    =      866.9421  ANGLE   =        2.8882  DIHED      =       12.6559
 VDWAALS =     2225.3051  EEL     =   -14303.8350  HBOND      =        0.0000
 1-4 VDW =        2.0794  1-4 EEL =       44.2598  RESTRAINT  =        0.2515
 EAMBER  =   -11149.7045


   NSTEP       ENERGY          RMS            GMAX         NAME    NUMBER
   1000      -1.1154E+04     2.9956E-01     6.7834E+00     C           5

 BOND    =      865.1437  ANGLE   =        2.9909  DIHED      =       12.6912
 VDWAALS =     2225.1332  EEL     =   -14306.7802  HBOND      =        0.0000
 1-4 VDW =        2.0506  1-4 EEL =       44.5015  RESTRAINT  =        0.2483
 EAMBER  =   -11154.2691


  Maximum number of minimization cycles reached.


                    FINAL RESULTS



   NSTEP       ENERGY          RMS            GMAX         NAME    NUMBER
   1000      -1.1154E+04     2.9956E-01     6.7834E+00     C           5

 BOND    =      865.1437  ANGLE   =        2.9909  DIHED      =       12.6912
 VDWAALS =     2225.1332  EEL     =   -14306.7802  HBOND      =        0.0000
 1-4 VDW =        2.0506  1-4 EEL =       44.5015  RESTRAINT  =        0.2483
 EAMBER  =   -11154.2691

--------------------------------------------------------------------------------
   5.  TIMINGS
--------------------------------------------------------------------------------

|                Build the list             0.07 (60.94% of List )
|                Other                      0.04 (39.06% of List )
|             List time                  0.11 ( 0.88% of Nonbo)
|                   Short_ene time             5.02 (96.10% of Direc)
|                   Other                      0.20 ( 3.90% of Direc)
|                Direct Ewald time          5.22 (41.18% of Ewald)
|                Adjust Ewald time          0.03 ( 0.25% of Ewald)
|                Self Ewald time            0.00 ( 0.02% of Ewald)
|                   Fill Bspline coeffs        0.14 ( 2.01% of Recip)
|                   Fill charge grid           0.11 ( 1.52% of Recip)
|                   Scalar sum                 0.53 ( 7.52% of Recip)
|                   Grad sum                   0.26 ( 3.65% of Recip)
|                      FFT back comm time         2.61 (45.74% of FFT t)
|                      Other                      3.09 (54.26% of FFT t)
|                   FFT time                   5.70 (81.37% of Recip)
|                   Other                      0.28 ( 3.93% of Recip)
|                Recip Ewald time           7.01 (55.23% of Ewald)
|                Force Adjust               0.19 ( 1.50% of Ewald)
|                Virial junk                0.22 ( 1.75% of Ewald)
|                Other                      0.01 ( 0.05% of Ewald)
|             Ewald time                12.69 (99.11% of Nonbo)
|             Other                      0.00 ( 0.01% of Nonbo)
|          Nonbond force             12.80 (81.36% of Force)
|          Bond/Angle/Dihedral        0.03 ( 0.19% of Force)
|          FRC Collect time           2.61 (16.59% of Force)
|          Other                      0.29 ( 1.87% of Force)
|       Force time                15.73 (100.0% of Runmd)
|    Runmd Time                15.73 ( 7.39% of Total)
|    Other                    197.26 (92.61% of Total)
| Total time               213.00 (100.0% of ALL  )

| Highest rstack allocated:      38641
| Highest istack allocated:        809
|           Job began  at 15:35:55.913  on 03/14/2017
|           Setup done at 15:35:56.325  on 03/14/2017
|           Run   done at 15:39:28.939  on 03/14/2017
|     wallclock() was called   44070 times
