
          -------------------------------------------------------
          Amber 16 SANDER                              2016
          -------------------------------------------------------

| Run on 03/14/2017 at 15:35:27

|   Executable path: sander.MPI
| Working directory: /home/steboss/projects/mdgx-tests/alanine/IPOLQ/input/PhiPsi_1/75/60
|          Hostname: node005

  [-O]verwriting output

File Assignments:
|  MDIN: min.in                                                                
| MDOUT: Conf60.min.out                                                        
|INPCRD: Conf60.crd                                                            
|  PARM: Conf60.top                                                            
|RESTRT: Conf60.min                                                            
|  REFC: Conf60.crd                                                            
| MDVEL: mdvel                                                                 
| MDFRC: mdfrc                                                                 
|  MDEN: mden                                                                  
| MDCRD: mdcrd                                                                 
|MDINFO: mdinfo                                                                
|  MTMD: mtmd                                                                  
|INPDIP: inpdip                                                                
|RSTDIP: rstdip                                                                
|INPTRA: inptraj                                                               

|    REMLOG: rem.log
|   REMTYPE: rem.type
|  REMSTRIP: 
|   SAVEENE: saveene
|CLUSTERINF: cluster.info
| RESERVOIR: reserv/frame
|   REMDDIM: 


 Here is the input file:

Initial minimization                                                           
 &cntrl                                                                        
  ntx    = 1,       irest  = 0,       ntrx   = 1,      ntxo   = 1,             
  ntpr   = 20,      ntwx   = 0,       ntwv   = 0,      ntwe   = 0,             
                                                                               
  ntf    = 1,       ntb    = 1,                                                
  ntc    = 1,       ntr    = 1,                                                
  restraintmask = ':1',                                                        
  restraint_wt = 100.0,                                                        
  cut    = 9.0,                                                                
                                                                               
  imin   = 1,                                                                  
  maxcyc = 1000,                                                               
  ncyc   = 100,                                                                
                                                                               
 &end                                                                          

--------------------------------------------------------------------------------
   1.  RESOURCE   USE: 
--------------------------------------------------------------------------------

| Flags: MPI                                                                    
 getting new box info from bottom of inpcrd
|  INFO: Old style inpcrd file read

| peek_ewald_inpcrd: Box info found
|Largest sphere to fit in unit cell has radius =    14.372
| New format PARM file being parsed.
| Version =    1.000 Date = 03/14/17 Time = 13:40:40
 NATOM  =    2803 NTYPES =       9 NBONH =    2793 MBONA  =       9
 NTHETH =      25 MTHETA =      11 NPHIH =      43 MPHIA  =      24
 NHPARM =       0 NPARM  =       0 NNB   =    3807 NRES   =     930
 NBONA  =       9 NTHETA =      11 NPHIA =      24 NUMBND =      10
 NUMANG =      16 NPTRA  =      19 NATYP =       9 NPHB   =       1
 IFBOX  =       2 NMXRS  =      10 IFCAP =       0 NEXTRA =       0
 NCOPY  =       0


|     Memory Use     Allocated
|     Real              325239
|     Hollerith           9341
|     Integer            86916
|     Max Pairs         310898
|     nblistReal         33636
|     nblist Int         85811
|       Total             4729 kbytes

| Note: 1-4 EEL scale factors are being read from the topology file.

| Note: 1-4 VDW scale factors are being read from the topology file.
| Duplicated    0 dihedrals
| Duplicated    0 dihedrals

     BOX TYPE: TRUNCATED OCTAHEDRON

--------------------------------------------------------------------------------
   2.  CONTROL  DATA  FOR  THE  RUN
--------------------------------------------------------------------------------

default_name                                                                    

General flags:
     imin    =       1, nmropt  =       0

Nature and format of input:
     ntx     =       1, irest   =       0, ntrx    =       1

Nature and format of output:
     ntxo    =       1, ntpr    =      20, ntrx    =       1, ntwr    =       1
     iwrap   =       0, ntwx    =       0, ntwv    =       0, ntwe    =       0
     ioutfm  =       1, ntwprt  =       0, idecomp =       0, rbornstat=      0

Potential function:
     ntf     =       1, ntb     =       1, igb     =       0, nsnb    =      25
     ipol    =       0, gbsa    =       0, iesp    =       0
     dielc   =   1.00000, cut     =   9.00000, intdiel =   1.00000

Frozen or restrained atoms:
     ibelly  =       0, ntr     =       1
     restraint_wt = 100.00000

Energy minimization:
     maxcyc  =    1000, ncyc    =     100, ntmin   =       1
     dx0     =   0.01000, drms    =   0.00010

Ewald parameters:
     verbose =       0, ew_type =       0, nbflag  =       1, use_pme =       1
     vdwmeth =       1, eedmeth =       1, netfrc  =       0
     Box X =   35.205   Box Y =   35.205   Box Z =   35.205
     Alpha =  109.471   Beta  =  109.471   Gamma =  109.471
     NFFT1 =   36       NFFT2 =   36       NFFT3 =   36
     Cutoff=    9.000   Tol   =0.100E-04
     Ewald Coefficient =  0.30768
     Interpolation order =    4

| MPI Timing options:
|      profile_mpi =        0

    LOADING THE CONSTRAINED ATOMS AS GROUPS


   5.  REFERENCE ATOM COORDINATES

  defa
     Mask :1; matches     6 atoms

--------------------------------------------------------------------------------
   3.  ATOMIC COORDINATES AND VELOCITIES
--------------------------------------------------------------------------------

default_name                                                                    
 begin time read from input coords =     0.000 ps

 Number of triangulated 3-point waters found:      927
|  Atom division among processors:
|         0     352     700    1051    1402    1750    2101    2452
|      2803

     Sum of charges from parm topology file =  -0.00000000
     Forcing neutrality...
|  Running AMBER/MPI version on    8 nodes


--------------------------------------------------------------------------------
   4.  RESULTS
--------------------------------------------------------------------------------

 ---------------------------------------------------
 APPROXIMATING switch and d/dx switch using CUBIC SPLINE INTERPOLATION
 using   5000.0 points per unit in tabled values
 TESTING RELATIVE ERROR over r ranging from 0.0 to cutoff
| CHECK switch(x): max rel err =   0.2738E-14   at   2.422500
| CHECK d/dx switch(x): max rel err =   0.8314E-11   at   2.736960
 ---------------------------------------------------
| Local SIZE OF NONBOND LIST =      84974
| TOTAL SIZE OF NONBOND LIST =     651158


   NSTEP       ENERGY          RMS            GMAX         NAME    NUMBER
      1      -7.7092E+03     1.2466E+01     6.1796E+01     O         293

 BOND    =        0.7163  ANGLE   =        2.0141  DIHED      =       10.4739
 VDWAALS =     1068.7516  EEL     =    -8838.6635  HBOND      =        0.0000
 1-4 VDW =        2.8035  1-4 EEL =       44.7182  RESTRAINT  =        0.0000


   NSTEP       ENERGY          RMS            GMAX         NAME    NUMBER
     20      -8.6107E+03     2.9937E+00     2.6298E+01     O          23

 BOND    =      465.4492  ANGLE   =        2.0452  DIHED      =       10.4143
 VDWAALS =      972.4998  EEL     =   -10108.6182  HBOND      =        0.0000
 1-4 VDW =        2.7722  1-4 EEL =       44.6959  RESTRAINT  =        0.0667
 EAMBER  =    -8610.7414


   NSTEP       ENERGY          RMS            GMAX         NAME    NUMBER
     40      -9.3880E+03     1.5528E+00     1.0917E+01     H1       2334

 BOND    =      549.8190  ANGLE   =        2.0596  DIHED      =       10.3293
 VDWAALS =      993.1568  EEL     =   -10990.9962  HBOND      =        0.0000
 1-4 VDW =        2.7252  1-4 EEL =       44.7145  RESTRAINT  =        0.1565
 EAMBER  =    -9388.1919


   NSTEP       ENERGY          RMS            GMAX         NAME    NUMBER
     60      -9.6030E+03     3.6086E+00     1.2271E+01     H1       1458

 BOND    =      654.8121  ANGLE   =        2.0537  DIHED      =       10.3165
 VDWAALS =     1025.5921  EEL     =   -11343.4596  HBOND      =        0.0000
 1-4 VDW =        2.7086  1-4 EEL =       44.7752  RESTRAINT  =        0.1622
 EAMBER  =    -9603.2014


   NSTEP       ENERGY          RMS            GMAX         NAME    NUMBER
     80      -9.7417E+03     3.9670E+00     1.3278E+01     H1        801

 BOND    =      685.9110  ANGLE   =        2.0332  DIHED      =       10.3206
 VDWAALS =     1057.5771  EEL     =   -11545.2811  HBOND      =        0.0000
 1-4 VDW =        2.7012  1-4 EEL =       44.8567  RESTRAINT  =        0.1665
 EAMBER  =    -9741.8813


   NSTEP       ENERGY          RMS            GMAX         NAME    NUMBER
    100      -9.8704E+03     9.3538E-01     6.3374E+00     H1        798

 BOND    =      581.3898  ANGLE   =        2.0090  DIHED      =       10.3334
 VDWAALS =     1090.2224  EEL     =   -11602.1995  HBOND      =        0.0000
 1-4 VDW =        2.6982  1-4 EEL =       44.9476  RESTRAINT  =        0.1703
 EAMBER  =    -9870.5992


   NSTEP       ENERGY          RMS            GMAX         NAME    NUMBER
    120      -1.0208E+04     9.0265E+00     2.0503E+02     H2       2494

 BOND    =      888.9448  ANGLE   =        1.8774  DIHED      =       10.6837
 VDWAALS =     1563.9190  EEL     =   -12722.6382  HBOND      =        0.0000
 1-4 VDW =        2.7286  1-4 EEL =       46.0792  RESTRAINT  =        0.2334
 EAMBER  =   -10208.4055


   NSTEP       ENERGY          RMS            GMAX         NAME    NUMBER
    140      -1.0461E+04     1.0984E+00     2.0911E+01     H2       2494

 BOND    =      695.3164  ANGLE   =        1.8024  DIHED      =       10.6117
 VDWAALS =     1461.3143  EEL     =   -12679.3465  HBOND      =        0.0000
 1-4 VDW =        2.7288  1-4 EEL =       46.0357  RESTRAINT  =        0.2390
 EAMBER  =   -10461.5371


   NSTEP       ENERGY          RMS            GMAX         NAME    NUMBER
    160      -1.0554E+04     1.4480E+00     2.4635E+01     O        2759

 BOND    =      700.8539  ANGLE   =        1.7861  DIHED      =       10.6226
 VDWAALS =     1471.8127  EEL     =   -12788.0731  HBOND      =        0.0000
 1-4 VDW =        2.7072  1-4 EEL =       46.1078  RESTRAINT  =        0.2362
 EAMBER  =   -10554.1829


   NSTEP       ENERGY          RMS            GMAX         NAME    NUMBER
    180      -1.0686E+04     1.2179E+00     2.1825E+01     O        2492

 BOND    =      759.2401  ANGLE   =        1.4706  DIHED      =       10.7317
 VDWAALS =     1693.5628  EEL     =   -13200.6420  HBOND      =        0.0000
 1-4 VDW =        2.5681  1-4 EEL =       46.3228  RESTRAINT  =        0.3042
 EAMBER  =   -10686.7459


   NSTEP       ENERGY          RMS            GMAX         NAME    NUMBER
    200      -1.0769E+04     1.0288E+00     1.7650E+01     N          17

 BOND    =      745.7613  ANGLE   =        1.8793  DIHED      =       10.7097
 VDWAALS =     1661.4058  EEL     =   -13237.6664  HBOND      =        0.0000
 1-4 VDW =        2.7029  1-4 EEL =       46.1395  RESTRAINT  =        0.2624
 EAMBER  =   -10769.0678


   NSTEP       ENERGY          RMS            GMAX         NAME    NUMBER
    220      -1.0818E+04     1.0713E+00     3.0273E+01     O           6

 BOND    =      756.9980  ANGLE   =        3.6018  DIHED      =       10.6526
 VDWAALS =     1727.0279  EEL     =   -13365.3838  HBOND      =        0.0000
 1-4 VDW =        2.9220  1-4 EEL =       45.9819  RESTRAINT  =        0.6645
 EAMBER  =   -10818.1997


   NSTEP       ENERGY          RMS            GMAX         NAME    NUMBER
    240      -1.0864E+04     6.4373E-01     1.3058E+01     CH3        19

 BOND    =      763.5933  ANGLE   =        1.6267  DIHED      =       10.7567
 VDWAALS =     1746.0729  EEL     =   -13435.1404  HBOND      =        0.0000
 1-4 VDW =        2.6361  1-4 EEL =       46.4596  RESTRAINT  =        0.2957
 EAMBER  =   -10863.9950


   NSTEP       ENERGY          RMS            GMAX         NAME    NUMBER
    260      -1.0906E+04     1.1062E+00     1.7765E+01     C           5

 BOND    =      757.8891  ANGLE   =        1.9169  DIHED      =       10.8493
 VDWAALS =     1774.4124  EEL     =   -13500.5503  HBOND      =        0.0000
 1-4 VDW =        2.5746  1-4 EEL =       46.6784  RESTRAINT  =        0.4992
 EAMBER  =   -10906.2297


   NSTEP       ENERGY          RMS            GMAX         NAME    NUMBER
    280      -1.0940E+04     5.7832E-01     9.7496E+00     O           6

 BOND    =      785.1338  ANGLE   =        1.5573  DIHED      =       10.8060
 VDWAALS =     1831.7123  EEL     =   -13618.6215  HBOND      =        0.0000
 1-4 VDW =        2.5593  1-4 EEL =       46.5667  RESTRAINT  =        0.3520
 EAMBER  =   -10940.2861


   NSTEP       ENERGY          RMS            GMAX         NAME    NUMBER
    300      -1.0979E+04     6.8575E-01     1.8945E+01     CB         11

 BOND    =      793.3829  ANGLE   =        1.8053  DIHED      =       10.8464
 VDWAALS =     1842.2780  EEL     =   -13676.6923  HBOND      =        0.0000
 1-4 VDW =        2.6721  1-4 EEL =       46.1649  RESTRAINT  =        0.2102
 EAMBER  =   -10979.5429


   NSTEP       ENERGY          RMS            GMAX         NAME    NUMBER
    320      -1.1005E+04     8.3448E-01     3.1044E+01     C          15

 BOND    =      788.3862  ANGLE   =        2.9080  DIHED      =       10.9910
 VDWAALS =     1876.1667  EEL     =   -13732.4421  HBOND      =        0.0000
 1-4 VDW =        2.7148  1-4 EEL =       45.9032  RESTRAINT  =        0.3168
 EAMBER  =   -11005.3722


   NSTEP       ENERGY          RMS            GMAX         NAME    NUMBER
    340      -1.1032E+04     6.0111E-01     1.2462E+01     C          15

 BOND    =      801.2555  ANGLE   =        1.4895  DIHED      =       10.8370
 VDWAALS =     1887.7299  EEL     =   -13782.5728  HBOND      =        0.0000
 1-4 VDW =        2.5833  1-4 EEL =       46.5194  RESTRAINT  =        0.1807
 EAMBER  =   -11032.1582


   NSTEP       ENERGY          RMS            GMAX         NAME    NUMBER
    360      -1.1051E+04     6.7337E-01     1.4517E+01     C           5

 BOND    =      792.7526  ANGLE   =        1.6066  DIHED      =       10.8877
 VDWAALS =     1903.4676  EEL     =   -13809.3318  HBOND      =        0.0000
 1-4 VDW =        2.5682  1-4 EEL =       46.6495  RESTRAINT  =        0.1648
 EAMBER  =   -11051.3996


   NSTEP       ENERGY          RMS            GMAX         NAME    NUMBER
    380      -1.1074E+04     5.4982E-01     1.1616E+01     CH3         2

 BOND    =      813.7258  ANGLE   =        1.6045  DIHED      =       10.9594
 VDWAALS =     1942.5858  EEL     =   -13892.6120  HBOND      =        0.0000
 1-4 VDW =        2.5401  1-4 EEL =       46.6544  RESTRAINT  =        0.3036
 EAMBER  =   -11074.5420


   NSTEP       ENERGY          RMS            GMAX         NAME    NUMBER
    400      -1.1098E+04     6.3708E-01     1.3339E+01     C           5

 BOND    =      818.7389  ANGLE   =        1.6460  DIHED      =       10.9055
 VDWAALS =     1954.1898  EEL     =   -13932.3248  HBOND      =        0.0000
 1-4 VDW =        2.5991  1-4 EEL =       46.2661  RESTRAINT  =        0.1614
 EAMBER  =   -11097.9793


   NSTEP       ENERGY          RMS            GMAX         NAME    NUMBER
    420      -1.1116E+04     4.0964E-01     9.1437E+00     C           5

 BOND    =      815.4846  ANGLE   =        1.7789  DIHED      =       10.9149
 VDWAALS =     1970.1526  EEL     =   -13962.8225  HBOND      =        0.0000
 1-4 VDW =        2.6270  1-4 EEL =       46.1299  RESTRAINT  =        0.1816
 EAMBER  =   -11115.7346


   NSTEP       ENERGY          RMS            GMAX         NAME    NUMBER
    440      -1.1138E+04     5.8060E-01     1.2599E+01     C          15

 BOND    =      820.7185  ANGLE   =        1.8203  DIHED      =       10.9993
 VDWAALS =     1988.0850  EEL     =   -14008.1924  HBOND      =        0.0000
 1-4 VDW =        2.5959  1-4 EEL =       45.9272  RESTRAINT  =        0.2680
 EAMBER  =   -11138.0464


   NSTEP       ENERGY          RMS            GMAX         NAME    NUMBER
    460      -1.1179E+04     5.8915E-01     1.5115E+01     CH3         2

 BOND    =      829.8790  ANGLE   =        2.5172  DIHED      =       11.2148
 VDWAALS =     2034.2881  EEL     =   -14106.0503  HBOND      =        0.0000
 1-4 VDW =        2.5454  1-4 EEL =       45.8090  RESTRAINT  =        0.6852
 EAMBER  =   -11179.7967


   NSTEP       ENERGY          RMS            GMAX         NAME    NUMBER
    480      -1.1192E+04     3.4763E-01     6.7846E+00     HH31        1

 BOND    =      832.1345  ANGLE   =        1.8467  DIHED      =       11.0223
 VDWAALS =     2048.8184  EEL     =   -14134.9600  HBOND      =        0.0000
 1-4 VDW =        2.5579  1-4 EEL =       46.5797  RESTRAINT  =        0.1495
 EAMBER  =   -11192.0006


   NSTEP       ENERGY          RMS            GMAX         NAME    NUMBER
    500      -1.1207E+04     6.7165E-01     1.4125E+01     O         701

 BOND    =      839.7084  ANGLE   =        2.1940  DIHED      =       11.2025
 VDWAALS =     2060.1140  EEL     =   -14169.6243  HBOND      =        0.0000
 1-4 VDW =        2.5293  1-4 EEL =       46.8135  RESTRAINT  =        0.1230
 EAMBER  =   -11207.0625


   NSTEP       ENERGY          RMS            GMAX         NAME    NUMBER
    520      -1.1217E+04     4.7075E-01     1.7092E+01     C           5

 BOND    =      835.6345  ANGLE   =        1.6857  DIHED      =       10.9808
 VDWAALS =     2069.8388  EEL     =   -14184.6742  HBOND      =        0.0000
 1-4 VDW =        2.5344  1-4 EEL =       46.4779  RESTRAINT  =        0.0996
 EAMBER  =   -11217.5221


   NSTEP       ENERGY          RMS            GMAX         NAME    NUMBER
    540      -1.1226E+04     3.7845E-01     8.9548E+00     C          15

 BOND    =      841.2966  ANGLE   =        1.7747  DIHED      =       11.0698
 VDWAALS =     2077.2375  EEL     =   -14205.9744  HBOND      =        0.0000
 1-4 VDW =        2.5864  1-4 EEL =       45.7671  RESTRAINT  =        0.2504
 EAMBER  =   -11226.2421


   NSTEP       ENERGY          RMS            GMAX         NAME    NUMBER
    560      -1.1241E+04     5.9206E-01     1.8314E+01     C          15

 BOND    =      838.3521  ANGLE   =        1.6817  DIHED      =       10.9962
 VDWAALS =     2090.2916  EEL     =   -14230.8750  HBOND      =        0.0000
 1-4 VDW =        2.5619  1-4 EEL =       46.1495  RESTRAINT  =        0.1598
 EAMBER  =   -11240.8419


   NSTEP       ENERGY          RMS            GMAX         NAME    NUMBER
    580      -1.1249E+04     2.8609E-01     6.7338E+00     N          17

 BOND    =      842.6379  ANGLE   =        1.7593  DIHED      =       11.0272
 VDWAALS =     2098.2114  EEL     =   -14252.2433  HBOND      =        0.0000
 1-4 VDW =        2.5122  1-4 EEL =       46.5374  RESTRAINT  =        0.0673
 EAMBER  =   -11249.5578


   NSTEP       ENERGY          RMS            GMAX         NAME    NUMBER
    600      -1.1268E+04     6.9536E-01     1.5377E+01     H2       1993

 BOND    =      849.1216  ANGLE   =        1.9964  DIHED      =       11.1705
 VDWAALS =     2123.0249  EEL     =   -14302.9408  HBOND      =        0.0000
 1-4 VDW =        2.5593  1-4 EEL =       46.7995  RESTRAINT  =        0.0595
 EAMBER  =   -11268.2685


   NSTEP       ENERGY          RMS            GMAX         NAME    NUMBER
    620      -1.1280E+04     2.6708E-01     6.1642E+00     C           5

 BOND    =      848.4204  ANGLE   =        1.6050  DIHED      =       10.9733
 VDWAALS =     2128.1998  EEL     =   -14317.6982  HBOND      =        0.0000
 1-4 VDW =        2.5387  1-4 EEL =       46.0572  RESTRAINT  =        0.0891
 EAMBER  =   -11279.9037


   NSTEP       ENERGY          RMS            GMAX         NAME    NUMBER
    640      -1.1286E+04     2.9467E-01     7.5385E+00     CB         11

 BOND    =      851.9447  ANGLE   =        1.7841  DIHED      =       11.0710
 VDWAALS =     2132.7554  EEL     =   -14332.0025  HBOND      =        0.0000
 1-4 VDW =        2.5516  1-4 EEL =       45.7513  RESTRAINT  =        0.2071
 EAMBER  =   -11286.1444


   NSTEP       ENERGY          RMS            GMAX         NAME    NUMBER
    660      -1.1296E+04     4.8606E-01     1.1018E+01     CH3        19

 BOND    =      851.6747  ANGLE   =        1.8744  DIHED      =       11.1046
 VDWAALS =     2143.0121  EEL     =   -14352.5585  HBOND      =        0.0000
 1-4 VDW =        2.5310  1-4 EEL =       45.9207  RESTRAINT  =        0.2004
 EAMBER  =   -11296.4411


   NSTEP       ENERGY          RMS            GMAX         NAME    NUMBER
    680      -1.1303E+04     3.2999E-01     9.0081E+00     C          15

 BOND    =      854.7121  ANGLE   =        1.8130  DIHED      =       11.0614
 VDWAALS =     2150.0037  EEL     =   -14369.5825  HBOND      =        0.0000
 1-4 VDW =        2.4751  1-4 EEL =       46.5137  RESTRAINT  =        0.0541
 EAMBER  =   -11303.0034


   NSTEP       ENERGY          RMS            GMAX         NAME    NUMBER
    700      -1.1311E+04     5.5720E-01     1.3015E+01     C          15

 BOND    =      859.0680  ANGLE   =        1.8963  DIHED      =       11.1042
 VDWAALS =     2158.4438  EEL     =   -14391.1120  HBOND      =        0.0000
 1-4 VDW =        2.5369  1-4 EEL =       46.5830  RESTRAINT  =        0.0598
 EAMBER  =   -11311.4797


   NSTEP       ENERGY          RMS            GMAX         NAME    NUMBER
    720      -1.1318E+04     2.6362E-01     9.2240E+00     C          15

 BOND    =      856.0340  ANGLE   =        1.5454  DIHED      =       10.9994
 VDWAALS =     2161.4153  EEL     =   -14397.0712  HBOND      =        0.0000
 1-4 VDW =        2.5261  1-4 EEL =       46.1684  RESTRAINT  =        0.0544
 EAMBER  =   -11318.3826


   NSTEP       ENERGY          RMS            GMAX         NAME    NUMBER
    740      -1.1323E+04     2.9632E-01     7.6051E+00     CB         11

 BOND    =      859.5802  ANGLE   =        1.8094  DIHED      =       11.0821
 VDWAALS =     2164.6904  EEL     =   -14408.5624  HBOND      =        0.0000
 1-4 VDW =        2.5588  1-4 EEL =       45.6889  RESTRAINT  =        0.1941
 EAMBER  =   -11323.1526


   NSTEP       ENERGY          RMS            GMAX         NAME    NUMBER
    760      -1.1332E+04     4.7834E-01     1.2428E+01     C          15

 BOND    =      859.3915  ANGLE   =        1.8629  DIHED      =       11.1104
 VDWAALS =     2171.2044  EEL     =   -14424.0449  HBOND      =        0.0000
 1-4 VDW =        2.5491  1-4 EEL =       45.8059  RESTRAINT  =        0.1744
 EAMBER  =   -11332.1206


   NSTEP       ENERGY          RMS            GMAX         NAME    NUMBER
    780      -1.1337E+04     3.9026E-01     1.1562E+01     C          15

 BOND    =      861.3134  ANGLE   =        1.7784  DIHED      =       11.0382
 VDWAALS =     2175.4574  EEL     =   -14435.6754  HBOND      =        0.0000
 1-4 VDW =        2.4681  1-4 EEL =       46.3910  RESTRAINT  =        0.0392
 EAMBER  =   -11337.2289


   NSTEP       ENERGY          RMS            GMAX         NAME    NUMBER
    800      -1.1345E+04     4.9082E-01     1.2022E+01     CH3         2

 BOND    =      864.7860  ANGLE   =        1.7637  DIHED      =       11.1056
 VDWAALS =     2182.7432  EEL     =   -14454.2635  HBOND      =        0.0000
 1-4 VDW =        2.5304  1-4 EEL =       46.5223  RESTRAINT  =        0.0498
 EAMBER  =   -11344.8123


   NSTEP       ENERGY          RMS            GMAX         NAME    NUMBER
    820      -1.1351E+04     2.2828E-01     4.6980E+00     C          15

 BOND    =      862.2739  ANGLE   =        1.5487  DIHED      =       11.0182
 VDWAALS =     2184.6607  EEL     =   -14458.9381  HBOND      =        0.0000
 1-4 VDW =        2.5003  1-4 EEL =       46.1997  RESTRAINT  =        0.0422
 EAMBER  =   -11350.7367


   NSTEP       ENERGY          RMS            GMAX         NAME    NUMBER
    840      -1.1355E+04     2.8016E-01     6.4104E+00     CB         11

 BOND    =      865.5835  ANGLE   =        1.8252  DIHED      =       11.0809
 VDWAALS =     2187.1676  EEL     =   -14468.6340  HBOND      =        0.0000
 1-4 VDW =        2.5514  1-4 EEL =       45.7059  RESTRAINT  =        0.1694
 EAMBER  =   -11354.7194


   NSTEP       ENERGY          RMS            GMAX         NAME    NUMBER
    860      -1.1363E+04     4.8869E-01     1.4064E+01     C          15

 BOND    =      865.3631  ANGLE   =        1.9171  DIHED      =       11.1079
 VDWAALS =     2192.7518  EEL     =   -14482.9829  HBOND      =        0.0000
 1-4 VDW =        2.5626  1-4 EEL =       45.7717  RESTRAINT  =        0.1422
 EAMBER  =   -11363.5087


   NSTEP       ENERGY          RMS            GMAX         NAME    NUMBER
    880      -1.1368E+04     3.8409E-01     9.0887E+00     N          17

 BOND    =      866.9095  ANGLE   =        1.7890  DIHED      =       11.0268
 VDWAALS =     2195.6133  EEL     =   -14492.1230  HBOND      =        0.0000
 1-4 VDW =        2.4675  1-4 EEL =       46.3338  RESTRAINT  =        0.0337
 EAMBER  =   -11367.9831


   NSTEP       ENERGY          RMS            GMAX         NAME    NUMBER
    900      -1.1376E+04     6.1184E-01     1.9322E+01     N          17

 BOND    =      871.3510  ANGLE   =        1.7384  DIHED      =       11.1153
 VDWAALS =     2204.2393  EEL     =   -14513.3327  HBOND      =        0.0000
 1-4 VDW =        2.5184  1-4 EEL =       46.4939  RESTRAINT  =        0.0401
 EAMBER  =   -11375.8765


   NSTEP       ENERGY          RMS            GMAX         NAME    NUMBER
    920      -1.1383E+04     2.0744E-01     4.6384E+00     CB         11

 BOND    =      868.4056  ANGLE   =        1.5964  DIHED      =       11.0079
 VDWAALS =     2205.4422  EEL     =   -14517.9336  HBOND      =        0.0000
 1-4 VDW =        2.4948  1-4 EEL =       46.1969  RESTRAINT  =        0.0370
 EAMBER  =   -11382.7898


   NSTEP       ENERGY          RMS            GMAX         NAME    NUMBER
    940      -1.1385E+04     4.0788E-01     1.2488E+01     C          15

 BOND    =      870.9702  ANGLE   =        1.8779  DIHED      =       11.0903
 VDWAALS =     2207.8881  EEL     =   -14525.7471  HBOND      =        0.0000
 1-4 VDW =        2.5397  1-4 EEL =       45.7710  RESTRAINT  =        0.1584
 EAMBER  =   -11385.6100


   NSTEP       ENERGY          RMS            GMAX         NAME    NUMBER
    960      -1.1400E+04     5.3526E-01     1.8179E+01     C          15

 BOND    =      875.2275  ANGLE   =        2.4136  DIHED      =       11.3462
 VDWAALS =     2220.3502  EEL     =   -14557.1516  HBOND      =        0.0000
 1-4 VDW =        2.5116  1-4 EEL =       45.6084  RESTRAINT  =        0.1793
 EAMBER  =   -11399.6941


   NSTEP       ENERGY          RMS            GMAX         NAME    NUMBER
    980      -1.1404E+04     3.0637E-01     8.5653E+00     CA          9

 BOND    =      873.8433  ANGLE   =        1.6747  DIHED      =       11.0225
 VDWAALS =     2223.4409  EEL     =   -14563.0143  HBOND      =        0.0000
 1-4 VDW =        2.5022  1-4 EEL =       46.2176  RESTRAINT  =        0.0275
 EAMBER  =   -11404.3131


   NSTEP       ENERGY          RMS            GMAX         NAME    NUMBER
   1000      -1.1410E+04     3.1181E-01     8.8606E+00     C          15

 BOND    =      875.0809  ANGLE   =        1.5697  DIHED      =       11.1303
 VDWAALS =     2230.2389  EEL     =   -14576.8498  HBOND      =        0.0000
 1-4 VDW =        2.4855  1-4 EEL =       46.5561  RESTRAINT  =        0.0171
 EAMBER  =   -11409.7883


  Maximum number of minimization cycles reached.


                    FINAL RESULTS



   NSTEP       ENERGY          RMS            GMAX         NAME    NUMBER
   1000      -1.1410E+04     3.1181E-01     8.8606E+00     C          15

 BOND    =      875.0809  ANGLE   =        1.5697  DIHED      =       11.1303
 VDWAALS =     2230.2389  EEL     =   -14576.8498  HBOND      =        0.0000
 1-4 VDW =        2.4855  1-4 EEL =       46.5561  RESTRAINT  =        0.0171
 EAMBER  =   -11409.7883

--------------------------------------------------------------------------------
   5.  TIMINGS
--------------------------------------------------------------------------------

|                Build the list             0.08 (60.18% of List )
|                Other                      0.05 (39.82% of List )
|             List time                  0.13 ( 0.94% of Nonbo)
|                   Short_ene time             5.73 (96.23% of Direc)
|                   Other                      0.22 ( 3.77% of Direc)
|                Direct Ewald time          5.96 (43.40% of Ewald)
|                Adjust Ewald time          0.04 ( 0.29% of Ewald)
|                Self Ewald time            0.01 ( 0.07% of Ewald)
|                   Fill Bspline coeffs        0.16 ( 2.31% of Recip)
|                   Fill charge grid           0.13 ( 1.87% of Recip)
|                   Scalar sum                 0.61 ( 8.69% of Recip)
|                   Grad sum                   0.31 ( 4.46% of Recip)
|                      FFT back comm time         2.39 (42.97% of FFT t)
|                      Other                      3.17 (57.03% of FFT t)
|                   FFT time                   5.56 (79.16% of Recip)
|                   Other                      0.25 ( 3.51% of Recip)
|                Recip Ewald time           7.02 (51.12% of Ewald)
|                Force Adjust               0.56 ( 4.05% of Ewald)
|                Virial junk                0.14 ( 1.02% of Ewald)
|                Start synchronizatio       0.00 ( 0.01% of Ewald)
|                Other                      0.01 ( 0.04% of Ewald)
|             Ewald time                13.73 (99.05% of Nonbo)
|             Other                      0.00 ( 0.01% of Nonbo)
|          Nonbond force             13.86 (80.59% of Force)
|          Bond/Angle/Dihedral        0.03 ( 0.18% of Force)
|          FRC Collect time           2.78 (16.14% of Force)
|          Other                      0.53 ( 3.09% of Force)
|       Force time                17.20 (100.0% of Runmd)
|    Runmd Time                17.20 ( 7.93% of Total)
|    Other                    199.52 (92.06% of Total)
| Total time               216.72 (100.0% of ALL  )

| Highest rstack allocated:      39208
| Highest istack allocated:        830
|           Job began  at 15:35:27.679  on 03/14/2017
|           Setup done at 15:35:27.861  on 03/14/2017
|           Run   done at 15:39:04.398  on 03/14/2017
|     wallclock() was called   44068 times
