
          -------------------------------------------------------
          Amber 16 SANDER                              2016
          -------------------------------------------------------

| Run on 03/14/2017 at 14:43:51

|   Executable path: sander.MPI
| Working directory: /home/steboss/projects/mdgx-tests/alanine/IPOLQ/input/PhiPsi_1/255/180
|          Hostname: node002

  [-O]verwriting output

File Assignments:
|  MDIN: equil.in                                                              
| MDOUT: Conf180.eq.out                                                        
|INPCRD: Conf180.min                                                           
|  PARM: Conf180.top                                                           
|RESTRT: Conf180.rst                                                           
|  REFC: Conf180.crd                                                           
| MDVEL: mdvel                                                                 
| MDFRC: mdfrc                                                                 
|  MDEN: mden                                                                  
| MDCRD: mdcrd                                                                 
|MDINFO: mdinfo                                                                
|  MTMD: mtmd                                                                  
|INPDIP: inpdip                                                                
|RSTDIP: rstdip                                                                
|INPTRA: inptraj                                                               

|    REMLOG: rem.log
|   REMTYPE: rem.type
|  REMSTRIP: 
|   SAVEENE: saveene
|CLUSTERINF: cluster.info
| RESERVOIR: reserv/frame
|   REMDDIM: 


 Here is the input file:

Equilibrate water in NPT                                                       
 &cntrl                                                                        
                                                                               
  nmropt = 0,                                                                  
  ntx    = 1,       irest  = 0,       ntrx   = 1,      ntxo   = 1,             
  ntpr   = 1000,    ntwx   = 1000,    ntwv   = 0,      ntwe   = 1000,          
  iwrap  = 0,       ioutfm = 1,                                                
                                                                               
  ntf    = 2,       ntb    = 2,                                                
  cut = 9.0,                                                                   
                                                                               
  ibelly = 0,       ntr    = 1,                                                
  restraintmask = ':1',                                                        
  restraint_wt = 100.0,                                                        
                                                                               
  imin   = 0,                                                                  
  nstlim = 10000,                                                              
  nscm   = 1000,                                                               
  t      = 0.0,     dt     = 0.002,                                            
                                                                               
  temp0     = 298.0,   tempi  = 0.0,                                           
  ig        = -1,                                                              
  ntt       = 3,                                                               
  gamma_ln  = 3.0,                                                             
                                                                               
  ntp    = 1,       pres0  = 1.0,     comp   = 44.6,                           
  taup   = 1.0,                                                                
                                                                               
  ntc    = 2,       tol    = 0.000001, watnam = 'WAT ',                        
                                                                               
 &end                                                                          

--------------------------------------------------------------------------------
   1.  RESOURCE   USE: 
--------------------------------------------------------------------------------

| Flags: MPI                                                                    
 getting new box info from bottom of inpcrd
|  INFO: Old style inpcrd file read

| peek_ewald_inpcrd: Box info found
|Largest sphere to fit in unit cell has radius =    14.793
| New format PARM file being parsed.
| Version =    1.000 Date = 03/14/17 Time = 13:39:15
 NATOM  =    3040 NTYPES =       9 NBONH =    3030 MBONA  =       9
 NTHETH =      25 MTHETA =      11 NPHIH =      43 MPHIA  =      24
 NHPARM =       0 NPARM  =       0 NNB   =    4123 NRES   =    1009
 NBONA  =       9 NTHETA =      11 NPHIA =      24 NUMBND =      10
 NUMANG =      16 NPTRA  =      19 NATYP =       9 NPHB   =       1
 IFBOX  =       2 NMXRS  =      10 IFCAP =       0 NEXTRA =       0
 NCOPY  =       0


|     Memory Use     Allocated
|     Real              308704
|     Hollerith          10131
|     Integer            92288
|     Max Pairs         337186
|     nblistReal         36480
|     nblist Int        101272
|       Total             4809 kbytes

| Note: 1-4 EEL scale factors are being read from the topology file.

| Note: 1-4 VDW scale factors are being read from the topology file.
| Duplicated    0 dihedrals
| Duplicated    0 dihedrals

     BOX TYPE: TRUNCATED OCTAHEDRON
Note: ig = -1. Setting random seed to   863607 based on wallclock time in microseconds
      and disabling the synchronization of random numbers between tasks
      to improve performance.

--------------------------------------------------------------------------------
   2.  CONTROL  DATA  FOR  THE  RUN
--------------------------------------------------------------------------------

default_name                                                                    

General flags:
     imin    =       0, nmropt  =       0

Nature and format of input:
     ntx     =       1, irest   =       0, ntrx    =       1

Nature and format of output:
     ntxo    =       1, ntpr    =    1000, ntrx    =       1, ntwr    =   10000
     iwrap   =       0, ntwx    =    1000, ntwv    =       0, ntwe    =    1000
     ioutfm  =       1, ntwprt  =       0, idecomp =       0, rbornstat=      0

Potential function:
     ntf     =       2, ntb     =       2, igb     =       0, nsnb    =      25
     ipol    =       0, gbsa    =       0, iesp    =       0
     dielc   =   1.00000, cut     =   9.00000, intdiel =   1.00000

Frozen or restrained atoms:
     ibelly  =       0, ntr     =       1
     restraint_wt = 100.00000

Molecular dynamics:
     nstlim  =     10000, nscm    =         0, nrespa  =         1
     t       =   0.00000, dt      =   0.00200, vlimit  =  20.00000

Langevin dynamics temperature regulation:
     ig      =  863607
     temp0   = 298.00000, tempi   =   0.00000, gamma_ln=   3.00000

Pressure regulation:
     ntp     =       1
     pres0   =   1.00000, comp    =  44.60000, taup    =   1.00000

SHAKE:
     ntc     =       2, jfastw  =       0
     tol     =   0.00000

Ewald parameters:
     verbose =       0, ew_type =       0, nbflag  =       1, use_pme =       1
     vdwmeth =       1, eedmeth =       1, netfrc  =       1
     Box X =   36.235   Box Y =   36.235   Box Z =   36.235
     Alpha =  109.471   Beta  =  109.471   Gamma =  109.471
     NFFT1 =   36       NFFT2 =   36       NFFT3 =   36
     Cutoff=    9.000   Tol   =0.100E-04
     Ewald Coefficient =  0.30768
     Interpolation order =    4

| MPI Timing options:
|      profile_mpi =        0

    LOADING THE CONSTRAINED ATOMS AS GROUPS


   5.  REFERENCE ATOM COORDINATES

  defa
     Mask :1; matches     6 atoms

--------------------------------------------------------------------------------
   3.  ATOMIC COORDINATES AND VELOCITIES
--------------------------------------------------------------------------------

defa                                                                            
 begin time read from input coords =     0.000 ps

 Number of triangulated 3-point waters found:     1006
|  Atom division among processors:
|         0     382     763    1144    1525    1903    2284    2662
|      3040

     Sum of charges from parm topology file =  -0.00000000
     Forcing neutrality...
|  Running AMBER/MPI version on    8 nodes


--------------------------------------------------------------------------------
   4.  RESULTS
--------------------------------------------------------------------------------

|  # of SOLUTE  degrees of freedom (RNDFP):    6090.
|  # of SOLVENT degrees of freedom (RNDFS):       0.
|  NDFMIN =    6090.     NUM_NOSHAKE =      0     CORRECTED RNDFP =    6090.
|  TOTAL # of degrees of freedom (RNDF) =    6090.
 ---------------------------------------------------
 APPROXIMATING switch and d/dx switch using CUBIC SPLINE INTERPOLATION
 using   5000.0 points per unit in tabled values
 TESTING RELATIVE ERROR over r ranging from 0.0 to cutoff
| CHECK switch(x): max rel err =   0.2738E-14   at   2.422500
| CHECK d/dx switch(x): max rel err =   0.8314E-11   at   2.736960
 ---------------------------------------------------
| Local SIZE OF NONBOND LIST =      98418
| TOTAL SIZE OF NONBOND LIST =     704768

 NSTEP =        0   TIME(PS) =       0.000  TEMP(K) =     0.00  PRESS = -5450.0
 Etot   =    -13245.7560  EKtot   =         0.0000  EPtot      =    -13245.7560
 BOND   =         0.6407  ANGLE   =         1.3624  DIHED      =         9.2612
 1-4 NB =         2.6226  1-4 EEL =        46.2073  VDWAALS    =      2316.4584
 EELEC  =    -15622.5426  EHBOND  =         0.0000  RESTRAINT  =         0.2340
 EAMBER (non-restraint)  =    -13245.9900
 EKCMT  =         0.0000  VIRIAL  =      4309.5524  VOLUME     =     36623.2515
                                                    Density    =         0.8283
 Ewald error estimate:   0.1602E-03
 ------------------------------------------------------------------------------


 NSTEP =     1000   TIME(PS) =       2.000  TEMP(K) =   294.83  PRESS =  -532.5
 Etot   =     -7726.2262  EKtot   =      1784.0092  EPtot      =     -9510.2353
 BOND   =         2.8647  ANGLE   =         6.4346  DIHED      =         9.1240
 1-4 NB =         3.4436  1-4 EEL =        45.8516  VDWAALS    =      1436.8102
 EELEC  =    -11016.6982  EHBOND  =         0.0000  RESTRAINT  =         1.9342
 EAMBER (non-restraint)  =     -9512.1696
 EKCMT  =       916.1547  VIRIAL  =      1300.4590  VOLUME     =     33426.6144
                                                    Density    =         0.9075
 Ewald error estimate:   0.6291E-05
 ------------------------------------------------------------------------------


 NSTEP =     2000   TIME(PS) =       4.000  TEMP(K) =   295.10  PRESS =  -303.3
 Etot   =     -7729.2291  EKtot   =      1785.6249  EPtot      =     -9514.8540
 BOND   =         3.0480  ANGLE   =         9.5939  DIHED      =        12.2967
 1-4 NB =         3.5162  1-4 EEL =        46.8460  VDWAALS    =      1408.0519
 EELEC  =    -11002.7629  EHBOND  =         0.0000  RESTRAINT  =         4.5563
 EAMBER (non-restraint)  =     -9519.4103
 EKCMT  =       872.4255  VIRIAL  =      1081.2388  VOLUME     =     31889.4147
                                                    Density    =         0.9513
 Ewald error estimate:   0.9065E-04
 ------------------------------------------------------------------------------


 NSTEP =     3000   TIME(PS) =       6.000  TEMP(K) =   298.32  PRESS =  -278.3
 Etot   =     -7855.4858  EKtot   =      1805.1635  EPtot      =     -9660.6493
 BOND   =         4.1500  ANGLE   =        10.7365  DIHED      =        11.7661
 1-4 NB =         2.8632  1-4 EEL =        43.6872  VDWAALS    =      1434.2568
 EELEC  =    -11172.4532  EHBOND  =         0.0000  RESTRAINT  =         4.3440
 EAMBER (non-restraint)  =     -9664.9933
 EKCMT  =       890.7971  VIRIAL  =      1078.7598  VOLUME     =     31281.8769
                                                    Density    =         0.9698
 Ewald error estimate:   0.1073E-03
 ------------------------------------------------------------------------------


 NSTEP =     4000   TIME(PS) =       8.000  TEMP(K) =   285.03  PRESS =   401.8
 Etot   =     -7892.7707  EKtot   =      1724.7375  EPtot      =     -9617.5082
 BOND   =         2.2448  ANGLE   =         9.2810  DIHED      =         8.9306
 1-4 NB =         2.5925  1-4 EEL =        46.0496  VDWAALS    =      1504.7255
 EELEC  =    -11195.5536  EHBOND  =         0.0000  RESTRAINT  =         4.2214
 EAMBER (non-restraint)  =     -9621.7296
 EKCMT  =       841.4713  VIRIAL  =       572.9430  VOLUME     =     30954.8470
                                                    Density    =         0.9800
 Ewald error estimate:   0.1074E-03
 ------------------------------------------------------------------------------


 NSTEP =     5000   TIME(PS) =      10.000  TEMP(K) =   296.66  PRESS =  -260.2
 Etot   =     -7908.5572  EKtot   =      1795.0997  EPtot      =     -9703.6569
 BOND   =         5.5720  ANGLE   =        11.9094  DIHED      =        14.6474
 1-4 NB =         4.3070  1-4 EEL =        45.4995  VDWAALS    =      1417.4299
 EELEC  =    -11206.0043  EHBOND  =         0.0000  RESTRAINT  =         2.9822
 EAMBER (non-restraint)  =     -9706.6392
 EKCMT  =       915.9578  VIRIAL  =      1088.5270  VOLUME     =     30714.1726
                                                    Density    =         0.9877
 Ewald error estimate:   0.3025E-03
 ------------------------------------------------------------------------------


 NSTEP =     6000   TIME(PS) =      12.000  TEMP(K) =   288.24  PRESS =  -149.0
 Etot   =     -7871.0191  EKtot   =      1744.1481  EPtot      =     -9615.1671
 BOND   =         3.5937  ANGLE   =         7.8542  DIHED      =        14.0549
 1-4 NB =         3.3759  1-4 EEL =        44.5217  VDWAALS    =      1395.5616
 EELEC  =    -11085.9362  EHBOND  =         0.0000  RESTRAINT  =         1.8071
 EAMBER (non-restraint)  =     -9616.9743
 EKCMT  =       887.0114  VIRIAL  =       986.2815  VOLUME     =     30847.6504
                                                    Density    =         0.9834
 Ewald error estimate:   0.8386E-04
 ------------------------------------------------------------------------------


 NSTEP =     7000   TIME(PS) =      14.000  TEMP(K) =   308.27  PRESS =    77.8
 Etot   =     -7753.3803  EKtot   =      1865.3684  EPtot      =     -9618.7487
 BOND   =         2.9424  ANGLE   =         9.1309  DIHED      =        11.8055
 1-4 NB =         2.7840  1-4 EEL =        45.5696  VDWAALS    =      1420.3019
 EELEC  =    -11115.5673  EHBOND  =         0.0000  RESTRAINT  =         4.2842
 EAMBER (non-restraint)  =     -9623.0329
 EKCMT  =       948.2824  VIRIAL  =       896.5532  VOLUME     =     30808.9683
                                                    Density    =         0.9846
 Ewald error estimate:   0.1672E-03
 ------------------------------------------------------------------------------


 NSTEP =     8000   TIME(PS) =      16.000  TEMP(K) =   301.85  PRESS =  -104.7
 Etot   =     -7836.5561  EKtot   =      1826.4940  EPtot      =     -9663.0501
 BOND   =         3.4562  ANGLE   =         6.8324  DIHED      =        13.3158
 1-4 NB =         3.1651  1-4 EEL =        46.3346  VDWAALS    =      1430.6594
 EELEC  =    -11168.2779  EHBOND  =         0.0000  RESTRAINT  =         1.4643
 EAMBER (non-restraint)  =     -9664.5144
 EKCMT  =       883.1228  VIRIAL  =       953.1040  VOLUME     =     30957.5690
                                                    Density    =         0.9799
 Ewald error estimate:   0.1981E-03
 ------------------------------------------------------------------------------


 NSTEP =     9000   TIME(PS) =      18.000  TEMP(K) =   296.52  PRESS =    60.1
 Etot   =     -7828.6789  EKtot   =      1794.2522  EPtot      =     -9622.9311
 BOND   =         3.0603  ANGLE   =         5.1788  DIHED      =        11.2837
 1-4 NB =         3.0869  1-4 EEL =        48.0382  VDWAALS    =      1445.9053
 EELEC  =    -11141.9917  EHBOND  =         0.0000  RESTRAINT  =         2.5074
 EAMBER (non-restraint)  =     -9625.4385
 EKCMT  =       888.5484  VIRIAL  =       848.4064  VOLUME     =     30918.6005
                                                    Density    =         0.9811
 Ewald error estimate:   0.7752E-05
 ------------------------------------------------------------------------------


 NSTEP =    10000   TIME(PS) =      20.000  TEMP(K) =   297.88  PRESS =   257.8
 Etot   =     -7820.9700  EKtot   =      1802.4531  EPtot      =     -9623.4230
 BOND   =         2.3225  ANGLE   =         5.6000  DIHED      =        10.1644
 1-4 NB =         2.9227  1-4 EEL =        48.8712  VDWAALS    =      1453.6497
 EELEC  =    -11150.3919  EHBOND  =         0.0000  RESTRAINT  =         3.4385
 EAMBER (non-restraint)  =     -9626.8615
 EKCMT  =       900.4630  VIRIAL  =       728.1836  VOLUME     =     30956.2879
                                                    Density    =         0.9800
 Ewald error estimate:   0.8479E-04
 ------------------------------------------------------------------------------


      A V E R A G E S   O V E R   10000 S T E P S


 NSTEP =    10000   TIME(PS) =      20.000  TEMP(K) =   292.03  PRESS =  -187.4
 Etot   =     -7895.3196  EKtot   =      1767.0696  EPtot      =     -9662.3892
 BOND   =         3.0978  ANGLE   =         8.3373  DIHED      =        11.3847
 1-4 NB =         3.1643  1-4 EEL =        45.2763  VDWAALS    =      1451.6415
 EELEC  =    -11188.5985  EHBOND  =         0.0000  RESTRAINT  =         3.3075
 EAMBER (non-restraint)  =     -9665.6967
 EKCMT  =       880.9928  VIRIAL  =      1017.4663  VOLUME     =     31528.5600
                                                    Density    =         0.9635
 Ewald error estimate:   0.1786E-03
 ------------------------------------------------------------------------------


      R M S  F L U C T U A T I O N S


 NSTEP =    10000   TIME(PS) =      20.000  TEMP(K) =    26.05  PRESS =   452.2
 Etot   =       333.6523  EKtot   =       157.6576  EPtot      =       182.7894
 BOND   =         1.4549  ANGLE   =         2.3329  DIHED      =         1.3981
 1-4 NB =         0.6861  1-4 EEL =         2.0473  VDWAALS    =        86.5365
 EELEC  =       259.8551  EHBOND  =         0.0000  RESTRAINT  =         1.3424
 EAMBER (non-restraint)  =       181.4469
 EKCMT  =        76.9540  VIRIAL  =       291.1999  VOLUME     =      1205.6403
                                                    Density    =         0.0341
 Ewald error estimate:   0.1327E-03
 ------------------------------------------------------------------------------


--------------------------------------------------------------------------------
   5.  TIMINGS
--------------------------------------------------------------------------------

|>>>>>>>>PROFILE of Average TIMES>>>>>>>>> 
|                Build the list            14.69 (96.92% of List )
|                Other                      0.47 ( 3.08% of List )
|             List time                 15.16 (10.84% of Nonbo)
|                   Short_ene time            84.87 (96.08% of Direc)
|                   Other                      3.46 ( 3.92% of Direc)
|                Direct Ewald time         88.33 (70.83% of Ewald)
|                Adjust Ewald time          0.53 ( 0.42% of Ewald)
|                Self Ewald time            0.01 ( 0.01% of Ewald)
|                   Fill Bspline coeffs        2.03 ( 6.97% of Recip)
|                   Fill charge grid           2.10 ( 7.22% of Recip)
|                   Scalar sum                 7.73 (26.52% of Recip)
|                   Grad sum                   3.75 (12.87% of Recip)
|                      FFT back comm time         3.97 (31.45% of FFT t)
|                      Other                      8.65 (68.55% of FFT t)
|                   FFT time                  12.62 (43.30% of Recip)
|                   Other                      0.91 ( 3.14% of Recip)
|                Recip Ewald time          29.15 (23.37% of Ewald)
|                Force Adjust               5.95 ( 4.77% of Ewald)
|                Virial junk                0.67 ( 0.54% of Ewald)
|                Other                      0.07 ( 0.06% of Ewald)
|             Ewald time               124.71 (89.15% of Nonbo)
|             Other                      0.01 ( 0.01% of Nonbo)
|          Nonbond force            139.89 (97.85% of Force)
|          Bond/Angle/Dihedral        0.25 ( 0.17% of Force)
|          FRC Collect time           2.41 ( 1.69% of Force)
|          Other                      0.42 ( 0.29% of Force)
|       Force time               142.97 (90.79% of Runmd)
|       Shake time                 0.62 ( 0.39% of Runmd)
|       Verlet update time         6.23 ( 3.96% of Runmd)
|       Ekcmr time                 3.19 ( 2.03% of Runmd)
|       CRD distribute time        1.91 ( 1.21% of Runmd)
|       Other                      2.55 ( 1.62% of Runmd)
|    Runmd Time               157.47 (100.0% of Total)
|    Other                      0.14 ( 0.09% of Total)
| Total time               157.61 (100.0% of ALL  )

| Number of list builds   :        904

| Highest rstack allocated:      41098
| Highest istack allocated:        900

| Final Performance Info:
| -----------------------------------------------------
| Average timings for all steps:
|     Elapsed(s) =     157.72 Per Step(ms) =      15.77
|         ns/day =      10.96   seconds/ns =    7886.07
| -----------------------------------------------------

|           Job began  at 14:43:51.817  on 03/14/2017
|           Setup done at 14:43:51.960  on 03/14/2017
|           Run   done at 14:46:29.555  on 03/14/2017
|     wallclock() was called  571875 times
