
          -------------------------------------------------------
          Amber 16 SANDER                              2016
          -------------------------------------------------------

| Run on 03/14/2017 at 14:09:39

|   Executable path: sander.MPI
| Working directory: /home/steboss/projects/mdgx-tests/alanine/IPOLQ/input/PhiPsi_1/165/30
|          Hostname: node011

  [-O]verwriting output

File Assignments:
|  MDIN: min.in                                                                
| MDOUT: Conf30.min.out                                                        
|INPCRD: Conf30.crd                                                            
|  PARM: Conf30.top                                                            
|RESTRT: Conf30.min                                                            
|  REFC: Conf30.crd                                                            
| MDVEL: mdvel                                                                 
| MDFRC: mdfrc                                                                 
|  MDEN: mden                                                                  
| MDCRD: mdcrd                                                                 
|MDINFO: mdinfo                                                                
|  MTMD: mtmd                                                                  
|INPDIP: inpdip                                                                
|RSTDIP: rstdip                                                                
|INPTRA: inptraj                                                               

|    REMLOG: rem.log
|   REMTYPE: rem.type
|  REMSTRIP: 
|   SAVEENE: saveene
|CLUSTERINF: cluster.info
| RESERVOIR: reserv/frame
|   REMDDIM: 


 Here is the input file:

Initial minimization                                                           
 &cntrl                                                                        
  ntx    = 1,       irest  = 0,       ntrx   = 1,      ntxo   = 1,             
  ntpr   = 20,      ntwx   = 0,       ntwv   = 0,      ntwe   = 0,             
                                                                               
  ntf    = 1,       ntb    = 1,                                                
  ntc    = 1,       ntr    = 1,                                                
  restraintmask = ':1',                                                        
  restraint_wt = 100.0,                                                        
  cut    = 9.0,                                                                
                                                                               
  imin   = 1,                                                                  
  maxcyc = 1000,                                                               
  ncyc   = 100,                                                                
                                                                               
 &end                                                                          

--------------------------------------------------------------------------------
   1.  RESOURCE   USE: 
--------------------------------------------------------------------------------

| Flags: MPI                                                                    
 getting new box info from bottom of inpcrd
|  INFO: Old style inpcrd file read

| peek_ewald_inpcrd: Box info found
|Largest sphere to fit in unit cell has radius =    14.554
| New format PARM file being parsed.
| Version =    1.000 Date = 03/14/17 Time = 13:38:28
 NATOM  =    2902 NTYPES =       9 NBONH =    2892 MBONA  =       9
 NTHETH =      25 MTHETA =      11 NPHIH =      43 MPHIA  =      24
 NHPARM =       0 NPARM  =       0 NNB   =    3939 NRES   =     963
 NBONA  =       9 NTHETA =      11 NPHIA =      24 NUMBND =      10
 NUMANG =      16 NPTRA  =      19 NATYP =       9 NPHB   =       1
 IFBOX  =       2 NMXRS  =      10 IFCAP =       0 NEXTRA =       0
 NCOPY  =       0


|     Memory Use     Allocated
|     Real              333654
|     Hollerith           9671
|     Integer            89160
|     Max Pairs         321880
|     nblistReal         34824
|     nblist Int         88121
|       Total             4866 kbytes

| Note: 1-4 EEL scale factors are being read from the topology file.

| Note: 1-4 VDW scale factors are being read from the topology file.
| Duplicated    0 dihedrals
| Duplicated    0 dihedrals

     BOX TYPE: TRUNCATED OCTAHEDRON

--------------------------------------------------------------------------------
   2.  CONTROL  DATA  FOR  THE  RUN
--------------------------------------------------------------------------------

default_name                                                                    

General flags:
     imin    =       1, nmropt  =       0

Nature and format of input:
     ntx     =       1, irest   =       0, ntrx    =       1

Nature and format of output:
     ntxo    =       1, ntpr    =      20, ntrx    =       1, ntwr    =       1
     iwrap   =       0, ntwx    =       0, ntwv    =       0, ntwe    =       0
     ioutfm  =       1, ntwprt  =       0, idecomp =       0, rbornstat=      0

Potential function:
     ntf     =       1, ntb     =       1, igb     =       0, nsnb    =      25
     ipol    =       0, gbsa    =       0, iesp    =       0
     dielc   =   1.00000, cut     =   9.00000, intdiel =   1.00000

Frozen or restrained atoms:
     ibelly  =       0, ntr     =       1
     restraint_wt = 100.00000

Energy minimization:
     maxcyc  =    1000, ncyc    =     100, ntmin   =       1
     dx0     =   0.01000, drms    =   0.00010

Ewald parameters:
     verbose =       0, ew_type =       0, nbflag  =       1, use_pme =       1
     vdwmeth =       1, eedmeth =       1, netfrc  =       0
     Box X =   35.651   Box Y =   35.651   Box Z =   35.651
     Alpha =  109.471   Beta  =  109.471   Gamma =  109.471
     NFFT1 =   36       NFFT2 =   36       NFFT3 =   36
     Cutoff=    9.000   Tol   =0.100E-04
     Ewald Coefficient =  0.30768
     Interpolation order =    4

| MPI Timing options:
|      profile_mpi =        0

    LOADING THE CONSTRAINED ATOMS AS GROUPS


   5.  REFERENCE ATOM COORDINATES

  defa
     Mask :1; matches     6 atoms

--------------------------------------------------------------------------------
   3.  ATOMIC COORDINATES AND VELOCITIES
--------------------------------------------------------------------------------

default_name                                                                    
 begin time read from input coords =     0.000 ps

 Number of triangulated 3-point waters found:      960
|  Atom division among processors:
|         0     364     724    1087    1450    1810    2173    2536
|      2902

     Sum of charges from parm topology file =  -0.00000000
     Forcing neutrality...
|  Running AMBER/MPI version on    8 nodes


--------------------------------------------------------------------------------
   4.  RESULTS
--------------------------------------------------------------------------------

 ---------------------------------------------------
 APPROXIMATING switch and d/dx switch using CUBIC SPLINE INTERPOLATION
 using   5000.0 points per unit in tabled values
 TESTING RELATIVE ERROR over r ranging from 0.0 to cutoff
| CHECK switch(x): max rel err =   0.2738E-14   at   2.422500
| CHECK d/dx switch(x): max rel err =   0.8314E-11   at   2.736960
 ---------------------------------------------------
| Local SIZE OF NONBOND LIST =      92930
| TOTAL SIZE OF NONBOND LIST =     672505


   NSTEP       ENERGY          RMS            GMAX         NAME    NUMBER
      1      -8.1256E+03     1.2234E+01     6.1530E+01     O         299

 BOND    =        0.9763  ANGLE   =        1.4386  DIHED      =        9.8648
 VDWAALS =      913.6067  EEL     =    -9099.0364  HBOND      =        0.0000
 1-4 VDW =        3.4886  1-4 EEL =       44.0498  RESTRAINT  =        0.0000


   NSTEP       ENERGY          RMS            GMAX         NAME    NUMBER
     20      -8.9790E+03     2.7186E+00     1.9588E+01     O         383

 BOND    =      475.3968  ANGLE   =        1.4317  DIHED      =        9.8375
 VDWAALS =      862.4442  EEL     =   -10375.6024  HBOND      =        0.0000
 1-4 VDW =        3.4745  1-4 EEL =       43.9385  RESTRAINT  =        0.0711
 EAMBER  =    -8979.0791


   NSTEP       ENERGY          RMS            GMAX         NAME    NUMBER
     40      -9.6221E+03     1.6157E+00     8.8076E+00     H1       2415

 BOND    =      522.7126  ANGLE   =        1.4275  DIHED      =        9.7254
 VDWAALS =      899.9997  EEL     =   -11103.3808  HBOND      =        0.0000
 1-4 VDW =        3.4378  1-4 EEL =       43.8077  RESTRAINT  =        0.1413
 EAMBER  =    -9622.2701


   NSTEP       ENERGY          RMS            GMAX         NAME    NUMBER
     60      -9.8688E+03     3.3756E+00     1.0649E+01     H2       1369

 BOND    =      498.2843  ANGLE   =        1.4120  DIHED      =        9.6600
 VDWAALS =      935.5777  EEL     =   -11361.0985  HBOND      =        0.0000
 1-4 VDW =        3.4206  1-4 EEL =       43.7900  RESTRAINT  =        0.1378
 EAMBER  =    -9868.9541


   NSTEP       ENERGY          RMS            GMAX         NAME    NUMBER
     80      -1.0042E+04     1.1644E+00     5.7766E+00     H2       2173

 BOND    =      592.0531  ANGLE   =        1.3878  DIHED      =        9.6104
 VDWAALS =      969.5248  EEL     =   -11661.9893  HBOND      =        0.0000
 1-4 VDW =        3.4166  1-4 EEL =       43.7928  RESTRAINT  =        0.1347
 EAMBER  =   -10042.2038


   NSTEP       ENERGY          RMS            GMAX         NAME    NUMBER
    100      -1.0162E+04     9.6131E-01     4.3424E+00     H2       2173

 BOND    =      601.0769  ANGLE   =        1.3679  DIHED      =        9.5666
 VDWAALS =     1004.4277  EEL     =   -11825.8216  HBOND      =        0.0000
 1-4 VDW =        3.4159  1-4 EEL =       43.8131  RESTRAINT  =        0.1329
 EAMBER  =   -10162.1536


   NSTEP       ENERGY          RMS            GMAX         NAME    NUMBER
    120      -1.0617E+04     2.0057E+00     7.0228E+01     H2       2173

 BOND    =      695.9036  ANGLE   =        1.3352  DIHED      =        9.3216
 VDWAALS =     1249.5763  EEL     =   -12620.5345  HBOND      =        0.0000
 1-4 VDW =        3.4822  1-4 EEL =       44.1004  RESTRAINT  =        0.1459
 EAMBER  =   -10616.8152


   NSTEP       ENERGY          RMS            GMAX         NAME    NUMBER
    140      -1.0736E+04     9.5828E-01     2.0296E+01     O        2171

 BOND    =      674.7474  ANGLE   =        1.2352  DIHED      =        9.2759
 VDWAALS =     1333.1524  EEL     =   -12801.8665  HBOND      =        0.0000
 1-4 VDW =        3.4674  1-4 EEL =       44.0444  RESTRAINT  =        0.1372
 EAMBER  =   -10735.9439


   NSTEP       ENERGY          RMS            GMAX         NAME    NUMBER
    160      -1.0923E+04     1.2332E+00     2.7484E+01     H2       2173

 BOND    =      739.5259  ANGLE   =        1.0036  DIHED      =        9.1609
 VDWAALS =     1538.7210  EEL     =   -13259.0353  HBOND      =        0.0000
 1-4 VDW =        3.4452  1-4 EEL =       44.1172  RESTRAINT  =        0.1483
 EAMBER  =   -10923.0617


   NSTEP       ENERGY          RMS            GMAX         NAME    NUMBER
    180      -1.1004E+04     1.0889E+00     1.5631E+01     CA          9

 BOND    =      744.0139  ANGLE   =        1.6004  DIHED      =        9.1261
 VDWAALS =     1533.3937  EEL     =   -13339.9873  HBOND      =        0.0000
 1-4 VDW =        3.4645  1-4 EEL =       44.2571  RESTRAINT  =        0.2083
 EAMBER  =   -11004.1316


   NSTEP       ENERGY          RMS            GMAX         NAME    NUMBER
    200      -1.1089E+04     1.4694E+00     3.1401E+01     CH3        19

 BOND    =      786.5316  ANGLE   =        2.1837  DIHED      =        9.0449
 VDWAALS =     1663.8396  EEL     =   -13598.1207  HBOND      =        0.0000
 1-4 VDW =        3.5264  1-4 EEL =       43.6785  RESTRAINT  =        0.4467
 EAMBER  =   -11089.3160


   NSTEP       ENERGY          RMS            GMAX         NAME    NUMBER
    220      -1.1148E+04     8.3231E-01     1.5166E+01     C           5

 BOND    =      759.1558  ANGLE   =        1.2739  DIHED      =        9.0203
 VDWAALS =     1646.7293  EEL     =   -13611.3208  HBOND      =        0.0000
 1-4 VDW =        3.4509  1-4 EEL =       43.8428  RESTRAINT  =        0.1772
 EAMBER  =   -11147.8477


   NSTEP       ENERGY          RMS            GMAX         NAME    NUMBER
    240      -1.1195E+04     7.4681E-01     1.3058E+01     CA          9

 BOND    =      786.7153  ANGLE   =        1.0291  DIHED      =        9.0037
 VDWAALS =     1684.0848  EEL     =   -13723.5020  HBOND      =        0.0000
 1-4 VDW =        3.4912  1-4 EEL =       44.0441  RESTRAINT  =        0.1849
 EAMBER  =   -11195.1337


   NSTEP       ENERGY          RMS            GMAX         NAME    NUMBER
    260      -1.1253E+04     1.3970E+00     5.1493E+01     C           5

 BOND    =      777.9852  ANGLE   =        2.7159  DIHED      =        8.9833
 VDWAALS =     1755.4999  EEL     =   -13846.3479  HBOND      =        0.0000
 1-4 VDW =        3.3197  1-4 EEL =       44.2715  RESTRAINT  =        0.8679
 EAMBER  =   -11253.5725


   NSTEP       ENERGY          RMS            GMAX         NAME    NUMBER
    280      -1.1290E+04     8.8450E-01     1.7828E+01     N          17

 BOND    =      810.5978  ANGLE   =        1.7107  DIHED      =        8.9844
 VDWAALS =     1779.4392  EEL     =   -13938.1486  HBOND      =        0.0000
 1-4 VDW =        3.2829  1-4 EEL =       44.0940  RESTRAINT  =        0.2080
 EAMBER  =   -11290.0395


   NSTEP       ENERGY          RMS            GMAX         NAME    NUMBER
    300      -1.1362E+04     2.1874E+00     6.5359E+01     CH3        19

 BOND    =      840.5234  ANGLE   =        6.2405  DIHED      =        9.1066
 VDWAALS =     1909.3708  EEL     =   -14174.6661  HBOND      =        0.0000
 1-4 VDW =        3.1341  1-4 EEL =       42.8804  RESTRAINT  =        0.9373
 EAMBER  =   -11363.4103


   NSTEP       ENERGY          RMS            GMAX         NAME    NUMBER
    320      -1.1408E+04     6.7477E-01     1.4342E+01     CH3        19

 BOND    =      814.0142  ANGLE   =        1.7131  DIHED      =        8.8480
 VDWAALS =     1896.3500  EEL     =   -14176.5555  HBOND      =        0.0000
 1-4 VDW =        3.5913  1-4 EEL =       43.8045  RESTRAINT  =        0.1895
 EAMBER  =   -11408.2345


   NSTEP       ENERGY          RMS            GMAX         NAME    NUMBER
    340      -1.1427E+04     6.0681E-01     2.4528E+01     N           7

 BOND    =      828.5484  ANGLE   =        1.0637  DIHED      =        8.9856
 VDWAALS =     1913.0664  EEL     =   -14226.2904  HBOND      =        0.0000
 1-4 VDW =        3.6148  1-4 EEL =       43.8938  RESTRAINT  =        0.1884
 EAMBER  =   -11427.1177


   NSTEP       ENERGY          RMS            GMAX         NAME    NUMBER
    360      -1.1471E+04     8.9771E-01     2.3560E+01     C           5

 BOND    =      830.4129  ANGLE   =        1.5932  DIHED      =        8.9160
 VDWAALS =     1964.9039  EEL     =   -14324.6288  HBOND      =        0.0000
 1-4 VDW =        3.5115  1-4 EEL =       43.9284  RESTRAINT  =        0.1996
 EAMBER  =   -11471.3629


   NSTEP       ENERGY          RMS            GMAX         NAME    NUMBER
    380      -1.1490E+04     3.9522E-01     8.8097E+00     N          17

 BOND    =      840.6455  ANGLE   =        1.8478  DIHED      =        8.7971
 VDWAALS =     1973.1029  EEL     =   -14361.0443  HBOND      =        0.0000
 1-4 VDW =        3.1198  1-4 EEL =       43.6663  RESTRAINT  =        0.2039
 EAMBER  =   -11489.8650


   NSTEP       ENERGY          RMS            GMAX         NAME    NUMBER
    400      -1.1513E+04     7.6697E-01     1.9364E+01     CH3        19

 BOND    =      853.4252  ANGLE   =        2.6296  DIHED      =        8.9157
 VDWAALS =     2002.3160  EEL     =   -14427.0697  HBOND      =        0.0000
 1-4 VDW =        3.1298  1-4 EEL =       43.2447  RESTRAINT  =        0.2473
 EAMBER  =   -11513.4086


   NSTEP       ENERGY          RMS            GMAX         NAME    NUMBER
    420      -1.1530E+04     5.7717E-01     1.4633E+01     CA          9

 BOND    =      838.8262  ANGLE   =        1.5004  DIHED      =        8.7891
 VDWAALS =     2006.4305  EEL     =   -14432.1316  HBOND      =        0.0000
 1-4 VDW =        3.3958  1-4 EEL =       43.5530  RESTRAINT  =        0.1070
 EAMBER  =   -11529.6367


   NSTEP       ENERGY          RMS            GMAX         NAME    NUMBER
    440      -1.1543E+04     4.8880E-01     1.5127E+01     N           7

 BOND    =      853.3081  ANGLE   =        1.1784  DIHED      =        9.0290
 VDWAALS =     2017.7518  EEL     =   -14472.6011  HBOND      =        0.0000
 1-4 VDW =        3.7608  1-4 EEL =       44.0735  RESTRAINT  =        0.0928
 EAMBER  =   -11543.4995


   NSTEP       ENERGY          RMS            GMAX         NAME    NUMBER
    460      -1.1564E+04     6.5157E-01     1.4348E+01     CH3        19

 BOND    =      841.6491  ANGLE   =        1.1312  DIHED      =        9.0160
 VDWAALS =     2041.6453  EEL     =   -14504.8436  HBOND      =        0.0000
 1-4 VDW =        3.5527  1-4 EEL =       44.0890  RESTRAINT  =        0.0946
 EAMBER  =   -11563.7601


   NSTEP       ENERGY          RMS            GMAX         NAME    NUMBER
    480      -1.1576E+04     3.1298E-01     7.2846E+00     HH32       21

 BOND    =      857.0229  ANGLE   =        1.7711  DIHED      =        8.6923
 VDWAALS =     2050.2992  EEL     =   -14540.7766  HBOND      =        0.0000
 1-4 VDW =        3.1097  1-4 EEL =       43.5770  RESTRAINT  =        0.1763
 EAMBER  =   -11576.3045


   NSTEP       ENERGY          RMS            GMAX         NAME    NUMBER
    500      -1.1596E+04     7.6972E-01     2.1956E+01     CA          9

 BOND    =      869.5692  ANGLE   =        2.1895  DIHED      =        8.8408
 VDWAALS =     2079.8588  EEL     =   -14603.1746  HBOND      =        0.0000
 1-4 VDW =        3.1441  1-4 EEL =       43.2684  RESTRAINT  =        0.2050
 EAMBER  =   -11596.3038


   NSTEP       ENERGY          RMS            GMAX         NAME    NUMBER
    520      -1.1610E+04     4.4857E-01     1.3018E+01     C           5

 BOND    =      854.3689  ANGLE   =        1.4219  DIHED      =        8.6932
 VDWAALS =     2080.8607  EEL     =   -14602.4029  HBOND      =        0.0000
 1-4 VDW =        3.3970  1-4 EEL =       43.5257  RESTRAINT  =        0.0980
 EAMBER  =   -11610.1355


   NSTEP       ENERGY          RMS            GMAX         NAME    NUMBER
    540      -1.1621E+04     4.2396E-01     1.7224E+01     CH3        19

 BOND    =      869.2757  ANGLE   =        1.2961  DIHED      =        8.8633
 VDWAALS =     2089.6427  EEL     =   -14637.4067  HBOND      =        0.0000
 1-4 VDW =        3.7044  1-4 EEL =       44.0019  RESTRAINT  =        0.0742
 EAMBER  =   -11620.6226


   NSTEP       ENERGY          RMS            GMAX         NAME    NUMBER
    560      -1.1640E+04     6.6134E-01     1.3475E+01     C          15

 BOND    =      859.2405  ANGLE   =        1.1046  DIHED      =        8.8910
 VDWAALS =     2113.0813  EEL     =   -14669.8382  HBOND      =        0.0000
 1-4 VDW =        3.5359  1-4 EEL =       44.0743  RESTRAINT  =        0.1056
 EAMBER  =   -11639.9106


   NSTEP       ENERGY          RMS            GMAX         NAME    NUMBER
    580      -1.1650E+04     2.6888E-01     7.4190E+00     HH32       21

 BOND    =      870.0442  ANGLE   =        1.5069  DIHED      =        8.6219
 VDWAALS =     2118.4574  EEL     =   -14695.4328  HBOND      =        0.0000
 1-4 VDW =        3.1887  1-4 EEL =       43.6103  RESTRAINT  =        0.1033
 EAMBER  =   -11650.0033


   NSTEP       ENERGY          RMS            GMAX         NAME    NUMBER
    600      -1.1665E+04     7.5898E-01     2.2546E+01     C           5

 BOND    =      880.3847  ANGLE   =        2.0524  DIHED      =        8.6900
 VDWAALS =     2148.1357  EEL     =   -14750.4567  HBOND      =        0.0000
 1-4 VDW =        3.1393  1-4 EEL =       43.3316  RESTRAINT  =        0.1883
 EAMBER  =   -11664.7230


   NSTEP       ENERGY          RMS            GMAX         NAME    NUMBER
    620      -1.1676E+04     3.5840E-01     1.1425E+01     C           5

 BOND    =      871.6596  ANGLE   =        1.3250  DIHED      =        8.6445
 VDWAALS =     2145.9579  EEL     =   -14750.9058  HBOND      =        0.0000
 1-4 VDW =        3.3979  1-4 EEL =       43.6470  RESTRAINT  =        0.0683
 EAMBER  =   -11676.2740


   NSTEP       ENERGY          RMS            GMAX         NAME    NUMBER
    640      -1.1683E+04     4.1457E-01     1.2773E+01     N          17

 BOND    =      880.9636  ANGLE   =        1.1980  DIHED      =        8.8247
 VDWAALS =     2152.1679  EEL     =   -14774.1138  HBOND      =        0.0000
 1-4 VDW =        3.7837  1-4 EEL =       43.9497  RESTRAINT  =        0.0984
 EAMBER  =   -11683.2263


   NSTEP       ENERGY          RMS            GMAX         NAME    NUMBER
    660      -1.1697E+04     5.3595E-01     1.4881E+01     C           5

 BOND    =      874.3998  ANGLE   =        1.0716  DIHED      =        8.8861
 VDWAALS =     2164.7453  EEL     =   -14793.6422  HBOND      =        0.0000
 1-4 VDW =        3.5720  1-4 EEL =       44.0986  RESTRAINT  =        0.1175
 EAMBER  =   -11696.8687


   NSTEP       ENERGY          RMS            GMAX         NAME    NUMBER
    680      -1.1705E+04     3.3883E-01     8.9125E+00     C          15

 BOND    =      883.2800  ANGLE   =        1.5754  DIHED      =        8.6168
 VDWAALS =     2166.8723  EEL     =   -14812.0809  HBOND      =        0.0000
 1-4 VDW =        3.1375  1-4 EEL =       43.5497  RESTRAINT  =        0.1330
 EAMBER  =   -11705.0492


   NSTEP       ENERGY          RMS            GMAX         NAME    NUMBER
    700      -1.1716E+04     5.9115E-01     1.4604E+01     CH3        19

 BOND    =      890.2493  ANGLE   =        1.9929  DIHED      =        8.6456
 VDWAALS =     2183.0262  EEL     =   -14846.8479  HBOND      =        0.0000
 1-4 VDW =        3.1139  1-4 EEL =       43.2447  RESTRAINT  =        0.1915
 EAMBER  =   -11716.5753


   NSTEP       ENERGY          RMS            GMAX         NAME    NUMBER
    720      -1.1726E+04     3.4697E-01     8.9791E+00     C          15

 BOND    =      878.6212  ANGLE   =        1.3328  DIHED      =        8.6243
 VDWAALS =     2180.3873  EEL     =   -14842.3899  HBOND      =        0.0000
 1-4 VDW =        3.3541  1-4 EEL =       43.5071  RESTRAINT  =        0.0730
 EAMBER  =   -11726.5631


   NSTEP       ENERGY          RMS            GMAX         NAME    NUMBER
    740      -1.1733E+04     3.6753E-01     1.1370E+01     CH3        19

 BOND    =      891.1090  ANGLE   =        1.1600  DIHED      =        8.7856
 VDWAALS =     2185.1367  EEL     =   -14867.0980  HBOND      =        0.0000
 1-4 VDW =        3.7516  1-4 EEL =       43.9307  RESTRAINT  =        0.0935
 EAMBER  =   -11733.2244


   NSTEP       ENERGY          RMS            GMAX         NAME    NUMBER
    760      -1.1747E+04     4.7959E-01     1.1966E+01     C          15

 BOND    =      885.9135  ANGLE   =        1.0326  DIHED      =        8.8281
 VDWAALS =     2197.6113  EEL     =   -14887.7764  HBOND      =        0.0000
 1-4 VDW =        3.5645  1-4 EEL =       44.0581  RESTRAINT  =        0.0977
 EAMBER  =   -11746.7682


   NSTEP       ENERGY          RMS            GMAX         NAME    NUMBER
    780      -1.1754E+04     2.6333E-01     4.9943E+00     HH32       21

 BOND    =      891.0442  ANGLE   =        1.4678  DIHED      =        8.6156
 VDWAALS =     2199.3941  EEL     =   -14901.7237  HBOND      =        0.0000
 1-4 VDW =        3.2012  1-4 EEL =       43.5648  RESTRAINT  =        0.0913
 EAMBER  =   -11754.4361


   NSTEP       ENERGY          RMS            GMAX         NAME    NUMBER
    800      -1.1766E+04     6.3014E-01     1.6246E+01     C          15

 BOND    =      899.7497  ANGLE   =        1.5980  DIHED      =        8.6257
 VDWAALS =     2219.2415  EEL     =   -14941.9483  HBOND      =        0.0000
 1-4 VDW =        3.2534  1-4 EEL =       43.2581  RESTRAINT  =        0.1703
 EAMBER  =   -11766.2219


   NSTEP       ENERGY          RMS            GMAX         NAME    NUMBER
    820      -1.1774E+04     2.8558E-01     8.6704E+00     C          15

 BOND    =      888.1436  ANGLE   =        1.1936  DIHED      =        8.6315
 VDWAALS =     2215.3552  EEL     =   -14934.2410  HBOND      =        0.0000
 1-4 VDW =        3.4220  1-4 EEL =       43.5871  RESTRAINT  =        0.0509
 EAMBER  =   -11773.9079


   NSTEP       ENERGY          RMS            GMAX         NAME    NUMBER
    840      -1.1778E+04     3.2172E-01     6.3840E+00     N           7

 BOND    =      897.6975  ANGLE   =        1.0602  DIHED      =        8.7420
 VDWAALS =     2219.4170  EEL     =   -14952.7190  HBOND      =        0.0000
 1-4 VDW =        3.6665  1-4 EEL =       43.9850  RESTRAINT  =        0.0747
 EAMBER  =   -11778.1508


   NSTEP       ENERGY          RMS            GMAX         NAME    NUMBER
    860      -1.1793E+04     5.3588E-01     1.6357E+01     O           6

 BOND    =      892.3331  ANGLE   =        1.3003  DIHED      =        8.6968
 VDWAALS =     2232.6918  EEL     =   -14975.0881  HBOND      =        0.0000
 1-4 VDW =        3.3604  1-4 EEL =       43.9526  RESTRAINT  =        0.1460
 EAMBER  =   -11792.7532


   NSTEP       ENERGY          RMS            GMAX         NAME    NUMBER
    880      -1.1799E+04     4.1568E-01     9.9246E+00     C           5

 BOND    =      895.9509  ANGLE   =        1.3769  DIHED      =        8.6084
 VDWAALS =     2230.9025  EEL     =   -14982.3702  HBOND      =        0.0000
 1-4 VDW =        3.3060  1-4 EEL =       43.6492  RESTRAINT  =        0.0379
 EAMBER  =   -11798.5762


   NSTEP       ENERGY          RMS            GMAX         NAME    NUMBER
    900      -1.1808E+04     6.0004E-01     1.2907E+01     CB         11

 BOND    =      910.6627  ANGLE   =        1.8420  DIHED      =        8.5836
 VDWAALS =     2240.2597  EEL     =   -15016.5873  HBOND      =        0.0000
 1-4 VDW =        3.2652  1-4 EEL =       43.4472  RESTRAINT  =        0.1735
 EAMBER  =   -11808.5269


   NSTEP       ENERGY          RMS            GMAX         NAME    NUMBER
    920      -1.1815E+04     2.6158E-01     9.7956E+00     C          15

 BOND    =      893.8873  ANGLE   =        1.1740  DIHED      =        8.6086
 VDWAALS =     2236.9641  EEL     =   -15002.4619  HBOND      =        0.0000
 1-4 VDW =        3.5114  1-4 EEL =       43.6823  RESTRAINT  =        0.0481
 EAMBER  =   -11814.6342


   NSTEP       ENERGY          RMS            GMAX         NAME    NUMBER
    940      -1.1819E+04     3.1775E-01     7.3438E+00     O           6

 BOND    =      902.8191  ANGLE   =        1.1311  DIHED      =        8.6509
 VDWAALS =     2239.6555  EEL     =   -15018.3275  HBOND      =        0.0000
 1-4 VDW =        3.5290  1-4 EEL =       43.8990  RESTRAINT  =        0.0779
 EAMBER  =   -11818.6429


   NSTEP       ENERGY          RMS            GMAX         NAME    NUMBER
    960      -1.1828E+04     4.3104E-01     9.1284E+00     C          15

 BOND    =      895.8878  ANGLE   =        1.2017  DIHED      =        8.6101
 VDWAALS =     2243.6330  EEL     =   -15024.3249  HBOND      =        0.0000
 1-4 VDW =        3.3384  1-4 EEL =       43.9001  RESTRAINT  =        0.0495
 EAMBER  =   -11827.7537


   NSTEP       ENERGY          RMS            GMAX         NAME    NUMBER
    980      -1.1833E+04     3.9006E-01     1.7337E+01     C           5

 BOND    =      896.7766  ANGLE   =        1.3515  DIHED      =        8.5465
 VDWAALS =     2242.5671  EEL     =   -15028.9635  HBOND      =        0.0000
 1-4 VDW =        3.4125  1-4 EEL =       43.6853  RESTRAINT  =        0.0426
 EAMBER  =   -11832.6240


   NSTEP       ENERGY          RMS            GMAX         NAME    NUMBER
   1000      -1.1843E+04     6.8777E-01     1.3255E+01     HH32       21

 BOND    =      918.0881  ANGLE   =        2.3969  DIHED      =        8.4798
 VDWAALS =     2253.2697  EEL     =   -15072.3519  HBOND      =        0.0000
 1-4 VDW =        3.0667  1-4 EEL =       43.4849  RESTRAINT  =        0.2822
 EAMBER  =   -11843.5657


  Maximum number of minimization cycles reached.


                    FINAL RESULTS



   NSTEP       ENERGY          RMS            GMAX         NAME    NUMBER
   1000      -1.1843E+04     6.8777E-01     1.3255E+01     HH32       21

 BOND    =      918.0881  ANGLE   =        2.3969  DIHED      =        8.4798
 VDWAALS =     2253.2697  EEL     =   -15072.3519  HBOND      =        0.0000
 1-4 VDW =        3.0667  1-4 EEL =       43.4849  RESTRAINT  =        0.2822
 EAMBER  =   -11843.5657

--------------------------------------------------------------------------------
   5.  TIMINGS
--------------------------------------------------------------------------------

|                Build the list             0.08 (57.68% of List )
|                Other                      0.06 (42.32% of List )
|             List time                  0.14 ( 1.47% of Nonbo)
|                   Short_ene time             5.57 (95.93% of Direc)
|                   Other                      0.24 ( 4.07% of Direc)
|                Direct Ewald time          5.81 (60.68% of Ewald)
|                Adjust Ewald time          0.04 ( 0.47% of Ewald)
|                Self Ewald time            0.00 ( 0.03% of Ewald)
|                   Fill Bspline coeffs        0.15 ( 4.63% of Recip)
|                   Fill charge grid           0.12 ( 3.73% of Recip)
|                   Scalar sum                 0.52 (15.75% of Recip)
|                   Grad sum                   0.26 ( 7.85% of Recip)
|                      FFT back comm time         0.92 (43.47% of FFT t)
|                      Other                      1.20 (56.53% of FFT t)
|                   FFT time                   2.12 (64.52% of Recip)
|                   Other                      0.12 ( 3.52% of Recip)
|                Recip Ewald time           3.28 (34.26% of Ewald)
|                Force Adjust               0.33 ( 3.42% of Ewald)
|                Virial junk                0.10 ( 1.03% of Ewald)
|                Start synchronizatio       0.00 ( 0.01% of Ewald)
|                Other                      0.01 ( 0.10% of Ewald)
|             Ewald time                 9.58 (98.51% of Nonbo)
|             Other                      0.00 ( 0.01% of Nonbo)
|          Nonbond force              9.72 (89.02% of Force)
|          Bond/Angle/Dihedral        0.03 ( 0.29% of Force)
|          FRC Collect time           0.29 ( 2.69% of Force)
|          Other                      0.87 ( 8.00% of Force)
|       Force time                10.92 (100.0% of Runmd)
|    Runmd Time                10.92 ( 4.62% of Total)
|    Other                    225.63 (95.38% of Total)
| Total time               236.56 (100.0% of ALL  )

| Highest rstack allocated:      39991
| Highest istack allocated:        859
|           Job began  at 14:09:39.445  on 03/14/2017
|           Setup done at 14:09:39.733  on 03/14/2017
|           Run   done at 14:13:36.020  on 03/14/2017
|     wallclock() was called   44070 times
