
                *****************************************************
                * AMBER Bond Angle and Dihedral Parameter Optimiser *
                *                                                   *
                *                      v3.0.0                       *
                *                                                   *
                *                    Written by:                    *
                *                 Robin Betz (2011)                 *
                *                 Ross Walker (2004)                *
                *          The Walker Molecular Dynamics Lab        *
                *         University of California, San Diego       *
                *            La Jolla, California, 92092            *
                *                       USA                         *
                *****************************************************

*************************************************************************************
                                Execution started at:
|                             Tue Jan 10 15:27:15 2017

|
| Random seed = 1484062035
 Reading job control file: fit_dihedral.in
 Job Control: Read a total of 30 lines from job_control file. 29 options set.

  Reading prmtop file    : ../../1_inputfiles/multiplicity_3//fit.prmtop
   Prmtop     (info): Successfully read in saved parameter information
   Prmtop   (unique): Found 8 unique bonds.
   Prmtop   (unique): Found 16 unique angles.
   Prmtop   (unique): Found 23 unique dihedrals.
   Prmtop   (unique): Found 38 unique dihedral terms.
 Reading mdcrd file: ../../2_quantum_extract/multiplicity_3//all.mdcrd
  Reading mdcrd file    : ../../2_quantum_extract/multiplicity_3//all.mdcrd
    Coordinate file passed format check
  Reading energy file or directory  : ../../2_quantum_extract/multiplicity_3//quantum_energy.dat
        ---------------------------------------------------------------------
        |                          OPTIONS SUMMARY                         |
        |                          ---------------                          |
        | Summary of Run Type Options:                                      |
        |   Run Mode = FIT, Minimiser = GENETIC THEN SIMPLEX                |
        |   Function to be Fit = SUM_SQUARES_AMBER_STANDARD                 |
        |                                                                   |
        | Terms to be fit:                                                  |
        |   UNIQUE_BONDS = 8, UNIQUE ANGLES = 16, UNIQUE DIHEDRALS = 23     |
        |   NBONDS = 41, NANGLES = 72, NDIHEDRALS = 145                     |
        |                                 Total dimensions of fit = 6       |
        |                                                                   |
        | Sample structures for least squares fit = 143                     |
        |                                                                   |
        |                                                                   |
        | Energy Correction Term (K) = -617819.85240700                     |
        |                                                                   |
        |                                                                   |
        | Estimate Memory Usage (per cpu):                                  |
        |  Coordinate info will be read from disk as required.              |
        |                OPTION STORAGE = 213 bytes                         |
        |                PRMTOP STORAGE = 504594 bytes                      |
        |            COORDINATE STORAGE = 153336 bytes                      |
        |                                                                   |
        |  TOTAL ESTIMATED MEMORY USAGE = 658143 bytes                      |
        |                                                                   |
        ---------------------------------------------------------------------

   WARNING: N -CT-C -N  dihedral is missing 2 data points in the range 0.6283 to 3.1416 radians.


   WARNING: Insufficient dihedral information in sample structures.
            Your settings require at least 10 samples with data    
            at least every 0.314 radians (18.00 degrees).            
            Either 1) Add the missing input data or                
                   2) Set DIHEDRAL_SPAN to a smaller value or      
                   3) Set BOUNDS_CHECK to warn (not recommended).  
            Please read the help and/or documentation.             


   ------------------------------- INITIAL PARAMETERS --------------------------------
   Parameters for force field equation: AMBER_STANDARD:
   (* means parameter is NOT constant during fit)
                         K = -617819.852407 kcal/mol
             (CT-HC) Kr = 340.0000 kcal/(mol A)^2, r_eq =   1.0900 A 
             (CT-H1) Kr = 340.0000 kcal/(mol A)^2, r_eq =   1.0900 A 
             (N -H ) Kr = 434.0000 kcal/(mol A)^2, r_eq =   1.0100 A 
             (C -O ) Kr = 570.0000 kcal/(mol A)^2, r_eq =   1.2290 A 
             (C -N ) Kr = 490.0000 kcal/(mol A)^2, r_eq =   1.3350 A 
             (CT-C ) Kr = 317.0000 kcal/(mol A)^2, r_eq =   1.5220 A 
             (CT-CT) Kr = 310.0000 kcal/(mol A)^2, r_eq =   1.5260 A 
             (N -CT) Kr = 337.0000 kcal/(mol A)^2, r_eq =   1.4490 A 
        (C -N -H ) Kt =  50.0000 kcal/(mol rad)^2,  th_eq = 120.0001 deg 
        (HC-CT-C ) Kt =  50.0000 kcal/(mol rad)^2,  th_eq = 109.5000 deg 
        (HC-CT-HC) Kt =  35.0000 kcal/(mol rad)^2,  th_eq = 109.5000 deg 
        (H1-CT-CT) Kt =  50.0000 kcal/(mol rad)^2,  th_eq = 109.5000 deg 
        (H1-CT-C ) Kt =  50.0000 kcal/(mol rad)^2,  th_eq = 109.5000 deg 
        (CT-CT-HC) Kt =  50.0000 kcal/(mol rad)^2,  th_eq = 109.5000 deg 
        (H -N -CT) Kt =  50.0000 kcal/(mol rad)^2,  th_eq = 118.0401 deg 
        (N -CT-H1) Kt =  50.0000 kcal/(mol rad)^2,  th_eq = 109.5000 deg 
        (H1-CT-H1) Kt =  35.0000 kcal/(mol rad)^2,  th_eq = 109.5000 deg 
        (O -C -N ) Kt =  80.0000 kcal/(mol rad)^2,  th_eq = 122.9001 deg 
        (C -N -CT) Kt =  50.0000 kcal/(mol rad)^2,  th_eq = 121.9001 deg 
        (CT-C -O ) Kt =  80.0000 kcal/(mol rad)^2,  th_eq = 120.4001 deg 
        (CT-C -N ) Kt =  70.0000 kcal/(mol rad)^2,  th_eq = 116.6000 deg 
        (CT-CT-C ) Kt =  63.0000 kcal/(mol rad)^2,  th_eq = 111.1000 deg 
        (N -CT-CT) Kt =  80.0000 kcal/(mol rad)^2,  th_eq = 109.7000 deg 
        (N -CT-C ) Kt =  63.0000 kcal/(mol rad)^2,  th_eq = 110.1000 deg 
       (O -C -N -H ) Kp =   2.0000 kcal/mol,  Np = 1.0000,  Phase =   0.0000 Deg 
       (O -C -N -H ) Kp =   2.5000 kcal/mol,  Np = 2.0000,  Phase = 180.0001 Deg 
       (C -N -CT-H1) Kp =   0.0000 kcal/mol,  Np = 2.0000,  Phase =   0.0000 Deg 
       (HC-CT-C -O ) Kp =   0.8000 kcal/mol,  Np = 1.0000,  Phase =   0.0000 Deg 
       (HC-CT-C -O ) Kp =   0.0000 kcal/mol,  Np = 2.0000,  Phase =   0.0000 Deg 
       (HC-CT-C -O ) Kp =   0.0800 kcal/mol,  Np = 3.0000,  Phase = 180.0001 Deg 
       (HC-CT-C -N ) Kp =   0.0000 kcal/mol,  Np = 2.0000,  Phase =   0.0000 Deg 
       (CT-C -N -H ) Kp =   2.5000 kcal/mol,  Np = 2.0000,  Phase = 180.0001 Deg 
       (HC-CT-CT-C ) Kp =   0.1556 kcal/mol,  Np = 3.0000,  Phase =   0.0000 Deg 
       (H1-CT-CT-HC) Kp =   0.1556 kcal/mol,  Np = 3.0000,  Phase =   0.0000 Deg 
       (H1-CT-C -O ) Kp =   0.8000 kcal/mol,  Np = 1.0000,  Phase =   0.0000 Deg 
       (H1-CT-C -O ) Kp =   0.0000 kcal/mol,  Np = 2.0000,  Phase =   0.0000 Deg 
       (H1-CT-C -O ) Kp =   0.0800 kcal/mol,  Np = 3.0000,  Phase = 180.0001 Deg 
       (H1-CT-C -N ) Kp =   0.0000 kcal/mol,  Np = 2.0000,  Phase =   0.0000 Deg 
       (H -N -CT-H1) Kp =   0.0000 kcal/mol,  Np = 2.0000,  Phase =   0.0000 Deg 
       (H -N -CT-CT) Kp =   0.0000 kcal/mol,  Np = 2.0000,  Phase =   0.0000 Deg 
       (H -N -CT-C ) Kp =   0.0000 kcal/mol,  Np = 2.0000,  Phase =   0.0000 Deg 
       (N -CT-CT-HC) Kp =   0.1556 kcal/mol,  Np = 3.0000,  Phase =   0.0000 Deg 
   IMP (C -CT-N -H ) Kp =   1.1000 kcal/mol,  Np = 2.0000,  Phase = 180.0001 Deg 
       (O -C -N -CT) Kp =   2.5000 kcal/mol,  Np = 2.0000,  Phase = 180.0001 Deg 
       (C -N -CT-CT) Kp =   2.0000 kcal/mol,  Np = 1.0000,  Phase =   0.0000 Deg 
       (C -N -CT-CT) Kp =   2.0000 kcal/mol,  Np = 2.0000,  Phase =   0.0000 Deg 
       (C -N -CT-CT) Kp =   0.4000 kcal/mol,  Np = 3.0000,  Phase =   0.0000 Deg 
       (C -N -CT-CT) Kp =   0.0000 kcal/mol,  Np = 4.0000,  Phase =   0.0000 Deg 
       (C -N -CT-C )*Kp =   0.0000 kcal/mol,  Np = 1.0000,  Phase =   0.0000 Deg 
       (C -N -CT-C )*Kp =   0.0000 kcal/mol,  Np = 2.0000,  Phase =   0.0000 Deg 
       (C -N -CT-C )*Kp =   0.0000 kcal/mol,  Np = 3.0000,  Phase =   0.0000 Deg 
       (CT-C -N -CT) Kp =   2.5000 kcal/mol,  Np = 2.0000,  Phase = 180.0001 Deg 
       (CT-CT-C -O ) Kp =   0.0000 kcal/mol,  Np = 2.0000,  Phase =   0.0000 Deg 
       (CT-CT-C -N ) Kp =   0.2000 kcal/mol,  Np = 1.0000,  Phase =   0.0000 Deg 
       (CT-CT-C -N ) Kp =   0.2000 kcal/mol,  Np = 2.0000,  Phase =   0.0000 Deg 
       (CT-CT-C -N ) Kp =   0.4000 kcal/mol,  Np = 3.0000,  Phase =   0.0000 Deg 
       (CT-CT-C -N ) Kp =   0.0000 kcal/mol,  Np = 4.0000,  Phase =   0.0000 Deg 
       (N -CT-C -O ) Kp =   0.0000 kcal/mol,  Np = 2.0000,  Phase =   0.0000 Deg 
       (N -CT-C -N )*Kp =   0.0000 kcal/mol,  Np = 1.0000,  Phase = 180.0001 Deg 
       (N -CT-C -N )*Kp =   0.0000 kcal/mol,  Np = 2.0000,  Phase = 180.0001 Deg 
       (N -CT-C -N )*Kp =   0.0000 kcal/mol,  Np = 3.0000,  Phase = 180.0001 Deg 
   IMP (CT-N -C -O ) Kp =  10.5000 kcal/mol,  Np = 2.0000,  Phase = 180.0001 Deg 
   -----------------------------------------------------------------------------------
   Sum of squares for initial parameters = 1762.6051661752 kcal^2/mol^2
   R^2 value for initial parameters      =   0.576955
   Calculated energy with initial parameters for structure 1 = -617815.441137 KCal/mol
   Actual energy for structure 1 should be                   = -617812.418401 KCal/mol

   --------------------------GENETIC ALGORITHM MINIMISATION ---------------------------
   Minimising function SUM_SQUARES_AMBER_STANDARD, using the GENETIC ALGORITHM
   Running SIMPLEX REFINEMENT every 5 converged gen, then break for 5
   -------------------------------------------------------------------------------------
   GENERATIONS_TO_CONVERGE = 25    MAX_GENERATIONS = 10000    CONV_LIMIT = 1.00E+01
   OPTIMIZATIONS = 50    PARENT_PERCENT = 0.25
   SEARCH_SPACE = -1.00    MAX_GENERATIONS = 10000
   ------------------------------------ CONVERGENCE ------------------------------------
   Gen    0:  Best= 49537.23905  	Mean= 2.3356e+06 Elapsed=         0/3
   Gen    1:  Best= 30702.35259  	Mean= 1.5054e+06 Elapsed=         1/3
   Gen    2:  Best= 16734.10373  	Mean= 5.2877e+05 Elapsed=         2/3
   Gen    3:  Best= 16734.10373  	Mean=  2.588e+05 Conv=            1/25
   Gen    4:  Best= 16734.10373  	Mean= 1.6644e+05 Conv=            2/25
   Gen    5:  Best= 13307.38798  	Mean= 1.1428e+05 Conv=            0/25
   Gen    6:  Best= 9772.67561  	Mean=      93090 Conv=            0/25
   Gen    7:  Best= 9772.67561  	Mean=      34466 Conv=            1/25
   Gen    8:  Best= 6747.62261  	Mean=      21132 Conv=            0/25
   Gen    9:  Best= 6612.79126  	Mean=      17564 Conv=            0/25
   Gen   10:  Best= 6194.43927  	Mean=      11263 Conv=            0/25
   Gen   11:  Best= 6194.43927  	Mean=       8697 Conv=            1/25
   Gen   12:  Best= 5627.35522  	Mean=     6765.8 Conv=            0/25
   Gen   13:  Best= 5627.35522  	Mean=     6777.9 Conv=            1/25
   Gen   14:  Best= 5627.35522  	Mean=     6538.9 Conv=            2/25
   Gen   15:  Best= 5460.38296  	Mean=     6118.7 Conv=            0/25
   Gen   16:  Best= 5403.30141  	Mean=     5746.6 Conv=            0/25
   Gen   17:  Best= 5365.82992  	Mean=     5520.1 Conv=            0/25
   Gen   18:  Best= 5342.56893  	Mean=     5432.3 Conv=            0/25
   Gen   19:  Best= 5313.81776  	Mean=     5416.2 Conv=            0/25
   Gen   20:  Best= 5313.81776  	Mean=     5381.4 Conv=            1/25
   Gen   21:  Best= 5311.71943  	Mean=     5353.2 Conv=            0/25
   Gen   22:  Best= 5304.78817  	Mean=     5349.9 Conv=            0/25
   Gen   23:  Best= 5303.40123  	Mean=     5327.3 Conv=            0/25
   Gen   24:  Best= 5303.40123  	Mean=     5329.2 Conv=            1/25
   Gen   25:  Best= 5302.68999  	Mean=     5343.7 Conv=            0/25
   Gen   26:  Best= 5302.68999  	Mean=       5335 Conv=            1/25
   Gen   27:  Best= 5302.68999  	Mean=     5329.6 Conv=            2/25
   Gen   28:  Best= 5302.63156  	Mean=     5321.8 Conv=            0/25
   Gen   29:  Best= 5302.42068  	Mean=     5325.7 Conv=            0/25
   Gen   30:  Best= 5302.09473  	Mean=     5339.1 Conv=            0/25
   Gen   31:  Best= 5302.09473  	Mean=     5342.1 Conv=            1/25
   Gen   32:  Best= 5302.07609  	Mean=     5329.7 Conv=            0/25
   Gen   33:  Best= 5302.06885  	Mean=     5335.5 Conv=            0/25
   Gen   34:  Best= 5302.06885  	Mean=     5332.3 Conv=            1/25
   Gen   35:  Best= 5302.06821  	Mean=       5335 Conv=            0/25
   Gen   36:  Best= 5302.06744  	Mean=       5338 Conv=            0/25
   Gen   37:  Best= 5302.06683  	Mean=     5335.4 Conv=            0/25
   Gen   38:  Best= 5302.06671  	Mean=     5320.5 Conv=            0/25
   Gen   39:  Best= 5302.06603  	Mean=       5320 Conv=            0/25
   Gen   40:  Best= 5302.06558  	Mean=     5330.3 Conv=            0/25
   Gen   41:  Best= 5302.06558  	Mean=     5345.8 Conv=            1/25
   Gen   42:  Best= 5301.57009  	Mean=     5315.9 Conv=            0/25
   Gen   43:  Best= 5301.56762  	Mean=     5338.8 Conv=            0/25
   Gen   44:  Best= 5300.75569  	Mean=     5324.8 Conv=            0/25
   Gen   45:  Best= 5300.75569  	Mean=       5334 Conv=            1/25
   Gen   46:  Best= 5300.75569  	Mean=     5325.9 Conv=            2/25
   Gen   47:  Best= 5300.75569  	Mean=     5322.1 Conv=            3/25
   Gen   48:  Best= 5300.66377  	Mean=     5334.2 Conv=            0/25
   Gen   49:  Best= 5300.66377  	Mean=     5326.8 Conv=            1/25
   Gen   50:  Best= 5300.64879  	Mean=     5323.3 Conv=            0/25
   Gen   51:  Best= 5300.64822  	Mean=     5325.7 Conv=            0/25
   Gen   52:  Best= 5300.64052  	Mean=       5331 Conv=            0/25
   Gen   53:  Best= 5300.64052  	Mean=     5327.7 Conv=            1/25
   Gen   54:  Best= 5300.64052  	Mean=     5339.8 Conv=            2/25
   Gen   55:  Best= 5300.64052  	Mean=     5327.3 Conv=            3/25
   Gen   56:  Best= 5300.64006  	Mean=     5333.4 Conv=            0/25
   Gen   57:  Best= 5300.64004  	Mean=     5315.3 Conv=            0/25
   Gen   58:  Best= 5300.63990  	Mean=     5324.7 Conv=            0/25
   Gen   59:  Best= 5300.63988  	Mean=     5338.3 Conv=            0/25
   Gen   60:  Best= 5300.63988  	Mean=     5340.3 Conv=            1/25
   Gen   61:  Best= 5300.63988  	Mean=     5321.8 Conv=            2/25
   Gen   62:  Best= 5300.63988  	Mean=     5335.8 Conv=            3/25
   Gen   63:  Best= 5300.63988  	Mean=     5324.1 Conv=            4/25
   Gen   64:  Best= 5300.63987  	Mean=     5326.2 Conv=            5/25
   Gen   65:  Best=  920.03593  	Mean=     5056.3 Conv=            0/25
   Gen   66:  Best=  920.03593  	Mean=      22257 Conv=            1/25
   Gen   67:  Best=  920.03593  	Mean=      16258 Conv=            2/25
   Gen   68:  Best=  920.03593  	Mean=      21208 Conv=            3/25
   Gen   69:  Best=  920.03593  	Mean=     6133.6 Conv=            4/25
   Gen   70:  Best=  920.03593  	Mean=     3298.1 Conv=            5/25
   Gen   71:  Best=  920.03593  	Mean=       3435 Conv=            6/25
   Gen   72:  Best=  920.02017  	Mean=       1175 Conv=            0/25
   Gen   73:  Best=  920.02017  	Mean=     983.76 Conv=            1/25
   Gen   74:  Best=  920.02017  	Mean=     943.37 Conv=            2/25
   Gen   75:  Best=  920.02017  	Mean=     929.59 Conv=            3/25
   Gen   76:  Best=  920.02017  	Mean=     925.73 Conv=            4/25
   Gen   77:  Best=  920.02017  	Mean=     927.34 Conv=            5/25
   Gen   78:  Best=  920.02017  	Mean=     925.94 Conv=            6/25
   Gen   79:  Best=  920.02017  	Mean=     924.27 Conv=            7/25
   Gen   80:  Best=  920.02017  	Mean=     929.09 Conv=            8/25
   Gen   81:  Best=  920.02017  	Mean=     928.35 Conv=            9/25
   Gen   82:  Best=  920.02017  	Mean=     924.84 Conv=           10/25
   Gen   83:  Best=  920.02017  	Mean=     926.92 Conv=           11/25
   Gen   84:  Best=  920.02017  	Mean=     925.53 Conv=           12/25
   Gen   85:  Best=  920.02017  	Mean=     925.14 Conv=           13/25
   Gen   86:  Best=  920.02017  	Mean=     926.14 Conv=           14/25
   Gen   87:  Best=  920.02017  	Mean=     925.31 Conv=           15/25
   Gen   88:  Best=  920.02017  	Mean=     923.09 Conv=           16/25
   Gen   89:  Best=  920.02017  	Mean=     924.55 Conv=           17/25
   Gen   90:  Best=  920.02017  	Mean=     924.02 Conv=           18/25
   Gen   91:  Best=  920.02017  	Mean=     926.57 Conv=           19/25
   Gen   92:  Best=  920.02017  	Mean=     925.85 Conv=           20/25
   Gen   93:  Best=  920.02017  	Mean=     925.85 Conv=           21/25
   Gen   94:  Best=  920.02017  	Mean=     924.01 Conv=           22/25
   Gen   95:  Best=  920.02017  	Mean=     928.51 Conv=           23/25
   Gen   96:  Best=  920.02017  	Mean=     925.45 Conv=           24/25
   Gen   97:  Best=  920.02017  	Mean=     927.02 Conv=           25/25
| Took    98 generations to converge.
   --------------------------------- SIMPLEX MINIMISATION ----------------------------
   Minimising function SUM_SQUARES_AMBER_STANDARD, using the SIMPLEX METHOD
   -------------------------------------- CONVERGENCE --------------------------------
   Step     0: Conv=  4.3877E-01 min=    920.0202,max=   1437.1448 avg   1055.3694
   Step     1: Conv=  3.2195E-10 min=    920.0202 max=    920.0202 avg=    920.0202
   -----------------------------------------------------------------------------------

   Convergence ratio of   3.2195E-10 is better than
   convergence criteria of   1.0000E-08.
   Function Converged - Total function evaluations = 237

   Convergence to 1.0000E-08 in Simplex routine achieved after 150 cycles.
   (150 INNER x 1 OUTER CYCLES)

   ------------------------------- FINAL PARAMETERS ---------------------------------
   Parameters for force field equation: AMBER_STANDARD:
   (* means parameter is NOT constant during fit)
                         K = -617819.852407 kcal/mol
             (CT-HC) Kr = 340.0000 kcal/(mol A)^2, r_eq =   1.0900 A 
             (CT-H1) Kr = 340.0000 kcal/(mol A)^2, r_eq =   1.0900 A 
             (N -H ) Kr = 434.0000 kcal/(mol A)^2, r_eq =   1.0100 A 
             (C -O ) Kr = 570.0000 kcal/(mol A)^2, r_eq =   1.2290 A 
             (C -N ) Kr = 490.0000 kcal/(mol A)^2, r_eq =   1.3350 A 
             (CT-C ) Kr = 317.0000 kcal/(mol A)^2, r_eq =   1.5220 A 
             (CT-CT) Kr = 310.0000 kcal/(mol A)^2, r_eq =   1.5260 A 
             (N -CT) Kr = 337.0000 kcal/(mol A)^2, r_eq =   1.4490 A 
        (C -N -H ) Kt =  50.0000 kcal/(mol rad)^2,  th_eq = 120.0001 deg 
        (HC-CT-C ) Kt =  50.0000 kcal/(mol rad)^2,  th_eq = 109.5000 deg 
        (HC-CT-HC) Kt =  35.0000 kcal/(mol rad)^2,  th_eq = 109.5000 deg 
        (H1-CT-CT) Kt =  50.0000 kcal/(mol rad)^2,  th_eq = 109.5000 deg 
        (H1-CT-C ) Kt =  50.0000 kcal/(mol rad)^2,  th_eq = 109.5000 deg 
        (CT-CT-HC) Kt =  50.0000 kcal/(mol rad)^2,  th_eq = 109.5000 deg 
        (H -N -CT) Kt =  50.0000 kcal/(mol rad)^2,  th_eq = 118.0401 deg 
        (N -CT-H1) Kt =  50.0000 kcal/(mol rad)^2,  th_eq = 109.5000 deg 
        (H1-CT-H1) Kt =  35.0000 kcal/(mol rad)^2,  th_eq = 109.5000 deg 
        (O -C -N ) Kt =  80.0000 kcal/(mol rad)^2,  th_eq = 122.9001 deg 
        (C -N -CT) Kt =  50.0000 kcal/(mol rad)^2,  th_eq = 121.9001 deg 
        (CT-C -O ) Kt =  80.0000 kcal/(mol rad)^2,  th_eq = 120.4001 deg 
        (CT-C -N ) Kt =  70.0000 kcal/(mol rad)^2,  th_eq = 116.6000 deg 
        (CT-CT-C ) Kt =  63.0000 kcal/(mol rad)^2,  th_eq = 111.1000 deg 
        (N -CT-CT) Kt =  80.0000 kcal/(mol rad)^2,  th_eq = 109.7000 deg 
        (N -CT-C ) Kt =  63.0000 kcal/(mol rad)^2,  th_eq = 110.1000 deg 
       (O -C -N -H ) Kp =   2.0000 kcal/mol,  Np = 1.0000,  Phase =   0.0000 Deg 
       (O -C -N -H ) Kp =   2.5000 kcal/mol,  Np = 2.0000,  Phase = 180.0001 Deg 
       (C -N -CT-H1) Kp =   0.0000 kcal/mol,  Np = 2.0000,  Phase =   0.0000 Deg 
       (HC-CT-C -O ) Kp =   0.8000 kcal/mol,  Np = 1.0000,  Phase =   0.0000 Deg 
       (HC-CT-C -O ) Kp =   0.0000 kcal/mol,  Np = 2.0000,  Phase =   0.0000 Deg 
       (HC-CT-C -O ) Kp =   0.0800 kcal/mol,  Np = 3.0000,  Phase = 180.0001 Deg 
       (HC-CT-C -N ) Kp =   0.0000 kcal/mol,  Np = 2.0000,  Phase =   0.0000 Deg 
       (CT-C -N -H ) Kp =   2.5000 kcal/mol,  Np = 2.0000,  Phase = 180.0001 Deg 
       (HC-CT-CT-C ) Kp =   0.1556 kcal/mol,  Np = 3.0000,  Phase =   0.0000 Deg 
       (H1-CT-CT-HC) Kp =   0.1556 kcal/mol,  Np = 3.0000,  Phase =   0.0000 Deg 
       (H1-CT-C -O ) Kp =   0.8000 kcal/mol,  Np = 1.0000,  Phase =   0.0000 Deg 
       (H1-CT-C -O ) Kp =   0.0000 kcal/mol,  Np = 2.0000,  Phase =   0.0000 Deg 
       (H1-CT-C -O ) Kp =   0.0800 kcal/mol,  Np = 3.0000,  Phase = 180.0001 Deg 
       (H1-CT-C -N ) Kp =   0.0000 kcal/mol,  Np = 2.0000,  Phase =   0.0000 Deg 
       (H -N -CT-H1) Kp =   0.0000 kcal/mol,  Np = 2.0000,  Phase =   0.0000 Deg 
       (H -N -CT-CT) Kp =   0.0000 kcal/mol,  Np = 2.0000,  Phase =   0.0000 Deg 
       (H -N -CT-C ) Kp =   0.0000 kcal/mol,  Np = 2.0000,  Phase =   0.0000 Deg 
       (N -CT-CT-HC) Kp =   0.1556 kcal/mol,  Np = 3.0000,  Phase =   0.0000 Deg 
   IMP (C -CT-N -H ) Kp =   1.1000 kcal/mol,  Np = 2.0000,  Phase = 180.0001 Deg 
       (O -C -N -CT) Kp =   2.5000 kcal/mol,  Np = 2.0000,  Phase = 180.0001 Deg 
       (C -N -CT-CT) Kp =   2.0000 kcal/mol,  Np = 1.0000,  Phase =   0.0000 Deg 
       (C -N -CT-CT) Kp =   2.0000 kcal/mol,  Np = 2.0000,  Phase =   0.0000 Deg 
       (C -N -CT-CT) Kp =   0.4000 kcal/mol,  Np = 3.0000,  Phase =   0.0000 Deg 
       (C -N -CT-CT) Kp =   0.0000 kcal/mol,  Np = 4.0000,  Phase =   0.0000 Deg 
       (C -N -CT-C )*Kp =   2.3719 kcal/mol,  Np = 1.0000,  Phase =   0.0000 Deg 
       (C -N -CT-C )*Kp =   0.2611 kcal/mol,  Np = 2.0000,  Phase =   0.0000 Deg 
       (C -N -CT-C )*Kp =  -0.3327 kcal/mol,  Np = 3.0000,  Phase =   0.0000 Deg 
       (CT-C -N -CT) Kp =   2.5000 kcal/mol,  Np = 2.0000,  Phase = 180.0001 Deg 
       (CT-CT-C -O ) Kp =   0.0000 kcal/mol,  Np = 2.0000,  Phase =   0.0000 Deg 
       (CT-CT-C -N ) Kp =   0.2000 kcal/mol,  Np = 1.0000,  Phase =   0.0000 Deg 
       (CT-CT-C -N ) Kp =   0.2000 kcal/mol,  Np = 2.0000,  Phase =   0.0000 Deg 
       (CT-CT-C -N ) Kp =   0.4000 kcal/mol,  Np = 3.0000,  Phase =   0.0000 Deg 
       (CT-CT-C -N ) Kp =   0.0000 kcal/mol,  Np = 4.0000,  Phase =   0.0000 Deg 
       (N -CT-C -O ) Kp =   0.0000 kcal/mol,  Np = 2.0000,  Phase =   0.0000 Deg 
       (N -CT-C -N )*Kp =  -0.9493 kcal/mol,  Np = 1.0000,  Phase = 180.0001 Deg 
       (N -CT-C -N )*Kp =   1.2161 kcal/mol,  Np = 2.0000,  Phase = 180.0001 Deg 
       (N -CT-C -N )*Kp =  -0.1073 kcal/mol,  Np = 3.0000,  Phase = 180.0001 Deg 
   IMP (CT-N -C -O ) Kp =  10.5000 kcal/mol,  Np = 2.0000,  Phase = 180.0001 Deg 
   ----------------------------------------------------------------------------------
|   Called the fitness function 8891 times.
   Function value with fitted parameters  =      920.0202, R^2 =       0.7881
   Calculated energy with fitted parameters for structure 1 =      7.5340 KCal/mol

 * Saving ffrcmod file to frcmod.frcmod
 * Saving energy file with 143 structures to amber_quantum_fit.dat
 * Result passed angle validity check.
 * Result passed bond validity check.

|             Program Execution Completed at: Tue Jan 10 15:29:34 2017
|                            Elapsed Time = 139.00 seconds
*************************************************************************************
