
          -------------------------------------------------------
          Amber 16 SANDER                              2016
          -------------------------------------------------------

| Run on 03/14/2017 at 14:27:25

|   Executable path: sander.MPI
| Working directory: /home/steboss/projects/mdgx-tests/alanine/IPOLQ/input/PhiPsi_1/210/255
|          Hostname: node012

  [-O]verwriting output

File Assignments:
|  MDIN: min.in                                                                
| MDOUT: Conf255.min.out                                                       
|INPCRD: Conf255.crd                                                           
|  PARM: Conf255.top                                                           
|RESTRT: Conf255.min                                                           
|  REFC: Conf255.crd                                                           
| MDVEL: mdvel                                                                 
| MDFRC: mdfrc                                                                 
|  MDEN: mden                                                                  
| MDCRD: mdcrd                                                                 
|MDINFO: mdinfo                                                                
|  MTMD: mtmd                                                                  
|INPDIP: inpdip                                                                
|RSTDIP: rstdip                                                                
|INPTRA: inptraj                                                               

|    REMLOG: rem.log
|   REMTYPE: rem.type
|  REMSTRIP: 
|   SAVEENE: saveene
|CLUSTERINF: cluster.info
| RESERVOIR: reserv/frame
|   REMDDIM: 


 Here is the input file:

Initial minimization                                                           
 &cntrl                                                                        
  ntx    = 1,       irest  = 0,       ntrx   = 1,      ntxo   = 1,             
  ntpr   = 20,      ntwx   = 0,       ntwv   = 0,      ntwe   = 0,             
                                                                               
  ntf    = 1,       ntb    = 1,                                                
  ntc    = 1,       ntr    = 1,                                                
  restraintmask = ':1',                                                        
  restraint_wt = 100.0,                                                        
  cut    = 9.0,                                                                
                                                                               
  imin   = 1,                                                                  
  maxcyc = 1000,                                                               
  ncyc   = 100,                                                                
                                                                               
 &end                                                                          

--------------------------------------------------------------------------------
   1.  RESOURCE   USE: 
--------------------------------------------------------------------------------

| Flags: MPI                                                                    
 getting new box info from bottom of inpcrd
|  INFO: Old style inpcrd file read

| peek_ewald_inpcrd: Box info found
|Largest sphere to fit in unit cell has radius =    14.880
| New format PARM file being parsed.
| Version =    1.000 Date = 03/14/17 Time = 13:38:51
 NATOM  =    3118 NTYPES =       9 NBONH =    3108 MBONA  =       9
 NTHETH =      25 MTHETA =      11 NPHIH =      43 MPHIA  =      24
 NHPARM =       0 NPARM  =       0 NNB   =    4227 NRES   =    1035
 NBONA  =       9 NTHETA =      11 NPHIA =      24 NUMBND =      10
 NUMANG =      16 NPTRA  =      19 NATYP =       9 NPHB   =       1
 IFBOX  =       2 NMXRS  =      10 IFCAP =       0 NEXTRA =       0
 NCOPY  =       0


|     Memory Use     Allocated
|     Real              352014
|     Hollerith          10391
|     Integer            94056
|     Max Pairs         345838
|     nblistReal         37416
|     nblist Int        103092
|       Total             5204 kbytes

| Note: 1-4 EEL scale factors are being read from the topology file.

| Note: 1-4 VDW scale factors are being read from the topology file.
| Duplicated    0 dihedrals
| Duplicated    0 dihedrals

     BOX TYPE: TRUNCATED OCTAHEDRON

--------------------------------------------------------------------------------
   2.  CONTROL  DATA  FOR  THE  RUN
--------------------------------------------------------------------------------

default_name                                                                    

General flags:
     imin    =       1, nmropt  =       0

Nature and format of input:
     ntx     =       1, irest   =       0, ntrx    =       1

Nature and format of output:
     ntxo    =       1, ntpr    =      20, ntrx    =       1, ntwr    =       1
     iwrap   =       0, ntwx    =       0, ntwv    =       0, ntwe    =       0
     ioutfm  =       1, ntwprt  =       0, idecomp =       0, rbornstat=      0

Potential function:
     ntf     =       1, ntb     =       1, igb     =       0, nsnb    =      25
     ipol    =       0, gbsa    =       0, iesp    =       0
     dielc   =   1.00000, cut     =   9.00000, intdiel =   1.00000

Frozen or restrained atoms:
     ibelly  =       0, ntr     =       1
     restraint_wt = 100.00000

Energy minimization:
     maxcyc  =    1000, ncyc    =     100, ntmin   =       1
     dx0     =   0.01000, drms    =   0.00010

Ewald parameters:
     verbose =       0, ew_type =       0, nbflag  =       1, use_pme =       1
     vdwmeth =       1, eedmeth =       1, netfrc  =       0
     Box X =   36.448   Box Y =   36.448   Box Z =   36.448
     Alpha =  109.471   Beta  =  109.471   Gamma =  109.471
     NFFT1 =   36       NFFT2 =   36       NFFT3 =   36
     Cutoff=    9.000   Tol   =0.100E-04
     Ewald Coefficient =  0.30768
     Interpolation order =    4

| MPI Timing options:
|      profile_mpi =        0

    LOADING THE CONSTRAINED ATOMS AS GROUPS


   5.  REFERENCE ATOM COORDINATES

  defa
     Mask :1; matches     6 atoms

--------------------------------------------------------------------------------
   3.  ATOMIC COORDINATES AND VELOCITIES
--------------------------------------------------------------------------------

default_name                                                                    
 begin time read from input coords =     0.000 ps

 Number of triangulated 3-point waters found:     1032
|  Atom division among processors:
|         0     391     778    1168    1558    1945    2335    2725
|      3118

     Sum of charges from parm topology file =  -0.00000000
     Forcing neutrality...
|  Running AMBER/MPI version on    8 nodes


--------------------------------------------------------------------------------
   4.  RESULTS
--------------------------------------------------------------------------------

 ---------------------------------------------------
 APPROXIMATING switch and d/dx switch using CUBIC SPLINE INTERPOLATION
 using   5000.0 points per unit in tabled values
 TESTING RELATIVE ERROR over r ranging from 0.0 to cutoff
| CHECK switch(x): max rel err =   0.2738E-14   at   2.422500
| CHECK d/dx switch(x): max rel err =   0.8314E-11   at   2.736960
 ---------------------------------------------------
| Local SIZE OF NONBOND LIST =      96469
| TOTAL SIZE OF NONBOND LIST =     726782


   NSTEP       ENERGY          RMS            GMAX         NAME    NUMBER
      1      -7.7432E+03     7.0309E+01     3.1031E+03     O        2411

 BOND    =        0.5512  ANGLE   =        1.1278  DIHED      =       12.3213
 VDWAALS =     1865.4566  EEL     =    -9670.3168  HBOND      =        0.0000
 1-4 VDW =        3.0142  1-4 EEL =       44.6812  RESTRAINT  =        0.0000


   NSTEP       ENERGY          RMS            GMAX         NAME    NUMBER
     20      -9.4049E+03     3.0901E+00     2.6641E+01     O        2222

 BOND    =      487.7986  ANGLE   =        1.1426  DIHED      =       12.3402
 VDWAALS =      963.1629  EEL     =   -10917.0269  HBOND      =        0.0000
 1-4 VDW =        3.0008  1-4 EEL =       44.6285  RESTRAINT  =        0.0105
 EAMBER  =    -9404.9534


   NSTEP       ENERGY          RMS            GMAX         NAME    NUMBER
     40      -1.0205E+04     1.5939E+00     1.2764E+01     H2       2413

 BOND    =      572.9598  ANGLE   =        1.1635  DIHED      =       12.3513
 VDWAALS =      966.6387  EEL     =   -11806.1484  HBOND      =        0.0000
 1-4 VDW =        2.9723  1-4 EEL =       44.6490  RESTRAINT  =        0.0107
 EAMBER  =   -10205.4137


   NSTEP       ENERGY          RMS            GMAX         NAME    NUMBER
     60      -1.0465E+04     3.2532E+00     4.9884E+01     H2       2413

 BOND    =      669.9118  ANGLE   =        1.1798  DIHED      =       12.3431
 VDWAALS =      999.1214  EEL     =   -12195.1684  HBOND      =        0.0000
 1-4 VDW =        2.9630  1-4 EEL =       44.7397  RESTRAINT  =        0.0082
 EAMBER  =   -10464.9097


   NSTEP       ENERGY          RMS            GMAX         NAME    NUMBER
     80      -1.0644E+04     1.1296E+00     9.2217E+00     H1       2412

 BOND    =      595.7573  ANGLE   =        1.1962  DIHED      =       12.3266
 VDWAALS =     1034.7146  EEL     =   -12336.2477  HBOND      =        0.0000
 1-4 VDW =        2.9609  1-4 EEL =       44.8350  RESTRAINT  =        0.0073
 EAMBER  =   -10644.4571


   NSTEP       ENERGY          RMS            GMAX         NAME    NUMBER
    100      -1.0768E+04     9.1652E-01     4.9729E+00     H1       2412

 BOND    =      616.3456  ANGLE   =        1.2065  DIHED      =       12.3053
 VDWAALS =     1070.6269  EEL     =   -12516.1429  HBOND      =        0.0000
 1-4 VDW =        2.9647  1-4 EEL =       44.9258  RESTRAINT  =        0.0070
 EAMBER  =   -10767.7681


   NSTEP       ENERGY          RMS            GMAX         NAME    NUMBER
    120      -1.1281E+04     4.6066E+00     4.5624E+01     H1        777

 BOND    =      869.8089  ANGLE   =        1.4743  DIHED      =       11.9260
 VDWAALS =     1526.1029  EEL     =   -13739.3016  HBOND      =        0.0000
 1-4 VDW =        3.1013  1-4 EEL =       45.8470  RESTRAINT  =        0.0115
 EAMBER  =   -11281.0413


   NSTEP       ENERGY          RMS            GMAX         NAME    NUMBER
    140      -1.1451E+04     1.1509E+00     1.3764E+01     O        2825

 BOND    =      739.4858  ANGLE   =        1.2979  DIHED      =       11.8326
 VDWAALS =     1537.8409  EEL     =   -13790.4055  HBOND      =        0.0000
 1-4 VDW =        3.1213  1-4 EEL =       45.8099  RESTRAINT  =        0.0133
 EAMBER  =   -11451.0172


   NSTEP       ENERGY          RMS            GMAX         NAME    NUMBER
    160      -1.1571E+04     1.0575E+00     2.0569E+01     O        2693

 BOND    =      750.0201  ANGLE   =        1.4944  DIHED      =       11.5626
 VDWAALS =     1560.1981  EEL     =   -13943.1692  HBOND      =        0.0000
 1-4 VDW =        3.1844  1-4 EEL =       45.7881  RESTRAINT  =        0.0198
 EAMBER  =   -11570.9216


   NSTEP       ENERGY          RMS            GMAX         NAME    NUMBER
    180      -1.1690E+04     1.3205E+00     2.5627E+01     C           5

 BOND    =      789.8398  ANGLE   =        2.2130  DIHED      =       11.4942
 VDWAALS =     1684.0556  EEL     =   -14226.8726  HBOND      =        0.0000
 1-4 VDW =        3.3574  1-4 EEL =       46.0979  RESTRAINT  =        0.0541
 EAMBER  =   -11689.8145


   NSTEP       ENERGY          RMS            GMAX         NAME    NUMBER
    200      -1.1793E+04     1.9586E+00     3.1179E+01     N          17

 BOND    =      797.7341  ANGLE   =        2.5052  DIHED      =       11.2017
 VDWAALS =     1779.5531  EEL     =   -14433.3685  HBOND      =        0.0000
 1-4 VDW =        3.1177  1-4 EEL =       45.9689  RESTRAINT  =        0.1121
 EAMBER  =   -11793.2878


   NSTEP       ENERGY          RMS            GMAX         NAME    NUMBER
    220      -1.1869E+04     1.0232E+00     1.5657E+01     O        2240

 BOND    =      813.8648  ANGLE   =        1.5844  DIHED      =       11.1655
 VDWAALS =     1801.7483  EEL     =   -14546.7359  HBOND      =        0.0000
 1-4 VDW =        3.1861  1-4 EEL =       45.8657  RESTRAINT  =        0.0702
 EAMBER  =   -11869.3212


   NSTEP       ENERGY          RMS            GMAX         NAME    NUMBER
    240      -1.1935E+04     9.6976E-01     2.0460E+01     CB         11

 BOND    =      839.1274  ANGLE   =        2.3956  DIHED      =       11.1571
 VDWAALS =     1854.4659  EEL     =   -14691.2033  HBOND      =        0.0000
 1-4 VDW =        3.1260  1-4 EEL =       46.1289  RESTRAINT  =        0.1441
 EAMBER  =   -11934.8024


   NSTEP       ENERGY          RMS            GMAX         NAME    NUMBER
    260      -1.1977E+04     9.4085E-01     2.2634E+01     CA          9

 BOND    =      841.7787  ANGLE   =        2.6924  DIHED      =       10.9611
 VDWAALS =     1884.9220  EEL     =   -14767.8261  HBOND      =        0.0000
 1-4 VDW =        3.5499  1-4 EEL =       46.2779  RESTRAINT  =        0.2870
 EAMBER  =   -11977.6441


   NSTEP       ENERGY          RMS            GMAX         NAME    NUMBER
    280      -1.2027E+04     8.8307E-01     2.1391E+01     CA          9

 BOND    =      841.8879  ANGLE   =        3.1791  DIHED      =       10.7883
 VDWAALS =     1947.8198  EEL     =   -14881.4111  HBOND      =        0.0000
 1-4 VDW =        3.6756  1-4 EEL =       46.4545  RESTRAINT  =        0.4209
 EAMBER  =   -12027.6059


   NSTEP       ENERGY          RMS            GMAX         NAME    NUMBER
    300      -1.2076E+04     7.9641E-01     2.5785E+01     N          17

 BOND    =      852.0917  ANGLE   =        2.1644  DIHED      =       10.4020
 VDWAALS =     1980.1354  EEL     =   -14971.0744  HBOND      =        0.0000
 1-4 VDW =        3.3868  1-4 EEL =       46.5558  RESTRAINT  =        0.1962
 EAMBER  =   -12076.3383


   NSTEP       ENERGY          RMS            GMAX         NAME    NUMBER
    320      -1.2111E+04     6.9135E-01     2.4311E+01     C           5

 BOND    =      865.3207  ANGLE   =        1.4952  DIHED      =       10.2516
 VDWAALS =     1998.1407  EEL     =   -15035.7537  HBOND      =        0.0000
 1-4 VDW =        3.3419  1-4 EEL =       46.4603  RESTRAINT  =        0.1173
 EAMBER  =   -12110.7433


   NSTEP       ENERGY          RMS            GMAX         NAME    NUMBER
    340      -1.2141E+04     6.5810E-01     1.6101E+01     HA         10

 BOND    =      864.1395  ANGLE   =        3.0996  DIHED      =       10.8202
 VDWAALS =     2016.2578  EEL     =   -15084.8097  HBOND      =        0.0000
 1-4 VDW =        3.3595  1-4 EEL =       46.2135  RESTRAINT  =        0.3104
 EAMBER  =   -12140.9194


   NSTEP       ENERGY          RMS            GMAX         NAME    NUMBER
    360      -1.2176E+04     9.0714E-01     2.7154E+01     N          17

 BOND    =      881.1825  ANGLE   =        2.4596  DIHED      =       10.3234
 VDWAALS =     2043.1160  EEL     =   -15162.9071  HBOND      =        0.0000
 1-4 VDW =        3.4861  1-4 EEL =       46.3632  RESTRAINT  =        0.3863
 EAMBER  =   -12175.9763


   NSTEP       ENERGY          RMS            GMAX         NAME    NUMBER
    380      -1.2202E+04     6.2767E-01     1.5480E+01     N          17

 BOND    =      872.0572  ANGLE   =        3.1589  DIHED      =       10.0140
 VDWAALS =     2062.5587  EEL     =   -15200.8796  HBOND      =        0.0000
 1-4 VDW =        3.7118  1-4 EEL =       46.8311  RESTRAINT  =        0.3338
 EAMBER  =   -12202.5478


   NSTEP       ENERGY          RMS            GMAX         NAME    NUMBER
    400      -1.2242E+04     7.9530E-01     1.7820E+01     N           7

 BOND    =      881.2685  ANGLE   =        2.0124  DIHED      =        9.5658
 VDWAALS =     2099.2486  EEL     =   -15284.4621  HBOND      =        0.0000
 1-4 VDW =        3.5530  1-4 EEL =       47.0504  RESTRAINT  =        0.2029
 EAMBER  =   -12241.7634


   NSTEP       ENERGY          RMS            GMAX         NAME    NUMBER
    420      -1.2274E+04     5.7814E-01     1.2558E+01     C          15

 BOND    =      895.4389  ANGLE   =        1.5860  DIHED      =        9.6069
 VDWAALS =     2103.4544  EEL     =   -15334.0877  HBOND      =        0.0000
 1-4 VDW =        3.3913  1-4 EEL =       46.6923  RESTRAINT  =        0.0852
 EAMBER  =   -12273.9180


   NSTEP       ENERGY          RMS            GMAX         NAME    NUMBER
    440      -1.2298E+04     7.8182E-01     3.0037E+01     C          15

 BOND    =      889.1323  ANGLE   =        2.6218  DIHED      =        9.9850
 VDWAALS =     2114.9439  EEL     =   -15364.7048  HBOND      =        0.0000
 1-4 VDW =        3.1957  1-4 EEL =       46.5813  RESTRAINT  =        0.3556
 EAMBER  =   -12298.2447


   NSTEP       ENERGY          RMS            GMAX         NAME    NUMBER
    460      -1.2319E+04     6.8503E-01     1.8765E+01     C           5

 BOND    =      899.7209  ANGLE   =        2.3035  DIHED      =        9.6735
 VDWAALS =     2128.7350  EEL     =   -15409.4550  HBOND      =        0.0000
 1-4 VDW =        3.3014  1-4 EEL =       46.5216  RESTRAINT  =        0.3512
 EAMBER  =   -12319.1991


   NSTEP       ENERGY          RMS            GMAX         NAME    NUMBER
    480      -1.2341E+04     5.3846E-01     1.2156E+01     N          17

 BOND    =      900.8908  ANGLE   =        1.8622  DIHED      =        9.3116
 VDWAALS =     2151.7897  EEL     =   -15455.9291  HBOND      =        0.0000
 1-4 VDW =        3.6102  1-4 EEL =       46.6867  RESTRAINT  =        0.5575
 EAMBER  =   -12341.7779


   NSTEP       ENERGY          RMS            GMAX         NAME    NUMBER
    500      -1.2365E+04     6.7260E-01     1.9425E+01     C          15

 BOND    =      901.0086  ANGLE   =        2.0672  DIHED      =        9.1728
 VDWAALS =     2165.5552  EEL     =   -15494.2849  HBOND      =        0.0000
 1-4 VDW =        3.6494  1-4 EEL =       47.2821  RESTRAINT  =        0.2196
 EAMBER  =   -12365.5496


   NSTEP       ENERGY          RMS            GMAX         NAME    NUMBER
    520      -1.2382E+04     5.5083E-01     1.6597E+01     N           7

 BOND    =      910.9222  ANGLE   =        1.6893  DIHED      =        9.2807
 VDWAALS =     2178.2583  EEL     =   -15532.5318  HBOND      =        0.0000
 1-4 VDW =        3.3158  1-4 EEL =       46.8219  RESTRAINT  =        0.0705
 EAMBER  =   -12382.2436


   NSTEP       ENERGY          RMS            GMAX         NAME    NUMBER
    540      -1.2399E+04     1.1461E+00     4.2867E+01     C           5

 BOND    =      907.5531  ANGLE   =        2.4467  DIHED      =        9.5303
 VDWAALS =     2190.6470  EEL     =   -15559.1778  HBOND      =        0.0000
 1-4 VDW =        3.1360  1-4 EEL =       46.4663  RESTRAINT  =        0.2607
 EAMBER  =   -12399.3984


   NSTEP       ENERGY          RMS            GMAX         NAME    NUMBER
    560      -1.2415E+04     5.1051E-01     1.1506E+01     CB         11

 BOND    =      916.7656  ANGLE   =        1.8889  DIHED      =        9.2994
 VDWAALS =     2203.2162  EEL     =   -15596.1244  HBOND      =        0.0000
 1-4 VDW =        3.2654  1-4 EEL =       46.5861  RESTRAINT  =        0.2526
 EAMBER  =   -12415.1028


   NSTEP       ENERGY          RMS            GMAX         NAME    NUMBER
    580      -1.2430E+04     3.6812E-01     8.9012E+00     O           6

 BOND    =      916.2888  ANGLE   =        1.5866  DIHED      =        8.9907
 VDWAALS =     2220.8955  EEL     =   -15628.8986  HBOND      =        0.0000
 1-4 VDW =        3.5142  1-4 EEL =       46.8534  RESTRAINT  =        0.3550
 EAMBER  =   -12430.7694


   NSTEP       ENERGY          RMS            GMAX         NAME    NUMBER
    600      -1.2447E+04     6.2055E-01     1.4000E+01     CB         11

 BOND    =      916.6456  ANGLE   =        2.0398  DIHED      =        8.9340
 VDWAALS =     2234.6900  EEL     =   -15660.6385  HBOND      =        0.0000
 1-4 VDW =        3.6648  1-4 EEL =       47.4650  RESTRAINT  =        0.1934
 EAMBER  =   -12447.1994


   NSTEP       ENERGY          RMS            GMAX         NAME    NUMBER
    620      -1.2459E+04     4.9298E-01     1.4009E+01     C          15

 BOND    =      925.1596  ANGLE   =        1.7612  DIHED      =        8.9733
 VDWAALS =     2243.7114  EEL     =   -15689.1725  HBOND      =        0.0000
 1-4 VDW =        3.2774  1-4 EEL =       46.9168  RESTRAINT  =        0.0601
 EAMBER  =   -12459.3727


   NSTEP       ENERGY          RMS            GMAX         NAME    NUMBER
    640      -1.2472E+04     8.8402E-01     3.7969E+01     C          15

 BOND    =      920.3226  ANGLE   =        2.3437  DIHED      =        9.2427
 VDWAALS =     2253.2410  EEL     =   -15707.2423  HBOND      =        0.0000
 1-4 VDW =        3.0785  1-4 EEL =       46.4449  RESTRAINT  =        0.2279
 EAMBER  =   -12472.5688


   NSTEP       ENERGY          RMS            GMAX         NAME    NUMBER
    660      -1.2484E+04     4.4506E-01     1.0247E+01     CB         11

 BOND    =      929.6131  ANGLE   =        1.7130  DIHED      =        9.0788
 VDWAALS =     2261.8452  EEL     =   -15735.8995  HBOND      =        0.0000
 1-4 VDW =        3.1878  1-4 EEL =       46.5494  RESTRAINT  =        0.1835
 EAMBER  =   -12483.9122


   NSTEP       ENERGY          RMS            GMAX         NAME    NUMBER
    680      -1.2497E+04     3.4410E-01     1.0142E+01     O           6

 BOND    =      929.2366  ANGLE   =        1.5148  DIHED      =        8.8180
 VDWAALS =     2276.9987  EEL     =   -15764.5203  HBOND      =        0.0000
 1-4 VDW =        3.4362  1-4 EEL =       46.9083  RESTRAINT  =        0.3986
 EAMBER  =   -12497.6077


   NSTEP       ENERGY          RMS            GMAX         NAME    NUMBER
    700      -1.2511E+04     5.8473E-01     1.5984E+01     CB         11

 BOND    =      930.6209  ANGLE   =        1.7138  DIHED      =        8.7584
 VDWAALS =     2287.1631  EEL     =   -15790.3639  HBOND      =        0.0000
 1-4 VDW =        3.5837  1-4 EEL =       47.4388  RESTRAINT  =        0.2553
 EAMBER  =   -12511.0853


   NSTEP       ENERGY          RMS            GMAX         NAME    NUMBER
    720      -1.2521E+04     4.2280E-01     1.5306E+01     N          17

 BOND    =      934.5633  ANGLE   =        1.6269  DIHED      =        8.7652
 VDWAALS =     2296.4163  EEL     =   -15812.5638  HBOND      =        0.0000
 1-4 VDW =        3.2732  1-4 EEL =       47.0542  RESTRAINT  =        0.0541
 EAMBER  =   -12520.8647


   NSTEP       ENERGY          RMS            GMAX         NAME    NUMBER
    740      -1.2534E+04     5.1711E-01     1.0662E+01     C           5

 BOND    =      933.2679  ANGLE   =        2.1841  DIHED      =        8.9080
 VDWAALS =     2305.4336  EEL     =   -15833.4566  HBOND      =        0.0000
 1-4 VDW =        3.0607  1-4 EEL =       46.3476  RESTRAINT  =        0.1746
 EAMBER  =   -12534.2547


   NSTEP       ENERGY          RMS            GMAX         NAME    NUMBER
    760      -1.2542E+04     4.0816E-01     1.2427E+01     CB         11

 BOND    =      940.2489  ANGLE   =        1.6088  DIHED      =        8.7997
 VDWAALS =     2311.5494  EEL     =   -15853.8965  HBOND      =        0.0000
 1-4 VDW =        3.1481  1-4 EEL =       46.7775  RESTRAINT  =        0.1010
 EAMBER  =   -12541.7641


   NSTEP       ENERGY          RMS            GMAX         NAME    NUMBER
    780      -1.2556E+04     4.9767E-01     1.3938E+01     HH31       20

 BOND    =      941.5587  ANGLE   =        1.6913  DIHED      =        8.7086
 VDWAALS =     2328.3247  EEL     =   -15886.5570  HBOND      =        0.0000
 1-4 VDW =        3.3615  1-4 EEL =       47.0126  RESTRAINT  =        0.3053
 EAMBER  =   -12555.8996


   NSTEP       ENERGY          RMS            GMAX         NAME    NUMBER
    800      -1.2566E+04     5.7411E-01     2.0061E+01     C           5

 BOND    =      947.3382  ANGLE   =        1.4610  DIHED      =        8.7759
 VDWAALS =     2335.5118  EEL     =   -15909.3660  HBOND      =        0.0000
 1-4 VDW =        3.2154  1-4 EEL =       47.0062  RESTRAINT  =        0.2210
 EAMBER  =   -12566.0575


   NSTEP       ENERGY          RMS            GMAX         NAME    NUMBER
    820      -1.2573E+04     4.4825E-01     1.3360E+01     N          17

 BOND    =      942.8421  ANGLE   =        1.4419  DIHED      =        8.7306
 VDWAALS =     2341.4034  EEL     =   -15917.6964  HBOND      =        0.0000
 1-4 VDW =        3.1106  1-4 EEL =       46.7698  RESTRAINT  =        0.0930
 EAMBER  =   -12573.3982


   NSTEP       ENERGY          RMS            GMAX         NAME    NUMBER
    840      -1.2583E+04     3.2820E-01     7.5677E+00     C          15

 BOND    =      946.9013  ANGLE   =        1.7331  DIHED      =        8.6954
 VDWAALS =     2348.7214  EEL     =   -15938.6825  HBOND      =        0.0000
 1-4 VDW =        3.1866  1-4 EEL =       46.6624  RESTRAINT  =        0.0969
 EAMBER  =   -12582.7823


   NSTEP       ENERGY          RMS            GMAX         NAME    NUMBER
    860      -1.2589E+04     4.3460E-01     1.4804E+01     N           7

 BOND    =      943.5662  ANGLE   =        1.2926  DIHED      =        8.6123
 VDWAALS =     2355.4916  EEL     =   -15948.1782  HBOND      =        0.0000
 1-4 VDW =        3.2058  1-4 EEL =       46.8212  RESTRAINT  =        0.1021
 EAMBER  =   -12589.1885


   NSTEP       ENERGY          RMS            GMAX         NAME    NUMBER
    880      -1.2597E+04     2.8501E-01     5.0008E+00     CA          9

 BOND    =      952.1882  ANGLE   =        1.3589  DIHED      =        8.6176
 VDWAALS =     2367.1336  EEL     =   -15977.1032  HBOND      =        0.0000
 1-4 VDW =        3.2457  1-4 EEL =       46.9848  RESTRAINT  =        0.2083
 EAMBER  =   -12597.5744


   NSTEP       ENERGY          RMS            GMAX         NAME    NUMBER
    900      -1.2605E+04     3.5732E-01     6.6843E+00     C          15

 BOND    =      953.1518  ANGLE   =        1.3999  DIHED      =        8.6523
 VDWAALS =     2373.5020  EEL     =   -15991.9472  HBOND      =        0.0000
 1-4 VDW =        3.1594  1-4 EEL =       47.0501  RESTRAINT  =        0.1767
 EAMBER  =   -12605.0317


   NSTEP       ENERGY          RMS            GMAX         NAME    NUMBER
    920      -1.2610E+04     3.9129E-01     1.2193E+01     O           6

 BOND    =      952.4708  ANGLE   =        1.3247  DIHED      =        8.6147
 VDWAALS =     2379.3316  EEL     =   -16001.9745  HBOND      =        0.0000
 1-4 VDW =        3.0952  1-4 EEL =       46.9579  RESTRAINT  =        0.1119
 EAMBER  =   -12610.1796


   NSTEP       ENERGY          RMS            GMAX         NAME    NUMBER
    940      -1.2617E+04     3.1123E-01     9.8150E+00     CH3         2

 BOND    =      952.4831  ANGLE   =        1.5500  DIHED      =        8.6159
 VDWAALS =     2384.9669  EEL     =   -16014.2306  HBOND      =        0.0000
 1-4 VDW =        3.1082  1-4 EEL =       46.6730  RESTRAINT  =        0.1193
 EAMBER  =   -12616.8335


   NSTEP       ENERGY          RMS            GMAX         NAME    NUMBER
    960      -1.2621E+04     3.0740E-01     1.0103E+01     CA          9

 BOND    =      954.1401  ANGLE   =        1.3022  DIHED      =        8.5553
 VDWAALS =     2389.1263  EEL     =   -16024.2240  HBOND      =        0.0000
 1-4 VDW =        3.1022  1-4 EEL =       46.8261  RESTRAINT  =        0.1283
 EAMBER  =   -12621.1717


   NSTEP       ENERGY          RMS            GMAX         NAME    NUMBER
    980      -1.2627E+04     3.3816E-01     1.0916E+01     N           7

 BOND    =      955.0685  ANGLE   =        1.1755  DIHED      =        8.5377
 VDWAALS =     2396.8762  EEL     =   -16039.0842  HBOND      =        0.0000
 1-4 VDW =        3.1447  1-4 EEL =       46.9567  RESTRAINT  =        0.1623
 EAMBER  =   -12627.3249


   NSTEP       ENERGY          RMS            GMAX         NAME    NUMBER
   1000      -1.2634E+04     4.0281E-01     1.2274E+01     C          15

 BOND    =      961.4162  ANGLE   =        1.4172  DIHED      =        8.5913
 VDWAALS =     2401.2088  EEL     =   -16056.7169  HBOND      =        0.0000
 1-4 VDW =        3.0749  1-4 EEL =       47.0655  RESTRAINT  =        0.1774
 EAMBER  =   -12633.9431


  Maximum number of minimization cycles reached.


                    FINAL RESULTS



   NSTEP       ENERGY          RMS            GMAX         NAME    NUMBER
   1000      -1.2634E+04     4.0281E-01     1.2274E+01     C          15

 BOND    =      961.4162  ANGLE   =        1.4172  DIHED      =        8.5913
 VDWAALS =     2401.2088  EEL     =   -16056.7169  HBOND      =        0.0000
 1-4 VDW =        3.0749  1-4 EEL =       47.0655  RESTRAINT  =        0.1774
 EAMBER  =   -12633.9431

--------------------------------------------------------------------------------
   5.  TIMINGS
--------------------------------------------------------------------------------

|                Build the list             0.05 (47.61% of List )
|                Other                      0.05 (52.39% of List )
|             List time                  0.10 ( 0.97% of Nonbo)
|                   Short_ene time             5.50 (95.97% of Direc)
|                   Other                      0.23 ( 4.03% of Direc)
|                Direct Ewald time          5.73 (56.23% of Ewald)
|                Adjust Ewald time          0.03 ( 0.32% of Ewald)
|                Self Ewald time            0.00 ( 0.02% of Ewald)
|                   Fill Bspline coeffs        0.17 ( 4.33% of Recip)
|                   Fill charge grid           0.13 ( 3.42% of Recip)
|                   Scalar sum                 0.51 (13.27% of Recip)
|                   Grad sum                   0.27 ( 7.11% of Recip)
|                      FFT back comm time         1.11 (41.92% of FFT t)
|                      Other                      1.54 (58.08% of FFT t)
|                   FFT time                   2.65 (69.58% of Recip)
|                   Other                      0.09 ( 2.30% of Recip)
|                Recip Ewald time           3.81 (37.41% of Ewald)
|                Force Adjust               0.52 ( 5.09% of Ewald)
|                Virial junk                0.09 ( 0.87% of Ewald)
|                Start synchronizatio       0.00 ( 0.01% of Ewald)
|                Other                      0.01 ( 0.06% of Ewald)
|             Ewald time                10.19 (99.02% of Nonbo)
|             Other                      0.00 ( 0.01% of Nonbo)
|          Nonbond force             10.29 (85.86% of Force)
|          Bond/Angle/Dihedral        0.03 ( 0.25% of Force)
|          FRC Collect time           0.21 ( 1.76% of Force)
|          Other                      1.45 (12.13% of Force)
|       Force time                11.99 (100.0% of Runmd)
|    Runmd Time                11.99 ( 5.75% of Total)
|    Other                    196.61 (94.25% of Total)
| Total time               208.61 (100.0% of ALL  )

| Highest rstack allocated:      41719
| Highest istack allocated:        923
|           Job began  at 14:27:25.595  on 03/14/2017
|           Setup done at 14:27:25.728  on 03/14/2017
|           Run   done at 14:30:54.202  on 03/14/2017
|     wallclock() was called   44066 times
