
          -------------------------------------------------------
          Amber 16 SANDER                              2016
          -------------------------------------------------------

| Run on 03/14/2017 at 14:27:25

|   Executable path: sander.MPI
| Working directory: /home/steboss/projects/mdgx-tests/alanine/IPOLQ/input/PhiPsi_1/210/270
|          Hostname: node012

  [-O]verwriting output

File Assignments:
|  MDIN: min.in                                                                
| MDOUT: Conf270.min.out                                                       
|INPCRD: Conf270.crd                                                           
|  PARM: Conf270.top                                                           
|RESTRT: Conf270.min                                                           
|  REFC: Conf270.crd                                                           
| MDVEL: mdvel                                                                 
| MDFRC: mdfrc                                                                 
|  MDEN: mden                                                                  
| MDCRD: mdcrd                                                                 
|MDINFO: mdinfo                                                                
|  MTMD: mtmd                                                                  
|INPDIP: inpdip                                                                
|RSTDIP: rstdip                                                                
|INPTRA: inptraj                                                               

|    REMLOG: rem.log
|   REMTYPE: rem.type
|  REMSTRIP: 
|   SAVEENE: saveene
|CLUSTERINF: cluster.info
| RESERVOIR: reserv/frame
|   REMDDIM: 


 Here is the input file:

Initial minimization                                                           
 &cntrl                                                                        
  ntx    = 1,       irest  = 0,       ntrx   = 1,      ntxo   = 1,             
  ntpr   = 20,      ntwx   = 0,       ntwv   = 0,      ntwe   = 0,             
                                                                               
  ntf    = 1,       ntb    = 1,                                                
  ntc    = 1,       ntr    = 1,                                                
  restraintmask = ':1',                                                        
  restraint_wt = 100.0,                                                        
  cut    = 9.0,                                                                
                                                                               
  imin   = 1,                                                                  
  maxcyc = 1000,                                                               
  ncyc   = 100,                                                                
                                                                               
 &end                                                                          

--------------------------------------------------------------------------------
   1.  RESOURCE   USE: 
--------------------------------------------------------------------------------

| Flags: MPI                                                                    
 getting new box info from bottom of inpcrd
|  INFO: Old style inpcrd file read

| peek_ewald_inpcrd: Box info found
|Largest sphere to fit in unit cell has radius =    14.877
| New format PARM file being parsed.
| Version =    1.000 Date = 03/14/17 Time = 13:38:51
 NATOM  =    3103 NTYPES =       9 NBONH =    3093 MBONA  =       9
 NTHETH =      25 MTHETA =      11 NPHIH =      43 MPHIA  =      24
 NHPARM =       0 NPARM  =       0 NNB   =    4207 NRES   =    1030
 NBONA  =       9 NTHETA =      11 NPHIA =      24 NUMBND =      10
 NUMANG =      16 NPTRA  =      19 NATYP =       9 NPHB   =       1
 IFBOX  =       2 NMXRS  =      10 IFCAP =       0 NEXTRA =       0
 NCOPY  =       0


|     Memory Use     Allocated
|     Real              350739
|     Hollerith          10341
|     Integer            93716
|     Max Pairs         344174
|     nblistReal         37236
|     nblist Int        102742
|       Total             5183 kbytes

| Note: 1-4 EEL scale factors are being read from the topology file.

| Note: 1-4 VDW scale factors are being read from the topology file.
| Duplicated    0 dihedrals
| Duplicated    0 dihedrals

     BOX TYPE: TRUNCATED OCTAHEDRON

--------------------------------------------------------------------------------
   2.  CONTROL  DATA  FOR  THE  RUN
--------------------------------------------------------------------------------

default_name                                                                    

General flags:
     imin    =       1, nmropt  =       0

Nature and format of input:
     ntx     =       1, irest   =       0, ntrx    =       1

Nature and format of output:
     ntxo    =       1, ntpr    =      20, ntrx    =       1, ntwr    =       1
     iwrap   =       0, ntwx    =       0, ntwv    =       0, ntwe    =       0
     ioutfm  =       1, ntwprt  =       0, idecomp =       0, rbornstat=      0

Potential function:
     ntf     =       1, ntb     =       1, igb     =       0, nsnb    =      25
     ipol    =       0, gbsa    =       0, iesp    =       0
     dielc   =   1.00000, cut     =   9.00000, intdiel =   1.00000

Frozen or restrained atoms:
     ibelly  =       0, ntr     =       1
     restraint_wt = 100.00000

Energy minimization:
     maxcyc  =    1000, ncyc    =     100, ntmin   =       1
     dx0     =   0.01000, drms    =   0.00010

Ewald parameters:
     verbose =       0, ew_type =       0, nbflag  =       1, use_pme =       1
     vdwmeth =       1, eedmeth =       1, netfrc  =       0
     Box X =   36.442   Box Y =   36.442   Box Z =   36.442
     Alpha =  109.471   Beta  =  109.471   Gamma =  109.471
     NFFT1 =   36       NFFT2 =   36       NFFT3 =   36
     Cutoff=    9.000   Tol   =0.100E-04
     Ewald Coefficient =  0.30768
     Interpolation order =    4

| MPI Timing options:
|      profile_mpi =        0

    LOADING THE CONSTRAINED ATOMS AS GROUPS


   5.  REFERENCE ATOM COORDINATES

  defa
     Mask :1; matches     6 atoms

--------------------------------------------------------------------------------
   3.  ATOMIC COORDINATES AND VELOCITIES
--------------------------------------------------------------------------------

default_name                                                                    
 begin time read from input coords =     0.000 ps

 Number of triangulated 3-point waters found:     1027
|  Atom division among processors:
|         0     388     775    1162    1549    1936    2323    2710
|      3103

     Sum of charges from parm topology file =  -0.00000000
     Forcing neutrality...
|  Running AMBER/MPI version on    8 nodes


--------------------------------------------------------------------------------
   4.  RESULTS
--------------------------------------------------------------------------------

 ---------------------------------------------------
 APPROXIMATING switch and d/dx switch using CUBIC SPLINE INTERPOLATION
 using   5000.0 points per unit in tabled values
 TESTING RELATIVE ERROR over r ranging from 0.0 to cutoff
| CHECK switch(x): max rel err =   0.2738E-14   at   2.422500
| CHECK d/dx switch(x): max rel err =   0.8314E-11   at   2.736960
 ---------------------------------------------------
| Local SIZE OF NONBOND LIST =      94628
| TOTAL SIZE OF NONBOND LIST =     719870


   NSTEP       ENERGY          RMS            GMAX         NAME    NUMBER
      1      -7.7005E+03     7.3015E+01     3.2287E+03     O        2399

 BOND    =        0.5172  ANGLE   =        1.0030  DIHED      =       12.5448
 VDWAALS =     1849.0643  EEL     =    -9610.6443  HBOND      =        0.0000
 1-4 VDW =        2.7724  1-4 EEL =       44.2005  RESTRAINT  =        0.0000


   NSTEP       ENERGY          RMS            GMAX         NAME    NUMBER
     20      -9.3522E+03     3.0417E+00     2.6027E+01     O        2210

 BOND    =      486.5044  ANGLE   =        1.0079  DIHED      =       12.5920
 VDWAALS =      959.1336  EEL     =   -10858.3870  HBOND      =        0.0000
 1-4 VDW =        2.7735  1-4 EEL =       44.1401  RESTRAINT  =        0.0053
 EAMBER  =    -9352.2354


   NSTEP       ENERGY          RMS            GMAX         NAME    NUMBER
     40      -1.0110E+04     6.8888E+00     4.9008E+01     H1       2400

 BOND    =      476.5709  ANGLE   =        1.0592  DIHED      =       12.6737
 VDWAALS =      971.1096  EEL     =   -11618.4436  HBOND      =        0.0000
 1-4 VDW =        2.7591  1-4 EEL =       44.1711  RESTRAINT  =        0.0068
 EAMBER  =   -10110.1001


   NSTEP       ENERGY          RMS            GMAX         NAME    NUMBER
     60      -1.0405E+04     3.2193E+00     2.0755E+01     H2       2401

 BOND    =      673.2091  ANGLE   =        1.0245  DIHED      =       12.6989
 VDWAALS =     1003.6724  EEL     =   -12142.2132  HBOND      =        0.0000
 1-4 VDW =        2.7655  1-4 EEL =       44.2299  RESTRAINT  =        0.0055
 EAMBER  =   -10404.6129


   NSTEP       ENERGY          RMS            GMAX         NAME    NUMBER
     80      -1.0560E+04     3.8108E+00     2.2115E+01     H2       2401

 BOND    =      716.0775  ANGLE   =        1.0305  DIHED      =       12.7134
 VDWAALS =     1039.1808  EEL     =   -12376.3411  HBOND      =        0.0000
 1-4 VDW =        2.7663  1-4 EEL =       44.2964  RESTRAINT  =        0.0054
 EAMBER  =   -10560.2762


   NSTEP       ENERGY          RMS            GMAX         NAME    NUMBER
    100      -1.0700E+04     9.1905E-01     4.4272E+00     H1       2556

 BOND    =      611.6994  ANGLE   =        1.0348  DIHED      =       12.7216
 VDWAALS =     1075.9451  EEL     =   -12448.3733  HBOND      =        0.0000
 1-4 VDW =        2.7702  1-4 EEL =       44.3573  RESTRAINT  =        0.0056
 EAMBER  =   -10699.8449


   NSTEP       ENERGY          RMS            GMAX         NAME    NUMBER
    120      -1.1205E+04     4.4408E+00     4.5988E+01     H1       1302

 BOND    =      850.2259  ANGLE   =        1.1621  DIHED      =       12.7098
 VDWAALS =     1524.9455  EEL     =   -13641.9503  HBOND      =        0.0000
 1-4 VDW =        2.8708  1-4 EEL =       44.9309  RESTRAINT  =        0.0089
 EAMBER  =   -11205.1053


   NSTEP       ENERGY          RMS            GMAX         NAME    NUMBER
    140      -1.1371E+04     1.1794E+00     2.2434E+01     C           5

 BOND    =      740.4922  ANGLE   =        1.1249  DIHED      =       12.6603
 VDWAALS =     1541.4175  EEL     =   -13715.0314  HBOND      =        0.0000
 1-4 VDW =        2.8861  1-4 EEL =       45.0039  RESTRAINT  =        0.0129
 EAMBER  =   -11371.4465


   NSTEP       ENERGY          RMS            GMAX         NAME    NUMBER
    160      -1.1492E+04     1.0656E+00     2.6056E+01     O        2681

 BOND    =      745.4674  ANGLE   =        1.2801  DIHED      =       12.5642
 VDWAALS =     1559.6186  EEL     =   -13859.3630  HBOND      =        0.0000
 1-4 VDW =        2.9509  1-4 EEL =       45.2637  RESTRAINT  =        0.0090
 EAMBER  =   -11492.2182


   NSTEP       ENERGY          RMS            GMAX         NAME    NUMBER
    180      -1.1606E+04     1.3870E+00     2.6425E+01     CH3         2

 BOND    =      784.9881  ANGLE   =        1.5049  DIHED      =       12.4889
 VDWAALS =     1690.1029  EEL     =   -14143.9750  HBOND      =        0.0000
 1-4 VDW =        3.0996  1-4 EEL =       45.4875  RESTRAINT  =        0.0567
 EAMBER  =   -11606.3032


   NSTEP       ENERGY          RMS            GMAX         NAME    NUMBER
    200      -1.1710E+04     1.2922E+00     3.0592E+01     CH3        19

 BOND    =      804.7494  ANGLE   =        1.9669  DIHED      =       12.0997
 VDWAALS =     1765.8724  EEL     =   -14343.0358  HBOND      =        0.0000
 1-4 VDW =        2.8190  1-4 EEL =       45.8053  RESTRAINT  =        0.0707
 EAMBER  =   -11709.7232


   NSTEP       ENERGY          RMS            GMAX         NAME    NUMBER
    220      -1.1780E+04     1.0854E+00     2.6592E+01     N           7

 BOND    =      803.4560  ANGLE   =        1.7316  DIHED      =       12.0520
 VDWAALS =     1797.0173  EEL     =   -14443.1198  HBOND      =        0.0000
 1-4 VDW =        3.1162  1-4 EEL =       46.0965  RESTRAINT  =        0.0603
 EAMBER  =   -11779.6503


   NSTEP       ENERGY          RMS            GMAX         NAME    NUMBER
    240      -1.1838E+04     1.1619E+00     3.8242E+01     CH3         2

 BOND    =      819.4686  ANGLE   =        2.0408  DIHED      =       12.3933
 VDWAALS =     1838.7349  EEL     =   -14559.9409  HBOND      =        0.0000
 1-4 VDW =        3.3094  1-4 EEL =       46.1303  RESTRAINT  =        0.1078
 EAMBER  =   -11837.8636


   NSTEP       ENERGY          RMS            GMAX         NAME    NUMBER
    260      -1.1903E+04     1.2932E+00     3.9551E+01     C           5

 BOND    =      818.4998  ANGLE   =        2.6756  DIHED      =       11.7644
 VDWAALS =     1903.7936  EEL     =   -14690.1512  HBOND      =        0.0000
 1-4 VDW =        3.2052  1-4 EEL =       46.6692  RESTRAINT  =        0.1973
 EAMBER  =   -11903.5434


   NSTEP       ENERGY          RMS            GMAX         NAME    NUMBER
    280      -1.1946E+04     4.9016E-01     7.5280E+00     H1       2682

 BOND    =      849.6798  ANGLE   =        1.3327  DIHED      =       11.4015
 VDWAALS =     1942.4569  EEL     =   -14800.3638  HBOND      =        0.0000
 1-4 VDW =        3.2441  1-4 EEL =       46.6224  RESTRAINT  =        0.0390
 EAMBER  =   -11945.6263


   NSTEP       ENERGY          RMS            GMAX         NAME    NUMBER
    300      -1.2005E+04     1.2425E+00     3.2103E+01     CA          9

 BOND    =      865.8773  ANGLE   =        4.8109  DIHED      =       11.0318
 VDWAALS =     1998.1241  EEL     =   -14936.0991  HBOND      =        0.0000
 1-4 VDW =        3.6503  1-4 EEL =       47.0902  RESTRAINT  =        0.3951
 EAMBER  =   -12005.5143


   NSTEP       ENERGY          RMS            GMAX         NAME    NUMBER
    320      -1.2038E+04     1.0380E+00     2.9155E+01     C           5

 BOND    =      835.7017  ANGLE   =        2.7665  DIHED      =       10.8365
 VDWAALS =     2009.0670  EEL     =   -14947.3912  HBOND      =        0.0000
 1-4 VDW =        3.4896  1-4 EEL =       47.0127  RESTRAINT  =        0.1277
 EAMBER  =   -12038.5173


   NSTEP       ENERGY          RMS            GMAX         NAME    NUMBER
    340      -1.2072E+04     7.0740E-01     1.7239E+01     N           7

 BOND    =      879.8041  ANGLE   =        1.7190  DIHED      =       10.6234
 VDWAALS =     2027.9136  EEL     =   -15042.3157  HBOND      =        0.0000
 1-4 VDW =        3.4517  1-4 EEL =       47.0160  RESTRAINT  =        0.0830
 EAMBER  =   -12071.7879


   NSTEP       ENERGY          RMS            GMAX         NAME    NUMBER
    360      -1.2110E+04     7.2218E-01     2.1627E+01     C           5

 BOND    =      858.1474  ANGLE   =        2.1162  DIHED      =       10.4146
 VDWAALS =     2053.9291  EEL     =   -15085.6432  HBOND      =        0.0000
 1-4 VDW =        3.3897  1-4 EEL =       47.1019  RESTRAINT  =        0.1351
 EAMBER  =   -12110.5442


   NSTEP       ENERGY          RMS            GMAX         NAME    NUMBER
    380      -1.2139E+04     4.7929E-01     7.5113E+00     CA          9

 BOND    =      884.4984  ANGLE   =        1.6784  DIHED      =       10.1804
 VDWAALS =     2079.1170  EEL     =   -15165.2457  HBOND      =        0.0000
 1-4 VDW =        3.3831  1-4 EEL =       47.0823  RESTRAINT  =        0.0658
 EAMBER  =   -12139.3061


   NSTEP       ENERGY          RMS            GMAX         NAME    NUMBER
    400      -1.2177E+04     1.5681E+00     5.4586E+01     C           5

 BOND    =      898.7963  ANGLE   =        5.4882  DIHED      =       10.8432
 VDWAALS =     2097.5818  EEL     =   -15241.2685  HBOND      =        0.0000
 1-4 VDW =        3.4395  1-4 EEL =       47.1244  RESTRAINT  =        0.5380
 EAMBER  =   -12177.9952


   NSTEP       ENERGY          RMS            GMAX         NAME    NUMBER
    420      -1.2202E+04     1.1992E+00     2.9046E+01     CB         11

 BOND    =      871.3532  ANGLE   =        2.5587  DIHED      =        9.9535
 VDWAALS =     2103.6937  EEL     =   -15240.7092  HBOND      =        0.0000
 1-4 VDW =        3.6817  1-4 EEL =       47.3110  RESTRAINT  =        0.1573
 EAMBER  =   -12202.1573


   NSTEP       ENERGY          RMS            GMAX         NAME    NUMBER
    440      -1.2261E+04     7.3619E-01     1.8374E+01     C          15

 BOND    =      908.1415  ANGLE   =        2.2205  DIHED      =        9.5985
 VDWAALS =     2141.9767  EEL     =   -15373.8984  HBOND      =        0.0000
 1-4 VDW =        3.7129  1-4 EEL =       47.2220  RESTRAINT  =        0.2020
 EAMBER  =   -12261.0263


   NSTEP       ENERGY          RMS            GMAX         NAME    NUMBER
    460      -1.2274E+04     4.5063E-01     1.3429E+01     C          15

 BOND    =      889.9328  ANGLE   =        1.9431  DIHED      =        9.5440
 VDWAALS =     2149.7618  EEL     =   -15376.2351  HBOND      =        0.0000
 1-4 VDW =        3.6208  1-4 EEL =       47.2911  RESTRAINT  =        0.0915
 EAMBER  =   -12274.1415


   NSTEP       ENERGY          RMS            GMAX         NAME    NUMBER
    480      -1.2306E+04     6.5844E-01     1.1594E+01     C           5

 BOND    =      918.9137  ANGLE   =        2.3668  DIHED      =        9.2533
 VDWAALS =     2194.7484  EEL     =   -15482.1946  HBOND      =        0.0000
 1-4 VDW =        3.2752  1-4 EEL =       47.3306  RESTRAINT  =        0.2747
 EAMBER  =   -12306.3065


   NSTEP       ENERGY          RMS            GMAX         NAME    NUMBER
    500      -1.2333E+04     7.3651E-01     3.2821E+01     C          15

 BOND    =      916.5255  ANGLE   =        2.1366  DIHED      =        9.4619
 VDWAALS =     2198.6491  EEL     =   -15510.3089  HBOND      =        0.0000
 1-4 VDW =        3.1481  1-4 EEL =       47.1587  RESTRAINT  =        0.1394
 EAMBER  =   -12333.2292


   NSTEP       ENERGY          RMS            GMAX         NAME    NUMBER
    520      -1.2349E+04     1.0283E+00     2.7136E+01     N          17

 BOND    =      892.2762  ANGLE   =        1.9678  DIHED      =        9.2184
 VDWAALS =     2215.4914  EEL     =   -15519.1187  HBOND      =        0.0000
 1-4 VDW =        3.5474  1-4 EEL =       47.3922  RESTRAINT  =        0.1215
 EAMBER  =   -12349.2254


   NSTEP       ENERGY          RMS            GMAX         NAME    NUMBER
    540      -1.2380E+04     4.3444E-01     1.0689E+01     C          15

 BOND    =      928.0238  ANGLE   =        2.1332  DIHED      =        9.0995
 VDWAALS =     2235.9762  EEL     =   -15605.7455  HBOND      =        0.0000
 1-4 VDW =        3.6400  1-4 EEL =       47.1732  RESTRAINT  =        0.1155
 EAMBER  =   -12379.6996


   NSTEP       ENERGY          RMS            GMAX         NAME    NUMBER
    560      -1.2390E+04     2.8549E-01     6.2015E+00     C          15

 BOND    =      917.9278  ANGLE   =        1.5490  DIHED      =        9.0379
 VDWAALS =     2244.0422  EEL     =   -15613.2550  HBOND      =        0.0000
 1-4 VDW =        3.4191  1-4 EEL =       47.2862  RESTRAINT  =        0.0627
 EAMBER  =   -12389.9927


   NSTEP       ENERGY          RMS            GMAX         NAME    NUMBER
    580      -1.2418E+04     5.4050E-01     9.5027E+00     C          15

 BOND    =      933.7575  ANGLE   =        1.8492  DIHED      =        8.9106
 VDWAALS =     2294.1464  EEL     =   -15707.3303  HBOND      =        0.0000
 1-4 VDW =        3.3369  1-4 EEL =       47.0192  RESTRAINT  =        0.0965
 EAMBER  =   -12418.3105


   NSTEP       ENERGY          RMS            GMAX         NAME    NUMBER
    600      -1.2438E+04     5.5790E-01     1.7966E+01     N          17

 BOND    =      931.3067  ANGLE   =        1.3860  DIHED      =        8.9128
 VDWAALS =     2295.0455  EEL     =   -15725.1581  HBOND      =        0.0000
 1-4 VDW =        3.2434  1-4 EEL =       47.2914  RESTRAINT  =        0.0967
 EAMBER  =   -12437.9725


   NSTEP       ENERGY          RMS            GMAX         NAME    NUMBER
    620      -1.2446E+04     7.5871E-01     1.9649E+01     H          18

 BOND    =      924.0396  ANGLE   =        1.3679  DIHED      =        8.9845
 VDWAALS =     2303.5995  EEL     =   -15734.5516  HBOND      =        0.0000
 1-4 VDW =        3.2535  1-4 EEL =       47.5182  RESTRAINT  =        0.1625
 EAMBER  =   -12445.7883


   NSTEP       ENERGY          RMS            GMAX         NAME    NUMBER
    640      -1.2477E+04     3.8498E-01     9.3721E+00     C          15

 BOND    =      943.1839  ANGLE   =        1.6485  DIHED      =        8.6875
 VDWAALS =     2330.6714  EEL     =   -15811.2093  HBOND      =        0.0000
 1-4 VDW =        3.3487  1-4 EEL =       46.8376  RESTRAINT  =        0.2530
 EAMBER  =   -12476.8318


   NSTEP       ENERGY          RMS            GMAX         NAME    NUMBER
    660      -1.2483E+04     3.3682E-01     9.9345E+00     C          15

 BOND    =      937.6342  ANGLE   =        1.4210  DIHED      =        8.7263
 VDWAALS =     2335.3322  EEL     =   -15816.4091  HBOND      =        0.0000
 1-4 VDW =        3.3477  1-4 EEL =       47.0432  RESTRAINT  =        0.1136
 EAMBER  =   -12482.9043


   NSTEP       ENERGY          RMS            GMAX         NAME    NUMBER
    680      -1.2500E+04     4.4135E-01     8.1451E+00     HH32        3

 BOND    =      947.8912  ANGLE   =        1.6068  DIHED      =        8.8412
 VDWAALS =     2355.8356  EEL     =   -15864.4623  HBOND      =        0.0000
 1-4 VDW =        3.1087  1-4 EEL =       47.4315  RESTRAINT  =        0.2362
 EAMBER  =   -12499.7474


   NSTEP       ENERGY          RMS            GMAX         NAME    NUMBER
    700      -1.2511E+04     2.9482E-01     9.8408E+00     C          15

 BOND    =      945.7608  ANGLE   =        1.1934  DIHED      =        8.7619
 VDWAALS =     2359.2705  EEL     =   -15875.9467  HBOND      =        0.0000
 1-4 VDW =        3.0913  1-4 EEL =       47.2076  RESTRAINT  =        0.0687
 EAMBER  =   -12510.6613


   NSTEP       ENERGY          RMS            GMAX         NAME    NUMBER
    720      -1.2518E+04     5.2756E-01     1.5455E+01     C           5

 BOND    =      942.8001  ANGLE   =        1.1353  DIHED      =        8.7116
 VDWAALS =     2363.2864  EEL     =   -15884.0203  HBOND      =        0.0000
 1-4 VDW =        3.1386  1-4 EEL =       47.2437  RESTRAINT  =        0.0548
 EAMBER  =   -12517.7045


   NSTEP       ENERGY          RMS            GMAX         NAME    NUMBER
    740      -1.2530E+04     2.8006E-01     5.7153E+00     HH32        3

 BOND    =      951.6665  ANGLE   =        1.2716  DIHED      =        8.5687
 VDWAALS =     2370.7805  EEL     =   -15912.6611  HBOND      =        0.0000
 1-4 VDW =        3.3096  1-4 EEL =       46.9154  RESTRAINT  =        0.1591
 EAMBER  =   -12530.1488


   NSTEP       ENERGY          RMS            GMAX         NAME    NUMBER
    760      -1.2534E+04     3.5188E-01     1.3222E+01     C          15

 BOND    =      948.4226  ANGLE   =        1.2217  DIHED      =        8.6251
 VDWAALS =     2374.9611  EEL     =   -15918.0747  HBOND      =        0.0000
 1-4 VDW =        3.2849  1-4 EEL =       46.9831  RESTRAINT  =        0.1064
 EAMBER  =   -12534.5762


   NSTEP       ENERGY          RMS            GMAX         NAME    NUMBER
    780      -1.2545E+04     3.1238E-01     7.4996E+00     HH33       22

 BOND    =      954.1321  ANGLE   =        1.5025  DIHED      =        8.6714
 VDWAALS =     2385.9264  EEL     =   -15945.3399  HBOND      =        0.0000
 1-4 VDW =        3.0057  1-4 EEL =       47.2206  RESTRAINT  =        0.0975
 EAMBER  =   -12544.8813


   NSTEP       ENERGY          RMS            GMAX         NAME    NUMBER
    800      -1.2552E+04     2.2962E-01     5.1867E+00     HH32       21

 BOND    =      954.6552  ANGLE   =        1.0601  DIHED      =        8.6295
 VDWAALS =     2391.0907  EEL     =   -15957.5271  HBOND      =        0.0000
 1-4 VDW =        3.0116  1-4 EEL =       47.1446  RESTRAINT  =        0.0489
 EAMBER  =   -12551.9353


   NSTEP       ENERGY          RMS            GMAX         NAME    NUMBER
    820      -1.2558E+04     4.7125E-01     1.2473E+01     C          15

 BOND    =      952.3145  ANGLE   =        1.0503  DIHED      =        8.5918
 VDWAALS =     2395.4889  EEL     =   -15965.3709  HBOND      =        0.0000
 1-4 VDW =        3.0132  1-4 EEL =       47.2165  RESTRAINT  =        0.0512
 EAMBER  =   -12557.6957


   NSTEP       ENERGY          RMS            GMAX         NAME    NUMBER
    840      -1.2567E+04     3.9234E-01     1.1270E+01     C           5

 BOND    =      959.8958  ANGLE   =        1.2499  DIHED      =        8.5768
 VDWAALS =     2403.0771  EEL     =   -15990.4806  HBOND      =        0.0000
 1-4 VDW =        3.2518  1-4 EEL =       46.9704  RESTRAINT  =        0.0948
 EAMBER  =   -12567.4587


   NSTEP       ENERGY          RMS            GMAX         NAME    NUMBER
    860      -1.2571E+04     3.0679E-01     9.0066E+00     CH3        19

 BOND    =      955.0446  ANGLE   =        1.2051  DIHED      =        8.5923
 VDWAALS =     2406.5278  EEL     =   -15992.5881  HBOND      =        0.0000
 1-4 VDW =        3.2643  1-4 EEL =       46.9180  RESTRAINT  =        0.0815
 EAMBER  =   -12571.0360


   NSTEP       ENERGY          RMS            GMAX         NAME    NUMBER
    880      -1.2580E+04     3.3402E-01     9.2224E+00     H          18

 BOND    =      963.7642  ANGLE   =        1.5368  DIHED      =        8.5830
 VDWAALS =     2418.0224  EEL     =   -16022.4557  HBOND      =        0.0000
 1-4 VDW =        2.9308  1-4 EEL =       47.0741  RESTRAINT  =        0.1002
 EAMBER  =   -12580.5443


   NSTEP       ENERGY          RMS            GMAX         NAME    NUMBER
    900      -1.2586E+04     1.8830E-01     4.3203E+00     C          15

 BOND    =      961.4311  ANGLE   =        0.8969  DIHED      =        8.5746
 VDWAALS =     2422.7737  EEL     =   -16030.1644  HBOND      =        0.0000
 1-4 VDW =        2.9704  1-4 EEL =       47.0572  RESTRAINT  =        0.0458
 EAMBER  =   -12586.4607


   NSTEP       ENERGY          RMS            GMAX         NAME    NUMBER
    920      -1.2591E+04     3.7516E-01     1.1478E+01     CH3        19

 BOND    =      958.7686  ANGLE   =        1.0610  DIHED      =        8.5488
 VDWAALS =     2426.8054  EEL     =   -16036.4981  HBOND      =        0.0000
 1-4 VDW =        2.9434  1-4 EEL =       47.0602  RESTRAINT  =        0.0566
 EAMBER  =   -12591.3107


   NSTEP       ENERGY          RMS            GMAX         NAME    NUMBER
    940      -1.2601E+04     2.9727E-01     8.7599E+00     C          15

 BOND    =      968.5700  ANGLE   =        1.0388  DIHED      =        8.5438
 VDWAALS =     2434.9118  EEL     =   -16064.0975  HBOND      =        0.0000
 1-4 VDW =        3.2148  1-4 EEL =       46.9404  RESTRAINT  =        0.0682
 EAMBER  =   -12600.8779


   NSTEP       ENERGY          RMS            GMAX         NAME    NUMBER
    960      -1.2604E+04     2.6768E-01     8.0186E+00     O          16

 BOND    =      959.2092  ANGLE   =        1.0261  DIHED      =        8.5575
 VDWAALS =     2437.8208  EEL     =   -16060.5291  HBOND      =        0.0000
 1-4 VDW =        3.2025  1-4 EEL =       46.9256  RESTRAINT  =        0.0481
 EAMBER  =   -12603.7875


   NSTEP       ENERGY          RMS            GMAX         NAME    NUMBER
    980      -1.2610E+04     2.7682E-01     6.7625E+00     HH33       22

 BOND    =      966.0896  ANGLE   =        1.3445  DIHED      =        8.5548
 VDWAALS =     2444.2747  EEL     =   -16080.1036  HBOND      =        0.0000
 1-4 VDW =        2.8874  1-4 EEL =       47.0617  RESTRAINT  =        0.0787
 EAMBER  =   -12609.8909


   NSTEP       ENERGY          RMS            GMAX         NAME    NUMBER
   1000      -1.2614E+04     2.4305E-01     7.8756E+00     C          15

 BOND    =      968.2687  ANGLE   =        0.7918  DIHED      =        8.5511
 VDWAALS =     2447.8338  EEL     =   -16089.4031  HBOND      =        0.0000
 1-4 VDW =        2.9441  1-4 EEL =       46.9911  RESTRAINT  =        0.0465
 EAMBER  =   -12614.0224


  Maximum number of minimization cycles reached.


                    FINAL RESULTS



   NSTEP       ENERGY          RMS            GMAX         NAME    NUMBER
   1000      -1.2614E+04     2.4305E-01     7.8756E+00     C          15

 BOND    =      968.2687  ANGLE   =        0.7918  DIHED      =        8.5511
 VDWAALS =     2447.8338  EEL     =   -16089.4031  HBOND      =        0.0000
 1-4 VDW =        2.9441  1-4 EEL =       46.9911  RESTRAINT  =        0.0465
 EAMBER  =   -12614.0224

--------------------------------------------------------------------------------
   5.  TIMINGS
--------------------------------------------------------------------------------

|                Build the list             0.06 (44.85% of List )
|                Other                      0.08 (55.15% of List )
|             List time                  0.14 ( 1.45% of Nonbo)
|                   Short_ene time             5.64 (95.94% of Direc)
|                   Other                      0.24 ( 4.06% of Direc)
|                Direct Ewald time          5.88 (60.98% of Ewald)
|                Adjust Ewald time          0.04 ( 0.36% of Ewald)
|                Self Ewald time            0.00 ( 0.02% of Ewald)
|                   Fill Bspline coeffs        0.15 ( 5.16% of Recip)
|                   Fill charge grid           0.12 ( 4.16% of Recip)
|                   Scalar sum                 0.50 (16.86% of Recip)
|                   Grad sum                   0.26 ( 8.56% of Recip)
|                      FFT back comm time         0.72 (38.42% of FFT t)
|                      Other                      1.16 (61.58% of FFT t)
|                   FFT time                   1.88 (62.93% of Recip)
|                   Other                      0.07 ( 2.33% of Recip)
|                Recip Ewald time           2.99 (31.00% of Ewald)
|                Force Adjust               0.59 ( 6.14% of Ewald)
|                Virial junk                0.14 ( 1.41% of Ewald)
|                Start synchronizatio       0.00 ( 0.01% of Ewald)
|                Other                      0.01 ( 0.08% of Ewald)
|             Ewald time                 9.64 (98.54% of Nonbo)
|             Other                      0.00 ( 0.01% of Nonbo)
|          Nonbond force              9.78 (89.76% of Force)
|          Bond/Angle/Dihedral        0.03 ( 0.32% of Force)
|          FRC Collect time           0.34 ( 3.14% of Force)
|          Other                      0.74 ( 6.79% of Force)
|       Force time                10.90 (100.0% of Runmd)
|    Runmd Time                10.90 ( 4.84% of Total)
|    Other                    214.22 (95.16% of Total)
| Total time               225.12 (100.0% of ALL  )

| Highest rstack allocated:      41611
| Highest istack allocated:        919
|           Job began  at 14:27:25.632  on 03/14/2017
|           Setup done at 14:27:25.875  on 03/14/2017
|           Run   done at 14:31:10.751  on 03/14/2017
|     wallclock() was called   44068 times
