
          -------------------------------------------------------
          Amber 16 SANDER                              2016
          -------------------------------------------------------

| Run on 03/14/2017 at 15:08:52

|   Executable path: sander.MPI
| Working directory: /home/steboss/projects/mdgx-tests/alanine/IPOLQ/input/PhiPsi_1/315/285
|          Hostname: node003

  [-O]verwriting output

File Assignments:
|  MDIN: min.in                                                                
| MDOUT: Conf285.min.out                                                       
|INPCRD: Conf285.crd                                                           
|  PARM: Conf285.top                                                           
|RESTRT: Conf285.min                                                           
|  REFC: Conf285.crd                                                           
| MDVEL: mdvel                                                                 
| MDFRC: mdfrc                                                                 
|  MDEN: mden                                                                  
| MDCRD: mdcrd                                                                 
|MDINFO: mdinfo                                                                
|  MTMD: mtmd                                                                  
|INPDIP: inpdip                                                                
|RSTDIP: rstdip                                                                
|INPTRA: inptraj                                                               

|    REMLOG: rem.log
|   REMTYPE: rem.type
|  REMSTRIP: 
|   SAVEENE: saveene
|CLUSTERINF: cluster.info
| RESERVOIR: reserv/frame
|   REMDDIM: 


 Here is the input file:

Initial minimization                                                           
 &cntrl                                                                        
  ntx    = 1,       irest  = 0,       ntrx   = 1,      ntxo   = 1,             
  ntpr   = 20,      ntwx   = 0,       ntwv   = 0,      ntwe   = 0,             
                                                                               
  ntf    = 1,       ntb    = 1,                                                
  ntc    = 1,       ntr    = 1,                                                
  restraintmask = ':1',                                                        
  restraint_wt = 100.0,                                                        
  cut    = 9.0,                                                                
                                                                               
  imin   = 1,                                                                  
  maxcyc = 1000,                                                               
  ncyc   = 100,                                                                
                                                                               
 &end                                                                          

--------------------------------------------------------------------------------
   1.  RESOURCE   USE: 
--------------------------------------------------------------------------------

| Flags: MPI                                                                    
 getting new box info from bottom of inpcrd
|  INFO: Old style inpcrd file read

| peek_ewald_inpcrd: Box info found
|Largest sphere to fit in unit cell has radius =    14.539
| New format PARM file being parsed.
| Version =    1.000 Date = 03/14/17 Time = 13:39:57
 NATOM  =    2893 NTYPES =       9 NBONH =    2883 MBONA  =       9
 NTHETH =      25 MTHETA =      11 NPHIH =      43 MPHIA  =      24
 NHPARM =       0 NPARM  =       0 NNB   =    3927 NRES   =     960
 NBONA  =       9 NTHETA =      11 NPHIA =      24 NUMBND =      10
 NUMANG =      16 NPTRA  =      19 NATYP =       9 NPHB   =       1
 IFBOX  =       2 NMXRS  =      10 IFCAP =       0 NEXTRA =       0
 NCOPY  =       0


|     Memory Use     Allocated
|     Real              332889
|     Hollerith           9641
|     Integer            88956
|     Max Pairs         320880
|     nblistReal         34716
|     nblist Int         87911
|       Total             4853 kbytes

| Note: 1-4 EEL scale factors are being read from the topology file.

| Note: 1-4 VDW scale factors are being read from the topology file.
| Duplicated    0 dihedrals
| Duplicated    0 dihedrals

     BOX TYPE: TRUNCATED OCTAHEDRON

--------------------------------------------------------------------------------
   2.  CONTROL  DATA  FOR  THE  RUN
--------------------------------------------------------------------------------

default_name                                                                    

General flags:
     imin    =       1, nmropt  =       0

Nature and format of input:
     ntx     =       1, irest   =       0, ntrx    =       1

Nature and format of output:
     ntxo    =       1, ntpr    =      20, ntrx    =       1, ntwr    =       1
     iwrap   =       0, ntwx    =       0, ntwv    =       0, ntwe    =       0
     ioutfm  =       1, ntwprt  =       0, idecomp =       0, rbornstat=      0

Potential function:
     ntf     =       1, ntb     =       1, igb     =       0, nsnb    =      25
     ipol    =       0, gbsa    =       0, iesp    =       0
     dielc   =   1.00000, cut     =   9.00000, intdiel =   1.00000

Frozen or restrained atoms:
     ibelly  =       0, ntr     =       1
     restraint_wt = 100.00000

Energy minimization:
     maxcyc  =    1000, ncyc    =     100, ntmin   =       1
     dx0     =   0.01000, drms    =   0.00010

Ewald parameters:
     verbose =       0, ew_type =       0, nbflag  =       1, use_pme =       1
     vdwmeth =       1, eedmeth =       1, netfrc  =       0
     Box X =   35.612   Box Y =   35.612   Box Z =   35.612
     Alpha =  109.471   Beta  =  109.471   Gamma =  109.471
     NFFT1 =   36       NFFT2 =   36       NFFT3 =   36
     Cutoff=    9.000   Tol   =0.100E-04
     Ewald Coefficient =  0.30768
     Interpolation order =    4

| MPI Timing options:
|      profile_mpi =        0

    LOADING THE CONSTRAINED ATOMS AS GROUPS


   5.  REFERENCE ATOM COORDINATES

  defa
     Mask :1; matches     6 atoms

--------------------------------------------------------------------------------
   3.  ATOMIC COORDINATES AND VELOCITIES
--------------------------------------------------------------------------------

default_name                                                                    
 begin time read from input coords =     0.000 ps

 Number of triangulated 3-point waters found:      957
|  Atom division among processors:
|         0     361     724    1084    1444    1807    2167    2527
|      2893

     Sum of charges from parm topology file =  -0.00000000
     Forcing neutrality...
|  Running AMBER/MPI version on    8 nodes


--------------------------------------------------------------------------------
   4.  RESULTS
--------------------------------------------------------------------------------

 ---------------------------------------------------
 APPROXIMATING switch and d/dx switch using CUBIC SPLINE INTERPOLATION
 using   5000.0 points per unit in tabled values
 TESTING RELATIVE ERROR over r ranging from 0.0 to cutoff
| CHECK switch(x): max rel err =   0.2738E-14   at   2.422500
| CHECK d/dx switch(x): max rel err =   0.8314E-11   at   2.736960
 ---------------------------------------------------
| Local SIZE OF NONBOND LIST =      91853
| TOTAL SIZE OF NONBOND LIST =     670304


   NSTEP       ENERGY          RMS            GMAX         NAME    NUMBER
      1      -8.1092E+03     1.2247E+01     6.1572E+01     O         299

 BOND    =        0.5662  ANGLE   =        1.1382  DIHED      =       12.6910
 VDWAALS =      918.5363  EEL     =    -9090.4937  HBOND      =        0.0000
 1-4 VDW =        2.6745  1-4 EEL =       45.7267  RESTRAINT  =        0.0000


   NSTEP       ENERGY          RMS            GMAX         NAME    NUMBER
     20      -8.9652E+03     2.7418E+00     1.9854E+01     O         383

 BOND    =      474.5249  ANGLE   =        1.1294  DIHED      =       12.6750
 VDWAALS =      869.3685  EEL     =   -10371.2448  HBOND      =        0.0000
 1-4 VDW =        2.6681  1-4 EEL =       45.6473  RESTRAINT  =        0.0054
 EAMBER  =    -8965.2315


   NSTEP       ENERGY          RMS            GMAX         NAME    NUMBER
     40      -9.6248E+03     2.1635E+00     9.0525E+00     H1       2406

 BOND    =      503.1946  ANGLE   =        1.1504  DIHED      =       12.5660
 VDWAALS =      910.7164  EEL     =   -11100.6303  HBOND      =        0.0000
 1-4 VDW =        2.6466  1-4 EEL =       45.5309  RESTRAINT  =        0.0128
 EAMBER  =    -9624.8255


   NSTEP       ENERGY          RMS            GMAX         NAME    NUMBER
     60      -9.8617E+03     3.3686E+00     1.0488E+01     H2        991

 BOND    =      498.9469  ANGLE   =        1.1591  DIHED      =       12.4804
 VDWAALS =      945.5171  EEL     =   -11367.9523  HBOND      =        0.0000
 1-4 VDW =        2.6350  1-4 EEL =       45.4660  RESTRAINT  =        0.0148
 EAMBER  =    -9861.7478


   NSTEP       ENERGY          RMS            GMAX         NAME    NUMBER
     80      -1.0017E+04     3.9537E+00     1.3108E+01     H2        991

 BOND    =      505.9645  ANGLE   =        1.1642  DIHED      =       12.3994
 VDWAALS =      980.7224  EEL     =   -11565.6093  HBOND      =        0.0000
 1-4 VDW =        2.6303  1-4 EEL =       45.4131  RESTRAINT  =        0.0163
 EAMBER  =   -10017.3153


   NSTEP       ENERGY          RMS            GMAX         NAME    NUMBER
    100      -1.0155E+04     9.4477E-01     4.4818E+00     H1        846

 BOND    =      600.5622  ANGLE   =        1.1672  DIHED      =       12.3230
 VDWAALS =     1015.3356  EEL     =   -11832.6415  HBOND      =        0.0000
 1-4 VDW =        2.6301  1-4 EEL =       45.3643  RESTRAINT  =        0.0177
 EAMBER  =   -10155.2591


   NSTEP       ENERGY          RMS            GMAX         NAME    NUMBER
    120      -1.0631E+04     4.3499E+00     9.3827E+01     H2        436

 BOND    =      739.2395  ANGLE   =        1.4122  DIHED      =       11.4926
 VDWAALS =     1418.2268  EEL     =   -12849.5498  HBOND      =        0.0000
 1-4 VDW =        2.7375  1-4 EEL =       45.1584  RESTRAINT  =        0.0270
 EAMBER  =   -10631.2829


   NSTEP       ENERGY          RMS            GMAX         NAME    NUMBER
    140      -1.0790E+04     1.6915E+00     3.5144E+01     H1        408

 BOND    =      711.6684  ANGLE   =        1.5315  DIHED      =       11.2148
 VDWAALS =     1425.5526  EEL     =   -12988.2359  HBOND      =        0.0000
 1-4 VDW =        2.7845  1-4 EEL =       45.2398  RESTRAINT  =        0.0350
 EAMBER  =   -10790.2442


   NSTEP       ENERGY          RMS            GMAX         NAME    NUMBER
    160      -1.0897E+04     1.7418E+00     2.8876E+01     O         434

 BOND    =      703.1936  ANGLE   =        1.2827  DIHED      =       10.9937
 VDWAALS =     1442.7395  EEL     =   -13103.2619  HBOND      =        0.0000
 1-4 VDW =        2.7606  1-4 EEL =       45.1775  RESTRAINT  =        0.0607
 EAMBER  =   -10897.1141


   NSTEP       ENERGY          RMS            GMAX         NAME    NUMBER
    180      -1.0998E+04     1.2377E+00     1.8255E+01     H          18

 BOND    =      732.5266  ANGLE   =        2.4255  DIHED      =       10.8166
 VDWAALS =     1559.6491  EEL     =   -13351.4402  HBOND      =        0.0000
 1-4 VDW =        2.8447  1-4 EEL =       45.4058  RESTRAINT  =        0.2268
 EAMBER  =   -10997.7719


   NSTEP       ENERGY          RMS            GMAX         NAME    NUMBER
    200      -1.1088E+04     1.2455E+00     2.2738E+01     C           5

 BOND    =      757.5121  ANGLE   =        2.3213  DIHED      =       10.0649
 VDWAALS =     1614.2023  EEL     =   -13519.3416  HBOND      =        0.0000
 1-4 VDW =        2.8712  1-4 EEL =       44.6638  RESTRAINT  =        0.1387
 EAMBER  =   -11087.7060


   NSTEP       ENERGY          RMS            GMAX         NAME    NUMBER
    220      -1.1137E+04     1.3715E+00     4.1349E+01     C           5

 BOND    =      776.4335  ANGLE   =        3.4354  DIHED      =       10.0103
 VDWAALS =     1649.6789  EEL     =   -13623.7414  HBOND      =        0.0000
 1-4 VDW =        2.8559  1-4 EEL =       44.2797  RESTRAINT  =        0.3130
 EAMBER  =   -11137.0478


   NSTEP       ENERGY          RMS            GMAX         NAME    NUMBER
    240      -1.1179E+04     7.0386E-01     1.4022E+01     CB         11

 BOND    =      775.5068  ANGLE   =        1.4141  DIHED      =       10.0140
 VDWAALS =     1683.8143  EEL     =   -13697.3727  HBOND      =        0.0000
 1-4 VDW =        2.9063  1-4 EEL =       45.0231  RESTRAINT  =        0.0575
 EAMBER  =   -11178.6941


   NSTEP       ENERGY          RMS            GMAX         NAME    NUMBER
    260      -1.1239E+04     1.2166E+00     4.6493E+01     N          17

 BOND    =      789.7969  ANGLE   =        1.9486  DIHED      =       11.3272
 VDWAALS =     1752.5982  EEL     =   -13842.7896  HBOND      =        0.0000
 1-4 VDW =        2.8910  1-4 EEL =       45.2061  RESTRAINT  =        0.3871
 EAMBER  =   -11239.0217


   NSTEP       ENERGY          RMS            GMAX         NAME    NUMBER
    280      -1.1278E+04     4.6096E-01     7.7903E+00     HB1        12

 BOND    =      796.9710  ANGLE   =        1.4316  DIHED      =        9.6929
 VDWAALS =     1783.5335  EEL     =   -13917.6024  HBOND      =        0.0000
 1-4 VDW =        2.8840  1-4 EEL =       45.0530  RESTRAINT  =        0.0639
 EAMBER  =   -11278.0364


   NSTEP       ENERGY          RMS            GMAX         NAME    NUMBER
    300      -1.1329E+04     1.1266E+00     2.6876E+01     CA          9

 BOND    =      813.1797  ANGLE   =        2.6560  DIHED      =        9.3962
 VDWAALS =     1856.2614  EEL     =   -14058.3086  HBOND      =        0.0000
 1-4 VDW =        2.9416  1-4 EEL =       44.6555  RESTRAINT  =        0.1194
 EAMBER  =   -11329.2182


   NSTEP       ENERGY          RMS            GMAX         NAME    NUMBER
    320      -1.1362E+04     6.3094E-01     1.8484E+01     C          15

 BOND    =      813.8672  ANGLE   =        2.3238  DIHED      =        9.3395
 VDWAALS =     1862.3863  EEL     =   -14097.2393  HBOND      =        0.0000
 1-4 VDW =        3.0033  1-4 EEL =       44.6845  RESTRAINT  =        0.0938
 EAMBER  =   -11361.6348


   NSTEP       ENERGY          RMS            GMAX         NAME    NUMBER
    340      -1.1382E+04     5.5531E-01     1.5812E+01     C           5

 BOND    =      818.6104  ANGLE   =        1.7461  DIHED      =        9.4122
 VDWAALS =     1879.0017  EEL     =   -14137.9448  HBOND      =        0.0000
 1-4 VDW =        2.8684  1-4 EEL =       44.6290  RESTRAINT  =        0.0455
 EAMBER  =   -11381.6771


   NSTEP       ENERGY          RMS            GMAX         NAME    NUMBER
    360      -1.1424E+04     9.3218E-01     2.4247E+01     C           5

 BOND    =      825.5165  ANGLE   =        2.8835  DIHED      =        9.9878
 VDWAALS =     1925.4654  EEL     =   -14235.8038  HBOND      =        0.0000
 1-4 VDW =        2.8139  1-4 EEL =       44.6298  RESTRAINT  =        0.3732
 EAMBER  =   -11424.5070


   NSTEP       ENERGY          RMS            GMAX         NAME    NUMBER
    380      -1.1444E+04     4.0927E-01     7.6729E+00     O           6

 BOND    =      832.9509  ANGLE   =        1.9973  DIHED      =        9.4387
 VDWAALS =     1945.1003  EEL     =   -14280.7818  HBOND      =        0.0000
 1-4 VDW =        2.8505  1-4 EEL =       44.7357  RESTRAINT  =        0.1390
 EAMBER  =   -11443.7085


   NSTEP       ENERGY          RMS            GMAX         NAME    NUMBER
    400      -1.1470E+04     7.1119E-01     1.8254E+01     CH3        19

 BOND    =      839.5987  ANGLE   =        2.7788  DIHED      =        9.6323
 VDWAALS =     1975.3800  EEL     =   -14345.4440  HBOND      =        0.0000
 1-4 VDW =        2.9833  1-4 EEL =       44.7802  RESTRAINT  =        0.1711
 EAMBER  =   -11470.2907


   NSTEP       ENERGY          RMS            GMAX         NAME    NUMBER
    420      -1.1489E+04     5.7901E-01     1.8458E+01     C           5

 BOND    =      838.8739  ANGLE   =        1.7970  DIHED      =        9.2321
 VDWAALS =     1984.5917  EEL     =   -14371.0834  HBOND      =        0.0000
 1-4 VDW =        2.9127  1-4 EEL =       44.5875  RESTRAINT  =        0.1000
 EAMBER  =   -11489.0886


   NSTEP       ENERGY          RMS            GMAX         NAME    NUMBER
    440      -1.1505E+04     5.8821E-01     2.2741E+01     C          15

 BOND    =      842.3596  ANGLE   =        2.4246  DIHED      =        9.3310
 VDWAALS =     1997.4897  EEL     =   -14403.6572  HBOND      =        0.0000
 1-4 VDW =        2.8340  1-4 EEL =       44.5308  RESTRAINT  =        0.0564
 EAMBER  =   -11504.6875


   NSTEP       ENERGY          RMS            GMAX         NAME    NUMBER
    460      -1.1528E+04     5.1017E-01     1.2236E+01     C          15

 BOND    =      844.5089  ANGLE   =        1.9141  DIHED      =        9.3533
 VDWAALS =     2021.9312  EEL     =   -14453.4732  HBOND      =        0.0000
 1-4 VDW =        2.9049  1-4 EEL =       44.5792  RESTRAINT  =        0.0854
 EAMBER  =   -11528.2816


   NSTEP       ENERGY          RMS            GMAX         NAME    NUMBER
    480      -1.1541E+04     3.2734E-01     8.3116E+00     N          17

 BOND    =      850.3773  ANGLE   =        1.7989  DIHED      =        9.2482
 VDWAALS =     2033.9470  EEL     =   -14484.5403  HBOND      =        0.0000
 1-4 VDW =        2.9825  1-4 EEL =       44.7334  RESTRAINT  =        0.0612
 EAMBER  =   -11541.4530


   NSTEP       ENERGY          RMS            GMAX         NAME    NUMBER
    500      -1.1563E+04     9.8974E-01     2.7565E+01     H           8

 BOND    =      864.5641  ANGLE   =        3.7595  DIHED      =       10.0752
 VDWAALS =     2059.7737  EEL     =   -14550.0612  HBOND      =        0.0000
 1-4 VDW =        3.2510  1-4 EEL =       45.3111  RESTRAINT  =        0.3533
 EAMBER  =   -11563.3266


   NSTEP       ENERGY          RMS            GMAX         NAME    NUMBER
    520      -1.1578E+04     5.9716E-01     2.3875E+01     C           5

 BOND    =      855.8392  ANGLE   =        2.2743  DIHED      =        9.1859
 VDWAALS =     2065.3279  EEL     =   -14558.2744  HBOND      =        0.0000
 1-4 VDW =        3.0371  1-4 EEL =       44.6085  RESTRAINT  =        0.1753
 EAMBER  =   -11578.0016


   NSTEP       ENERGY          RMS            GMAX         NAME    NUMBER
    540      -1.1589E+04     8.5902E-01     3.4576E+01     N           7

 BOND    =      861.2153  ANGLE   =        2.3236  DIHED      =        9.4297
 VDWAALS =     2074.9595  EEL     =   -14584.4222  HBOND      =        0.0000
 1-4 VDW =        2.9586  1-4 EEL =       44.7680  RESTRAINT  =        0.0666
 EAMBER  =   -11588.7676


   NSTEP       ENERGY          RMS            GMAX         NAME    NUMBER
    560      -1.1603E+04     3.8903E-01     1.0269E+01     C           5

 BOND    =      857.6966  ANGLE   =        1.8946  DIHED      =        9.2279
 VDWAALS =     2086.1130  EEL     =   -14605.7189  HBOND      =        0.0000
 1-4 VDW =        3.0168  1-4 EEL =       44.6422  RESTRAINT  =        0.0495
 EAMBER  =   -11603.1280


   NSTEP       ENERGY          RMS            GMAX         NAME    NUMBER
    580      -1.1615E+04     3.1422E-01     4.6860E+00     N          17

 BOND    =      866.4416  ANGLE   =        1.6526  DIHED      =        9.2038
 VDWAALS =     2103.4376  EEL     =   -14644.0989  HBOND      =        0.0000
 1-4 VDW =        3.0219  1-4 EEL =       44.9809  RESTRAINT  =        0.0431
 EAMBER  =   -11615.3605


   NSTEP       ENERGY          RMS            GMAX         NAME    NUMBER
    600      -1.1629E+04     5.2366E-01     1.6297E+01     C          15

 BOND    =      873.5871  ANGLE   =        2.3172  DIHED      =        9.3317
 VDWAALS =     2113.8376  EEL     =   -14676.2805  HBOND      =        0.0000
 1-4 VDW =        2.9985  1-4 EEL =       45.2992  RESTRAINT  =        0.1038
 EAMBER  =   -11628.9092


   NSTEP       ENERGY          RMS            GMAX         NAME    NUMBER
    620      -1.1636E+04     4.6861E-01     1.2132E+01     N          17

 BOND    =      868.5209  ANGLE   =        2.3658  DIHED      =        9.3287
 VDWAALS =     2119.5123  EEL     =   -14683.4953  HBOND      =        0.0000
 1-4 VDW =        3.0398  1-4 EEL =       44.2938  RESTRAINT  =        0.0546
 EAMBER  =   -11636.4341


   NSTEP       ENERGY          RMS            GMAX         NAME    NUMBER
    640      -1.1648E+04     4.2003E-01     1.4241E+01     O           6

 BOND    =      873.8066  ANGLE   =        2.1285  DIHED      =        9.1890
 VDWAALS =     2128.1894  EEL     =   -14709.1898  HBOND      =        0.0000
 1-4 VDW =        3.0570  1-4 EEL =       44.5335  RESTRAINT  =        0.1126
 EAMBER  =   -11648.2858


   NSTEP       ENERGY          RMS            GMAX         NAME    NUMBER
    660      -1.1655E+04     4.2957E-01     1.2066E+01     H           8

 BOND    =      869.0374  ANGLE   =        2.0336  DIHED      =        9.1657
 VDWAALS =     2133.0212  EEL     =   -14715.6647  HBOND      =        0.0000
 1-4 VDW =        3.0298  1-4 EEL =       44.6806  RESTRAINT  =        0.0648
 EAMBER  =   -11654.6964


   NSTEP       ENERGY          RMS            GMAX         NAME    NUMBER
    680      -1.1665E+04     3.0417E-01     8.1427E+00     N          17

 BOND    =      876.1311  ANGLE   =        1.7785  DIHED      =        9.3015
 VDWAALS =     2142.5670  EEL     =   -14742.4284  HBOND      =        0.0000
 1-4 VDW =        3.0125  1-4 EEL =       44.9694  RESTRAINT  =        0.0984
 EAMBER  =   -11664.6684


   NSTEP       ENERGY          RMS            GMAX         NAME    NUMBER
    700      -1.1673E+04     3.8460E-01     1.4722E+01     C           5

 BOND    =      880.8080  ANGLE   =        1.9315  DIHED      =        9.2919
 VDWAALS =     2149.7058  EEL     =   -14762.4812  HBOND      =        0.0000
 1-4 VDW =        3.0290  1-4 EEL =       44.7594  RESTRAINT  =        0.0627
 EAMBER  =   -11672.9555


   NSTEP       ENERGY          RMS            GMAX         NAME    NUMBER
    720      -1.1679E+04     3.8766E-01     1.1334E+01     N          17

 BOND    =      877.0623  ANGLE   =        1.8793  DIHED      =        9.2132
 VDWAALS =     2154.8576  EEL     =   -14769.4552  HBOND      =        0.0000
 1-4 VDW =        3.0403  1-4 EEL =       44.5276  RESTRAINT  =        0.0484
 EAMBER  =   -11678.8749


   NSTEP       ENERGY          RMS            GMAX         NAME    NUMBER
    740      -1.1686E+04     4.5567E-01     1.8281E+01     C          15

 BOND    =      880.7812  ANGLE   =        2.0346  DIHED      =        9.1935
 VDWAALS =     2160.9556  EEL     =   -14786.8352  HBOND      =        0.0000
 1-4 VDW =        3.0691  1-4 EEL =       44.4328  RESTRAINT  =        0.1198
 EAMBER  =   -11686.3684


   NSTEP       ENERGY          RMS            GMAX         NAME    NUMBER
    760      -1.1692E+04     3.7367E-01     1.2313E+01     C          15

 BOND    =      877.6102  ANGLE   =        2.0899  DIHED      =        9.1400
 VDWAALS =     2165.6517  EEL     =   -14794.2710  HBOND      =        0.0000
 1-4 VDW =        3.0689  1-4 EEL =       44.6224  RESTRAINT  =        0.0677
 EAMBER  =   -11692.0879


   NSTEP       ENERGY          RMS            GMAX         NAME    NUMBER
    780      -1.1701E+04     3.4530E-01     7.6181E+00     O           6

 BOND    =      883.7372  ANGLE   =        2.0550  DIHED      =        9.3259
 VDWAALS =     2174.4647  EEL     =   -14818.9866  HBOND      =        0.0000
 1-4 VDW =        3.0079  1-4 EEL =       45.1239  RESTRAINT  =        0.1990
 EAMBER  =   -11701.2720


   NSTEP       ENERGY          RMS            GMAX         NAME    NUMBER
    800      -1.1709E+04     3.4579E-01     1.0604E+01     C           5

 BOND    =      886.3322  ANGLE   =        1.9088  DIHED      =        9.3164
 VDWAALS =     2180.5495  EEL     =   -14834.9566  HBOND      =        0.0000
 1-4 VDW =        2.9980  1-4 EEL =       44.8920  RESTRAINT  =        0.0939
 EAMBER  =   -11708.9597


   NSTEP       ENERGY          RMS            GMAX         NAME    NUMBER
    820      -1.1715E+04     3.8051E-01     1.2811E+01     C           5

 BOND    =      885.1632  ANGLE   =        1.7649  DIHED      =        9.2476
 VDWAALS =     2184.5506  EEL     =   -14843.4803  HBOND      =        0.0000
 1-4 VDW =        3.0276  1-4 EEL =       44.6921  RESTRAINT  =        0.0607
 EAMBER  =   -11715.0343


   NSTEP       ENERGY          RMS            GMAX         NAME    NUMBER
    840      -1.1728E+04     3.8356E-01     8.1466E+00     N          17

 BOND    =      888.3707  ANGLE   =        2.0603  DIHED      =        9.1439
 VDWAALS =     2193.9424  EEL     =   -14868.8612  HBOND      =        0.0000
 1-4 VDW =        3.1554  1-4 EEL =       44.4607  RESTRAINT  =        0.1016
 EAMBER  =   -11727.7278


   NSTEP       ENERGY          RMS            GMAX         NAME    NUMBER
    860      -1.1732E+04     3.5125E-01     9.8295E+00     N           7

 BOND    =      886.0204  ANGLE   =        1.9019  DIHED      =        9.1791
 VDWAALS =     2197.2256  EEL     =   -14873.8877  HBOND      =        0.0000
 1-4 VDW =        3.1042  1-4 EEL =       44.4044  RESTRAINT  =        0.0668
 EAMBER  =   -11732.0522


   NSTEP       ENERGY          RMS            GMAX         NAME    NUMBER
    880      -1.1742E+04     4.1570E-01     1.2483E+01     H           8

 BOND    =      892.9254  ANGLE   =        2.2073  DIHED      =        9.4011
 VDWAALS =     2206.3945  EEL     =   -14900.7814  HBOND      =        0.0000
 1-4 VDW =        3.0963  1-4 EEL =       44.7413  RESTRAINT  =        0.1225
 EAMBER  =   -11742.0156


   NSTEP       ENERGY          RMS            GMAX         NAME    NUMBER
    900      -1.1750E+04     2.4795E-01     5.4402E+00     CH3        19

 BOND    =      891.9054  ANGLE   =        1.7829  DIHED      =        9.2557
 VDWAALS =     2209.8655  EEL     =   -14910.5136  HBOND      =        0.0000
 1-4 VDW =        2.9950  1-4 EEL =       44.8070  RESTRAINT  =        0.0678
 EAMBER  =   -11749.9022


   NSTEP       ENERGY          RMS            GMAX         NAME    NUMBER
    920      -1.1756E+04     3.5378E-01     8.4493E+00     N           7

 BOND    =      894.9435  ANGLE   =        1.6940  DIHED      =        9.2657
 VDWAALS =     2214.0744  EEL     =   -14923.5838  HBOND      =        0.0000
 1-4 VDW =        3.0281  1-4 EEL =       44.8920  RESTRAINT  =        0.0856
 EAMBER  =   -11755.6861


   NSTEP       ENERGY          RMS            GMAX         NAME    NUMBER
    940      -1.1770E+04     3.8924E-01     1.0753E+01     C           5

 BOND    =      892.4219  ANGLE   =        2.0396  DIHED      =        9.2161
 VDWAALS =     2223.1023  EEL     =   -14944.6532  HBOND      =        0.0000
 1-4 VDW =        3.1554  1-4 EEL =       44.5784  RESTRAINT  =        0.0918
 EAMBER  =   -11770.1395


   NSTEP       ENERGY          RMS            GMAX         NAME    NUMBER
    960      -1.1776E+04     4.6058E-01     5.7832E+00     O        1136

 BOND    =      899.3201  ANGLE   =        1.9455  DIHED      =        9.1995
 VDWAALS =     2227.7799  EEL     =   -14961.9981  HBOND      =        0.0000
 1-4 VDW =        3.1035  1-4 EEL =       44.6174  RESTRAINT  =        0.0630
 EAMBER  =   -11776.0322


   NSTEP       ENERGY          RMS            GMAX         NAME    NUMBER
    980      -1.1787E+04     5.2225E-01     1.1233E+01     HH32       21

 BOND    =      893.0588  ANGLE   =        3.3499  DIHED      =        9.5065
 VDWAALS =     2241.3952  EEL     =   -14981.9492  HBOND      =        0.0000
 1-4 VDW =        2.9741  1-4 EEL =       44.8363  RESTRAINT  =        0.2031
 EAMBER  =   -11786.8282


   NSTEP       ENERGY          RMS            GMAX         NAME    NUMBER
   1000      -1.1794E+04     1.8049E-01     3.1823E+00     C          15

 BOND    =      896.3453  ANGLE   =        1.7807  DIHED      =        9.2637
 VDWAALS =     2243.5620  EEL     =   -14992.7146  HBOND      =        0.0000
 1-4 VDW =        2.9967  1-4 EEL =       44.7468  RESTRAINT  =        0.0621
 EAMBER  =   -11794.0194


  Maximum number of minimization cycles reached.


                    FINAL RESULTS



   NSTEP       ENERGY          RMS            GMAX         NAME    NUMBER
   1000      -1.1794E+04     1.8049E-01     3.1823E+00     C          15

 BOND    =      896.3453  ANGLE   =        1.7807  DIHED      =        9.2637
 VDWAALS =     2243.5620  EEL     =   -14992.7146  HBOND      =        0.0000
 1-4 VDW =        2.9967  1-4 EEL =       44.7468  RESTRAINT  =        0.0621
 EAMBER  =   -11794.0194

--------------------------------------------------------------------------------
   5.  TIMINGS
--------------------------------------------------------------------------------

|                Build the list             0.17 (65.29% of List )
|                Other                      0.09 (34.71% of List )
|             List time                  0.25 ( 0.58% of Nonbo)
|                   Short_ene time            16.33 (96.79% of Direc)
|                   Other                      0.54 ( 3.21% of Direc)
|                Direct Ewald time         16.87 (38.93% of Ewald)
|                Adjust Ewald time          0.12 ( 0.27% of Ewald)
|                Self Ewald time            0.00 ( 0.01% of Ewald)
|                   Fill Bspline coeffs        0.28 ( 1.18% of Recip)
|                   Fill charge grid           0.32 ( 1.32% of Recip)
|                   Scalar sum                 1.39 ( 5.82% of Recip)
|                   Grad sum                   0.61 ( 2.53% of Recip)
|                      FFT back comm time        15.20 (74.88% of FFT t)
|                      Other                      5.10 (25.12% of FFT t)
|                   FFT time                  20.30 (84.70% of Recip)
|                   Other                      1.06 ( 4.44% of Recip)
|                Recip Ewald time          23.96 (55.28% of Ewald)
|                Force Adjust               1.55 ( 3.58% of Ewald)
|                Virial junk                0.81 ( 1.86% of Ewald)
|                Other                      0.03 ( 0.07% of Ewald)
|             Ewald time                43.35 (99.41% of Nonbo)
|          Nonbond force             43.60 (84.87% of Force)
|          Bond/Angle/Dihedral        0.08 ( 0.15% of Force)
|          FRC Collect time           2.59 ( 5.04% of Force)
|          Other                      5.11 ( 9.94% of Force)
|       Force time                51.38 (100.0% of Runmd)
|    Runmd Time                51.38 (16.73% of Total)
|    Other                    255.70 (83.27% of Total)
| Total time               307.08 (100.0% of ALL  )

| Highest rstack allocated:      39937
| Highest istack allocated:        857
|           Job began  at 15:08:52.484  on 03/14/2017
|           Setup done at 15:08:52.610  on 03/14/2017
|           Run   done at 15:13:59.564  on 03/14/2017
|     wallclock() was called   44068 times
