
          -------------------------------------------------------
          Amber 16 SANDER                              2016
          -------------------------------------------------------

| Run on 03/14/2017 at 15:19:07

|   Executable path: sander.MPI
| Working directory: /home/steboss/projects/mdgx-tests/alanine/IPOLQ/input/PhiPsi_1/330/60
|          Hostname: node005

  [-O]verwriting output

File Assignments:
|  MDIN: equil.in                                                              
| MDOUT: Conf60.eq.out                                                         
|INPCRD: Conf60.min                                                            
|  PARM: Conf60.top                                                            
|RESTRT: Conf60.rst                                                            
|  REFC: Conf60.crd                                                            
| MDVEL: mdvel                                                                 
| MDFRC: mdfrc                                                                 
|  MDEN: mden                                                                  
| MDCRD: mdcrd                                                                 
|MDINFO: mdinfo                                                                
|  MTMD: mtmd                                                                  
|INPDIP: inpdip                                                                
|RSTDIP: rstdip                                                                
|INPTRA: inptraj                                                               

|    REMLOG: rem.log
|   REMTYPE: rem.type
|  REMSTRIP: 
|   SAVEENE: saveene
|CLUSTERINF: cluster.info
| RESERVOIR: reserv/frame
|   REMDDIM: 


 Here is the input file:

Equilibrate water in NPT                                                       
 &cntrl                                                                        
                                                                               
  nmropt = 0,                                                                  
  ntx    = 1,       irest  = 0,       ntrx   = 1,      ntxo   = 1,             
  ntpr   = 1000,    ntwx   = 1000,    ntwv   = 0,      ntwe   = 1000,          
  iwrap  = 0,       ioutfm = 1,                                                
                                                                               
  ntf    = 2,       ntb    = 2,                                                
  cut = 9.0,                                                                   
                                                                               
  ibelly = 0,       ntr    = 1,                                                
  restraintmask = ':1',                                                        
  restraint_wt = 100.0,                                                        
                                                                               
  imin   = 0,                                                                  
  nstlim = 10000,                                                              
  nscm   = 1000,                                                               
  t      = 0.0,     dt     = 0.002,                                            
                                                                               
  temp0     = 298.0,   tempi  = 0.0,                                           
  ig        = -1,                                                              
  ntt       = 3,                                                               
  gamma_ln  = 3.0,                                                             
                                                                               
  ntp    = 1,       pres0  = 1.0,     comp   = 44.6,                           
  taup   = 1.0,                                                                
                                                                               
  ntc    = 2,       tol    = 0.000001, watnam = 'WAT ',                        
                                                                               
 &end                                                                          

--------------------------------------------------------------------------------
   1.  RESOURCE   USE: 
--------------------------------------------------------------------------------

| Flags: MPI                                                                    
 getting new box info from bottom of inpcrd
|  INFO: Old style inpcrd file read

| peek_ewald_inpcrd: Box info found
|Largest sphere to fit in unit cell has radius =    14.120
| New format PARM file being parsed.
| Version =    1.000 Date = 03/14/17 Time = 13:40:08
 NATOM  =    2662 NTYPES =       9 NBONH =    2652 MBONA  =       9
 NTHETH =      25 MTHETA =      11 NPHIH =      43 MPHIA  =      24
 NHPARM =       0 NPARM  =       0 NNB   =    3619 NRES   =     883
 NBONA  =       9 NTHETA =      11 NPHIA =      24 NUMBND =      10
 NUMANG =      16 NPTRA  =      19 NATYP =       9 NPHB   =       1
 IFBOX  =       2 NMXRS  =      10 IFCAP =       0 NEXTRA =       0
 NCOPY  =       0


|     Memory Use     Allocated
|     Real              281110
|     Hollerith           8871
|     Integer            83720
|     Max Pairs         295260
|     nblistReal         31944
|     nblist Int         82521
|       Total             4283 kbytes

| Note: 1-4 EEL scale factors are being read from the topology file.

| Note: 1-4 VDW scale factors are being read from the topology file.
| Duplicated    0 dihedrals
| Duplicated    0 dihedrals

     BOX TYPE: TRUNCATED OCTAHEDRON
Note: ig = -1. Setting random seed to   950180 based on wallclock time in microseconds
      and disabling the synchronization of random numbers between tasks
      to improve performance.

--------------------------------------------------------------------------------
   2.  CONTROL  DATA  FOR  THE  RUN
--------------------------------------------------------------------------------

default_name                                                                    

General flags:
     imin    =       0, nmropt  =       0

Nature and format of input:
     ntx     =       1, irest   =       0, ntrx    =       1

Nature and format of output:
     ntxo    =       1, ntpr    =    1000, ntrx    =       1, ntwr    =   10000
     iwrap   =       0, ntwx    =    1000, ntwv    =       0, ntwe    =    1000
     ioutfm  =       1, ntwprt  =       0, idecomp =       0, rbornstat=      0

Potential function:
     ntf     =       2, ntb     =       2, igb     =       0, nsnb    =      25
     ipol    =       0, gbsa    =       0, iesp    =       0
     dielc   =   1.00000, cut     =   9.00000, intdiel =   1.00000

Frozen or restrained atoms:
     ibelly  =       0, ntr     =       1
     restraint_wt = 100.00000

Molecular dynamics:
     nstlim  =     10000, nscm    =         0, nrespa  =         1
     t       =   0.00000, dt      =   0.00200, vlimit  =  20.00000

Langevin dynamics temperature regulation:
     ig      =  950180
     temp0   = 298.00000, tempi   =   0.00000, gamma_ln=   3.00000

Pressure regulation:
     ntp     =       1
     pres0   =   1.00000, comp    =  44.60000, taup    =   1.00000

SHAKE:
     ntc     =       2, jfastw  =       0
     tol     =   0.00000

Ewald parameters:
     verbose =       0, ew_type =       0, nbflag  =       1, use_pme =       1
     vdwmeth =       1, eedmeth =       1, netfrc  =       1
     Box X =   34.588   Box Y =   34.588   Box Z =   34.588
     Alpha =  109.471   Beta  =  109.471   Gamma =  109.471
     NFFT1 =   36       NFFT2 =   36       NFFT3 =   36
     Cutoff=    9.000   Tol   =0.100E-04
     Ewald Coefficient =  0.30768
     Interpolation order =    4

| MPI Timing options:
|      profile_mpi =        0

    LOADING THE CONSTRAINED ATOMS AS GROUPS


   5.  REFERENCE ATOM COORDINATES

  defa
     Mask :1; matches     6 atoms

--------------------------------------------------------------------------------
   3.  ATOMIC COORDINATES AND VELOCITIES
--------------------------------------------------------------------------------

defa                                                                            
 begin time read from input coords =     0.000 ps

 Number of triangulated 3-point waters found:      880
|  Atom division among processors:
|         0     334     667    1000    1333    1666    1999    2332
|      2662

     Sum of charges from parm topology file =  -0.00000000
     Forcing neutrality...
|  Running AMBER/MPI version on    8 nodes


--------------------------------------------------------------------------------
   4.  RESULTS
--------------------------------------------------------------------------------

|  # of SOLUTE  degrees of freedom (RNDFP):    5334.
|  # of SOLVENT degrees of freedom (RNDFS):       0.
|  NDFMIN =    5334.     NUM_NOSHAKE =      0     CORRECTED RNDFP =    5334.
|  TOTAL # of degrees of freedom (RNDF) =    5334.
 ---------------------------------------------------
 APPROXIMATING switch and d/dx switch using CUBIC SPLINE INTERPOLATION
 using   5000.0 points per unit in tabled values
 TESTING RELATIVE ERROR over r ranging from 0.0 to cutoff
| CHECK switch(x): max rel err =   0.2738E-14   at   2.422500
| CHECK d/dx switch(x): max rel err =   0.8314E-11   at   2.736960
 ---------------------------------------------------
| Local SIZE OF NONBOND LIST =      87112
| TOTAL SIZE OF NONBOND LIST =     621038

 NSTEP =        0   TIME(PS) =       0.000  TEMP(K) =     0.00  PRESS = -4325.1
 Etot   =    -11604.0844  EKtot   =         0.0000  EPtot      =    -11604.0844
 BOND   =         0.5649  ANGLE   =         0.8718  DIHED      =        10.8118
 1-4 NB =         2.5432  1-4 EEL =        47.4038  VDWAALS    =      2168.2593
 EELEC  =    -13834.6590  EHBOND  =         0.0000  RESTRAINT  =         0.1198
 EAMBER (non-restraint)  =    -11604.2042
 EKCMT  =         0.0000  VIRIAL  =      2974.5821  VOLUME     =     31852.8385
                                                    Density    =         0.8340
 Ewald error estimate:   0.2073E-03
 ------------------------------------------------------------------------------


 NSTEP =     1000   TIME(PS) =       2.000  TEMP(K) =   292.60  PRESS =  -568.0
 Etot   =     -6798.7710  EKtot   =      1550.7287  EPtot      =     -8349.4996
 BOND   =         1.2758  ANGLE   =         9.5317  DIHED      =        10.2505
 1-4 NB =         2.7918  1-4 EEL =        47.5519  VDWAALS    =      1264.6984
 EELEC  =     -9687.1256  EHBOND  =         0.0000  RESTRAINT  =         1.5258
 EAMBER (non-restraint)  =     -8351.0255
 EKCMT  =       788.4123  VIRIAL  =      1148.5058  VOLUME     =     29363.9474
                                                    Density    =         0.9047
 Ewald error estimate:   0.3856E-04
 ------------------------------------------------------------------------------


 NSTEP =     2000   TIME(PS) =       4.000  TEMP(K) =   301.88  PRESS =   264.9
 Etot   =     -6823.6610  EKtot   =      1599.8931  EPtot      =     -8423.5541
 BOND   =         3.6402  ANGLE   =        11.8354  DIHED      =        11.1985
 1-4 NB =         4.4023  1-4 EEL =        41.9189  VDWAALS    =      1314.5780
 EELEC  =     -9813.9529  EHBOND  =         0.0000  RESTRAINT  =         2.8255
 EAMBER (non-restraint)  =     -8426.3796
 EKCMT  =       797.7365  VIRIAL  =       638.3479  VOLUME     =     27864.7079
                                                    Density    =         0.9534
 Ewald error estimate:   0.1421E-04
 ------------------------------------------------------------------------------


 NSTEP =     3000   TIME(PS) =       6.000  TEMP(K) =   301.40  PRESS =   267.6
 Etot   =     -6878.2967  EKtot   =      1597.3479  EPtot      =     -8475.6447
 BOND   =         4.3767  ANGLE   =         7.8327  DIHED      =        10.1542
 1-4 NB =         2.7299  1-4 EEL =        45.2714  VDWAALS    =      1333.1867
 EELEC  =     -9885.1649  EHBOND  =         0.0000  RESTRAINT  =         5.9686
 EAMBER (non-restraint)  =     -8481.6133
 EKCMT  =       788.8365  VIRIAL  =       630.2922  VOLUME     =     27439.8536
                                                    Density    =         0.9682
 Ewald error estimate:   0.2698E-03
 ------------------------------------------------------------------------------


 NSTEP =     4000   TIME(PS) =       8.000  TEMP(K) =   303.28  PRESS =  -109.3
 Etot   =     -6871.4219  EKtot   =      1607.3561  EPtot      =     -8478.7780
 BOND   =         1.7685  ANGLE   =         8.5450  DIHED      =        10.5459
 1-4 NB =         2.6193  1-4 EEL =        43.5447  VDWAALS    =      1259.3826
 EELEC  =     -9807.5843  EHBOND  =         0.0000  RESTRAINT  =         2.4002
 EAMBER (non-restraint)  =     -8481.1783
 EKCMT  =       780.5676  VIRIAL  =       844.6989  VOLUME     =     27185.8283
                                                    Density    =         0.9772
 Ewald error estimate:   0.1061E-03
 ------------------------------------------------------------------------------


 NSTEP =     5000   TIME(PS) =      10.000  TEMP(K) =   297.88  PRESS =  -615.2
 Etot   =     -6884.0123  EKtot   =      1578.6961  EPtot      =     -8462.7084
 BOND   =         3.5543  ANGLE   =         8.0484  DIHED      =        11.0885
 1-4 NB =         3.9300  1-4 EEL =        47.8544  VDWAALS    =      1193.9592
 EELEC  =     -9734.1133  EHBOND  =         0.0000  RESTRAINT  =         2.9701
 EAMBER (non-restraint)  =     -8465.6785
 EKCMT  =       784.0171  VIRIAL  =      1142.3183  VOLUME     =     26974.2894
                                                    Density    =         0.9849
 Ewald error estimate:   0.1210E-04
 ------------------------------------------------------------------------------


 NSTEP =     6000   TIME(PS) =      12.000  TEMP(K) =   293.99  PRESS =    50.0
 Etot   =     -6889.3062  EKtot   =      1558.1118  EPtot      =     -8447.4180
 BOND   =         2.4920  ANGLE   =         7.5626  DIHED      =        10.0202
 1-4 NB =         2.5607  1-4 EEL =        46.0645  VDWAALS    =      1269.1255
 EELEC  =     -9787.2780  EHBOND  =         0.0000  RESTRAINT  =         2.0345
 EAMBER (non-restraint)  =     -8449.4525
 EKCMT  =       772.5579  VIRIAL  =       743.4670  VOLUME     =     26973.1541
                                                    Density    =         0.9849
 Ewald error estimate:   0.2442E-03
 ------------------------------------------------------------------------------


 NSTEP =     7000   TIME(PS) =      14.000  TEMP(K) =   296.52  PRESS =  -194.1
 Etot   =     -6882.0136  EKtot   =      1571.4955  EPtot      =     -8453.5091
 BOND   =         3.8618  ANGLE   =         7.7992  DIHED      =         9.2304
 1-4 NB =         4.5228  1-4 EEL =        49.6455  VDWAALS    =      1246.9280
 EELEC  =     -9778.8982  EHBOND  =         0.0000  RESTRAINT  =         3.4013
 EAMBER (non-restraint)  =     -8456.9104
 EKCMT  =       754.7825  VIRIAL  =       868.1544  VOLUME     =     27048.5997
                                                    Density    =         0.9822
 Ewald error estimate:   0.1858E-03
 ------------------------------------------------------------------------------


 NSTEP =     8000   TIME(PS) =      16.000  TEMP(K) =   293.48  PRESS =  -485.7
 Etot   =     -6894.8924  EKtot   =      1555.4147  EPtot      =     -8450.3071
 BOND   =         3.2762  ANGLE   =        10.9239  DIHED      =        10.0494
 1-4 NB =         2.8609  1-4 EEL =        45.4540  VDWAALS    =      1202.8615
 EELEC  =     -9728.3333  EHBOND  =         0.0000  RESTRAINT  =         2.6005
 EAMBER (non-restraint)  =     -8452.9075
 EKCMT  =       801.3652  VIRIAL  =      1084.4511  VOLUME     =     26993.7050
                                                    Density    =         0.9842
 Ewald error estimate:   0.2965E-03
 ------------------------------------------------------------------------------


 NSTEP =     9000   TIME(PS) =      18.000  TEMP(K) =   301.50  PRESS =   289.1
 Etot   =     -6883.5585  EKtot   =      1597.9178  EPtot      =     -8481.4764
 BOND   =         4.0112  ANGLE   =         8.4722  DIHED      =         9.6129
 1-4 NB =         2.4408  1-4 EEL =        44.7477  VDWAALS    =      1303.4993
 EELEC  =     -9856.8405  EHBOND  =         0.0000  RESTRAINT  =         2.5799
 EAMBER (non-restraint)  =     -8484.0563
 EKCMT  =       796.7467  VIRIAL  =       628.2071  VOLUME     =     26997.0221
                                                    Density    =         0.9840
 Ewald error estimate:   0.4278E-03
 ------------------------------------------------------------------------------


 NSTEP =    10000   TIME(PS) =      20.000  TEMP(K) =   295.02  PRESS =   409.0
 Etot   =     -6961.6505  EKtot   =      1563.5666  EPtot      =     -8525.2171
 BOND   =         5.6563  ANGLE   =         8.1694  DIHED      =        11.3740
 1-4 NB =         1.3529  1-4 EEL =        43.0635  VDWAALS    =      1318.1795
 EELEC  =     -9916.2576  EHBOND  =         0.0000  RESTRAINT  =         3.2450
 EAMBER (non-restraint)  =     -8528.4621
 EKCMT  =       767.3313  VIRIAL  =       530.2923  VOLUME     =     26844.7537
                                                    Density    =         0.9896
 Ewald error estimate:   0.1035E-03
 ------------------------------------------------------------------------------


      A V E R A G E S   O V E R   10000 S T E P S


 NSTEP =    10000   TIME(PS) =      20.000  TEMP(K) =   291.11  PRESS =  -190.7
 Etot   =     -6931.6701  EKtot   =      1542.8627  EPtot      =     -8474.5328
 BOND   =         3.1876  ANGLE   =         8.6655  DIHED      =        11.0622
 1-4 NB =         3.1395  1-4 EEL =        46.0462  VDWAALS    =      1274.0950
 EELEC  =     -9823.8668  EHBOND  =         0.0000  RESTRAINT  =         3.1379
 EAMBER (non-restraint)  =     -8477.6708
 EKCMT  =       766.1898  VIRIAL  =       886.7938  VOLUME     =     27569.3399
                                                    Density    =         0.9650
 Ewald error estimate:   0.2113E-03
 ------------------------------------------------------------------------------


      R M S  F L U C T U A T I O N S


 NSTEP =    10000   TIME(PS) =      20.000  TEMP(K) =    26.34  PRESS =   438.5
 Etot   =       285.9475  EKtot   =       139.5748  EPtot      =       152.8148
 BOND   =         1.4911  ANGLE   =         2.3234  DIHED      =         1.2285
 1-4 NB =         0.6985  1-4 EEL =         2.1283  VDWAALS    =        82.2744
 EELEC  =       226.5562  EHBOND  =         0.0000  RESTRAINT  =         1.2330
 EAMBER (non-restraint)  =       151.5818
 EKCMT  =        69.0344  VIRIAL  =       250.8485  VOLUME     =      1087.4676
                                                    Density    =         0.0351
 Ewald error estimate:   0.1609E-03
 ------------------------------------------------------------------------------


--------------------------------------------------------------------------------
   5.  TIMINGS
--------------------------------------------------------------------------------

|>>>>>>>>PROFILE of Average TIMES>>>>>>>>> 
|                Build the list             8.15 (97.07% of List )
|                Other                      0.25 ( 2.93% of List )
|             List time                  8.39 ( 9.12% of Nonbo)
|                   Short_ene time            54.53 (96.56% of Direc)
|                   Other                      1.94 ( 3.44% of Direc)
|                Direct Ewald time         56.48 (67.55% of Ewald)
|                Adjust Ewald time          0.29 ( 0.35% of Ewald)
|                   Fill Bspline coeffs        1.19 ( 6.04% of Recip)
|                   Fill charge grid           1.13 ( 5.70% of Recip)
|                   Scalar sum                 5.25 (26.56% of Recip)
|                   Grad sum                   2.50 (12.64% of Recip)
|                      FFT back comm time         1.57 (17.66% of FFT t)
|                      Other                      7.33 (82.34% of FFT t)
|                   FFT time                   8.90 (45.01% of Recip)
|                   Other                      0.80 ( 4.06% of Recip)
|                Recip Ewald time          19.77 (23.65% of Ewald)
|                Force Adjust               6.65 ( 7.96% of Ewald)
|                Virial junk                0.38 ( 0.45% of Ewald)
|                Other                      0.03 ( 0.04% of Ewald)
|             Ewald time                83.60 (90.87% of Nonbo)
|             Other                      0.01 ( 0.01% of Nonbo)
|          Nonbond force             92.00 (98.78% of Force)
|          Bond/Angle/Dihedral        0.10 ( 0.11% of Force)
|          FRC Collect time           0.84 ( 0.90% of Force)
|          Other                      0.19 ( 0.21% of Force)
|       Force time                93.14 (93.34% of Runmd)
|       Shake time                 0.36 ( 0.36% of Runmd)
|       Verlet update time         3.76 ( 3.77% of Runmd)
|       Ekcmr time                 1.35 ( 1.35% of Runmd)
|       CRD distribute time        0.47 ( 0.47% of Runmd)
|       Other                      0.70 ( 0.70% of Runmd)
|    Runmd Time                99.78 (99.84% of Total)
|    Other                      0.16 ( 0.16% of Total)
| Total time                99.94 (100.0% of ALL  )

| Number of list builds   :        901

| Highest rstack allocated:      38074
| Highest istack allocated:        788

| Final Performance Info:
| -----------------------------------------------------
| Average timings for all steps:
|     Elapsed(s) =     101.36 Per Step(ms) =      10.14
|         ns/day =      17.05   seconds/ns =    5068.24
| -----------------------------------------------------

|           Job began  at 15:19:07.844  on 03/14/2017
|           Setup done at 15:19:08.011  on 03/14/2017
|           Run   done at 15:20:48.982  on 03/14/2017
|     wallclock() was called  571869 times
