
          -------------------------------------------------------
          Amber 16 SANDER                              2016
          -------------------------------------------------------

| Run on 03/14/2017 at 15:39:53

|   Executable path: sander.MPI
| Working directory: /home/steboss/projects/mdgx-tests/alanine/IPOLQ/input/PhiPsi_1/90/285
|          Hostname: node004

  [-O]verwriting output

File Assignments:
|  MDIN: min.in                                                                
| MDOUT: Conf285.min.out                                                       
|INPCRD: Conf285.crd                                                           
|  PARM: Conf285.top                                                           
|RESTRT: Conf285.min                                                           
|  REFC: Conf285.crd                                                           
| MDVEL: mdvel                                                                 
| MDFRC: mdfrc                                                                 
|  MDEN: mden                                                                  
| MDCRD: mdcrd                                                                 
|MDINFO: mdinfo                                                                
|  MTMD: mtmd                                                                  
|INPDIP: inpdip                                                                
|RSTDIP: rstdip                                                                
|INPTRA: inptraj                                                               

|    REMLOG: rem.log
|   REMTYPE: rem.type
|  REMSTRIP: 
|   SAVEENE: saveene
|CLUSTERINF: cluster.info
| RESERVOIR: reserv/frame
|   REMDDIM: 


 Here is the input file:

Initial minimization                                                           
 &cntrl                                                                        
  ntx    = 1,       irest  = 0,       ntrx   = 1,      ntxo   = 1,             
  ntpr   = 20,      ntwx   = 0,       ntwv   = 0,      ntwe   = 0,             
                                                                               
  ntf    = 1,       ntb    = 1,                                                
  ntc    = 1,       ntr    = 1,                                                
  restraintmask = ':1',                                                        
  restraint_wt = 100.0,                                                        
  cut    = 9.0,                                                                
                                                                               
  imin   = 1,                                                                  
  maxcyc = 1000,                                                               
  ncyc   = 100,                                                                
                                                                               
 &end                                                                          

--------------------------------------------------------------------------------
   1.  RESOURCE   USE: 
--------------------------------------------------------------------------------

| Flags: MPI                                                                    
 getting new box info from bottom of inpcrd
|  INFO: Old style inpcrd file read

| peek_ewald_inpcrd: Box info found
|Largest sphere to fit in unit cell has radius =    14.328
| New format PARM file being parsed.
| Version =    1.000 Date = 03/14/17 Time = 13:40:45
 NATOM  =    2770 NTYPES =       9 NBONH =    2760 MBONA  =       9
 NTHETH =      25 MTHETA =      11 NPHIH =      43 MPHIA  =      24
 NHPARM =       0 NPARM  =       0 NNB   =    3763 NRES   =     919
 NBONA  =       9 NTHETA =      11 NPHIA =      24 NUMBND =      10
 NUMANG =      16 NPTRA  =      19 NATYP =       9 NPHB   =       1
 IFBOX  =       2 NMXRS  =      10 IFCAP =       0 NEXTRA =       0
 NCOPY  =       0


|     Memory Use     Allocated
|     Real              322434
|     Hollerith           9231
|     Integer            86168
|     Max Pairs         307238
|     nblistReal         33240
|     nblist Int         85041
|       Total             4683 kbytes

| Note: 1-4 EEL scale factors are being read from the topology file.

| Note: 1-4 VDW scale factors are being read from the topology file.
| Duplicated    0 dihedrals
| Duplicated    0 dihedrals

     BOX TYPE: TRUNCATED OCTAHEDRON

--------------------------------------------------------------------------------
   2.  CONTROL  DATA  FOR  THE  RUN
--------------------------------------------------------------------------------

default_name                                                                    

General flags:
     imin    =       1, nmropt  =       0

Nature and format of input:
     ntx     =       1, irest   =       0, ntrx    =       1

Nature and format of output:
     ntxo    =       1, ntpr    =      20, ntrx    =       1, ntwr    =       1
     iwrap   =       0, ntwx    =       0, ntwv    =       0, ntwe    =       0
     ioutfm  =       1, ntwprt  =       0, idecomp =       0, rbornstat=      0

Potential function:
     ntf     =       1, ntb     =       1, igb     =       0, nsnb    =      25
     ipol    =       0, gbsa    =       0, iesp    =       0
     dielc   =   1.00000, cut     =   9.00000, intdiel =   1.00000

Frozen or restrained atoms:
     ibelly  =       0, ntr     =       1
     restraint_wt = 100.00000

Energy minimization:
     maxcyc  =    1000, ncyc    =     100, ntmin   =       1
     dx0     =   0.01000, drms    =   0.00010

Ewald parameters:
     verbose =       0, ew_type =       0, nbflag  =       1, use_pme =       1
     vdwmeth =       1, eedmeth =       1, netfrc  =       0
     Box X =   35.097   Box Y =   35.097   Box Z =   35.097
     Alpha =  109.471   Beta  =  109.471   Gamma =  109.471
     NFFT1 =   36       NFFT2 =   36       NFFT3 =   36
     Cutoff=    9.000   Tol   =0.100E-04
     Ewald Coefficient =  0.30768
     Interpolation order =    4

| MPI Timing options:
|      profile_mpi =        0

    LOADING THE CONSTRAINED ATOMS AS GROUPS


   5.  REFERENCE ATOM COORDINATES

  defa
     Mask :1; matches     6 atoms

--------------------------------------------------------------------------------
   3.  ATOMIC COORDINATES AND VELOCITIES
--------------------------------------------------------------------------------

default_name                                                                    
 begin time read from input coords =     0.000 ps

 Number of triangulated 3-point waters found:      916
|  Atom division among processors:
|         0     346     694    1039    1384    1732    2077    2422
|      2770

     Sum of charges from parm topology file =  -0.00000000
     Forcing neutrality...
|  Running AMBER/MPI version on    8 nodes


--------------------------------------------------------------------------------
   4.  RESULTS
--------------------------------------------------------------------------------

 ---------------------------------------------------
 APPROXIMATING switch and d/dx switch using CUBIC SPLINE INTERPOLATION
 using   5000.0 points per unit in tabled values
 TESTING RELATIVE ERROR over r ranging from 0.0 to cutoff
| CHECK switch(x): max rel err =   0.2738E-14   at   2.422500
| CHECK d/dx switch(x): max rel err =   0.8314E-11   at   2.736960
 ---------------------------------------------------
| Local SIZE OF NONBOND LIST =      83080
| TOTAL SIZE OF NONBOND LIST =     641861


   NSTEP       ENERGY          RMS            GMAX         NAME    NUMBER
      1      -7.5302E+03     1.2756E+01     6.1564E+01     O         290

 BOND    =        0.5228  ANGLE   =        2.4856  DIHED      =       13.3590
 VDWAALS =     1170.5878  EEL     =    -8763.3411  HBOND      =        0.0000
 1-4 VDW =        2.2614  1-4 EEL =       43.9114  RESTRAINT  =        0.0000


   NSTEP       ENERGY          RMS            GMAX         NAME    NUMBER
     20      -8.4706E+03     3.1012E+00     2.4287E+01     O         365

 BOND    =      462.1766  ANGLE   =        2.3474  DIHED      =       13.3322
 VDWAALS =     1017.2708  EEL     =   -10011.9443  HBOND      =        0.0000
 1-4 VDW =        2.2611  1-4 EEL =       43.9192  RESTRAINT  =        0.0239
 EAMBER  =    -8470.6369


   NSTEP       ENERGY          RMS            GMAX         NAME    NUMBER
     40      -9.2668E+03     2.4351E+00     1.0548E+01     C          15

 BOND    =      503.1813  ANGLE   =        2.3475  DIHED      =       13.0984
 VDWAALS =     1016.3795  EEL     =   -10847.8361  HBOND      =        0.0000
 1-4 VDW =        2.2494  1-4 EEL =       43.6746  RESTRAINT  =        0.0674
 EAMBER  =    -9266.9055


   NSTEP       ENERGY          RMS            GMAX         NAME    NUMBER
     60      -9.4764E+03     3.6742E+00     1.6426E+01     H2        475

 BOND    =      500.1124  ANGLE   =        2.4301  DIHED      =       12.9761
 VDWAALS =     1046.8137  EEL     =   -11084.5680  HBOND      =        0.0000
 1-4 VDW =        2.2312  1-4 EEL =       43.5686  RESTRAINT  =        0.0760
 EAMBER  =    -9476.4358


   NSTEP       ENERGY          RMS            GMAX         NAME    NUMBER
     80      -9.6139E+03     3.9943E+00     1.8058E+01     H2        475

 BOND    =      508.6625  ANGLE   =        2.4769  DIHED      =       12.8780
 VDWAALS =     1077.8227  EEL     =   -11261.5534  HBOND      =        0.0000
 1-4 VDW =        2.2186  1-4 EEL =       43.4880  RESTRAINT  =        0.0753
 EAMBER  =    -9614.0068


   NSTEP       ENERGY          RMS            GMAX         NAME    NUMBER
    100      -9.7420E+03     9.4109E-01     6.8337E+00     H1        792

 BOND    =      593.1899  ANGLE   =        2.5069  DIHED      =       12.7901
 VDWAALS =     1109.1548  EEL     =   -11505.3532  HBOND      =        0.0000
 1-4 VDW =        2.2086  1-4 EEL =       43.4551  RESTRAINT  =        0.0740
 EAMBER  =    -9742.0479


   NSTEP       ENERGY          RMS            GMAX         NAME    NUMBER
    120      -1.0193E+04     1.2839E+00     2.0348E+01     O        2219

 BOND    =      689.4117  ANGLE   =        2.8846  DIHED      =       11.9902
 VDWAALS =     1493.0858  EEL     =   -12435.3958  HBOND      =        0.0000
 1-4 VDW =        2.1451  1-4 EEL =       43.2312  RESTRAINT  =        0.0698
 EAMBER  =   -10192.6472


   NSTEP       ENERGY          RMS            GMAX         NAME    NUMBER
    140      -1.0343E+04     1.6987E+00     3.5499E+01     O        2210

 BOND    =      703.8509  ANGLE   =        3.3044  DIHED      =       11.7084
 VDWAALS =     1514.1976  EEL     =   -12621.6949  HBOND      =        0.0000
 1-4 VDW =        2.2132  1-4 EEL =       43.3292  RESTRAINT  =        0.0500
 EAMBER  =   -10343.0912


   NSTEP       ENERGY          RMS            GMAX         NAME    NUMBER
    160      -1.0427E+04     1.2675E+00     3.0589E+01     C           5

 BOND    =      697.3051  ANGLE   =        4.0991  DIHED      =       11.5559
 VDWAALS =     1513.5707  EEL     =   -12699.0097  HBOND      =        0.0000
 1-4 VDW =        2.2947  1-4 EEL =       43.3450  RESTRAINT  =        0.0495
 EAMBER  =   -10426.8392


   NSTEP       ENERGY          RMS            GMAX         NAME    NUMBER
    180      -1.0543E+04     1.5275E+00     2.6405E+01     O        2468

 BOND    =      738.3855  ANGLE   =        3.2107  DIHED      =       11.0288
 VDWAALS =     1710.6964  EEL     =   -13050.9684  HBOND      =        0.0000
 1-4 VDW =        2.1519  1-4 EEL =       42.9141  RESTRAINT  =        0.0304
 EAMBER  =   -10542.5811


   NSTEP       ENERGY          RMS            GMAX         NAME    NUMBER
    200      -1.0632E+04     8.5283E-01     1.1830E+01     CA          9

 BOND    =      739.7239  ANGLE   =        3.3266  DIHED      =       10.9024
 VDWAALS =     1681.9950  EEL     =   -13112.9448  HBOND      =        0.0000
 1-4 VDW =        2.0884  1-4 EEL =       42.9130  RESTRAINT  =        0.0182
 EAMBER  =   -10631.9953


   NSTEP       ENERGY          RMS            GMAX         NAME    NUMBER
    220      -1.0678E+04     9.9881E-01     1.9530E+01     C           5

 BOND    =      753.1900  ANGLE   =        4.2267  DIHED      =       10.8760
 VDWAALS =     1741.0323  EEL     =   -13232.1385  HBOND      =        0.0000
 1-4 VDW =        1.9493  1-4 EEL =       42.8800  RESTRAINT  =        0.1400
 EAMBER  =   -10677.9842


   NSTEP       ENERGY          RMS            GMAX         NAME    NUMBER
    240      -1.0734E+04     1.6596E+00     5.3465E+01     C           5

 BOND    =      753.0291  ANGLE   =        3.9763  DIHED      =       10.8354
 VDWAALS =     1768.8857  EEL     =   -13316.4068  HBOND      =        0.0000
 1-4 VDW =        2.2201  1-4 EEL =       42.9817  RESTRAINT  =        0.2613
 EAMBER  =   -10734.4786


   NSTEP       ENERGY          RMS            GMAX         NAME    NUMBER
    260      -1.0765E+04     7.2310E-01     1.6781E+01     CA          9

 BOND    =      762.3499  ANGLE   =        4.1657  DIHED      =       10.4996
 VDWAALS =     1788.2068  EEL     =   -13375.3082  HBOND      =        0.0000
 1-4 VDW =        2.1416  1-4 EEL =       42.9320  RESTRAINT  =        0.0776
 EAMBER  =   -10765.0125


   NSTEP       ENERGY          RMS            GMAX         NAME    NUMBER
    280      -1.0816E+04     1.2164E+00     2.1573E+01     O          16

 BOND    =      791.0267  ANGLE   =        5.1213  DIHED      =       10.3738
 VDWAALS =     1894.3667  EEL     =   -13561.7403  HBOND      =        0.0000
 1-4 VDW =        2.4526  1-4 EEL =       42.2279  RESTRAINT  =        0.5094
 EAMBER  =   -10816.1712


   NSTEP       ENERGY          RMS            GMAX         NAME    NUMBER
    300      -1.0858E+04     8.3451E-01     1.7093E+01     CB         11

 BOND    =      792.4910  ANGLE   =        4.0565  DIHED      =       10.3356
 VDWAALS =     1882.7906  EEL     =   -13592.3246  HBOND      =        0.0000
 1-4 VDW =        2.1956  1-4 EEL =       42.1636  RESTRAINT  =        0.3430
 EAMBER  =   -10858.2915


   NSTEP       ENERGY          RMS            GMAX         NAME    NUMBER
    320      -1.0886E+04     1.5072E+00     3.5519E+01     O          16

 BOND    =      798.6930  ANGLE   =        3.5918  DIHED      =       10.3667
 VDWAALS =     1932.0630  EEL     =   -13675.2116  HBOND      =        0.0000
 1-4 VDW =        1.7899  1-4 EEL =       42.0466  RESTRAINT  =        0.2640
 EAMBER  =   -10886.6605


   NSTEP       ENERGY          RMS            GMAX         NAME    NUMBER
    340      -1.0938E+04     5.9074E-01     1.1190E+01     C          15

 BOND    =      810.1627  ANGLE   =        3.7844  DIHED      =       10.1726
 VDWAALS =     1966.3205  EEL     =   -13773.5024  HBOND      =        0.0000
 1-4 VDW =        2.0973  1-4 EEL =       42.9867  RESTRAINT  =        0.1985
 EAMBER  =   -10937.9782


   NSTEP       ENERGY          RMS            GMAX         NAME    NUMBER
    360      -1.0951E+04     5.3344E-01     2.4931E+01     C           5

 BOND    =      805.0910  ANGLE   =        3.8453  DIHED      =       10.0823
 VDWAALS =     1969.7434  EEL     =   -13784.9282  HBOND      =        0.0000
 1-4 VDW =        2.2484  1-4 EEL =       42.5828  RESTRAINT  =        0.0991
 EAMBER  =   -10951.3349


   NSTEP       ENERGY          RMS            GMAX         NAME    NUMBER
    380      -1.0980E+04     6.7553E-01     1.8885E+01     HH33        4

 BOND    =      819.1862  ANGLE   =        4.9458  DIHED      =       10.2801
 VDWAALS =     2010.1727  EEL     =   -13869.9745  HBOND      =        0.0000
 1-4 VDW =        2.4694  1-4 EEL =       42.1950  RESTRAINT  =        0.7877
 EAMBER  =   -10980.7254


   NSTEP       ENERGY          RMS            GMAX         NAME    NUMBER
    400      -1.1000E+04     5.2381E-01     1.9348E+01     C          15

 BOND    =      819.1740  ANGLE   =        3.4447  DIHED      =       10.1330
 VDWAALS =     2011.1791  EEL     =   -13888.8101  HBOND      =        0.0000
 1-4 VDW =        2.1775  1-4 EEL =       42.2326  RESTRAINT  =        0.0724
 EAMBER  =   -11000.4692


   NSTEP       ENERGY          RMS            GMAX         NAME    NUMBER
    420      -1.1012E+04     6.1856E-01     1.9122E+01     C           5

 BOND    =      815.4849  ANGLE   =        3.2597  DIHED      =       10.0423
 VDWAALS =     2029.5298  EEL     =   -13915.1645  HBOND      =        0.0000
 1-4 VDW =        2.1211  1-4 EEL =       42.6209  RESTRAINT  =        0.0287
 EAMBER  =   -11012.1058


   NSTEP       ENERGY          RMS            GMAX         NAME    NUMBER
    440      -1.1032E+04     5.0024E-01     1.2377E+01     N           7

 BOND    =      827.6726  ANGLE   =        3.6055  DIHED      =        9.9717
 VDWAALS =     2041.9212  EEL     =   -13960.7402  HBOND      =        0.0000
 1-4 VDW =        2.1514  1-4 EEL =       42.9391  RESTRAINT  =        0.1936
 EAMBER  =   -11032.4787


   NSTEP       ENERGY          RMS            GMAX         NAME    NUMBER
    460      -1.1040E+04     4.3139E-01     1.0881E+01     CA          9

 BOND    =      821.9635  ANGLE   =        3.7150  DIHED      =       10.0257
 VDWAALS =     2046.3653  EEL     =   -13966.9621  HBOND      =        0.0000
 1-4 VDW =        2.2421  1-4 EEL =       42.6051  RESTRAINT  =        0.0545
 EAMBER  =   -11040.0453


   NSTEP       ENERGY          RMS            GMAX         NAME    NUMBER
    480      -1.1055E+04     6.1373E-01     1.3724E+01     O           6

 BOND    =      832.7999  ANGLE   =        4.8763  DIHED      =       10.0816
 VDWAALS =     2071.2932  EEL     =   -14019.6610  HBOND      =        0.0000
 1-4 VDW =        2.5110  1-4 EEL =       41.9946  RESTRAINT  =        0.6297
 EAMBER  =   -11056.1043


   NSTEP       ENERGY          RMS            GMAX         NAME    NUMBER
    500      -1.1070E+04     5.2140E-01     2.0852E+01     C          15

 BOND    =      832.8116  ANGLE   =        3.5705  DIHED      =       10.0477
 VDWAALS =     2072.3139  EEL     =   -14032.9581  HBOND      =        0.0000
 1-4 VDW =        2.1771  1-4 EEL =       42.3377  RESTRAINT  =        0.0468
 EAMBER  =   -11069.6996


   NSTEP       ENERGY          RMS            GMAX         NAME    NUMBER
    520      -1.1079E+04     5.5455E-01     1.7915E+01     N          17

 BOND    =      827.8621  ANGLE   =        3.2701  DIHED      =        9.9025
 VDWAALS =     2083.6698  EEL     =   -14048.6163  HBOND      =        0.0000
 1-4 VDW =        2.1884  1-4 EEL =       42.5909  RESTRAINT  =        0.0266
 EAMBER  =   -11079.1325


   NSTEP       ENERGY          RMS            GMAX         NAME    NUMBER
    540      -1.1096E+04     3.0400E-01     5.3865E+00     CH3        19

 BOND    =      838.4659  ANGLE   =        3.4020  DIHED      =        9.7841
 VDWAALS =     2095.1273  EEL     =   -14087.4955  HBOND      =        0.0000
 1-4 VDW =        2.1695  1-4 EEL =       42.7197  RESTRAINT  =        0.0636
 EAMBER  =   -11095.8269


   NSTEP       ENERGY          RMS            GMAX         NAME    NUMBER
    560      -1.1105E+04     4.0127E-01     1.2756E+01     C          15

 BOND    =      836.4737  ANGLE   =        3.5282  DIHED      =        9.9105
 VDWAALS =     2103.1526  EEL     =   -14102.7786  HBOND      =        0.0000
 1-4 VDW =        2.2115  1-4 EEL =       42.3230  RESTRAINT  =        0.0876
 EAMBER  =   -11105.1791


   NSTEP       ENERGY          RMS            GMAX         NAME    NUMBER
    580      -1.1119E+04     6.7733E-01     1.3375E+01     CH3        19

 BOND    =      847.3104  ANGLE   =        5.3726  DIHED      =        9.7035
 VDWAALS =     2122.8604  EEL     =   -14149.5777  HBOND      =        0.0000
 1-4 VDW =        2.2447  1-4 EEL =       42.7516  RESTRAINT  =        0.3230
 EAMBER  =   -11119.3345


   NSTEP       ENERGY          RMS            GMAX         NAME    NUMBER
    600      -1.1130E+04     5.2772E-01     1.6518E+01     C          15

 BOND    =      844.5481  ANGLE   =        3.8449  DIHED      =        9.7925
 VDWAALS =     2129.1823  EEL     =   -14162.0921  HBOND      =        0.0000
 1-4 VDW =        2.2253  1-4 EEL =       42.5899  RESTRAINT  =        0.0490
 EAMBER  =   -11129.9092


   NSTEP       ENERGY          RMS            GMAX         NAME    NUMBER
    620      -1.1137E+04     4.1331E-01     1.1398E+01     N          17

 BOND    =      841.1663  ANGLE   =        3.5464  DIHED      =        9.6958
 VDWAALS =     2135.6921  EEL     =   -14171.9633  HBOND      =        0.0000
 1-4 VDW =        2.2091  1-4 EEL =       42.6298  RESTRAINT  =        0.0329
 EAMBER  =   -11137.0239


   NSTEP       ENERGY          RMS            GMAX         NAME    NUMBER
    640      -1.1144E+04     2.7612E-01     6.1185E+00     HB1        12

 BOND    =      847.1973  ANGLE   =        3.5279  DIHED      =        9.7833
 VDWAALS =     2139.6153  EEL     =   -14188.5722  HBOND      =        0.0000
 1-4 VDW =        2.2383  1-4 EEL =       42.4780  RESTRAINT  =        0.1856
 EAMBER  =   -11143.7320


   NSTEP       ENERGY          RMS            GMAX         NAME    NUMBER
    660      -1.1151E+04     4.4868E-01     1.4462E+01     C          15

 BOND    =      844.4822  ANGLE   =        3.6646  DIHED      =        9.8431
 VDWAALS =     2145.6041  EEL     =   -14199.5320  HBOND      =        0.0000
 1-4 VDW =        2.2898  1-4 EEL =       42.4714  RESTRAINT  =        0.1597
 EAMBER  =   -11151.1769


   NSTEP       ENERGY          RMS            GMAX         NAME    NUMBER
    680      -1.1158E+04     2.7524E-01     6.7464E+00     CB         11

 BOND    =      847.2767  ANGLE   =        3.8816  DIHED      =        9.6348
 VDWAALS =     2152.2452  EEL     =   -14215.5869  HBOND      =        0.0000
 1-4 VDW =        2.2072  1-4 EEL =       42.5958  RESTRAINT  =        0.0397
 EAMBER  =   -11157.7455


   NSTEP       ENERGY          RMS            GMAX         NAME    NUMBER
    700      -1.1166E+04     4.8576E-01     1.1340E+01     C          15

 BOND    =      852.5946  ANGLE   =        3.8295  DIHED      =        9.6416
 VDWAALS =     2156.8642  EEL     =   -14233.6419  HBOND      =        0.0000
 1-4 VDW =        2.2551  1-4 EEL =       42.6545  RESTRAINT  =        0.0519
 EAMBER  =   -11165.8024


   NSTEP       ENERGY          RMS            GMAX         NAME    NUMBER
    720      -1.1172E+04     3.0538E-01     8.7112E+00     C           5

 BOND    =      846.7964  ANGLE   =        3.5407  DIHED      =        9.6497
 VDWAALS =     2160.1314  EEL     =   -14236.8972  HBOND      =        0.0000
 1-4 VDW =        2.1790  1-4 EEL =       42.5766  RESTRAINT  =        0.0302
 EAMBER  =   -11172.0235


   NSTEP       ENERGY          RMS            GMAX         NAME    NUMBER
    740      -1.1177E+04     2.8952E-01     6.9474E+00     C          15

 BOND    =      853.3996  ANGLE   =        3.5953  DIHED      =        9.7339
 VDWAALS =     2161.7300  EEL     =   -14250.2869  HBOND      =        0.0000
 1-4 VDW =        2.2077  1-4 EEL =       42.4393  RESTRAINT  =        0.2287
 EAMBER  =   -11177.1812


   NSTEP       ENERGY          RMS            GMAX         NAME    NUMBER
    760      -1.1185E+04     5.0333E-01     2.0504E+01     C           5

 BOND    =      848.1551  ANGLE   =        3.7000  DIHED      =        9.7511
 VDWAALS =     2165.1934  EEL     =   -14256.6445  HBOND      =        0.0000
 1-4 VDW =        2.2696  1-4 EEL =       42.4676  RESTRAINT  =        0.1555
 EAMBER  =   -11185.1077


   NSTEP       ENERGY          RMS            GMAX         NAME    NUMBER
    780      -1.1190E+04     4.4514E-01     1.4184E+01     C          15

 BOND    =      851.5613  ANGLE   =        3.9728  DIHED      =        9.5908
 VDWAALS =     2168.6394  EEL     =   -14268.9091  HBOND      =        0.0000
 1-4 VDW =        2.2167  1-4 EEL =       42.5808  RESTRAINT  =        0.0352
 EAMBER  =   -11190.3473


   NSTEP       ENERGY          RMS            GMAX         NAME    NUMBER
    800      -1.1198E+04     5.4724E-01     1.6506E+01     C          15

 BOND    =      858.3645  ANGLE   =        3.7774  DIHED      =        9.6059
 VDWAALS =     2171.9795  EEL     =   -14286.4117  HBOND      =        0.0000
 1-4 VDW =        2.2725  1-4 EEL =       42.6319  RESTRAINT  =        0.0481
 EAMBER  =   -11197.7800


   NSTEP       ENERGY          RMS            GMAX         NAME    NUMBER
    820      -1.1204E+04     2.5018E-01     8.1292E+00     N           7

 BOND    =      851.8192  ANGLE   =        3.5363  DIHED      =        9.6150
 VDWAALS =     2173.5863  EEL     =   -14287.0186  HBOND      =        0.0000
 1-4 VDW =        2.1810  1-4 EEL =       42.5696  RESTRAINT  =        0.0419
 EAMBER  =   -11203.7113


   NSTEP       ENERGY          RMS            GMAX         NAME    NUMBER
    840      -1.1207E+04     2.4791E-01     5.6859E+00     HB1        12

 BOND    =      857.6693  ANGLE   =        3.5937  DIHED      =        9.6757
 VDWAALS =     2175.0629  EEL     =   -14297.8809  HBOND      =        0.0000
 1-4 VDW =        2.1990  1-4 EEL =       42.4485  RESTRAINT  =        0.1901
 EAMBER  =   -11207.2319


   NSTEP       ENERGY          RMS            GMAX         NAME    NUMBER
    860      -1.1215E+04     4.9623E-01     1.4852E+01     C           5

 BOND    =      851.0392  ANGLE   =        3.6921  DIHED      =        9.6695
 VDWAALS =     2179.2337  EEL     =   -14303.9469  HBOND      =        0.0000
 1-4 VDW =        2.2729  1-4 EEL =       42.5036  RESTRAINT  =        0.1864
 EAMBER  =   -11215.5360


   NSTEP       ENERGY          RMS            GMAX         NAME    NUMBER
    880      -1.1220E+04     5.3397E-01     1.4950E+01     C           5

 BOND    =      855.6700  ANGLE   =        3.9172  DIHED      =        9.5784
 VDWAALS =     2182.1913  EEL     =   -14315.8256  HBOND      =        0.0000
 1-4 VDW =        2.2118  1-4 EEL =       42.5398  RESTRAINT  =        0.0383
 EAMBER  =   -11219.7172


   NSTEP       ENERGY          RMS            GMAX         NAME    NUMBER
    900      -1.1226E+04     5.6579E-01     1.4279E+01     C          15

 BOND    =      864.4664  ANGLE   =        3.9799  DIHED      =        9.5677
 VDWAALS =     2186.7036  EEL     =   -14336.0194  HBOND      =        0.0000
 1-4 VDW =        2.2903  1-4 EEL =       42.6099  RESTRAINT  =        0.0707
 EAMBER  =   -11226.4018


   NSTEP       ENERGY          RMS            GMAX         NAME    NUMBER
    920      -1.1232E+04     1.5471E-01     4.2800E+00     N          17

 BOND    =      858.8336  ANGLE   =        3.6095  DIHED      =        9.5607
 VDWAALS =     2188.3112  EEL     =   -14336.7867  HBOND      =        0.0000
 1-4 VDW =        2.1769  1-4 EEL =       42.5320  RESTRAINT  =        0.0403
 EAMBER  =   -11231.7628


   NSTEP       ENERGY          RMS            GMAX         NAME    NUMBER
    940      -1.1236E+04     5.2761E-01     1.7616E+01     C          15

 BOND    =      857.1702  ANGLE   =        3.7915  DIHED      =        9.6937
 VDWAALS =     2190.5448  EEL     =   -14341.9597  HBOND      =        0.0000
 1-4 VDW =        2.1428  1-4 EEL =       42.1419  RESTRAINT  =        0.1908
 EAMBER  =   -11236.4748


   NSTEP       ENERGY          RMS            GMAX         NAME    NUMBER
    960      -1.1245E+04     4.9532E-01     1.3139E+01     O           6

 BOND    =      864.2396  ANGLE   =        3.9578  DIHED      =        9.5797
 VDWAALS =     2197.4100  EEL     =   -14365.0457  HBOND      =        0.0000
 1-4 VDW =        2.1956  1-4 EEL =       42.4950  RESTRAINT  =        0.1083
 EAMBER  =   -11245.1679


   NSTEP       ENERGY          RMS            GMAX         NAME    NUMBER
    980      -1.1249E+04     4.9694E-01     1.8029E+01     CH3        19

 BOND    =      866.1319  ANGLE   =        3.8974  DIHED      =        9.6146
 VDWAALS =     2199.5493  EEL     =   -14373.3380  HBOND      =        0.0000
 1-4 VDW =        2.2047  1-4 EEL =       42.6592  RESTRAINT  =        0.0584
 EAMBER  =   -11249.2808


   NSTEP       ENERGY          RMS            GMAX         NAME    NUMBER
   1000      -1.1258E+04     5.7562E-01     1.8361E+01     C          15

 BOND    =      858.1730  ANGLE   =        4.0916  DIHED      =        9.8830
 VDWAALS =     2207.7410  EEL     =   -14382.1951  HBOND      =        0.0000
 1-4 VDW =        2.0959  1-4 EEL =       42.4007  RESTRAINT  =        0.1719
 EAMBER  =   -11257.8099


  Maximum number of minimization cycles reached.


                    FINAL RESULTS



   NSTEP       ENERGY          RMS            GMAX         NAME    NUMBER
   1000      -1.1258E+04     5.7562E-01     1.8361E+01     C          15

 BOND    =      858.1730  ANGLE   =        4.0916  DIHED      =        9.8830
 VDWAALS =     2207.7410  EEL     =   -14382.1951  HBOND      =        0.0000
 1-4 VDW =        2.0959  1-4 EEL =       42.4007  RESTRAINT  =        0.1719
 EAMBER  =   -11257.8099

--------------------------------------------------------------------------------
   5.  TIMINGS
--------------------------------------------------------------------------------

|                Build the list             0.17 (67.22% of List )
|                Other                      0.08 (32.78% of List )
|             List time                  0.25 ( 0.63% of Nonbo)
|                   Short_ene time             9.93 (97.48% of Direc)
|                   Other                      0.26 ( 2.52% of Direc)
|                Direct Ewald time         10.19 (25.25% of Ewald)
|                Adjust Ewald time          0.05 ( 0.12% of Ewald)
|                   Fill Bspline coeffs        0.15 ( 0.56% of Recip)
|                   Fill charge grid           0.15 ( 0.55% of Recip)
|                   Scalar sum                 0.64 ( 2.39% of Recip)
|                   Grad sum                   0.40 ( 1.48% of Recip)
|                      FFT back comm time        18.90 (76.26% of FFT t)
|                      Other                      5.88 (23.74% of FFT t)
|                   FFT time                  24.78 (91.96% of Recip)
|                   Other                      0.82 ( 3.05% of Recip)
|                Recip Ewald time          26.95 (66.78% of Ewald)
|                Force Adjust               1.82 ( 4.50% of Ewald)
|                Virial junk                1.35 ( 3.34% of Ewald)
|                Other                      0.00 ( 0.01% of Ewald)
|             Ewald time                40.35 (99.37% of Nonbo)
|          Nonbond force             40.61 (78.28% of Force)
|          Bond/Angle/Dihedral        0.04 ( 0.08% of Force)
|          FRC Collect time           3.67 ( 7.08% of Force)
|          Other                      7.55 (14.56% of Force)
|       Force time                51.88 (100.0% of Runmd)
|    Runmd Time                51.88 (21.05% of Total)
|    Other                    194.56 (78.95% of Total)
| Total time               246.45 (100.0% of ALL  )

| Highest rstack allocated:      38938
| Highest istack allocated:        820
|           Job began  at 15:39:53.174  on 03/14/2017
|           Setup done at 15:39:53.767  on 03/14/2017
|           Run   done at 15:43:59.623  on 03/14/2017
|     wallclock() was called   44070 times
