
                *****************************************************
                * AMBER Bond Angle and Dihedral Parameter Optimiser *
                *                                                   *
                *                      v3.0.0                       *
                *                                                   *
                *                    Written by:                    *
                *                 Robin Betz (2011)                 *
                *                 Ross Walker (2004)                *
                *          The Walker Molecular Dynamics Lab        *
                *         University of California, San Diego       *
                *            La Jolla, California, 92092            *
                *                       USA                         *
                *****************************************************

*************************************************************************************
                                Execution started at:
|                             Fri Jan 13 11:22:26 2017

|
| Random seed = 1484306546
 Reading job control file: fit_K.in
 Job Control: Read a total of 12 lines from job_control file. 11 options set.

  Reading prmtop file    : ../1_inputfiles/input_scan/fit_topology/fit.prmtop
   Prmtop   (unique): Found 8 unique bonds.
   Prmtop   (unique): Found 16 unique angles.
   Prmtop   (unique): Found 23 unique dihedrals.
   Prmtop   (unique): Found 36 unique dihedral terms.
 Reading mdcrd file: ../1_inputfiles/energies/all_structures.mdcrd
  Reading mdcrd file    : ../1_inputfiles/energies/all_structures.mdcrd
    Coordinate file passed format check
  Reading energy file or directory  : ../1_inputfiles/energies/energies_ff99SB.dat
        ---------------------------------------------------------------------
        |                          OPTIONS SUMMARY                         |
        |                          ---------------                          |
        | Summary of Run Type Options:                                      |
        |   Run Mode = FIT, Minimiser = SIMPLEX                             |
        |   Function to be Fit = SUM_SQUARES_AMBER_STANDARD                 |
        |                                                                   |
        | Terms to be fit:                                                  |
        |   K = 1, UNIQUE_BONDS = 8, UNIQUE ANGLES = 16                     |
        |   UNIQUE DIHEDRALS = 23  TOTAL DIHEDRAL TERMS = 36                |
        |   NBONDS = 41, NANGLES = 72, NDIHEDRALS = 139                     |
        |                                 Total dimensions of fit = 1       |
        |                                                                   |
        | Sample structures for least squares fit = 48                      |
        |                                                                   |
        |                                                                   |
        | Energy Correction Term (K) = TO BE FIT                            |
        |                                                                   |
        |           BONDFC_dx =     5.0000                                  |
        |           BONDEQ_dx =     0.0200                                  |
        |          ANGLEFC_dx =     1.0000                                  |
        |          ANGLEEQ_dx =     0.0500                                  |
        |       DIHEDRALBH_dx =     0.2000                                  |
        |        DIHEDRALN_dx =     0.0100                                  |
        |        DIHEDRALG_dx =     0.0500                                  |
        |              K_dx =     1.0000                                    |
        |                                                                   |
        | Convergence requested to within 1.0000E-08                        |
        |                                                                   |
        | Estimate Memory Usage (per cpu):                                  |
        |  Coordinate info will be read from disk as required.              |
        |                OPTION STORAGE = 167 bytes                         |
        |                PRMTOP STORAGE = 504434 bytes                      |
        |            COORDINATE STORAGE = 51496 bytes                       |
        |         SIMPLEX ARRAY STORAGE = 168 bytes                         |
        |                                                                   |
        |  TOTAL ESTIMATED MEMORY USAGE = 556265 bytes                      |
        |                                                                   |
        ---------------------------------------------------------------------

 * Input structures passed dihedral span check.

   ------------------------------- INITIAL PARAMETERS --------------------------------
   Parameters for force field equation: AMBER_STANDARD:
   (* means parameter is NOT constant during fit)
                         *K = 0.000000 kcal/mol
             (CT-HC) Kr = 340.0000 kcal/(mol A)^2, r_eq =   1.0900 A 
             (CT-H1) Kr = 340.0000 kcal/(mol A)^2, r_eq =   1.0900 A 
             (N -H ) Kr = 434.0000 kcal/(mol A)^2, r_eq =   1.0100 A 
             (C -O ) Kr = 570.0000 kcal/(mol A)^2, r_eq =   1.2290 A 
             (C -N ) Kr = 490.0000 kcal/(mol A)^2, r_eq =   1.3350 A 
             (CT-C ) Kr = 317.0000 kcal/(mol A)^2, r_eq =   1.5220 A 
             (CT-CT) Kr = 310.0000 kcal/(mol A)^2, r_eq =   1.5260 A 
             (N -CT) Kr = 337.0000 kcal/(mol A)^2, r_eq =   1.4490 A 
        (C -N -H ) Kt =  50.0000 kcal/(mol rad)^2,  th_eq = 120.0001 deg 
        (HC-CT-C ) Kt =  50.0000 kcal/(mol rad)^2,  th_eq = 109.5000 deg 
        (HC-CT-HC) Kt =  35.0000 kcal/(mol rad)^2,  th_eq = 109.5000 deg 
        (H1-CT-CT) Kt =  50.0000 kcal/(mol rad)^2,  th_eq = 109.5000 deg 
        (H1-CT-C ) Kt =  50.0000 kcal/(mol rad)^2,  th_eq = 109.5000 deg 
        (CT-CT-HC) Kt =  50.0000 kcal/(mol rad)^2,  th_eq = 109.5000 deg 
        (H -N -CT) Kt =  50.0000 kcal/(mol rad)^2,  th_eq = 118.0401 deg 
        (N -CT-H1) Kt =  50.0000 kcal/(mol rad)^2,  th_eq = 109.5000 deg 
        (H1-CT-H1) Kt =  35.0000 kcal/(mol rad)^2,  th_eq = 109.5000 deg 
        (O -C -N ) Kt =  80.0000 kcal/(mol rad)^2,  th_eq = 122.9001 deg 
        (C -N -CT) Kt =  50.0000 kcal/(mol rad)^2,  th_eq = 121.9001 deg 
        (CT-C -O ) Kt =  80.0000 kcal/(mol rad)^2,  th_eq = 120.4001 deg 
        (CT-C -N ) Kt =  70.0000 kcal/(mol rad)^2,  th_eq = 116.6000 deg 
        (CT-CT-C ) Kt =  63.0000 kcal/(mol rad)^2,  th_eq = 111.1000 deg 
        (N -CT-CT) Kt =  80.0000 kcal/(mol rad)^2,  th_eq = 109.7000 deg 
        (N -CT-C ) Kt =  63.0000 kcal/(mol rad)^2,  th_eq = 110.1000 deg 
       (O -C -N -H ) Kp =   2.0000 kcal/mol,  Np = 1.0000,  Phase =   0.0000 Deg 
       (O -C -N -H ) Kp =   2.5000 kcal/mol,  Np = 2.0000,  Phase = 180.0001 Deg 
       (C -N -CT-H1) Kp =   0.0000 kcal/mol,  Np = 2.0000,  Phase =   0.0000 Deg 
       (HC-CT-C -O ) Kp =   0.8000 kcal/mol,  Np = 1.0000,  Phase =   0.0000 Deg 
       (HC-CT-C -O ) Kp =   0.0000 kcal/mol,  Np = 2.0000,  Phase =   0.0000 Deg 
       (HC-CT-C -O ) Kp =   0.0800 kcal/mol,  Np = 3.0000,  Phase = 180.0001 Deg 
       (HC-CT-C -N ) Kp =   0.0000 kcal/mol,  Np = 2.0000,  Phase =   0.0000 Deg 
       (CT-C -N -H ) Kp =   2.5000 kcal/mol,  Np = 2.0000,  Phase = 180.0001 Deg 
       (HC-CT-CT-C ) Kp =   0.1556 kcal/mol,  Np = 3.0000,  Phase =   0.0000 Deg 
       (H1-CT-CT-HC) Kp =   0.1556 kcal/mol,  Np = 3.0000,  Phase =   0.0000 Deg 
       (H1-CT-C -O ) Kp =   0.8000 kcal/mol,  Np = 1.0000,  Phase =   0.0000 Deg 
       (H1-CT-C -O ) Kp =   0.0000 kcal/mol,  Np = 2.0000,  Phase =   0.0000 Deg 
       (H1-CT-C -O ) Kp =   0.0800 kcal/mol,  Np = 3.0000,  Phase = 180.0001 Deg 
       (H1-CT-C -N ) Kp =   0.0000 kcal/mol,  Np = 2.0000,  Phase =   0.0000 Deg 
       (H -N -CT-H1) Kp =   0.0000 kcal/mol,  Np = 2.0000,  Phase =   0.0000 Deg 
       (H -N -CT-CT) Kp =   0.0000 kcal/mol,  Np = 2.0000,  Phase =   0.0000 Deg 
       (H -N -CT-C ) Kp =   0.0000 kcal/mol,  Np = 2.0000,  Phase =   0.0000 Deg 
       (N -CT-CT-HC) Kp =   0.1556 kcal/mol,  Np = 3.0000,  Phase =   0.0000 Deg 
   IMP (C -CT-N -H ) Kp =   1.1000 kcal/mol,  Np = 2.0000,  Phase = 180.0001 Deg 
       (O -C -N -CT) Kp =   2.5000 kcal/mol,  Np = 2.0000,  Phase = 180.0001 Deg 
       (C -N -CT-CT) Kp =   0.5300 kcal/mol,  Np = 1.0000,  Phase =   0.0000 Deg 
       (C -N -CT-CT) Kp =   0.0000 kcal/mol,  Np = 2.0000,  Phase =   0.0000 Deg 
       (C -N -CT-CT) Kp =   0.1500 kcal/mol,  Np = 3.0000,  Phase = 180.0001 Deg 
       (C -N -CT-CT) Kp =   0.5000 kcal/mol,  Np = 4.0000,  Phase = 180.0001 Deg 
       (C -N -CT-C ) Kp =   1.0000 kcal/mol,  Np = 1.0000,  Phase =   0.0000 Deg 
       (C -N -CT-C ) Kp =   1.0000 kcal/mol,  Np = 2.0000,  Phase =   0.0000 Deg 
       (C -N -CT-C ) Kp =   1.0000 kcal/mol,  Np = 3.0000,  Phase =   0.0000 Deg 
       (CT-C -N -CT) Kp =   2.5000 kcal/mol,  Np = 2.0000,  Phase = 180.0001 Deg 
       (CT-CT-C -O ) Kp =   0.0000 kcal/mol,  Np = 2.0000,  Phase =   0.0000 Deg 
       (CT-CT-C -N ) Kp =   0.0700 kcal/mol,  Np = 2.0000,  Phase =   0.0000 Deg 
       (CT-CT-C -N ) Kp =   0.1000 kcal/mol,  Np = 4.0000,  Phase =   0.0000 Deg 
       (N -CT-C -O ) Kp =   0.0000 kcal/mol,  Np = 2.0000,  Phase =   0.0000 Deg 
       (N -CT-C -N ) Kp =   1.0000 kcal/mol,  Np = 1.0000,  Phase = 180.0001 Deg 
       (N -CT-C -N ) Kp =   1.0000 kcal/mol,  Np = 2.0000,  Phase = 180.0001 Deg 
       (N -CT-C -N ) Kp =   1.0000 kcal/mol,  Np = 3.0000,  Phase = 180.0001 Deg 
   IMP (CT-N -C -O ) Kp =  10.5000 kcal/mol,  Np = 2.0000,  Phase = 180.0001 Deg 
   -----------------------------------------------------------------------------------
   Sum of squares for initial parameters =  418.0465511694 kcal^2/mol^2
   R^2 value for initial parameters      =   0.757856
   Calculated energy with initial parameters for structure 1 =  18.426394 KCal/mol
   Actual energy for structure 1 should be                   =  15.630736 KCal/mol

   --------------------------------- SIMPLEX MINIMISATION ----------------------------
   Minimising function SUM_SQUARES_AMBER_STANDARD, using the SIMPLEX METHOD
   -------------------------------------- CONVERGENCE --------------------------------
   Step     0: Conv=  3.5178E-01 min=    418.0466,max=    596.4944 avg    507.2705
   Step     1: Conv=  1.3136E-15 min=    346.1970 max=    346.1970 avg=    346.1970
   -----------------------------------------------------------------------------------

   Convergence ratio of   1.3136E-15 is better than
   convergence criteria of   1.0000E-08.
   Function Converged - Total function evaluations = 52

   Convergence to 1.0000E-08 in Simplex routine achieved after 25 cycles.
   (25 INNER x 1 OUTER CYCLES)

   ------------------------------- FINAL PARAMETERS ---------------------------------
   Parameters for force field equation: AMBER_STANDARD:
   (* means parameter is NOT constant during fit)
                         *K = -1.223465 kcal/mol
             (CT-HC) Kr = 340.0000 kcal/(mol A)^2, r_eq =   1.0900 A 
             (CT-H1) Kr = 340.0000 kcal/(mol A)^2, r_eq =   1.0900 A 
             (N -H ) Kr = 434.0000 kcal/(mol A)^2, r_eq =   1.0100 A 
             (C -O ) Kr = 570.0000 kcal/(mol A)^2, r_eq =   1.2290 A 
             (C -N ) Kr = 490.0000 kcal/(mol A)^2, r_eq =   1.3350 A 
             (CT-C ) Kr = 317.0000 kcal/(mol A)^2, r_eq =   1.5220 A 
             (CT-CT) Kr = 310.0000 kcal/(mol A)^2, r_eq =   1.5260 A 
             (N -CT) Kr = 337.0000 kcal/(mol A)^2, r_eq =   1.4490 A 
        (C -N -H ) Kt =  50.0000 kcal/(mol rad)^2,  th_eq = 120.0001 deg 
        (HC-CT-C ) Kt =  50.0000 kcal/(mol rad)^2,  th_eq = 109.5000 deg 
        (HC-CT-HC) Kt =  35.0000 kcal/(mol rad)^2,  th_eq = 109.5000 deg 
        (H1-CT-CT) Kt =  50.0000 kcal/(mol rad)^2,  th_eq = 109.5000 deg 
        (H1-CT-C ) Kt =  50.0000 kcal/(mol rad)^2,  th_eq = 109.5000 deg 
        (CT-CT-HC) Kt =  50.0000 kcal/(mol rad)^2,  th_eq = 109.5000 deg 
        (H -N -CT) Kt =  50.0000 kcal/(mol rad)^2,  th_eq = 118.0401 deg 
        (N -CT-H1) Kt =  50.0000 kcal/(mol rad)^2,  th_eq = 109.5000 deg 
        (H1-CT-H1) Kt =  35.0000 kcal/(mol rad)^2,  th_eq = 109.5000 deg 
        (O -C -N ) Kt =  80.0000 kcal/(mol rad)^2,  th_eq = 122.9001 deg 
        (C -N -CT) Kt =  50.0000 kcal/(mol rad)^2,  th_eq = 121.9001 deg 
        (CT-C -O ) Kt =  80.0000 kcal/(mol rad)^2,  th_eq = 120.4001 deg 
        (CT-C -N ) Kt =  70.0000 kcal/(mol rad)^2,  th_eq = 116.6000 deg 
        (CT-CT-C ) Kt =  63.0000 kcal/(mol rad)^2,  th_eq = 111.1000 deg 
        (N -CT-CT) Kt =  80.0000 kcal/(mol rad)^2,  th_eq = 109.7000 deg 
        (N -CT-C ) Kt =  63.0000 kcal/(mol rad)^2,  th_eq = 110.1000 deg 
       (O -C -N -H ) Kp =   2.0000 kcal/mol,  Np = 1.0000,  Phase =   0.0000 Deg 
       (O -C -N -H ) Kp =   2.5000 kcal/mol,  Np = 2.0000,  Phase = 180.0001 Deg 
       (C -N -CT-H1) Kp =   0.0000 kcal/mol,  Np = 2.0000,  Phase =   0.0000 Deg 
       (HC-CT-C -O ) Kp =   0.8000 kcal/mol,  Np = 1.0000,  Phase =   0.0000 Deg 
       (HC-CT-C -O ) Kp =   0.0000 kcal/mol,  Np = 2.0000,  Phase =   0.0000 Deg 
       (HC-CT-C -O ) Kp =   0.0800 kcal/mol,  Np = 3.0000,  Phase = 180.0001 Deg 
       (HC-CT-C -N ) Kp =   0.0000 kcal/mol,  Np = 2.0000,  Phase =   0.0000 Deg 
       (CT-C -N -H ) Kp =   2.5000 kcal/mol,  Np = 2.0000,  Phase = 180.0001 Deg 
       (HC-CT-CT-C ) Kp =   0.1556 kcal/mol,  Np = 3.0000,  Phase =   0.0000 Deg 
       (H1-CT-CT-HC) Kp =   0.1556 kcal/mol,  Np = 3.0000,  Phase =   0.0000 Deg 
       (H1-CT-C -O ) Kp =   0.8000 kcal/mol,  Np = 1.0000,  Phase =   0.0000 Deg 
       (H1-CT-C -O ) Kp =   0.0000 kcal/mol,  Np = 2.0000,  Phase =   0.0000 Deg 
       (H1-CT-C -O ) Kp =   0.0800 kcal/mol,  Np = 3.0000,  Phase = 180.0001 Deg 
       (H1-CT-C -N ) Kp =   0.0000 kcal/mol,  Np = 2.0000,  Phase =   0.0000 Deg 
       (H -N -CT-H1) Kp =   0.0000 kcal/mol,  Np = 2.0000,  Phase =   0.0000 Deg 
       (H -N -CT-CT) Kp =   0.0000 kcal/mol,  Np = 2.0000,  Phase =   0.0000 Deg 
       (H -N -CT-C ) Kp =   0.0000 kcal/mol,  Np = 2.0000,  Phase =   0.0000 Deg 
       (N -CT-CT-HC) Kp =   0.1556 kcal/mol,  Np = 3.0000,  Phase =   0.0000 Deg 
   IMP (C -CT-N -H ) Kp =   1.1000 kcal/mol,  Np = 2.0000,  Phase = 180.0001 Deg 
       (O -C -N -CT) Kp =   2.5000 kcal/mol,  Np = 2.0000,  Phase = 180.0001 Deg 
       (C -N -CT-CT) Kp =   0.5300 kcal/mol,  Np = 1.0000,  Phase =   0.0000 Deg 
       (C -N -CT-CT) Kp =   0.0000 kcal/mol,  Np = 2.0000,  Phase =   0.0000 Deg 
       (C -N -CT-CT) Kp =   0.1500 kcal/mol,  Np = 3.0000,  Phase = 180.0001 Deg 
       (C -N -CT-CT) Kp =   0.5000 kcal/mol,  Np = 4.0000,  Phase = 180.0001 Deg 
       (C -N -CT-C ) Kp =   1.0000 kcal/mol,  Np = 1.0000,  Phase =   0.0000 Deg 
       (C -N -CT-C ) Kp =   1.0000 kcal/mol,  Np = 2.0000,  Phase =   0.0000 Deg 
       (C -N -CT-C ) Kp =   1.0000 kcal/mol,  Np = 3.0000,  Phase =   0.0000 Deg 
       (CT-C -N -CT) Kp =   2.5000 kcal/mol,  Np = 2.0000,  Phase = 180.0001 Deg 
       (CT-CT-C -O ) Kp =   0.0000 kcal/mol,  Np = 2.0000,  Phase =   0.0000 Deg 
       (CT-CT-C -N ) Kp =   0.0700 kcal/mol,  Np = 2.0000,  Phase =   0.0000 Deg 
       (CT-CT-C -N ) Kp =   0.1000 kcal/mol,  Np = 4.0000,  Phase =   0.0000 Deg 
       (N -CT-C -O ) Kp =   0.0000 kcal/mol,  Np = 2.0000,  Phase =   0.0000 Deg 
       (N -CT-C -N ) Kp =   1.0000 kcal/mol,  Np = 1.0000,  Phase = 180.0001 Deg 
       (N -CT-C -N ) Kp =   1.0000 kcal/mol,  Np = 2.0000,  Phase = 180.0001 Deg 
       (N -CT-C -N ) Kp =   1.0000 kcal/mol,  Np = 3.0000,  Phase = 180.0001 Deg 
   IMP (CT-N -C -O ) Kp =  10.5000 kcal/mol,  Np = 2.0000,  Phase = 180.0001 Deg 
   ----------------------------------------------------------------------------------
|   Called the fitness function 53 times.
   Function value with fitted parameters  =      346.1970, R^2 =       0.7579
   Calculated energy with fitted parameters for structure 1 =     18.4264 KCal/mol

 * Saving energy file with 48 structures to f99_f99SB_fit.dat
 * Result passed angle validity check.
 * Result passed bond validity check.

|             Program Execution Completed at: Fri Jan 13 11:22:26 2017
|                            Elapsed Time = 0.00 seconds
*************************************************************************************
