
          -------------------------------------------------------
          Amber 16 SANDER                              2016
          -------------------------------------------------------

| Run on 03/14/2017 at 14:38:58

|   Executable path: sander.MPI
| Working directory: /home/steboss/projects/mdgx-tests/alanine/IPOLQ/input/PhiPsi_1/240/45
|          Hostname: node004

  [-O]verwriting output

File Assignments:
|  MDIN: min.in                                                                
| MDOUT: Conf45.min.out                                                        
|INPCRD: Conf45.crd                                                            
|  PARM: Conf45.top                                                            
|RESTRT: Conf45.min                                                            
|  REFC: Conf45.crd                                                            
| MDVEL: mdvel                                                                 
| MDFRC: mdfrc                                                                 
|  MDEN: mden                                                                  
| MDCRD: mdcrd                                                                 
|MDINFO: mdinfo                                                                
|  MTMD: mtmd                                                                  
|INPDIP: inpdip                                                                
|RSTDIP: rstdip                                                                
|INPTRA: inptraj                                                               

|    REMLOG: rem.log
|   REMTYPE: rem.type
|  REMSTRIP: 
|   SAVEENE: saveene
|CLUSTERINF: cluster.info
| RESERVOIR: reserv/frame
|   REMDDIM: 


 Here is the input file:

Initial minimization                                                           
 &cntrl                                                                        
  ntx    = 1,       irest  = 0,       ntrx   = 1,      ntxo   = 1,             
  ntpr   = 20,      ntwx   = 0,       ntwv   = 0,      ntwe   = 0,             
                                                                               
  ntf    = 1,       ntb    = 1,                                                
  ntc    = 1,       ntr    = 1,                                                
  restraintmask = ':1',                                                        
  restraint_wt = 100.0,                                                        
  cut    = 9.0,                                                                
                                                                               
  imin   = 1,                                                                  
  maxcyc = 1000,                                                               
  ncyc   = 100,                                                                
                                                                               
 &end                                                                          

--------------------------------------------------------------------------------
   1.  RESOURCE   USE: 
--------------------------------------------------------------------------------

| Flags: MPI                                                                    
 getting new box info from bottom of inpcrd
|  INFO: Old style inpcrd file read

| peek_ewald_inpcrd: Box info found
|Largest sphere to fit in unit cell has radius =    14.494
| New format PARM file being parsed.
| Version =    1.000 Date = 03/14/17 Time = 13:39:11
 NATOM  =    2857 NTYPES =       9 NBONH =    2847 MBONA  =       9
 NTHETH =      25 MTHETA =      11 NPHIH =      43 MPHIA  =      24
 NHPARM =       0 NPARM  =       0 NNB   =    3879 NRES   =     948
 NBONA  =       9 NTHETA =      11 NPHIA =      24 NUMBND =      10
 NUMANG =      16 NPTRA  =      19 NATYP =       9 NPHB   =       1
 IFBOX  =       2 NMXRS  =      10 IFCAP =       0 NEXTRA =       0
 NCOPY  =       0


|     Memory Use     Allocated
|     Real              329829
|     Hollerith           9521
|     Integer            88140
|     Max Pairs         316888
|     nblistReal         34284
|     nblist Int         87071
|       Total             4804 kbytes

| Note: 1-4 EEL scale factors are being read from the topology file.

| Note: 1-4 VDW scale factors are being read from the topology file.
| Duplicated    0 dihedrals
| Duplicated    0 dihedrals

     BOX TYPE: TRUNCATED OCTAHEDRON

--------------------------------------------------------------------------------
   2.  CONTROL  DATA  FOR  THE  RUN
--------------------------------------------------------------------------------

default_name                                                                    

General flags:
     imin    =       1, nmropt  =       0

Nature and format of input:
     ntx     =       1, irest   =       0, ntrx    =       1

Nature and format of output:
     ntxo    =       1, ntpr    =      20, ntrx    =       1, ntwr    =       1
     iwrap   =       0, ntwx    =       0, ntwv    =       0, ntwe    =       0
     ioutfm  =       1, ntwprt  =       0, idecomp =       0, rbornstat=      0

Potential function:
     ntf     =       1, ntb     =       1, igb     =       0, nsnb    =      25
     ipol    =       0, gbsa    =       0, iesp    =       0
     dielc   =   1.00000, cut     =   9.00000, intdiel =   1.00000

Frozen or restrained atoms:
     ibelly  =       0, ntr     =       1
     restraint_wt = 100.00000

Energy minimization:
     maxcyc  =    1000, ncyc    =     100, ntmin   =       1
     dx0     =   0.01000, drms    =   0.00010

Ewald parameters:
     verbose =       0, ew_type =       0, nbflag  =       1, use_pme =       1
     vdwmeth =       1, eedmeth =       1, netfrc  =       0
     Box X =   35.502   Box Y =   35.502   Box Z =   35.502
     Alpha =  109.471   Beta  =  109.471   Gamma =  109.471
     NFFT1 =   36       NFFT2 =   36       NFFT3 =   36
     Cutoff=    9.000   Tol   =0.100E-04
     Ewald Coefficient =  0.30768
     Interpolation order =    4

| MPI Timing options:
|      profile_mpi =        0

    LOADING THE CONSTRAINED ATOMS AS GROUPS


   5.  REFERENCE ATOM COORDINATES

  defa
     Mask :1; matches     6 atoms

--------------------------------------------------------------------------------
   3.  ATOMIC COORDINATES AND VELOCITIES
--------------------------------------------------------------------------------

default_name                                                                    
 begin time read from input coords =     0.000 ps

 Number of triangulated 3-point waters found:      945
|  Atom division among processors:
|         0     358     715    1072    1429    1786    2143    2500
|      2857

     Sum of charges from parm topology file =  -0.00000000
     Forcing neutrality...
|  Running AMBER/MPI version on    8 nodes


--------------------------------------------------------------------------------
   4.  RESULTS
--------------------------------------------------------------------------------

 ---------------------------------------------------
 APPROXIMATING switch and d/dx switch using CUBIC SPLINE INTERPOLATION
 using   5000.0 points per unit in tabled values
 TESTING RELATIVE ERROR over r ranging from 0.0 to cutoff
| CHECK switch(x): max rel err =   0.2738E-14   at   2.422500
| CHECK d/dx switch(x): max rel err =   0.8314E-11   at   2.736960
 ---------------------------------------------------
| Local SIZE OF NONBOND LIST =      88577
| TOTAL SIZE OF NONBOND LIST =     659834


   NSTEP       ENERGY          RMS            GMAX         NAME    NUMBER
      1      -7.9856E+03     1.2247E+01     6.1935E+01     O         296

 BOND    =        0.6063  ANGLE   =        1.1776  DIHED      =        9.5486
 VDWAALS =      926.7492  EEL     =    -8971.8947  HBOND      =        0.0000
 1-4 VDW =        3.2104  1-4 EEL =       45.0400  RESTRAINT  =        0.0000


   NSTEP       ENERGY          RMS            GMAX         NAME    NUMBER
     20      -8.8385E+03     2.7596E+00     2.0487E+01     O         377

 BOND    =      468.7911  ANGLE   =        1.1831  DIHED      =        9.5777
 VDWAALS =      876.0249  EEL     =   -10242.2604  HBOND      =        0.0000
 1-4 VDW =        3.2112  1-4 EEL =       45.0125  RESTRAINT  =        0.0056
 EAMBER  =    -8838.4600


   NSTEP       ENERGY          RMS            GMAX         NAME    NUMBER
     40      -9.4960E+03     2.1878E+00     9.4548E+00     H1       2379

 BOND    =      497.6173  ANGLE   =        1.2344  DIHED      =        9.6044
 VDWAALS =      917.1349  EEL     =   -10969.6095  HBOND      =        0.0000
 1-4 VDW =        3.1869  1-4 EEL =       44.8221  RESTRAINT  =        0.0175
 EAMBER  =    -9496.0094


   NSTEP       ENERGY          RMS            GMAX         NAME    NUMBER
     60      -9.7302E+03     3.3807E+00     1.0804E+01     H2       1342

 BOND    =      494.0977  ANGLE   =        1.2696  DIHED      =        9.6149
 VDWAALS =      952.1883  EEL     =   -11235.3133  HBOND      =        0.0000
 1-4 VDW =        3.1699  1-4 EEL =       44.7243  RESTRAINT  =        0.0218
 EAMBER  =    -9730.2487


   NSTEP       ENERGY          RMS            GMAX         NAME    NUMBER
     80      -9.8834E+03     3.9747E+00     1.3616E+01     H2       1237

 BOND    =      501.0080  ANGLE   =        1.2917  DIHED      =        9.6188
 VDWAALS =      987.3785  EEL     =   -11430.5511  HBOND      =        0.0000
 1-4 VDW =        3.1602  1-4 EEL =       44.6714  RESTRAINT  =        0.0253
 EAMBER  =    -9883.4226


   NSTEP       ENERGY          RMS            GMAX         NAME    NUMBER
    100      -1.0019E+04     9.4381E-01     5.2200E+00     H1        825

 BOND    =      594.8718  ANGLE   =        1.3085  DIHED      =        9.6172
 VDWAALS =     1021.5416  EEL     =   -11694.3288  HBOND      =        0.0000
 1-4 VDW =        3.1545  1-4 EEL =       44.6482  RESTRAINT  =        0.0281
 EAMBER  =   -10019.1870


   NSTEP       ENERGY          RMS            GMAX         NAME    NUMBER
    120      -1.0479E+04     4.4560E+00     9.9695E+01     H2        427

 BOND    =      730.2248  ANGLE   =        1.3781  DIHED      =        9.5556
 VDWAALS =     1408.3888  EEL     =   -12676.6485  HBOND      =        0.0000
 1-4 VDW =        3.1709  1-4 EEL =       44.6776  RESTRAINT  =        0.0494
 EAMBER  =   -10479.2527


   NSTEP       ENERGY          RMS            GMAX         NAME    NUMBER
    140      -1.0636E+04     1.1666E+00     1.8803E+01     O         401

 BOND    =      708.4706  ANGLE   =        1.3637  DIHED      =        9.4796
 VDWAALS =     1417.7897  EEL     =   -12821.4024  HBOND      =        0.0000
 1-4 VDW =        3.2006  1-4 EEL =       44.8109  RESTRAINT  =        0.0412
 EAMBER  =   -10636.2873


   NSTEP       ENERGY          RMS            GMAX         NAME    NUMBER
    160      -1.0740E+04     1.7476E+00     4.0209E+01     O         725

 BOND    =      699.0266  ANGLE   =        1.2927  DIHED      =        9.4066
 VDWAALS =     1435.2771  EEL     =   -12933.4442  HBOND      =        0.0000
 1-4 VDW =        3.2077  1-4 EEL =       44.9268  RESTRAINT  =        0.0327
 EAMBER  =   -10740.3067


   NSTEP       ENERGY          RMS            GMAX         NAME    NUMBER
    180      -1.0841E+04     9.3506E-01     1.8376E+01     O         725

 BOND    =      752.0785  ANGLE   =        1.3812  DIHED      =        9.3171
 VDWAALS =     1588.9096  EEL     =   -13240.5964  HBOND      =        0.0000
 1-4 VDW =        3.1931  1-4 EEL =       44.7771  RESTRAINT  =        0.0379
 EAMBER  =   -10840.9399


   NSTEP       ENERGY          RMS            GMAX         NAME    NUMBER
    200      -1.0937E+04     1.2742E+00     2.8318E+01     H2        727

 BOND    =      740.2517  ANGLE   =        1.9985  DIHED      =        9.4462
 VDWAALS =     1608.2410  EEL     =   -13345.7386  HBOND      =        0.0000
 1-4 VDW =        3.4237  1-4 EEL =       44.8416  RESTRAINT  =        0.1116
 EAMBER  =   -10937.5360


   NSTEP       ENERGY          RMS            GMAX         NAME    NUMBER
    220      -1.0983E+04     1.0700E+00     2.8643E+01     HA         10

 BOND    =      759.7506  ANGLE   =        2.3338  DIHED      =        9.5992
 VDWAALS =     1648.2208  EEL     =   -13451.0532  HBOND      =        0.0000
 1-4 VDW =        3.4512  1-4 EEL =       44.7252  RESTRAINT  =        0.1472
 EAMBER  =   -10982.9724


   NSTEP       ENERGY          RMS            GMAX         NAME    NUMBER
    240      -1.1037E+04     8.2554E-01     1.8556E+01     O           6

 BOND    =      772.6168  ANGLE   =        2.3815  DIHED      =        9.2597
 VDWAALS =     1691.4422  EEL     =   -13561.0383  HBOND      =        0.0000
 1-4 VDW =        3.0589  1-4 EEL =       44.9973  RESTRAINT  =        0.2871
 EAMBER  =   -11037.2820


   NSTEP       ENERGY          RMS            GMAX         NAME    NUMBER
    260      -1.1074E+04     7.9016E-01     2.1332E+01     CB         11

 BOND    =      767.4242  ANGLE   =        1.7891  DIHED      =        9.1548
 VDWAALS =     1726.0833  EEL     =   -13627.1447  HBOND      =        0.0000
 1-4 VDW =        3.2740  1-4 EEL =       45.0952  RESTRAINT  =        0.1925
 EAMBER  =   -11074.3241


   NSTEP       ENERGY          RMS            GMAX         NAME    NUMBER
    280      -1.1115E+04     5.8880E-01     9.3635E+00     CB         11

 BOND    =      791.5640  ANGLE   =        1.3578  DIHED      =        9.1619
 VDWAALS =     1789.2661  EEL     =   -13754.1369  HBOND      =        0.0000
 1-4 VDW =        3.3020  1-4 EEL =       44.7478  RESTRAINT  =        0.1414
 EAMBER  =   -11114.7372


   NSTEP       ENERGY          RMS            GMAX         NAME    NUMBER
    300      -1.1155E+04     7.4343E-01     1.7383E+01     CB         11

 BOND    =      802.3251  ANGLE   =        1.6224  DIHED      =        9.0405
 VDWAALS =     1813.6184  EEL     =   -13829.7107  HBOND      =        0.0000
 1-4 VDW =        3.3475  1-4 EEL =       44.7055  RESTRAINT  =        0.0711
 EAMBER  =   -11155.0512


   NSTEP       ENERGY          RMS            GMAX         NAME    NUMBER
    320      -1.1182E+04     9.9499E-01     2.4398E+01     CH3        19

 BOND    =      789.5453  ANGLE   =        2.9771  DIHED      =        9.2516
 VDWAALS =     1844.3987  EEL     =   -13875.8201  HBOND      =        0.0000
 1-4 VDW =        3.3830  1-4 EEL =       44.4410  RESTRAINT  =        0.2944
 EAMBER  =   -11181.8234


   NSTEP       ENERGY          RMS            GMAX         NAME    NUMBER
    340      -1.1213E+04     4.8142E-01     7.9561E+00     CA          9

 BOND    =      811.0212  ANGLE   =        1.2270  DIHED      =        9.0294
 VDWAALS =     1863.1050  EEL     =   -13945.1740  HBOND      =        0.0000
 1-4 VDW =        3.2760  1-4 EEL =       44.7822  RESTRAINT  =        0.0598
 EAMBER  =   -11212.7331


   NSTEP       ENERGY          RMS            GMAX         NAME    NUMBER
    360      -1.1232E+04     6.8820E-01     1.9101E+01     CA          9

 BOND    =      801.7374  ANGLE   =        1.6070  DIHED      =        9.1571
 VDWAALS =     1879.6980  EEL     =   -13973.0314  HBOND      =        0.0000
 1-4 VDW =        3.2783  1-4 EEL =       44.9768  RESTRAINT  =        0.1374
 EAMBER  =   -11232.5767


   NSTEP       ENERGY          RMS            GMAX         NAME    NUMBER
    380      -1.1257E+04     5.1503E-01     7.0275E+00     O         725

 BOND    =      821.2911  ANGLE   =        1.2589  DIHED      =        9.0180
 VDWAALS =     1917.6956  EEL     =   -14054.1409  HBOND      =        0.0000
 1-4 VDW =        3.3561  1-4 EEL =       44.9231  RESTRAINT  =        0.0471
 EAMBER  =   -11256.5980


   NSTEP       ENERGY          RMS            GMAX         NAME    NUMBER
    400      -1.1282E+04     6.0868E-01     1.3854E+01     N           7

 BOND    =      825.8579  ANGLE   =        1.6447  DIHED      =        8.9011
 VDWAALS =     1929.6864  EEL     =   -14095.9274  HBOND      =        0.0000
 1-4 VDW =        3.3650  1-4 EEL =       44.6317  RESTRAINT  =        0.0778
 EAMBER  =   -11281.8406


   NSTEP       ENERGY          RMS            GMAX         NAME    NUMBER
    420      -1.1298E+04     6.6006E-01     1.3491E+01     N           7

 BOND    =      815.8390  ANGLE   =        1.2875  DIHED      =        8.9141
 VDWAALS =     1942.9664  EEL     =   -14115.1876  HBOND      =        0.0000
 1-4 VDW =        3.3510  1-4 EEL =       44.5772  RESTRAINT  =        0.0757
 EAMBER  =   -11298.2524


   NSTEP       ENERGY          RMS            GMAX         NAME    NUMBER
    440      -1.1315E+04     3.6031E-01     8.0529E+00     CH3        19

 BOND    =      830.0861  ANGLE   =        1.2700  DIHED      =        8.8462
 VDWAALS =     1955.4171  EEL     =   -14158.3428  HBOND      =        0.0000
 1-4 VDW =        3.3178  1-4 EEL =       44.6443  RESTRAINT  =        0.0576
 EAMBER  =   -11314.7613


   NSTEP       ENERGY          RMS            GMAX         NAME    NUMBER
    460      -1.1341E+04     8.6813E-01     2.9797E+01     C           5

 BOND    =      828.8793  ANGLE   =        1.8387  DIHED      =        9.3120
 VDWAALS =     1983.4721  EEL     =   -14213.3592  HBOND      =        0.0000
 1-4 VDW =        3.3230  1-4 EEL =       45.0048  RESTRAINT  =        0.2773
 EAMBER  =   -11341.5292


   NSTEP       ENERGY          RMS            GMAX         NAME    NUMBER
    480      -1.1356E+04     4.5191E-01     7.5327E+00     N           7

 BOND    =      841.3459  ANGLE   =        1.0819  DIHED      =        9.0772
 VDWAALS =     2001.9156  EEL     =   -14258.2851  HBOND      =        0.0000
 1-4 VDW =        3.5482  1-4 EEL =       45.1181  RESTRAINT  =        0.0308
 EAMBER  =   -11356.1981


   NSTEP       ENERGY          RMS            GMAX         NAME    NUMBER
    500      -1.1390E+04     1.2948E+00     3.0181E+01     C          15

 BOND    =      863.2805  ANGLE   =        1.8223  DIHED      =        9.5148
 VDWAALS =     2058.4362  EEL     =   -14372.3711  HBOND      =        0.0000
 1-4 VDW =        4.0561  1-4 EEL =       45.4422  RESTRAINT  =        0.1551
 EAMBER  =   -11389.8190


   NSTEP       ENERGY          RMS            GMAX         NAME    NUMBER
    520      -1.1418E+04     4.0825E-01     9.5599E+00     N          17

 BOND    =      845.4098  ANGLE   =        1.3748  DIHED      =        8.8476
 VDWAALS =     2062.6926  EEL     =   -14383.8229  HBOND      =        0.0000
 1-4 VDW =        3.3949  1-4 EEL =       44.4947  RESTRAINT  =        0.0885
 EAMBER  =   -11417.6086


   NSTEP       ENERGY          RMS            GMAX         NAME    NUMBER
    540      -1.1427E+04     6.4303E-01     1.9829E+01     N           7

 BOND    =      860.6204  ANGLE   =        2.9024  DIHED      =        9.0748
 VDWAALS =     2074.9767  EEL     =   -14421.8064  HBOND      =        0.0000
 1-4 VDW =        2.8504  1-4 EEL =       43.7867  RESTRAINT  =        0.5670
 EAMBER  =   -11427.5949


   NSTEP       ENERGY          RMS            GMAX         NAME    NUMBER
    560      -1.1456E+04     9.0109E-01     1.9866E+01     N           7

 BOND    =      846.6568  ANGLE   =        1.6046  DIHED      =        9.1190
 VDWAALS =     2114.8604  EEL     =   -14476.8572  HBOND      =        0.0000
 1-4 VDW =        3.1656  1-4 EEL =       44.7962  RESTRAINT  =        0.2415
 EAMBER  =   -11456.6545


   NSTEP       ENERGY          RMS            GMAX         NAME    NUMBER
    580      -1.1468E+04     3.1084E-01     9.1539E+00     CH3        19

 BOND    =      860.3332  ANGLE   =        1.1460  DIHED      =        8.8940
 VDWAALS =     2118.5177  EEL     =   -14505.4468  HBOND      =        0.0000
 1-4 VDW =        3.4524  1-4 EEL =       44.8950  RESTRAINT  =        0.0189
 EAMBER  =   -11468.2085


   NSTEP       ENERGY          RMS            GMAX         NAME    NUMBER
    600      -1.1490E+04     8.4872E-01     2.3185E+01     N           7

 BOND    =      872.6476  ANGLE   =        1.9186  DIHED      =        9.4887
 VDWAALS =     2153.5197  EEL     =   -14576.4986  HBOND      =        0.0000
 1-4 VDW =        3.7094  1-4 EEL =       45.1905  RESTRAINT  =        0.1442
 EAMBER  =   -11490.0241


   NSTEP       ENERGY          RMS            GMAX         NAME    NUMBER
    620      -1.1501E+04     4.3637E-01     1.5017E+01     C           5

 BOND    =      866.2972  ANGLE   =        1.5751  DIHED      =        8.8632
 VDWAALS =     2150.3436  EEL     =   -14576.4228  HBOND      =        0.0000
 1-4 VDW =        3.2818  1-4 EEL =       44.5409  RESTRAINT  =        0.0830
 EAMBER  =   -11501.5209


   NSTEP       ENERGY          RMS            GMAX         NAME    NUMBER
    640      -1.1507E+04     3.1822E-01     6.4960E+00     C          15

 BOND    =      870.2619  ANGLE   =        1.4991  DIHED      =        8.8453
 VDWAALS =     2159.1729  EEL     =   -14594.8390  HBOND      =        0.0000
 1-4 VDW =        3.1013  1-4 EEL =       44.3668  RESTRAINT  =        0.1767
 EAMBER  =   -11507.5918


   NSTEP       ENERGY          RMS            GMAX         NAME    NUMBER
    660      -1.1521E+04     4.0603E-01     1.1605E+01     C           5

 BOND    =      870.9160  ANGLE   =        1.3132  DIHED      =        8.9835
 VDWAALS =     2180.0843  EEL     =   -14630.1149  HBOND      =        0.0000
 1-4 VDW =        3.1980  1-4 EEL =       44.6757  RESTRAINT  =        0.1033
 EAMBER  =   -11520.9442


   NSTEP       ENERGY          RMS            GMAX         NAME    NUMBER
    680      -1.1527E+04     3.6834E-01     8.5813E+00     C          15

 BOND    =      873.5823  ANGLE   =        1.2443  DIHED      =        8.9494
 VDWAALS =     2183.7380  EEL     =   -14642.7272  HBOND      =        0.0000
 1-4 VDW =        3.3390  1-4 EEL =       44.7225  RESTRAINT  =        0.0259
 EAMBER  =   -11527.1518


   NSTEP       ENERGY          RMS            GMAX         NAME    NUMBER
    700      -1.1537E+04     6.1497E-01     1.6231E+01     C          15

 BOND    =      882.0594  ANGLE   =        1.7279  DIHED      =        9.4078
 VDWAALS =     2201.5178  EEL     =   -14680.1889  HBOND      =        0.0000
 1-4 VDW =        3.5210  1-4 EEL =       44.8991  RESTRAINT  =        0.0854
 EAMBER  =   -11537.0561


   NSTEP       ENERGY          RMS            GMAX         NAME    NUMBER
    720      -1.1543E+04     4.0312E-01     1.5106E+01     C          15

 BOND    =      874.5782  ANGLE   =        1.6186  DIHED      =        8.8858
 VDWAALS =     2202.0911  EEL     =   -14677.8570  HBOND      =        0.0000
 1-4 VDW =        3.1624  1-4 EEL =       44.2996  RESTRAINT  =        0.0935
 EAMBER  =   -11543.2213


   NSTEP       ENERGY          RMS            GMAX         NAME    NUMBER
    740      -1.1549E+04     3.0944E-01     8.1613E+00     C          15

 BOND    =      881.0350  ANGLE   =        1.4377  DIHED      =        8.9064
 VDWAALS =     2208.9577  EEL     =   -14696.5264  HBOND      =        0.0000
 1-4 VDW =        3.0905  1-4 EEL =       44.3218  RESTRAINT  =        0.1401
 EAMBER  =   -11548.7773


   NSTEP       ENERGY          RMS            GMAX         NAME    NUMBER
    760      -1.1557E+04     3.2414E-01     1.0649E+01     N          17

 BOND    =      879.0630  ANGLE   =        1.4012  DIHED      =        8.9918
 VDWAALS =     2218.6535  EEL     =   -14712.7122  HBOND      =        0.0000
 1-4 VDW =        3.1434  1-4 EEL =       44.5394  RESTRAINT  =        0.0792
 EAMBER  =   -11556.9200


   NSTEP       ENERGY          RMS            GMAX         NAME    NUMBER
    780      -1.1563E+04     3.0328E-01     6.2621E+00     O          16

 BOND    =      881.1719  ANGLE   =        1.1435  DIHED      =        9.1139
 VDWAALS =     2223.5821  EEL     =   -14726.7619  HBOND      =        0.0000
 1-4 VDW =        3.4186  1-4 EEL =       44.9096  RESTRAINT  =        0.0399
 EAMBER  =   -11563.4224


   NSTEP       ENERGY          RMS            GMAX         NAME    NUMBER
    800      -1.1572E+04     6.1615E-01     1.7446E+01     C          15

 BOND    =      888.9967  ANGLE   =        2.0628  DIHED      =        9.3108
 VDWAALS =     2235.4505  EEL     =   -14755.3429  HBOND      =        0.0000
 1-4 VDW =        3.3309  1-4 EEL =       44.5943  RESTRAINT  =        0.0751
 EAMBER  =   -11571.5968


   NSTEP       ENERGY          RMS            GMAX         NAME    NUMBER
    820      -1.1577E+04     3.7864E-01     1.2797E+01     C          15

 BOND    =      884.5545  ANGLE   =        1.7127  DIHED      =        8.9001
 VDWAALS =     2236.7295  EEL     =   -14756.4387  HBOND      =        0.0000
 1-4 VDW =        3.1628  1-4 EEL =       44.3145  RESTRAINT  =        0.1048
 EAMBER  =   -11577.0645


   NSTEP       ENERGY          RMS            GMAX         NAME    NUMBER
    840      -1.1583E+04     3.0794E-01     8.4288E+00     N          17

 BOND    =      887.6140  ANGLE   =        1.5582  DIHED      =        8.9166
 VDWAALS =     2242.7081  EEL     =   -14771.2455  HBOND      =        0.0000
 1-4 VDW =        3.1397  1-4 EEL =       44.3941  RESTRAINT  =        0.1349
 EAMBER  =   -11582.9147


   NSTEP       ENERGY          RMS            GMAX         NAME    NUMBER
    860      -1.1590E+04     3.0534E-01     8.6658E+00     N          17

 BOND    =      885.8884  ANGLE   =        1.5364  DIHED      =        8.9724
 VDWAALS =     2249.3791  EEL     =   -14783.3759  HBOND      =        0.0000
 1-4 VDW =        3.1655  1-4 EEL =       44.5955  RESTRAINT  =        0.0962
 EAMBER  =   -11589.8385


   NSTEP       ENERGY          RMS            GMAX         NAME    NUMBER
    880      -1.1595E+04     3.6530E-01     1.2914E+01     C          15

 BOND    =      887.0729  ANGLE   =        1.1292  DIHED      =        9.0093
 VDWAALS =     2252.2056  EEL     =   -14792.6084  HBOND      =        0.0000
 1-4 VDW =        3.3496  1-4 EEL =       44.7689  RESTRAINT  =        0.0399
 EAMBER  =   -11595.0730


   NSTEP       ENERGY          RMS            GMAX         NAME    NUMBER
    900      -1.1602E+04     4.5993E-01     1.1231E+01     N          17

 BOND    =      892.1588  ANGLE   =        1.5387  DIHED      =        9.2177
 VDWAALS =     2260.7921  EEL     =   -14813.8633  HBOND      =        0.0000
 1-4 VDW =        3.4179  1-4 EEL =       44.8304  RESTRAINT  =        0.0353
 EAMBER  =   -11601.9077


   NSTEP       ENERGY          RMS            GMAX         NAME    NUMBER
    920      -1.1607E+04     3.9274E-01     1.2446E+01     C          15

 BOND    =      889.3359  ANGLE   =        1.4984  DIHED      =        8.9427
 VDWAALS =     2261.7624  EEL     =   -14816.3604  HBOND      =        0.0000
 1-4 VDW =        3.2624  1-4 EEL =       44.5456  RESTRAINT  =        0.0674
 EAMBER  =   -11607.0130


   NSTEP       ENERGY          RMS            GMAX         NAME    NUMBER
    940      -1.1612E+04     3.6624E-01     1.0639E+01     N          17

 BOND    =      893.1236  ANGLE   =        1.5767  DIHED      =        8.9104
 VDWAALS =     2266.9538  EEL     =   -14830.0605  HBOND      =        0.0000
 1-4 VDW =        3.1547  1-4 EEL =       44.3838  RESTRAINT  =        0.1456
 EAMBER  =   -11611.9575


   NSTEP       ENERGY          RMS            GMAX         NAME    NUMBER
    960      -1.1617E+04     2.6544E-01     7.4133E+00     CH3        19

 BOND    =      891.8497  ANGLE   =        1.3620  DIHED      =        9.0025
 VDWAALS =     2272.0349  EEL     =   -14838.7722  HBOND      =        0.0000
 1-4 VDW =        3.1997  1-4 EEL =       44.6396  RESTRAINT  =        0.0932
 EAMBER  =   -11616.6838


   NSTEP       ENERGY          RMS            GMAX         NAME    NUMBER
    980      -1.1620E+04     4.8287E-01     1.9810E+01     C          15

 BOND    =      892.7264  ANGLE   =        1.1340  DIHED      =        8.9888
 VDWAALS =     2274.8057  EEL     =   -14846.2145  HBOND      =        0.0000
 1-4 VDW =        3.3625  1-4 EEL =       44.7088  RESTRAINT  =        0.0417
 EAMBER  =   -11620.4883


   NSTEP       ENERGY          RMS            GMAX         NAME    NUMBER
   1000      -1.1625E+04     4.1450E-01     9.7168E+00     N          17

 BOND    =      896.7613  ANGLE   =        1.4329  DIHED      =        9.1008
 VDWAALS =     2281.2132  EEL     =   -14861.5443  HBOND      =        0.0000
 1-4 VDW =        3.3728  1-4 EEL =       44.7348  RESTRAINT  =        0.0307
 EAMBER  =   -11624.9285


  Maximum number of minimization cycles reached.


                    FINAL RESULTS



   NSTEP       ENERGY          RMS            GMAX         NAME    NUMBER
   1000      -1.1625E+04     4.1450E-01     9.7168E+00     N          17

 BOND    =      896.7613  ANGLE   =        1.4329  DIHED      =        9.1008
 VDWAALS =     2281.2132  EEL     =   -14861.5443  HBOND      =        0.0000
 1-4 VDW =        3.3728  1-4 EEL =       44.7348  RESTRAINT  =        0.0307
 EAMBER  =   -11624.9285

--------------------------------------------------------------------------------
   5.  TIMINGS
--------------------------------------------------------------------------------

|                Build the list             0.15 (70.58% of List )
|                Other                      0.06 (29.42% of List )
|             List time                  0.22 ( 0.50% of Nonbo)
|                   Short_ene time            10.43 (97.64% of Direc)
|                   Other                      0.25 ( 2.36% of Direc)
|                Direct Ewald time         10.69 (25.07% of Ewald)
|                Adjust Ewald time          0.05 ( 0.12% of Ewald)
|                   Fill Bspline coeffs        0.17 ( 0.59% of Recip)
|                   Fill charge grid           0.15 ( 0.54% of Recip)
|                   Scalar sum                 0.64 ( 2.30% of Recip)
|                   Grad sum                   0.39 ( 1.41% of Recip)
|                      FFT back comm time        18.30 (73.33% of FFT t)
|                      Other                      6.66 (26.67% of FFT t)
|                   FFT time                  24.96 (89.40% of Recip)
|                   Other                      1.61 ( 5.75% of Recip)
|                Recip Ewald time          27.91 (65.49% of Ewald)
|                Force Adjust               2.42 ( 5.69% of Ewald)
|                Virial junk                1.54 ( 3.62% of Ewald)
|                Other                      0.01 ( 0.01% of Ewald)
|             Ewald time                42.63 (99.49% of Nonbo)
|          Nonbond force             42.84 (85.69% of Force)
|          Bond/Angle/Dihedral        0.04 ( 0.09% of Force)
|          FRC Collect time           3.37 ( 6.73% of Force)
|          Other                      3.74 ( 7.49% of Force)
|       Force time                49.99 (100.0% of Runmd)
|    Runmd Time                49.99 (18.76% of Total)
|    Other                    216.48 (81.24% of Total)
| Total time               266.48 (100.0% of ALL  )

| Highest rstack allocated:      39640
| Highest istack allocated:        846
|           Job began  at 14:38:58.270  on 03/14/2017
|           Setup done at 14:38:58.358  on 03/14/2017
|           Run   done at 14:43:24.754  on 03/14/2017
|     wallclock() was called   44068 times
