
          -------------------------------------------------------
          Amber 16 SANDER                              2016
          -------------------------------------------------------

| Run on 03/14/2017 at 14:43:26

|   Executable path: sander.MPI
| Working directory: /home/steboss/projects/mdgx-tests/alanine/IPOLQ/input/PhiPsi_1/240/45
|          Hostname: node004

  [-O]verwriting output

File Assignments:
|  MDIN: equil.in                                                              
| MDOUT: Conf45.eq.out                                                         
|INPCRD: Conf45.min                                                            
|  PARM: Conf45.top                                                            
|RESTRT: Conf45.rst                                                            
|  REFC: Conf45.crd                                                            
| MDVEL: mdvel                                                                 
| MDFRC: mdfrc                                                                 
|  MDEN: mden                                                                  
| MDCRD: mdcrd                                                                 
|MDINFO: mdinfo                                                                
|  MTMD: mtmd                                                                  
|INPDIP: inpdip                                                                
|RSTDIP: rstdip                                                                
|INPTRA: inptraj                                                               

|    REMLOG: rem.log
|   REMTYPE: rem.type
|  REMSTRIP: 
|   SAVEENE: saveene
|CLUSTERINF: cluster.info
| RESERVOIR: reserv/frame
|   REMDDIM: 


 Here is the input file:

Equilibrate water in NPT                                                       
 &cntrl                                                                        
                                                                               
  nmropt = 0,                                                                  
  ntx    = 1,       irest  = 0,       ntrx   = 1,      ntxo   = 1,             
  ntpr   = 1000,    ntwx   = 1000,    ntwv   = 0,      ntwe   = 1000,          
  iwrap  = 0,       ioutfm = 1,                                                
                                                                               
  ntf    = 2,       ntb    = 2,                                                
  cut = 9.0,                                                                   
                                                                               
  ibelly = 0,       ntr    = 1,                                                
  restraintmask = ':1',                                                        
  restraint_wt = 100.0,                                                        
                                                                               
  imin   = 0,                                                                  
  nstlim = 10000,                                                              
  nscm   = 1000,                                                               
  t      = 0.0,     dt     = 0.002,                                            
                                                                               
  temp0     = 298.0,   tempi  = 0.0,                                           
  ig        = -1,                                                              
  ntt       = 3,                                                               
  gamma_ln  = 3.0,                                                             
                                                                               
  ntp    = 1,       pres0  = 1.0,     comp   = 44.6,                           
  taup   = 1.0,                                                                
                                                                               
  ntc    = 2,       tol    = 0.000001, watnam = 'WAT ',                        
                                                                               
 &end                                                                          

--------------------------------------------------------------------------------
   1.  RESOURCE   USE: 
--------------------------------------------------------------------------------

| Flags: MPI                                                                    
 getting new box info from bottom of inpcrd
|  INFO: Old style inpcrd file read

| peek_ewald_inpcrd: Box info found
|Largest sphere to fit in unit cell has radius =    14.494
| New format PARM file being parsed.
| Version =    1.000 Date = 03/14/17 Time = 13:39:11
 NATOM  =    2857 NTYPES =       9 NBONH =    2847 MBONA  =       9
 NTHETH =      25 MTHETA =      11 NPHIH =      43 MPHIA  =      24
 NHPARM =       0 NPARM  =       0 NNB   =    3879 NRES   =     948
 NBONA  =       9 NTHETA =      11 NPHIA =      24 NUMBND =      10
 NUMANG =      16 NPTRA  =      19 NATYP =       9 NPHB   =       1
 IFBOX  =       2 NMXRS  =      10 IFCAP =       0 NEXTRA =       0
 NCOPY  =       0


|     Memory Use     Allocated
|     Real              295345
|     Hollerith           9521
|     Integer            88140
|     Max Pairs         316888
|     nblistReal         34284
|     nblist Int         87071
|       Total             4534 kbytes

| Note: 1-4 EEL scale factors are being read from the topology file.

| Note: 1-4 VDW scale factors are being read from the topology file.
| Duplicated    0 dihedrals
| Duplicated    0 dihedrals

     BOX TYPE: TRUNCATED OCTAHEDRON
Note: ig = -1. Setting random seed to   277015 based on wallclock time in microseconds
      and disabling the synchronization of random numbers between tasks
      to improve performance.

--------------------------------------------------------------------------------
   2.  CONTROL  DATA  FOR  THE  RUN
--------------------------------------------------------------------------------

default_name                                                                    

General flags:
     imin    =       0, nmropt  =       0

Nature and format of input:
     ntx     =       1, irest   =       0, ntrx    =       1

Nature and format of output:
     ntxo    =       1, ntpr    =    1000, ntrx    =       1, ntwr    =   10000
     iwrap   =       0, ntwx    =    1000, ntwv    =       0, ntwe    =    1000
     ioutfm  =       1, ntwprt  =       0, idecomp =       0, rbornstat=      0

Potential function:
     ntf     =       2, ntb     =       2, igb     =       0, nsnb    =      25
     ipol    =       0, gbsa    =       0, iesp    =       0
     dielc   =   1.00000, cut     =   9.00000, intdiel =   1.00000

Frozen or restrained atoms:
     ibelly  =       0, ntr     =       1
     restraint_wt = 100.00000

Molecular dynamics:
     nstlim  =     10000, nscm    =         0, nrespa  =         1
     t       =   0.00000, dt      =   0.00200, vlimit  =  20.00000

Langevin dynamics temperature regulation:
     ig      =  277015
     temp0   = 298.00000, tempi   =   0.00000, gamma_ln=   3.00000

Pressure regulation:
     ntp     =       1
     pres0   =   1.00000, comp    =  44.60000, taup    =   1.00000

SHAKE:
     ntc     =       2, jfastw  =       0
     tol     =   0.00000

Ewald parameters:
     verbose =       0, ew_type =       0, nbflag  =       1, use_pme =       1
     vdwmeth =       1, eedmeth =       1, netfrc  =       1
     Box X =   35.502   Box Y =   35.502   Box Z =   35.502
     Alpha =  109.471   Beta  =  109.471   Gamma =  109.471
     NFFT1 =   36       NFFT2 =   36       NFFT3 =   36
     Cutoff=    9.000   Tol   =0.100E-04
     Ewald Coefficient =  0.30768
     Interpolation order =    4

| MPI Timing options:
|      profile_mpi =        0

    LOADING THE CONSTRAINED ATOMS AS GROUPS


   5.  REFERENCE ATOM COORDINATES

  defa
     Mask :1; matches     6 atoms

--------------------------------------------------------------------------------
   3.  ATOMIC COORDINATES AND VELOCITIES
--------------------------------------------------------------------------------

defa                                                                            
 begin time read from input coords =     0.000 ps

 Number of triangulated 3-point waters found:      945
|  Atom division among processors:
|         0     358     715    1072    1429    1786    2143    2500
|      2857

     Sum of charges from parm topology file =  -0.00000000
     Forcing neutrality...
|  Running AMBER/MPI version on    8 nodes


--------------------------------------------------------------------------------
   4.  RESULTS
--------------------------------------------------------------------------------

|  # of SOLUTE  degrees of freedom (RNDFP):    5724.
|  # of SOLVENT degrees of freedom (RNDFS):       0.
|  NDFMIN =    5724.     NUM_NOSHAKE =      0     CORRECTED RNDFP =    5724.
|  TOTAL # of degrees of freedom (RNDF) =    5724.
 ---------------------------------------------------
 APPROXIMATING switch and d/dx switch using CUBIC SPLINE INTERPOLATION
 using   5000.0 points per unit in tabled values
 TESTING RELATIVE ERROR over r ranging from 0.0 to cutoff
| CHECK switch(x): max rel err =   0.2738E-14   at   2.422500
| CHECK d/dx switch(x): max rel err =   0.8314E-11   at   2.736960
 ---------------------------------------------------
| Local SIZE OF NONBOND LIST =      94134
| TOTAL SIZE OF NONBOND LIST =     661205

 NSTEP =        0   TIME(PS) =       0.000  TEMP(K) =     0.00  PRESS = -4920.2
 Etot   =    -12521.0330  EKtot   =         0.0000  EPtot      =    -12521.0330
 BOND   =         0.6260  ANGLE   =         1.4329  DIHED      =         9.1008
 1-4 NB =         3.3728  1-4 EEL =        44.7348  VDWAALS    =      2281.2132
 EELEC  =    -14861.5442  EHBOND  =         0.0000  RESTRAINT  =         0.0307
 EAMBER (non-restraint)  =    -12521.0637
 EKCMT  =         0.0000  VIRIAL  =      3659.2131  VOLUME     =     34445.2091
                                                    Density    =         0.8277
 Ewald error estimate:   0.2408E-03
 ------------------------------------------------------------------------------


 NSTEP =     1000   TIME(PS) =       2.000  TEMP(K) =   290.19  PRESS =  -751.5
 Etot   =     -7226.3976  EKtot   =      1650.4383  EPtot      =     -8876.8359
 BOND   =         7.4667  ANGLE   =        13.3276  DIHED      =        11.3935
 1-4 NB =         4.6432  1-4 EEL =        45.0860  VDWAALS    =      1315.7157
 EELEC  =    -10278.1108  EHBOND  =         0.0000  RESTRAINT  =         3.6422
 EAMBER (non-restraint)  =     -8880.4781
 EKCMT  =       821.5638  VIRIAL  =      1334.7250  VOLUME     =     31624.1467
                                                    Density    =         0.9016
 Ewald error estimate:   0.1319E-04
 ------------------------------------------------------------------------------


 NSTEP =     2000   TIME(PS) =       4.000  TEMP(K) =   301.21  PRESS =  -679.8
 Etot   =     -7218.3834  EKtot   =      1713.0602  EPtot      =     -8931.4436
 BOND   =         2.3501  ANGLE   =         6.3289  DIHED      =        11.7460
 1-4 NB =         3.3076  1-4 EEL =        44.1799  VDWAALS    =      1267.3980
 EELEC  =    -10270.6522  EHBOND  =         0.0000  RESTRAINT  =         3.8982
 EAMBER (non-restraint)  =     -8935.3418
 EKCMT  =       869.3438  VIRIAL  =      1313.2072  VOLUME     =     30239.2762
                                                    Density    =         0.9428
 Ewald error estimate:   0.3211E-03
 ------------------------------------------------------------------------------


 NSTEP =     3000   TIME(PS) =       6.000  TEMP(K) =   296.09  PRESS =   -23.9
 Etot   =     -7265.0551  EKtot   =      1683.9484  EPtot      =     -8949.0035
 BOND   =         4.1091  ANGLE   =         5.7628  DIHED      =        13.3053
 1-4 NB =         3.7526  1-4 EEL =        44.1867  VDWAALS    =      1320.8684
 EELEC  =    -10342.4531  EHBOND  =         0.0000  RESTRAINT  =         1.4647
 EAMBER (non-restraint)  =     -8950.4682
 EKCMT  =       864.5019  VIRIAL  =       879.6470  VOLUME     =     29322.5161
                                                    Density    =         0.9723
 Ewald error estimate:   0.3256E-03
 ------------------------------------------------------------------------------


 NSTEP =     4000   TIME(PS) =       8.000  TEMP(K) =   301.44  PRESS =    50.5
 Etot   =     -7288.6033  EKtot   =      1714.3922  EPtot      =     -9002.9956
 BOND   =         3.5091  ANGLE   =         8.8920  DIHED      =         9.7504
 1-4 NB =         2.7859  1-4 EEL =        43.7824  VDWAALS    =      1344.6878
 EELEC  =    -10419.2846  EHBOND  =         0.0000  RESTRAINT  =         2.8814
 EAMBER (non-restraint)  =     -9005.8770
 EKCMT  =       851.4366  VIRIAL  =       819.6257  VOLUME     =     29187.0350
                                                    Density    =         0.9768
 Ewald error estimate:   0.6123E-03
 ------------------------------------------------------------------------------


 NSTEP =     5000   TIME(PS) =      10.000  TEMP(K) =   299.75  PRESS =   127.2
 Etot   =     -7365.4882  EKtot   =      1704.7700  EPtot      =     -9070.2581
 BOND   =         1.9949  ANGLE   =         5.8633  DIHED      =        12.1530
 1-4 NB =         6.5148  1-4 EEL =        48.1511  VDWAALS    =      1358.4383
 EELEC  =    -10505.5267  EHBOND  =         0.0000  RESTRAINT  =         2.1532
 EAMBER (non-restraint)  =     -9072.4113
 EKCMT  =       818.1497  VIRIAL  =       738.7472  VOLUME     =     28917.4478
                                                    Density    =         0.9859
 Ewald error estimate:   0.1434E-04
 ------------------------------------------------------------------------------


 NSTEP =     6000   TIME(PS) =      12.000  TEMP(K) =   298.15  PRESS =   251.3
 Etot   =     -7373.9165  EKtot   =      1695.6682  EPtot      =     -9069.5847
 BOND   =         1.7579  ANGLE   =         5.7348  DIHED      =        12.0421
 1-4 NB =         3.7546  1-4 EEL =        47.4063  VDWAALS    =      1374.9889
 EELEC  =    -10518.0005  EHBOND  =         0.0000  RESTRAINT  =         2.7312
 EAMBER (non-restraint)  =     -9072.3159
 EKCMT  =       842.5466  VIRIAL  =       686.5074  VOLUME     =     28762.3038
                                                    Density    =         0.9913
 Ewald error estimate:   0.1110E-03
 ------------------------------------------------------------------------------


 NSTEP =     7000   TIME(PS) =      14.000  TEMP(K) =   304.10  PRESS =   -34.0
 Etot   =     -7320.2443  EKtot   =      1729.5272  EPtot      =     -9049.7715
 BOND   =         2.0890  ANGLE   =         9.0739  DIHED      =        10.9278
 1-4 NB =         3.5627  1-4 EEL =        45.7606  VDWAALS    =      1328.0636
 EELEC  =    -10453.8118  EHBOND  =         0.0000  RESTRAINT  =         4.5626
 EAMBER (non-restraint)  =     -9054.3341
 EKCMT  =       873.8635  VIRIAL  =       895.0251  VOLUME     =     28859.4261
                                                    Density    =         0.9879
 Ewald error estimate:   0.1345E-03
 ------------------------------------------------------------------------------


 NSTEP =     8000   TIME(PS) =      16.000  TEMP(K) =   299.18  PRESS =   170.5
 Etot   =     -7360.2774  EKtot   =      1701.5634  EPtot      =     -9061.8408
 BOND   =         3.5745  ANGLE   =         8.0639  DIHED      =        10.2693
 1-4 NB =         3.8879  1-4 EEL =        46.7708  VDWAALS    =      1356.6719
 EELEC  =    -10493.6797  EHBOND  =         0.0000  RESTRAINT  =         2.6006
 EAMBER (non-restraint)  =     -9064.4414
 EKCMT  =       873.7868  VIRIAL  =       767.1479  VOLUME     =     28964.6287
                                                    Density    =         0.9843
 Ewald error estimate:   0.2844E-03
 ------------------------------------------------------------------------------


 NSTEP =     9000   TIME(PS) =      18.000  TEMP(K) =   292.05  PRESS =   372.2
 Etot   =     -7444.8453  EKtot   =      1660.9644  EPtot      =     -9105.8097
 BOND   =         2.6000  ANGLE   =        10.6547  DIHED      =         9.7766
 1-4 NB =         2.1642  1-4 EEL =        42.9215  VDWAALS    =      1432.1831
 EELEC  =    -10611.8536  EHBOND  =         0.0000  RESTRAINT  =         5.7438
 EAMBER (non-restraint)  =     -9111.5535
 EKCMT  =       799.4825  VIRIAL  =       566.5437  VOLUME     =     28987.2530
                                                    Density    =         0.9836
 Ewald error estimate:   0.4467E-04
 ------------------------------------------------------------------------------


 NSTEP =    10000   TIME(PS) =      20.000  TEMP(K) =   295.59  PRESS =  -691.8
 Etot   =     -7384.2226  EKtot   =      1681.1400  EPtot      =     -9065.3626
 BOND   =         4.1617  ANGLE   =         7.8112  DIHED      =        13.3992
 1-4 NB =         3.9726  1-4 EEL =        44.4966  VDWAALS    =      1246.7152
 EELEC  =    -10388.9514  EHBOND  =         0.0000  RESTRAINT  =         3.0323
 EAMBER (non-restraint)  =     -9068.3949
 EKCMT  =       851.3301  VIRIAL  =      1281.5932  VOLUME     =     28804.8007
                                                    Density    =         0.9898
 Ewald error estimate:   0.1475E-03
 ------------------------------------------------------------------------------


      A V E R A G E S   O V E R   10000 S T E P S


 NSTEP =    10000   TIME(PS) =      20.000  TEMP(K) =   294.33  PRESS =  -199.5
 Etot   =     -7387.5046  EKtot   =      1673.9612  EPtot      =     -9061.4658
 BOND   =         3.0159  ANGLE   =         8.5748  DIHED      =        11.2876
 1-4 NB =         3.4936  1-4 EEL =        44.5131  VDWAALS    =      1352.2924
 EELEC  =    -10487.6548  EHBOND  =         0.0000  RESTRAINT  =         3.0116
 EAMBER (non-restraint)  =     -9064.4775
 EKCMT  =       833.2006  VIRIAL  =       969.1326  VOLUME     =     29625.5734
                                                    Density    =         0.9640
 Ewald error estimate:   0.1919E-03
 ------------------------------------------------------------------------------


      R M S  F L U C T U A T I O N S


 NSTEP =    10000   TIME(PS) =      20.000  TEMP(K) =    27.03  PRESS =   434.6
 Etot   =       330.6252  EKtot   =       153.7104  EPtot      =       185.1579
 BOND   =         1.3956  ANGLE   =         2.3210  DIHED      =         1.1945
 1-4 NB =         0.7712  1-4 EEL =         1.7915  VDWAALS    =        93.2017
 EELEC  =       269.3070  EHBOND  =         0.0000  RESTRAINT  =         1.2983
 EAMBER (non-restraint)  =       183.8596
 EKCMT  =        75.4494  VIRIAL  =       263.7068  VOLUME     =      1249.3696
                                                    Density    =         0.0376
 Ewald error estimate:   0.1418E-03
 ------------------------------------------------------------------------------


--------------------------------------------------------------------------------
   5.  TIMINGS
--------------------------------------------------------------------------------

|>>>>>>>>PROFILE of Average TIMES>>>>>>>>> 
|                Build the list            15.47 (97.72% of List )
|                Other                      0.36 ( 2.28% of List )
|             List time                 15.83 ( 8.65% of Nonbo)
|                   Short_ene time            72.93 (96.68% of Direc)
|                   Other                      2.51 ( 3.32% of Direc)
|                Direct Ewald time         75.44 (45.14% of Ewald)
|                Adjust Ewald time          0.35 ( 0.21% of Ewald)
|                   Fill Bspline coeffs        1.54 ( 2.64% of Recip)
|                   Fill charge grid           1.35 ( 2.31% of Recip)
|                   Scalar sum                 6.21 (10.62% of Recip)
|                   Grad sum                   3.38 ( 5.78% of Recip)
|                      FFT back comm time        24.93 (60.35% of FFT t)
|                      Other                     16.38 (39.65% of FFT t)
|                   FFT time                  41.32 (70.65% of Recip)
|                   Other                      4.68 ( 8.01% of Recip)
|                Recip Ewald time          58.48 (35.00% of Ewald)
|                Force Adjust              28.69 (17.17% of Ewald)
|                Virial junk                4.10 ( 2.45% of Ewald)
|                Other                      0.04 ( 0.02% of Ewald)
|             Ewald time               167.11 (91.34% of Nonbo)
|          Nonbond force            182.94 (93.48% of Force)
|          Bond/Angle/Dihedral        0.14 ( 0.07% of Force)
|          FRC Collect time           9.03 ( 4.62% of Force)
|          Other                      3.58 ( 1.83% of Force)
|       Force time               195.70 (89.64% of Runmd)
|       Shake time                 0.48 ( 0.22% of Runmd)
|       Verlet update time         8.79 ( 4.03% of Runmd)
|       Ekcmr time                 5.03 ( 2.30% of Runmd)
|       CRD distribute time        3.50 ( 1.60% of Runmd)
|       Other                      4.82 ( 2.21% of Runmd)
|    Runmd Time               218.31 (100.0% of Total)
|    Other                      0.10 ( 0.05% of Total)
| Total time               218.42 (100.0% of ALL  )

| Number of list builds   :        907

| Highest rstack allocated:      39640
| Highest istack allocated:        846

| Final Performance Info:
| -----------------------------------------------------
| Average timings for all steps:
|     Elapsed(s) =     218.55 Per Step(ms) =      21.85
|         ns/day =       7.91   seconds/ns =   10927.46
| -----------------------------------------------------

|           Job began  at 14:43:26.204  on 03/14/2017
|           Setup done at 14:43:26.311  on 03/14/2017
|           Run   done at 14:47:04.749  on 03/14/2017
|     wallclock() was called  571881 times
