
          -------------------------------------------------------
          Amber 16 SANDER                              2016
          -------------------------------------------------------

| Run on 03/14/2017 at 14:58:44

|   Executable path: sander.MPI
| Working directory: /home/steboss/projects/mdgx-tests/alanine/IPOLQ/input/PhiPsi_1/30/180
|          Hostname: node010

  [-O]verwriting output

File Assignments:
|  MDIN: equil.in                                                              
| MDOUT: Conf180.eq.out                                                        
|INPCRD: Conf180.min                                                           
|  PARM: Conf180.top                                                           
|RESTRT: Conf180.rst                                                           
|  REFC: Conf180.crd                                                           
| MDVEL: mdvel                                                                 
| MDFRC: mdfrc                                                                 
|  MDEN: mden                                                                  
| MDCRD: mdcrd                                                                 
|MDINFO: mdinfo                                                                
|  MTMD: mtmd                                                                  
|INPDIP: inpdip                                                                
|RSTDIP: rstdip                                                                
|INPTRA: inptraj                                                               

|    REMLOG: rem.log
|   REMTYPE: rem.type
|  REMSTRIP: 
|   SAVEENE: saveene
|CLUSTERINF: cluster.info
| RESERVOIR: reserv/frame
|   REMDDIM: 


 Here is the input file:

Equilibrate water in NPT                                                       
 &cntrl                                                                        
                                                                               
  nmropt = 0,                                                                  
  ntx    = 1,       irest  = 0,       ntrx   = 1,      ntxo   = 1,             
  ntpr   = 1000,    ntwx   = 1000,    ntwv   = 0,      ntwe   = 1000,          
  iwrap  = 0,       ioutfm = 1,                                                
                                                                               
  ntf    = 2,       ntb    = 2,                                                
  cut = 9.0,                                                                   
                                                                               
  ibelly = 0,       ntr    = 1,                                                
  restraintmask = ':1',                                                        
  restraint_wt = 100.0,                                                        
                                                                               
  imin   = 0,                                                                  
  nstlim = 10000,                                                              
  nscm   = 1000,                                                               
  t      = 0.0,     dt     = 0.002,                                            
                                                                               
  temp0     = 298.0,   tempi  = 0.0,                                           
  ig        = -1,                                                              
  ntt       = 3,                                                               
  gamma_ln  = 3.0,                                                             
                                                                               
  ntp    = 1,       pres0  = 1.0,     comp   = 44.6,                           
  taup   = 1.0,                                                                
                                                                               
  ntc    = 2,       tol    = 0.000001, watnam = 'WAT ',                        
                                                                               
 &end                                                                          

--------------------------------------------------------------------------------
   1.  RESOURCE   USE: 
--------------------------------------------------------------------------------

| Flags: MPI                                                                    
 getting new box info from bottom of inpcrd
|  INFO: Old style inpcrd file read

| peek_ewald_inpcrd: Box info found
|Largest sphere to fit in unit cell has radius =    14.610
| New format PARM file being parsed.
| Version =    1.000 Date = 03/14/17 Time = 13:39:40
 NATOM  =    2923 NTYPES =       9 NBONH =    2913 MBONA  =       9
 NTHETH =      25 MTHETA =      11 NPHIH =      43 MPHIA  =      24
 NHPARM =       0 NPARM  =       0 NNB   =    3967 NRES   =     970
 NBONA  =       9 NTHETA =      11 NPHIA =      24 NUMBND =      10
 NUMANG =      16 NPTRA  =      19 NATYP =       9 NPHB   =       1
 IFBOX  =       2 NMXRS  =      10 IFCAP =       0 NEXTRA =       0
 NCOPY  =       0


|     Memory Use     Allocated
|     Real              300163
|     Hollerith           9741
|     Integer            89636
|     Max Pairs         324208
|     nblistReal         35076
|     nblist Int         88611
|       Total             4619 kbytes

| Note: 1-4 EEL scale factors are being read from the topology file.

| Note: 1-4 VDW scale factors are being read from the topology file.
| Duplicated    0 dihedrals
| Duplicated    0 dihedrals

     BOX TYPE: TRUNCATED OCTAHEDRON
Note: ig = -1. Setting random seed to   966995 based on wallclock time in microseconds
      and disabling the synchronization of random numbers between tasks
      to improve performance.

--------------------------------------------------------------------------------
   2.  CONTROL  DATA  FOR  THE  RUN
--------------------------------------------------------------------------------

default_name                                                                    

General flags:
     imin    =       0, nmropt  =       0

Nature and format of input:
     ntx     =       1, irest   =       0, ntrx    =       1

Nature and format of output:
     ntxo    =       1, ntpr    =    1000, ntrx    =       1, ntwr    =   10000
     iwrap   =       0, ntwx    =    1000, ntwv    =       0, ntwe    =    1000
     ioutfm  =       1, ntwprt  =       0, idecomp =       0, rbornstat=      0

Potential function:
     ntf     =       2, ntb     =       2, igb     =       0, nsnb    =      25
     ipol    =       0, gbsa    =       0, iesp    =       0
     dielc   =   1.00000, cut     =   9.00000, intdiel =   1.00000

Frozen or restrained atoms:
     ibelly  =       0, ntr     =       1
     restraint_wt = 100.00000

Molecular dynamics:
     nstlim  =     10000, nscm    =         0, nrespa  =         1
     t       =   0.00000, dt      =   0.00200, vlimit  =  20.00000

Langevin dynamics temperature regulation:
     ig      =  966995
     temp0   = 298.00000, tempi   =   0.00000, gamma_ln=   3.00000

Pressure regulation:
     ntp     =       1
     pres0   =   1.00000, comp    =  44.60000, taup    =   1.00000

SHAKE:
     ntc     =       2, jfastw  =       0
     tol     =   0.00000

Ewald parameters:
     verbose =       0, ew_type =       0, nbflag  =       1, use_pme =       1
     vdwmeth =       1, eedmeth =       1, netfrc  =       1
     Box X =   35.787   Box Y =   35.787   Box Z =   35.787
     Alpha =  109.471   Beta  =  109.471   Gamma =  109.471
     NFFT1 =   36       NFFT2 =   36       NFFT3 =   36
     Cutoff=    9.000   Tol   =0.100E-04
     Ewald Coefficient =  0.30768
     Interpolation order =    4

| MPI Timing options:
|      profile_mpi =        0

    LOADING THE CONSTRAINED ATOMS AS GROUPS


   5.  REFERENCE ATOM COORDINATES

  defa
     Mask :1; matches     6 atoms

--------------------------------------------------------------------------------
   3.  ATOMIC COORDINATES AND VELOCITIES
--------------------------------------------------------------------------------

defa                                                                            
 begin time read from input coords =     0.000 ps

 Number of triangulated 3-point waters found:      967
|  Atom division among processors:
|         0     367     733    1099    1465    1831    2197    2560
|      2923

     Sum of charges from parm topology file =  -0.00000000
     Forcing neutrality...
|  Running AMBER/MPI version on    8 nodes


--------------------------------------------------------------------------------
   4.  RESULTS
--------------------------------------------------------------------------------

|  # of SOLUTE  degrees of freedom (RNDFP):    5856.
|  # of SOLVENT degrees of freedom (RNDFS):       0.
|  NDFMIN =    5856.     NUM_NOSHAKE =      0     CORRECTED RNDFP =    5856.
|  TOTAL # of degrees of freedom (RNDF) =    5856.
 ---------------------------------------------------
 APPROXIMATING switch and d/dx switch using CUBIC SPLINE INTERPOLATION
 using   5000.0 points per unit in tabled values
 TESTING RELATIVE ERROR over r ranging from 0.0 to cutoff
| CHECK switch(x): max rel err =   0.2738E-14   at   2.422500
| CHECK d/dx switch(x): max rel err =   0.8314E-11   at   2.736960
 ---------------------------------------------------
| Local SIZE OF NONBOND LIST =      94029
| TOTAL SIZE OF NONBOND LIST =     676655

 NSTEP =        0   TIME(PS) =       0.000  TEMP(K) =     0.00  PRESS = -5597.9
 Etot   =    -12731.1192  EKtot   =         0.0000  EPtot      =    -12731.1192
 BOND   =         0.5568  ANGLE   =         2.2592  DIHED      =        11.5207
 1-4 NB =         2.9412  1-4 EEL =        46.5038  VDWAALS    =      2208.9179
 EELEC  =    -15003.8859  EHBOND  =         0.0000  RESTRAINT  =         0.0671
 EAMBER (non-restraint)  =    -12731.1864
 EKCMT  =         0.0000  VIRIAL  =      4264.5966  VOLUME     =     35283.4618
                                                    Density    =         0.8267
 Ewald error estimate:   0.1147E-03
 ------------------------------------------------------------------------------


 NSTEP =     1000   TIME(PS) =       2.000  TEMP(K) =   289.66  PRESS =  -513.5
 Etot   =     -7528.8278  EKtot   =      1685.3646  EPtot      =     -9214.1924
 BOND   =         5.7073  ANGLE   =         5.5571  DIHED      =        13.2620
 1-4 NB =         2.3390  1-4 EEL =        44.7065  VDWAALS    =      1413.5966
 EELEC  =    -10701.9425  EHBOND  =         0.0000  RESTRAINT  =         2.5816
 EAMBER (non-restraint)  =     -9216.7740
 EKCMT  =       855.8535  VIRIAL  =      1211.4168  VOLUME     =     32071.1841
                                                    Density    =         0.9095
 Ewald error estimate:   0.2267E-03
 ------------------------------------------------------------------------------


 NSTEP =     2000   TIME(PS) =       4.000  TEMP(K) =   299.65  PRESS =  -284.1
 Etot   =     -7448.8081  EKtot   =      1743.5119  EPtot      =     -9192.3201
 BOND   =         4.5388  ANGLE   =         7.6871  DIHED      =        11.0586
 1-4 NB =         3.3056  1-4 EEL =        47.0553  VDWAALS    =      1369.9861
 EELEC  =    -10638.6145  EHBOND  =         0.0000  RESTRAINT  =         2.6630
 EAMBER (non-restraint)  =     -9194.9830
 EKCMT  =       850.5777  VIRIAL  =      1038.7439  VOLUME     =     30673.3201
                                                    Density    =         0.9510
 Ewald error estimate:   0.9739E-04
 ------------------------------------------------------------------------------


 NSTEP =     3000   TIME(PS) =       6.000  TEMP(K) =   304.10  PRESS =  -614.6
 Etot   =     -7502.9865  EKtot   =      1769.4318  EPtot      =     -9272.4183
 BOND   =         6.4696  ANGLE   =        10.5623  DIHED      =         9.9441
 1-4 NB =         2.4272  1-4 EEL =        44.2272  VDWAALS    =      1311.7436
 EELEC  =    -10660.4822  EHBOND  =         0.0000  RESTRAINT  =         2.6901
 EAMBER (non-restraint)  =     -9275.1084
 EKCMT  =       871.6055  VIRIAL  =      1270.9546  VOLUME     =     30092.6989
                                                    Density    =         0.9693
 Ewald error estimate:   0.2752E-04
 ------------------------------------------------------------------------------


 NSTEP =     4000   TIME(PS) =       8.000  TEMP(K) =   296.96  PRESS =    25.6
 Etot   =     -7510.0374  EKtot   =      1727.8486  EPtot      =     -9237.8860
 BOND   =         2.3550  ANGLE   =         7.9003  DIHED      =        11.3127
 1-4 NB =         2.2308  1-4 EEL =        44.5001  VDWAALS    =      1371.5460
 EELEC  =    -10679.7448  EHBOND  =         0.0000  RESTRAINT  =         2.0139
 EAMBER (non-restraint)  =     -9239.8999
 EKCMT  =       864.8353  VIRIAL  =       848.5002  VOLUME     =     29595.1373
                                                    Density    =         0.9856
 Ewald error estimate:   0.3476E-03
 ------------------------------------------------------------------------------


 NSTEP =     5000   TIME(PS) =      10.000  TEMP(K) =   302.29  PRESS =   236.3
 Etot   =     -7506.5581  EKtot   =      1758.8727  EPtot      =     -9265.4309
 BOND   =         1.2941  ANGLE   =        11.8756  DIHED      =        11.9692
 1-4 NB =         2.8244  1-4 EEL =        45.6251  VDWAALS    =      1394.4630
 EELEC  =    -10735.7796  EHBOND  =         0.0000  RESTRAINT  =         2.2973
 EAMBER (non-restraint)  =     -9267.7281
 EKCMT  =       883.2317  VIRIAL  =       732.0637  VOLUME     =     29624.1284
                                                    Density    =         0.9846
 Ewald error estimate:   0.3238E-03
 ------------------------------------------------------------------------------


 NSTEP =     6000   TIME(PS) =      12.000  TEMP(K) =   292.33  PRESS =  -263.0
 Etot   =     -7594.0591  EKtot   =      1700.8996  EPtot      =     -9294.9587
 BOND   =         2.6629  ANGLE   =        13.8094  DIHED      =         9.6604
 1-4 NB =         3.2337  1-4 EEL =        41.8085  VDWAALS    =      1360.0251
 EELEC  =    -10729.3844  EHBOND  =         0.0000  RESTRAINT  =         3.2257
 EAMBER (non-restraint)  =     -9298.1844
 EKCMT  =       858.4444  VIRIAL  =      1027.1947  VOLUME     =     29715.1453
                                                    Density    =         0.9816
 Ewald error estimate:   0.6404E-04
 ------------------------------------------------------------------------------


 NSTEP =     7000   TIME(PS) =      14.000  TEMP(K) =   299.66  PRESS =   100.6
 Etot   =     -7583.6886  EKtot   =      1743.5419  EPtot      =     -9327.2306
 BOND   =         3.9345  ANGLE   =         8.0252  DIHED      =        12.8659
 1-4 NB =         1.8074  1-4 EEL =        48.6174  VDWAALS    =      1423.3469
 EELEC  =    -10829.2821  EHBOND  =         0.0000  RESTRAINT  =         3.4543
 EAMBER (non-restraint)  =     -9330.6848
 EKCMT  =       862.4369  VIRIAL  =       797.7248  VOLUME     =     29804.7866
                                                    Density    =         0.9787
 Ewald error estimate:   0.5116E-03
 ------------------------------------------------------------------------------


 NSTEP =     8000   TIME(PS) =      16.000  TEMP(K) =   294.23  PRESS =    92.7
 Etot   =     -7629.3984  EKtot   =      1711.9941  EPtot      =     -9341.3926
 BOND   =         1.8700  ANGLE   =         6.9052  DIHED      =        10.6545
 1-4 NB =         3.1039  1-4 EEL =        46.6967  VDWAALS    =      1410.0633
 EELEC  =    -10823.5683  EHBOND  =         0.0000  RESTRAINT  =         2.8821
 EAMBER (non-restraint)  =     -9344.2747
 EKCMT  =       852.8364  VIRIAL  =       793.6419  VOLUME     =     29590.5679
                                                    Density    =         0.9858
 Ewald error estimate:   0.7064E-05
 ------------------------------------------------------------------------------


 NSTEP =     9000   TIME(PS) =      18.000  TEMP(K) =   305.05  PRESS =   160.3
 Etot   =     -7500.6968  EKtot   =      1774.9166  EPtot      =     -9275.6134
 BOND   =         3.1460  ANGLE   =        11.5985  DIHED      =        11.2084
 1-4 NB =         2.7314  1-4 EEL =        46.9676  VDWAALS    =      1372.9325
 EELEC  =    -10727.0784  EHBOND  =         0.0000  RESTRAINT  =         2.8805
 EAMBER (non-restraint)  =     -9278.4939
 EKCMT  =       879.7612  VIRIAL  =       778.1095  VOLUME     =     29361.1201
                                                    Density    =         0.9935
 Ewald error estimate:   0.1480E-03
 ------------------------------------------------------------------------------


 NSTEP =    10000   TIME(PS) =      20.000  TEMP(K) =   288.46  PRESS =    48.1
 Etot   =     -7736.1857  EKtot   =      1678.3902  EPtot      =     -9414.5759
 BOND   =         2.8363  ANGLE   =        12.8420  DIHED      =         9.6656
 1-4 NB =         2.1858  1-4 EEL =        43.3907  VDWAALS    =      1434.0699
 EELEC  =    -10922.2390  EHBOND  =         0.0000  RESTRAINT  =         2.6729
 EAMBER (non-restraint)  =     -9417.2488
 EKCMT  =       838.6480  VIRIAL  =       807.9040  VOLUME     =     29589.7300
                                                    Density    =         0.9858
 Ewald error estimate:   0.3558E-03
 ------------------------------------------------------------------------------


      A V E R A G E S   O V E R   10000 S T E P S


 NSTEP =    10000   TIME(PS) =      20.000  TEMP(K) =   292.76  PRESS =  -196.3
 Etot   =     -7587.9309  EKtot   =      1703.4050  EPtot      =     -9291.3359
 BOND   =         3.2075  ANGLE   =         9.8674  DIHED      =        11.7381
 1-4 NB =         2.7806  1-4 EEL =        44.7437  VDWAALS    =      1391.0166
 EELEC  =    -10757.7932  EHBOND  =         0.0000  RESTRAINT  =         3.1034
 EAMBER (non-restraint)  =     -9294.4393
 EKCMT  =       846.4911  VIRIAL  =       983.6546  VOLUME     =     30229.8326
                                                    Density    =         0.9663
 Ewald error estimate:   0.1933E-03
 ------------------------------------------------------------------------------


      R M S  F L U C T U A T I O N S


 NSTEP =    10000   TIME(PS) =      20.000  TEMP(K) =    26.10  PRESS =   473.9
 Etot   =       319.9541  EKtot   =       151.8748  EPtot      =       174.6273
 BOND   =         1.4939  ANGLE   =         2.4460  DIHED      =         1.6264
 1-4 NB =         0.6669  1-4 EEL =         1.9953  VDWAALS    =        84.8432
 EELEC  =       249.3695  EHBOND  =         0.0000  RESTRAINT  =         1.3405
 EAMBER (non-restraint)  =       173.2868
 EKCMT  =        73.1539  VIRIAL  =       292.7051  VOLUME     =      1194.3443
                                                    Density    =         0.0352
 Ewald error estimate:   0.1484E-03
 ------------------------------------------------------------------------------


--------------------------------------------------------------------------------
   5.  TIMINGS
--------------------------------------------------------------------------------

|>>>>>>>>PROFILE of Average TIMES>>>>>>>>> 
|                Build the list             7.87 (97.49% of List )
|                Other                      0.20 ( 2.51% of List )
|             List time                  8.08 (10.00% of Nonbo)
|                   Short_ene time            47.63 (96.29% of Direc)
|                   Other                      1.83 ( 3.71% of Direc)
|                Direct Ewald time         49.47 (68.07% of Ewald)
|                Adjust Ewald time          0.25 ( 0.34% of Ewald)
|                   Fill Bspline coeffs        1.04 ( 6.40% of Recip)
|                   Fill charge grid           0.93 ( 5.76% of Recip)
|                   Scalar sum                 4.13 (25.49% of Recip)
|                   Grad sum                   2.09 (12.89% of Recip)
|                      FFT back comm time         1.11 (15.52% of FFT t)
|                      Other                      6.07 (84.48% of FFT t)
|                   FFT time                   7.18 (44.33% of Recip)
|                   Other                      0.83 ( 5.12% of Recip)
|                Recip Ewald time          16.21 (22.30% of Ewald)
|                Force Adjust               6.39 ( 8.79% of Ewald)
|                Virial junk                0.33 ( 0.45% of Ewald)
|                Other                      0.03 ( 0.04% of Ewald)
|             Ewald time                72.66 (89.99% of Nonbo)
|             Other                      0.00 ( 0.01% of Nonbo)
|          Nonbond force             80.75 (98.89% of Force)
|          Bond/Angle/Dihedral        0.10 ( 0.12% of Force)
|          FRC Collect time           0.65 ( 0.79% of Force)
|          Other                      0.16 ( 0.20% of Force)
|       Force time                81.66 (91.79% of Runmd)
|       Shake time                 0.30 ( 0.33% of Runmd)
|       Verlet update time         3.08 ( 3.46% of Runmd)
|       Ekcmr time                 2.86 ( 3.22% of Runmd)
|       CRD distribute time        0.33 ( 0.37% of Runmd)
|       Other                      0.73 ( 0.82% of Runmd)
|    Runmd Time                88.96 (99.82% of Total)
|    Other                      0.16 ( 0.18% of Total)
| Total time                89.12 (100.0% of ALL  )

| Number of list builds   :        906

| Highest rstack allocated:      40180
| Highest istack allocated:        866

| Final Performance Info:
| -----------------------------------------------------
| Average timings for all steps:
|     Elapsed(s) =      89.28 Per Step(ms) =       8.93
|         ns/day =      19.35   seconds/ns =    4464.05
| -----------------------------------------------------

|           Job began  at 14:58:44.824  on 03/14/2017
|           Setup done at 14:58:44.991  on 03/14/2017
|           Run   done at 15:00:14.138  on 03/14/2017
|     wallclock() was called  571879 times
