
          -------------------------------------------------------
          Amber 16 SANDER                              2016
          -------------------------------------------------------

| Run on 03/14/2017 at 13:45:43

|   Executable path: sander.MPI
| Working directory: /home/steboss/projects/mdgx-tests/alanine/IPOLQ/input/PhiPsi_1/105/255
|          Hostname: node007

  [-O]verwriting output

File Assignments:
|  MDIN: min.in                                                                
| MDOUT: Conf255.min.out                                                       
|INPCRD: Conf255.crd                                                           
|  PARM: Conf255.top                                                           
|RESTRT: Conf255.min                                                           
|  REFC: Conf255.crd                                                           
| MDVEL: mdvel                                                                 
| MDFRC: mdfrc                                                                 
|  MDEN: mden                                                                  
| MDCRD: mdcrd                                                                 
|MDINFO: mdinfo                                                                
|  MTMD: mtmd                                                                  
|INPDIP: inpdip                                                                
|RSTDIP: rstdip                                                                
|INPTRA: inptraj                                                               

|    REMLOG: rem.log
|   REMTYPE: rem.type
|  REMSTRIP: 
|   SAVEENE: saveene
|CLUSTERINF: cluster.info
| RESERVOIR: reserv/frame
|   REMDDIM: 


 Here is the input file:

Initial minimization                                                           
 &cntrl                                                                        
  ntx    = 1,       irest  = 0,       ntrx   = 1,      ntxo   = 1,             
  ntpr   = 20,      ntwx   = 0,       ntwv   = 0,      ntwe   = 0,             
                                                                               
  ntf    = 1,       ntb    = 1,                                                
  ntc    = 1,       ntr    = 1,                                                
  restraintmask = ':1',                                                        
  restraint_wt = 100.0,                                                        
  cut    = 9.0,                                                                
                                                                               
  imin   = 1,                                                                  
  maxcyc = 1000,                                                               
  ncyc   = 100,                                                                
                                                                               
 &end                                                                          

--------------------------------------------------------------------------------
   1.  RESOURCE   USE: 
--------------------------------------------------------------------------------

| Flags: MPI                                                                    
 getting new box info from bottom of inpcrd
|  INFO: Old style inpcrd file read

| peek_ewald_inpcrd: Box info found
|Largest sphere to fit in unit cell has radius =    14.591
| New format PARM file being parsed.
| Version =    1.000 Date = 03/14/17 Time = 13:37:45
 NATOM  =    2905 NTYPES =       9 NBONH =    2895 MBONA  =       9
 NTHETH =      25 MTHETA =      11 NPHIH =      43 MPHIA  =      24
 NHPARM =       0 NPARM  =       0 NNB   =    3943 NRES   =     964
 NBONA  =       9 NTHETA =      11 NPHIA =      24 NUMBND =      10
 NUMANG =      16 NPTRA  =      19 NATYP =       9 NPHB   =       1
 IFBOX  =       2 NMXRS  =      10 IFCAP =       0 NEXTRA =       0
 NCOPY  =       0


|     Memory Use     Allocated
|     Real              333909
|     Hollerith           9681
|     Integer            89228
|     Max Pairs         322212
|     nblistReal         34860
|     nblist Int         88191
|       Total             4870 kbytes

| Note: 1-4 EEL scale factors are being read from the topology file.

| Note: 1-4 VDW scale factors are being read from the topology file.
| Duplicated    0 dihedrals
| Duplicated    0 dihedrals

     BOX TYPE: TRUNCATED OCTAHEDRON

--------------------------------------------------------------------------------
   2.  CONTROL  DATA  FOR  THE  RUN
--------------------------------------------------------------------------------

default_name                                                                    

General flags:
     imin    =       1, nmropt  =       0

Nature and format of input:
     ntx     =       1, irest   =       0, ntrx    =       1

Nature and format of output:
     ntxo    =       1, ntpr    =      20, ntrx    =       1, ntwr    =       1
     iwrap   =       0, ntwx    =       0, ntwv    =       0, ntwe    =       0
     ioutfm  =       1, ntwprt  =       0, idecomp =       0, rbornstat=      0

Potential function:
     ntf     =       1, ntb     =       1, igb     =       0, nsnb    =      25
     ipol    =       0, gbsa    =       0, iesp    =       0
     dielc   =   1.00000, cut     =   9.00000, intdiel =   1.00000

Frozen or restrained atoms:
     ibelly  =       0, ntr     =       1
     restraint_wt = 100.00000

Energy minimization:
     maxcyc  =    1000, ncyc    =     100, ntmin   =       1
     dx0     =   0.01000, drms    =   0.00010

Ewald parameters:
     verbose =       0, ew_type =       0, nbflag  =       1, use_pme =       1
     vdwmeth =       1, eedmeth =       1, netfrc  =       0
     Box X =   35.740   Box Y =   35.740   Box Z =   35.740
     Alpha =  109.471   Beta  =  109.471   Gamma =  109.471
     NFFT1 =   36       NFFT2 =   36       NFFT3 =   36
     Cutoff=    9.000   Tol   =0.100E-04
     Ewald Coefficient =  0.30768
     Interpolation order =    4

| MPI Timing options:
|      profile_mpi =        0

    LOADING THE CONSTRAINED ATOMS AS GROUPS


   5.  REFERENCE ATOM COORDINATES

  defa
     Mask :1; matches     6 atoms

--------------------------------------------------------------------------------
   3.  ATOMIC COORDINATES AND VELOCITIES
--------------------------------------------------------------------------------

default_name                                                                    
 begin time read from input coords =     0.000 ps

 Number of triangulated 3-point waters found:      961
|  Atom division among processors:
|         0     364     727    1090    1453    1816    2179    2542
|      2905

     Sum of charges from parm topology file =  -0.00000000
     Forcing neutrality...
|  Running AMBER/MPI version on    8 nodes


--------------------------------------------------------------------------------
   4.  RESULTS
--------------------------------------------------------------------------------

 ---------------------------------------------------
 APPROXIMATING switch and d/dx switch using CUBIC SPLINE INTERPOLATION
 using   5000.0 points per unit in tabled values
 TESTING RELATIVE ERROR over r ranging from 0.0 to cutoff
| CHECK switch(x): max rel err =   0.2738E-14   at   2.422500
| CHECK d/dx switch(x): max rel err =   0.8314E-11   at   2.736960
 ---------------------------------------------------
| Local SIZE OF NONBOND LIST =      91559
| TOTAL SIZE OF NONBOND LIST =     668992


   NSTEP       ENERGY          RMS            GMAX         NAME    NUMBER
      1      -8.1333E+03     1.2214E+01     6.1557E+01     O         305

 BOND    =        0.7837  ANGLE   =        3.6054  DIHED      =       15.4731
 VDWAALS =      907.3890  EEL     =    -9106.6265  HBOND      =        0.0000
 1-4 VDW =        2.4415  1-4 EEL =       43.6296  RESTRAINT  =        0.0000


   NSTEP       ENERGY          RMS            GMAX         NAME    NUMBER
     20      -8.9833E+03     2.6985E+00     1.9486E+01     O         389

 BOND    =      474.1519  ANGLE   =        3.6903  DIHED      =       15.3393
 VDWAALS =      857.2259  EEL     =   -10379.8286  HBOND      =        0.0000
 1-4 VDW =        2.3863  1-4 EEL =       43.6378  RESTRAINT  =        0.0651
 EAMBER  =    -8983.3971


   NSTEP       ENERGY          RMS            GMAX         NAME    NUMBER
     40      -9.6165E+03     1.6067E+00     8.3195E+00     H1       2418

 BOND    =      520.7356  ANGLE   =        3.6618  DIHED      =       15.0534
 VDWAALS =      895.5851  EEL     =   -11097.7052  HBOND      =        0.0000
 1-4 VDW =        2.3642  1-4 EEL =       43.6494  RESTRAINT  =        0.1702
 EAMBER  =    -9616.6557


   NSTEP       ENERGY          RMS            GMAX         NAME    NUMBER
     60      -9.8603E+03     3.3711E+00     1.0500E+01     H2        997

 BOND    =      495.9475  ANGLE   =        3.6506  DIHED      =       14.8715
 VDWAALS =      930.3612  EEL     =   -11351.4035  HBOND      =        0.0000
 1-4 VDW =        2.3528  1-4 EEL =       43.7047  RESTRAINT  =        0.2055
 EAMBER  =    -9860.5152


   NSTEP       ENERGY          RMS            GMAX         NAME    NUMBER
     80      -1.0033E+04     1.1634E+00     5.7001E+00     H2       2176

 BOND    =      589.3656  ANGLE   =        3.6302  DIHED      =       14.7356
 VDWAALS =      963.3423  EEL     =   -11650.0616  HBOND      =        0.0000
 1-4 VDW =        2.3495  1-4 EEL =       43.7855  RESTRAINT  =        0.2306
 EAMBER  =   -10032.8528


   NSTEP       ENERGY          RMS            GMAX         NAME    NUMBER
    100      -1.0152E+04     9.6043E-01     4.4540E+00     H2       2176

 BOND    =      598.1065  ANGLE   =        3.6026  DIHED      =       14.6247
 VDWAALS =      997.1651  EEL     =   -11812.3179  HBOND      =        0.0000
 1-4 VDW =        2.3521  1-4 EEL =       43.8852  RESTRAINT  =        0.2504
 EAMBER  =   -10152.5817


   NSTEP       ENERGY          RMS            GMAX         NAME    NUMBER
    120      -1.0498E+04     9.2892E+00     3.5684E+02     H2       2176

 BOND    =      883.5901  ANGLE   =        3.6156  DIHED      =       14.0949
 VDWAALS =     1261.6426  EEL     =   -12709.2015  HBOND      =        0.0000
 1-4 VDW =        2.5747  1-4 EEL =       45.2756  RESTRAINT  =        0.3010
 EAMBER  =   -10498.4081


   NSTEP       ENERGY          RMS            GMAX         NAME    NUMBER
    140      -1.0723E+04     1.2826E+00     1.8438E+01     O        2174

 BOND    =      683.2461  ANGLE   =        2.9456  DIHED      =       13.9672
 VDWAALS =     1304.5323  EEL     =   -12775.6586  HBOND      =        0.0000
 1-4 VDW =        2.5327  1-4 EEL =       45.2945  RESTRAINT  =        0.4193
 EAMBER  =   -10723.1401


   NSTEP       ENERGY          RMS            GMAX         NAME    NUMBER
    160      -1.0834E+04     9.1695E-01     1.2623E+01     O        2861

 BOND    =      695.5225  ANGLE   =        2.7845  DIHED      =       13.7947
 VDWAALS =     1398.3713  EEL     =   -12992.8758  HBOND      =        0.0000
 1-4 VDW =        2.6581  1-4 EEL =       45.8371  RESTRAINT  =        0.3796
 EAMBER  =   -10833.9076


   NSTEP       ENERGY          RMS            GMAX         NAME    NUMBER
    180      -1.0937E+04     1.9198E+00     3.9438E+01     H1        414

 BOND    =      716.5648  ANGLE   =        3.6592  DIHED      =       13.6551
 VDWAALS =     1481.9705  EEL     =   -13202.8875  HBOND      =        0.0000
 1-4 VDW =        3.0587  1-4 EEL =       46.5553  RESTRAINT  =        0.2226
 EAMBER  =   -10937.4240


   NSTEP       ENERGY          RMS            GMAX         NAME    NUMBER
    200      -1.1042E+04     1.5599E+00     2.8473E+01     CH3        19

 BOND    =      762.8857  ANGLE   =        3.8423  DIHED      =       13.3744
 VDWAALS =     1598.1979  EEL     =   -13469.4983  HBOND      =        0.0000
 1-4 VDW =        2.6400  1-4 EEL =       46.3673  RESTRAINT  =        0.3769
 EAMBER  =   -11042.1906


   NSTEP       ENERGY          RMS            GMAX         NAME    NUMBER
    220      -1.1099E+04     1.1681E+00     3.0271E+01     C          15

 BOND    =      753.0520  ANGLE   =        2.9529  DIHED      =       13.2494
 VDWAALS =     1588.5298  EEL     =   -13506.1774  HBOND      =        0.0000
 1-4 VDW =        2.7140  1-4 EEL =       46.3502  RESTRAINT  =        0.4374
 EAMBER  =   -11099.3291


   NSTEP       ENERGY          RMS            GMAX         NAME    NUMBER
    240      -1.1157E+04     2.0749E+00     4.8109E+01     CH3         2

 BOND    =      768.0761  ANGLE   =        5.3388  DIHED      =       13.1871
 VDWAALS =     1652.2048  EEL     =   -13646.8860  HBOND      =        0.0000
 1-4 VDW =        3.1158  1-4 EEL =       46.9968  RESTRAINT  =        0.6820
 EAMBER  =   -11157.9667


   NSTEP       ENERGY          RMS            GMAX         NAME    NUMBER
    260      -1.1208E+04     8.9472E-01     1.8153E+01     N          17

 BOND    =      769.7134  ANGLE   =        2.3701  DIHED      =       13.1290
 VDWAALS =     1688.6995  EEL     =   -13731.9804  HBOND      =        0.0000
 1-4 VDW =        3.0712  1-4 EEL =       46.7777  RESTRAINT  =        0.2980
 EAMBER  =   -11208.2194


   NSTEP       ENERGY          RMS            GMAX         NAME    NUMBER
    280      -1.1286E+04     1.9311E+00     4.7897E+01     C          15

 BOND    =      809.2930  ANGLE   =        5.7919  DIHED      =       13.0736
 VDWAALS =     1811.2868  EEL     =   -13977.7495  HBOND      =        0.0000
 1-4 VDW =        4.2942  1-4 EEL =       47.5754  RESTRAINT  =        0.3760
 EAMBER  =   -11286.4345


   NSTEP       ENERGY          RMS            GMAX         NAME    NUMBER
    300      -1.1342E+04     5.9675E-01     1.9853E+01     C           5

 BOND    =      805.9340  ANGLE   =        2.8208  DIHED      =       12.7741
 VDWAALS =     1833.4537  EEL     =   -14047.1109  HBOND      =        0.0000
 1-4 VDW =        3.1613  1-4 EEL =       47.1597  RESTRAINT  =        0.1702
 EAMBER  =   -11341.8073


   NSTEP       ENERGY          RMS            GMAX         NAME    NUMBER
    320      -1.1374E+04     1.3300E+00     2.6751E+01     CH3        19

 BOND    =      823.6096  ANGLE   =        2.3516  DIHED      =       12.8829
 VDWAALS =     1867.0064  EEL     =   -14130.2496  HBOND      =        0.0000
 1-4 VDW =        3.0934  1-4 EEL =       47.3568  RESTRAINT  =        0.2174
 EAMBER  =   -11373.9488


   NSTEP       ENERGY          RMS            GMAX         NAME    NUMBER
    340      -1.1428E+04     8.6047E-01     1.9598E+01     N           7

 BOND    =      823.4456  ANGLE   =        2.9105  DIHED      =       12.4823
 VDWAALS =     1918.2977  EEL     =   -14234.5470  HBOND      =        0.0000
 1-4 VDW =        2.9597  1-4 EEL =       46.4919  RESTRAINT  =        0.3135
 EAMBER  =   -11427.9594


   NSTEP       ENERGY          RMS            GMAX         NAME    NUMBER
    360      -1.1444E+04     4.3425E-01     1.3184E+01     C          15

 BOND    =      829.5761  ANGLE   =        2.5277  DIHED      =       12.5263
 VDWAALS =     1929.8958  EEL     =   -14267.8955  HBOND      =        0.0000
 1-4 VDW =        2.9529  1-4 EEL =       46.5102  RESTRAINT  =        0.2135
 EAMBER  =   -11443.9065


   NSTEP       ENERGY          RMS            GMAX         NAME    NUMBER
    380      -1.1482E+04     1.1247E+00     4.0339E+01     CH3        19

 BOND    =      843.9801  ANGLE   =        4.7333  DIHED      =       12.5438
 VDWAALS =     1982.6144  EEL     =   -14376.7617  HBOND      =        0.0000
 1-4 VDW =        3.5550  1-4 EEL =       47.0445  RESTRAINT  =        0.3109
 EAMBER  =   -11482.2907


   NSTEP       ENERGY          RMS            GMAX         NAME    NUMBER
    400      -1.1510E+04     7.9074E-01     2.4624E+01     C           5

 BOND    =      841.0183  ANGLE   =        2.7823  DIHED      =       12.6974
 VDWAALS =     1998.9637  EEL     =   -14415.2886  HBOND      =        0.0000
 1-4 VDW =        2.9394  1-4 EEL =       46.6986  RESTRAINT  =        0.1318
 EAMBER  =   -11510.1889


   NSTEP       ENERGY          RMS            GMAX         NAME    NUMBER
    420      -1.1523E+04     6.2082E-01     1.3870E+01     CH3        19

 BOND    =      847.8147  ANGLE   =        2.2719  DIHED      =       12.4861
 VDWAALS =     2001.9085  EEL     =   -14437.3813  HBOND      =        0.0000
 1-4 VDW =        2.9476  1-4 EEL =       46.5499  RESTRAINT  =        0.1277
 EAMBER  =   -11523.4026


   NSTEP       ENERGY          RMS            GMAX         NAME    NUMBER
    440      -1.1543E+04     3.8553E-01     1.2093E+01     C           5

 BOND    =      847.4823  ANGLE   =        2.9144  DIHED      =       12.4039
 VDWAALS =     2017.4720  EEL     =   -14472.5101  HBOND      =        0.0000
 1-4 VDW =        2.8462  1-4 EEL =       46.3979  RESTRAINT  =        0.3165
 EAMBER  =   -11542.9933


   NSTEP       ENERGY          RMS            GMAX         NAME    NUMBER
    460      -1.1558E+04     4.7664E-01     1.1112E+01     C          15

 BOND    =      852.3699  ANGLE   =        2.9057  DIHED      =       12.3523
 VDWAALS =     2032.7913  EEL     =   -14507.5737  HBOND      =        0.0000
 1-4 VDW =        2.9104  1-4 EEL =       46.1838  RESTRAINT  =        0.1892
 EAMBER  =   -11558.0603


   NSTEP       ENERGY          RMS            GMAX         NAME    NUMBER
    480      -1.1574E+04     3.9598E-01     9.1477E+00     HH32       21

 BOND    =      852.6169  ANGLE   =        2.7985  DIHED      =       12.3479
 VDWAALS =     2042.7131  EEL     =   -14534.6932  HBOND      =        0.0000
 1-4 VDW =        3.1996  1-4 EEL =       46.5846  RESTRAINT  =        0.1041
 EAMBER  =   -11574.4326


   NSTEP       ENERGY          RMS            GMAX         NAME    NUMBER
    500      -1.1593E+04     6.4325E-01     1.7943E+01     HH33       22

 BOND    =      857.5337  ANGLE   =        2.8468  DIHED      =       12.7727
 VDWAALS =     2064.1984  EEL     =   -14580.0144  HBOND      =        0.0000
 1-4 VDW =        2.8961  1-4 EEL =       46.8302  RESTRAINT  =        0.2068
 EAMBER  =   -11592.9365


   NSTEP       ENERGY          RMS            GMAX         NAME    NUMBER
    520      -1.1606E+04     5.8992E-01     1.0166E+01     N          17

 BOND    =      860.8308  ANGLE   =        2.2261  DIHED      =       12.3413
 VDWAALS =     2065.8264  EEL     =   -14596.6441  HBOND      =        0.0000
 1-4 VDW =        3.0192  1-4 EEL =       46.4357  RESTRAINT  =        0.1031
 EAMBER  =   -11605.9647


   NSTEP       ENERGY          RMS            GMAX         NAME    NUMBER
    540      -1.1619E+04     4.5455E-01     1.3337E+01     C           5

 BOND    =      859.5713  ANGLE   =        3.0401  DIHED      =       12.4158
 VDWAALS =     2077.9616  EEL     =   -14621.2442  HBOND      =        0.0000
 1-4 VDW =        2.7918  1-4 EEL =       46.3788  RESTRAINT  =        0.3136
 EAMBER  =   -11619.0847


   NSTEP       ENERGY          RMS            GMAX         NAME    NUMBER
    560      -1.1633E+04     5.3245E-01     1.4924E+01     N          17

 BOND    =      865.3028  ANGLE   =        2.9970  DIHED      =       12.3446
 VDWAALS =     2094.5331  EEL     =   -14657.6144  HBOND      =        0.0000
 1-4 VDW =        2.8624  1-4 EEL =       46.1256  RESTRAINT  =        0.2023
 EAMBER  =   -11633.4489


   NSTEP       ENERGY          RMS            GMAX         NAME    NUMBER
    580      -1.1645E+04     2.8988E-01     7.0636E+00     HH32       21

 BOND    =      866.5213  ANGLE   =        2.6720  DIHED      =       12.2970
 VDWAALS =     2100.4660  EEL     =   -14677.0505  HBOND      =        0.0000
 1-4 VDW =        3.0838  1-4 EEL =       46.4666  RESTRAINT  =        0.0877
 EAMBER  =   -11645.5439


   NSTEP       ENERGY          RMS            GMAX         NAME    NUMBER
    600      -1.1661E+04     5.9807E-01     1.6703E+01     C          15

 BOND    =      870.6880  ANGLE   =        2.5211  DIHED      =       12.5358
 VDWAALS =     2124.7142  EEL     =   -14720.9771  HBOND      =        0.0000
 1-4 VDW =        2.9041  1-4 EEL =       46.7007  RESTRAINT  =        0.1498
 EAMBER  =   -11660.9131


   NSTEP       ENERGY          RMS            GMAX         NAME    NUMBER
    620      -1.1671E+04     4.5447E-01     1.0257E+01     C           5

 BOND    =      869.3495  ANGLE   =        2.1667  DIHED      =       12.4184
 VDWAALS =     2123.0360  EEL     =   -14727.4091  HBOND      =        0.0000
 1-4 VDW =        2.9070  1-4 EEL =       46.5511  RESTRAINT  =        0.1078
 EAMBER  =   -11670.9804


   NSTEP       ENERGY          RMS            GMAX         NAME    NUMBER
    640      -1.1678E+04     3.2147E-01     8.6790E+00     HH33       22

 BOND    =      872.3913  ANGLE   =        2.7224  DIHED      =       12.3207
 VDWAALS =     2130.2963  EEL     =   -14745.5065  HBOND      =        0.0000
 1-4 VDW =        2.8736  1-4 EEL =       46.2691  RESTRAINT  =        0.2373
 EAMBER  =   -11678.6331


   NSTEP       ENERGY          RMS            GMAX         NAME    NUMBER
    660      -1.1691E+04     5.6624E-01     2.0057E+01     C          15

 BOND    =      876.1988  ANGLE   =        2.8654  DIHED      =       12.3140
 VDWAALS =     2145.2850  EEL     =   -14776.6725  HBOND      =        0.0000
 1-4 VDW =        2.8879  1-4 EEL =       46.0818  RESTRAINT  =        0.2084
 EAMBER  =   -11691.0397


   NSTEP       ENERGY          RMS            GMAX         NAME    NUMBER
    680      -1.1698E+04     3.3890E-01     1.3884E+01     C           5

 BOND    =      875.8721  ANGLE   =        2.6424  DIHED      =       12.3240
 VDWAALS =     2147.2774  EEL     =   -14786.0343  HBOND      =        0.0000
 1-4 VDW =        3.0003  1-4 EEL =       46.4887  RESTRAINT  =        0.0985
 EAMBER  =   -11698.4294


   NSTEP       ENERGY          RMS            GMAX         NAME    NUMBER
    700      -1.1709E+04     5.8486E-01     1.6432E+01     C          15

 BOND    =      877.2250  ANGLE   =        2.2806  DIHED      =       12.5399
 VDWAALS =     2164.8443  EEL     =   -14815.2865  HBOND      =        0.0000
 1-4 VDW =        2.8973  1-4 EEL =       46.7396  RESTRAINT  =        0.1437
 EAMBER  =   -11708.7598


   NSTEP       ENERGY          RMS            GMAX         NAME    NUMBER
    720      -1.1717E+04     3.3022E-01     1.0164E+01     C           5

 BOND    =      884.7664  ANGLE   =        2.1828  DIHED      =       12.4419
 VDWAALS =     2162.2023  EEL     =   -14827.8271  HBOND      =        0.0000
 1-4 VDW =        2.8903  1-4 EEL =       46.5402  RESTRAINT  =        0.1068
 EAMBER  =   -11716.8032


   NSTEP       ENERGY          RMS            GMAX         NAME    NUMBER
    740      -1.1722E+04     2.6560E-01     8.0485E+00     HH33       22

 BOND    =      878.8026  ANGLE   =        2.6555  DIHED      =       12.3640
 VDWAALS =     2166.3174  EEL     =   -14831.0528  HBOND      =        0.0000
 1-4 VDW =        2.8486  1-4 EEL =       46.3321  RESTRAINT  =        0.2042
 EAMBER  =   -11721.7326


   NSTEP       ENERGY          RMS            GMAX         NAME    NUMBER
    760      -1.1734E+04     6.1753E-01     1.7168E+01     C          15

 BOND    =      888.4268  ANGLE   =        2.8409  DIHED      =       12.3306
 VDWAALS =     2180.0808  EEL     =   -14866.7409  HBOND      =        0.0000
 1-4 VDW =        2.8549  1-4 EEL =       46.1925  RESTRAINT  =        0.1956
 EAMBER  =   -11734.0143


   NSTEP       ENERGY          RMS            GMAX         NAME    NUMBER
    780      -1.1741E+04     3.9218E-01     1.0338E+01     C           5

 BOND    =      883.6971  ANGLE   =        2.6514  DIHED      =       12.3554
 VDWAALS =     2180.1483  EEL     =   -14869.2866  HBOND      =        0.0000
 1-4 VDW =        3.0098  1-4 EEL =       46.4953  RESTRAINT  =        0.1073
 EAMBER  =   -11740.9293


   NSTEP       ENERGY          RMS            GMAX         NAME    NUMBER
    800      -1.1750E+04     8.3906E-01     2.3476E+01     C           5

 BOND    =      884.9580  ANGLE   =        2.2739  DIHED      =       12.5451
 VDWAALS =     2197.2213  EEL     =   -14897.0936  HBOND      =        0.0000
 1-4 VDW =        2.9055  1-4 EEL =       46.7794  RESTRAINT  =        0.1556
 EAMBER  =   -11750.4105


   NSTEP       ENERGY          RMS            GMAX         NAME    NUMBER
    820      -1.1759E+04     2.4161E-01     7.8877E+00     CH3        19

 BOND    =      889.6759  ANGLE   =        2.2526  DIHED      =       12.4627
 VDWAALS =     2194.6015  EEL     =   -14907.1263  HBOND      =        0.0000
 1-4 VDW =        2.8638  1-4 EEL =       46.5576  RESTRAINT  =        0.1093
 EAMBER  =   -11758.7122


   NSTEP       ENERGY          RMS            GMAX         NAME    NUMBER
    840      -1.1762E+04     2.3008E-01     6.4921E+00     HH33       22

 BOND    =      886.8473  ANGLE   =        2.5836  DIHED      =       12.4114
 VDWAALS =     2198.7544  EEL     =   -14912.4708  HBOND      =        0.0000
 1-4 VDW =        2.8437  1-4 EEL =       46.3671  RESTRAINT  =        0.1674
 EAMBER  =   -11762.6633


   NSTEP       ENERGY          RMS            GMAX         NAME    NUMBER
    860      -1.1770E+04     4.6598E-01     1.0644E+01     N          17

 BOND    =      894.5915  ANGLE   =        2.8069  DIHED      =       12.3889
 VDWAALS =     2210.1184  EEL     =   -14939.3279  HBOND      =        0.0000
 1-4 VDW =        2.8592  1-4 EEL =       46.2525  RESTRAINT  =        0.1608
 EAMBER  =   -11770.3104


   NSTEP       ENERGY          RMS            GMAX         NAME    NUMBER
    880      -1.1775E+04     3.5371E-01     1.1951E+01     CH3        19

 BOND    =      892.8005  ANGLE   =        2.2677  DIHED      =       12.4506
 VDWAALS =     2211.2332  EEL     =   -14943.1503  HBOND      =        0.0000
 1-4 VDW =        3.0039  1-4 EEL =       46.5992  RESTRAINT  =        0.0960
 EAMBER  =   -11774.7951


   NSTEP       ENERGY          RMS            GMAX         NAME    NUMBER
    900      -1.1781E+04     5.0123E-01     1.4169E+01     CH3        19

 BOND    =      891.4454  ANGLE   =        2.4078  DIHED      =       12.5670
 VDWAALS =     2222.9236  EEL     =   -14960.3020  HBOND      =        0.0000
 1-4 VDW =        2.8978  1-4 EEL =       46.7958  RESTRAINT  =        0.1074
 EAMBER  =   -11781.2644


   NSTEP       ENERGY          RMS            GMAX         NAME    NUMBER
    920      -1.1786E+04     2.2162E-01     6.2491E+00     C          15

 BOND    =      896.1758  ANGLE   =        2.2392  DIHED      =       12.5306
 VDWAALS =     2221.2194  EEL     =   -14968.1349  HBOND      =        0.0000
 1-4 VDW =        2.8901  1-4 EEL =       46.6501  RESTRAINT  =        0.1035
 EAMBER  =   -11786.4297


   NSTEP       ENERGY          RMS            GMAX         NAME    NUMBER
    940      -1.1789E+04     2.0304E-01     5.3933E+00     HH33       22

 BOND    =      893.0915  ANGLE   =        2.5468  DIHED      =       12.4809
 VDWAALS =     2223.6464  EEL     =   -14970.5078  HBOND      =        0.0000
 1-4 VDW =        2.8452  1-4 EEL =       46.4440  RESTRAINT  =        0.1576
 EAMBER  =   -11789.4531


   NSTEP       ENERGY          RMS            GMAX         NAME    NUMBER
    960      -1.1796E+04     4.2629E-01     1.3811E+01     N          17

 BOND    =      899.7696  ANGLE   =        2.8386  DIHED      =       12.4589
 VDWAALS =     2230.0157  EEL     =   -14990.0465  HBOND      =        0.0000
 1-4 VDW =        2.8449  1-4 EEL =       46.3636  RESTRAINT  =        0.1628
 EAMBER  =   -11795.7551


   NSTEP       ENERGY          RMS            GMAX         NAME    NUMBER
    980      -1.1799E+04     4.9325E-01     1.4805E+01     C          15

 BOND    =      897.9047  ANGLE   =        2.2417  DIHED      =       12.5052
 VDWAALS =     2229.9496  EEL     =   -14991.5619  HBOND      =        0.0000
 1-4 VDW =        3.0256  1-4 EEL =       46.6439  RESTRAINT  =        0.0993
 EAMBER  =   -11799.2911


   NSTEP       ENERGY          RMS            GMAX         NAME    NUMBER
   1000      -1.1804E+04     4.0095E-01     1.1504E+01     C           5

 BOND    =      896.0127  ANGLE   =        2.3654  DIHED      =       12.5706
 VDWAALS =     2235.6524  EEL     =   -15000.5084  HBOND      =        0.0000
 1-4 VDW =        2.9557  1-4 EEL =       46.7869  RESTRAINT  =        0.1071
 EAMBER  =   -11804.1647


  Maximum number of minimization cycles reached.


                    FINAL RESULTS



   NSTEP       ENERGY          RMS            GMAX         NAME    NUMBER
   1000      -1.1804E+04     4.0095E-01     1.1504E+01     C           5

 BOND    =      896.0127  ANGLE   =        2.3654  DIHED      =       12.5706
 VDWAALS =     2235.6524  EEL     =   -15000.5084  HBOND      =        0.0000
 1-4 VDW =        2.9557  1-4 EEL =       46.7869  RESTRAINT  =        0.1071
 EAMBER  =   -11804.1647

--------------------------------------------------------------------------------
   5.  TIMINGS
--------------------------------------------------------------------------------

|                Build the list             0.07 (56.07% of List )
|                Other                      0.06 (43.93% of List )
|             List time                  0.13 ( 1.27% of Nonbo)
|                   Short_ene time             7.23 (96.97% of Direc)
|                   Other                      0.23 ( 3.03% of Direc)
|                Direct Ewald time          7.45 (71.92% of Ewald)
|                Adjust Ewald time          0.04 ( 0.35% of Ewald)
|                Self Ewald time            0.00 ( 0.02% of Ewald)
|                   Fill Bspline coeffs        0.17 ( 6.79% of Recip)
|                   Fill charge grid           0.15 ( 5.91% of Recip)
|                   Scalar sum                 0.62 (24.80% of Recip)
|                   Grad sum                   0.34 (13.64% of Recip)
|                      FFT back comm time         0.29 (24.67% of FFT t)
|                      Other                      0.88 (75.33% of FFT t)
|                   FFT time                   1.17 (47.02% of Recip)
|                   Other                      0.05 ( 1.85% of Recip)
|                Recip Ewald time           2.50 (24.10% of Ewald)
|                Force Adjust               0.31 ( 3.00% of Ewald)
|                Virial junk                0.06 ( 0.56% of Ewald)
|                Start synchronizatio       0.00 ( 0.01% of Ewald)
|                Other                      0.01 ( 0.05% of Ewald)
|             Ewald time                10.37 (98.72% of Nonbo)
|             Other                      0.00 ( 0.01% of Nonbo)
|          Nonbond force             10.50 (92.32% of Force)
|          Bond/Angle/Dihedral        0.04 ( 0.35% of Force)
|          FRC Collect time           0.22 ( 1.94% of Force)
|          Other                      0.61 ( 5.40% of Force)
|       Force time                11.37 (100.0% of Runmd)
|    Runmd Time                11.37 ( 4.73% of Total)
|    Other                    229.07 (95.27% of Total)
| Total time               240.46 (100.0% of ALL  )

| Highest rstack allocated:      40018
| Highest istack allocated:        860
|           Job began  at 13:45:43.662  on 03/14/2017
|           Setup done at 13:45:43.772  on 03/14/2017
|           Run   done at 13:49:44.118  on 03/14/2017
|     wallclock() was called   44066 times
