
          -------------------------------------------------------
          Amber 16 SANDER                              2016
          -------------------------------------------------------

| Run on 03/14/2017 at 14:35:18

|   Executable path: sander.MPI
| Working directory: /home/steboss/projects/mdgx-tests/alanine/IPOLQ/input/PhiPsi_1/240/165
|          Hostname: node005

  [-O]verwriting output

File Assignments:
|  MDIN: min.in                                                                
| MDOUT: Conf165.min.out                                                       
|INPCRD: Conf165.crd                                                           
|  PARM: Conf165.top                                                           
|RESTRT: Conf165.min                                                           
|  REFC: Conf165.crd                                                           
| MDVEL: mdvel                                                                 
| MDFRC: mdfrc                                                                 
|  MDEN: mden                                                                  
| MDCRD: mdcrd                                                                 
|MDINFO: mdinfo                                                                
|  MTMD: mtmd                                                                  
|INPDIP: inpdip                                                                
|RSTDIP: rstdip                                                                
|INPTRA: inptraj                                                               

|    REMLOG: rem.log
|   REMTYPE: rem.type
|  REMSTRIP: 
|   SAVEENE: saveene
|CLUSTERINF: cluster.info
| RESERVOIR: reserv/frame
|   REMDDIM: 


 Here is the input file:

Initial minimization                                                           
 &cntrl                                                                        
  ntx    = 1,       irest  = 0,       ntrx   = 1,      ntxo   = 1,             
  ntpr   = 20,      ntwx   = 0,       ntwv   = 0,      ntwe   = 0,             
                                                                               
  ntf    = 1,       ntb    = 1,                                                
  ntc    = 1,       ntr    = 1,                                                
  restraintmask = ':1',                                                        
  restraint_wt = 100.0,                                                        
  cut    = 9.0,                                                                
                                                                               
  imin   = 1,                                                                  
  maxcyc = 1000,                                                               
  ncyc   = 100,                                                                
                                                                               
 &end                                                                          

--------------------------------------------------------------------------------
   1.  RESOURCE   USE: 
--------------------------------------------------------------------------------

| Flags: MPI                                                                    
 getting new box info from bottom of inpcrd
|  INFO: Old style inpcrd file read

| peek_ewald_inpcrd: Box info found
|Largest sphere to fit in unit cell has radius =    14.827
| New format PARM file being parsed.
| Version =    1.000 Date = 03/14/17 Time = 13:39:07
 NATOM  =    3076 NTYPES =       9 NBONH =    3066 MBONA  =       9
 NTHETH =      25 MTHETA =      11 NPHIH =      43 MPHIA  =      24
 NHPARM =       0 NPARM  =       0 NNB   =    4171 NRES   =    1021
 NBONA  =       9 NTHETA =      11 NPHIA =      24 NUMBND =      10
 NUMANG =      16 NPTRA  =      19 NATYP =       9 NPHB   =       1
 IFBOX  =       2 NMXRS  =      10 IFCAP =       0 NEXTRA =       0
 NCOPY  =       0


|     Memory Use     Allocated
|     Real              348444
|     Hollerith          10251
|     Integer            93104
|     Max Pairs         341178
|     nblistReal         36912
|     nblist Int        102112
|       Total             5145 kbytes

| Note: 1-4 EEL scale factors are being read from the topology file.

| Note: 1-4 VDW scale factors are being read from the topology file.
| Duplicated    0 dihedrals
| Duplicated    0 dihedrals

     BOX TYPE: TRUNCATED OCTAHEDRON

--------------------------------------------------------------------------------
   2.  CONTROL  DATA  FOR  THE  RUN
--------------------------------------------------------------------------------

default_name                                                                    

General flags:
     imin    =       1, nmropt  =       0

Nature and format of input:
     ntx     =       1, irest   =       0, ntrx    =       1

Nature and format of output:
     ntxo    =       1, ntpr    =      20, ntrx    =       1, ntwr    =       1
     iwrap   =       0, ntwx    =       0, ntwv    =       0, ntwe    =       0
     ioutfm  =       1, ntwprt  =       0, idecomp =       0, rbornstat=      0

Potential function:
     ntf     =       1, ntb     =       1, igb     =       0, nsnb    =      25
     ipol    =       0, gbsa    =       0, iesp    =       0
     dielc   =   1.00000, cut     =   9.00000, intdiel =   1.00000

Frozen or restrained atoms:
     ibelly  =       0, ntr     =       1
     restraint_wt = 100.00000

Energy minimization:
     maxcyc  =    1000, ncyc    =     100, ntmin   =       1
     dx0     =   0.01000, drms    =   0.00010

Ewald parameters:
     verbose =       0, ew_type =       0, nbflag  =       1, use_pme =       1
     vdwmeth =       1, eedmeth =       1, netfrc  =       0
     Box X =   36.318   Box Y =   36.318   Box Z =   36.318
     Alpha =  109.471   Beta  =  109.471   Gamma =  109.471
     NFFT1 =   36       NFFT2 =   36       NFFT3 =   36
     Cutoff=    9.000   Tol   =0.100E-04
     Ewald Coefficient =  0.30768
     Interpolation order =    4

| MPI Timing options:
|      profile_mpi =        0

    LOADING THE CONSTRAINED ATOMS AS GROUPS


   5.  REFERENCE ATOM COORDINATES

  defa
     Mask :1; matches     6 atoms

--------------------------------------------------------------------------------
   3.  ATOMIC COORDINATES AND VELOCITIES
--------------------------------------------------------------------------------

default_name                                                                    
 begin time read from input coords =     0.000 ps

 Number of triangulated 3-point waters found:     1018
|  Atom division among processors:
|         0     385     769    1153    1537    1921    2305    2689
|      3076

     Sum of charges from parm topology file =  -0.00000000
     Forcing neutrality...
|  Running AMBER/MPI version on    8 nodes


--------------------------------------------------------------------------------
   4.  RESULTS
--------------------------------------------------------------------------------

 ---------------------------------------------------
 APPROXIMATING switch and d/dx switch using CUBIC SPLINE INTERPOLATION
 using   5000.0 points per unit in tabled values
 TESTING RELATIVE ERROR over r ranging from 0.0 to cutoff
| CHECK switch(x): max rel err =   0.2738E-14   at   2.422500
| CHECK d/dx switch(x): max rel err =   0.8314E-11   at   2.736960
 ---------------------------------------------------
| Local SIZE OF NONBOND LIST =      97980
| TOTAL SIZE OF NONBOND LIST =     714748


   NSTEP       ENERGY          RMS            GMAX         NAME    NUMBER
      1      -6.8846E+03     1.6103E+02     7.3604E+03     O        2390

 BOND    =        0.4116  ANGLE   =        0.7683  DIHED      =        8.9450
 VDWAALS =     2617.0186  EEL     =    -9561.5954  HBOND      =        0.0000
 1-4 VDW =        2.8409  1-4 EEL =       46.9639  RESTRAINT  =        0.0000


   NSTEP       ENERGY          RMS            GMAX         NAME    NUMBER
     20      -9.3002E+03     2.9983E+00     2.3703E+01     O        2204

 BOND    =      481.5413  ANGLE   =        0.7335  DIHED      =        8.9390
 VDWAALS =      929.6678  EEL     =   -10770.8407  HBOND      =        0.0000
 1-4 VDW =        2.8217  1-4 EEL =       46.9160  RESTRAINT  =        0.0111
 EAMBER  =    -9300.2214


   NSTEP       ENERGY          RMS            GMAX         NAME    NUMBER
     40      -1.0113E+04     1.5330E+00     1.7664E+01     H1       2391

 BOND    =      553.9281  ANGLE   =        0.7499  DIHED      =        8.9347
 VDWAALS =      948.0834  EEL     =   -11674.6535  HBOND      =        0.0000
 1-4 VDW =        2.7866  1-4 EEL =       46.8018  RESTRAINT  =        0.0239
 EAMBER  =   -10113.3690


   NSTEP       ENERGY          RMS            GMAX         NAME    NUMBER
     60      -1.0353E+04     3.4343E+00     1.5218E+02     H2       2392

 BOND    =      578.2884  ANGLE   =        0.7677  DIHED      =        8.9273
 VDWAALS =      983.3287  EEL     =   -11973.4851  HBOND      =        0.0000
 1-4 VDW =        2.7667  1-4 EEL =       46.7497  RESTRAINT  =        0.0238
 EAMBER  =   -10352.6565


   NSTEP       ENERGY          RMS            GMAX         NAME    NUMBER
     80      -1.0521E+04     1.1416E+00     3.0410E+01     H2       2392

 BOND    =      604.7700  ANGLE   =        0.7765  DIHED      =        8.9213
 VDWAALS =     1017.5005  EEL     =   -12202.7770  HBOND      =        0.0000
 1-4 VDW =        2.7559  1-4 EEL =       46.7141  RESTRAINT  =        0.0241
 EAMBER  =   -10521.3386


   NSTEP       ENERGY          RMS            GMAX         NAME    NUMBER
    100      -1.0640E+04     9.3820E-01     1.8569E+01     H2       2392

 BOND    =      617.5694  ANGLE   =        0.7872  DIHED      =        8.9160
 VDWAALS =     1053.8194  EEL     =   -12370.3728  HBOND      =        0.0000
 1-4 VDW =        2.7443  1-4 EEL =       46.6815  RESTRAINT  =        0.0248
 EAMBER  =   -10639.8549


   NSTEP       ENERGY          RMS            GMAX         NAME    NUMBER
    120      -1.1172E+04     3.1430E+00     5.1052E+01     H1       1287

 BOND    =      767.1818  ANGLE   =        0.8718  DIHED      =        8.8811
 VDWAALS =     1484.7724  EEL     =   -13483.3147  HBOND      =        0.0000
 1-4 VDW =        2.6593  1-4 EEL =       46.4333  RESTRAINT  =        0.0339
 EAMBER  =   -11172.5150


   NSTEP       ENERGY          RMS            GMAX         NAME    NUMBER
    140      -1.1326E+04     1.3922E+00     2.1026E+01     H2        565

 BOND    =      746.2492  ANGLE   =        0.8703  DIHED      =        8.8731
 VDWAALS =     1550.3577  EEL     =   -13681.1615  HBOND      =        0.0000
 1-4 VDW =        2.6747  1-4 EEL =       46.4415  RESTRAINT  =        0.0283
 EAMBER  =   -11325.6949


   NSTEP       ENERGY          RMS            GMAX         NAME    NUMBER
    160      -1.1459E+04     1.9859E+00     2.6628E+01     O        2039

 BOND    =      740.9041  ANGLE   =        0.8612  DIHED      =        8.8553
 VDWAALS =     1560.5708  EEL     =   -13819.5778  HBOND      =        0.0000
 1-4 VDW =        2.7077  1-4 EEL =       46.4717  RESTRAINT  =        0.0267
 EAMBER  =   -11459.2070


   NSTEP       ENERGY          RMS            GMAX         NAME    NUMBER
    180      -1.1588E+04     1.7408E+00     3.1945E+01     O        3002

 BOND    =      812.8553  ANGLE   =        1.1275  DIHED      =        8.9997
 VDWAALS =     1691.2550  EEL     =   -14151.0914  HBOND      =        0.0000
 1-4 VDW =        2.7027  1-4 EEL =       46.3717  RESTRAINT  =        0.0940
 EAMBER  =   -11587.7794


   NSTEP       ENERGY          RMS            GMAX         NAME    NUMBER
    200      -1.1694E+04     1.3425E+00     2.2007E+01     CH3         2

 BOND    =      807.7054  ANGLE   =        1.1896  DIHED      =        8.9072
 VDWAALS =     1766.9697  EEL     =   -14327.9402  HBOND      =        0.0000
 1-4 VDW =        2.7127  1-4 EEL =       46.2819  RESTRAINT  =        0.1535
 EAMBER  =   -11694.1737


   NSTEP       ENERGY          RMS            GMAX         NAME    NUMBER
    220      -1.1759E+04     1.1847E+00     2.2960E+01     CH3         2

 BOND    =      805.0642  ANGLE   =        1.5607  DIHED      =        9.0783
 VDWAALS =     1804.6709  EEL     =   -14428.8838  HBOND      =        0.0000
 1-4 VDW =        2.6838  1-4 EEL =       46.0598  RESTRAINT  =        0.3124
 EAMBER  =   -11759.7662


   NSTEP       ENERGY          RMS            GMAX         NAME    NUMBER
    240      -1.1810E+04     1.4486E+00     3.5032E+01     C           5

 BOND    =      837.4764  ANGLE   =        1.3187  DIHED      =        8.9155
 VDWAALS =     1845.8255  EEL     =   -14552.5629  HBOND      =        0.0000
 1-4 VDW =        2.6913  1-4 EEL =       46.5223  RESTRAINT  =        0.1205
 EAMBER  =   -11809.8132


   NSTEP       ENERGY          RMS            GMAX         NAME    NUMBER
    260      -1.1858E+04     1.1324E+00     1.9314E+01     CH3         2

 BOND    =      825.3978  ANGLE   =        1.2544  DIHED      =        9.3744
 VDWAALS =     1887.0162  EEL     =   -14630.6544  HBOND      =        0.0000
 1-4 VDW =        2.6953  1-4 EEL =       46.7129  RESTRAINT  =        0.2860
 EAMBER  =   -11858.2034


   NSTEP       ENERGY          RMS            GMAX         NAME    NUMBER
    280      -1.1891E+04     5.1232E-01     9.9906E+00     C          15

 BOND    =      842.3018  ANGLE   =        0.9728  DIHED      =        9.0097
 VDWAALS =     1926.6064  EEL     =   -14719.4605  HBOND      =        0.0000
 1-4 VDW =        2.7256  1-4 EEL =       46.4279  RESTRAINT  =        0.0724
 EAMBER  =   -11891.4162


   NSTEP       ENERGY          RMS            GMAX         NAME    NUMBER
    300      -1.1937E+04     7.5449E-01     1.1978E+01     CA          9

 BOND    =      858.4668  ANGLE   =        1.6069  DIHED      =        8.8375
 VDWAALS =     1957.5835  EEL     =   -14812.9001  HBOND      =        0.0000
 1-4 VDW =        2.7023  1-4 EEL =       46.1000  RESTRAINT  =        0.2134
 EAMBER  =   -11937.6031


   NSTEP       ENERGY          RMS            GMAX         NAME    NUMBER
    320      -1.1970E+04     1.0959E+00     2.5501E+01     N          17

 BOND    =      856.4100  ANGLE   =        1.5012  DIHED      =        9.3680
 VDWAALS =     1986.2452  EEL     =   -14872.8228  HBOND      =        0.0000
 1-4 VDW =        2.7582  1-4 EEL =       45.9119  RESTRAINT  =        0.3372
 EAMBER  =   -11970.6282


   NSTEP       ENERGY          RMS            GMAX         NAME    NUMBER
    340      -1.2012E+04     6.2158E-01     2.1267E+01     C          15

 BOND    =      862.3348  ANGLE   =        1.0528  DIHED      =        9.0171
 VDWAALS =     2007.2372  EEL     =   -14941.3395  HBOND      =        0.0000
 1-4 VDW =        2.7595  1-4 EEL =       46.4070  RESTRAINT  =        0.2316
 EAMBER  =   -12012.5310


   NSTEP       ENERGY          RMS            GMAX         NAME    NUMBER
    360      -1.2036E+04     6.1827E-01     1.2812E+01     C           5

 BOND    =      858.3566  ANGLE   =        1.0064  DIHED      =        8.9633
 VDWAALS =     2021.1516  EEL     =   -14974.8936  HBOND      =        0.0000
 1-4 VDW =        2.6958  1-4 EEL =       46.3827  RESTRAINT  =        0.0772
 EAMBER  =   -12036.3372


   NSTEP       ENERGY          RMS            GMAX         NAME    NUMBER
    380      -1.2085E+04     7.0657E-01     1.5989E+01     C          15

 BOND    =      883.7884  ANGLE   =        1.5215  DIHED      =        9.0050
 VDWAALS =     2092.5842  EEL     =   -15120.9361  HBOND      =        0.0000
 1-4 VDW =        2.7293  1-4 EEL =       46.3145  RESTRAINT  =        0.2666
 EAMBER  =   -12084.9931


   NSTEP       ENERGY          RMS            GMAX         NAME    NUMBER
    400      -1.2124E+04     6.0137E-01     1.6100E+01     C           5

 BOND    =      891.3462  ANGLE   =        1.5807  DIHED      =        8.8217
 VDWAALS =     2090.0131  EEL     =   -15164.8408  HBOND      =        0.0000
 1-4 VDW =        2.6199  1-4 EEL =       46.2267  RESTRAINT  =        0.1772
 EAMBER  =   -12124.2325


   NSTEP       ENERGY          RMS            GMAX         NAME    NUMBER
    420      -1.2164E+04     2.0560E+00     5.2250E+01     CA          9

 BOND    =      890.3506  ANGLE   =        3.5853  DIHED      =       13.1886
 VDWAALS =     2143.7340  EEL     =   -15263.8969  HBOND      =        0.0000
 1-4 VDW =        2.7583  1-4 EEL =       45.6777  RESTRAINT  =        0.5743
 EAMBER  =   -12164.6026


   NSTEP       ENERGY          RMS            GMAX         NAME    NUMBER
    440      -1.2218E+04     8.5936E-01     2.2757E+01     O         932

 BOND    =      895.2858  ANGLE   =        1.1420  DIHED      =        8.8820
 VDWAALS =     2173.8746  EEL     =   -15345.8605  HBOND      =        0.0000
 1-4 VDW =        2.7061  1-4 EEL =       46.2388  RESTRAINT  =        0.0875
 EAMBER  =   -12217.7312


   NSTEP       ENERGY          RMS            GMAX         NAME    NUMBER
    460      -1.2232E+04     4.3929E-01     1.1261E+01     C          15

 BOND    =      898.8439  ANGLE   =        0.9572  DIHED      =        9.0300
 VDWAALS =     2180.1543  EEL     =   -15370.4030  HBOND      =        0.0000
 1-4 VDW =        2.7055  1-4 EEL =       46.3223  RESTRAINT  =        0.1038
 EAMBER  =   -12232.3897


   NSTEP       ENERGY          RMS            GMAX         NAME    NUMBER
    480      -1.2264E+04     5.4836E-01     1.0479E+01     CH3         2

 BOND    =      907.9897  ANGLE   =        1.4310  DIHED      =        8.7640
 VDWAALS =     2208.5314  EEL     =   -15439.9538  HBOND      =        0.0000
 1-4 VDW =        2.6472  1-4 EEL =       46.4258  RESTRAINT  =        0.1231
 EAMBER  =   -12264.1645


   NSTEP       ENERGY          RMS            GMAX         NAME    NUMBER
    500      -1.2288E+04     5.6775E-01     1.4964E+01     C          15

 BOND    =      911.3316  ANGLE   =        1.6108  DIHED      =        8.8345
 VDWAALS =     2215.8706  EEL     =   -15474.3217  HBOND      =        0.0000
 1-4 VDW =        2.7673  1-4 EEL =       46.0393  RESTRAINT  =        0.0975
 EAMBER  =   -12287.8676


   NSTEP       ENERGY          RMS            GMAX         NAME    NUMBER
    520      -1.2299E+04     9.7753E-01     2.4644E+01     N          17

 BOND    =      912.5920  ANGLE   =        1.7877  DIHED      =        8.7959
 VDWAALS =     2226.5161  EEL     =   -15498.1868  HBOND      =        0.0000
 1-4 VDW =        2.8281  1-4 EEL =       46.3670  RESTRAINT  =        0.0777
 EAMBER  =   -12299.2999


   NSTEP       ENERGY          RMS            GMAX         NAME    NUMBER
    540      -1.2330E+04     5.8953E-01     1.1258E+01     C          15

 BOND    =      920.0185  ANGLE   =        1.0070  DIHED      =        8.7889
 VDWAALS =     2249.9564  EEL     =   -15558.9725  HBOND      =        0.0000
 1-4 VDW =        2.7536  1-4 EEL =       46.3841  RESTRAINT  =        0.0841
 EAMBER  =   -12330.0640


   NSTEP       ENERGY          RMS            GMAX         NAME    NUMBER
    560      -1.2337E+04     3.1160E-01     5.4931E+00     H          18

 BOND    =      917.7948  ANGLE   =        0.8882  DIHED      =        8.7969
 VDWAALS =     2254.7859  EEL     =   -15568.3996  HBOND      =        0.0000
 1-4 VDW =        2.7692  1-4 EEL =       46.3375  RESTRAINT  =        0.0787
 EAMBER  =   -12337.0271


   NSTEP       ENERGY          RMS            GMAX         NAME    NUMBER
    580      -1.2366E+04     4.4128E-01     1.1484E+01     O         176

 BOND    =      928.7321  ANGLE   =        0.9991  DIHED      =        8.8705
 VDWAALS =     2298.4712  EEL     =   -15652.0107  HBOND      =        0.0000
 1-4 VDW =        2.6550  1-4 EEL =       46.2329  RESTRAINT  =        0.1113
 EAMBER  =   -12366.0498


   NSTEP       ENERGY          RMS            GMAX         NAME    NUMBER
    600      -1.2381E+04     3.2900E-01     9.5607E+00     CH3         2

 BOND    =      931.5366  ANGLE   =        1.0056  DIHED      =        8.8053
 VDWAALS =     2298.9104  EEL     =   -15669.7207  HBOND      =        0.0000
 1-4 VDW =        2.6651  1-4 EEL =       46.0444  RESTRAINT  =        0.1153
 EAMBER  =   -12380.7533


   NSTEP       ENERGY          RMS            GMAX         NAME    NUMBER
    620      -1.2390E+04     1.0176E+00     2.8180E+01     C          15

 BOND    =      929.6554  ANGLE   =        1.5026  DIHED      =        8.8104
 VDWAALS =     2307.5060  EEL     =   -15686.3859  HBOND      =        0.0000
 1-4 VDW =        2.6030  1-4 EEL =       45.8636  RESTRAINT  =        0.2257
 EAMBER  =   -12390.4447


   NSTEP       ENERGY          RMS            GMAX         NAME    NUMBER
    640      -1.2419E+04     4.6830E-01     1.5627E+01     C          15

 BOND    =      939.1303  ANGLE   =        0.9482  DIHED      =        8.8247
 VDWAALS =     2331.5095  EEL     =   -15748.8196  HBOND      =        0.0000
 1-4 VDW =        2.6945  1-4 EEL =       46.1726  RESTRAINT  =        0.1466
 EAMBER  =   -12419.5399


   NSTEP       ENERGY          RMS            GMAX         NAME    NUMBER
    660      -1.2425E+04     2.9997E-01     5.7032E+00     CH3         2

 BOND    =      936.4778  ANGLE   =        0.8749  DIHED      =        8.7971
 VDWAALS =     2336.3518  EEL     =   -15756.2710  HBOND      =        0.0000
 1-4 VDW =        2.7010  1-4 EEL =       46.1286  RESTRAINT  =        0.1015
 EAMBER  =   -12424.9399


   NSTEP       ENERGY          RMS            GMAX         NAME    NUMBER
    680      -1.2439E+04     3.8752E-01     6.8871E+00     HH31       20

 BOND    =      944.8975  ANGLE   =        1.3613  DIHED      =        8.9330
 VDWAALS =     2360.2196  EEL     =   -15803.3683  HBOND      =        0.0000
 1-4 VDW =        2.5685  1-4 EEL =       46.0813  RESTRAINT  =        0.2112
 EAMBER  =   -12439.3071


   NSTEP       ENERGY          RMS            GMAX         NAME    NUMBER
    700      -1.2449E+04     3.2411E-01     9.2885E+00     C          15

 BOND    =      947.6123  ANGLE   =        1.1814  DIHED      =        8.8454
 VDWAALS =     2365.1040  EEL     =   -15820.8602  HBOND      =        0.0000
 1-4 VDW =        2.6360  1-4 EEL =       45.9399  RESTRAINT  =        0.1349
 EAMBER  =   -12449.5411


   NSTEP       ENERGY          RMS            GMAX         NAME    NUMBER
    720      -1.2455E+04     4.5917E-01     1.3764E+01     N           7

 BOND    =      940.7678  ANGLE   =        0.8691  DIHED      =        8.7994
 VDWAALS =     2368.5574  EEL     =   -15822.7075  HBOND      =        0.0000
 1-4 VDW =        2.6961  1-4 EEL =       46.0716  RESTRAINT  =        0.1029
 EAMBER  =   -12454.9460


   NSTEP       ENERGY          RMS            GMAX         NAME    NUMBER
    740      -1.2464E+04     2.6787E-01     7.1310E+00     C          15

 BOND    =      949.4916  ANGLE   =        0.9581  DIHED      =        8.7431
 VDWAALS =     2375.9615  EEL     =   -15848.6913  HBOND      =        0.0000
 1-4 VDW =        2.7461  1-4 EEL =       46.2296  RESTRAINT  =        0.0750
 EAMBER  =   -12464.5612


   NSTEP       ENERGY          RMS            GMAX         NAME    NUMBER
    760      -1.2469E+04     3.1781E-01     1.0794E+01     O           6

 BOND    =      946.3721  ANGLE   =        0.9099  DIHED      =        8.8223
 VDWAALS =     2380.0735  EEL     =   -15853.8564  HBOND      =        0.0000
 1-4 VDW =        2.6949  1-4 EEL =       46.2438  RESTRAINT  =        0.1374
 EAMBER  =   -12468.7398


   NSTEP       ENERGY          RMS            GMAX         NAME    NUMBER
    780      -1.2478E+04     3.2422E-01     7.0532E+00     HH31       20

 BOND    =      951.6547  ANGLE   =        1.3842  DIHED      =        8.9045
 VDWAALS =     2389.4893  EEL     =   -15877.8109  HBOND      =        0.0000
 1-4 VDW =        2.5650  1-4 EEL =       46.0466  RESTRAINT  =        0.2035
 EAMBER  =   -12477.7665


   NSTEP       ENERGY          RMS            GMAX         NAME    NUMBER
    800      -1.2484E+04     3.6623E-01     1.0512E+01     CH3         2

 BOND    =      952.1217  ANGLE   =        0.9929  DIHED      =        8.8260
 VDWAALS =     2395.0166  EEL     =   -15889.9714  HBOND      =        0.0000
 1-4 VDW =        2.6366  1-4 EEL =       45.9290  RESTRAINT  =        0.1280
 EAMBER  =   -12484.4486


   NSTEP       ENERGY          RMS            GMAX         NAME    NUMBER
    820      -1.2489E+04     4.0763E-01     9.3462E+00     N          17

 BOND    =      947.0362  ANGLE   =        0.8814  DIHED      =        8.7942
 VDWAALS =     2397.5763  EEL     =   -15891.8561  HBOND      =        0.0000
 1-4 VDW =        2.6345  1-4 EEL =       46.0213  RESTRAINT  =        0.1105
 EAMBER  =   -12488.9120


   NSTEP       ENERGY          RMS            GMAX         NAME    NUMBER
    840      -1.2496E+04     2.1903E-01     5.9186E+00     CB         11

 BOND    =      953.9866  ANGLE   =        0.9101  DIHED      =        8.7354
 VDWAALS =     2403.8104  EEL     =   -15912.8615  HBOND      =        0.0000
 1-4 VDW =        2.7433  1-4 EEL =       46.1749  RESTRAINT  =        0.0771
 EAMBER  =   -12496.5007


   NSTEP       ENERGY          RMS            GMAX         NAME    NUMBER
    860      -1.2500E+04     3.1945E-01     8.7040E+00     N           7

 BOND    =      952.4583  ANGLE   =        0.9201  DIHED      =        8.8226
 VDWAALS =     2407.7419  EEL     =   -15919.3242  HBOND      =        0.0000
 1-4 VDW =        2.7471  1-4 EEL =       46.2262  RESTRAINT  =        0.1243
 EAMBER  =   -12500.4080


   NSTEP       ENERGY          RMS            GMAX         NAME    NUMBER
    880      -1.2506E+04     3.2112E-01     1.0683E+01     C          15

 BOND    =      954.3323  ANGLE   =        1.1876  DIHED      =        8.8588
 VDWAALS =     2413.7057  EEL     =   -15933.1227  HBOND      =        0.0000
 1-4 VDW =        2.5795  1-4 EEL =       46.0083  RESTRAINT  =        0.1791
 EAMBER  =   -12506.4506


   NSTEP       ENERGY          RMS            GMAX         NAME    NUMBER
    900      -1.2511E+04     2.5150E-01     1.1005E+01     CH3         2

 BOND    =      955.8641  ANGLE   =        0.9628  DIHED      =        8.7966
 VDWAALS =     2418.0449  EEL     =   -15943.8911  HBOND      =        0.0000
 1-4 VDW =        2.6244  1-4 EEL =       46.0034  RESTRAINT  =        0.1191
 EAMBER  =   -12511.5949


   NSTEP       ENERGY          RMS            GMAX         NAME    NUMBER
    920      -1.2516E+04     4.0984E-01     7.8026E+00     CH3         2

 BOND    =      949.8583  ANGLE   =        0.9958  DIHED      =        8.7923
 VDWAALS =     2420.3905  EEL     =   -15944.3234  HBOND      =        0.0000
 1-4 VDW =        2.5726  1-4 EEL =       46.0707  RESTRAINT  =        0.1366
 EAMBER  =   -12515.6432


   NSTEP       ENERGY          RMS            GMAX         NAME    NUMBER
    940      -1.2523E+04     2.1481E-01     5.0238E+00     CH3        19

 BOND    =      958.2019  ANGLE   =        0.9286  DIHED      =        8.7282
 VDWAALS =     2425.0063  EEL     =   -15964.3461  HBOND      =        0.0000
 1-4 VDW =        2.7383  1-4 EEL =       46.1122  RESTRAINT  =        0.0826
 EAMBER  =   -12522.6306


   NSTEP       ENERGY          RMS            GMAX         NAME    NUMBER
    960      -1.2527E+04     2.5818E-01     8.1705E+00     C          15

 BOND    =      956.2746  ANGLE   =        0.9327  DIHED      =        8.8017
 VDWAALS =     2429.0904  EEL     =   -15970.6320  HBOND      =        0.0000
 1-4 VDW =        2.7179  1-4 EEL =       46.1484  RESTRAINT  =        0.1131
 EAMBER  =   -12526.6663


   NSTEP       ENERGY          RMS            GMAX         NAME    NUMBER
    980      -1.2532E+04     2.5389E-01     6.2124E+00     N          17

 BOND    =      956.6850  ANGLE   =        1.0188  DIHED      =        8.7715
 VDWAALS =     2433.1342  EEL     =   -15980.2436  HBOND      =        0.0000
 1-4 VDW =        2.5890  1-4 EEL =       46.0524  RESTRAINT  =        0.1404
 EAMBER  =   -12531.9928


   NSTEP       ENERGY          RMS            GMAX         NAME    NUMBER
   1000      -1.2537E+04     3.1120E-01     7.7851E+00     HH32       21

 BOND    =      960.8964  ANGLE   =        0.8520  DIHED      =        8.7655
 VDWAALS =     2438.3375  EEL     =   -15994.1395  HBOND      =        0.0000
 1-4 VDW =        2.5572  1-4 EEL =       46.0433  RESTRAINT  =        0.1402
 EAMBER  =   -12536.6874


  Maximum number of minimization cycles reached.


                    FINAL RESULTS



   NSTEP       ENERGY          RMS            GMAX         NAME    NUMBER
   1000      -1.2537E+04     3.1120E-01     7.7851E+00     HH32       21

 BOND    =      960.8964  ANGLE   =        0.8520  DIHED      =        8.7655
 VDWAALS =     2438.3375  EEL     =   -15994.1395  HBOND      =        0.0000
 1-4 VDW =        2.5572  1-4 EEL =       46.0433  RESTRAINT  =        0.1402
 EAMBER  =   -12536.6874

--------------------------------------------------------------------------------
   5.  TIMINGS
--------------------------------------------------------------------------------

|                Build the list             0.09 (64.14% of List )
|                Other                      0.05 (35.86% of List )
|             List time                  0.14 ( 0.94% of Nonbo)
|                   Short_ene time             6.72 (96.27% of Direc)
|                   Other                      0.26 ( 3.73% of Direc)
|                Direct Ewald time          6.98 (48.02% of Ewald)
|                Adjust Ewald time          0.05 ( 0.33% of Ewald)
|                Self Ewald time            0.00 ( 0.01% of Ewald)
|                   Fill Bspline coeffs        0.20 ( 2.90% of Recip)
|                   Fill charge grid           0.15 ( 2.12% of Recip)
|                   Scalar sum                 0.66 ( 9.36% of Recip)
|                   Grad sum                   0.37 ( 5.21% of Recip)
|                      FFT back comm time         2.28 (42.04% of FFT t)
|                      Other                      3.14 (57.96% of FFT t)
|                   FFT time                   5.42 (77.20% of Recip)
|                   Other                      0.22 ( 3.20% of Recip)
|                Recip Ewald time           7.01 (48.26% of Ewald)
|                Force Adjust               0.31 ( 2.11% of Ewald)
|                Virial junk                0.18 ( 1.22% of Ewald)
|                Other                      0.01 ( 0.04% of Ewald)
|             Ewald time                14.54 (99.05% of Nonbo)
|             Other                      0.00 ( 0.01% of Nonbo)
|          Nonbond force             14.68 (80.85% of Force)
|          Bond/Angle/Dihedral        0.03 ( 0.18% of Force)
|          FRC Collect time           2.91 (16.03% of Force)
|          Other                      0.53 ( 2.94% of Force)
|       Force time                18.15 (100.0% of Runmd)
|    Runmd Time                18.15 ( 8.76% of Total)
|    Other                    189.07 (91.24% of Total)
| Total time               207.23 (100.0% of ALL  )

| Highest rstack allocated:      41395
| Highest istack allocated:        911
|           Job began  at 14:35:18.042  on 03/14/2017
|           Setup done at 14:35:18.219  on 03/14/2017
|           Run   done at 14:38:45.269  on 03/14/2017
|     wallclock() was called   44068 times
