
          -------------------------------------------------------
          Amber 16 SANDER                              2016
          -------------------------------------------------------

| Run on 03/14/2017 at 15:15:14

|   Executable path: sander.MPI
| Working directory: /home/steboss/projects/mdgx-tests/alanine/IPOLQ/input/PhiPsi_1/330/315
|          Hostname: node004

  [-O]verwriting output

File Assignments:
|  MDIN: min.in                                                                
| MDOUT: Conf315.min.out                                                       
|INPCRD: Conf315.crd                                                           
|  PARM: Conf315.top                                                           
|RESTRT: Conf315.min                                                           
|  REFC: Conf315.crd                                                           
| MDVEL: mdvel                                                                 
| MDFRC: mdfrc                                                                 
|  MDEN: mden                                                                  
| MDCRD: mdcrd                                                                 
|MDINFO: mdinfo                                                                
|  MTMD: mtmd                                                                  
|INPDIP: inpdip                                                                
|RSTDIP: rstdip                                                                
|INPTRA: inptraj                                                               

|    REMLOG: rem.log
|   REMTYPE: rem.type
|  REMSTRIP: 
|   SAVEENE: saveene
|CLUSTERINF: cluster.info
| RESERVOIR: reserv/frame
|   REMDDIM: 


 Here is the input file:

Initial minimization                                                           
 &cntrl                                                                        
  ntx    = 1,       irest  = 0,       ntrx   = 1,      ntxo   = 1,             
  ntpr   = 20,      ntwx   = 0,       ntwv   = 0,      ntwe   = 0,             
                                                                               
  ntf    = 1,       ntb    = 1,                                                
  ntc    = 1,       ntr    = 1,                                                
  restraintmask = ':1',                                                        
  restraint_wt = 100.0,                                                        
  cut    = 9.0,                                                                
                                                                               
  imin   = 1,                                                                  
  maxcyc = 1000,                                                               
  ncyc   = 100,                                                                
                                                                               
 &end                                                                          

--------------------------------------------------------------------------------
   1.  RESOURCE   USE: 
--------------------------------------------------------------------------------

| Flags: MPI                                                                    
 getting new box info from bottom of inpcrd
|  INFO: Old style inpcrd file read

| peek_ewald_inpcrd: Box info found
|Largest sphere to fit in unit cell has radius =    14.344
| New format PARM file being parsed.
| Version =    1.000 Date = 03/14/17 Time = 13:40:07
 NATOM  =    2779 NTYPES =       9 NBONH =    2769 MBONA  =       9
 NTHETH =      25 MTHETA =      11 NPHIH =      43 MPHIA  =      24
 NHPARM =       0 NPARM  =       0 NNB   =    3775 NRES   =     922
 NBONA  =       9 NTHETA =      11 NPHIA =      24 NUMBND =      10
 NUMANG =      16 NPTRA  =      19 NATYP =       9 NPHB   =       1
 IFBOX  =       2 NMXRS  =      10 IFCAP =       0 NEXTRA =       0
 NCOPY  =       0


|     Memory Use     Allocated
|     Real              323199
|     Hollerith           9261
|     Integer            86372
|     Max Pairs         308236
|     nblistReal         33348
|     nblist Int         85251
|       Total             4696 kbytes

| Note: 1-4 EEL scale factors are being read from the topology file.

| Note: 1-4 VDW scale factors are being read from the topology file.
| Duplicated    0 dihedrals
| Duplicated    0 dihedrals

     BOX TYPE: TRUNCATED OCTAHEDRON

--------------------------------------------------------------------------------
   2.  CONTROL  DATA  FOR  THE  RUN
--------------------------------------------------------------------------------

default_name                                                                    

General flags:
     imin    =       1, nmropt  =       0

Nature and format of input:
     ntx     =       1, irest   =       0, ntrx    =       1

Nature and format of output:
     ntxo    =       1, ntpr    =      20, ntrx    =       1, ntwr    =       1
     iwrap   =       0, ntwx    =       0, ntwv    =       0, ntwe    =       0
     ioutfm  =       1, ntwprt  =       0, idecomp =       0, rbornstat=      0

Potential function:
     ntf     =       1, ntb     =       1, igb     =       0, nsnb    =      25
     ipol    =       0, gbsa    =       0, iesp    =       0
     dielc   =   1.00000, cut     =   9.00000, intdiel =   1.00000

Frozen or restrained atoms:
     ibelly  =       0, ntr     =       1
     restraint_wt = 100.00000

Energy minimization:
     maxcyc  =    1000, ncyc    =     100, ntmin   =       1
     dx0     =   0.01000, drms    =   0.00010

Ewald parameters:
     verbose =       0, ew_type =       0, nbflag  =       1, use_pme =       1
     vdwmeth =       1, eedmeth =       1, netfrc  =       0
     Box X =   35.135   Box Y =   35.135   Box Z =   35.135
     Alpha =  109.471   Beta  =  109.471   Gamma =  109.471
     NFFT1 =   36       NFFT2 =   36       NFFT3 =   36
     Cutoff=    9.000   Tol   =0.100E-04
     Ewald Coefficient =  0.30768
     Interpolation order =    4

| MPI Timing options:
|      profile_mpi =        0

    LOADING THE CONSTRAINED ATOMS AS GROUPS


   5.  REFERENCE ATOM COORDINATES

  defa
     Mask :1; matches     6 atoms

--------------------------------------------------------------------------------
   3.  ATOMIC COORDINATES AND VELOCITIES
--------------------------------------------------------------------------------

default_name                                                                    
 begin time read from input coords =     0.000 ps

 Number of triangulated 3-point waters found:      919
|  Atom division among processors:
|         0     349     694    1042    1390    1735    2083    2431
|      2779

     Sum of charges from parm topology file =  -0.00000000
     Forcing neutrality...
|  Running AMBER/MPI version on    8 nodes


--------------------------------------------------------------------------------
   4.  RESULTS
--------------------------------------------------------------------------------

 ---------------------------------------------------
 APPROXIMATING switch and d/dx switch using CUBIC SPLINE INTERPOLATION
 using   5000.0 points per unit in tabled values
 TESTING RELATIVE ERROR over r ranging from 0.0 to cutoff
| CHECK switch(x): max rel err =   0.2738E-14   at   2.422500
| CHECK d/dx switch(x): max rel err =   0.8314E-11   at   2.736960
 ---------------------------------------------------
| Local SIZE OF NONBOND LIST =      84631
| TOTAL SIZE OF NONBOND LIST =     644088


   NSTEP       ENERGY          RMS            GMAX         NAME    NUMBER
      1      -7.6022E+03     1.2622E+01     6.1746E+01     O         290

 BOND    =        0.5788  ANGLE   =        1.6551  DIHED      =       11.2714
 VDWAALS =     1128.3314  EEL     =    -8792.5712  HBOND      =        0.0000
 1-4 VDW =        2.7463  1-4 EEL =       45.8203  RESTRAINT  =        0.0000


   NSTEP       ENERGY          RMS            GMAX         NAME    NUMBER
     20      -8.5228E+03     3.0407E+00     2.3652E+01     O         365

 BOND    =      463.8074  ANGLE   =        1.6702  DIHED      =       11.3537
 VDWAALS =      999.7976  EEL     =   -10047.8747  HBOND      =        0.0000
 1-4 VDW =        2.7458  1-4 EEL =       45.7074  RESTRAINT  =        0.0175
 EAMBER  =    -8522.7926


   NSTEP       ENERGY          RMS            GMAX         NAME    NUMBER
     40      -9.2787E+03     2.3913E+00     8.1748E+00     H2       2017

 BOND    =      496.4096  ANGLE   =        1.8277  DIHED      =       11.2293
 VDWAALS =     1005.8847  EEL     =   -10842.2913  HBOND      =        0.0000
 1-4 VDW =        2.7500  1-4 EEL =       45.4402  RESTRAINT  =        0.0223
 EAMBER  =    -9278.7498


   NSTEP       ENERGY          RMS            GMAX         NAME    NUMBER
     60      -9.4923E+03     3.6054E+00     1.1749E+01     H1       1446

 BOND    =      492.3902  ANGLE   =        1.8690  DIHED      =       11.1245
 VDWAALS =     1036.8264  EEL     =   -11082.6732  HBOND      =        0.0000
 1-4 VDW =        2.7515  1-4 EEL =       45.3563  RESTRAINT  =        0.0195
 EAMBER  =    -9492.3554


   NSTEP       ENERGY          RMS            GMAX         NAME    NUMBER
     80      -9.6337E+03     4.0264E+00     1.3066E+01     H2       1294

 BOND    =      500.6554  ANGLE   =        1.8930  DIHED      =       11.0283
 VDWAALS =     1069.1263  EEL     =   -11264.4734  HBOND      =        0.0000
 1-4 VDW =        2.7544  1-4 EEL =       45.2905  RESTRAINT  =        0.0181
 EAMBER  =    -9633.7256


   NSTEP       ENERGY          RMS            GMAX         NAME    NUMBER
    100      -9.7638E+03     1.7683E+00     7.2605E+00     H1        792

 BOND    =      625.2675  ANGLE   =        1.9114  DIHED      =       10.9372
 VDWAALS =     1102.2765  EEL     =   -11552.2225  HBOND      =        0.0000
 1-4 VDW =        2.7585  1-4 EEL =       45.2249  RESTRAINT  =        0.0172
 EAMBER  =    -9763.8464


   NSTEP       ENERGY          RMS            GMAX         NAME    NUMBER
    120      -1.0191E+04     4.9464E+00     9.0261E+01     H2       2479

 BOND    =      763.0159  ANGLE   =        2.4113  DIHED      =       10.3146
 VDWAALS =     1417.0574  EEL     =   -12431.5080  HBOND      =        0.0000
 1-4 VDW =        2.8554  1-4 EEL =       44.9485  RESTRAINT  =        0.0159
 EAMBER  =   -10190.9049


   NSTEP       ENERGY          RMS            GMAX         NAME    NUMBER
    140      -1.0347E+04     1.2709E+00     3.5063E+01     H1       2226

 BOND    =      703.0841  ANGLE   =        2.1015  DIHED      =       10.1370
 VDWAALS =     1493.6873  EEL     =   -12603.9595  HBOND      =        0.0000
 1-4 VDW =        2.8838  1-4 EEL =       44.8161  RESTRAINT  =        0.0213
 EAMBER  =   -10347.2498


   NSTEP       ENERGY          RMS            GMAX         NAME    NUMBER
    160      -1.0455E+04     1.9008E+00     3.4576E+01     O         455

 BOND    =      691.6090  ANGLE   =        2.1804  DIHED      =       10.1263
 VDWAALS =     1508.2613  EEL     =   -12714.9206  HBOND      =        0.0000
 1-4 VDW =        2.8394  1-4 EEL =       44.6148  RESTRAINT  =        0.0262
 EAMBER  =   -10455.2895


   NSTEP       ENERGY          RMS            GMAX         NAME    NUMBER
    180      -1.0536E+04     1.0711E+00     2.3803E+01     CH3        19

 BOND    =      723.7031  ANGLE   =        2.1331  DIHED      =       10.0903
 VDWAALS =     1590.7435  EEL     =   -12909.5687  HBOND      =        0.0000
 1-4 VDW =        2.7836  1-4 EEL =       44.3702  RESTRAINT  =        0.0306
 EAMBER  =   -10535.7449


   NSTEP       ENERGY          RMS            GMAX         NAME    NUMBER
    200      -1.0630E+04     1.3006E+00     2.2083E+01     C          15

 BOND    =      732.8967  ANGLE   =        3.3826  DIHED      =        9.8077
 VDWAALS =     1677.9371  EEL     =   -13101.4779  HBOND      =        0.0000
 1-4 VDW =        2.9306  1-4 EEL =       44.2506  RESTRAINT  =        0.1171
 EAMBER  =   -10630.2727


   NSTEP       ENERGY          RMS            GMAX         NAME    NUMBER
    220      -1.0678E+04     1.2760E+00     2.6534E+01     N          17

 BOND    =      747.9180  ANGLE   =        3.1421  DIHED      =        9.7162
 VDWAALS =     1702.7722  EEL     =   -13189.5023  HBOND      =        0.0000
 1-4 VDW =        2.9281  1-4 EEL =       44.4640  RESTRAINT  =        0.0627
 EAMBER  =   -10678.5617


   NSTEP       ENERGY          RMS            GMAX         NAME    NUMBER
    240      -1.0726E+04     7.5209E-01     1.0316E+01     CB         11

 BOND    =      757.1962  ANGLE   =        2.5109  DIHED      =        9.7618
 VDWAALS =     1736.9145  EEL     =   -13279.4060  HBOND      =        0.0000
 1-4 VDW =        2.9946  1-4 EEL =       44.4370  RESTRAINT  =        0.0524
 EAMBER  =   -10725.5910


   NSTEP       ENERGY          RMS            GMAX         NAME    NUMBER
    260      -1.0793E+04     1.2068E+00     2.2915E+01     C          15

 BOND    =      764.3374  ANGLE   =        2.9728  DIHED      =       10.0459
 VDWAALS =     1802.8408  EEL     =   -13420.8966  HBOND      =        0.0000
 1-4 VDW =        2.9557  1-4 EEL =       44.4349  RESTRAINT  =        0.1084
 EAMBER  =   -10793.3092


   NSTEP       ENERGY          RMS            GMAX         NAME    NUMBER
    280      -1.0823E+04     1.0833E+00     2.2814E+01     O        2225

 BOND    =      787.0511  ANGLE   =        3.3162  DIHED      =       10.0329
 VDWAALS =     1837.4286  EEL     =   -13508.4849  HBOND      =        0.0000
 1-4 VDW =        2.8976  1-4 EEL =       44.3295  RESTRAINT  =        0.0704
 EAMBER  =   -10823.4291


   NSTEP       ENERGY          RMS            GMAX         NAME    NUMBER
    300      -1.0864E+04     8.6114E-01     2.2822E+01     N          17

 BOND    =      790.5637  ANGLE   =        3.8510  DIHED      =       10.2971
 VDWAALS =     1865.7835  EEL     =   -13581.3106  HBOND      =        0.0000
 1-4 VDW =        2.7484  1-4 EEL =       43.9678  RESTRAINT  =        0.3794
 EAMBER  =   -10864.0992


   NSTEP       ENERGY          RMS            GMAX         NAME    NUMBER
    320      -1.0889E+04     9.1816E-01     3.5584E+01     C          15

 BOND    =      782.1123  ANGLE   =        3.7376  DIHED      =       10.0323
 VDWAALS =     1890.1265  EEL     =   -13622.4959  HBOND      =        0.0000
 1-4 VDW =        2.9400  1-4 EEL =       44.7151  RESTRAINT  =        0.3147
 EAMBER  =   -10888.8321


   NSTEP       ENERGY          RMS            GMAX         NAME    NUMBER
    340      -1.0926E+04     6.9801E-01     1.6468E+01     C          15

 BOND    =      803.8377  ANGLE   =        2.5633  DIHED      =        9.8197
 VDWAALS =     1919.3880  EEL     =   -13709.3602  HBOND      =        0.0000
 1-4 VDW =        3.1344  1-4 EEL =       44.6140  RESTRAINT  =        0.2533
 EAMBER  =   -10926.0033


   NSTEP       ENERGY          RMS            GMAX         NAME    NUMBER
    360      -1.0942E+04     7.0217E-01     2.0522E+01     C           5

 BOND    =      791.8231  ANGLE   =        2.6845  DIHED      =        9.9679
 VDWAALS =     1932.3082  EEL     =   -13726.0605  HBOND      =        0.0000
 1-4 VDW =        2.9286  1-4 EEL =       44.2314  RESTRAINT  =        0.1026
 EAMBER  =   -10942.1168


   NSTEP       ENERGY          RMS            GMAX         NAME    NUMBER
    380      -1.0964E+04     6.3642E-01     1.7650E+01     N          17

 BOND    =      813.1396  ANGLE   =        3.9413  DIHED      =       10.4435
 VDWAALS =     1959.1996  EEL     =   -13797.9012  HBOND      =        0.0000
 1-4 VDW =        2.6800  1-4 EEL =       44.0714  RESTRAINT  =        0.3032
 EAMBER  =   -10964.4259


   NSTEP       ENERGY          RMS            GMAX         NAME    NUMBER
    400      -1.0988E+04     7.6408E-01     1.8099E+01     N          17

 BOND    =      819.9821  ANGLE   =        2.9198  DIHED      =       10.0408
 VDWAALS =     1981.9945  EEL     =   -13850.0232  HBOND      =        0.0000
 1-4 VDW =        2.8561  1-4 EEL =       44.3765  RESTRAINT  =        0.0909
 EAMBER  =   -10987.8534


   NSTEP       ENERGY          RMS            GMAX         NAME    NUMBER
    420      -1.1004E+04     4.7528E-01     2.3772E+01     C          15

 BOND    =      809.1151  ANGLE   =        2.7956  DIHED      =        9.8874
 VDWAALS =     1989.2351  EEL     =   -13862.6898  HBOND      =        0.0000
 1-4 VDW =        3.0040  1-4 EEL =       44.5885  RESTRAINT  =        0.0536
 EAMBER  =   -11004.0641


   NSTEP       ENERGY          RMS            GMAX         NAME    NUMBER
    440      -1.1014E+04     4.6669E-01     1.8708E+01     C          15

 BOND    =      822.2584  ANGLE   =        2.6993  DIHED      =        9.8302
 VDWAALS =     1999.9197  EEL     =   -13896.8988  HBOND      =        0.0000
 1-4 VDW =        3.1516  1-4 EEL =       44.5581  RESTRAINT  =        0.1997
 EAMBER  =   -11014.4815


   NSTEP       ENERGY          RMS            GMAX         NAME    NUMBER
    460      -1.1079E+04     1.0787E+00     3.3122E+01     N           7

 BOND    =      819.9472  ANGLE   =        2.9311  DIHED      =        9.9396
 VDWAALS =     2079.8286  EEL     =   -14039.5768  HBOND      =        0.0000
 1-4 VDW =        3.0035  1-4 EEL =       44.3617  RESTRAINT  =        0.2507
 EAMBER  =   -11079.5653


   NSTEP       ENERGY          RMS            GMAX         NAME    NUMBER
    480      -1.1092E+04     3.1155E-01     8.9401E+00     C           5

 BOND    =      832.7249  ANGLE   =        2.1090  DIHED      =        9.8721
 VDWAALS =     2082.8860  EEL     =   -14067.4889  HBOND      =        0.0000
 1-4 VDW =        2.9728  1-4 EEL =       44.8068  RESTRAINT  =        0.0766
 EAMBER  =   -11092.1172


   NSTEP       ENERGY          RMS            GMAX         NAME    NUMBER
    500      -1.1122E+04     1.5034E+00     3.0391E+01     H1       2370

 BOND    =      868.3728  ANGLE   =        1.9815  DIHED      =       10.1062
 VDWAALS =     2118.7166  EEL     =   -14169.4009  HBOND      =        0.0000
 1-4 VDW =        2.8305  1-4 EEL =       45.2562  RESTRAINT  =        0.2204
 EAMBER  =   -11122.1370


   NSTEP       ENERGY          RMS            GMAX         NAME    NUMBER
    520      -1.1139E+04     6.3470E-01     1.4195E+01     H          18

 BOND    =      835.5259  ANGLE   =        1.7847  DIHED      =       10.1626
 VDWAALS =     2113.0362  EEL     =   -14147.6295  HBOND      =        0.0000
 1-4 VDW =        2.8271  1-4 EEL =       44.9459  RESTRAINT  =        0.0711
 EAMBER  =   -11139.3470


   NSTEP       ENERGY          RMS            GMAX         NAME    NUMBER
    540      -1.1152E+04     3.4044E-01     7.3457E+00     N           7

 BOND    =      842.0068  ANGLE   =        2.0765  DIHED      =       10.1855
 VDWAALS =     2121.5685  EEL     =   -14175.4321  HBOND      =        0.0000
 1-4 VDW =        2.9643  1-4 EEL =       44.8176  RESTRAINT  =        0.1399
 EAMBER  =   -11151.8129


   NSTEP       ENERGY          RMS            GMAX         NAME    NUMBER
    560      -1.1163E+04     4.7532E-01     1.1528E+01     H          18

 BOND    =      845.9517  ANGLE   =        1.9052  DIHED      =       10.1418
 VDWAALS =     2135.1429  EEL     =   -14204.1906  HBOND      =        0.0000
 1-4 VDW =        3.0280  1-4 EEL =       44.9148  RESTRAINT  =        0.1389
 EAMBER  =   -11163.1062


   NSTEP       ENERGY          RMS            GMAX         NAME    NUMBER
    580      -1.1171E+04     3.3879E-01     1.1437E+01     C          15

 BOND    =      846.7658  ANGLE   =        2.0236  DIHED      =       10.3168
 VDWAALS =     2142.7213  EEL     =   -14221.4913  HBOND      =        0.0000
 1-4 VDW =        2.8850  1-4 EEL =       45.5068  RESTRAINT  =        0.1407
 EAMBER  =   -11171.2720


   NSTEP       ENERGY          RMS            GMAX         NAME    NUMBER
    600      -1.1180E+04     4.4415E-01     1.1207E+01     CH3         2

 BOND    =      849.1500  ANGLE   =        1.6633  DIHED      =       10.4208
 VDWAALS =     2153.9134  EEL     =   -14243.4753  HBOND      =        0.0000
 1-4 VDW =        2.7787  1-4 EEL =       45.5807  RESTRAINT  =        0.1409
 EAMBER  =   -11179.9684


   NSTEP       ENERGY          RMS            GMAX         NAME    NUMBER
    620      -1.1186E+04     3.1054E-01     8.4939E+00     C          15

 BOND    =      850.9863  ANGLE   =        1.4856  DIHED      =       10.4118
 VDWAALS =     2156.3963  EEL     =   -14253.6827  HBOND      =        0.0000
 1-4 VDW =        2.8017  1-4 EEL =       45.2470  RESTRAINT  =        0.0545
 EAMBER  =   -11186.3541


   NSTEP       ENERGY          RMS            GMAX         NAME    NUMBER
    640      -1.1192E+04     3.2089E-01     1.0171E+01     N          17

 BOND    =      851.0758  ANGLE   =        2.0745  DIHED      =       10.4147
 VDWAALS =     2160.4536  EEL     =   -14264.4396  HBOND      =        0.0000
 1-4 VDW =        2.9450  1-4 EEL =       45.0977  RESTRAINT  =        0.1372
 EAMBER  =   -11192.3783


   NSTEP       ENERGY          RMS            GMAX         NAME    NUMBER
    660      -1.1202E+04     4.6471E-01     1.4951E+01     N          17

 BOND    =      855.6878  ANGLE   =        1.8916  DIHED      =       10.4872
 VDWAALS =     2168.7619  EEL     =   -14286.7131  HBOND      =        0.0000
 1-4 VDW =        3.0022  1-4 EEL =       45.2113  RESTRAINT  =        0.1113
 EAMBER  =   -11201.6710


   NSTEP       ENERGY          RMS            GMAX         NAME    NUMBER
    680      -1.1207E+04     3.4064E-01     1.2291E+01     C          15

 BOND    =      854.1029  ANGLE   =        2.0287  DIHED      =       10.5634
 VDWAALS =     2171.5974  EEL     =   -14294.0272  HBOND      =        0.0000
 1-4 VDW =        2.8137  1-4 EEL =       45.6955  RESTRAINT  =        0.1205
 EAMBER  =   -11207.2255


   NSTEP       ENERGY          RMS            GMAX         NAME    NUMBER
    700      -1.1220E+04     5.6171E-01     2.2363E+01     C          15

 BOND    =      858.1294  ANGLE   =        1.7365  DIHED      =       10.6475
 VDWAALS =     2184.5099  EEL     =   -14323.5637  HBOND      =        0.0000
 1-4 VDW =        2.7173  1-4 EEL =       45.8992  RESTRAINT  =        0.0959
 EAMBER  =   -11219.9239


   NSTEP       ENERGY          RMS            GMAX         NAME    NUMBER
    720      -1.1229E+04     2.5418E-01     6.6683E+00     N          17

 BOND    =      858.1660  ANGLE   =        1.5055  DIHED      =       10.6914
 VDWAALS =     2181.1921  EEL     =   -14329.1066  HBOND      =        0.0000
 1-4 VDW =        2.7997  1-4 EEL =       45.7767  RESTRAINT  =        0.0672
 EAMBER  =   -11228.9754


   NSTEP       ENERGY          RMS            GMAX         NAME    NUMBER
    740      -1.1233E+04     2.8222E-01     7.6937E+00     O           6

 BOND    =      857.9458  ANGLE   =        1.7617  DIHED      =       10.7569
 VDWAALS =     2182.0605  EEL     =   -14333.7106  HBOND      =        0.0000
 1-4 VDW =        2.8700  1-4 EEL =       45.3581  RESTRAINT  =        0.1820
 EAMBER  =   -11232.9576


   NSTEP       ENERGY          RMS            GMAX         NAME    NUMBER
    760      -1.1250E+04     4.3615E-01     1.2494E+01     O           6

 BOND    =      862.7462  ANGLE   =        1.6715  DIHED      =       10.8602
 VDWAALS =     2185.0169  EEL     =   -14358.1582  HBOND      =        0.0000
 1-4 VDW =        2.7950  1-4 EEL =       45.4193  RESTRAINT  =        0.0858
 EAMBER  =   -11249.6490


   NSTEP       ENERGY          RMS            GMAX         NAME    NUMBER
    780      -1.1253E+04     5.9525E-01     1.7726E+01     CA          9

 BOND    =      862.9770  ANGLE   =        1.5588  DIHED      =       10.9259
 VDWAALS =     2186.7763  EEL     =   -14363.6338  HBOND      =        0.0000
 1-4 VDW =        2.7137  1-4 EEL =       45.6849  RESTRAINT  =        0.0726
 EAMBER  =   -11252.9973


   NSTEP       ENERGY          RMS            GMAX         NAME    NUMBER
    800      -1.1261E+04     4.1696E-01     8.2849E+00     CB         11

 BOND    =      862.1665  ANGLE   =        1.3539  DIHED      =       10.9384
 VDWAALS =     2195.0668  EEL     =   -14379.9724  HBOND      =        0.0000
 1-4 VDW =        2.7384  1-4 EEL =       46.1965  RESTRAINT  =        0.2866
 EAMBER  =   -11261.5120


   NSTEP       ENERGY          RMS            GMAX         NAME    NUMBER
    820      -1.1267E+04     1.9959E-01     6.2013E+00     C           5

 BOND    =      863.6772  ANGLE   =        1.3121  DIHED      =       10.9397
 VDWAALS =     2193.0030  EEL     =   -14384.7173  HBOND      =        0.0000
 1-4 VDW =        2.7368  1-4 EEL =       45.8747  RESTRAINT  =        0.0839
 EAMBER  =   -11267.1737


   NSTEP       ENERGY          RMS            GMAX         NAME    NUMBER
    840      -1.1270E+04     2.3694E-01     6.0607E+00     O           6

 BOND    =      863.4241  ANGLE   =        1.6636  DIHED      =       10.9870
 VDWAALS =     2193.7139  EEL     =   -14388.1572  HBOND      =        0.0000
 1-4 VDW =        2.7409  1-4 EEL =       45.6001  RESTRAINT  =        0.1320
 EAMBER  =   -11270.0276


   NSTEP       ENERGY          RMS            GMAX         NAME    NUMBER
    860      -1.1278E+04     3.9681E-01     1.2113E+01     C           5

 BOND    =      866.2448  ANGLE   =        1.5516  DIHED      =       11.0098
 VDWAALS =     2197.7706  EEL     =   -14403.4338  HBOND      =        0.0000
 1-4 VDW =        2.7477  1-4 EEL =       45.7894  RESTRAINT  =        0.0796
 EAMBER  =   -11278.3198


   NSTEP       ENERGY          RMS            GMAX         NAME    NUMBER
    880      -1.1281E+04     5.3931E-01     1.6854E+01     CB         11

 BOND    =      866.7710  ANGLE   =        1.3805  DIHED      =       11.0652
 VDWAALS =     2198.5222  EEL     =   -14407.4263  HBOND      =        0.0000
 1-4 VDW =        2.6921  1-4 EEL =       45.7937  RESTRAINT  =        0.0654
 EAMBER  =   -11281.2016


   NSTEP       ENERGY          RMS            GMAX         NAME    NUMBER
    900      -1.1288E+04     3.9174E-01     8.1151E+00     H          18

 BOND    =      864.7596  ANGLE   =        1.3476  DIHED      =       11.0248
 VDWAALS =     2202.0357  EEL     =   -14416.1995  HBOND      =        0.0000
 1-4 VDW =        2.7054  1-4 EEL =       46.3087  RESTRAINT  =        0.3727
 EAMBER  =   -11288.0177


   NSTEP       ENERGY          RMS            GMAX         NAME    NUMBER
    920      -1.1292E+04     2.1885E-01     6.1998E+00     N          17

 BOND    =      866.4452  ANGLE   =        1.3653  DIHED      =       11.0502
 VDWAALS =     2201.7690  EEL     =   -14421.1436  HBOND      =        0.0000
 1-4 VDW =        2.6870  1-4 EEL =       45.9331  RESTRAINT  =        0.0738
 EAMBER  =   -11291.8938


   NSTEP       ENERGY          RMS            GMAX         NAME    NUMBER
    940      -1.1294E+04     1.9362E-01     4.2499E+00     O           6

 BOND    =      866.2482  ANGLE   =        1.6065  DIHED      =       11.0858
 VDWAALS =     2202.2335  EEL     =   -14424.1922  HBOND      =        0.0000
 1-4 VDW =        2.7366  1-4 EEL =       45.7694  RESTRAINT  =        0.1297
 EAMBER  =   -11294.5121


   NSTEP       ENERGY          RMS            GMAX         NAME    NUMBER
    960      -1.1300E+04     3.5347E-01     9.0401E+00     O          16

 BOND    =      868.8600  ANGLE   =        1.4996  DIHED      =       11.1006
 VDWAALS =     2204.5432  EEL     =   -14434.5884  HBOND      =        0.0000
 1-4 VDW =        2.7310  1-4 EEL =       45.9531  RESTRAINT  =        0.0789
 EAMBER  =   -11299.9010


   NSTEP       ENERGY          RMS            GMAX         NAME    NUMBER
    980      -1.1302E+04     5.5852E-01     1.9290E+01     CH3        19

 BOND    =      868.3454  ANGLE   =        1.3914  DIHED      =       11.1423
 VDWAALS =     2205.5530  EEL     =   -14437.0503  HBOND      =        0.0000
 1-4 VDW =        2.7088  1-4 EEL =       45.8245  RESTRAINT  =        0.0714
 EAMBER  =   -11302.0850


   NSTEP       ENERGY          RMS            GMAX         NAME    NUMBER
   1000      -1.1307E+04     4.0401E-01     1.0642E+01     H          18

 BOND    =      868.5613  ANGLE   =        1.3040  DIHED      =       11.1422
 VDWAALS =     2208.4647  EEL     =   -14445.3176  HBOND      =        0.0000
 1-4 VDW =        2.6505  1-4 EEL =       45.9712  RESTRAINT  =        0.2121
 EAMBER  =   -11307.2236


  Maximum number of minimization cycles reached.


                    FINAL RESULTS



   NSTEP       ENERGY          RMS            GMAX         NAME    NUMBER
   1000      -1.1307E+04     4.0401E-01     1.0642E+01     H          18

 BOND    =      868.5613  ANGLE   =        1.3040  DIHED      =       11.1422
 VDWAALS =     2208.4647  EEL     =   -14445.3176  HBOND      =        0.0000
 1-4 VDW =        2.6505  1-4 EEL =       45.9712  RESTRAINT  =        0.2121
 EAMBER  =   -11307.2236

--------------------------------------------------------------------------------
   5.  TIMINGS
--------------------------------------------------------------------------------

|                Build the list             0.24 (77.19% of List )
|                Other                      0.07 (22.81% of List )
|             List time                  0.31 ( 0.20% of Nonbo)
|                   Short_ene time             9.31 (97.13% of Direc)
|                   Other                      0.27 ( 2.87% of Direc)
|                Direct Ewald time          9.59 ( 6.26% of Ewald)
|                Adjust Ewald time          0.05 ( 0.03% of Ewald)
|                   Fill Bspline coeffs        0.19 ( 0.14% of Recip)
|                   Fill charge grid           0.15 ( 0.11% of Recip)
|                   Scalar sum                 0.69 ( 0.52% of Recip)
|                   Grad sum                   0.37 ( 0.28% of Recip)
|                      FFT back comm time        98.42 (80.48% of FFT t)
|                      Other                     23.88 (19.52% of FFT t)
|                   FFT time                 122.30 (92.25% of Recip)
|                   Other                      8.89 ( 6.70% of Recip)
|                Recip Ewald time         132.57 (86.59% of Ewald)
|                Force Adjust               5.66 ( 3.70% of Ewald)
|                Virial junk                5.23 ( 3.42% of Ewald)
|             Ewald time               153.11 (99.80% of Nonbo)
|          Nonbond force            153.42 (79.75% of Force)
|          Bond/Angle/Dihedral        0.04 ( 0.02% of Force)
|          FRC Collect time          20.27 (10.53% of Force)
|          Other                     18.64 ( 9.69% of Force)
|       Force time               192.37 (100.0% of Runmd)
|    Runmd Time               192.37 (41.33% of Total)
|    Other                    273.06 (58.67% of Total)
| Total time               465.45 (100.0% of ALL  )

| Highest rstack allocated:      39019
| Highest istack allocated:        823
|           Job began  at 15:15:14.350  on 03/14/2017
|           Setup done at 15:15:14.790  on 03/14/2017
|           Run   done at 15:22:59.798  on 03/14/2017
|     wallclock() was called   44070 times
