
          -------------------------------------------------------
          Amber 16 SANDER                              2016
          -------------------------------------------------------

| Run on 03/14/2017 at 13:50:17

|   Executable path: sander.MPI
| Working directory: /home/steboss/projects/mdgx-tests/alanine/IPOLQ/input/PhiPsi_1/105/285
|          Hostname: node010

  [-O]verwriting output

File Assignments:
|  MDIN: equil.in                                                              
| MDOUT: Conf285.eq.out                                                        
|INPCRD: Conf285.min                                                           
|  PARM: Conf285.top                                                           
|RESTRT: Conf285.rst                                                           
|  REFC: Conf285.crd                                                           
| MDVEL: mdvel                                                                 
| MDFRC: mdfrc                                                                 
|  MDEN: mden                                                                  
| MDCRD: mdcrd                                                                 
|MDINFO: mdinfo                                                                
|  MTMD: mtmd                                                                  
|INPDIP: inpdip                                                                
|RSTDIP: rstdip                                                                
|INPTRA: inptraj                                                               

|    REMLOG: rem.log
|   REMTYPE: rem.type
|  REMSTRIP: 
|   SAVEENE: saveene
|CLUSTERINF: cluster.info
| RESERVOIR: reserv/frame
|   REMDDIM: 


 Here is the input file:

Equilibrate water in NPT                                                       
 &cntrl                                                                        
                                                                               
  nmropt = 0,                                                                  
  ntx    = 1,       irest  = 0,       ntrx   = 1,      ntxo   = 1,             
  ntpr   = 1000,    ntwx   = 1000,    ntwv   = 0,      ntwe   = 1000,          
  iwrap  = 0,       ioutfm = 1,                                                
                                                                               
  ntf    = 2,       ntb    = 2,                                                
  cut = 9.0,                                                                   
                                                                               
  ibelly = 0,       ntr    = 1,                                                
  restraintmask = ':1',                                                        
  restraint_wt = 100.0,                                                        
                                                                               
  imin   = 0,                                                                  
  nstlim = 10000,                                                              
  nscm   = 1000,                                                               
  t      = 0.0,     dt     = 0.002,                                            
                                                                               
  temp0     = 298.0,   tempi  = 0.0,                                           
  ig        = -1,                                                              
  ntt       = 3,                                                               
  gamma_ln  = 3.0,                                                             
                                                                               
  ntp    = 1,       pres0  = 1.0,     comp   = 44.6,                           
  taup   = 1.0,                                                                
                                                                               
  ntc    = 2,       tol    = 0.000001, watnam = 'WAT ',                        
                                                                               
 &end                                                                          

--------------------------------------------------------------------------------
   1.  RESOURCE   USE: 
--------------------------------------------------------------------------------

| Flags: MPI                                                                    
 getting new box info from bottom of inpcrd
|  INFO: Old style inpcrd file read

| peek_ewald_inpcrd: Box info found
|Largest sphere to fit in unit cell has radius =    14.332
| New format PARM file being parsed.
| Version =    1.000 Date = 03/14/17 Time = 13:37:46
 NATOM  =    2767 NTYPES =       9 NBONH =    2757 MBONA  =       9
 NTHETH =      25 MTHETA =      11 NPHIH =      43 MPHIA  =      24
 NHPARM =       0 NPARM  =       0 NNB   =    3759 NRES   =     918
 NBONA  =       9 NTHETA =      11 NPHIA =      24 NUMBND =      10
 NUMANG =      16 NPTRA  =      19 NATYP =       9 NPHB   =       1
 IFBOX  =       2 NMXRS  =      10 IFCAP =       0 NEXTRA =       0
 NCOPY  =       0


|     Memory Use     Allocated
|     Real              288775
|     Hollerith           9221
|     Integer            86100
|     Max Pairs         306906
|     nblistReal         33204
|     nblist Int         84971
|       Total             4418 kbytes

| Note: 1-4 EEL scale factors are being read from the topology file.

| Note: 1-4 VDW scale factors are being read from the topology file.
| Duplicated    0 dihedrals
| Duplicated    0 dihedrals

     BOX TYPE: TRUNCATED OCTAHEDRON
Note: ig = -1. Setting random seed to    21925 based on wallclock time in microseconds
      and disabling the synchronization of random numbers between tasks
      to improve performance.

--------------------------------------------------------------------------------
   2.  CONTROL  DATA  FOR  THE  RUN
--------------------------------------------------------------------------------

default_name                                                                    

General flags:
     imin    =       0, nmropt  =       0

Nature and format of input:
     ntx     =       1, irest   =       0, ntrx    =       1

Nature and format of output:
     ntxo    =       1, ntpr    =    1000, ntrx    =       1, ntwr    =   10000
     iwrap   =       0, ntwx    =    1000, ntwv    =       0, ntwe    =    1000
     ioutfm  =       1, ntwprt  =       0, idecomp =       0, rbornstat=      0

Potential function:
     ntf     =       2, ntb     =       2, igb     =       0, nsnb    =      25
     ipol    =       0, gbsa    =       0, iesp    =       0
     dielc   =   1.00000, cut     =   9.00000, intdiel =   1.00000

Frozen or restrained atoms:
     ibelly  =       0, ntr     =       1
     restraint_wt = 100.00000

Molecular dynamics:
     nstlim  =     10000, nscm    =         0, nrespa  =         1
     t       =   0.00000, dt      =   0.00200, vlimit  =  20.00000

Langevin dynamics temperature regulation:
     ig      =   21925
     temp0   = 298.00000, tempi   =   0.00000, gamma_ln=   3.00000

Pressure regulation:
     ntp     =       1
     pres0   =   1.00000, comp    =  44.60000, taup    =   1.00000

SHAKE:
     ntc     =       2, jfastw  =       0
     tol     =   0.00000

Ewald parameters:
     verbose =       0, ew_type =       0, nbflag  =       1, use_pme =       1
     vdwmeth =       1, eedmeth =       1, netfrc  =       1
     Box X =   35.107   Box Y =   35.107   Box Z =   35.107
     Alpha =  109.471   Beta  =  109.471   Gamma =  109.471
     NFFT1 =   36       NFFT2 =   36       NFFT3 =   36
     Cutoff=    9.000   Tol   =0.100E-04
     Ewald Coefficient =  0.30768
     Interpolation order =    4

| MPI Timing options:
|      profile_mpi =        0

    LOADING THE CONSTRAINED ATOMS AS GROUPS


   5.  REFERENCE ATOM COORDINATES

  defa
     Mask :1; matches     6 atoms

--------------------------------------------------------------------------------
   3.  ATOMIC COORDINATES AND VELOCITIES
--------------------------------------------------------------------------------

defa                                                                            
 begin time read from input coords =     0.000 ps

 Number of triangulated 3-point waters found:      915
|  Atom division among processors:
|         0     346     691    1039    1384    1729    2077    2422
|      2767

     Sum of charges from parm topology file =  -0.00000000
     Forcing neutrality...
|  Running AMBER/MPI version on    8 nodes


--------------------------------------------------------------------------------
   4.  RESULTS
--------------------------------------------------------------------------------

|  # of SOLUTE  degrees of freedom (RNDFP):    5544.
|  # of SOLVENT degrees of freedom (RNDFS):       0.
|  NDFMIN =    5544.     NUM_NOSHAKE =      0     CORRECTED RNDFP =    5544.
|  TOTAL # of degrees of freedom (RNDF) =    5544.
 ---------------------------------------------------
 APPROXIMATING switch and d/dx switch using CUBIC SPLINE INTERPOLATION
 using   5000.0 points per unit in tabled values
 TESTING RELATIVE ERROR over r ranging from 0.0 to cutoff
| CHECK switch(x): max rel err =   0.2738E-14   at   2.422500
| CHECK d/dx switch(x): max rel err =   0.8314E-11   at   2.736960
 ---------------------------------------------------
| Local SIZE OF NONBOND LIST =      87810
| TOTAL SIZE OF NONBOND LIST =     642053

 NSTEP =        0   TIME(PS) =       0.000  TEMP(K) =     0.00  PRESS = -4939.9
 Etot   =    -12092.6181  EKtot   =         0.0000  EPtot      =    -12092.6181
 BOND   =         0.5810  ANGLE   =         3.5550  DIHED      =         9.8910
 1-4 NB =         2.3269  1-4 EEL =        42.9422  VDWAALS    =      2181.8775
 EELEC  =    -14333.8651  EHBOND  =         0.0000  RESTRAINT  =         0.0733
 EAMBER (non-restraint)  =    -12092.6914
 EKCMT  =         0.0000  VIRIAL  =      3552.6185  VOLUME     =     33308.1486
                                                    Density    =         0.8290
 Ewald error estimate:   0.5412E-04
 ------------------------------------------------------------------------------


 NSTEP =     1000   TIME(PS) =       2.000  TEMP(K) =   291.01  PRESS =  -703.0
 Etot   =     -6983.8904  EKtot   =      1603.0248  EPtot      =     -8586.9152
 BOND   =         1.3215  ANGLE   =        10.0494  DIHED      =        13.3685
 1-4 NB =         4.2267  1-4 EEL =        44.3281  VDWAALS    =      1276.6168
 EELEC  =     -9938.5997  EHBOND  =         0.0000  RESTRAINT  =         1.7734
 EAMBER (non-restraint)  =     -8588.6886
 EKCMT  =       828.0298  VIRIAL  =      1297.5456  VOLUME     =     30933.7462
                                                    Density    =         0.8927
 Ewald error estimate:   0.1204E-03
 ------------------------------------------------------------------------------


 NSTEP =     2000   TIME(PS) =       4.000  TEMP(K) =   296.13  PRESS =  -567.9
 Etot   =     -6995.1421  EKtot   =      1631.2221  EPtot      =     -8626.3643
 BOND   =         3.1113  ANGLE   =         6.4470  DIHED      =        10.5661
 1-4 NB =         2.8896  1-4 EEL =        45.2940  VDWAALS    =      1255.0579
 EELEC  =     -9952.5870  EHBOND  =         0.0000  RESTRAINT  =         2.8567
 EAMBER (non-restraint)  =     -8629.2210
 EKCMT  =       802.9771  VIRIAL  =      1166.0878  VOLUME     =     29612.3243
                                                    Density    =         0.9325
 Ewald error estimate:   0.8810E-04
 ------------------------------------------------------------------------------


 NSTEP =     3000   TIME(PS) =       6.000  TEMP(K) =   301.59  PRESS =   -13.0
 Etot   =     -7055.5995  EKtot   =      1661.3049  EPtot      =     -8716.9044
 BOND   =         2.9359  ANGLE   =        11.5698  DIHED      =         9.5536
 1-4 NB =         3.3119  1-4 EEL =        44.9613  VDWAALS    =      1317.5589
 EELEC  =    -10109.1430  EHBOND  =         0.0000  RESTRAINT  =         2.3471
 EAMBER (non-restraint)  =     -8719.2515
 EKCMT  =       818.0317  VIRIAL  =       826.0578  VOLUME     =     28620.0414
                                                    Density    =         0.9648
 Ewald error estimate:   0.5796E-04
 ------------------------------------------------------------------------------


 NSTEP =     4000   TIME(PS) =       8.000  TEMP(K) =   309.71  PRESS =  -180.3
 Etot   =     -7109.2773  EKtot   =      1706.0568  EPtot      =     -8815.3341
 BOND   =         1.7816  ANGLE   =         8.5440  DIHED      =         8.9008
 1-4 NB =         3.8358  1-4 EEL =        44.7715  VDWAALS    =      1294.6218
 EELEC  =    -10183.2768  EHBOND  =         0.0000  RESTRAINT  =         5.4871
 EAMBER (non-restraint)  =     -8820.8212
 EKCMT  =       842.7986  VIRIAL  =       952.1981  VOLUME     =     28109.3365
                                                    Density    =         0.9824
 Ewald error estimate:   0.2275E-03
 ------------------------------------------------------------------------------


 NSTEP =     5000   TIME(PS) =      10.000  TEMP(K) =   301.76  PRESS =   586.6
 Etot   =     -7092.7012  EKtot   =      1662.2256  EPtot      =     -8754.9269
 BOND   =         2.3341  ANGLE   =        10.6826  DIHED      =         9.1106
 1-4 NB =         3.1310  1-4 EEL =        45.4692  VDWAALS    =      1352.6827
 EELEC  =    -10181.9329  EHBOND  =         0.0000  RESTRAINT  =         3.5958
 EAMBER (non-restraint)  =     -8758.5227
 EKCMT  =       834.1496  VIRIAL  =       479.2075  VOLUME     =     28023.7371
                                                    Density    =         0.9854
 Ewald error estimate:   0.3573E-04
 ------------------------------------------------------------------------------


 NSTEP =     6000   TIME(PS) =      12.000  TEMP(K) =   298.55  PRESS =  -216.3
 Etot   =     -7137.1569  EKtot   =      1644.5753  EPtot      =     -8781.7321
 BOND   =         1.1967  ANGLE   =        10.7929  DIHED      =         9.5833
 1-4 NB =         3.0787  1-4 EEL =        42.2959  VDWAALS    =      1285.9784
 EELEC  =    -10138.1777  EHBOND  =         0.0000  RESTRAINT  =         3.5197
 EAMBER (non-restraint)  =     -8785.2518
 EKCMT  =       825.6356  VIRIAL  =       957.0256  VOLUME     =     28140.2695
                                                    Density    =         0.9813
 Ewald error estimate:   0.2539E-03
 ------------------------------------------------------------------------------


 NSTEP =     7000   TIME(PS) =      14.000  TEMP(K) =   293.61  PRESS =    37.2
 Etot   =     -7173.0268  EKtot   =      1617.3546  EPtot      =     -8790.3814
 BOND   =         2.8168  ANGLE   =         7.3757  DIHED      =        10.2832
 1-4 NB =         2.8258  1-4 EEL =        45.3995  VDWAALS    =      1317.8288
 EELEC  =    -10179.3576  EHBOND  =         0.0000  RESTRAINT  =         2.4464
 EAMBER (non-restraint)  =     -8792.8278
 EKCMT  =       791.7387  VIRIAL  =       769.2739  VOLUME     =     27964.5406
                                                    Density    =         0.9874
 Ewald error estimate:   0.2718E-03
 ------------------------------------------------------------------------------


 NSTEP =     8000   TIME(PS) =      16.000  TEMP(K) =   292.09  PRESS =  -264.0
 Etot   =     -7182.4539  EKtot   =      1608.9700  EPtot      =     -8791.4239
 BOND   =         4.6922  ANGLE   =         7.4405  DIHED      =        11.2008
 1-4 NB =         3.4346  1-4 EEL =        44.2379  VDWAALS    =      1268.7593
 EELEC  =    -10133.6297  EHBOND  =         0.0000  RESTRAINT  =         2.4405
 EAMBER (non-restraint)  =     -8793.8644
 EKCMT  =       805.7625  VIRIAL  =       965.1674  VOLUME     =     27969.2395
                                                    Density    =         0.9873
 Ewald error estimate:   0.4300E-03
 ------------------------------------------------------------------------------


 NSTEP =     9000   TIME(PS) =      18.000  TEMP(K) =   290.57  PRESS =  -104.2
 Etot   =     -7256.4212  EKtot   =      1600.6088  EPtot      =     -8857.0300
 BOND   =         2.4695  ANGLE   =        11.8475  DIHED      =        12.3402
 1-4 NB =         2.7319  1-4 EEL =        42.9683  VDWAALS    =      1320.1928
 EELEC  =    -10253.3675  EHBOND  =         0.0000  RESTRAINT  =         3.7873
 EAMBER (non-restraint)  =     -8860.8173
 EKCMT  =       802.9389  VIRIAL  =       865.7972  VOLUME     =     27929.7470
                                                    Density    =         0.9887
 Ewald error estimate:   0.5729E-04
 ------------------------------------------------------------------------------


 NSTEP =    10000   TIME(PS) =      20.000  TEMP(K) =   305.88  PRESS =  -446.9
 Etot   =     -7076.7333  EKtot   =      1684.9275  EPtot      =     -8761.6608
 BOND   =         3.1597  ANGLE   =         8.1777  DIHED      =        12.1668
 1-4 NB =         3.0943  1-4 EEL =        44.9059  VDWAALS    =      1235.3031
 EELEC  =    -10071.6918  EHBOND  =         0.0000  RESTRAINT  =         3.2234
 EAMBER (non-restraint)  =     -8764.8842
 EKCMT  =       832.2822  VIRIAL  =      1101.1431  VOLUME     =     27862.7307
                                                    Density    =         0.9910
 Ewald error estimate:   0.2134E-03
 ------------------------------------------------------------------------------


      A V E R A G E S   O V E R   10000 S T E P S


 NSTEP =    10000   TIME(PS) =      20.000  TEMP(K) =   293.66  PRESS =  -199.2
 Etot   =     -7160.8893  EKtot   =      1617.6165  EPtot      =     -8778.5058
 BOND   =         3.2731  ANGLE   =         9.6878  DIHED      =        10.8888
 1-4 NB =         3.1674  1-4 EEL =        44.6564  VDWAALS    =      1310.6521
 EELEC  =    -10163.8804  EHBOND  =         0.0000  RESTRAINT  =         3.0490
 EAMBER (non-restraint)  =     -8781.5548
 EKCMT  =       807.8511  VIRIAL  =       939.0661  VOLUME     =     28748.1077
                                                    Density    =         0.9623
 Ewald error estimate:   0.1854E-03
 ------------------------------------------------------------------------------


      R M S  F L U C T U A T I O N S


 NSTEP =    10000   TIME(PS) =      20.000  TEMP(K) =    26.50  PRESS =   425.0
 Etot   =       307.6683  EKtot   =       145.9589  EPtot      =       170.5721
 BOND   =         1.4862  ANGLE   =         2.4553  DIHED      =         1.3471
 1-4 NB =         0.7027  1-4 EEL =         1.8430  VDWAALS    =        87.0674
 EELEC  =       246.3698  EHBOND  =         0.0000  RESTRAINT  =         1.2319
 EAMBER (non-restraint)  =       169.3403
 EKCMT  =        72.6178  VIRIAL  =       252.5295  VOLUME     =      1278.8512
                                                    Density    =         0.0398
 Ewald error estimate:   0.1407E-03
 ------------------------------------------------------------------------------


--------------------------------------------------------------------------------
   5.  TIMINGS
--------------------------------------------------------------------------------

|>>>>>>>>PROFILE of Average TIMES>>>>>>>>> 
|                Build the list             7.28 (97.17% of List )
|                Other                      0.21 ( 2.83% of List )
|             List time                  7.49 ( 9.47% of Nonbo)
|                   Short_ene time            46.38 (96.13% of Direc)
|                   Other                      1.86 ( 3.87% of Direc)
|                Direct Ewald time         48.24 (67.41% of Ewald)
|                Adjust Ewald time          0.25 ( 0.35% of Ewald)
|                   Fill Bspline coeffs        1.12 ( 6.59% of Recip)
|                   Fill charge grid           0.93 ( 5.45% of Recip)
|                   Scalar sum                 4.26 (24.99% of Recip)
|                   Grad sum                   2.08 (12.19% of Recip)
|                      FFT back comm time         1.40 (17.73% of FFT t)
|                      Other                      6.49 (82.27% of FFT t)
|                   FFT time                   7.89 (46.34% of Recip)
|                   Other                      0.76 ( 4.44% of Recip)
|                Recip Ewald time          17.03 (23.80% of Ewald)
|                Force Adjust               5.63 ( 7.86% of Ewald)
|                Virial junk                0.38 ( 0.53% of Ewald)
|                Other                      0.03 ( 0.05% of Ewald)
|             Ewald time                71.57 (90.52% of Nonbo)
|             Other                      0.01 ( 0.01% of Nonbo)
|          Nonbond force             79.06 (98.75% of Force)
|          Bond/Angle/Dihedral        0.11 ( 0.14% of Force)
|          FRC Collect time           0.70 ( 0.87% of Force)
|          Other                      0.19 ( 0.24% of Force)
|       Force time                80.06 (93.00% of Runmd)
|       Shake time                 0.29 ( 0.34% of Runmd)
|       Verlet update time         2.99 ( 3.48% of Runmd)
|       Ekcmr time                 1.69 ( 1.96% of Runmd)
|       CRD distribute time        0.38 ( 0.45% of Runmd)
|       Other                      0.67 ( 0.78% of Runmd)
|    Runmd Time                86.09 (99.80% of Total)
|    Other                      0.17 ( 0.20% of Total)
| Total time                86.26 (100.0% of ALL  )

| Number of list builds   :        905

| Highest rstack allocated:      38911
| Highest istack allocated:        819

| Final Performance Info:
| -----------------------------------------------------
| Average timings for all steps:
|     Elapsed(s) =      86.34 Per Step(ms) =       8.63
|         ns/day =      20.01   seconds/ns =    4316.90
| -----------------------------------------------------

|           Job began  at 13:50:17.966  on 03/14/2017
|           Setup done at 13:50:18.184  on 03/14/2017
|           Run   done at 13:51:44.403  on 03/14/2017
|     wallclock() was called  571877 times
