
          -------------------------------------------------------
          Amber 16 SANDER                              2016
          -------------------------------------------------------

| Run on 03/14/2017 at 14:12:42

|   Executable path: sander.MPI
| Working directory: /home/steboss/projects/mdgx-tests/alanine/IPOLQ/input/PhiPsi_1/165/45
|          Hostname: node011

  [-O]verwriting output

File Assignments:
|  MDIN: min.in                                                                
| MDOUT: Conf45.min.out                                                        
|INPCRD: Conf45.crd                                                            
|  PARM: Conf45.top                                                            
|RESTRT: Conf45.min                                                            
|  REFC: Conf45.crd                                                            
| MDVEL: mdvel                                                                 
| MDFRC: mdfrc                                                                 
|  MDEN: mden                                                                  
| MDCRD: mdcrd                                                                 
|MDINFO: mdinfo                                                                
|  MTMD: mtmd                                                                  
|INPDIP: inpdip                                                                
|RSTDIP: rstdip                                                                
|INPTRA: inptraj                                                               

|    REMLOG: rem.log
|   REMTYPE: rem.type
|  REMSTRIP: 
|   SAVEENE: saveene
|CLUSTERINF: cluster.info
| RESERVOIR: reserv/frame
|   REMDDIM: 


 Here is the input file:

Initial minimization                                                           
 &cntrl                                                                        
  ntx    = 1,       irest  = 0,       ntrx   = 1,      ntxo   = 1,             
  ntpr   = 20,      ntwx   = 0,       ntwv   = 0,      ntwe   = 0,             
                                                                               
  ntf    = 1,       ntb    = 1,                                                
  ntc    = 1,       ntr    = 1,                                                
  restraintmask = ':1',                                                        
  restraint_wt = 100.0,                                                        
  cut    = 9.0,                                                                
                                                                               
  imin   = 1,                                                                  
  maxcyc = 1000,                                                               
  ncyc   = 100,                                                                
                                                                               
 &end                                                                          

--------------------------------------------------------------------------------
   1.  RESOURCE   USE: 
--------------------------------------------------------------------------------

| Flags: MPI                                                                    
 getting new box info from bottom of inpcrd
|  INFO: Old style inpcrd file read

| peek_ewald_inpcrd: Box info found
|Largest sphere to fit in unit cell has radius =    14.527
| New format PARM file being parsed.
| Version =    1.000 Date = 03/14/17 Time = 13:38:29
 NATOM  =    2893 NTYPES =       9 NBONH =    2883 MBONA  =       9
 NTHETH =      25 MTHETA =      11 NPHIH =      43 MPHIA  =      24
 NHPARM =       0 NPARM  =       0 NNB   =    3927 NRES   =     960
 NBONA  =       9 NTHETA =      11 NPHIA =      24 NUMBND =      10
 NUMANG =      16 NPTRA  =      19 NATYP =       9 NPHB   =       1
 IFBOX  =       2 NMXRS  =      10 IFCAP =       0 NEXTRA =       0
 NCOPY  =       0


|     Memory Use     Allocated
|     Real              332889
|     Hollerith           9641
|     Integer            88956
|     Max Pairs         320880
|     nblistReal         34716
|     nblist Int         87911
|       Total             4853 kbytes

| Note: 1-4 EEL scale factors are being read from the topology file.

| Note: 1-4 VDW scale factors are being read from the topology file.
| Duplicated    0 dihedrals
| Duplicated    0 dihedrals

     BOX TYPE: TRUNCATED OCTAHEDRON

--------------------------------------------------------------------------------
   2.  CONTROL  DATA  FOR  THE  RUN
--------------------------------------------------------------------------------

default_name                                                                    

General flags:
     imin    =       1, nmropt  =       0

Nature and format of input:
     ntx     =       1, irest   =       0, ntrx    =       1

Nature and format of output:
     ntxo    =       1, ntpr    =      20, ntrx    =       1, ntwr    =       1
     iwrap   =       0, ntwx    =       0, ntwv    =       0, ntwe    =       0
     ioutfm  =       1, ntwprt  =       0, idecomp =       0, rbornstat=      0

Potential function:
     ntf     =       1, ntb     =       1, igb     =       0, nsnb    =      25
     ipol    =       0, gbsa    =       0, iesp    =       0
     dielc   =   1.00000, cut     =   9.00000, intdiel =   1.00000

Frozen or restrained atoms:
     ibelly  =       0, ntr     =       1
     restraint_wt = 100.00000

Energy minimization:
     maxcyc  =    1000, ncyc    =     100, ntmin   =       1
     dx0     =   0.01000, drms    =   0.00010

Ewald parameters:
     verbose =       0, ew_type =       0, nbflag  =       1, use_pme =       1
     vdwmeth =       1, eedmeth =       1, netfrc  =       0
     Box X =   35.585   Box Y =   35.585   Box Z =   35.585
     Alpha =  109.471   Beta  =  109.471   Gamma =  109.471
     NFFT1 =   36       NFFT2 =   36       NFFT3 =   36
     Cutoff=    9.000   Tol   =0.100E-04
     Ewald Coefficient =  0.30768
     Interpolation order =    4

| MPI Timing options:
|      profile_mpi =        0

    LOADING THE CONSTRAINED ATOMS AS GROUPS


   5.  REFERENCE ATOM COORDINATES

  defa
     Mask :1; matches     6 atoms

--------------------------------------------------------------------------------
   3.  ATOMIC COORDINATES AND VELOCITIES
--------------------------------------------------------------------------------

default_name                                                                    
 begin time read from input coords =     0.000 ps

 Number of triangulated 3-point waters found:      957
|  Atom division among processors:
|         0     361     724    1084    1444    1807    2167    2527
|      2893

     Sum of charges from parm topology file =  -0.00000000
     Forcing neutrality...
|  Running AMBER/MPI version on    8 nodes


--------------------------------------------------------------------------------
   4.  RESULTS
--------------------------------------------------------------------------------

 ---------------------------------------------------
 APPROXIMATING switch and d/dx switch using CUBIC SPLINE INTERPOLATION
 using   5000.0 points per unit in tabled values
 TESTING RELATIVE ERROR over r ranging from 0.0 to cutoff
| CHECK switch(x): max rel err =   0.2738E-14   at   2.422500
| CHECK d/dx switch(x): max rel err =   0.8314E-11   at   2.736960
 ---------------------------------------------------
| Local SIZE OF NONBOND LIST =      93106
| TOTAL SIZE OF NONBOND LIST =     671971


   NSTEP       ENERGY          RMS            GMAX         NAME    NUMBER
      1      -8.0996E+03     1.2257E+01     6.1713E+01     O         299

 BOND    =        0.9345  ANGLE   =        1.2989  DIHED      =       10.6178
 VDWAALS =      920.4534  EEL     =    -9080.9014  HBOND      =        0.0000
 1-4 VDW =        3.4771  1-4 EEL =       44.4726  RESTRAINT  =        0.0000


   NSTEP       ENERGY          RMS            GMAX         NAME    NUMBER
     20      -8.9582E+03     2.7515E+00     1.9978E+01     O         383

 BOND    =      475.4486  ANGLE   =        1.3032  DIHED      =       10.5887
 VDWAALS =      869.6930  EEL     =   -10363.0390  HBOND      =        0.0000
 1-4 VDW =        3.4485  1-4 EEL =       44.3348  RESTRAINT  =        0.0673
 EAMBER  =    -8958.2222


   NSTEP       ENERGY          RMS            GMAX         NAME    NUMBER
     40      -9.6225E+03     2.1505E+00     9.2744E+00     H1       2406

 BOND    =      504.7009  ANGLE   =        1.3241  DIHED      =       10.4205
 VDWAALS =      909.6613  EEL     =   -11096.2973  HBOND      =        0.0000
 1-4 VDW =        3.3883  1-4 EEL =       44.1348  RESTRAINT  =        0.1347
 EAMBER  =    -9622.6675


   NSTEP       ENERGY          RMS            GMAX         NAME    NUMBER
     60      -9.8598E+03     3.3703E+00     1.0704E+01     H2       1363

 BOND    =      499.9794  ANGLE   =        1.3165  DIHED      =       10.3175
 VDWAALS =      944.0193  EEL     =   -11363.0065  HBOND      =        0.0000
 1-4 VDW =        3.3641  1-4 EEL =       44.0941  RESTRAINT  =        0.1315
 EAMBER  =    -9859.9156


   NSTEP       ENERGY          RMS            GMAX         NAME    NUMBER
     80      -1.0015E+04     3.9539E+00     1.3360E+01     H2       1363

 BOND    =      506.9454  ANGLE   =        1.3027  DIHED      =       10.2310
 VDWAALS =      978.8348  EEL     =   -11560.2594  HBOND      =        0.0000
 1-4 VDW =        3.3533  1-4 EEL =       44.0908  RESTRAINT  =        0.1286
 EAMBER  =   -10015.5013


   NSTEP       ENERGY          RMS            GMAX         NAME    NUMBER
    100      -1.0153E+04     9.4473E-01     4.4847E+00     H1        843

 BOND    =      601.4363  ANGLE   =        1.2812  DIHED      =       10.1561
 VDWAALS =     1013.0956  EEL     =   -11826.8978  HBOND      =        0.0000
 1-4 VDW =        3.3529  1-4 EEL =       44.0996  RESTRAINT  =        0.1269
 EAMBER  =   -10153.4761


   NSTEP       ENERGY          RMS            GMAX         NAME    NUMBER
    120      -1.0627E+04     4.4059E+00     9.4057E+01     H2        433

 BOND    =      739.3187  ANGLE   =        1.3063  DIHED      =        9.5680
 VDWAALS =     1415.3454  EEL     =   -12840.5255  HBOND      =        0.0000
 1-4 VDW =        3.4403  1-4 EEL =       44.4174  RESTRAINT  =        0.1528
 EAMBER  =   -10627.1294


   NSTEP       ENERGY          RMS            GMAX         NAME    NUMBER
    140      -1.0785E+04     1.6943E+00     2.9181E+01     H1        408

 BOND    =      711.5497  ANGLE   =        1.3603  DIHED      =        9.4440
 VDWAALS =     1415.1377  EEL     =   -12971.0786  HBOND      =        0.0000
 1-4 VDW =        3.5149  1-4 EEL =       44.4563  RESTRAINT  =        0.1489
 EAMBER  =   -10785.6156


   NSTEP       ENERGY          RMS            GMAX         NAME    NUMBER
    160      -1.0898E+04     2.1493E+00     3.3840E+01     O        1151

 BOND    =      703.1052  ANGLE   =        1.3051  DIHED      =        9.3104
 VDWAALS =     1440.8677  EEL     =   -13100.6643  HBOND      =        0.0000
 1-4 VDW =        3.5688  1-4 EEL =       44.6462  RESTRAINT  =        0.1942
 EAMBER  =   -10897.8608


   NSTEP       ENERGY          RMS            GMAX         NAME    NUMBER
    180      -1.0991E+04     1.0461E+00     1.8377E+01     O         740

 BOND    =      754.1661  ANGLE   =        1.0694  DIHED      =        9.2365
 VDWAALS =     1556.2829  EEL     =   -13360.1411  HBOND      =        0.0000
 1-4 VDW =        3.5236  1-4 EEL =       44.4506  RESTRAINT  =        0.2052
 EAMBER  =   -10991.4120


   NSTEP       ENERGY          RMS            GMAX         NAME    NUMBER
    200      -1.1079E+04     1.4552E+00     3.8561E+01     N           7

 BOND    =      765.2609  ANGLE   =        2.2223  DIHED      =        9.0841
 VDWAALS =     1597.5091  EEL     =   -13501.3911  HBOND      =        0.0000
 1-4 VDW =        3.7619  1-4 EEL =       44.3795  RESTRAINT  =        0.3361
 EAMBER  =   -11079.1733


   NSTEP       ENERGY          RMS            GMAX         NAME    NUMBER
    220      -1.1127E+04     1.8140E+00     5.7523E+01     C           5

 BOND    =      748.9613  ANGLE   =        3.9516  DIHED      =        9.1210
 VDWAALS =     1641.1399  EEL     =   -13578.5253  HBOND      =        0.0000
 1-4 VDW =        3.7351  1-4 EEL =       44.2056  RESTRAINT  =        0.6744
 EAMBER  =   -11127.4107


   NSTEP       ENERGY          RMS            GMAX         NAME    NUMBER
    240      -1.1198E+04     7.6563E-01     2.2809E+01     C           5

 BOND    =      787.0856  ANGLE   =        0.9137  DIHED      =        9.0002
 VDWAALS =     1692.3892  EEL     =   -13735.7165  HBOND      =        0.0000
 1-4 VDW =        3.5988  1-4 EEL =       44.1729  RESTRAINT  =        0.1471
 EAMBER  =   -11198.5561


   NSTEP       ENERGY          RMS            GMAX         NAME    NUMBER
    260      -1.1226E+04     7.1875E-01     2.0855E+01     C           5

 BOND    =      778.4558  ANGLE   =        1.0131  DIHED      =        9.0316
 VDWAALS =     1713.7367  EEL     =   -13776.4300  HBOND      =        0.0000
 1-4 VDW =        3.5513  1-4 EEL =       44.4195  RESTRAINT  =        0.3303
 EAMBER  =   -11226.2220


   NSTEP       ENERGY          RMS            GMAX         NAME    NUMBER
    280      -1.1311E+04     7.9197E-01     1.3114E+01     CB         11

 BOND    =      813.8269  ANGLE   =        1.5123  DIHED      =        8.8877
 VDWAALS =     1854.1592  EEL     =   -14037.4824  HBOND      =        0.0000
 1-4 VDW =        3.5267  1-4 EEL =       43.9830  RESTRAINT  =        0.1215
 EAMBER  =   -11311.5867


   NSTEP       ENERGY          RMS            GMAX         NAME    NUMBER
    300      -1.1357E+04     7.3565E-01     1.7692E+01     C          15

 BOND    =      815.0300  ANGLE   =        1.3225  DIHED      =        8.8448
 VDWAALS =     1848.9567  EEL     =   -14079.3107  HBOND      =        0.0000
 1-4 VDW =        3.5911  1-4 EEL =       44.5012  RESTRAINT  =        0.2248
 EAMBER  =   -11357.0645


   NSTEP       ENERGY          RMS            GMAX         NAME    NUMBER
    320      -1.1380E+04     1.4918E+00     4.2748E+01     C          15

 BOND    =      818.7860  ANGLE   =        2.2224  DIHED      =        8.8926
 VDWAALS =     1883.2444  EEL     =   -14141.7853  HBOND      =        0.0000
 1-4 VDW =        3.6488  1-4 EEL =       44.3594  RESTRAINT  =        0.4611
 EAMBER  =   -11380.6317


   NSTEP       ENERGY          RMS            GMAX         NAME    NUMBER
    340      -1.1441E+04     5.8170E-01     1.4402E+01     CH3        19

 BOND    =      834.1392  ANGLE   =        1.4049  DIHED      =        8.8018
 VDWAALS =     1925.8689  EEL     =   -14258.6425  HBOND      =        0.0000
 1-4 VDW =        3.5544  1-4 EEL =       43.9536  RESTRAINT  =        0.0874
 EAMBER  =   -11440.9197


   NSTEP       ENERGY          RMS            GMAX         NAME    NUMBER
    360      -1.1456E+04     7.7278E-01     1.7489E+01     C          15

 BOND    =      833.4609  ANGLE   =        1.5096  DIHED      =        8.9100
 VDWAALS =     1936.6246  EEL     =   -14284.4661  HBOND      =        0.0000
 1-4 VDW =        3.5205  1-4 EEL =       44.2472  RESTRAINT  =        0.1205
 EAMBER  =   -11456.1934


   NSTEP       ENERGY          RMS            GMAX         NAME    NUMBER
    380      -1.1479E+04     5.8012E-01     1.4742E+01     N          17

 BOND    =      838.3473  ANGLE   =        2.2233  DIHED      =        8.8310
 VDWAALS =     1971.2696  EEL     =   -14347.4183  HBOND      =        0.0000
 1-4 VDW =        3.4042  1-4 EEL =       44.0606  RESTRAINT  =        0.2433
 EAMBER  =   -11479.2822


   NSTEP       ENERGY          RMS            GMAX         NAME    NUMBER
    400      -1.1500E+04     4.9633E-01     1.3009E+01     CH3         2

 BOND    =      842.6758  ANGLE   =        1.5766  DIHED      =        8.6616
 VDWAALS =     1980.1666  EEL     =   -14380.1797  HBOND      =        0.0000
 1-4 VDW =        3.5160  1-4 EEL =       43.8694  RESTRAINT  =        0.1378
 EAMBER  =   -11499.7137


   NSTEP       ENERGY          RMS            GMAX         NAME    NUMBER
    420      -1.1513E+04     5.7466E-01     1.6100E+01     C          15

 BOND    =      844.9881  ANGLE   =        1.6887  DIHED      =        8.6958
 VDWAALS =     1993.5906  EEL     =   -14409.3849  HBOND      =        0.0000
 1-4 VDW =        3.4693  1-4 EEL =       43.6772  RESTRAINT  =        0.1426
 EAMBER  =   -11513.2753


   NSTEP       ENERGY          RMS            GMAX         NAME    NUMBER
    440      -1.1530E+04     4.1871E-01     9.8997E+00     C          15

 BOND    =      849.3538  ANGLE   =        1.0483  DIHED      =        8.8819
 VDWAALS =     2006.2054  EEL     =   -14443.5312  HBOND      =        0.0000
 1-4 VDW =        3.5440  1-4 EEL =       44.1704  RESTRAINT  =        0.0613
 EAMBER  =   -11530.3273


   NSTEP       ENERGY          RMS            GMAX         NAME    NUMBER
    460      -1.1543E+04     5.8662E-01     1.9199E+01     C          15

 BOND    =      850.4744  ANGLE   =        1.2396  DIHED      =        8.8698
 VDWAALS =     2017.4500  EEL     =   -14468.6827  HBOND      =        0.0000
 1-4 VDW =        3.5050  1-4 EEL =       44.2833  RESTRAINT  =        0.1003
 EAMBER  =   -11542.8606


   NSTEP       ENERGY          RMS            GMAX         NAME    NUMBER
    480      -1.1559E+04     4.3805E-01     1.2108E+01     N          17

 BOND    =      853.7181  ANGLE   =        2.2213  DIHED      =        8.7681
 VDWAALS =     2039.1414  EEL     =   -14510.2044  HBOND      =        0.0000
 1-4 VDW =        3.3380  1-4 EEL =       43.8671  RESTRAINT  =        0.2115
 EAMBER  =   -11559.1504


   NSTEP       ENERGY          RMS            GMAX         NAME    NUMBER
    500      -1.1573E+04     5.1212E-01     1.3576E+01     C           5

 BOND    =      854.4837  ANGLE   =        1.7515  DIHED      =        8.5986
 VDWAALS =     2048.1709  EEL     =   -14533.7643  HBOND      =        0.0000
 1-4 VDW =        3.4572  1-4 EEL =       43.7327  RESTRAINT  =        0.1507
 EAMBER  =   -11573.5698


   NSTEP       ENERGY          RMS            GMAX         NAME    NUMBER
    520      -1.1584E+04     4.8990E-01     1.0968E+01     C          15

 BOND    =      861.8305  ANGLE   =        1.4294  DIHED      =        8.6019
 VDWAALS =     2058.1479  EEL     =   -14560.9340  HBOND      =        0.0000
 1-4 VDW =        3.4985  1-4 EEL =       43.7374  RESTRAINT  =        0.1114
 EAMBER  =   -11583.6884


   NSTEP       ENERGY          RMS            GMAX         NAME    NUMBER
    540      -1.1597E+04     4.2452E-01     1.0551E+01     HH33       22

 BOND    =      859.9136  ANGLE   =        1.2153  DIHED      =        8.8873
 VDWAALS =     2067.7345  EEL     =   -14582.4187  HBOND      =        0.0000
 1-4 VDW =        3.5757  1-4 EEL =       44.1525  RESTRAINT  =        0.0364
 EAMBER  =   -11596.9398


   NSTEP       ENERGY          RMS            GMAX         NAME    NUMBER
    560      -1.1607E+04     5.2430E-01     1.5279E+01     O           6

 BOND    =      864.8916  ANGLE   =        1.2480  DIHED      =        8.7816
 VDWAALS =     2076.1301  EEL     =   -14605.6217  HBOND      =        0.0000
 1-4 VDW =        3.4811  1-4 EEL =       44.2717  RESTRAINT  =        0.1065
 EAMBER  =   -11606.8175


   NSTEP       ENERGY          RMS            GMAX         NAME    NUMBER
    580      -1.1618E+04     3.3531E-01     8.9920E+00     N          17

 BOND    =      864.5902  ANGLE   =        1.6947  DIHED      =        8.6462
 VDWAALS =     2089.7276  EEL     =   -14629.9192  HBOND      =        0.0000
 1-4 VDW =        3.3539  1-4 EEL =       43.8150  RESTRAINT  =        0.1364
 EAMBER  =   -11618.0918


   NSTEP       ENERGY          RMS            GMAX         NAME    NUMBER
    600      -1.1629E+04     4.6454E-01     1.2429E+01     CH3         2

 BOND    =      866.1873  ANGLE   =        1.6467  DIHED      =        8.5645
 VDWAALS =     2100.2811  EEL     =   -14653.1683  HBOND      =        0.0000
 1-4 VDW =        3.4678  1-4 EEL =       43.6392  RESTRAINT  =        0.1541
 EAMBER  =   -11629.3816


   NSTEP       ENERGY          RMS            GMAX         NAME    NUMBER
    620      -1.1638E+04     3.9508E-01     1.2213E+01     C           5

 BOND    =      871.9880  ANGLE   =        1.3249  DIHED      =        8.5521
 VDWAALS =     2107.8642  EEL     =   -14674.6350  HBOND      =        0.0000
 1-4 VDW =        3.4520  1-4 EEL =       43.7276  RESTRAINT  =        0.0864
 EAMBER  =   -11637.7262


   NSTEP       ENERGY          RMS            GMAX         NAME    NUMBER
    640      -1.1647E+04     3.9468E-01     1.2088E+01     C          15

 BOND    =      871.0808  ANGLE   =        1.0638  DIHED      =        8.7920
 VDWAALS =     2115.8975  EEL     =   -14691.6862  HBOND      =        0.0000
 1-4 VDW =        3.5648  1-4 EEL =       44.1186  RESTRAINT  =        0.0384
 EAMBER  =   -11647.1685


   NSTEP       ENERGY          RMS            GMAX         NAME    NUMBER
    660      -1.1655E+04     4.8323E-01     1.1688E+01     C           5

 BOND    =      875.0464  ANGLE   =        1.1594  DIHED      =        8.6659
 VDWAALS =     2124.2844  EEL     =   -14712.3300  HBOND      =        0.0000
 1-4 VDW =        3.4985  1-4 EEL =       44.1340  RESTRAINT  =        0.0818
 EAMBER  =   -11655.5413


   NSTEP       ENERGY          RMS            GMAX         NAME    NUMBER
    680      -1.1665E+04     3.4016E-01     9.4773E+00     N          17

 BOND    =      874.3193  ANGLE   =        1.8024  DIHED      =        8.6233
 VDWAALS =     2135.9933  EEL     =   -14732.9390  HBOND      =        0.0000
 1-4 VDW =        3.3397  1-4 EEL =       43.7549  RESTRAINT  =        0.1281
 EAMBER  =   -11665.1060


   NSTEP       ENERGY          RMS            GMAX         NAME    NUMBER
    700      -1.1675E+04     4.7502E-01     1.5474E+01     C           5

 BOND    =      876.4271  ANGLE   =        1.7834  DIHED      =        8.5333
 VDWAALS =     2145.0793  EEL     =   -14754.5808  HBOND      =        0.0000
 1-4 VDW =        3.4751  1-4 EEL =       43.6054  RESTRAINT  =        0.1913
 EAMBER  =   -11675.6772


   NSTEP       ENERGY          RMS            GMAX         NAME    NUMBER
    720      -1.1684E+04     3.8321E-01     1.0836E+01     C           5

 BOND    =      881.2998  ANGLE   =        1.3649  DIHED      =        8.5307
 VDWAALS =     2151.3218  EEL     =   -14773.3741  HBOND      =        0.0000
 1-4 VDW =        3.4138  1-4 EEL =       43.7086  RESTRAINT  =        0.0818
 EAMBER  =   -11683.7346


   NSTEP       ENERGY          RMS            GMAX         NAME    NUMBER
    740      -1.1692E+04     2.6902E-01     9.0875E+00     CH3        19

 BOND    =      879.5166  ANGLE   =        1.1146  DIHED      =        8.6629
 VDWAALS =     2157.7776  EEL     =   -14786.2086  HBOND      =        0.0000
 1-4 VDW =        3.5474  1-4 EEL =       43.9965  RESTRAINT  =        0.0266
 EAMBER  =   -11691.5930


   NSTEP       ENERGY          RMS            GMAX         NAME    NUMBER
    760      -1.1703E+04     5.5392E-01     1.5320E+01     O           6

 BOND    =      882.8424  ANGLE   =        1.4405  DIHED      =        8.5713
 VDWAALS =     2169.9422  EEL     =   -14813.3335  HBOND      =        0.0000
 1-4 VDW =        3.3984  1-4 EEL =       44.0317  RESTRAINT  =        0.1498
 EAMBER  =   -11703.1071


   NSTEP       ENERGY          RMS            GMAX         NAME    NUMBER
    780      -1.1711E+04     2.7883E-01     7.0865E+00     C          15

 BOND    =      884.2353  ANGLE   =        1.6122  DIHED      =        8.5673
 VDWAALS =     2178.2906  EEL     =   -14830.9845  HBOND      =        0.0000
 1-4 VDW =        3.4242  1-4 EEL =       43.8895  RESTRAINT  =        0.0709
 EAMBER  =   -11710.9653


   NSTEP       ENERGY          RMS            GMAX         NAME    NUMBER
    800      -1.1720E+04     3.9434E-01     1.1056E+01     CH3         2

 BOND    =      887.0512  ANGLE   =        1.3566  DIHED      =        8.5385
 VDWAALS =     2188.9482  EEL     =   -14853.0146  HBOND      =        0.0000
 1-4 VDW =        3.5589  1-4 EEL =       43.7302  RESTRAINT  =        0.1354
 EAMBER  =   -11719.8309


   NSTEP       ENERGY          RMS            GMAX         NAME    NUMBER
    820      -1.1726E+04     3.1888E-01     8.6313E+00     C          15

 BOND    =      885.7387  ANGLE   =        1.1600  DIHED      =        8.5314
 VDWAALS =     2193.0256  EEL     =   -14861.7856  HBOND      =        0.0000
 1-4 VDW =        3.4951  1-4 EEL =       43.8397  RESTRAINT  =        0.0514
 EAMBER  =   -11725.9952


   NSTEP       ENERGY          RMS            GMAX         NAME    NUMBER
    840      -1.1732E+04     2.3403E-01     5.1249E+00     HB3        14

 BOND    =      889.8158  ANGLE   =        1.2246  DIHED      =        8.5486
 VDWAALS =     2198.3202  EEL     =   -14877.4669  HBOND      =        0.0000
 1-4 VDW =        3.4376  1-4 EEL =       43.8922  RESTRAINT  =        0.0254
 EAMBER  =   -11732.2281


   NSTEP       ENERGY          RMS            GMAX         NAME    NUMBER
    860      -1.1741E+04     4.5160E-01     1.2235E+01     C           5

 BOND    =      890.1518  ANGLE   =        1.1600  DIHED      =        8.5582
 VDWAALS =     2206.1992  EEL     =   -14894.6393  HBOND      =        0.0000
 1-4 VDW =        3.4754  1-4 EEL =       44.1074  RESTRAINT  =        0.0960
 EAMBER  =   -11740.9873


   NSTEP       ENERGY          RMS            GMAX         NAME    NUMBER
    880      -1.1746E+04     4.3796E-01     2.0801E+01     C          15

 BOND    =      893.6317  ANGLE   =        1.3534  DIHED      =        8.5148
 VDWAALS =     2210.0119  EEL     =   -14907.1469  HBOND      =        0.0000
 1-4 VDW =        3.4375  1-4 EEL =       43.9722  RESTRAINT  =        0.0381
 EAMBER  =   -11746.2254


   NSTEP       ENERGY          RMS            GMAX         NAME    NUMBER
    900      -1.1753E+04     4.2431E-01     1.4542E+01     C           5

 BOND    =      892.6392  ANGLE   =        1.6835  DIHED      =        8.5084
 VDWAALS =     2215.3358  EEL     =   -14918.5079  HBOND      =        0.0000
 1-4 VDW =        3.4650  1-4 EEL =       43.6366  RESTRAINT  =        0.1116
 EAMBER  =   -11753.2395


   NSTEP       ENERGY          RMS            GMAX         NAME    NUMBER
    920      -1.1759E+04     2.5386E-01     4.7430E+00     N          17

 BOND    =      892.0146  ANGLE   =        1.2181  DIHED      =        8.4836
 VDWAALS =     2217.3189  EEL     =   -14925.7447  HBOND      =        0.0000
 1-4 VDW =        3.4253  1-4 EEL =       43.8592  RESTRAINT  =        0.0360
 EAMBER  =   -11759.4251


   NSTEP       ENERGY          RMS            GMAX         NAME    NUMBER
    940      -1.1764E+04     2.7353E-01     7.7024E+00     CH3        19

 BOND    =      895.0542  ANGLE   =        1.3665  DIHED      =        8.5579
 VDWAALS =     2218.5918  EEL     =   -14935.0505  HBOND      =        0.0000
 1-4 VDW =        3.4509  1-4 EEL =       43.9768  RESTRAINT  =        0.0193
 EAMBER  =   -11764.0524


   NSTEP       ENERGY          RMS            GMAX         NAME    NUMBER
    960      -1.1772E+04     4.2456E-01     1.1889E+01     C           5

 BOND    =      894.0800  ANGLE   =        1.2837  DIHED      =        8.5054
 VDWAALS =     2221.4673  EEL     =   -14944.9219  HBOND      =        0.0000
 1-4 VDW =        3.4056  1-4 EEL =       44.0384  RESTRAINT  =        0.0894
 EAMBER  =   -11772.1415


   NSTEP       ENERGY          RMS            GMAX         NAME    NUMBER
    980      -1.1778E+04     3.0674E-01     9.3820E+00     N          17

 BOND    =      895.6751  ANGLE   =        1.3111  DIHED      =        8.4682
 VDWAALS =     2223.7974  EEL     =   -14954.6005  HBOND      =        0.0000
 1-4 VDW =        3.4367  1-4 EEL =       43.8992  RESTRAINT  =        0.0287
 EAMBER  =   -11778.0129


   NSTEP       ENERGY          RMS            GMAX         NAME    NUMBER
   1000      -1.1785E+04     3.4832E-01     7.6976E+00     CB         11

 BOND    =      898.6037  ANGLE   =        1.4560  DIHED      =        8.4789
 VDWAALS =     2226.6528  EEL     =   -14967.3407  HBOND      =        0.0000
 1-4 VDW =        3.5120  1-4 EEL =       43.7035  RESTRAINT  =        0.0835
 EAMBER  =   -11784.9338


  Maximum number of minimization cycles reached.


                    FINAL RESULTS



   NSTEP       ENERGY          RMS            GMAX         NAME    NUMBER
   1000      -1.1785E+04     3.4832E-01     7.6976E+00     CB         11

 BOND    =      898.6037  ANGLE   =        1.4560  DIHED      =        8.4789
 VDWAALS =     2226.6528  EEL     =   -14967.3407  HBOND      =        0.0000
 1-4 VDW =        3.5120  1-4 EEL =       43.7035  RESTRAINT  =        0.0835
 EAMBER  =   -11784.9338

--------------------------------------------------------------------------------
   5.  TIMINGS
--------------------------------------------------------------------------------

|                Build the list             0.07 (50.73% of List )
|                Other                      0.06 (49.27% of List )
|             List time                  0.13 ( 1.47% of Nonbo)
|                   Short_ene time             5.57 (96.19% of Direc)
|                   Other                      0.22 ( 3.81% of Direc)
|                Direct Ewald time          5.79 (65.96% of Ewald)
|                Adjust Ewald time          0.04 ( 0.45% of Ewald)
|                Self Ewald time            0.00 ( 0.02% of Ewald)
|                   Fill Bspline coeffs        0.14 ( 5.90% of Recip)
|                   Fill charge grid           0.11 ( 4.57% of Recip)
|                   Scalar sum                 0.50 (20.45% of Recip)
|                   Grad sum                   0.27 (11.16% of Recip)
|                      FFT back comm time         0.25 (18.47% of FFT t)
|                      Other                      1.12 (81.53% of FFT t)
|                   FFT time                   1.37 (55.76% of Recip)
|                   Other                      0.05 ( 2.16% of Recip)
|                Recip Ewald time           2.46 (27.97% of Ewald)
|                Force Adjust               0.41 ( 4.67% of Ewald)
|                Virial junk                0.08 ( 0.87% of Ewald)
|                Start synchronizatio       0.00 ( 0.01% of Ewald)
|                Other                      0.00 ( 0.05% of Ewald)
|             Ewald time                 8.78 (98.52% of Nonbo)
|             Other                      0.00 ( 0.01% of Nonbo)
|          Nonbond force              8.91 (90.17% of Force)
|          Bond/Angle/Dihedral        0.03 ( 0.32% of Force)
|          FRC Collect time           0.18 ( 1.81% of Force)
|          Other                      0.76 ( 7.69% of Force)
|       Force time                 9.88 (100.0% of Runmd)
|    Runmd Time                 9.88 ( 5.27% of Total)
|    Other                    177.46 (94.72% of Total)
| Total time               187.34 (100.0% of ALL  )

| Highest rstack allocated:      39937
| Highest istack allocated:        857
|           Job began  at 14:12:42.360  on 03/14/2017
|           Setup done at 14:12:42.696  on 03/14/2017
|           Run   done at 14:15:49.711  on 03/14/2017
|     wallclock() was called   44068 times
