
          -------------------------------------------------------
          Amber 16 SANDER                              2016
          -------------------------------------------------------

| Run on 03/14/2017 at 13:49:46

|   Executable path: sander.MPI
| Working directory: /home/steboss/projects/mdgx-tests/alanine/IPOLQ/input/PhiPsi_1/105/210
|          Hostname: node005

  [-O]verwriting output

File Assignments:
|  MDIN: equil.in                                                              
| MDOUT: Conf210.eq.out                                                        
|INPCRD: Conf210.min                                                           
|  PARM: Conf210.top                                                           
|RESTRT: Conf210.rst                                                           
|  REFC: Conf210.crd                                                           
| MDVEL: mdvel                                                                 
| MDFRC: mdfrc                                                                 
|  MDEN: mden                                                                  
| MDCRD: mdcrd                                                                 
|MDINFO: mdinfo                                                                
|  MTMD: mtmd                                                                  
|INPDIP: inpdip                                                                
|RSTDIP: rstdip                                                                
|INPTRA: inptraj                                                               

|    REMLOG: rem.log
|   REMTYPE: rem.type
|  REMSTRIP: 
|   SAVEENE: saveene
|CLUSTERINF: cluster.info
| RESERVOIR: reserv/frame
|   REMDDIM: 


 Here is the input file:

Equilibrate water in NPT                                                       
 &cntrl                                                                        
                                                                               
  nmropt = 0,                                                                  
  ntx    = 1,       irest  = 0,       ntrx   = 1,      ntxo   = 1,             
  ntpr   = 1000,    ntwx   = 1000,    ntwv   = 0,      ntwe   = 1000,          
  iwrap  = 0,       ioutfm = 1,                                                
                                                                               
  ntf    = 2,       ntb    = 2,                                                
  cut = 9.0,                                                                   
                                                                               
  ibelly = 0,       ntr    = 1,                                                
  restraintmask = ':1',                                                        
  restraint_wt = 100.0,                                                        
                                                                               
  imin   = 0,                                                                  
  nstlim = 10000,                                                              
  nscm   = 1000,                                                               
  t      = 0.0,     dt     = 0.002,                                            
                                                                               
  temp0     = 298.0,   tempi  = 0.0,                                           
  ig        = -1,                                                              
  ntt       = 3,                                                               
  gamma_ln  = 3.0,                                                             
                                                                               
  ntp    = 1,       pres0  = 1.0,     comp   = 44.6,                           
  taup   = 1.0,                                                                
                                                                               
  ntc    = 2,       tol    = 0.000001, watnam = 'WAT ',                        
                                                                               
 &end                                                                          

--------------------------------------------------------------------------------
   1.  RESOURCE   USE: 
--------------------------------------------------------------------------------

| Flags: MPI                                                                    
 getting new box info from bottom of inpcrd
|  INFO: Old style inpcrd file read

| peek_ewald_inpcrd: Box info found
|Largest sphere to fit in unit cell has radius =    14.589
| New format PARM file being parsed.
| Version =    1.000 Date = 03/14/17 Time = 13:37:44
 NATOM  =    2908 NTYPES =       9 NBONH =    2898 MBONA  =       9
 NTHETH =      25 MTHETA =      11 NPHIH =      43 MPHIA  =      24
 NHPARM =       0 NPARM  =       0 NNB   =    3947 NRES   =     965
 NBONA  =       9 NTHETA =      11 NPHIA =      24 NUMBND =      10
 NUMANG =      16 NPTRA  =      19 NATYP =       9 NPHB   =       1
 IFBOX  =       2 NMXRS  =      10 IFCAP =       0 NEXTRA =       0
 NCOPY  =       0


|     Memory Use     Allocated
|     Real              299068
|     Hollerith           9691
|     Integer            89296
|     Max Pairs         322544
|     nblistReal         34896
|     nblist Int         88261
|       Total             4600 kbytes

| Note: 1-4 EEL scale factors are being read from the topology file.

| Note: 1-4 VDW scale factors are being read from the topology file.
| Duplicated    0 dihedrals
| Duplicated    0 dihedrals

     BOX TYPE: TRUNCATED OCTAHEDRON
Note: ig = -1. Setting random seed to   571786 based on wallclock time in microseconds
      and disabling the synchronization of random numbers between tasks
      to improve performance.

--------------------------------------------------------------------------------
   2.  CONTROL  DATA  FOR  THE  RUN
--------------------------------------------------------------------------------

default_name                                                                    

General flags:
     imin    =       0, nmropt  =       0

Nature and format of input:
     ntx     =       1, irest   =       0, ntrx    =       1

Nature and format of output:
     ntxo    =       1, ntpr    =    1000, ntrx    =       1, ntwr    =   10000
     iwrap   =       0, ntwx    =    1000, ntwv    =       0, ntwe    =    1000
     ioutfm  =       1, ntwprt  =       0, idecomp =       0, rbornstat=      0

Potential function:
     ntf     =       2, ntb     =       2, igb     =       0, nsnb    =      25
     ipol    =       0, gbsa    =       0, iesp    =       0
     dielc   =   1.00000, cut     =   9.00000, intdiel =   1.00000

Frozen or restrained atoms:
     ibelly  =       0, ntr     =       1
     restraint_wt = 100.00000

Molecular dynamics:
     nstlim  =     10000, nscm    =         0, nrespa  =         1
     t       =   0.00000, dt      =   0.00200, vlimit  =  20.00000

Langevin dynamics temperature regulation:
     ig      =  571786
     temp0   = 298.00000, tempi   =   0.00000, gamma_ln=   3.00000

Pressure regulation:
     ntp     =       1
     pres0   =   1.00000, comp    =  44.60000, taup    =   1.00000

SHAKE:
     ntc     =       2, jfastw  =       0
     tol     =   0.00000

Ewald parameters:
     verbose =       0, ew_type =       0, nbflag  =       1, use_pme =       1
     vdwmeth =       1, eedmeth =       1, netfrc  =       1
     Box X =   35.735   Box Y =   35.735   Box Z =   35.735
     Alpha =  109.471   Beta  =  109.471   Gamma =  109.471
     NFFT1 =   36       NFFT2 =   36       NFFT3 =   36
     Cutoff=    9.000   Tol   =0.100E-04
     Ewald Coefficient =  0.30768
     Interpolation order =    4

| MPI Timing options:
|      profile_mpi =        0

    LOADING THE CONSTRAINED ATOMS AS GROUPS


   5.  REFERENCE ATOM COORDINATES

  defa
     Mask :1; matches     6 atoms

--------------------------------------------------------------------------------
   3.  ATOMIC COORDINATES AND VELOCITIES
--------------------------------------------------------------------------------

defa                                                                            
 begin time read from input coords =     0.000 ps

 Number of triangulated 3-point waters found:      962
|  Atom division among processors:
|         0     364     727    1090    1453    1816    2182    2545
|      2908

     Sum of charges from parm topology file =  -0.00000000
     Forcing neutrality...
|  Running AMBER/MPI version on    8 nodes


--------------------------------------------------------------------------------
   4.  RESULTS
--------------------------------------------------------------------------------

|  # of SOLUTE  degrees of freedom (RNDFP):    5826.
|  # of SOLVENT degrees of freedom (RNDFS):       0.
|  NDFMIN =    5826.     NUM_NOSHAKE =      0     CORRECTED RNDFP =    5826.
|  TOTAL # of degrees of freedom (RNDF) =    5826.
 ---------------------------------------------------
 APPROXIMATING switch and d/dx switch using CUBIC SPLINE INTERPOLATION
 using   5000.0 points per unit in tabled values
 TESTING RELATIVE ERROR over r ranging from 0.0 to cutoff
| CHECK switch(x): max rel err =   0.2738E-14   at   2.422500
| CHECK d/dx switch(x): max rel err =   0.8314E-11   at   2.736960
 ---------------------------------------------------
| Local SIZE OF NONBOND LIST =      95011
| TOTAL SIZE OF NONBOND LIST =     672422

 NSTEP =        0   TIME(PS) =       0.000  TEMP(K) =     0.00  PRESS = -5436.5
 Etot   =    -12775.0577  EKtot   =         0.0000  EPtot      =    -12775.0577
 BOND   =         0.6169  ANGLE   =         2.9504  DIHED      =         8.6702
 1-4 NB =         2.3591  1-4 EEL =        44.4475  VDWAALS    =      2252.0390
 EELEC  =    -15086.2146  EHBOND  =         0.0000  RESTRAINT  =         0.0739
 EAMBER (non-restraint)  =    -12775.1316
 EKCMT  =         0.0000  VIRIAL  =      4123.2883  VOLUME     =     35127.3975
                                                    Density    =         0.8261
 Ewald error estimate:   0.1276E-03
 ------------------------------------------------------------------------------


 NSTEP =     1000   TIME(PS) =       2.000  TEMP(K) =   288.44  PRESS =  -440.5
 Etot   =     -7415.6413  EKtot   =      1669.6967  EPtot      =     -9085.3379
 BOND   =         3.4334  ANGLE   =        11.6239  DIHED      =         9.3355
 1-4 NB =         4.2121  1-4 EEL =        46.0743  VDWAALS    =      1387.8383
 EELEC  =    -10550.7080  EHBOND  =         0.0000  RESTRAINT  =         2.8524
 EAMBER (non-restraint)  =     -9088.1903
 EKCMT  =       838.5728  VIRIAL  =      1143.1346  VOLUME     =     32019.4665
                                                    Density    =         0.9063
 Ewald error estimate:   0.2733E-03
 ------------------------------------------------------------------------------


 NSTEP =     2000   TIME(PS) =       4.000  TEMP(K) =   288.72  PRESS =  -612.6
 Etot   =     -7542.6026  EKtot   =      1671.3354  EPtot      =     -9213.9380
 BOND   =         1.7529  ANGLE   =        10.1990  DIHED      =        12.0354
 1-4 NB =         3.0499  1-4 EEL =        44.2613  VDWAALS    =      1340.2122
 EELEC  =    -10630.7217  EHBOND  =         0.0000  RESTRAINT  =         5.2731
 EAMBER (non-restraint)  =     -9219.2111
 EKCMT  =       835.0845  VIRIAL  =      1235.2232  VOLUME     =     30254.0900
                                                    Density    =         0.9592
 Ewald error estimate:   0.2170E-03
 ------------------------------------------------------------------------------


 NSTEP =     3000   TIME(PS) =       6.000  TEMP(K) =   298.11  PRESS =   467.9
 Etot   =     -7469.3062  EKtot   =      1725.6878  EPtot      =     -9194.9940
 BOND   =         4.2681  ANGLE   =        11.1068  DIHED      =        14.5010
 1-4 NB =         3.8650  1-4 EEL =        43.5478  VDWAALS    =      1428.3292
 EELEC  =    -10703.1446  EHBOND  =         0.0000  RESTRAINT  =         2.5327
 EAMBER (non-restraint)  =     -9197.5267
 EKCMT  =       868.9072  VIRIAL  =       569.1730  VOLUME     =     29667.2408
                                                    Density    =         0.9782
 Ewald error estimate:   0.1992E-03
 ------------------------------------------------------------------------------


 NSTEP =     4000   TIME(PS) =       8.000  TEMP(K) =   299.09  PRESS =    81.3
 Etot   =     -7475.8164  EKtot   =      1731.3471  EPtot      =     -9207.1635
 BOND   =         2.3425  ANGLE   =        10.3605  DIHED      =        12.5552
 1-4 NB =         5.5623  1-4 EEL =        46.4198  VDWAALS    =      1398.8936
 EELEC  =    -10688.0801  EHBOND  =         0.0000  RESTRAINT  =         4.7825
 EAMBER (non-restraint)  =     -9211.9460
 EKCMT  =       811.6913  VIRIAL  =       759.9180  VOLUME     =     29501.3441
                                                    Density    =         0.9837
 Ewald error estimate:   0.3848E-03
 ------------------------------------------------------------------------------


 NSTEP =     5000   TIME(PS) =      10.000  TEMP(K) =   288.19  PRESS =  -173.3
 Etot   =     -7506.2649  EKtot   =      1668.2676  EPtot      =     -9174.5325
 BOND   =         4.0849  ANGLE   =        12.6256  DIHED      =        13.1159
 1-4 NB =         3.7737  1-4 EEL =        46.0567  VDWAALS    =      1336.8502
 EELEC  =    -10594.7703  EHBOND  =         0.0000  RESTRAINT  =         3.7308
 EAMBER (non-restraint)  =     -9178.2633
 EKCMT  =       812.3671  VIRIAL  =       922.4901  VOLUME     =     29429.8464
                                                    Density    =         0.9861
 Ewald error estimate:   0.1631E-03
 ------------------------------------------------------------------------------


 NSTEP =     6000   TIME(PS) =      12.000  TEMP(K) =   302.57  PRESS =    27.4
 Etot   =     -7428.6225  EKtot   =      1751.5123  EPtot      =     -9180.1347
 BOND   =         1.5571  ANGLE   =        13.6017  DIHED      =        11.2112
 1-4 NB =         2.4382  1-4 EEL =        44.5753  VDWAALS    =      1342.8262
 EELEC  =    -10600.1059  EHBOND  =         0.0000  RESTRAINT  =         3.7614
 EAMBER (non-restraint)  =     -9183.8961
 EKCMT  =       864.6002  VIRIAL  =       847.1872  VOLUME     =     29451.3352
                                                    Density    =         0.9853
 Ewald error estimate:   0.6779E-04
 ------------------------------------------------------------------------------


 NSTEP =     7000   TIME(PS) =      14.000  TEMP(K) =   298.96  PRESS =  -135.3
 Etot   =     -7501.6853  EKtot   =      1730.5892  EPtot      =     -9232.2745
 BOND   =         3.3950  ANGLE   =         7.2623  DIHED      =        12.5893
 1-4 NB =         3.8910  1-4 EEL =        46.6586  VDWAALS    =      1367.1441
 EELEC  =    -10675.3933  EHBOND  =         0.0000  RESTRAINT  =         2.1785
 EAMBER (non-restraint)  =     -9234.4530
 EKCMT  =       865.7777  VIRIAL  =       952.2545  VOLUME     =     29594.2895
                                                    Density    =         0.9806
 Ewald error estimate:   0.3731E-03
 ------------------------------------------------------------------------------


 NSTEP =     8000   TIME(PS) =      16.000  TEMP(K) =   300.63  PRESS =  -228.5
 Etot   =     -7511.8880  EKtot   =      1740.2629  EPtot      =     -9252.1509
 BOND   =         6.1743  ANGLE   =         7.2765  DIHED      =        11.6374
 1-4 NB =         2.4942  1-4 EEL =        46.7287  VDWAALS    =      1347.3853
 EELEC  =    -10675.3691  EHBOND  =         0.0000  RESTRAINT  =         1.5219
 EAMBER (non-restraint)  =     -9253.6727
 EKCMT  =       845.5776  VIRIAL  =       990.7409  VOLUME     =     29425.9108
                                                    Density    =         0.9862
 Ewald error estimate:   0.7432E-04
 ------------------------------------------------------------------------------


 NSTEP =     9000   TIME(PS) =      18.000  TEMP(K) =   294.99  PRESS =   -22.8
 Etot   =     -7541.9122  EKtot   =      1707.6284  EPtot      =     -9249.5406
 BOND   =         1.2711  ANGLE   =         7.8401  DIHED      =        11.5073
 1-4 NB =         5.4479  1-4 EEL =        50.4782  VDWAALS    =      1394.6391
 EELEC  =    -10723.9369  EHBOND  =         0.0000  RESTRAINT  =         3.2127
 EAMBER (non-restraint)  =     -9252.7533
 EKCMT  =       841.5005  VIRIAL  =       856.0361  VOLUME     =     29569.7387
                                                    Density    =         0.9814
 Ewald error estimate:   0.5653E-04
 ------------------------------------------------------------------------------


 NSTEP =    10000   TIME(PS) =      20.000  TEMP(K) =   298.12  PRESS =    39.1
 Etot   =     -7504.9126  EKtot   =      1725.7350  EPtot      =     -9230.6476
 BOND   =         5.0664  ANGLE   =         7.8014  DIHED      =        11.1039
 1-4 NB =         3.8840  1-4 EEL =        45.9413  VDWAALS    =      1378.2204
 EELEC  =    -10685.2323  EHBOND  =         0.0000  RESTRAINT  =         2.5673
 EAMBER (non-restraint)  =     -9233.2149
 EKCMT  =       860.9804  VIRIAL  =       836.0870  VOLUME     =     29492.0088
                                                    Density    =         0.9840
 Ewald error estimate:   0.7095E-04
 ------------------------------------------------------------------------------


      A V E R A G E S   O V E R   10000 S T E P S


 NSTEP =    10000   TIME(PS) =      20.000  TEMP(K) =   292.73  PRESS =  -195.0
 Etot   =     -7555.3556  EKtot   =      1694.5453  EPtot      =     -9249.9008
 BOND   =         3.3780  ANGLE   =         9.7387  DIHED      =        12.1362
 1-4 NB =         3.1359  1-4 EEL =        45.9361  VDWAALS    =      1389.6276
 EELEC  =    -10717.1618  EHBOND  =         0.0000  RESTRAINT  =         3.3085
 EAMBER (non-restraint)  =     -9253.2093
 EKCMT  =       841.6642  VIRIAL  =       977.4189  VOLUME     =     30101.0116
                                                    Density    =         0.9655
 Ewald error estimate:   0.1908E-03
 ------------------------------------------------------------------------------


      R M S  F L U C T U A T I O N S


 NSTEP =    10000   TIME(PS) =      20.000  TEMP(K) =    26.54  PRESS =   477.0
 Etot   =       325.8563  EKtot   =       153.6158  EPtot      =       178.6584
 BOND   =         1.6557  ANGLE   =         2.5142  DIHED      =         1.4633
 1-4 NB =         0.7071  1-4 EEL =         2.1015  VDWAALS    =        85.6058
 EELEC  =       253.8908  EHBOND  =         0.0000  RESTRAINT  =         1.3289
 EAMBER (non-restraint)  =       177.3295
 EKCMT  =        75.5848  VIRIAL  =       292.3228  VOLUME     =      1193.5316
                                                    Density    =         0.0352
 Ewald error estimate:   0.1437E-03
 ------------------------------------------------------------------------------


--------------------------------------------------------------------------------
   5.  TIMINGS
--------------------------------------------------------------------------------

|>>>>>>>>PROFILE of Average TIMES>>>>>>>>> 
|                Build the list             9.79 (97.06% of List )
|                Other                      0.30 ( 2.94% of List )
|             List time                 10.08 ( 9.60% of Nonbo)
|                   Short_ene time            62.80 (96.38% of Direc)
|                   Other                      2.36 ( 3.62% of Direc)
|                Direct Ewald time         65.16 (68.60% of Ewald)
|                Adjust Ewald time          0.34 ( 0.36% of Ewald)
|                   Fill Bspline coeffs        1.69 ( 7.71% of Recip)
|                   Fill charge grid           1.23 ( 5.65% of Recip)
|                   Scalar sum                 5.51 (25.21% of Recip)
|                   Grad sum                   2.75 (12.59% of Recip)
|                      FFT back comm time         1.80 (18.54% of FFT t)
|                      Other                      7.92 (81.46% of FFT t)
|                   FFT time                   9.72 (44.49% of Recip)
|                   Other                      0.95 ( 4.36% of Recip)
|                Recip Ewald time          21.86 (23.01% of Ewald)
|                Force Adjust               7.15 ( 7.52% of Ewald)
|                Virial junk                0.43 ( 0.45% of Ewald)
|                Other                      0.04 ( 0.05% of Ewald)
|             Ewald time                95.00 (90.40% of Nonbo)
|             Other                      0.01 ( 0.01% of Nonbo)
|          Nonbond force            105.09 (98.75% of Force)
|          Bond/Angle/Dihedral        0.14 ( 0.13% of Force)
|          FRC Collect time           0.95 ( 0.89% of Force)
|          Other                      0.25 ( 0.23% of Force)
|       Force time               106.42 (93.75% of Runmd)
|       Shake time                 0.41 ( 0.36% of Runmd)
|       Verlet update time         4.02 ( 3.54% of Runmd)
|       Ekcmr time                 1.40 ( 1.23% of Runmd)
|       CRD distribute time        0.48 ( 0.43% of Runmd)
|       Other                      0.78 ( 0.69% of Runmd)
|    Runmd Time               113.53 (99.88% of Total)
|    Other                      0.14 ( 0.12% of Total)
| Total time               113.67 (100.0% of ALL  )

| Number of list builds   :        901

| Highest rstack allocated:      40045
| Highest istack allocated:        861

| Final Performance Info:
| -----------------------------------------------------
| Average timings for all steps:
|     Elapsed(s) =     113.70 Per Step(ms) =      11.37
|         ns/day =      15.20   seconds/ns =    5685.17
| -----------------------------------------------------

|           Job began  at 13:49:46.476  on 03/14/2017
|           Setup done at 13:49:46.616  on 03/14/2017
|           Run   done at 13:51:40.212  on 03/14/2017
|     wallclock() was called  571869 times
