
          -------------------------------------------------------
          Amber 16 SANDER                              2016
          -------------------------------------------------------

| Run on 03/14/2017 at 14:22:12

|   Executable path: sander.MPI
| Working directory: /home/steboss/projects/mdgx-tests/alanine/IPOLQ/input/PhiPsi_1/180/300
|          Hostname: node003

  [-O]verwriting output

File Assignments:
|  MDIN: equil.in                                                              
| MDOUT: Conf300.eq.out                                                        
|INPCRD: Conf300.min                                                           
|  PARM: Conf300.top                                                           
|RESTRT: Conf300.rst                                                           
|  REFC: Conf300.crd                                                           
| MDVEL: mdvel                                                                 
| MDFRC: mdfrc                                                                 
|  MDEN: mden                                                                  
| MDCRD: mdcrd                                                                 
|MDINFO: mdinfo                                                                
|  MTMD: mtmd                                                                  
|INPDIP: inpdip                                                                
|RSTDIP: rstdip                                                                
|INPTRA: inptraj                                                               

|    REMLOG: rem.log
|   REMTYPE: rem.type
|  REMSTRIP: 
|   SAVEENE: saveene
|CLUSTERINF: cluster.info
| RESERVOIR: reserv/frame
|   REMDDIM: 


 Here is the input file:

Equilibrate water in NPT                                                       
 &cntrl                                                                        
                                                                               
  nmropt = 0,                                                                  
  ntx    = 1,       irest  = 0,       ntrx   = 1,      ntxo   = 1,             
  ntpr   = 1000,    ntwx   = 1000,    ntwv   = 0,      ntwe   = 1000,          
  iwrap  = 0,       ioutfm = 1,                                                
                                                                               
  ntf    = 2,       ntb    = 2,                                                
  cut = 9.0,                                                                   
                                                                               
  ibelly = 0,       ntr    = 1,                                                
  restraintmask = ':1',                                                        
  restraint_wt = 100.0,                                                        
                                                                               
  imin   = 0,                                                                  
  nstlim = 10000,                                                              
  nscm   = 1000,                                                               
  t      = 0.0,     dt     = 0.002,                                            
                                                                               
  temp0     = 298.0,   tempi  = 0.0,                                           
  ig        = -1,                                                              
  ntt       = 3,                                                               
  gamma_ln  = 3.0,                                                             
                                                                               
  ntp    = 1,       pres0  = 1.0,     comp   = 44.6,                           
  taup   = 1.0,                                                                
                                                                               
  ntc    = 2,       tol    = 0.000001, watnam = 'WAT ',                        
                                                                               
 &end                                                                          

--------------------------------------------------------------------------------
   1.  RESOURCE   USE: 
--------------------------------------------------------------------------------

| Flags: MPI                                                                    
 getting new box info from bottom of inpcrd
|  INFO: Old style inpcrd file read

| peek_ewald_inpcrd: Box info found
|Largest sphere to fit in unit cell has radius =    14.583
| New format PARM file being parsed.
| Version =    1.000 Date = 03/14/17 Time = 13:38:36
 NATOM  =    2902 NTYPES =       9 NBONH =    2892 MBONA  =       9
 NTHETH =      25 MTHETA =      11 NPHIH =      43 MPHIA  =      24
 NHPARM =       0 NPARM  =       0 NNB   =    3939 NRES   =     963
 NBONA  =       9 NTHETA =      11 NPHIA =      24 NUMBND =      10
 NUMANG =      16 NPTRA  =      19 NATYP =       9 NPHB   =       1
 IFBOX  =       2 NMXRS  =      10 IFCAP =       0 NEXTRA =       0
 NCOPY  =       0


|     Memory Use     Allocated
|     Real              298630
|     Hollerith           9671
|     Integer            89160
|     Max Pairs         321880
|     nblistReal         34824
|     nblist Int         88121
|       Total             4592 kbytes

| Note: 1-4 EEL scale factors are being read from the topology file.

| Note: 1-4 VDW scale factors are being read from the topology file.
| Duplicated    0 dihedrals
| Duplicated    0 dihedrals

     BOX TYPE: TRUNCATED OCTAHEDRON
Note: ig = -1. Setting random seed to   343357 based on wallclock time in microseconds
      and disabling the synchronization of random numbers between tasks
      to improve performance.

--------------------------------------------------------------------------------
   2.  CONTROL  DATA  FOR  THE  RUN
--------------------------------------------------------------------------------

default_name                                                                    

General flags:
     imin    =       0, nmropt  =       0

Nature and format of input:
     ntx     =       1, irest   =       0, ntrx    =       1

Nature and format of output:
     ntxo    =       1, ntpr    =    1000, ntrx    =       1, ntwr    =   10000
     iwrap   =       0, ntwx    =    1000, ntwv    =       0, ntwe    =    1000
     ioutfm  =       1, ntwprt  =       0, idecomp =       0, rbornstat=      0

Potential function:
     ntf     =       2, ntb     =       2, igb     =       0, nsnb    =      25
     ipol    =       0, gbsa    =       0, iesp    =       0
     dielc   =   1.00000, cut     =   9.00000, intdiel =   1.00000

Frozen or restrained atoms:
     ibelly  =       0, ntr     =       1
     restraint_wt = 100.00000

Molecular dynamics:
     nstlim  =     10000, nscm    =         0, nrespa  =         1
     t       =   0.00000, dt      =   0.00200, vlimit  =  20.00000

Langevin dynamics temperature regulation:
     ig      =  343357
     temp0   = 298.00000, tempi   =   0.00000, gamma_ln=   3.00000

Pressure regulation:
     ntp     =       1
     pres0   =   1.00000, comp    =  44.60000, taup    =   1.00000

SHAKE:
     ntc     =       2, jfastw  =       0
     tol     =   0.00000

Ewald parameters:
     verbose =       0, ew_type =       0, nbflag  =       1, use_pme =       1
     vdwmeth =       1, eedmeth =       1, netfrc  =       1
     Box X =   35.722   Box Y =   35.722   Box Z =   35.722
     Alpha =  109.471   Beta  =  109.471   Gamma =  109.471
     NFFT1 =   36       NFFT2 =   36       NFFT3 =   36
     Cutoff=    9.000   Tol   =0.100E-04
     Ewald Coefficient =  0.30768
     Interpolation order =    4

| MPI Timing options:
|      profile_mpi =        0

    LOADING THE CONSTRAINED ATOMS AS GROUPS


   5.  REFERENCE ATOM COORDINATES

  defa
     Mask :1; matches     6 atoms

--------------------------------------------------------------------------------
   3.  ATOMIC COORDINATES AND VELOCITIES
--------------------------------------------------------------------------------

defa                                                                            
 begin time read from input coords =     0.000 ps

 Number of triangulated 3-point waters found:      960
|  Atom division among processors:
|         0     364     727    1090    1453    1816    2179    2542
|      2902

     Sum of charges from parm topology file =  -0.00000000
     Forcing neutrality...
|  Running AMBER/MPI version on    8 nodes


--------------------------------------------------------------------------------
   4.  RESULTS
--------------------------------------------------------------------------------

|  # of SOLUTE  degrees of freedom (RNDFP):    5814.
|  # of SOLVENT degrees of freedom (RNDFS):       0.
|  NDFMIN =    5814.     NUM_NOSHAKE =      0     CORRECTED RNDFP =    5814.
|  TOTAL # of degrees of freedom (RNDF) =    5814.
 ---------------------------------------------------
 APPROXIMATING switch and d/dx switch using CUBIC SPLINE INTERPOLATION
 using   5000.0 points per unit in tabled values
 TESTING RELATIVE ERROR over r ranging from 0.0 to cutoff
| CHECK switch(x): max rel err =   0.2738E-14   at   2.422500
| CHECK d/dx switch(x): max rel err =   0.8314E-11   at   2.736960
 ---------------------------------------------------
| Local SIZE OF NONBOND LIST =      95938
| TOTAL SIZE OF NONBOND LIST =     670110

 NSTEP =        0   TIME(PS) =       0.000  TEMP(K) =     0.00  PRESS = -5407.6
 Etot   =    -12687.1818  EKtot   =         0.0000  EPtot      =    -12687.1818
 BOND   =         0.5466  ANGLE   =         1.2505  DIHED      =        13.5289
 1-4 NB =         2.4097  1-4 EEL =        44.9912  VDWAALS    =      2237.6922
 EELEC  =    -14987.6246  EHBOND  =         0.0000  RESTRAINT  =         0.0236
 EAMBER (non-restraint)  =    -12687.2055
 EKCMT  =         0.0000  VIRIAL  =      4096.9339  VOLUME     =     35089.3860
                                                    Density    =         0.8253
 Ewald error estimate:   0.1615E-04
 ------------------------------------------------------------------------------


 NSTEP =     1000   TIME(PS) =       2.000  TEMP(K) =   301.77  PRESS =  -893.9
 Etot   =     -7411.6004  EKtot   =      1743.2441  EPtot      =     -9154.8445
 BOND   =         3.3235  ANGLE   =         6.4356  DIHED      =        11.0407
 1-4 NB =         2.4202  1-4 EEL =        46.6789  VDWAALS    =      1348.8964
 EELEC  =    -10578.4942  EHBOND  =         0.0000  RESTRAINT  =         4.8543
 EAMBER (non-restraint)  =     -9159.6988
 EKCMT  =       901.7897  VIRIAL  =      1517.2082  VOLUME     =     31885.8161
                                                    Density    =         0.9082
 Ewald error estimate:   0.2276E-03
 ------------------------------------------------------------------------------


 NSTEP =     2000   TIME(PS) =       4.000  TEMP(K) =   304.70  PRESS =  -765.0
 Etot   =     -7393.3504  EKtot   =      1760.1839  EPtot      =     -9153.5343
 BOND   =         2.9186  ANGLE   =         8.8554  DIHED      =         9.8367
 1-4 NB =         2.6957  1-4 EEL =        46.3023  VDWAALS    =      1297.6006
 EELEC  =    -10524.6402  EHBOND  =         0.0000  RESTRAINT  =         2.8965
 EAMBER (non-restraint)  =     -9156.4308
 EKCMT  =       847.6877  VIRIAL  =      1350.1786  VOLUME     =     30423.7872
                                                    Density    =         0.9519
 Ewald error estimate:   0.7186E-05
 ------------------------------------------------------------------------------


 NSTEP =     3000   TIME(PS) =       6.000  TEMP(K) =   298.67  PRESS =    54.0
 Etot   =     -7389.0562  EKtot   =      1725.3543  EPtot      =     -9114.4104
 BOND   =         2.8396  ANGLE   =         8.7023  DIHED      =        11.4669
 1-4 NB =         2.6420  1-4 EEL =        47.3686  VDWAALS    =      1370.5513
 EELEC  =    -10560.6253  EHBOND  =         0.0000  RESTRAINT  =         2.6442
 EAMBER (non-restraint)  =     -9117.0547
 EKCMT  =       866.7169  VIRIAL  =       831.8829  VOLUME     =     29870.6492
                                                    Density    =         0.9695
 Ewald error estimate:   0.1072E-03
 ------------------------------------------------------------------------------


 NSTEP =     4000   TIME(PS) =       8.000  TEMP(K) =   297.87  PRESS =   123.9
 Etot   =     -7466.6389  EKtot   =      1720.7450  EPtot      =     -9187.3839
 BOND   =         1.9878  ANGLE   =         5.7907  DIHED      =        11.3928
 1-4 NB =         3.6388  1-4 EEL =        44.7859  VDWAALS    =      1377.3343
 EELEC  =    -10635.3131  EHBOND  =         0.0000  RESTRAINT  =         2.9990
 EAMBER (non-restraint)  =     -9190.3829
 EKCMT  =       867.2769  VIRIAL  =       788.5030  VOLUME     =     29455.5990
                                                    Density    =         0.9832
 Ewald error estimate:   0.2044E-03
 ------------------------------------------------------------------------------


 NSTEP =     5000   TIME(PS) =      10.000  TEMP(K) =   296.39  PRESS =  -103.2
 Etot   =     -7504.1211  EKtot   =      1712.1553  EPtot      =     -9216.2764
 BOND   =         5.9518  ANGLE   =         9.0578  DIHED      =        11.5726
 1-4 NB =         2.0307  1-4 EEL =        45.4898  VDWAALS    =      1361.8796
 EELEC  =    -10655.8944  EHBOND  =         0.0000  RESTRAINT  =         3.6357
 EAMBER (non-restraint)  =     -9219.9121
 EKCMT  =       846.4332  VIRIAL  =       911.7668  VOLUME     =     29333.3574
                                                    Density    =         0.9873
 Ewald error estimate:   0.1759E-03
 ------------------------------------------------------------------------------


 NSTEP =     6000   TIME(PS) =      12.000  TEMP(K) =   287.05  PRESS =  -467.9
 Etot   =     -7617.3879  EKtot   =      1658.2322  EPtot      =     -9275.6201
 BOND   =         4.6144  ANGLE   =         3.9032  DIHED      =         9.5047
 1-4 NB =         2.8432  1-4 EEL =        47.0747  VDWAALS    =      1329.6229
 EELEC  =    -10677.5155  EHBOND  =         0.0000  RESTRAINT  =         4.3324
 EAMBER (non-restraint)  =     -9279.9525
 EKCMT  =       827.4494  VIRIAL  =      1124.5782  VOLUME     =     29413.2596
                                                    Density    =         0.9846
 Ewald error estimate:   0.1873E-04
 ------------------------------------------------------------------------------


 NSTEP =     7000   TIME(PS) =      14.000  TEMP(K) =   300.59  PRESS =   356.2
 Etot   =     -7434.5945  EKtot   =      1736.4367  EPtot      =     -9171.0312
 BOND   =         2.5933  ANGLE   =         4.8847  DIHED      =         9.0544
 1-4 NB =         2.7344  1-4 EEL =        43.8811  VDWAALS    =      1400.1589
 EELEC  =    -10637.5839  EHBOND  =         0.0000  RESTRAINT  =         3.2458
 EAMBER (non-restraint)  =     -9174.2771
 EKCMT  =       846.1868  VIRIAL  =       619.4482  VOLUME     =     29484.3014
                                                    Density    =         0.9822
 Ewald error estimate:   0.8605E-04
 ------------------------------------------------------------------------------


 NSTEP =     8000   TIME(PS) =      16.000  TEMP(K) =   293.08  PRESS =  -356.3
 Etot   =     -7532.0272  EKtot   =      1693.0283  EPtot      =     -9225.0555
 BOND   =         4.0954  ANGLE   =         6.1092  DIHED      =        12.7817
 1-4 NB =         2.5449  1-4 EEL =        46.5991  VDWAALS    =      1310.9976
 EELEC  =    -10611.6456  EHBOND  =         0.0000  RESTRAINT  =         3.4621
 EAMBER (non-restraint)  =     -9228.5175
 EKCMT  =       857.2787  VIRIAL  =      1081.3222  VOLUME     =     29120.6918
                                                    Density    =         0.9945
 Ewald error estimate:   0.4620E-03
 ------------------------------------------------------------------------------


 NSTEP =     9000   TIME(PS) =      18.000  TEMP(K) =   292.40  PRESS =  -317.0
 Etot   =     -7516.5997  EKtot   =      1689.1384  EPtot      =     -9205.7381
 BOND   =         4.2159  ANGLE   =         8.9008  DIHED      =        11.4298
 1-4 NB =         2.3415  1-4 EEL =        40.5899  VDWAALS    =      1288.1439
 EELEC  =    -10562.6152  EHBOND  =         0.0000  RESTRAINT  =         1.2553
 EAMBER (non-restraint)  =     -9206.9934
 EKCMT  =       871.4219  VIRIAL  =      1070.8481  VOLUME     =     29136.2389
                                                    Density    =         0.9939
 Ewald error estimate:   0.4661E-03
 ------------------------------------------------------------------------------


 NSTEP =    10000   TIME(PS) =      20.000  TEMP(K) =   299.08  PRESS =    37.2
 Etot   =     -7503.4652  EKtot   =      1727.7044  EPtot      =     -9231.1695
 BOND   =         1.6160  ANGLE   =         6.8770  DIHED      =        14.1666
 1-4 NB =         1.7063  1-4 EEL =        44.9987  VDWAALS    =      1356.2386
 EELEC  =    -10661.9793  EHBOND  =         0.0000  RESTRAINT  =         5.2064
 EAMBER (non-restraint)  =     -9236.3759
 EKCMT  =       883.2379  VIRIAL  =       859.9064  VOLUME     =     29061.6627
                                                    Density    =         0.9965
 Ewald error estimate:   0.1060E-03
 ------------------------------------------------------------------------------


      A V E R A G E S   O V E R   10000 S T E P S


 NSTEP =    10000   TIME(PS) =      20.000  TEMP(K) =   293.27  PRESS =  -210.3
 Etot   =     -7530.2696  EKtot   =      1694.1471  EPtot      =     -9224.4168
 BOND   =         3.1298  ANGLE   =         8.1429  DIHED      =        10.8757
 1-4 NB =         3.1961  1-4 EEL =        45.7405  VDWAALS    =      1377.0677
 EELEC  =    -10675.6544  EHBOND  =         0.0000  RESTRAINT  =         3.0850
 EAMBER (non-restraint)  =     -9227.5018
 EKCMT  =       841.9386  VIRIAL  =       987.1921  VOLUME     =     30004.7067
                                                    Density    =         0.9667
 Ewald error estimate:   0.1880E-03
 ------------------------------------------------------------------------------


      R M S  F L U C T U A T I O N S


 NSTEP =    10000   TIME(PS) =      20.000  TEMP(K) =    26.66  PRESS =   459.8
 Etot   =       326.8780  EKtot   =       154.0334  EPtot      =       179.2822
 BOND   =         1.4332  ANGLE   =         2.1872  DIHED      =         1.2466
 1-4 NB =         0.7204  1-4 EEL =         2.0572  VDWAALS    =        87.3926
 EELEC  =       256.6631  EHBOND  =         0.0000  RESTRAINT  =         1.2799
 EAMBER (non-restraint)  =       178.0023
 EKCMT  =        75.1713  VIRIAL  =       281.7701  VOLUME     =      1237.4410
                                                    Density    =         0.0368
 Ewald error estimate:   0.1405E-03
 ------------------------------------------------------------------------------


--------------------------------------------------------------------------------
   5.  TIMINGS
--------------------------------------------------------------------------------

|>>>>>>>>PROFILE of Average TIMES>>>>>>>>> 
|                Build the list            16.82 (96.91% of List )
|                Other                      0.54 ( 3.09% of List )
|             List time                 17.36 ( 9.96% of Nonbo)
|                   Short_ene time            88.57 (96.09% of Direc)
|                   Other                      3.60 ( 3.91% of Direc)
|                Direct Ewald time         92.17 (58.77% of Ewald)
|                Adjust Ewald time          0.55 ( 0.35% of Ewald)
|                   Fill Bspline coeffs        2.12 ( 4.90% of Recip)
|                   Fill charge grid           2.22 ( 5.13% of Recip)
|                   Scalar sum                 8.49 (19.65% of Recip)
|                   Grad sum                   3.92 ( 9.08% of Recip)
|                      FFT back comm time        10.78 (44.37% of FFT t)
|                      Other                     13.52 (55.63% of FFT t)
|                   FFT time                  24.30 (56.23% of Recip)
|                   Other                      2.16 ( 5.01% of Recip)
|                Recip Ewald time          43.21 (27.55% of Ewald)
|                Force Adjust              19.07 (12.16% of Ewald)
|                Virial junk                1.73 ( 1.11% of Ewald)
|                Other                      0.08 ( 0.05% of Ewald)
|             Ewald time               156.82 (90.03% of Nonbo)
|             Other                      0.01 ( 0.01% of Nonbo)
|          Nonbond force            174.20 (96.26% of Force)
|          Bond/Angle/Dihedral        0.27 ( 0.15% of Force)
|          FRC Collect time           5.09 ( 2.81% of Force)
|          Other                      1.41 ( 0.78% of Force)
|       Force time               180.96 (89.49% of Runmd)
|       Shake time                 0.65 ( 0.32% of Runmd)
|       Verlet update time         8.57 ( 4.24% of Runmd)
|       Ekcmr time                 5.23 ( 2.58% of Runmd)
|       CRD distribute time        2.67 ( 1.32% of Runmd)
|       Other                      4.13 ( 2.04% of Runmd)
|    Runmd Time               202.21 (100.0% of Total)
|    Other                      0.10 ( 0.05% of Total)
| Total time               202.31 (100.0% of ALL  )

| Number of list builds   :        908

| Highest rstack allocated:      39991
| Highest istack allocated:        859

| Final Performance Info:
| -----------------------------------------------------
| Average timings for all steps:
|     Elapsed(s) =     202.66 Per Step(ms) =      20.27
|         ns/day =       8.53   seconds/ns =   10133.09
| -----------------------------------------------------

|           Job began  at 14:22:12.288  on 03/14/2017
|           Setup done at 14:22:12.395  on 03/14/2017
|           Run   done at 14:25:34.881  on 03/14/2017
|     wallclock() was called  571883 times
