
          -------------------------------------------------------
          Amber 16 SANDER                              2016
          -------------------------------------------------------

| Run on 03/14/2017 at 13:53:26

|   Executable path: sander.MPI
| Working directory: /home/steboss/projects/mdgx-tests/alanine/IPOLQ/input/PhiPsi_1/135/15
|          Hostname: node002

  [-O]verwriting output

File Assignments:
|  MDIN: min.in                                                                
| MDOUT: Conf15.min.out                                                        
|INPCRD: Conf15.crd                                                            
|  PARM: Conf15.top                                                            
|RESTRT: Conf15.min                                                            
|  REFC: Conf15.crd                                                            
| MDVEL: mdvel                                                                 
| MDFRC: mdfrc                                                                 
|  MDEN: mden                                                                  
| MDCRD: mdcrd                                                                 
|MDINFO: mdinfo                                                                
|  MTMD: mtmd                                                                  
|INPDIP: inpdip                                                                
|RSTDIP: rstdip                                                                
|INPTRA: inptraj                                                               

|    REMLOG: rem.log
|   REMTYPE: rem.type
|  REMSTRIP: 
|   SAVEENE: saveene
|CLUSTERINF: cluster.info
| RESERVOIR: reserv/frame
|   REMDDIM: 


 Here is the input file:

Initial minimization                                                           
 &cntrl                                                                        
  ntx    = 1,       irest  = 0,       ntrx   = 1,      ntxo   = 1,             
  ntpr   = 20,      ntwx   = 0,       ntwv   = 0,      ntwe   = 0,             
                                                                               
  ntf    = 1,       ntb    = 1,                                                
  ntc    = 1,       ntr    = 1,                                                
  restraintmask = ':1',                                                        
  restraint_wt = 100.0,                                                        
  cut    = 9.0,                                                                
                                                                               
  imin   = 1,                                                                  
  maxcyc = 1000,                                                               
  ncyc   = 100,                                                                
                                                                               
 &end                                                                          

--------------------------------------------------------------------------------
   1.  RESOURCE   USE: 
--------------------------------------------------------------------------------

| Flags: MPI                                                                    
 getting new box info from bottom of inpcrd
|  INFO: Old style inpcrd file read

| peek_ewald_inpcrd: Box info found
|Largest sphere to fit in unit cell has radius =    14.544
| New format PARM file being parsed.
| Version =    1.000 Date = 03/14/17 Time = 13:37:59
 NATOM  =    2902 NTYPES =       9 NBONH =    2892 MBONA  =       9
 NTHETH =      25 MTHETA =      11 NPHIH =      43 MPHIA  =      24
 NHPARM =       0 NPARM  =       0 NNB   =    3939 NRES   =     963
 NBONA  =       9 NTHETA =      11 NPHIA =      24 NUMBND =      10
 NUMANG =      16 NPTRA  =      19 NATYP =       9 NPHB   =       1
 IFBOX  =       2 NMXRS  =      10 IFCAP =       0 NEXTRA =       0
 NCOPY  =       0


|     Memory Use     Allocated
|     Real              333654
|     Hollerith           9671
|     Integer            89160
|     Max Pairs         321880
|     nblistReal         34824
|     nblist Int         88121
|       Total             4866 kbytes

| Note: 1-4 EEL scale factors are being read from the topology file.

| Note: 1-4 VDW scale factors are being read from the topology file.
| Duplicated    0 dihedrals
| Duplicated    0 dihedrals

     BOX TYPE: TRUNCATED OCTAHEDRON

--------------------------------------------------------------------------------
   2.  CONTROL  DATA  FOR  THE  RUN
--------------------------------------------------------------------------------

default_name                                                                    

General flags:
     imin    =       1, nmropt  =       0

Nature and format of input:
     ntx     =       1, irest   =       0, ntrx    =       1

Nature and format of output:
     ntxo    =       1, ntpr    =      20, ntrx    =       1, ntwr    =       1
     iwrap   =       0, ntwx    =       0, ntwv    =       0, ntwe    =       0
     ioutfm  =       1, ntwprt  =       0, idecomp =       0, rbornstat=      0

Potential function:
     ntf     =       1, ntb     =       1, igb     =       0, nsnb    =      25
     ipol    =       0, gbsa    =       0, iesp    =       0
     dielc   =   1.00000, cut     =   9.00000, intdiel =   1.00000

Frozen or restrained atoms:
     ibelly  =       0, ntr     =       1
     restraint_wt = 100.00000

Energy minimization:
     maxcyc  =    1000, ncyc    =     100, ntmin   =       1
     dx0     =   0.01000, drms    =   0.00010

Ewald parameters:
     verbose =       0, ew_type =       0, nbflag  =       1, use_pme =       1
     vdwmeth =       1, eedmeth =       1, netfrc  =       0
     Box X =   35.625   Box Y =   35.625   Box Z =   35.625
     Alpha =  109.471   Beta  =  109.471   Gamma =  109.471
     NFFT1 =   36       NFFT2 =   36       NFFT3 =   36
     Cutoff=    9.000   Tol   =0.100E-04
     Ewald Coefficient =  0.30768
     Interpolation order =    4

| MPI Timing options:
|      profile_mpi =        0

    LOADING THE CONSTRAINED ATOMS AS GROUPS


   5.  REFERENCE ATOM COORDINATES

  defa
     Mask :1; matches     6 atoms

--------------------------------------------------------------------------------
   3.  ATOMIC COORDINATES AND VELOCITIES
--------------------------------------------------------------------------------

default_name                                                                    
 begin time read from input coords =     0.000 ps

 Number of triangulated 3-point waters found:      960
|  Atom division among processors:
|         0     364     724    1087    1450    1810    2173    2536
|      2902

     Sum of charges from parm topology file =  -0.00000000
     Forcing neutrality...
|  Running AMBER/MPI version on    8 nodes


--------------------------------------------------------------------------------
   4.  RESULTS
--------------------------------------------------------------------------------

 ---------------------------------------------------
 APPROXIMATING switch and d/dx switch using CUBIC SPLINE INTERPOLATION
 using   5000.0 points per unit in tabled values
 TESTING RELATIVE ERROR over r ranging from 0.0 to cutoff
| CHECK switch(x): max rel err =   0.2738E-14   at   2.422500
| CHECK d/dx switch(x): max rel err =   0.8314E-11   at   2.736960
 ---------------------------------------------------
| Local SIZE OF NONBOND LIST =      92669
| TOTAL SIZE OF NONBOND LIST =     674045


   NSTEP       ENERGY          RMS            GMAX         NAME    NUMBER
      1      -8.1229E+03     1.2250E+01     6.1535E+01     O         299

 BOND    =        1.2515  ANGLE   =        3.5539  DIHED      =       13.9482
 VDWAALS =      915.8858  EEL     =    -9103.9471  HBOND      =        0.0000
 1-4 VDW =        3.3602  1-4 EEL =       43.0429  RESTRAINT  =        0.0000


   NSTEP       ENERGY          RMS            GMAX         NAME    NUMBER
     20      -8.9798E+03     2.7349E+00     1.9758E+01     O         383

 BOND    =      476.8974  ANGLE   =        3.5547  DIHED      =       13.9531
 VDWAALS =      864.6270  EEL     =   -10385.2668  HBOND      =        0.0000
 1-4 VDW =        3.3924  1-4 EEL =       43.0226  RESTRAINT  =        0.0069
 EAMBER  =    -8979.8195


   NSTEP       ENERGY          RMS            GMAX         NAME    NUMBER
     40      -9.6401E+03     2.1551E+00     9.1145E+00     H1       2415

 BOND    =      505.3528  ANGLE   =        3.5506  DIHED      =       13.9554
 VDWAALS =      905.2621  EEL     =   -11114.6382  HBOND      =        0.0000
 1-4 VDW =        3.3996  1-4 EEL =       43.0492  RESTRAINT  =        0.0112
 EAMBER  =    -9640.0687


   NSTEP       ENERGY          RMS            GMAX         NAME    NUMBER
     60      -9.8781E+03     3.3664E+00     1.0466E+01     H2       1363

 BOND    =      500.7885  ANGLE   =        3.5464  DIHED      =       13.9265
 VDWAALS =      940.5015  EEL     =   -11383.3398  HBOND      =        0.0000
 1-4 VDW =        3.3915  1-4 EEL =       43.0700  RESTRAINT  =        0.0116
 EAMBER  =    -9878.1155


   NSTEP       ENERGY          RMS            GMAX         NAME    NUMBER
     80      -1.0052E+04     1.1650E+00     5.7708E+00     H2       2173

 BOND    =      594.5330  ANGLE   =        3.5324  DIHED      =       13.8887
 VDWAALS =      975.3836  EEL     =   -11686.1660  HBOND      =        0.0000
 1-4 VDW =        3.3875  1-4 EEL =       43.0958  RESTRAINT  =        0.0117
 EAMBER  =   -10052.3451


   NSTEP       ENERGY          RMS            GMAX         NAME    NUMBER
    100      -1.0171E+04     9.3021E-01     4.3216E+00     H2       2173

 BOND    =      600.8816  ANGLE   =        3.5132  DIHED      =       13.8482
 VDWAALS =     1010.3012  EEL     =   -11845.8874  HBOND      =        0.0000
 1-4 VDW =        3.3874  1-4 EEL =       43.1234  RESTRAINT  =        0.0117
 EAMBER  =   -10170.8324


   NSTEP       ENERGY          RMS            GMAX         NAME    NUMBER
    120      -1.0651E+04     4.4472E+00     9.0624E+01     H2        436

 BOND    =      743.6364  ANGLE   =        3.6015  DIHED      =       13.4324
 VDWAALS =     1418.0005  EEL     =   -12876.8448  HBOND      =        0.0000
 1-4 VDW =        3.4072  1-4 EEL =       43.5600  RESTRAINT  =        0.0126
 EAMBER  =   -10651.2068


   NSTEP       ENERGY          RMS            GMAX         NAME    NUMBER
    140      -1.0809E+04     1.6466E+00     3.0591E+01     H1        408

 BOND    =      717.0765  ANGLE   =        3.5912  DIHED      =       13.3108
 VDWAALS =     1423.7028  EEL     =   -13013.9007  HBOND      =        0.0000
 1-4 VDW =        3.4395  1-4 EEL =       43.6353  RESTRAINT  =        0.0196
 EAMBER  =   -10809.1447


   NSTEP       ENERGY          RMS            GMAX         NAME    NUMBER
    160      -1.0928E+04     2.0217E+00     3.1283E+01     O         434

 BOND    =      704.0195  ANGLE   =        3.2617  DIHED      =       13.1805
 VDWAALS =     1443.3847  EEL     =   -13138.8222  HBOND      =        0.0000
 1-4 VDW =        3.4418  1-4 EEL =       43.8464  RESTRAINT  =        0.0649
 EAMBER  =   -10927.6876


   NSTEP       ENERGY          RMS            GMAX         NAME    NUMBER
    180      -1.1027E+04     1.4911E+00     3.2439E+01     C           5

 BOND    =      763.8403  ANGLE   =        4.6044  DIHED      =       13.2267
 VDWAALS =     1554.3171  EEL     =   -13410.6328  HBOND      =        0.0000
 1-4 VDW =        3.3803  1-4 EEL =       44.0000  RESTRAINT  =        0.3935
 EAMBER  =   -11027.2639


   NSTEP       ENERGY          RMS            GMAX         NAME    NUMBER
    200      -1.1117E+04     1.6751E+00     2.9493E+01     CH3        19

 BOND    =      780.3652  ANGLE   =        5.3583  DIHED      =       13.0228
 VDWAALS =     1618.3176  EEL     =   -13581.8928  HBOND      =        0.0000
 1-4 VDW =        3.2610  1-4 EEL =       44.1286  RESTRAINT  =        0.1685
 EAMBER  =   -11117.4394


   NSTEP       ENERGY          RMS            GMAX         NAME    NUMBER
    220      -1.1170E+04     1.0802E+00     2.5461E+01     CH3        19

 BOND    =      762.7965  ANGLE   =        5.1452  DIHED      =       12.9559
 VDWAALS =     1644.4056  EEL     =   -13643.1354  HBOND      =        0.0000
 1-4 VDW =        3.0849  1-4 EEL =       44.1625  RESTRAINT  =        0.1019
 EAMBER  =   -11170.5847


   NSTEP       ENERGY          RMS            GMAX         NAME    NUMBER
    240      -1.1218E+04     8.4086E-01     2.9756E+01     C           5

 BOND    =      793.5531  ANGLE   =        2.2052  DIHED      =       13.0697
 VDWAALS =     1685.9104  EEL     =   -13760.7736  HBOND      =        0.0000
 1-4 VDW =        3.1886  1-4 EEL =       44.3351  RESTRAINT  =        0.1811
 EAMBER  =   -11218.5114


   NSTEP       ENERGY          RMS            GMAX         NAME    NUMBER
    260      -1.1262E+04     1.1656E+00     4.1091E+01     C           5

 BOND    =      769.9282  ANGLE   =        3.5490  DIHED      =       13.1671
 VDWAALS =     1723.6335  EEL     =   -13820.6262  HBOND      =        0.0000
 1-4 VDW =        3.0360  1-4 EEL =       44.6507  RESTRAINT  =        0.5375
 EAMBER  =   -11262.6616


   NSTEP       ENERGY          RMS            GMAX         NAME    NUMBER
    280      -1.1303E+04     8.7070E-01     1.7135E+01     CH3         2

 BOND    =      815.9252  ANGLE   =        2.8517  DIHED      =       13.3699
 VDWAALS =     1781.4075  EEL     =   -13964.4682  HBOND      =        0.0000
 1-4 VDW =        2.7791  1-4 EEL =       44.6888  RESTRAINT  =        0.1994
 EAMBER  =   -11303.4460


   NSTEP       ENERGY          RMS            GMAX         NAME    NUMBER
    300      -1.1345E+04     8.2085E-01     1.7649E+01     N           7

 BOND    =      818.0219  ANGLE   =        3.0105  DIHED      =       13.5014
 VDWAALS =     1805.5153  EEL     =   -14032.7381  HBOND      =        0.0000
 1-4 VDW =        2.8289  1-4 EEL =       45.0879  RESTRAINT  =        0.1929
 EAMBER  =   -11344.7722


   NSTEP       ENERGY          RMS            GMAX         NAME    NUMBER
    320      -1.1373E+04     9.2319E-01     3.0641E+01     CH3        19

 BOND    =      801.9437  ANGLE   =        4.0628  DIHED      =       13.6448
 VDWAALS =     1832.8578  EEL     =   -14073.3940  HBOND      =        0.0000
 1-4 VDW =        2.7042  1-4 EEL =       45.1107  RESTRAINT  =        0.2676
 EAMBER  =   -11373.0699


   NSTEP       ENERGY          RMS            GMAX         NAME    NUMBER
    340      -1.1401E+04     6.1189E-01     1.4145E+01     N          17

 BOND    =      824.5395  ANGLE   =        2.6231  DIHED      =       13.9008
 VDWAALS =     1852.7866  EEL     =   -14143.1717  HBOND      =        0.0000
 1-4 VDW =        2.7565  1-4 EEL =       45.1868  RESTRAINT  =        0.2331
 EAMBER  =   -11401.3783


   NSTEP       ENERGY          RMS            GMAX         NAME    NUMBER
    360      -1.1425E+04     8.2273E-01     2.4495E+01     C          15

 BOND    =      815.1430  ANGLE   =        2.6105  DIHED      =       14.0821
 VDWAALS =     1879.5655  EEL     =   -14184.5020  HBOND      =        0.0000
 1-4 VDW =        2.7309  1-4 EEL =       45.3028  RESTRAINT  =        0.3531
 EAMBER  =   -11425.0672


   NSTEP       ENERGY          RMS            GMAX         NAME    NUMBER
    380      -1.1448E+04     4.6869E-01     9.6040E+00     CH3        19

 BOND    =      834.5344  ANGLE   =        2.8920  DIHED      =       13.9851
 VDWAALS =     1910.9924  EEL     =   -14258.2577  HBOND      =        0.0000
 1-4 VDW =        2.5089  1-4 EEL =       45.2937  RESTRAINT  =        0.2619
 EAMBER  =   -11448.0511


   NSTEP       ENERGY          RMS            GMAX         NAME    NUMBER
    400      -1.1476E+04     8.7020E-01     2.4160E+01     C          15

 BOND    =      841.6478  ANGLE   =        3.5247  DIHED      =       14.1223
 VDWAALS =     1942.8048  EEL     =   -14326.4896  HBOND      =        0.0000
 1-4 VDW =        2.5146  1-4 EEL =       45.2572  RESTRAINT  =        0.3684
 EAMBER  =   -11476.6181


   NSTEP       ENERGY          RMS            GMAX         NAME    NUMBER
    420      -1.1495E+04     7.0306E-01     2.1507E+01     N          17

 BOND    =      827.5557  ANGLE   =        3.1127  DIHED      =       14.1810
 VDWAALS =     1954.3490  EEL     =   -14341.7690  HBOND      =        0.0000
 1-4 VDW =        2.5577  1-4 EEL =       45.0203  RESTRAINT  =        0.2896
 EAMBER  =   -11494.9926


   NSTEP       ENERGY          RMS            GMAX         NAME    NUMBER
    440      -1.1511E+04     5.5899E-01     1.2355E+01     O           6

 BOND    =      851.4013  ANGLE   =        2.6261  DIHED      =       14.0999
 VDWAALS =     1968.1378  EEL     =   -14395.5032  HBOND      =        0.0000
 1-4 VDW =        2.5981  1-4 EEL =       45.2104  RESTRAINT  =        0.2546
 EAMBER  =   -11511.4295


   NSTEP       ENERGY          RMS            GMAX         NAME    NUMBER
    460      -1.1530E+04     6.0459E-01     1.8968E+01     N          17

 BOND    =      828.6775  ANGLE   =        2.4464  DIHED      =       14.0699
 VDWAALS =     1988.7867  EEL     =   -14411.7029  HBOND      =        0.0000
 1-4 VDW =        2.5096  1-4 EEL =       45.4151  RESTRAINT  =        0.1973
 EAMBER  =   -11529.7976


   NSTEP       ENERGY          RMS            GMAX         NAME    NUMBER
    480      -1.1544E+04     3.0934E-01     3.9111E+00     O           6

 BOND    =      846.6111  ANGLE   =        2.6767  DIHED      =       14.1183
 VDWAALS =     2005.4921  EEL     =   -14460.8875  HBOND      =        0.0000
 1-4 VDW =        2.4297  1-4 EEL =       45.2776  RESTRAINT  =        0.2305
 EAMBER  =   -11544.2819


   NSTEP       ENERGY          RMS            GMAX         NAME    NUMBER
    500      -1.1566E+04     8.0376E-01     1.8207E+01     HB2        13

 BOND    =      877.8711  ANGLE   =        3.7360  DIHED      =       14.4662
 VDWAALS =     2028.6613  EEL     =   -14538.5487  HBOND      =        0.0000
 1-4 VDW =        2.3624  1-4 EEL =       45.1306  RESTRAINT  =        0.4807
 EAMBER  =   -11566.3212


   NSTEP       ENERGY          RMS            GMAX         NAME    NUMBER
    520      -1.1579E+04     5.8507E-01     1.5674E+01     C           5

 BOND    =      847.4870  ANGLE   =        2.6679  DIHED      =       14.4910
 VDWAALS =     2035.3087  EEL     =   -14527.2070  HBOND      =        0.0000
 1-4 VDW =        2.6125  1-4 EEL =       44.8203  RESTRAINT  =        0.4185
 EAMBER  =   -11579.8197


   NSTEP       ENERGY          RMS            GMAX         NAME    NUMBER
    540      -1.1592E+04     6.3067E-01     2.3563E+01     C          15

 BOND    =      856.9661  ANGLE   =        2.6434  DIHED      =       14.0770
 VDWAALS =     2045.1744  EEL     =   -14559.2919  HBOND      =        0.0000
 1-4 VDW =        2.5625  1-4 EEL =       45.2610  RESTRAINT  =        0.2573
 EAMBER  =   -11592.6076


   NSTEP       ENERGY          RMS            GMAX         NAME    NUMBER
    560      -1.1609E+04     5.4367E-01     1.2784E+01     C           5

 BOND    =      845.0211  ANGLE   =        2.4262  DIHED      =       14.1217
 VDWAALS =     2059.5151  EEL     =   -14577.7569  HBOND      =        0.0000
 1-4 VDW =        2.4232  1-4 EEL =       45.2714  RESTRAINT  =        0.1952
 EAMBER  =   -11608.9781


   NSTEP       ENERGY          RMS            GMAX         NAME    NUMBER
    580      -1.1621E+04     3.9062E-01     9.1039E+00     C          15

 BOND    =      860.2471  ANGLE   =        2.5059  DIHED      =       14.1332
 VDWAALS =     2071.8375  EEL     =   -14617.2131  HBOND      =        0.0000
 1-4 VDW =        2.4070  1-4 EEL =       45.2299  RESTRAINT  =        0.2370
 EAMBER  =   -11620.8525


   NSTEP       ENERGY          RMS            GMAX         NAME    NUMBER
    600      -1.1639E+04     8.0510E-01     1.7706E+01     CB         11

 BOND    =      885.9948  ANGLE   =        4.2121  DIHED      =       14.5494
 VDWAALS =     2087.9441  EEL     =   -14680.3670  HBOND      =        0.0000
 1-4 VDW =        2.2510  1-4 EEL =       45.1233  RESTRAINT  =        0.9653
 EAMBER  =   -11640.2923


   NSTEP       ENERGY          RMS            GMAX         NAME    NUMBER
    620      -1.1653E+04     6.9592E-01     2.1986E+01     CH3        19

 BOND    =      859.1436  ANGLE   =        2.3697  DIHED      =       14.2762
 VDWAALS =     2098.0145  EEL     =   -14674.9219  HBOND      =        0.0000
 1-4 VDW =        2.5177  1-4 EEL =       45.0856  RESTRAINT  =        0.2875
 EAMBER  =   -11653.5146


   NSTEP       ENERGY          RMS            GMAX         NAME    NUMBER
    640      -1.1665E+04     3.0584E-01     6.3588E+00     C          15

 BOND    =      875.4213  ANGLE   =        2.3080  DIHED      =       14.2060
 VDWAALS =     2106.5445  EEL     =   -14711.8625  HBOND      =        0.0000
 1-4 VDW =        2.6364  1-4 EEL =       45.0138  RESTRAINT  =        0.3447
 EAMBER  =   -11665.7326


   NSTEP       ENERGY          RMS            GMAX         NAME    NUMBER
    660      -1.1676E+04     3.2845E-01     1.0785E+01     N          17

 BOND    =      867.2763  ANGLE   =        2.4459  DIHED      =       14.0769
 VDWAALS =     2118.5297  EEL     =   -14726.5440  HBOND      =        0.0000
 1-4 VDW =        2.3724  1-4 EEL =       45.2600  RESTRAINT  =        0.2073
 EAMBER  =   -11676.5827


   NSTEP       ENERGY          RMS            GMAX         NAME    NUMBER
    680      -1.1686E+04     2.9155E-01     6.1201E+00     CH3        19

 BOND    =      872.9380  ANGLE   =        2.3519  DIHED      =       14.1276
 VDWAALS =     2131.1132  EEL     =   -14754.5694  HBOND      =        0.0000
 1-4 VDW =        2.4003  1-4 EEL =       45.1937  RESTRAINT  =        0.2654
 EAMBER  =   -11686.4446


   NSTEP       ENERGY          RMS            GMAX         NAME    NUMBER
    700      -1.1699E+04     6.5934E-01     2.2690E+01     CH3         2

 BOND    =      883.0862  ANGLE   =        3.6885  DIHED      =       14.3683
 VDWAALS =     2142.3304  EEL     =   -14790.8209  HBOND      =        0.0000
 1-4 VDW =        2.3486  1-4 EEL =       44.9881  RESTRAINT  =        0.8553
 EAMBER  =   -11700.0108


   NSTEP       ENERGY          RMS            GMAX         NAME    NUMBER
    720      -1.1707E+04     5.6771E-01     1.3055E+01     C          15

 BOND    =      863.9988  ANGLE   =        2.4692  DIHED      =       14.1789
 VDWAALS =     2146.8514  EEL     =   -14782.2715  HBOND      =        0.0000
 1-4 VDW =        2.5872  1-4 EEL =       44.9787  RESTRAINT  =        0.3763
 EAMBER  =   -11707.2073


   NSTEP       ENERGY          RMS            GMAX         NAME    NUMBER
    740      -1.1717E+04     3.7077E-01     1.0058E+01     C           5

 BOND    =      886.6464  ANGLE   =        2.2506  DIHED      =       14.1843
 VDWAALS =     2154.3728  EEL     =   -14822.4206  HBOND      =        0.0000
 1-4 VDW =        2.5808  1-4 EEL =       45.0546  RESTRAINT  =        0.2814
 EAMBER  =   -11717.3311


   NSTEP       ENERGY          RMS            GMAX         NAME    NUMBER
    760      -1.1723E+04     2.6833E-01     9.2175E+00     C           5

 BOND    =      878.0956  ANGLE   =        2.3151  DIHED      =       14.1790
 VDWAALS =     2159.2474  EEL     =   -14824.8205  HBOND      =        0.0000
 1-4 VDW =        2.4120  1-4 EEL =       45.2505  RESTRAINT  =        0.1962
 EAMBER  =   -11723.3208


   NSTEP       ENERGY          RMS            GMAX         NAME    NUMBER
    780      -1.1732E+04     3.4022E-01     8.3462E+00     C          15

 BOND    =      885.4825  ANGLE   =        2.5581  DIHED      =       14.0857
 VDWAALS =     2168.5983  EEL     =   -14850.9781  HBOND      =        0.0000
 1-4 VDW =        2.3182  1-4 EEL =       45.1965  RESTRAINT  =        0.3846
 EAMBER  =   -11732.7389


   NSTEP       ENERGY          RMS            GMAX         NAME    NUMBER
    800      -1.1742E+04     4.8132E-01     1.5899E+01     C           5

 BOND    =      887.0305  ANGLE   =        2.8781  DIHED      =       14.4504
 VDWAALS =     2173.2275  EEL     =   -14867.2236  HBOND      =        0.0000
 1-4 VDW =        2.3235  1-4 EEL =       45.1899  RESTRAINT  =        0.4755
 EAMBER  =   -11742.1237


   NSTEP       ENERGY          RMS            GMAX         NAME    NUMBER
    820      -1.1749E+04     5.1972E-01     1.1629E+01     C          15

 BOND    =      876.5190  ANGLE   =        2.4497  DIHED      =       14.0021
 VDWAALS =     2176.7343  EEL     =   -14866.4890  HBOND      =        0.0000
 1-4 VDW =        2.5438  1-4 EEL =       45.0646  RESTRAINT  =        0.4682
 EAMBER  =   -11749.1755


   NSTEP       ENERGY          RMS            GMAX         NAME    NUMBER
    840      -1.1758E+04     3.6501E-01     8.6038E+00     C           5

 BOND    =      890.3595  ANGLE   =        2.1199  DIHED      =       14.4011
 VDWAALS =     2182.0202  EEL     =   -14895.0762  HBOND      =        0.0000
 1-4 VDW =        2.5866  1-4 EEL =       45.0554  RESTRAINT  =        0.2737
 EAMBER  =   -11758.5335


   NSTEP       ENERGY          RMS            GMAX         NAME    NUMBER
    860      -1.1764E+04     2.9484E-01     6.9155E+00     O           6

 BOND    =      882.7047  ANGLE   =        2.2051  DIHED      =       14.2790
 VDWAALS =     2186.3086  EEL     =   -14897.5718  HBOND      =        0.0000
 1-4 VDW =        2.4214  1-4 EEL =       45.2410  RESTRAINT  =        0.1747
 EAMBER  =   -11764.4121


   NSTEP       ENERGY          RMS            GMAX         NAME    NUMBER
    880      -1.1773E+04     3.3425E-01     7.5169E+00     N          17

 BOND    =      888.9975  ANGLE   =        2.4644  DIHED      =       14.1535
 VDWAALS =     2193.9625  EEL     =   -14920.6426  HBOND      =        0.0000
 1-4 VDW =        2.3328  1-4 EEL =       45.1654  RESTRAINT  =        0.3554
 EAMBER  =   -11773.5664


   NSTEP       ENERGY          RMS            GMAX         NAME    NUMBER
    900      -1.1781E+04     3.8707E-01     1.1615E+01     CH3         2

 BOND    =      892.0305  ANGLE   =        2.5698  DIHED      =       14.1438
 VDWAALS =     2199.1002  EEL     =   -14937.1203  HBOND      =        0.0000
 1-4 VDW =        2.3211  1-4 EEL =       45.3217  RESTRAINT  =        0.4097
 EAMBER  =   -11781.6332


   NSTEP       ENERGY          RMS            GMAX         NAME    NUMBER
    920      -1.1787E+04     3.8605E-01     5.9287E+00     CB         11

 BOND    =      879.4407  ANGLE   =        2.1454  DIHED      =       14.2097
 VDWAALS =     2202.0080  EEL     =   -14932.6547  HBOND      =        0.0000
 1-4 VDW =        2.4582  1-4 EEL =       45.1599  RESTRAINT  =        0.2576
 EAMBER  =   -11787.2328


   NSTEP       ENERGY          RMS            GMAX         NAME    NUMBER
    940      -1.1795E+04     3.2495E-01     9.2991E+00     CH3        19

 BOND    =      896.7553  ANGLE   =        2.1190  DIHED      =       14.2028
 VDWAALS =     2206.4329  EEL     =   -14962.2500  HBOND      =        0.0000
 1-4 VDW =        2.6012  1-4 EEL =       44.9919  RESTRAINT  =        0.3624
 EAMBER  =   -11795.1469


   NSTEP       ENERGY          RMS            GMAX         NAME    NUMBER
    960      -1.1799E+04     2.9292E-01     8.6377E+00     O           6

 BOND    =      888.3973  ANGLE   =        2.1513  DIHED      =       14.2348
 VDWAALS =     2209.1992  EEL     =   -14960.7529  HBOND      =        0.0000
 1-4 VDW =        2.4935  1-4 EEL =       45.1471  RESTRAINT  =        0.2184
 EAMBER  =   -11799.1297


   NSTEP       ENERGY          RMS            GMAX         NAME    NUMBER
    980      -1.1806E+04     3.2189E-01     9.5808E+00     C          15

 BOND    =      895.0771  ANGLE   =        2.3096  DIHED      =       14.2096
 VDWAALS =     2215.0794  EEL     =   -14980.5499  HBOND      =        0.0000
 1-4 VDW =        2.3312  1-4 EEL =       45.1675  RESTRAINT  =        0.3132
 EAMBER  =   -11806.3755


   NSTEP       ENERGY          RMS            GMAX         NAME    NUMBER
   1000      -1.1812E+04     2.9917E-01     1.1517E+01     CH3         2

 BOND    =      896.7140  ANGLE   =        2.3795  DIHED      =       14.2054
 VDWAALS =     2218.6168  EEL     =   -14991.7601  HBOND      =        0.0000
 1-4 VDW =        2.3678  1-4 EEL =       45.1621  RESTRAINT  =        0.3641
 EAMBER  =   -11812.3145


  Maximum number of minimization cycles reached.


                    FINAL RESULTS



   NSTEP       ENERGY          RMS            GMAX         NAME    NUMBER
   1000      -1.1812E+04     2.9917E-01     1.1517E+01     CH3         2

 BOND    =      896.7140  ANGLE   =        2.3795  DIHED      =       14.2054
 VDWAALS =     2218.6168  EEL     =   -14991.7601  HBOND      =        0.0000
 1-4 VDW =        2.3678  1-4 EEL =       45.1621  RESTRAINT  =        0.3641
 EAMBER  =   -11812.3145

--------------------------------------------------------------------------------
   5.  TIMINGS
--------------------------------------------------------------------------------

|                Build the list             0.11 (56.00% of List )
|                Other                      0.09 (44.00% of List )
|             List time                  0.19 ( 1.20% of Nonbo)
|                   Short_ene time            10.73 (95.38% of Direc)
|                   Other                      0.52 ( 4.62% of Direc)
|                Direct Ewald time         11.25 (70.59% of Ewald)
|                Adjust Ewald time          0.07 ( 0.41% of Ewald)
|                Self Ewald time            0.00 ( 0.03% of Ewald)
|                   Fill Bspline coeffs        0.27 ( 6.05% of Recip)
|                   Fill charge grid           0.31 ( 6.99% of Recip)
|                   Scalar sum                 1.27 (28.39% of Recip)
|                   Grad sum                   0.63 (14.04% of Recip)
|                      FFT back comm time         0.69 (35.47% of FFT t)
|                      Other                      1.26 (64.53% of FFT t)
|                   FFT time                   1.96 (43.86% of Recip)
|                   Other                      0.03 ( 0.66% of Recip)
|                Recip Ewald time           4.46 (27.96% of Ewald)
|                Force Adjust               0.08 ( 0.51% of Ewald)
|                Virial junk                0.07 ( 0.43% of Ewald)
|                Start synchronizatio       0.00 ( 0.01% of Ewald)
|                Other                      0.01 ( 0.06% of Ewald)
|             Ewald time                15.94 (98.78% of Nonbo)
|             Other                      0.00 ( 0.01% of Nonbo)
|          Nonbond force             16.13 (94.03% of Force)
|          Bond/Angle/Dihedral        0.05 ( 0.29% of Force)
|          FRC Collect time           0.46 ( 2.66% of Force)
|          Other                      0.52 ( 3.01% of Force)
|       Force time                17.16 (100.0% of Runmd)
|    Runmd Time                17.16 ( 8.51% of Total)
|    Other                    184.56 (91.49% of Total)
| Total time               201.73 (100.0% of ALL  )

| Highest rstack allocated:      39991
| Highest istack allocated:        859
|           Job began  at 13:53:26.915  on 03/14/2017
|           Setup done at 13:53:27.011  on 03/14/2017
|           Run   done at 13:56:48.644  on 03/14/2017
|     wallclock() was called   44066 times
