
          -------------------------------------------------------
          Amber 16 SANDER                              2016
          -------------------------------------------------------

| Run on 03/14/2017 at 14:50:17

|   Executable path: sander.MPI
| Working directory: /home/steboss/projects/mdgx-tests/alanine/IPOLQ/input/PhiPsi_1/285/180
|          Hostname: node005

  [-O]verwriting output

File Assignments:
|  MDIN: min.in                                                                
| MDOUT: Conf180.min.out                                                       
|INPCRD: Conf180.crd                                                           
|  PARM: Conf180.top                                                           
|RESTRT: Conf180.min                                                           
|  REFC: Conf180.crd                                                           
| MDVEL: mdvel                                                                 
| MDFRC: mdfrc                                                                 
|  MDEN: mden                                                                  
| MDCRD: mdcrd                                                                 
|MDINFO: mdinfo                                                                
|  MTMD: mtmd                                                                  
|INPDIP: inpdip                                                                
|RSTDIP: rstdip                                                                
|INPTRA: inptraj                                                               

|    REMLOG: rem.log
|   REMTYPE: rem.type
|  REMSTRIP: 
|   SAVEENE: saveene
|CLUSTERINF: cluster.info
| RESERVOIR: reserv/frame
|   REMDDIM: 


 Here is the input file:

Initial minimization                                                           
 &cntrl                                                                        
  ntx    = 1,       irest  = 0,       ntrx   = 1,      ntxo   = 1,             
  ntpr   = 20,      ntwx   = 0,       ntwv   = 0,      ntwe   = 0,             
                                                                               
  ntf    = 1,       ntb    = 1,                                                
  ntc    = 1,       ntr    = 1,                                                
  restraintmask = ':1',                                                        
  restraint_wt = 100.0,                                                        
  cut    = 9.0,                                                                
                                                                               
  imin   = 1,                                                                  
  maxcyc = 1000,                                                               
  ncyc   = 100,                                                                
                                                                               
 &end                                                                          

--------------------------------------------------------------------------------
   1.  RESOURCE   USE: 
--------------------------------------------------------------------------------

| Flags: MPI                                                                    
 getting new box info from bottom of inpcrd
|  INFO: Old style inpcrd file read

| peek_ewald_inpcrd: Box info found
|Largest sphere to fit in unit cell has radius =    14.705
| New format PARM file being parsed.
| Version =    1.000 Date = 03/14/17 Time = 13:39:31
 NATOM  =    2977 NTYPES =       9 NBONH =    2967 MBONA  =       9
 NTHETH =      25 MTHETA =      11 NPHIH =      43 MPHIA  =      24
 NHPARM =       0 NPARM  =       0 NNB   =    4039 NRES   =     988
 NBONA  =       9 NTHETA =      11 NPHIA =      24 NUMBND =      10
 NUMANG =      16 NPTRA  =      19 NATYP =       9 NPHB   =       1
 IFBOX  =       2 NMXRS  =      10 IFCAP =       0 NEXTRA =       0
 NCOPY  =       0


|     Memory Use     Allocated
|     Real              340029
|     Hollerith           9921
|     Integer            90860
|     Max Pairs         330198
|     nblistReal         35724
|     nblist Int         99802
|       Total             5008 kbytes

| Note: 1-4 EEL scale factors are being read from the topology file.

| Note: 1-4 VDW scale factors are being read from the topology file.
| Duplicated    0 dihedrals
| Duplicated    0 dihedrals

     BOX TYPE: TRUNCATED OCTAHEDRON

--------------------------------------------------------------------------------
   2.  CONTROL  DATA  FOR  THE  RUN
--------------------------------------------------------------------------------

default_name                                                                    

General flags:
     imin    =       1, nmropt  =       0

Nature and format of input:
     ntx     =       1, irest   =       0, ntrx    =       1

Nature and format of output:
     ntxo    =       1, ntpr    =      20, ntrx    =       1, ntwr    =       1
     iwrap   =       0, ntwx    =       0, ntwv    =       0, ntwe    =       0
     ioutfm  =       1, ntwprt  =       0, idecomp =       0, rbornstat=      0

Potential function:
     ntf     =       1, ntb     =       1, igb     =       0, nsnb    =      25
     ipol    =       0, gbsa    =       0, iesp    =       0
     dielc   =   1.00000, cut     =   9.00000, intdiel =   1.00000

Frozen or restrained atoms:
     ibelly  =       0, ntr     =       1
     restraint_wt = 100.00000

Energy minimization:
     maxcyc  =    1000, ncyc    =     100, ntmin   =       1
     dx0     =   0.01000, drms    =   0.00010

Ewald parameters:
     verbose =       0, ew_type =       0, nbflag  =       1, use_pme =       1
     vdwmeth =       1, eedmeth =       1, netfrc  =       0
     Box X =   36.020   Box Y =   36.020   Box Z =   36.020
     Alpha =  109.471   Beta  =  109.471   Gamma =  109.471
     NFFT1 =   36       NFFT2 =   36       NFFT3 =   36
     Cutoff=    9.000   Tol   =0.100E-04
     Ewald Coefficient =  0.30768
     Interpolation order =    4

| MPI Timing options:
|      profile_mpi =        0

    LOADING THE CONSTRAINED ATOMS AS GROUPS


   5.  REFERENCE ATOM COORDINATES

  defa
     Mask :1; matches     6 atoms

--------------------------------------------------------------------------------
   3.  ATOMIC COORDINATES AND VELOCITIES
--------------------------------------------------------------------------------

default_name                                                                    
 begin time read from input coords =     0.000 ps

 Number of triangulated 3-point waters found:      985
|  Atom division among processors:
|         0     373     745    1117    1489    1861    2233    2605
|      2977

     Sum of charges from parm topology file =  -0.00000000
     Forcing neutrality...
|  Running AMBER/MPI version on    8 nodes


--------------------------------------------------------------------------------
   4.  RESULTS
--------------------------------------------------------------------------------

 ---------------------------------------------------
 APPROXIMATING switch and d/dx switch using CUBIC SPLINE INTERPOLATION
 using   5000.0 points per unit in tabled values
 TESTING RELATIVE ERROR over r ranging from 0.0 to cutoff
| CHECK switch(x): max rel err =   0.2738E-14   at   2.422500
| CHECK d/dx switch(x): max rel err =   0.8314E-11   at   2.736960
 ---------------------------------------------------
| Local SIZE OF NONBOND LIST =      91933
| TOTAL SIZE OF NONBOND LIST =     686495


   NSTEP       ENERGY          RMS            GMAX         NAME    NUMBER
      1      -8.3190E+03     1.2158E+01     5.9544E+01     O         320

 BOND    =        0.4611  ANGLE   =        0.7830  DIHED      =        9.4074
 VDWAALS =      909.9374  EEL     =    -9290.4473  HBOND      =        0.0000
 1-4 VDW =        3.0143  1-4 EEL =       47.8132  RESTRAINT  =        0.0000


   NSTEP       ENERGY          RMS            GMAX         NAME    NUMBER
     20      -9.1755E+03     2.6729E+00     1.9809E+01     O         404

 BOND    =      481.8132  ANGLE   =        0.7351  DIHED      =        9.3874
 VDWAALS =      861.0120  EEL     =   -10579.2195  HBOND      =        0.0000
 1-4 VDW =        2.9777  1-4 EEL =       47.7555  RESTRAINT  =        0.0033
 EAMBER  =    -9175.5384


   NSTEP       ENERGY          RMS            GMAX         NAME    NUMBER
     40      -9.8102E+03     1.5838E+00     7.0053E+00     O        2777

 BOND    =      528.9785  ANGLE   =        0.7280  DIHED      =        9.3733
 VDWAALS =      902.9981  EEL     =   -11302.9077  HBOND      =        0.0000
 1-4 VDW =        2.9456  1-4 EEL =       47.6805  RESTRAINT  =        0.0036
 EAMBER  =    -9810.2038


   NSTEP       ENERGY          RMS            GMAX         NAME    NUMBER
     60      -1.0052E+04     3.3219E+00     1.0466E+01     H1       2184

 BOND    =      503.8734  ANGLE   =        0.7309  DIHED      =        9.3621
 VDWAALS =      939.5866  EEL     =   -11555.7316  HBOND      =        0.0000
 1-4 VDW =        2.9168  1-4 EEL =       47.6317  RESTRAINT  =        0.0029
 EAMBER  =   -10051.6300


   NSTEP       ENERGY          RMS            GMAX         NAME    NUMBER
     80      -1.0204E+04     3.8979E+00     1.3330E+01     H2       1306

 BOND    =      510.2995  ANGLE   =        0.7388  DIHED      =        9.3516
 VDWAALS =      974.3239  EEL     =   -11749.4725  HBOND      =        0.0000
 1-4 VDW =        2.8901  1-4 EEL =       47.5846  RESTRAINT  =        0.0027
 EAMBER  =   -10204.2841


   NSTEP       ENERGY          RMS            GMAX         NAME    NUMBER
    100      -1.0341E+04     9.2846E-01     4.2111E+00     H2        514

 BOND    =      605.0407  ANGLE   =        0.7463  DIHED      =        9.3418
 VDWAALS =     1007.9251  EEL     =   -12014.3859  HBOND      =        0.0000
 1-4 VDW =        2.8662  1-4 EEL =       47.5410  RESTRAINT  =        0.0028
 EAMBER  =   -10340.9249


   NSTEP       ENERGY          RMS            GMAX         NAME    NUMBER
    120      -1.0833E+04     4.2191E+00     6.2374E+01     H1       1248

 BOND    =      743.3006  ANGLE   =        0.9149  DIHED      =        9.2645
 VDWAALS =     1434.8243  EEL     =   -13070.6437  HBOND      =        0.0000
 1-4 VDW =        2.6652  1-4 EEL =       47.0797  RESTRAINT  =        0.0120
 EAMBER  =   -10832.5945


   NSTEP       ENERGY          RMS            GMAX         NAME    NUMBER
    140      -1.1001E+04     1.5527E+00     2.3097E+01     H2       2641

 BOND    =      727.9341  ANGLE   =        1.0027  DIHED      =        9.2715
 VDWAALS =     1450.6214  EEL     =   -13239.7319  HBOND      =        0.0000
 1-4 VDW =        2.6937  1-4 EEL =       47.0905  RESTRAINT  =        0.0151
 EAMBER  =   -11001.1181


   NSTEP       ENERGY          RMS            GMAX         NAME    NUMBER
    160      -1.1104E+04     1.7599E+00     2.2676E+01     O        1247

 BOND    =      728.2848  ANGLE   =        0.8068  DIHED      =        9.2626
 VDWAALS =     1455.0566  EEL     =   -13347.4425  HBOND      =        0.0000
 1-4 VDW =        2.6793  1-4 EEL =       47.0951  RESTRAINT  =        0.0130
 EAMBER  =   -11104.2573


   NSTEP       ENERGY          RMS            GMAX         NAME    NUMBER
    180      -1.1218E+04     1.2910E+00     2.7911E+01     O        1586

 BOND    =      769.9821  ANGLE   =        1.5464  DIHED      =        9.7059
 VDWAALS =     1615.4125  EEL     =   -13663.8978  HBOND      =        0.0000
 1-4 VDW =        2.6300  1-4 EEL =       46.5279  RESTRAINT  =        0.0797
 EAMBER  =   -11218.0929


   NSTEP       ENERGY          RMS            GMAX         NAME    NUMBER
    200      -1.1308E+04     1.2476E+00     3.4993E+01     C          15

 BOND    =      763.8961  ANGLE   =        4.4337  DIHED      =       10.5983
 VDWAALS =     1624.5916  EEL     =   -13761.4653  HBOND      =        0.0000
 1-4 VDW =        2.7714  1-4 EEL =       46.6692  RESTRAINT  =        0.6074
 EAMBER  =   -11308.5051


   NSTEP       ENERGY          RMS            GMAX         NAME    NUMBER
    220      -1.1367E+04     1.5903E+00     4.7585E+01     C           5

 BOND    =      789.7306  ANGLE   =        1.4693  DIHED      =        9.2255
 VDWAALS =     1700.0163  EEL     =   -13917.5288  HBOND      =        0.0000
 1-4 VDW =        2.7787  1-4 EEL =       47.3568  RESTRAINT  =        0.0960
 EAMBER  =   -11366.9517


   NSTEP       ENERGY          RMS            GMAX         NAME    NUMBER
    240      -1.1450E+04     1.4102E+00     5.9724E+01     C           5

 BOND    =      798.3984  ANGLE   =        1.1949  DIHED      =        9.5123
 VDWAALS =     1749.1985  EEL     =   -14059.0565  HBOND      =        0.0000
 1-4 VDW =        2.7135  1-4 EEL =       47.5565  RESTRAINT  =        0.1954
 EAMBER  =   -11450.4823


   NSTEP       ENERGY          RMS            GMAX         NAME    NUMBER
    260      -1.1478E+04     5.6660E-01     1.4916E+01     O           6

 BOND    =      795.2632  ANGLE   =        0.8187  DIHED      =        9.4624
 VDWAALS =     1759.6891  EEL     =   -14093.6359  HBOND      =        0.0000
 1-4 VDW =        2.6245  1-4 EEL =       47.2185  RESTRAINT  =        0.0855
 EAMBER  =   -11478.5595


   NSTEP       ENERGY          RMS            GMAX         NAME    NUMBER
    280      -1.1548E+04     1.1135E+00     2.0462E+01     CB         11

 BOND    =      837.8813  ANGLE   =        2.6412  DIHED      =        9.6569
 VDWAALS =     1873.4977  EEL     =   -14320.8430  HBOND      =        0.0000
 1-4 VDW =        2.6668  1-4 EEL =       46.0044  RESTRAINT  =        0.7252
 EAMBER  =   -11548.4948


   NSTEP       ENERGY          RMS            GMAX         NAME    NUMBER
    300      -1.1601E+04     7.5073E-01     2.0487E+01     N           7

 BOND    =      836.4405  ANGLE   =        1.4126  DIHED      =        9.5460
 VDWAALS =     1860.1886  EEL     =   -14357.9645  HBOND      =        0.0000
 1-4 VDW =        2.6475  1-4 EEL =       46.6585  RESTRAINT  =        0.5241
 EAMBER  =   -11601.0709


   NSTEP       ENERGY          RMS            GMAX         NAME    NUMBER
    320      -1.1629E+04     1.2025E+00     4.1662E+01     N           7

 BOND    =      819.2175  ANGLE   =        1.9218  DIHED      =        9.2589
 VDWAALS =     1899.3241  EEL     =   -14409.2711  HBOND      =        0.0000
 1-4 VDW =        2.9337  1-4 EEL =       46.9554  RESTRAINT  =        0.5670
 EAMBER  =   -11629.6597


   NSTEP       ENERGY          RMS            GMAX         NAME    NUMBER
    340      -1.1672E+04     5.7804E-01     1.4545E+01     CB         11

 BOND    =      850.3307  ANGLE   =        1.6731  DIHED      =        9.1659
 VDWAALS =     1920.1394  EEL     =   -14504.5509  HBOND      =        0.0000
 1-4 VDW =        2.8243  1-4 EEL =       47.7887  RESTRAINT  =        0.4433
 EAMBER  =   -11672.6288


   NSTEP       ENERGY          RMS            GMAX         NAME    NUMBER
    360      -1.1690E+04     6.5087E-01     1.9830E+01     C           5

 BOND    =      836.2469  ANGLE   =        1.2356  DIHED      =        9.4046
 VDWAALS =     1929.1669  EEL     =   -14515.6200  HBOND      =        0.0000
 1-4 VDW =        2.5703  1-4 EEL =       47.1431  RESTRAINT  =        0.1819
 EAMBER  =   -11689.8526


   NSTEP       ENERGY          RMS            GMAX         NAME    NUMBER
    380      -1.1722E+04     7.8256E-01     1.6155E+01     HH32       21

 BOND    =      862.1411  ANGLE   =        3.7506  DIHED      =       10.3934
 VDWAALS =     1976.0939  EEL     =   -14623.6308  HBOND      =        0.0000
 1-4 VDW =        2.4427  1-4 EEL =       46.1466  RESTRAINT  =        1.1152
 EAMBER  =   -11722.6624


   NSTEP       ENERGY          RMS            GMAX         NAME    NUMBER
    400      -1.1749E+04     6.3418E-01     1.6879E+01     H           8

 BOND    =      864.4360  ANGLE   =        1.1288  DIHED      =        9.4303
 VDWAALS =     1984.4645  EEL     =   -14658.1275  HBOND      =        0.0000
 1-4 VDW =        2.6562  1-4 EEL =       46.7939  RESTRAINT  =        0.2464
 EAMBER  =   -11749.2178


   NSTEP       ENERGY          RMS            GMAX         NAME    NUMBER
    420      -1.1766E+04     6.3632E-01     2.0794E+01     C          15

 BOND    =      847.4582  ANGLE   =        1.2615  DIHED      =        9.3149
 VDWAALS =     2005.0750  EEL     =   -14678.8230  HBOND      =        0.0000
 1-4 VDW =        2.6973  1-4 EEL =       47.0580  RESTRAINT  =        0.1195
 EAMBER  =   -11765.9581


   NSTEP       ENERGY          RMS            GMAX         NAME    NUMBER
    440      -1.1788E+04     4.7760E-01     1.4559E+01     C          15

 BOND    =      870.1057  ANGLE   =        1.1179  DIHED      =        9.1643
 VDWAALS =     2018.6814  EEL     =   -14737.3739  HBOND      =        0.0000
 1-4 VDW =        2.7258  1-4 EEL =       47.5103  RESTRAINT  =        0.1453
 EAMBER  =   -11788.0685


   NSTEP       ENERGY          RMS            GMAX         NAME    NUMBER
    460      -1.1802E+04     5.8007E-01     1.7257E+01     O           6

 BOND    =      854.3403  ANGLE   =        0.8532  DIHED      =        9.2608
 VDWAALS =     2029.7713  EEL     =   -14746.4716  HBOND      =        0.0000
 1-4 VDW =        2.5978  1-4 EEL =       47.1397  RESTRAINT  =        0.0663
 EAMBER  =   -11802.5086


   NSTEP       ENERGY          RMS            GMAX         NAME    NUMBER
    480      -1.1821E+04     6.9628E-01     1.4955E+01     O           6

 BOND    =      881.9074  ANGLE   =        1.8128  DIHED      =        9.6999
 VDWAALS =     2058.6392  EEL     =   -14822.2348  HBOND      =        0.0000
 1-4 VDW =        2.4582  1-4 EEL =       46.5853  RESTRAINT  =        0.3358
 EAMBER  =   -11821.1320


   NSTEP       ENERGY          RMS            GMAX         NAME    NUMBER
    500      -1.1838E+04     6.3490E-01     1.6600E+01     C          15

 BOND    =      882.6512  ANGLE   =        1.3201  DIHED      =        9.5935
 VDWAALS =     2064.8096  EEL     =   -14846.3222  HBOND      =        0.0000
 1-4 VDW =        2.6258  1-4 EEL =       46.6594  RESTRAINT  =        0.2732
 EAMBER  =   -11838.6626


   NSTEP       ENERGY          RMS            GMAX         NAME    NUMBER
    520      -1.1851E+04     6.8492E-01     2.9724E+01     C          15

 BOND    =      864.6859  ANGLE   =        1.4586  DIHED      =        9.2906
 VDWAALS =     2080.9264  EEL     =   -14857.3499  HBOND      =        0.0000
 1-4 VDW =        2.7597  1-4 EEL =       47.1859  RESTRAINT  =        0.1057
 EAMBER  =   -11851.0428


   NSTEP       ENERGY          RMS            GMAX         NAME    NUMBER
    540      -1.1870E+04     4.8147E-01     1.5114E+01     C          15

 BOND    =      886.2022  ANGLE   =        0.9883  DIHED      =        9.1874
 VDWAALS =     2091.6677  EEL     =   -14908.0154  HBOND      =        0.0000
 1-4 VDW =        2.7129  1-4 EEL =       47.5606  RESTRAINT  =        0.1282
 EAMBER  =   -11869.6963


   NSTEP       ENERGY          RMS            GMAX         NAME    NUMBER
    560      -1.1879E+04     4.3731E-01     1.0573E+01     N           7

 BOND    =      872.5560  ANGLE   =        0.7971  DIHED      =        9.2824
 VDWAALS =     2098.8397  EEL     =   -14909.8792  HBOND      =        0.0000
 1-4 VDW =        2.5892  1-4 EEL =       47.1002  RESTRAINT  =        0.0297
 EAMBER  =   -11878.7146


   NSTEP       ENERGY          RMS            GMAX         NAME    NUMBER
    580      -1.1896E+04     4.1354E-01     6.2164E+00     HH33       22

 BOND    =      889.8219  ANGLE   =        1.2144  DIHED      =        9.4970
 VDWAALS =     2128.6074  EEL     =   -14974.7106  HBOND      =        0.0000
 1-4 VDW =        2.5318  1-4 EEL =       46.7215  RESTRAINT  =        0.1377
 EAMBER  =   -11896.3166


   NSTEP       ENERGY          RMS            GMAX         NAME    NUMBER
    600      -1.1912E+04     5.5763E-01     1.8767E+01     C          15

 BOND    =      896.9569  ANGLE   =        1.3840  DIHED      =        9.6812
 VDWAALS =     2131.6384  EEL     =   -15001.1696  HBOND      =        0.0000
 1-4 VDW =        2.6439  1-4 EEL =       46.7027  RESTRAINT  =        0.2382
 EAMBER  =   -11912.1624


   NSTEP       ENERGY          RMS            GMAX         NAME    NUMBER
    620      -1.1922E+04     7.3782E-01     3.1603E+01     C          15

 BOND    =      876.4356  ANGLE   =        1.4073  DIHED      =        9.3049
 VDWAALS =     2147.0880  EEL     =   -15006.5588  HBOND      =        0.0000
 1-4 VDW =        2.8045  1-4 EEL =       47.3634  RESTRAINT  =        0.1105
 EAMBER  =   -11922.1551


   NSTEP       ENERGY          RMS            GMAX         NAME    NUMBER
    640      -1.1940E+04     3.3788E-01     9.2693E+00     C          15

 BOND    =      899.1184  ANGLE   =        0.7944  DIHED      =        9.2010
 VDWAALS =     2159.7356  EEL     =   -15058.9571  HBOND      =        0.0000
 1-4 VDW =        2.6869  1-4 EEL =       47.4537  RESTRAINT  =        0.0634
 EAMBER  =   -11939.9671


   NSTEP       ENERGY          RMS            GMAX         NAME    NUMBER
    660      -1.1946E+04     2.9727E-01     8.2185E+00     N          17

 BOND    =      890.5706  ANGLE   =        0.7654  DIHED      =        9.2867
 VDWAALS =     2165.1459  EEL     =   -15061.2119  HBOND      =        0.0000
 1-4 VDW =        2.5959  1-4 EEL =       47.1363  RESTRAINT  =        0.0198
 EAMBER  =   -11945.7113


   NSTEP       ENERGY          RMS            GMAX         NAME    NUMBER
    680      -1.1960E+04     3.8213E-01     5.4766E+00     C           5

 BOND    =      901.6567  ANGLE   =        0.7798  DIHED      =        9.3333
 VDWAALS =     2198.7961  EEL     =   -15120.4192  HBOND      =        0.0000
 1-4 VDW =        2.6137  1-4 EEL =       46.9678  RESTRAINT  =        0.0237
 EAMBER  =   -11960.2718


   NSTEP       ENERGY          RMS            GMAX         NAME    NUMBER
    700      -1.1974E+04     5.0775E-01     1.9866E+01     C          15

 BOND    =      908.1782  ANGLE   =        1.5783  DIHED      =        9.8776
 VDWAALS =     2198.4060  EEL     =   -15141.3949  HBOND      =        0.0000
 1-4 VDW =        2.6626  1-4 EEL =       46.5275  RESTRAINT  =        0.3166
 EAMBER  =   -11974.1648


   NSTEP       ENERGY          RMS            GMAX         NAME    NUMBER
    720      -1.1981E+04     8.8424E-01     3.0363E+01     C          15

 BOND    =      886.2851  ANGLE   =        1.1799  DIHED      =        9.3123
 VDWAALS =     2205.6310  EEL     =   -15134.0195  HBOND      =        0.0000
 1-4 VDW =        2.7627  1-4 EEL =       47.3394  RESTRAINT  =        0.0972
 EAMBER  =   -11981.5091


   NSTEP       ENERGY          RMS            GMAX         NAME    NUMBER
    740      -1.2000E+04     2.8512E-01     6.5788E+00     C          15

 BOND    =      910.0509  ANGLE   =        0.8743  DIHED      =        9.2543
 VDWAALS =     2218.9767  EEL     =   -15188.8863  HBOND      =        0.0000
 1-4 VDW =        2.6004  1-4 EEL =       47.2047  RESTRAINT  =        0.0225
 EAMBER  =   -11999.9250


   NSTEP       ENERGY          RMS            GMAX         NAME    NUMBER
    760      -1.2004E+04     3.9134E-01     1.0059E+01     CB         11

 BOND    =      906.8236  ANGLE   =        0.7530  DIHED      =        9.2938
 VDWAALS =     2222.6599  EEL     =   -15193.7606  HBOND      =        0.0000
 1-4 VDW =        2.6134  1-4 EEL =       47.1984  RESTRAINT  =        0.0261
 EAMBER  =   -12004.4185


   NSTEP       ENERGY          RMS            GMAX         NAME    NUMBER
    780      -1.2022E+04     4.0367E-01     6.8809E+00     HH33       22

 BOND    =      912.9578  ANGLE   =        1.1902  DIHED      =        9.5856
 VDWAALS =     2246.2067  EEL     =   -15241.0237  HBOND      =        0.0000
 1-4 VDW =        2.6266  1-4 EEL =       46.6391  RESTRAINT  =        0.1414
 EAMBER  =   -12021.8177


   NSTEP       ENERGY          RMS            GMAX         NAME    NUMBER
    800      -1.2032E+04     4.0901E-01     1.0352E+01     N          17

 BOND    =      913.1067  ANGLE   =        0.7595  DIHED      =        9.3586
 VDWAALS =     2247.6796  EEL     =   -15252.0817  HBOND      =        0.0000
 1-4 VDW =        2.5895  1-4 EEL =       47.0309  RESTRAINT  =        0.0536
 EAMBER  =   -12031.5569


   NSTEP       ENERGY          RMS            GMAX         NAME    NUMBER
    820      -1.2037E+04     6.2823E-01     1.8936E+01     CH3         2

 BOND    =      903.4382  ANGLE   =        1.1221  DIHED      =        9.3248
 VDWAALS =     2253.8897  EEL     =   -15254.4210  HBOND      =        0.0000
 1-4 VDW =        2.6067  1-4 EEL =       46.9776  RESTRAINT  =        0.0565
 EAMBER  =   -12037.0620


   NSTEP       ENERGY          RMS            GMAX         NAME    NUMBER
    840      -1.2047E+04     2.7521E-01     5.9655E+00     N          17

 BOND    =      920.1082  ANGLE   =        0.7917  DIHED      =        9.2681
 VDWAALS =     2260.5729  EEL     =   -15288.0772  HBOND      =        0.0000
 1-4 VDW =        2.6502  1-4 EEL =       47.2217  RESTRAINT  =        0.0295
 EAMBER  =   -12047.4646


   NSTEP       ENERGY          RMS            GMAX         NAME    NUMBER
    860      -1.2051E+04     2.8518E-01     9.2517E+00     C           5

 BOND    =      912.6790  ANGLE   =        0.7795  DIHED      =        9.3324
 VDWAALS =     2262.5036  EEL     =   -15285.8712  HBOND      =        0.0000
 1-4 VDW =        2.6414  1-4 EEL =       47.0025  RESTRAINT  =        0.0339
 EAMBER  =   -12050.9329


   NSTEP       ENERGY          RMS            GMAX         NAME    NUMBER
    880      -1.2061E+04     3.5293E-01     6.5001E+00     N           7

 BOND    =      921.3581  ANGLE   =        1.1395  DIHED      =        9.5885
 VDWAALS =     2273.8355  EEL     =   -15316.6216  HBOND      =        0.0000
 1-4 VDW =        2.6129  1-4 EEL =       46.5991  RESTRAINT  =        0.1534
 EAMBER  =   -12061.4880


   NSTEP       ENERGY          RMS            GMAX         NAME    NUMBER
    900      -1.2069E+04     2.1292E-01     4.6443E+00     CB         11

 BOND    =      920.3531  ANGLE   =        0.7625  DIHED      =        9.4025
 VDWAALS =     2274.8136  EEL     =   -15323.6164  HBOND      =        0.0000
 1-4 VDW =        2.5764  1-4 EEL =       46.9902  RESTRAINT  =        0.0409
 EAMBER  =   -12068.7180


   NSTEP       ENERGY          RMS            GMAX         NAME    NUMBER
    920      -1.2074E+04     5.2347E-01     1.1219E+01     CA          9

 BOND    =      910.9403  ANGLE   =        0.8353  DIHED      =        9.3788
 VDWAALS =     2281.0572  EEL     =   -15326.1871  HBOND      =        0.0000
 1-4 VDW =        2.6055  1-4 EEL =       47.0331  RESTRAINT  =        0.0357
 EAMBER  =   -12074.3370


   NSTEP       ENERGY          RMS            GMAX         NAME    NUMBER
    940      -1.2085E+04     3.9540E-01     1.0983E+01     C           5

 BOND    =      923.4767  ANGLE   =        0.8864  DIHED      =        9.2923
 VDWAALS =     2286.9560  EEL     =   -15355.8937  HBOND      =        0.0000
 1-4 VDW =        2.7062  1-4 EEL =       47.2666  RESTRAINT  =        0.0692
 EAMBER  =   -12085.3094


   NSTEP       ENERGY          RMS            GMAX         NAME    NUMBER
    960      -1.2088E+04     3.2285E-01     9.0049E+00     C          15

 BOND    =      918.0615  ANGLE   =        0.7051  DIHED      =        9.2970
 VDWAALS =     2289.0659  EEL     =   -15355.2721  HBOND      =        0.0000
 1-4 VDW =        2.6774  1-4 EEL =       47.2149  RESTRAINT  =        0.0424
 EAMBER  =   -12088.2503


   NSTEP       ENERGY          RMS            GMAX         NAME    NUMBER
    980      -1.2096E+04     2.6575E-01     7.0376E+00     N           7

 BOND    =      923.3078  ANGLE   =        0.8660  DIHED      =        9.4615
 VDWAALS =     2300.8479  EEL     =   -15379.9326  HBOND      =        0.0000
 1-4 VDW =        2.6147  1-4 EEL =       46.7835  RESTRAINT  =        0.0683
 EAMBER  =   -12096.0512


   NSTEP       ENERGY          RMS            GMAX         NAME    NUMBER
   1000      -1.2101E+04     2.8805E-01     8.7435E+00     CH3        19

 BOND    =      927.8728  ANGLE   =        0.7834  DIHED      =        9.4696
 VDWAALS =     2302.7724  EEL     =   -15391.1305  HBOND      =        0.0000
 1-4 VDW =        2.5886  1-4 EEL =       46.8773  RESTRAINT  =        0.0718
 EAMBER  =   -12100.7665


  Maximum number of minimization cycles reached.


                    FINAL RESULTS



   NSTEP       ENERGY          RMS            GMAX         NAME    NUMBER
   1000      -1.2101E+04     2.8805E-01     8.7435E+00     CH3        19

 BOND    =      927.8728  ANGLE   =        0.7834  DIHED      =        9.4696
 VDWAALS =     2302.7724  EEL     =   -15391.1305  HBOND      =        0.0000
 1-4 VDW =        2.5886  1-4 EEL =       46.8773  RESTRAINT  =        0.0718
 EAMBER  =   -12100.7665

--------------------------------------------------------------------------------
   5.  TIMINGS
--------------------------------------------------------------------------------

|                Build the list             0.08 (57.74% of List )
|                Other                      0.06 (42.26% of List )
|             List time                  0.13 ( 1.31% of Nonbo)
|                   Short_ene time             6.15 (96.75% of Direc)
|                   Other                      0.21 ( 3.25% of Direc)
|                Direct Ewald time          6.36 (63.28% of Ewald)
|                Adjust Ewald time          0.04 ( 0.37% of Ewald)
|                Self Ewald time            0.00 ( 0.02% of Ewald)
|                   Fill Bspline coeffs        0.15 ( 6.36% of Recip)
|                   Fill charge grid           0.13 ( 5.42% of Recip)
|                   Scalar sum                 0.56 (23.47% of Recip)
|                   Grad sum                   0.28 (11.84% of Recip)
|                      FFT back comm time         0.22 (19.11% of FFT t)
|                      Other                      0.93 (80.89% of FFT t)
|                   FFT time                   1.15 (48.49% of Recip)
|                   Other                      0.10 ( 4.42% of Recip)
|                Recip Ewald time           2.37 (23.62% of Ewald)
|                Force Adjust               1.22 (12.16% of Ewald)
|                Virial junk                0.05 ( 0.49% of Ewald)
|                Start synchronizatio       0.00 ( 0.01% of Ewald)
|                Other                      0.01 ( 0.05% of Ewald)
|             Ewald time                10.05 (98.68% of Nonbo)
|             Other                      0.00 ( 0.01% of Nonbo)
|          Nonbond force             10.18 (93.63% of Force)
|          Bond/Angle/Dihedral        0.04 ( 0.36% of Force)
|          FRC Collect time           0.20 ( 1.83% of Force)
|          Other                      0.45 ( 4.18% of Force)
|       Force time                10.87 (100.0% of Runmd)
|    Runmd Time                10.87 ( 6.21% of Total)
|    Other                    164.33 (93.79% of Total)
| Total time               175.21 (100.0% of ALL  )

| Highest rstack allocated:      40612
| Highest istack allocated:        882
|           Job began  at 14:50:17.784  on 03/14/2017
|           Setup done at 14:50:17.933  on 03/14/2017
|           Run   done at 14:53:12.992  on 03/14/2017
|     wallclock() was called   44070 times
