
          -------------------------------------------------------
          Amber 16 SANDER                              2016
          -------------------------------------------------------

| Run on 03/14/2017 at 15:01:46

|   Executable path: sander.MPI
| Working directory: /home/steboss/projects/mdgx-tests/alanine/IPOLQ/input/PhiPsi_1/300/210
|          Hostname: node005

  [-O]verwriting output

File Assignments:
|  MDIN: min.in                                                                
| MDOUT: Conf210.min.out                                                       
|INPCRD: Conf210.crd                                                           
|  PARM: Conf210.top                                                           
|RESTRT: Conf210.min                                                           
|  REFC: Conf210.crd                                                           
| MDVEL: mdvel                                                                 
| MDFRC: mdfrc                                                                 
|  MDEN: mden                                                                  
| MDCRD: mdcrd                                                                 
|MDINFO: mdinfo                                                                
|  MTMD: mtmd                                                                  
|INPDIP: inpdip                                                                
|RSTDIP: rstdip                                                                
|INPTRA: inptraj                                                               

|    REMLOG: rem.log
|   REMTYPE: rem.type
|  REMSTRIP: 
|   SAVEENE: saveene
|CLUSTERINF: cluster.info
| RESERVOIR: reserv/frame
|   REMDDIM: 


 Here is the input file:

Initial minimization                                                           
 &cntrl                                                                        
  ntx    = 1,       irest  = 0,       ntrx   = 1,      ntxo   = 1,             
  ntpr   = 20,      ntwx   = 0,       ntwv   = 0,      ntwe   = 0,             
                                                                               
  ntf    = 1,       ntb    = 1,                                                
  ntc    = 1,       ntr    = 1,                                                
  restraintmask = ':1',                                                        
  restraint_wt = 100.0,                                                        
  cut    = 9.0,                                                                
                                                                               
  imin   = 1,                                                                  
  maxcyc = 1000,                                                               
  ncyc   = 100,                                                                
                                                                               
 &end                                                                          

--------------------------------------------------------------------------------
   1.  RESOURCE   USE: 
--------------------------------------------------------------------------------

| Flags: MPI                                                                    
 getting new box info from bottom of inpcrd
|  INFO: Old style inpcrd file read

| peek_ewald_inpcrd: Box info found
|Largest sphere to fit in unit cell has radius =    14.653
| New format PARM file being parsed.
| Version =    1.000 Date = 03/14/17 Time = 13:39:48
 NATOM  =    2941 NTYPES =       9 NBONH =    2931 MBONA  =       9
 NTHETH =      25 MTHETA =      11 NPHIH =      43 MPHIA  =      24
 NHPARM =       0 NPARM  =       0 NNB   =    3991 NRES   =     976
 NBONA  =       9 NTHETA =      11 NPHIA =      24 NUMBND =      10
 NUMANG =      16 NPTRA  =      19 NATYP =       9 NPHB   =       1
 IFBOX  =       2 NMXRS  =      10 IFCAP =       0 NEXTRA =       0
 NCOPY  =       0


|     Memory Use     Allocated
|     Real              336969
|     Hollerith           9801
|     Integer            90044
|     Max Pairs         326204
|     nblistReal         35292
|     nblist Int         89031
|       Total             4920 kbytes

| Note: 1-4 EEL scale factors are being read from the topology file.

| Note: 1-4 VDW scale factors are being read from the topology file.
| Duplicated    0 dihedrals
| Duplicated    0 dihedrals

     BOX TYPE: TRUNCATED OCTAHEDRON

--------------------------------------------------------------------------------
   2.  CONTROL  DATA  FOR  THE  RUN
--------------------------------------------------------------------------------

default_name                                                                    

General flags:
     imin    =       1, nmropt  =       0

Nature and format of input:
     ntx     =       1, irest   =       0, ntrx    =       1

Nature and format of output:
     ntxo    =       1, ntpr    =      20, ntrx    =       1, ntwr    =       1
     iwrap   =       0, ntwx    =       0, ntwv    =       0, ntwe    =       0
     ioutfm  =       1, ntwprt  =       0, idecomp =       0, rbornstat=      0

Potential function:
     ntf     =       1, ntb     =       1, igb     =       0, nsnb    =      25
     ipol    =       0, gbsa    =       0, iesp    =       0
     dielc   =   1.00000, cut     =   9.00000, intdiel =   1.00000

Frozen or restrained atoms:
     ibelly  =       0, ntr     =       1
     restraint_wt = 100.00000

Energy minimization:
     maxcyc  =    1000, ncyc    =     100, ntmin   =       1
     dx0     =   0.01000, drms    =   0.00010

Ewald parameters:
     verbose =       0, ew_type =       0, nbflag  =       1, use_pme =       1
     vdwmeth =       1, eedmeth =       1, netfrc  =       0
     Box X =   35.892   Box Y =   35.892   Box Z =   35.892
     Alpha =  109.471   Beta  =  109.471   Gamma =  109.471
     NFFT1 =   36       NFFT2 =   36       NFFT3 =   36
     Cutoff=    9.000   Tol   =0.100E-04
     Ewald Coefficient =  0.30768
     Interpolation order =    4

| MPI Timing options:
|      profile_mpi =        0

    LOADING THE CONSTRAINED ATOMS AS GROUPS


   5.  REFERENCE ATOM COORDINATES

  defa
     Mask :1; matches     6 atoms

--------------------------------------------------------------------------------
   3.  ATOMIC COORDINATES AND VELOCITIES
--------------------------------------------------------------------------------

default_name                                                                    
 begin time read from input coords =     0.000 ps

 Number of triangulated 3-point waters found:      973
|  Atom division among processors:
|         0     367     736    1102    1468    1837    2203    2569
|      2941

     Sum of charges from parm topology file =  -0.00000000
     Forcing neutrality...
|  Running AMBER/MPI version on    8 nodes


--------------------------------------------------------------------------------
   4.  RESULTS
--------------------------------------------------------------------------------

 ---------------------------------------------------
 APPROXIMATING switch and d/dx switch using CUBIC SPLINE INTERPOLATION
 using   5000.0 points per unit in tabled values
 TESTING RELATIVE ERROR over r ranging from 0.0 to cutoff
| CHECK switch(x): max rel err =   0.2738E-14   at   2.422500
| CHECK d/dx switch(x): max rel err =   0.8314E-11   at   2.736960
 ---------------------------------------------------
| Local SIZE OF NONBOND LIST =      88065
| TOTAL SIZE OF NONBOND LIST =     677102


   NSTEP       ENERGY          RMS            GMAX         NAME    NUMBER
      1      -8.2314E+03     1.2182E+01     6.1584E+01     O         305

 BOND    =        0.6601  ANGLE   =        1.0566  DIHED      =       10.3947
 VDWAALS =      911.1996  EEL     =    -9205.1513  HBOND      =        0.0000
 1-4 VDW =        3.2620  1-4 EEL =       47.2175  RESTRAINT  =        0.0000


   NSTEP       ENERGY          RMS            GMAX         NAME    NUMBER
     20      -9.0829E+03     2.6780E+00     1.9887E+01     O         389

 BOND    =      477.9384  ANGLE   =        1.0467  DIHED      =       10.3508
 VDWAALS =      862.2348  EEL     =   -10484.9530  HBOND      =        0.0000
 1-4 VDW =        3.2500  1-4 EEL =       47.2048  RESTRAINT  =        0.0056
 EAMBER  =    -9082.9276


   NSTEP       ENERGY          RMS            GMAX         NAME    NUMBER
     40      -9.7137E+03     1.5929E+00     7.3968E+00     H1       2442

 BOND    =      524.7017  ANGLE   =        1.0074  DIHED      =       10.2440
 VDWAALS =      902.5863  EEL     =   -11202.6891  HBOND      =        0.0000
 1-4 VDW =        3.2382  1-4 EEL =       47.2509  RESTRAINT  =        0.0068
 EAMBER  =    -9713.6606


   NSTEP       ENERGY          RMS            GMAX         NAME    NUMBER
     60      -9.9553E+03     3.3435E+00     1.0457E+01     H2       1006

 BOND    =      499.8191  ANGLE   =        0.9907  DIHED      =       10.1629
 VDWAALS =      937.7965  EEL     =   -11454.5266  HBOND      =        0.0000
 1-4 VDW =        3.2211  1-4 EEL =       47.2712  RESTRAINT  =        0.0050
 EAMBER  =    -9955.2652


   NSTEP       ENERGY          RMS            GMAX         NAME    NUMBER
     80      -1.0108E+04     3.9219E+00     1.3274E+01     H2       1273

 BOND    =      506.3757  ANGLE   =        0.9825  DIHED      =       10.0973
 VDWAALS =      971.4950  EEL     =   -11647.4439  HBOND      =        0.0000
 1-4 VDW =        3.2035  1-4 EEL =       47.2755  RESTRAINT  =        0.0045
 EAMBER  =   -10108.0145


   NSTEP       ENERGY          RMS            GMAX         NAME    NUMBER
    100      -1.0244E+04     9.3323E-01     4.3479E+00     O        2891

 BOND    =      600.8399  ANGLE   =        0.9767  DIHED      =       10.0407
 VDWAALS =     1004.3807  EEL     =   -11911.1375  HBOND      =        0.0000
 1-4 VDW =        3.1863  1-4 EEL =       47.2736  RESTRAINT  =        0.0048
 EAMBER  =   -10244.4396


   NSTEP       ENERGY          RMS            GMAX         NAME    NUMBER
    120      -1.0737E+04     4.0762E+00     6.5150E+01     H1       1221

 BOND    =      737.0646  ANGLE   =        1.4244  DIHED      =        9.5714
 VDWAALS =     1431.3499  EEL     =   -12966.7441  HBOND      =        0.0000
 1-4 VDW =        3.0565  1-4 EEL =       47.0345  RESTRAINT  =        0.0290
 EAMBER  =   -10737.2429


   NSTEP       ENERGY          RMS            GMAX         NAME    NUMBER
    140      -1.0905E+04     1.7251E+00     2.6882E+01     H2       1177

 BOND    =      716.8521  ANGLE   =        2.0859  DIHED      =        9.5381
 VDWAALS =     1444.0628  EEL     =   -13127.9851  HBOND      =        0.0000
 1-4 VDW =        3.0853  1-4 EEL =       46.9999  RESTRAINT  =        0.0301
 EAMBER  =   -10905.3608


   NSTEP       ENERGY          RMS            GMAX         NAME    NUMBER
    160      -1.1008E+04     1.5911E+00     2.6808E+01     CA          9

 BOND    =      705.0938  ANGLE   =        1.5978  DIHED      =        9.5382
 VDWAALS =     1450.4652  EEL     =   -13224.6515  HBOND      =        0.0000
 1-4 VDW =        2.9126  1-4 EEL =       46.8459  RESTRAINT  =        0.0469
 EAMBER  =   -11008.1982


   NSTEP       ENERGY          RMS            GMAX         NAME    NUMBER
    180      -1.1105E+04     1.0475E+00     1.8091E+01     C          15

 BOND    =      752.4044  ANGLE   =        1.6269  DIHED      =        9.6502
 VDWAALS =     1597.0170  EEL     =   -13515.2895  HBOND      =        0.0000
 1-4 VDW =        2.9465  1-4 EEL =       46.6600  RESTRAINT  =        0.0502
 EAMBER  =   -11104.9844


   NSTEP       ENERGY          RMS            GMAX         NAME    NUMBER
    200      -1.1198E+04     1.3406E+00     4.5990E+01     O           6

 BOND    =      764.9605  ANGLE   =        1.7266  DIHED      =        9.4867
 VDWAALS =     1609.9293  EEL     =   -13634.2125  HBOND      =        0.0000
 1-4 VDW =        2.8588  1-4 EEL =       46.5460  RESTRAINT  =        0.2214
 EAMBER  =   -11198.7046


   NSTEP       ENERGY          RMS            GMAX         NAME    NUMBER
    220      -1.1241E+04     1.7473E+00     5.2235E+01     O           6

 BOND    =      773.1960  ANGLE   =        4.6755  DIHED      =        9.8812
 VDWAALS =     1650.2412  EEL     =   -13728.0749  HBOND      =        0.0000
 1-4 VDW =        2.7024  1-4 EEL =       45.9932  RESTRAINT  =        0.6533
 EAMBER  =   -11241.3854


   NSTEP       ENERGY          RMS            GMAX         NAME    NUMBER
    240      -1.1371E+04     1.0389E+00     3.6656E+01     C           5

 BOND    =      804.2268  ANGLE   =        2.3852  DIHED      =        9.9524
 VDWAALS =     1798.1284  EEL     =   -14035.9807  HBOND      =        0.0000
 1-4 VDW =        2.7585  1-4 EEL =       46.8508  RESTRAINT  =        0.2660
 EAMBER  =   -11371.6786


   NSTEP       ENERGY          RMS            GMAX         NAME    NUMBER
    260      -1.1401E+04     6.3255E-01     2.2068E+01     C          15

 BOND    =      802.6173  ANGLE   =        1.1617  DIHED      =        9.4685
 VDWAALS =     1795.0783  EEL     =   -14059.2929  HBOND      =        0.0000
 1-4 VDW =        2.7786  1-4 EEL =       47.1951  RESTRAINT  =        0.0882
 EAMBER  =   -11400.9933


   NSTEP       ENERGY          RMS            GMAX         NAME    NUMBER
    280      -1.1461E+04     1.3469E+00     4.1629E+01     C          15

 BOND    =      836.4097  ANGLE   =        3.1403  DIHED      =       10.5294
 VDWAALS =     1878.9557  EEL     =   -14240.6919  HBOND      =        0.0000
 1-4 VDW =        3.0662  1-4 EEL =       47.5942  RESTRAINT  =        0.4926
 EAMBER  =   -11460.9964


   NSTEP       ENERGY          RMS            GMAX         NAME    NUMBER
    300      -1.1502E+04     6.4401E-01     2.2073E+01     CA          9

 BOND    =      828.0607  ANGLE   =        1.4971  DIHED      =        9.2445
 VDWAALS =     1871.3507  EEL     =   -14263.0276  HBOND      =        0.0000
 1-4 VDW =        3.0300  1-4 EEL =       47.3531  RESTRAINT  =        0.1764
 EAMBER  =   -11502.4915


   NSTEP       ENERGY          RMS            GMAX         NAME    NUMBER
    320      -1.1524E+04     9.7390E-01     3.4977E+01     C           5

 BOND    =      821.5561  ANGLE   =        2.2117  DIHED      =        9.4067
 VDWAALS =     1902.7785  EEL     =   -14310.3518  HBOND      =        0.0000
 1-4 VDW =        2.8091  1-4 EEL =       47.0535  RESTRAINT  =        0.2385
 EAMBER  =   -11524.5362


   NSTEP       ENERGY          RMS            GMAX         NAME    NUMBER
    340      -1.1579E+04     1.3269E+00     4.6130E+01     C           5

 BOND    =      837.0441  ANGLE   =        1.3808  DIHED      =        9.5859
 VDWAALS =     1933.2046  EEL     =   -14410.1084  HBOND      =        0.0000
 1-4 VDW =        2.6843  1-4 EEL =       46.7647  RESTRAINT  =        0.1739
 EAMBER  =   -11579.4439


   NSTEP       ENERGY          RMS            GMAX         NAME    NUMBER
    360      -1.1595E+04     4.9448E-01     1.6477E+01     CH3         2

 BOND    =      836.7565  ANGLE   =        0.9244  DIHED      =        9.4400
 VDWAALS =     1943.7085  EEL     =   -14435.7354  HBOND      =        0.0000
 1-4 VDW =        2.6800  1-4 EEL =       46.9931  RESTRAINT  =        0.0693
 EAMBER  =   -11595.2329


   NSTEP       ENERGY          RMS            GMAX         NAME    NUMBER
    380      -1.1625E+04     6.1407E-01     1.0654E+01     C          15

 BOND    =      854.7155  ANGLE   =        0.9863  DIHED      =        9.3014
 VDWAALS =     1995.4001  EEL     =   -14536.1006  HBOND      =        0.0000
 1-4 VDW =        2.9396  1-4 EEL =       47.4350  RESTRAINT  =        0.1159
 EAMBER  =   -11625.3227


   NSTEP       ENERGY          RMS            GMAX         NAME    NUMBER
    400      -1.1648E+04     4.8346E-01     1.2632E+01     CA          9

 BOND    =      858.0992  ANGLE   =        1.3429  DIHED      =        9.2573
 VDWAALS =     1995.5727  EEL     =   -14563.3942  HBOND      =        0.0000
 1-4 VDW =        3.1224  1-4 EEL =       47.4782  RESTRAINT  =        0.1286
 EAMBER  =   -11648.5215


   NSTEP       ENERGY          RMS            GMAX         NAME    NUMBER
    420      -1.1664E+04     1.0024E+00     2.5100E+01     C          15

 BOND    =      852.2942  ANGLE   =        1.4510  DIHED      =        9.3454
 VDWAALS =     2022.1633  EEL     =   -14599.6464  HBOND      =        0.0000
 1-4 VDW =        2.9123  1-4 EEL =       47.0128  RESTRAINT  =        0.0729
 EAMBER  =   -11664.4674


   NSTEP       ENERGY          RMS            GMAX         NAME    NUMBER
    440      -1.1692E+04     4.8825E-01     1.9083E+01     C          15

 BOND    =      863.1909  ANGLE   =        0.8369  DIHED      =        9.4928
 VDWAALS =     2036.4957  EEL     =   -14651.1483  HBOND      =        0.0000
 1-4 VDW =        2.6432  1-4 EEL =       46.8965  RESTRAINT  =        0.0568
 EAMBER  =   -11691.5923


   NSTEP       ENERGY          RMS            GMAX         NAME    NUMBER
    460      -1.1700E+04     3.7800E-01     9.4566E+00     C           5

 BOND    =      860.5408  ANGLE   =        0.8084  DIHED      =        9.4051
 VDWAALS =     2043.8111  EEL     =   -14663.9400  HBOND      =        0.0000
 1-4 VDW =        2.6709  1-4 EEL =       47.0538  RESTRAINT  =        0.0288
 EAMBER  =   -11699.6499


   NSTEP       ENERGY          RMS            GMAX         NAME    NUMBER
    480      -1.1730E+04     5.3403E-01     6.3094E+00     C          15

 BOND    =      874.7246  ANGLE   =        0.7019  DIHED      =        9.2622
 VDWAALS =     2105.2577  EEL     =   -14770.2208  HBOND      =        0.0000
 1-4 VDW =        2.8396  1-4 EEL =       47.4468  RESTRAINT  =        0.0451
 EAMBER  =   -11729.9879


   NSTEP       ENERGY          RMS            GMAX         NAME    NUMBER
    500      -1.1753E+04     5.0242E-01     1.7393E+01     O           6

 BOND    =      878.3302  ANGLE   =        1.1720  DIHED      =        9.3088
 VDWAALS =     2104.0001  EEL     =   -14796.7798  HBOND      =        0.0000
 1-4 VDW =        3.0215  1-4 EEL =       47.5819  RESTRAINT  =        0.1651
 EAMBER  =   -11753.3653


   NSTEP       ENERGY          RMS            GMAX         NAME    NUMBER
    520      -1.1761E+04     5.7751E-01     1.2179E+01     CH3        19

 BOND    =      872.3359  ANGLE   =        0.8870  DIHED      =        9.3811
 VDWAALS =     2113.0078  EEL     =   -14806.6842  HBOND      =        0.0000
 1-4 VDW =        2.8114  1-4 EEL =       46.9482  RESTRAINT  =        0.0788
 EAMBER  =   -11761.3128


   NSTEP       ENERGY          RMS            GMAX         NAME    NUMBER
    540      -1.1773E+04     3.5246E-01     9.7311E+00     N          17

 BOND    =      880.7515  ANGLE   =        0.9069  DIHED      =        9.5248
 VDWAALS =     2120.9922  EEL     =   -14834.4314  HBOND      =        0.0000
 1-4 VDW =        2.6795  1-4 EEL =       46.8600  RESTRAINT  =        0.0541
 EAMBER  =   -11772.7165


   NSTEP       ENERGY          RMS            GMAX         NAME    NUMBER
    560      -1.1779E+04     3.5118E-01     1.0678E+01     CH3        19

 BOND    =      878.4894  ANGLE   =        0.8395  DIHED      =        9.3962
 VDWAALS =     2127.4497  EEL     =   -14845.5602  HBOND      =        0.0000
 1-4 VDW =        2.7159  1-4 EEL =       47.2397  RESTRAINT  =        0.0393
 EAMBER  =   -11779.4297


   NSTEP       ENERGY          RMS            GMAX         NAME    NUMBER
    580      -1.1789E+04     3.1034E-01     6.9041E+00     O          16

 BOND    =      883.7623  ANGLE   =        0.6310  DIHED      =        9.2529
 VDWAALS =     2141.2806  EEL     =   -14874.3123  HBOND      =        0.0000
 1-4 VDW =        2.8951  1-4 EEL =       47.6177  RESTRAINT  =        0.0470
 EAMBER  =   -11788.8726


   NSTEP       ENERGY          RMS            GMAX         NAME    NUMBER
    600      -1.1798E+04     5.0360E-01     1.4888E+01     C           5

 BOND    =      886.3473  ANGLE   =        1.0842  DIHED      =        9.3026
 VDWAALS =     2145.4974  EEL     =   -14890.2510  HBOND      =        0.0000
 1-4 VDW =        2.9246  1-4 EEL =       47.4295  RESTRAINT  =        0.1565
 EAMBER  =   -11797.6654


   NSTEP       ENERGY          RMS            GMAX         NAME    NUMBER
    620      -1.1803E+04     4.8610E-01     1.7204E+01     C          15

 BOND    =      880.8528  ANGLE   =        0.9586  DIHED      =        9.4558
 VDWAALS =     2151.5043  EEL     =   -14895.9716  HBOND      =        0.0000
 1-4 VDW =        2.7038  1-4 EEL =       46.9743  RESTRAINT  =        0.0538
 EAMBER  =   -11803.5220


   NSTEP       ENERGY          RMS            GMAX         NAME    NUMBER
    640      -1.1813E+04     2.9882E-01     6.9979E+00     CB         11

 BOND    =      889.5903  ANGLE   =        1.0321  DIHED      =        9.5909
 VDWAALS =     2156.8642  EEL     =   -14919.2327  HBOND      =        0.0000
 1-4 VDW =        2.6742  1-4 EEL =       46.8463  RESTRAINT  =        0.0728
 EAMBER  =   -11812.6348


   NSTEP       ENERGY          RMS            GMAX         NAME    NUMBER
    660      -1.1819E+04     2.6111E-01     7.7654E+00     N          17

 BOND    =      886.5706  ANGLE   =        0.7108  DIHED      =        9.3380
 VDWAALS =     2160.4527  EEL     =   -14925.8191  HBOND      =        0.0000
 1-4 VDW =        2.7640  1-4 EEL =       47.4053  RESTRAINT  =        0.0202
 EAMBER  =   -11818.5777


   NSTEP       ENERGY          RMS            GMAX         NAME    NUMBER
    680      -1.1827E+04     3.1018E-01     7.0470E+00     O          16

 BOND    =      890.0418  ANGLE   =        0.6112  DIHED      =        9.2591
 VDWAALS =     2170.7693  EEL     =   -14948.3176  HBOND      =        0.0000
 1-4 VDW =        2.9423  1-4 EEL =       47.6554  RESTRAINT  =        0.0477
 EAMBER  =   -11827.0383


   NSTEP       ENERGY          RMS            GMAX         NAME    NUMBER
    700      -1.1836E+04     4.8944E-01     1.0917E+01     O           6

 BOND    =      891.9489  ANGLE   =        0.6747  DIHED      =        9.3193
 VDWAALS =     2172.8036  EEL     =   -14961.7975  HBOND      =        0.0000
 1-4 VDW =        2.8189  1-4 EEL =       47.8008  RESTRAINT  =        0.1408
 EAMBER  =   -11836.4312


   NSTEP       ENERGY          RMS            GMAX         NAME    NUMBER
    720      -1.1843E+04     6.2449E-01     1.7245E+01     C          15

 BOND    =      888.7481  ANGLE   =        1.1057  DIHED      =        9.4847
 VDWAALS =     2179.4704  EEL     =   -14971.4396  HBOND      =        0.0000
 1-4 VDW =        2.6395  1-4 EEL =       47.1983  RESTRAINT  =        0.0428
 EAMBER  =   -11842.7929


   NSTEP       ENERGY          RMS            GMAX         NAME    NUMBER
    740      -1.1855E+04     4.4949E-01     1.0089E+01     N           7

 BOND    =      892.8279  ANGLE   =        1.1211  DIHED      =        9.5595
 VDWAALS =     2185.0392  EEL     =   -14993.6228  HBOND      =        0.0000
 1-4 VDW =        2.7165  1-4 EEL =       46.9113  RESTRAINT  =        0.1036
 EAMBER  =   -11855.4473


   NSTEP       ENERGY          RMS            GMAX         NAME    NUMBER
    760      -1.1859E+04     2.9333E-01     7.6470E+00     C           5

 BOND    =      890.2080  ANGLE   =        0.9187  DIHED      =        9.4614
 VDWAALS =     2187.2142  EEL     =   -14996.7606  HBOND      =        0.0000
 1-4 VDW =        2.7473  1-4 EEL =       47.0872  RESTRAINT  =        0.0640
 EAMBER  =   -11859.1238


   NSTEP       ENERGY          RMS            GMAX         NAME    NUMBER
    780      -1.1872E+04     3.3279E-01     6.4890E+00     H1       2073

 BOND    =      899.9736  ANGLE   =        0.5838  DIHED      =        9.2784
 VDWAALS =     2205.3307  EEL     =   -15037.3991  HBOND      =        0.0000
 1-4 VDW =        2.9092  1-4 EEL =       47.6782  RESTRAINT  =        0.0366
 EAMBER  =   -11871.6452


   NSTEP       ENERGY          RMS            GMAX         NAME    NUMBER
    800      -1.1881E+04     3.6910E-01     1.0439E+01     C          15

 BOND    =      899.3335  ANGLE   =        0.6624  DIHED      =        9.3378
 VDWAALS =     2205.7750  EEL     =   -15046.8074  HBOND      =        0.0000
 1-4 VDW =        2.8853  1-4 EEL =       47.8294  RESTRAINT  =        0.0940
 EAMBER  =   -11880.9840


   NSTEP       ENERGY          RMS            GMAX         NAME    NUMBER
    820      -1.1888E+04     6.9807E-01     1.8933E+01     C          15

 BOND    =      894.3991  ANGLE   =        1.1153  DIHED      =        9.6271
 VDWAALS =     2217.8322  EEL     =   -15061.0705  HBOND      =        0.0000
 1-4 VDW =        2.6864  1-4 EEL =       47.5553  RESTRAINT  =        0.1255
 EAMBER  =   -11887.8552


   NSTEP       ENERGY          RMS            GMAX         NAME    NUMBER
    840      -1.1899E+04     2.6946E-01     8.7494E+00     C           5

 BOND    =      903.2900  ANGLE   =        0.9101  DIHED      =        9.4868
 VDWAALS =     2224.1064  EEL     =   -15086.7656  HBOND      =        0.0000
 1-4 VDW =        2.7037  1-4 EEL =       47.0672  RESTRAINT  =        0.0822
 EAMBER  =   -11899.2015


   NSTEP       ENERGY          RMS            GMAX         NAME    NUMBER
    860      -1.1903E+04     2.4204E-01     7.0769E+00     C          15

 BOND    =      899.6614  ANGLE   =        0.6869  DIHED      =        9.3690
 VDWAALS =     2225.7778  EEL     =   -15088.5051  HBOND      =        0.0000
 1-4 VDW =        2.7563  1-4 EEL =       47.4169  RESTRAINT  =        0.0290
 EAMBER  =   -11902.8368


   NSTEP       ENERGY          RMS            GMAX         NAME    NUMBER
    880      -1.1912E+04     3.6312E-01     9.3835E+00     O           6

 BOND    =      905.5548  ANGLE   =        0.7508  DIHED      =        9.3055
 VDWAALS =     2237.7904  EEL     =   -15116.5131  HBOND      =        0.0000
 1-4 VDW =        2.9595  1-4 EEL =       47.8663  RESTRAINT  =        0.1161
 EAMBER  =   -11912.2858


   NSTEP       ENERGY          RMS            GMAX         NAME    NUMBER
    900      -1.1919E+04     2.6259E-01     6.8615E+00     CA          9

 BOND    =      906.0838  ANGLE   =        0.6958  DIHED      =        9.3560
 VDWAALS =     2238.1089  EEL     =   -15123.6390  HBOND      =        0.0000
 1-4 VDW =        2.8404  1-4 EEL =       47.5103  RESTRAINT  =        0.0190
 EAMBER  =   -11919.0438


   NSTEP       ENERGY          RMS            GMAX         NAME    NUMBER
    920      -1.1923E+04     4.6356E-01     1.4651E+01     C           5

 BOND    =      900.7204  ANGLE   =        0.7737  DIHED      =        9.3648
 VDWAALS =     2244.2116  EEL     =   -15128.7458  HBOND      =        0.0000
 1-4 VDW =        2.7805  1-4 EEL =       47.4810  RESTRAINT  =        0.0167
 EAMBER  =   -11923.4138


   NSTEP       ENERGY          RMS            GMAX         NAME    NUMBER
    940      -1.1932E+04     3.5475E-01     1.0903E+01     C           5

 BOND    =      910.9613  ANGLE   =        0.8667  DIHED      =        9.5049
 VDWAALS =     2249.6171  EEL     =   -15152.3353  HBOND      =        0.0000
 1-4 VDW =        2.6278  1-4 EEL =       47.1122  RESTRAINT  =        0.0723
 EAMBER  =   -11931.6453


   NSTEP       ENERGY          RMS            GMAX         NAME    NUMBER
    960      -1.1934E+04     2.7330E-01     6.6474E+00     CB         11

 BOND    =      905.7246  ANGLE   =        0.6864  DIHED      =        9.4421
 VDWAALS =     2252.0042  EEL     =   -15152.1128  HBOND      =        0.0000
 1-4 VDW =        2.6539  1-4 EEL =       47.2796  RESTRAINT  =        0.0493
 EAMBER  =   -11934.3220


   NSTEP       ENERGY          RMS            GMAX         NAME    NUMBER
    980      -1.1940E+04     3.4129E-01     1.2959E+01     N          17

 BOND    =      909.2346  ANGLE   =        0.4982  DIHED      =        9.3174
 VDWAALS =     2262.9207  EEL     =   -15172.7761  HBOND      =        0.0000
 1-4 VDW =        2.8530  1-4 EEL =       47.5691  RESTRAINT  =        0.0158
 EAMBER  =   -11940.3832


   NSTEP       ENERGY          RMS            GMAX         NAME    NUMBER
   1000      -1.1945E+04     2.7216E-01     9.0071E+00     C           5

 BOND    =      912.4274  ANGLE   =        0.7105  DIHED      =        9.3777
 VDWAALS =     2264.5319  EEL     =   -15182.0085  HBOND      =        0.0000
 1-4 VDW =        2.8353  1-4 EEL =       47.4914  RESTRAINT  =        0.0166
 EAMBER  =   -11944.6344


  Maximum number of minimization cycles reached.


                    FINAL RESULTS



   NSTEP       ENERGY          RMS            GMAX         NAME    NUMBER
   1000      -1.1945E+04     2.7216E-01     9.0071E+00     C           5

 BOND    =      912.4274  ANGLE   =        0.7105  DIHED      =        9.3777
 VDWAALS =     2264.5319  EEL     =   -15182.0085  HBOND      =        0.0000
 1-4 VDW =        2.8353  1-4 EEL =       47.4914  RESTRAINT  =        0.0166
 EAMBER  =   -11944.6344

--------------------------------------------------------------------------------
   5.  TIMINGS
--------------------------------------------------------------------------------

|                Build the list             0.16 (74.93% of List )
|                Other                      0.05 (25.07% of List )
|             List time                  0.22 ( 2.01% of Nonbo)
|                   Short_ene time             7.18 (96.85% of Direc)
|                   Other                      0.23 ( 3.15% of Direc)
|                Direct Ewald time          7.42 (70.36% of Ewald)
|                Adjust Ewald time          0.05 ( 0.43% of Ewald)
|                Self Ewald time            0.00 ( 0.02% of Ewald)
|                   Fill Bspline coeffs        0.16 ( 6.74% of Recip)
|                   Fill charge grid           0.13 ( 5.53% of Recip)
|                   Scalar sum                 0.58 (23.95% of Recip)
|                   Grad sum                   0.31 (12.88% of Recip)
|                      FFT back comm time         0.28 (24.30% of FFT t)
|                      Other                      0.88 (75.70% of FFT t)
|                   FFT time                   1.16 (47.68% of Recip)
|                   Other                      0.08 ( 3.22% of Recip)
|                Recip Ewald time           2.42 (23.00% of Ewald)
|                Force Adjust               0.60 ( 5.73% of Ewald)
|                Virial junk                0.04 ( 0.41% of Ewald)
|                Start synchronizatio       0.00 ( 0.01% of Ewald)
|                Other                      0.01 ( 0.05% of Ewald)
|             Ewald time                10.54 (97.98% of Nonbo)
|             Other                      0.00 ( 0.01% of Nonbo)
|          Nonbond force             10.76 (93.56% of Force)
|          Bond/Angle/Dihedral        0.03 ( 0.27% of Force)
|          FRC Collect time           0.21 ( 1.87% of Force)
|          Other                      0.49 ( 4.30% of Force)
|       Force time                11.50 (100.0% of Runmd)
|    Runmd Time                11.50 ( 4.28% of Total)
|    Other                    257.33 (95.72% of Total)
| Total time               268.84 (100.0% of ALL  )

| Highest rstack allocated:      40315
| Highest istack allocated:        871
|           Job began  at 15:01:46.800  on 03/14/2017
|           Setup done at 15:01:48.484  on 03/14/2017
|           Run   done at 15:06:15.641  on 03/14/2017
|     wallclock() was called   44068 times
