
          -------------------------------------------------------
          Amber 16 SANDER                              2016
          -------------------------------------------------------

| Run on 03/14/2017 at 14:31:01

|   Executable path: sander.MPI
| Working directory: /home/steboss/projects/mdgx-tests/alanine/IPOLQ/input/PhiPsi_1/210/150
|          Hostname: node003

  [-O]verwriting output

File Assignments:
|  MDIN: equil.in                                                              
| MDOUT: Conf150.eq.out                                                        
|INPCRD: Conf150.min                                                           
|  PARM: Conf150.top                                                           
|RESTRT: Conf150.rst                                                           
|  REFC: Conf150.crd                                                           
| MDVEL: mdvel                                                                 
| MDFRC: mdfrc                                                                 
|  MDEN: mden                                                                  
| MDCRD: mdcrd                                                                 
|MDINFO: mdinfo                                                                
|  MTMD: mtmd                                                                  
|INPDIP: inpdip                                                                
|RSTDIP: rstdip                                                                
|INPTRA: inptraj                                                               

|    REMLOG: rem.log
|   REMTYPE: rem.type
|  REMSTRIP: 
|   SAVEENE: saveene
|CLUSTERINF: cluster.info
| RESERVOIR: reserv/frame
|   REMDDIM: 


 Here is the input file:

Equilibrate water in NPT                                                       
 &cntrl                                                                        
                                                                               
  nmropt = 0,                                                                  
  ntx    = 1,       irest  = 0,       ntrx   = 1,      ntxo   = 1,             
  ntpr   = 1000,    ntwx   = 1000,    ntwv   = 0,      ntwe   = 1000,          
  iwrap  = 0,       ioutfm = 1,                                                
                                                                               
  ntf    = 2,       ntb    = 2,                                                
  cut = 9.0,                                                                   
                                                                               
  ibelly = 0,       ntr    = 1,                                                
  restraintmask = ':1',                                                        
  restraint_wt = 100.0,                                                        
                                                                               
  imin   = 0,                                                                  
  nstlim = 10000,                                                              
  nscm   = 1000,                                                               
  t      = 0.0,     dt     = 0.002,                                            
                                                                               
  temp0     = 298.0,   tempi  = 0.0,                                           
  ig        = -1,                                                              
  ntt       = 3,                                                               
  gamma_ln  = 3.0,                                                             
                                                                               
  ntp    = 1,       pres0  = 1.0,     comp   = 44.6,                           
  taup   = 1.0,                                                                
                                                                               
  ntc    = 2,       tol    = 0.000001, watnam = 'WAT ',                        
                                                                               
 &end                                                                          

--------------------------------------------------------------------------------
   1.  RESOURCE   USE: 
--------------------------------------------------------------------------------

| Flags: MPI                                                                    
 getting new box info from bottom of inpcrd
|  INFO: Old style inpcrd file read

| peek_ewald_inpcrd: Box info found
|Largest sphere to fit in unit cell has radius =    14.798
| New format PARM file being parsed.
| Version =    1.000 Date = 03/14/17 Time = 13:38:49
 NATOM  =    3052 NTYPES =       9 NBONH =    3042 MBONA  =       9
 NTHETH =      25 MTHETA =      11 NPHIH =      43 MPHIA  =      24
 NHPARM =       0 NPARM  =       0 NNB   =    4139 NRES   =    1013
 NBONA  =       9 NTHETA =      11 NPHIA =      24 NUMBND =      10
 NUMANG =      16 NPTRA  =      19 NATYP =       9 NPHB   =       1
 IFBOX  =       2 NMXRS  =      10 IFCAP =       0 NEXTRA =       0
 NCOPY  =       0


|     Memory Use     Allocated
|     Real              309580
|     Hollerith          10171
|     Integer            92560
|     Max Pairs         338516
|     nblistReal         36624
|     nblist Int        101552
|       Total             4825 kbytes

| Note: 1-4 EEL scale factors are being read from the topology file.

| Note: 1-4 VDW scale factors are being read from the topology file.
| Duplicated    0 dihedrals
| Duplicated    0 dihedrals

     BOX TYPE: TRUNCATED OCTAHEDRON
Note: ig = -1. Setting random seed to   629737 based on wallclock time in microseconds
      and disabling the synchronization of random numbers between tasks
      to improve performance.

--------------------------------------------------------------------------------
   2.  CONTROL  DATA  FOR  THE  RUN
--------------------------------------------------------------------------------

default_name                                                                    

General flags:
     imin    =       0, nmropt  =       0

Nature and format of input:
     ntx     =       1, irest   =       0, ntrx    =       1

Nature and format of output:
     ntxo    =       1, ntpr    =    1000, ntrx    =       1, ntwr    =   10000
     iwrap   =       0, ntwx    =    1000, ntwv    =       0, ntwe    =    1000
     ioutfm  =       1, ntwprt  =       0, idecomp =       0, rbornstat=      0

Potential function:
     ntf     =       2, ntb     =       2, igb     =       0, nsnb    =      25
     ipol    =       0, gbsa    =       0, iesp    =       0
     dielc   =   1.00000, cut     =   9.00000, intdiel =   1.00000

Frozen or restrained atoms:
     ibelly  =       0, ntr     =       1
     restraint_wt = 100.00000

Molecular dynamics:
     nstlim  =     10000, nscm    =         0, nrespa  =         1
     t       =   0.00000, dt      =   0.00200, vlimit  =  20.00000

Langevin dynamics temperature regulation:
     ig      =  629737
     temp0   = 298.00000, tempi   =   0.00000, gamma_ln=   3.00000

Pressure regulation:
     ntp     =       1
     pres0   =   1.00000, comp    =  44.60000, taup    =   1.00000

SHAKE:
     ntc     =       2, jfastw  =       0
     tol     =   0.00000

Ewald parameters:
     verbose =       0, ew_type =       0, nbflag  =       1, use_pme =       1
     vdwmeth =       1, eedmeth =       1, netfrc  =       1
     Box X =   36.247   Box Y =   36.247   Box Z =   36.247
     Alpha =  109.471   Beta  =  109.471   Gamma =  109.471
     NFFT1 =   36       NFFT2 =   36       NFFT3 =   36
     Cutoff=    9.000   Tol   =0.100E-04
     Ewald Coefficient =  0.30768
     Interpolation order =    4

| MPI Timing options:
|      profile_mpi =        0

    LOADING THE CONSTRAINED ATOMS AS GROUPS


   5.  REFERENCE ATOM COORDINATES

  defa
     Mask :1; matches     6 atoms

--------------------------------------------------------------------------------
   3.  ATOMIC COORDINATES AND VELOCITIES
--------------------------------------------------------------------------------

defa                                                                            
 begin time read from input coords =     0.000 ps

 Number of triangulated 3-point waters found:     1010
|  Atom division among processors:
|         0     382     763    1144    1525    1906    2290    2671
|      3052

     Sum of charges from parm topology file =  -0.00000000
     Forcing neutrality...
|  Running AMBER/MPI version on    8 nodes


--------------------------------------------------------------------------------
   4.  RESULTS
--------------------------------------------------------------------------------

|  # of SOLUTE  degrees of freedom (RNDFP):    6114.
|  # of SOLVENT degrees of freedom (RNDFS):       0.
|  NDFMIN =    6114.     NUM_NOSHAKE =      0     CORRECTED RNDFP =    6114.
|  TOTAL # of degrees of freedom (RNDF) =    6114.
 ---------------------------------------------------
 APPROXIMATING switch and d/dx switch using CUBIC SPLINE INTERPOLATION
 using   5000.0 points per unit in tabled values
 TESTING RELATIVE ERROR over r ranging from 0.0 to cutoff
| CHECK switch(x): max rel err =   0.2738E-14   at   2.422500
| CHECK d/dx switch(x): max rel err =   0.8314E-11   at   2.736960
 ---------------------------------------------------
| Local SIZE OF NONBOND LIST =      97569
| TOTAL SIZE OF NONBOND LIST =     709252

 NSTEP =        0   TIME(PS) =       0.000  TEMP(K) =     0.00  PRESS = -5371.8
 Etot   =    -13353.8229  EKtot   =         0.0000  EPtot      =    -13353.8229
 BOND   =         0.3894  ANGLE   =         1.0903  DIHED      =         8.5796
 1-4 NB =         2.8918  1-4 EEL =        45.8983  VDWAALS    =      2359.1316
 EELEC  =    -15771.8998  EHBOND  =         0.0000  RESTRAINT  =         0.0959
 EAMBER (non-restraint)  =    -13353.9189
 EKCMT  =         0.0000  VIRIAL  =      4251.9763  VOLUME     =     36660.3694
                                                    Density    =         0.8307
 Ewald error estimate:   0.6840E-04
 ------------------------------------------------------------------------------


 NSTEP =     1000   TIME(PS) =       2.000  TEMP(K) =   299.34  PRESS =  -756.7
 Etot   =     -7745.1348  EKtot   =      1818.4404  EPtot      =     -9563.5752
 BOND   =         2.0821  ANGLE   =        12.7775  DIHED      =        11.5899
 1-4 NB =         2.5147  1-4 EEL =        46.2584  VDWAALS    =      1396.7605
 EELEC  =    -11039.2281  EHBOND  =         0.0000  RESTRAINT  =         3.6698
 EAMBER (non-restraint)  =     -9567.2450
 EKCMT  =       900.3623  VIRIAL  =      1448.1697  VOLUME     =     33527.6773
                                                    Density    =         0.9084
 Ewald error estimate:   0.2276E-03
 ------------------------------------------------------------------------------


 NSTEP =     2000   TIME(PS) =       4.000  TEMP(K) =   300.92  PRESS =  -518.6
 Etot   =     -7731.9733  EKtot   =      1828.0290  EPtot      =     -9560.0022
 BOND   =         2.0362  ANGLE   =        11.0602  DIHED      =         9.1609
 1-4 NB =         1.9339  1-4 EEL =        41.9367  VDWAALS    =      1385.8240
 EELEC  =    -11015.2334  EHBOND  =         0.0000  RESTRAINT  =         3.2792
 EAMBER (non-restraint)  =     -9563.2815
 EKCMT  =       916.7855  VIRIAL  =      1275.6595  VOLUME     =     32049.9434
                                                    Density    =         0.9502
 Ewald error estimate:   0.1544E-03
 ------------------------------------------------------------------------------


 NSTEP =     3000   TIME(PS) =       6.000  TEMP(K) =   300.45  PRESS =   146.5
 Etot   =     -7829.3164  EKtot   =      1825.1783  EPtot      =     -9654.4947
 BOND   =         2.9702  ANGLE   =         6.9851  DIHED      =        12.5688
 1-4 NB =         3.5481  1-4 EEL =        47.6642  VDWAALS    =      1460.4666
 EELEC  =    -11190.8797  EHBOND  =         0.0000  RESTRAINT  =         2.1820
 EAMBER (non-restraint)  =     -9656.6767
 EKCMT  =       914.3806  VIRIAL  =       815.6302  VOLUME     =     31229.8188
                                                    Density    =         0.9752
 Ewald error estimate:   0.9078E-04
 ------------------------------------------------------------------------------


 NSTEP =     4000   TIME(PS) =       8.000  TEMP(K) =   289.66  PRESS =    59.0
 Etot   =     -7930.6148  EKtot   =      1759.6683  EPtot      =     -9690.2832
 BOND   =         2.8732  ANGLE   =         5.1786  DIHED      =        10.0881
 1-4 NB =         4.7567  1-4 EEL =        48.0280  VDWAALS    =      1459.0102
 EELEC  =    -11222.9669  EHBOND  =         0.0000  RESTRAINT  =         2.7489
 EAMBER (non-restraint)  =     -9693.0321
 EKCMT  =       874.1376  VIRIAL  =       834.6614  VOLUME     =     30979.6121
                                                    Density    =         0.9831
 Ewald error estimate:   0.1241E-03
 ------------------------------------------------------------------------------


 NSTEP =     5000   TIME(PS) =      10.000  TEMP(K) =   302.20  PRESS =   666.1
 Etot   =     -7843.2978  EKtot   =      1835.8191  EPtot      =     -9679.1169
 BOND   =         2.0374  ANGLE   =         9.5648  DIHED      =        11.7161
 1-4 NB =         3.4755  1-4 EEL =        50.0701  VDWAALS    =      1539.5685
 EELEC  =    -11302.0966  EHBOND  =         0.0000  RESTRAINT  =         6.5474
 EAMBER (non-restraint)  =     -9685.6643
 EKCMT  =       905.7861  VIRIAL  =       460.5362  VOLUME     =     30958.1745
                                                    Density    =         0.9838
 Ewald error estimate:   0.2582E-03
 ------------------------------------------------------------------------------


 NSTEP =     6000   TIME(PS) =      12.000  TEMP(K) =   289.06  PRESS =     0.1
 Etot   =     -7902.4655  EKtot   =      1756.0067  EPtot      =     -9658.4723
 BOND   =         1.9095  ANGLE   =         8.4679  DIHED      =        10.7521
 1-4 NB =         2.5417  1-4 EEL =        45.7132  VDWAALS    =      1427.3551
 EELEC  =    -11158.8986  EHBOND  =         0.0000  RESTRAINT  =         3.6868
 EAMBER (non-restraint)  =     -9662.1591
 EKCMT  =       873.3153  VIRIAL  =       873.2263  VOLUME     =     30786.4740
                                                    Density    =         0.9892
 Ewald error estimate:   0.2629E-03
 ------------------------------------------------------------------------------


 NSTEP =     7000   TIME(PS) =      14.000  TEMP(K) =   300.71  PRESS =    27.5
 Etot   =     -7905.7624  EKtot   =      1826.7902  EPtot      =     -9732.5527
 BOND   =         1.3389  ANGLE   =         6.0046  DIHED      =        10.2612
 1-4 NB =         4.3592  1-4 EEL =        46.0434  VDWAALS    =      1432.4616
 EELEC  =    -11236.0772  EHBOND  =         0.0000  RESTRAINT  =         3.0556
 EAMBER (non-restraint)  =     -9735.6082
 EKCMT  =       920.3990  VIRIAL  =       902.2063  VOLUME     =     30643.9171
                                                    Density    =         0.9938
 Ewald error estimate:   0.6124E-03
 ------------------------------------------------------------------------------


 NSTEP =     8000   TIME(PS) =      16.000  TEMP(K) =   300.57  PRESS =    74.8
 Etot   =     -7907.4132  EKtot   =      1825.8908  EPtot      =     -9733.3039
 BOND   =         2.4424  ANGLE   =         7.4476  DIHED      =        11.4270
 1-4 NB =         2.6606  1-4 EEL =        45.1710  VDWAALS    =      1442.2442
 EELEC  =    -11249.7195  EHBOND  =         0.0000  RESTRAINT  =         5.0226
 EAMBER (non-restraint)  =     -9738.3265
 EKCMT  =       922.2876  VIRIAL  =       872.5262  VOLUME     =     30831.6468
                                                    Density    =         0.9878
 Ewald error estimate:   0.1228E-03
 ------------------------------------------------------------------------------


 NSTEP =     9000   TIME(PS) =      18.000  TEMP(K) =   290.77  PRESS =   280.1
 Etot   =     -7946.9833  EKtot   =      1766.3737  EPtot      =     -9713.3569
 BOND   =         2.9704  ANGLE   =         6.3053  DIHED      =         9.8657
 1-4 NB =         2.6932  1-4 EEL =        47.0640  VDWAALS    =      1473.1906
 EELEC  =    -11258.7397  EHBOND  =         0.0000  RESTRAINT  =         3.2936
 EAMBER (non-restraint)  =     -9716.6505
 EKCMT  =       887.4531  VIRIAL  =       702.4017  VOLUME     =     30602.1405
                                                    Density    =         0.9952
 Ewald error estimate:   0.2738E-03
 ------------------------------------------------------------------------------


 NSTEP =    10000   TIME(PS) =      20.000  TEMP(K) =   298.06  PRESS =   140.8
 Etot   =     -7874.0998  EKtot   =      1810.6830  EPtot      =     -9684.7828
 BOND   =         2.7988  ANGLE   =         7.3661  DIHED      =        11.4745
 1-4 NB =         4.0991  1-4 EEL =        47.3894  VDWAALS    =      1454.2926
 EELEC  =    -11214.6012  EHBOND  =         0.0000  RESTRAINT  =         2.3978
 EAMBER (non-restraint)  =     -9687.1806
 EKCMT  =       923.4553  VIRIAL  =       829.3314  VOLUME     =     30963.5085
                                                    Density    =         0.9836
 Ewald error estimate:   0.4443E-04
 ------------------------------------------------------------------------------


      A V E R A G E S   O V E R   10000 S T E P S


 NSTEP =    10000   TIME(PS) =      20.000  TEMP(K) =   291.99  PRESS =  -188.3
 Etot   =     -7933.5234  EKtot   =      1773.8098  EPtot      =     -9707.3331
 BOND   =         3.0938  ANGLE   =         8.1017  DIHED      =        11.0766
 1-4 NB =         3.2854  1-4 EEL =        46.5137  VDWAALS    =      1452.0538
 EELEC  =    -11234.7536  EHBOND  =         0.0000  RESTRAINT  =         3.2955
 EAMBER (non-restraint)  =     -9710.6286
 EKCMT  =       880.7553  VIRIAL  =      1017.9607  VOLUME     =     31507.8765
                                                    Density    =         0.9681
 Ewald error estimate:   0.1927E-03
 ------------------------------------------------------------------------------


      R M S  F L U C T U A T I O N S


 NSTEP =    10000   TIME(PS) =      20.000  TEMP(K) =    26.20  PRESS =   447.3
 Etot   =       342.5928  EKtot   =       159.1843  EPtot      =       190.7283
 BOND   =         1.4766  ANGLE   =         2.2763  DIHED      =         1.4044
 1-4 NB =         0.7646  1-4 EEL =         2.0692  VDWAALS    =        95.2086
 EELEC  =       275.8156  EHBOND  =         0.0000  RESTRAINT  =         1.3405
 EAMBER (non-restraint)  =       189.3878
 EKCMT  =        78.4877  VIRIAL  =       287.2941  VOLUME     =      1288.2527
                                                    Density    =         0.0366
 Ewald error estimate:   0.1472E-03
 ------------------------------------------------------------------------------


--------------------------------------------------------------------------------
   5.  TIMINGS
--------------------------------------------------------------------------------

|>>>>>>>>PROFILE of Average TIMES>>>>>>>>> 
|                Build the list            19.75 (97.26% of List )
|                Other                      0.56 ( 2.74% of List )
|             List time                 20.30 ( 9.94% of Nonbo)
|                   Short_ene time            95.93 (95.99% of Direc)
|                   Other                      4.01 ( 4.01% of Direc)
|                Direct Ewald time         99.93 (54.36% of Ewald)
|                Adjust Ewald time          0.60 ( 0.32% of Ewald)
|                   Fill Bspline coeffs        2.29 ( 4.47% of Recip)
|                   Fill charge grid           2.39 ( 4.65% of Recip)
|                   Scalar sum                 8.72 (17.00% of Recip)
|                   Grad sum                   4.19 ( 8.17% of Recip)
|                      FFT back comm time        14.99 (49.16% of FFT t)
|                      Other                     15.51 (50.84% of FFT t)
|                   FFT time                  30.50 (59.49% of Recip)
|                   Other                      3.19 ( 6.22% of Recip)
|                Recip Ewald time          51.27 (27.89% of Ewald)
|                Force Adjust              29.33 (15.96% of Ewald)
|                Virial junk                2.62 ( 1.43% of Ewald)
|                Other                      0.08 ( 0.04% of Ewald)
|             Ewald time               183.85 (90.05% of Nonbo)
|             Other                      0.01 ( 0.01% of Nonbo)
|          Nonbond force            204.17 (94.78% of Force)
|          Bond/Angle/Dihedral        0.28 ( 0.13% of Force)
|          FRC Collect time           8.55 ( 3.97% of Force)
|          Other                      2.42 ( 1.12% of Force)
|       Force time               215.42 (89.38% of Runmd)
|       Shake time                 0.71 ( 0.29% of Runmd)
|       Verlet update time        10.26 ( 4.26% of Runmd)
|       Ekcmr time                 4.93 ( 2.04% of Runmd)
|       CRD distribute time        3.74 ( 1.55% of Runmd)
|       Other                      5.97 ( 2.48% of Runmd)
|    Runmd Time               241.03 (100.0% of Total)
|    Other                      0.21 ( 0.09% of Total)
| Total time               241.24 (100.0% of ALL  )

| Number of list builds   :        908

| Highest rstack allocated:      41206
| Highest istack allocated:        904

| Final Performance Info:
| -----------------------------------------------------
| Average timings for all steps:
|     Elapsed(s) =     242.12 Per Step(ms) =      24.21
|         ns/day =       7.14   seconds/ns =   12106.16
| -----------------------------------------------------

|           Job began  at 14:31:01.545  on 03/14/2017
|           Setup done at 14:31:01.763  on 03/14/2017
|           Run   done at 14:35:03.573  on 03/14/2017
|     wallclock() was called  571883 times
