
          -------------------------------------------------------
          Amber 16 SANDER                              2016
          -------------------------------------------------------

| Run on 02/15/2017 at 11:55:51

|   Executable path: sander
| Working directory: /home/steboss/Simulation/paramfit-tests/alanine/alanine_DFT/5_simulations/sims_9/create_system/equilibration
|          Hostname: Unknown
  [-O]verwriting output

File Assignments:
|  MDIN: md00003.in                                                            
| MDOUT: md00003.out                                                           
|INPCRD: md00002.rst7                                                          
|  PARM: solvated.parm7                                                        
|RESTRT: md00003.rst7                                                          
|  REFC: solvated.rst7                                                         
| MDVEL: mdvel                                                                 
| MDFRC: mdfrc                                                                 
|  MDEN: md00003.en                                                            
| MDCRD: md00003.nc                                                            
|MDINFO: md00003.info                                                          
|  MTMD: mtmd                                                                  
|INPDIP: inpdip                                                                
|RSTDIP: rstdip                                                                
|INPTRA: inptraj                                                               


 Here is the input file:

constant temperature                                                           
&cntrl                                                                         
ntxo=1,                                                                        
imin = 0, nstlim = 4000, irest = 1, ntx = 5, dt = 0.002,                       
ntt = 1, temp0 = 300.0, tautp = 1.0,                                           
ntb = 1,                                                                       
ntc = 2, ntf = 2,                                                              
ioutfm = 1, iwrap = 1,                                                         
ntwe = 800, ntwx = 800, ntpr = 400,                                            
ntr = 1, restraint_wt = 10.00,                                                 
restraintmask="!:WAT,HOH,T3P,T4P",                                             
/                                                                              
                                                                               

--------------------------------------------------------------------------------
   1.  RESOURCE   USE: 
--------------------------------------------------------------------------------

| Flags:                                                                        
 getting new box info from bottom of inpcrd
|  INFO: Old style inpcrd file read

| peek_ewald_inpcrd: Box info found
|Largest sphere to fit in unit cell has radius =    16.496
| New format PARM file being parsed.
| Version =    1.000 Date = 02/15/17 Time = 11:55:33
 NATOM  =    2932 NTYPES =       9 NBONH =    2922 MBONA  =       9
 NTHETH =      25 MTHETA =      11 NPHIH =      43 MPHIA  =      24
 NHPARM =       0 NPARM  =       0 NNB   =    3979 NRES   =     973
 NBONA  =       9 NTHETA =      11 NPHIA =      24 NUMBND =      10
 NUMANG =      16 NPTRA  =      21 NATYP =       9 NPHB   =       1
 IFBOX  =       1 NMXRS  =      10 IFCAP =       0 NEXTRA =       0
 NCOPY  =       0


|     Memory Use     Allocated
|     Real              292632
|     Hollerith           9771
|     Integer            89840
|     Max Pairs         977333
|     nblistReal         35184
|     nblist Int        157085
|       Total             7381 kbytes

| Note: 1-4 EEL scale factors are being read from the topology file.

| Note: 1-4 VDW scale factors are being read from the topology file.
| Duplicated    0 dihedrals
| Duplicated    0 dihedrals

     BOX TYPE: RECTILINEAR

--------------------------------------------------------------------------------
   2.  CONTROL  DATA  FOR  THE  RUN
--------------------------------------------------------------------------------

ACE                                                                             

General flags:
     imin    =       0, nmropt  =       0

Nature and format of input:
     ntx     =       5, irest   =       1, ntrx    =       1

Nature and format of output:
     ntxo    =       1, ntpr    =     400, ntrx    =       1, ntwr    =    4000
     iwrap   =       1, ntwx    =     800, ntwv    =       0, ntwe    =     800
     ioutfm  =       1, ntwprt  =       0, idecomp =       0, rbornstat=      0

Potential function:
     ntf     =       2, ntb     =       1, igb     =       0, nsnb    =      25
     ipol    =       0, gbsa    =       0, iesp    =       0
     dielc   =   1.00000, cut     =   8.00000, intdiel =   1.00000

Frozen or restrained atoms:
     ibelly  =       0, ntr     =       1
     restraint_wt =  10.00000

Molecular dynamics:
     nstlim  =      4000, nscm    =         0, nrespa  =         1
     t       =   0.00000, dt      =   0.00200, vlimit  =  20.00000

Berendsen (weak-coupling) temperature regulation:
     temp0   = 300.00000, tempi   =   0.00000, tautp   =   1.00000

SHAKE:
     ntc     =       2, jfastw  =       0
     tol     =   0.00001

Ewald parameters:
     verbose =       0, ew_type =       0, nbflag  =       1, use_pme =       1
     vdwmeth =       1, eedmeth =       1, netfrc  =       1
     Box X =   37.380   Box Y =   35.267   Box Z =   32.993
     Alpha =   90.000   Beta  =   90.000   Gamma =   90.000
     NFFT1 =   40       NFFT2 =   36       NFFT3 =   32
     Cutoff=    8.000   Tol   =0.100E-04
     Ewald Coefficient =  0.34864
     Interpolation order =    4

    LOADING THE CONSTRAINED ATOMS AS GROUPS


   5.  REFERENCE ATOM COORDINATES

  ACE 
     Mask !:WAT,HOH,T3P,T4P; matches    22 atoms

--------------------------------------------------------------------------------
   3.  ATOMIC COORDINATES AND VELOCITIES
--------------------------------------------------------------------------------

ACE                                                                             
 begin time read from input coords =     2.000 ps

 Number of triangulated 3-point waters found:      970

     Sum of charges from parm topology file =  -0.00000000
     Forcing neutrality...

--------------------------------------------------------------------------------
   4.  RESULTS
--------------------------------------------------------------------------------

|  # of SOLUTE  degrees of freedom (RNDFP):    5874.
|  # of SOLVENT degrees of freedom (RNDFS):       0.
|  NDFMIN =    5874.     NUM_NOSHAKE =      0     CORRECTED RNDFP =    5874.
|  TOTAL # of degrees of freedom (RNDF) =    5874.
 ---------------------------------------------------
 APPROXIMATING switch and d/dx switch using CUBIC SPLINE INTERPOLATION
 using   5000.0 points per unit in tabled values
 TESTING RELATIVE ERROR over r ranging from 0.0 to cutoff
| CHECK switch(x): max rel err =   0.2738E-14   at   2.422500
| CHECK d/dx switch(x): max rel err =   0.8332E-11   at   2.782960
 ---------------------------------------------------
| Local SIZE OF NONBOND LIST =     471479
| TOTAL SIZE OF NONBOND LIST =     471479

 NSTEP =      400   TIME(PS) =       2.800  TEMP(K) =   210.00  PRESS =     0.0
 Etot   =     -8676.0525  EKtot   =      1225.6204  EPtot      =     -9901.6729
 BOND   =         0.8911  ANGLE   =         2.5359  DIHED      =         8.4970
 1-4 NB =         4.3261  1-4 EEL =        44.7163  VDWAALS    =      1709.2498
 EELEC  =    -11675.7138  EHBOND  =         0.0000  RESTRAINT  =         3.8247
 EAMBER (non-restraint)  =     -9905.4976
 Ewald error estimate:   0.2603E-03
 ------------------------------------------------------------------------------


 NSTEP =      800   TIME(PS) =       3.600  TEMP(K) =   239.70  PRESS =     0.0
 Etot   =     -8306.9578  EKtot   =      1399.0090  EPtot      =     -9705.9668
 BOND   =         0.6006  ANGLE   =         3.9127  DIHED      =         7.2684
 1-4 NB =         3.5712  1-4 EEL =        44.6857  VDWAALS    =      1631.6236
 EELEC  =    -11401.5430  EHBOND  =         0.0000  RESTRAINT  =         3.9142
 EAMBER (non-restraint)  =     -9709.8810
 Ewald error estimate:   0.1011E-03
 ------------------------------------------------------------------------------


 NSTEP =     1200   TIME(PS) =       4.400  TEMP(K) =   247.75  PRESS =     0.0
 Etot   =     -8032.5225  EKtot   =      1445.9818  EPtot      =     -9478.5044
 BOND   =         0.8607  ANGLE   =         4.9181  DIHED      =         7.3168
 1-4 NB =         3.0138  1-4 EEL =        43.9574  VDWAALS    =      1527.7070
 EELEC  =    -11069.4367  EHBOND  =         0.0000  RESTRAINT  =         3.1585
 EAMBER (non-restraint)  =     -9481.6629
 Ewald error estimate:   0.1659E-03
 ------------------------------------------------------------------------------


 NSTEP =     1600   TIME(PS) =       5.200  TEMP(K) =   261.61  PRESS =     0.0
 Etot   =     -7823.1671  EKtot   =      1526.8612  EPtot      =     -9350.0283
 BOND   =         2.5330  ANGLE   =         4.7983  DIHED      =         8.0878
 1-4 NB =         3.6699  1-4 EEL =        44.6499  VDWAALS    =      1537.7218
 EELEC  =    -10956.1944  EHBOND  =         0.0000  RESTRAINT  =         4.7054
 EAMBER (non-restraint)  =     -9354.7337
 Ewald error estimate:   0.3110E-03
 ------------------------------------------------------------------------------


 NSTEP =     2000   TIME(PS) =       6.000  TEMP(K) =   272.90  PRESS =     0.0
 Etot   =     -7667.9129  EKtot   =      1592.7569  EPtot      =     -9260.6697
 BOND   =         3.3391  ANGLE   =         6.1879  DIHED      =         8.6920
 1-4 NB =         3.1634  1-4 EEL =        43.1853  VDWAALS    =      1497.6721
 EELEC  =    -10827.7658  EHBOND  =         0.0000  RESTRAINT  =         4.8563
 EAMBER (non-restraint)  =     -9265.5260
 Ewald error estimate:   0.1365E-03
 ------------------------------------------------------------------------------


 NSTEP =     2400   TIME(PS) =       6.800  TEMP(K) =   275.18  PRESS =     0.0
 Etot   =     -7552.4698  EKtot   =      1606.0378  EPtot      =     -9158.5076
 BOND   =         2.5475  ANGLE   =         5.3249  DIHED      =         7.9261
 1-4 NB =         3.8881  1-4 EEL =        44.1709  VDWAALS    =      1468.8484
 EELEC  =    -10695.3293  EHBOND  =         0.0000  RESTRAINT  =         4.1159
 EAMBER (non-restraint)  =     -9162.6235
 Ewald error estimate:   0.1209E-04
 ------------------------------------------------------------------------------


 NSTEP =     2800   TIME(PS) =       7.600  TEMP(K) =   279.94  PRESS =     0.0
 Etot   =     -7454.9176  EKtot   =      1633.8259  EPtot      =     -9088.7435
 BOND   =         4.7531  ANGLE   =         7.2299  DIHED      =         9.7472
 1-4 NB =         3.4349  1-4 EEL =        42.5363  VDWAALS    =      1439.5484
 EELEC  =    -10600.3635  EHBOND  =         0.0000  RESTRAINT  =         4.3703
 EAMBER (non-restraint)  =     -9093.1138
 Ewald error estimate:   0.7070E-04
 ------------------------------------------------------------------------------


 NSTEP =     3200   TIME(PS) =       8.400  TEMP(K) =   297.32  PRESS =     0.0
 Etot   =     -7382.6830  EKtot   =      1735.2824  EPtot      =     -9117.9654
 BOND   =         0.5052  ANGLE   =         6.6099  DIHED      =         8.9613
 1-4 NB =         3.6738  1-4 EEL =        44.2830  VDWAALS    =      1501.0709
 EELEC  =    -10689.1346  EHBOND  =         0.0000  RESTRAINT  =         6.0650
 EAMBER (non-restraint)  =     -9124.0304
 Ewald error estimate:   0.3356E-04
 ------------------------------------------------------------------------------


 NSTEP =     3600   TIME(PS) =       9.200  TEMP(K) =   285.00  PRESS =     0.0
 Etot   =     -7325.0782  EKtot   =      1663.3483  EPtot      =     -8988.4265
 BOND   =         1.4942  ANGLE   =         6.8088  DIHED      =         7.9491
 1-4 NB =         3.0368  1-4 EEL =        45.6703  VDWAALS    =      1410.1721
 EELEC  =    -10467.0796  EHBOND  =         0.0000  RESTRAINT  =         3.5218
 EAMBER (non-restraint)  =     -8991.9483
 Ewald error estimate:   0.3437E-03
 ------------------------------------------------------------------------------


 NSTEP =     4000   TIME(PS) =      10.000  TEMP(K) =   296.40  PRESS =     0.0
 Etot   =     -7270.7297  EKtot   =      1729.8836  EPtot      =     -9000.6133
 BOND   =         1.5873  ANGLE   =         5.1325  DIHED      =         7.9710
 1-4 NB =         4.0193  1-4 EEL =        45.8763  VDWAALS    =      1377.1569
 EELEC  =    -10446.8442  EHBOND  =         0.0000  RESTRAINT  =         4.4876
 EAMBER (non-restraint)  =     -9005.1009
 Ewald error estimate:   0.1942E-03
 ------------------------------------------------------------------------------


      A V E R A G E S   O V E R    4000 S T E P S


 NSTEP =     4000   TIME(PS) =      10.000  TEMP(K) =   258.45  PRESS =     0.0
 Etot   =     -7841.1608  EKtot   =      1508.3840  EPtot      =     -9349.5448
 BOND   =         2.0874  ANGLE   =         4.8652  DIHED      =         7.8313
 1-4 NB =         3.6233  1-4 EEL =        44.8844  VDWAALS    =      1525.6904
 EELEC  =    -10943.2472  EHBOND  =         0.0000  RESTRAINT  =         4.7203
 EAMBER (non-restraint)  =     -9354.2651
 Ewald error estimate:   0.1539E-03
 ------------------------------------------------------------------------------


      R M S  F L U C T U A T I O N S


 NSTEP =     4000   TIME(PS) =      10.000  TEMP(K) =    32.44  PRESS =     0.0
 Etot   =       513.0993  EKtot   =       189.3236  EPtot      =       326.7489
 BOND   =         1.0860  ANGLE   =         1.6157  DIHED      =         0.7306
 1-4 NB =         0.5325  1-4 EEL =         1.5189  VDWAALS    =       127.2368
 EELEC  =       446.9982  EHBOND  =         0.0000  RESTRAINT  =         1.3364
 EAMBER (non-restraint)  =       325.4125
 Ewald error estimate:   0.1155E-03
 ------------------------------------------------------------------------------


--------------------------------------------------------------------------------
   5.  TIMINGS
--------------------------------------------------------------------------------

|    Read coords time           0.00 ( 0.01% of Total)
|                Build the list             4.82 (98.45% of List )
|                Other                      0.08 ( 1.55% of List )
|             List time                  4.90 ( 7.40% of Nonbo)
|                   Short_ene time            48.17 (99.23% of Direc)
|                   Other                      0.37 ( 0.77% of Direc)
|                Direct Ewald time         48.55 (79.23% of Ewald)
|                Adjust Ewald time          0.42 ( 0.68% of Ewald)
|                Self Ewald time            0.01 ( 0.01% of Ewald)
|                   Fill Bspline coeffs        0.49 ( 4.02% of Recip)
|                   Fill charge grid           1.25 (10.26% of Recip)
|                   Scalar sum                 2.62 (21.47% of Recip)
|                   Grad sum                   2.62 (21.44% of Recip)
|                   FFT time                   5.22 (42.76% of Recip)
|                   Other                      0.01 ( 0.05% of Recip)
|                Recip Ewald time          12.20 (19.92% of Ewald)
|                Force Adjust               0.01 ( 0.02% of Ewald)
|                Virial junk                0.06 ( 0.10% of Ewald)
|                Other                      0.03 ( 0.04% of Ewald)
|             Ewald time                61.28 (92.57% of Nonbo)
|             Other                      0.01 ( 0.02% of Nonbo)
|          Nonbond force             66.19 (99.80% of Force)
|          Bond/Angle/Dihedral        0.11 ( 0.17% of Force)
|          Other                      0.02 ( 0.03% of Force)
|       Force time                66.33 (98.67% of Runmd)
|       Shake time                 0.54 ( 0.81% of Runmd)
|       Verlet update time         0.32 ( 0.47% of Runmd)
|       Other                      0.03 ( 0.05% of Runmd)
|    Runmd Time                67.22 (100.0% of Total)
|    Other                      0.04 ( 0.05% of Total)
| Total time                67.26 (100.0% of ALL  )

| Number of list builds   :        339

| Highest rstack allocated:     185194
| Highest istack allocated:       2932

| Final Performance Info:
| -----------------------------------------------------
| Average timings for all steps:
|     Elapsed(s) =      67.22 Per Step(ms) =      16.81
|         ns/day =      10.28   seconds/ns =    8402.89
| -----------------------------------------------------

|           Job began  at 11:55:51.647  on 02/15/2017
|           Setup done at 11:55:51.689  on 02/15/2017
|           Run   done at 11:56:58.912  on 02/15/2017
|     wallclock() was called  176701 times
