
          -------------------------------------------------------
          Amber 16 SANDER                              2016
          -------------------------------------------------------

| Run on 03/14/2017 at 14:00:36

|   Executable path: sander.MPI
| Working directory: /home/steboss/projects/mdgx-tests/alanine/IPOLQ/input/PhiPsi_1/135/90
|          Hostname: node005

  [-O]verwriting output

File Assignments:
|  MDIN: equil.in                                                              
| MDOUT: Conf90.eq.out                                                         
|INPCRD: Conf90.min                                                            
|  PARM: Conf90.top                                                            
|RESTRT: Conf90.rst                                                            
|  REFC: Conf90.crd                                                            
| MDVEL: mdvel                                                                 
| MDFRC: mdfrc                                                                 
|  MDEN: mden                                                                  
| MDCRD: mdcrd                                                                 
|MDINFO: mdinfo                                                                
|  MTMD: mtmd                                                                  
|INPDIP: inpdip                                                                
|RSTDIP: rstdip                                                                
|INPTRA: inptraj                                                               

|    REMLOG: rem.log
|   REMTYPE: rem.type
|  REMSTRIP: 
|   SAVEENE: saveene
|CLUSTERINF: cluster.info
| RESERVOIR: reserv/frame
|   REMDDIM: 


 Here is the input file:

Equilibrate water in NPT                                                       
 &cntrl                                                                        
                                                                               
  nmropt = 0,                                                                  
  ntx    = 1,       irest  = 0,       ntrx   = 1,      ntxo   = 1,             
  ntpr   = 1000,    ntwx   = 1000,    ntwv   = 0,      ntwe   = 1000,          
  iwrap  = 0,       ioutfm = 1,                                                
                                                                               
  ntf    = 2,       ntb    = 2,                                                
  cut = 9.0,                                                                   
                                                                               
  ibelly = 0,       ntr    = 1,                                                
  restraintmask = ':1',                                                        
  restraint_wt = 100.0,                                                        
                                                                               
  imin   = 0,                                                                  
  nstlim = 10000,                                                              
  nscm   = 1000,                                                               
  t      = 0.0,     dt     = 0.002,                                            
                                                                               
  temp0     = 298.0,   tempi  = 0.0,                                           
  ig        = -1,                                                              
  ntt       = 3,                                                               
  gamma_ln  = 3.0,                                                             
                                                                               
  ntp    = 1,       pres0  = 1.0,     comp   = 44.6,                           
  taup   = 1.0,                                                                
                                                                               
  ntc    = 2,       tol    = 0.000001, watnam = 'WAT ',                        
                                                                               
 &end                                                                          

--------------------------------------------------------------------------------
   1.  RESOURCE   USE: 
--------------------------------------------------------------------------------

| Flags: MPI                                                                    
 getting new box info from bottom of inpcrd
|  INFO: Old style inpcrd file read

| peek_ewald_inpcrd: Box info found
|Largest sphere to fit in unit cell has radius =    14.761
| New format PARM file being parsed.
| Version =    1.000 Date = 03/14/17 Time = 13:38:06
 NATOM  =    3016 NTYPES =       9 NBONH =    3006 MBONA  =       9
 NTHETH =      25 MTHETA =      11 NPHIH =      43 MPHIA  =      24
 NHPARM =       0 NPARM  =       0 NNB   =    4091 NRES   =    1001
 NBONA  =       9 NTHETA =      11 NPHIA =      24 NUMBND =      10
 NUMANG =      16 NPTRA  =      19 NATYP =       9 NPHB   =       1
 IFBOX  =       2 NMXRS  =      10 IFCAP =       0 NEXTRA =       0
 NCOPY  =       0


|     Memory Use     Allocated
|     Real              306952
|     Hollerith          10051
|     Integer            91744
|     Max Pairs         334524
|     nblistReal         36192
|     nblist Int        100712
|       Total             4778 kbytes

| Note: 1-4 EEL scale factors are being read from the topology file.

| Note: 1-4 VDW scale factors are being read from the topology file.
| Duplicated    0 dihedrals
| Duplicated    0 dihedrals

     BOX TYPE: TRUNCATED OCTAHEDRON
Note: ig = -1. Setting random seed to   156246 based on wallclock time in microseconds
      and disabling the synchronization of random numbers between tasks
      to improve performance.

--------------------------------------------------------------------------------
   2.  CONTROL  DATA  FOR  THE  RUN
--------------------------------------------------------------------------------

default_name                                                                    

General flags:
     imin    =       0, nmropt  =       0

Nature and format of input:
     ntx     =       1, irest   =       0, ntrx    =       1

Nature and format of output:
     ntxo    =       1, ntpr    =    1000, ntrx    =       1, ntwr    =   10000
     iwrap   =       0, ntwx    =    1000, ntwv    =       0, ntwe    =    1000
     ioutfm  =       1, ntwprt  =       0, idecomp =       0, rbornstat=      0

Potential function:
     ntf     =       2, ntb     =       2, igb     =       0, nsnb    =      25
     ipol    =       0, gbsa    =       0, iesp    =       0
     dielc   =   1.00000, cut     =   9.00000, intdiel =   1.00000

Frozen or restrained atoms:
     ibelly  =       0, ntr     =       1
     restraint_wt = 100.00000

Molecular dynamics:
     nstlim  =     10000, nscm    =         0, nrespa  =         1
     t       =   0.00000, dt      =   0.00200, vlimit  =  20.00000

Langevin dynamics temperature regulation:
     ig      =  156246
     temp0   = 298.00000, tempi   =   0.00000, gamma_ln=   3.00000

Pressure regulation:
     ntp     =       1
     pres0   =   1.00000, comp    =  44.60000, taup    =   1.00000

SHAKE:
     ntc     =       2, jfastw  =       0
     tol     =   0.00000

Ewald parameters:
     verbose =       0, ew_type =       0, nbflag  =       1, use_pme =       1
     vdwmeth =       1, eedmeth =       1, netfrc  =       1
     Box X =   36.156   Box Y =   36.156   Box Z =   36.156
     Alpha =  109.471   Beta  =  109.471   Gamma =  109.471
     NFFT1 =   36       NFFT2 =   36       NFFT3 =   36
     Cutoff=    9.000   Tol   =0.100E-04
     Ewald Coefficient =  0.30768
     Interpolation order =    4

| MPI Timing options:
|      profile_mpi =        0

    LOADING THE CONSTRAINED ATOMS AS GROUPS


   5.  REFERENCE ATOM COORDINATES

  defa
     Mask :1; matches     6 atoms

--------------------------------------------------------------------------------
   3.  ATOMIC COORDINATES AND VELOCITIES
--------------------------------------------------------------------------------

defa                                                                            
 begin time read from input coords =     0.000 ps

 Number of triangulated 3-point waters found:      998
|  Atom division among processors:
|         0     379     757    1135    1513    1888    2266    2641
|      3016

     Sum of charges from parm topology file =  -0.00000000
     Forcing neutrality...
|  Running AMBER/MPI version on    8 nodes


--------------------------------------------------------------------------------
   4.  RESULTS
--------------------------------------------------------------------------------

|  # of SOLUTE  degrees of freedom (RNDFP):    6042.
|  # of SOLVENT degrees of freedom (RNDFS):       0.
|  NDFMIN =    6042.     NUM_NOSHAKE =      0     CORRECTED RNDFP =    6042.
|  TOTAL # of degrees of freedom (RNDF) =    6042.
 ---------------------------------------------------
 APPROXIMATING switch and d/dx switch using CUBIC SPLINE INTERPOLATION
 using   5000.0 points per unit in tabled values
 TESTING RELATIVE ERROR over r ranging from 0.0 to cutoff
| CHECK switch(x): max rel err =   0.2738E-14   at   2.422500
| CHECK d/dx switch(x): max rel err =   0.8314E-11   at   2.736960
 ---------------------------------------------------
| Local SIZE OF NONBOND LIST =      96333
| TOTAL SIZE OF NONBOND LIST =     698969

 NSTEP =        0   TIME(PS) =       0.000  TEMP(K) =     0.00  PRESS = -5146.6
 Etot   =    -13130.7858  EKtot   =         0.0000  EPtot      =    -13130.7858
 BOND   =         0.7762  ANGLE   =         1.2533  DIHED      =         9.1905
 1-4 NB =         3.4560  1-4 EEL =        47.5777  VDWAALS    =      2335.7306
 EELEC  =    -15529.2033  EHBOND  =         0.0000  RESTRAINT  =         0.4332
 EAMBER (non-restraint)  =    -13131.2190
 EKCMT  =         0.0000  VIRIAL  =      4043.1731  VOLUME     =     36384.8819
                                                    Density    =         0.8272
 Ewald error estimate:   0.9570E-04
 ------------------------------------------------------------------------------


 NSTEP =     1000   TIME(PS) =       2.000  TEMP(K) =   298.68  PRESS =  -966.5
 Etot   =     -7646.6405  EKtot   =      1793.0561  EPtot      =     -9439.6966
 BOND   =         6.5922  ANGLE   =         9.1838  DIHED      =        12.9562
 1-4 NB =         2.6455  1-4 EEL =        42.1601  VDWAALS    =      1370.3977
 EELEC  =    -10887.3246  EHBOND  =         0.0000  RESTRAINT  =         3.6924
 EAMBER (non-restraint)  =     -9443.3890
 EKCMT  =       888.2981  VIRIAL  =      1579.7085  VOLUME     =     33132.5359
                                                    Density    =         0.9084
 Ewald error estimate:   0.1905E-03
 ------------------------------------------------------------------------------


 NSTEP =     2000   TIME(PS) =       4.000  TEMP(K) =   299.71  PRESS =  -619.3
 Etot   =     -7668.9622  EKtot   =      1799.2749  EPtot      =     -9468.2370
 BOND   =         3.2372  ANGLE   =        11.7613  DIHED      =        10.1380
 1-4 NB =         2.1540  1-4 EEL =        44.1382  VDWAALS    =      1364.2243
 EELEC  =    -10909.5854  EHBOND  =         0.0000  RESTRAINT  =         5.6955
 EAMBER (non-restraint)  =     -9473.9325
 EKCMT  =       906.2362  VIRIAL  =      1330.4782  VOLUME     =     31725.7209
                                                    Density    =         0.9486
 Ewald error estimate:   0.5770E-04
 ------------------------------------------------------------------------------


 NSTEP =     3000   TIME(PS) =       6.000  TEMP(K) =   294.66  PRESS =  -640.6
 Etot   =     -7818.0578  EKtot   =      1768.9413  EPtot      =     -9586.9991
 BOND   =         2.6987  ANGLE   =         6.9494  DIHED      =        12.4871
 1-4 NB =         3.2095  1-4 EEL =        45.6415  VDWAALS    =      1362.4709
 EELEC  =    -11023.6241  EHBOND  =         0.0000  RESTRAINT  =         3.1679
 EAMBER (non-restraint)  =     -9590.1669
 EKCMT  =       856.3000  VIRIAL  =      1281.1366  VOLUME     =     30714.0396
                                                    Density    =         0.9799
 Ewald error estimate:   0.2442E-03
 ------------------------------------------------------------------------------


 NSTEP =     4000   TIME(PS) =       8.000  TEMP(K) =   306.48  PRESS =   169.5
 Etot   =     -7725.5377  EKtot   =      1839.8759  EPtot      =     -9565.4136
 BOND   =         3.2838  ANGLE   =         8.5523  DIHED      =        10.4090
 1-4 NB =         3.3961  1-4 EEL =        45.6127  VDWAALS    =      1445.7587
 EELEC  =    -11084.8569  EHBOND  =         0.0000  RESTRAINT  =         2.4307
 EAMBER (non-restraint)  =     -9567.8442
 EKCMT  =       908.6142  VIRIAL  =       796.4179  VOLUME     =     30659.5322
                                                    Density    =         0.9816
 Ewald error estimate:   0.1664E-03
 ------------------------------------------------------------------------------


 NSTEP =     5000   TIME(PS) =      10.000  TEMP(K) =   288.26  PRESS =  -204.3
 Etot   =     -7851.8902  EKtot   =      1730.5143  EPtot      =     -9582.4045
 BOND   =         2.1105  ANGLE   =         9.2347  DIHED      =         9.8295
 1-4 NB =         3.1689  1-4 EEL =        47.2801  VDWAALS    =      1401.5629
 EELEC  =    -11059.8733  EHBOND  =         0.0000  RESTRAINT  =         4.2821
 EAMBER (non-restraint)  =     -9586.6866
 EKCMT  =       846.0573  VIRIAL  =       981.4961  VOLUME     =     30705.4464
                                                    Density    =         0.9802
 Ewald error estimate:   0.2525E-03
 ------------------------------------------------------------------------------


 NSTEP =     6000   TIME(PS) =      12.000  TEMP(K) =   298.00  PRESS =   215.1
 Etot   =     -7753.8920  EKtot   =      1788.9769  EPtot      =     -9542.8689
 BOND   =         3.1333  ANGLE   =         5.9619  DIHED      =        13.0534
 1-4 NB =         3.2688  1-4 EEL =        47.0683  VDWAALS    =      1458.5691
 EELEC  =    -11076.4721  EHBOND  =         0.0000  RESTRAINT  =         2.5484
 EAMBER (non-restraint)  =     -9545.4173
 EKCMT  =       913.0589  VIRIAL  =       769.0914  VOLUME     =     30996.4450
                                                    Density    =         0.9710
 Ewald error estimate:   0.2025E-03
 ------------------------------------------------------------------------------


 NSTEP =     7000   TIME(PS) =      14.000  TEMP(K) =   294.68  PRESS =   324.1
 Etot   =     -7841.7981  EKtot   =      1769.0679  EPtot      =     -9610.8660
 BOND   =         2.1099  ANGLE   =        16.6934  DIHED      =        12.6889
 1-4 NB =         2.4585  1-4 EEL =        42.1999  VDWAALS    =      1475.9511
 EELEC  =    -11166.8110  EHBOND  =         0.0000  RESTRAINT  =         3.8435
 EAMBER (non-restraint)  =     -9614.7095
 EKCMT  =       912.7534  VIRIAL  =       698.4088  VOLUME     =     30628.9145
                                                    Density    =         0.9826
 Ewald error estimate:   0.1965E-04
 ------------------------------------------------------------------------------


 NSTEP =     8000   TIME(PS) =      16.000  TEMP(K) =   301.93  PRESS =    52.1
 Etot   =     -7804.5303  EKtot   =      1812.5564  EPtot      =     -9617.0867
 BOND   =         2.3031  ANGLE   =         6.4753  DIHED      =        10.3132
 1-4 NB =         3.7450  1-4 EEL =        47.4549  VDWAALS    =      1457.2602
 EELEC  =    -11148.5133  EHBOND  =         0.0000  RESTRAINT  =         3.8750
 EAMBER (non-restraint)  =     -9620.9617
 EKCMT  =       871.8135  VIRIAL  =       837.4418  VOLUME     =     30531.2139
                                                    Density    =         0.9858
 Ewald error estimate:   0.1495E-05
 ------------------------------------------------------------------------------


 NSTEP =     9000   TIME(PS) =      18.000  TEMP(K) =   297.87  PRESS =   -10.5
 Etot   =     -7875.1834  EKtot   =      1788.2230  EPtot      =     -9663.4064
 BOND   =         2.4170  ANGLE   =         6.4852  DIHED      =        10.4181
 1-4 NB =         3.2541  1-4 EEL =        46.7893  VDWAALS    =      1456.8677
 EELEC  =    -11193.0621  EHBOND  =         0.0000  RESTRAINT  =         3.4243
 EAMBER (non-restraint)  =     -9666.8307
 EKCMT  =       878.6579  VIRIAL  =       885.5856  VOLUME     =     30560.9075
                                                    Density    =         0.9848
 Ewald error estimate:   0.3401E-04
 ------------------------------------------------------------------------------


 NSTEP =    10000   TIME(PS) =      20.000  TEMP(K) =   292.93  PRESS =   -28.8
 Etot   =     -7893.7375  EKtot   =      1758.5708  EPtot      =     -9652.3082
 BOND   =         1.9646  ANGLE   =        14.6870  DIHED      =        11.2201
 1-4 NB =         4.5714  1-4 EEL =        50.3860  VDWAALS    =      1467.0291
 EELEC  =    -11207.2265  EHBOND  =         0.0000  RESTRAINT  =         5.0601
 EAMBER (non-restraint)  =     -9657.3683
 EKCMT  =       868.3459  VIRIAL  =       887.3756  VOLUME     =     30602.7708
                                                    Density    =         0.9835
 Ewald error estimate:   0.7224E-04
 ------------------------------------------------------------------------------


      A V E R A G E S   O V E R   10000 S T E P S


 NSTEP =    10000   TIME(PS) =      20.000  TEMP(K) =   292.66  PRESS =  -193.0
 Etot   =     -7830.6300  EKtot   =      1756.9423  EPtot      =     -9587.5723
 BOND   =         3.2020  ANGLE   =         8.3403  DIHED      =        11.0238
 1-4 NB =         3.2341  1-4 EEL =        46.3800  VDWAALS    =      1438.2733
 EELEC  =    -11101.2067  EHBOND  =         0.0000  RESTRAINT  =         3.1811
 EAMBER (non-restraint)  =     -9590.7533
 EKCMT  =       874.2784  VIRIAL  =      1013.5642  VOLUME     =     31250.8768
                                                    Density    =         0.9644
 Ewald error estimate:   0.1954E-03
 ------------------------------------------------------------------------------


      R M S  F L U C T U A T I O N S


 NSTEP =    10000   TIME(PS) =      20.000  TEMP(K) =    25.98  PRESS =   455.6
 Etot   =       328.3722  EKtot   =       155.9437  EPtot      =       179.7803
 BOND   =         1.5095  ANGLE   =         2.4225  DIHED      =         1.1497
 1-4 NB =         0.7362  1-4 EEL =         2.0392  VDWAALS    =        86.5196
 EELEC  =       256.3752  EHBOND  =         0.0000  RESTRAINT  =         1.4006
 EAMBER (non-restraint)  =       178.3797
 EKCMT  =        75.9108  VIRIAL  =       291.3996  VOLUME     =      1227.2926
                                                    Density    =         0.0350
 Ewald error estimate:   0.1468E-03
 ------------------------------------------------------------------------------


--------------------------------------------------------------------------------
   5.  TIMINGS
--------------------------------------------------------------------------------

|>>>>>>>>PROFILE of Average TIMES>>>>>>>>> 
|                Build the list            10.53 (97.18% of List )
|                Other                      0.31 ( 2.82% of List )
|             List time                 10.84 ( 9.99% of Nonbo)
|                   Short_ene time            65.75 (96.44% of Direc)
|                   Other                      2.42 ( 3.56% of Direc)
|                Direct Ewald time         68.18 (69.82% of Ewald)
|                Adjust Ewald time          0.35 ( 0.36% of Ewald)
|                   Fill Bspline coeffs        1.66 ( 7.62% of Recip)
|                   Fill charge grid           1.28 ( 5.89% of Recip)
|                   Scalar sum                 5.53 (25.36% of Recip)
|                   Grad sum                   2.86 (13.13% of Recip)
|                      FFT back comm time         1.72 (18.01% of FFT t)
|                      Other                      7.83 (81.99% of FFT t)
|                   FFT time                   9.55 (43.77% of Recip)
|                   Other                      0.92 ( 4.23% of Recip)
|                Recip Ewald time          21.82 (22.35% of Ewald)
|                Force Adjust               6.78 ( 6.94% of Ewald)
|                Virial junk                0.46 ( 0.47% of Ewald)
|                Other                      0.04 ( 0.04% of Ewald)
|             Ewald time                97.64 (90.00% of Nonbo)
|             Other                      0.01 ( 0.01% of Nonbo)
|          Nonbond force            108.49 (98.80% of Force)
|          Bond/Angle/Dihedral        0.14 ( 0.13% of Force)
|          FRC Collect time           0.95 ( 0.86% of Force)
|          Other                      0.23 ( 0.21% of Force)
|       Force time               109.80 (93.29% of Runmd)
|       Shake time                 0.44 ( 0.37% of Runmd)
|       Verlet update time         4.25 ( 3.61% of Runmd)
|       Ekcmr time                 1.73 ( 1.47% of Runmd)
|       CRD distribute time        0.52 ( 0.44% of Runmd)
|       Other                      0.96 ( 0.81% of Runmd)
|    Runmd Time               117.70 (99.72% of Total)
|    Other                      0.33 ( 0.28% of Total)
| Total time               118.03 (100.0% of ALL  )

| Number of list builds   :        910

| Highest rstack allocated:      40909
| Highest istack allocated:        893

| Final Performance Info:
| -----------------------------------------------------
| Average timings for all steps:
|     Elapsed(s) =     119.06 Per Step(ms) =      11.91
|         ns/day =      14.51   seconds/ns =    5953.10
| -----------------------------------------------------

|           Job began  at 14:00:35.872  on 03/14/2017
|           Setup done at 14:00:36.195  on 03/14/2017
|           Run   done at 14:02:34.958  on 03/14/2017
|     wallclock() was called  571887 times
