
          -------------------------------------------------------
          Amber 16 SANDER                              2016
          -------------------------------------------------------

| Run on 03/14/2017 at 14:44:36

|   Executable path: sander.MPI
| Working directory: /home/steboss/projects/mdgx-tests/alanine/IPOLQ/input/PhiPsi_1/270/120
|          Hostname: node010

  [-O]verwriting output

File Assignments:
|  MDIN: min.in                                                                
| MDOUT: Conf120.min.out                                                       
|INPCRD: Conf120.crd                                                           
|  PARM: Conf120.top                                                           
|RESTRT: Conf120.min                                                           
|  REFC: Conf120.crd                                                           
| MDVEL: mdvel                                                                 
| MDFRC: mdfrc                                                                 
|  MDEN: mden                                                                  
| MDCRD: mdcrd                                                                 
|MDINFO: mdinfo                                                                
|  MTMD: mtmd                                                                  
|INPDIP: inpdip                                                                
|RSTDIP: rstdip                                                                
|INPTRA: inptraj                                                               

|    REMLOG: rem.log
|   REMTYPE: rem.type
|  REMSTRIP: 
|   SAVEENE: saveene
|CLUSTERINF: cluster.info
| RESERVOIR: reserv/frame
|   REMDDIM: 


 Here is the input file:

Initial minimization                                                           
 &cntrl                                                                        
  ntx    = 1,       irest  = 0,       ntrx   = 1,      ntxo   = 1,             
  ntpr   = 20,      ntwx   = 0,       ntwv   = 0,      ntwe   = 0,             
                                                                               
  ntf    = 1,       ntb    = 1,                                                
  ntc    = 1,       ntr    = 1,                                                
  restraintmask = ':1',                                                        
  restraint_wt = 100.0,                                                        
  cut    = 9.0,                                                                
                                                                               
  imin   = 1,                                                                  
  maxcyc = 1000,                                                               
  ncyc   = 100,                                                                
                                                                               
 &end                                                                          

--------------------------------------------------------------------------------
   1.  RESOURCE   USE: 
--------------------------------------------------------------------------------

| Flags: MPI                                                                    
 getting new box info from bottom of inpcrd
|  INFO: Old style inpcrd file read

| peek_ewald_inpcrd: Box info found
|Largest sphere to fit in unit cell has radius =    14.612
| New format PARM file being parsed.
| Version =    1.000 Date = 03/14/17 Time = 13:39:22
 NATOM  =    2917 NTYPES =       9 NBONH =    2907 MBONA  =       9
 NTHETH =      25 MTHETA =      11 NPHIH =      43 MPHIA  =      24
 NHPARM =       0 NPARM  =       0 NNB   =    3959 NRES   =     968
 NBONA  =       9 NTHETA =      11 NPHIA =      24 NUMBND =      10
 NUMANG =      16 NPTRA  =      19 NATYP =       9 NPHB   =       1
 IFBOX  =       2 NMXRS  =      10 IFCAP =       0 NEXTRA =       0
 NCOPY  =       0


|     Memory Use     Allocated
|     Real              334929
|     Hollerith           9721
|     Integer            89500
|     Max Pairs         323542
|     nblistReal         35004
|     nblist Int         88471
|       Total             4887 kbytes

| Note: 1-4 EEL scale factors are being read from the topology file.

| Note: 1-4 VDW scale factors are being read from the topology file.
| Duplicated    0 dihedrals
| Duplicated    0 dihedrals

     BOX TYPE: TRUNCATED OCTAHEDRON

--------------------------------------------------------------------------------
   2.  CONTROL  DATA  FOR  THE  RUN
--------------------------------------------------------------------------------

default_name                                                                    

General flags:
     imin    =       1, nmropt  =       0

Nature and format of input:
     ntx     =       1, irest   =       0, ntrx    =       1

Nature and format of output:
     ntxo    =       1, ntpr    =      20, ntrx    =       1, ntwr    =       1
     iwrap   =       0, ntwx    =       0, ntwv    =       0, ntwe    =       0
     ioutfm  =       1, ntwprt  =       0, idecomp =       0, rbornstat=      0

Potential function:
     ntf     =       1, ntb     =       1, igb     =       0, nsnb    =      25
     ipol    =       0, gbsa    =       0, iesp    =       0
     dielc   =   1.00000, cut     =   9.00000, intdiel =   1.00000

Frozen or restrained atoms:
     ibelly  =       0, ntr     =       1
     restraint_wt = 100.00000

Energy minimization:
     maxcyc  =    1000, ncyc    =     100, ntmin   =       1
     dx0     =   0.01000, drms    =   0.00010

Ewald parameters:
     verbose =       0, ew_type =       0, nbflag  =       1, use_pme =       1
     vdwmeth =       1, eedmeth =       1, netfrc  =       0
     Box X =   35.791   Box Y =   35.791   Box Z =   35.791
     Alpha =  109.471   Beta  =  109.471   Gamma =  109.471
     NFFT1 =   36       NFFT2 =   36       NFFT3 =   36
     Cutoff=    9.000   Tol   =0.100E-04
     Ewald Coefficient =  0.30768
     Interpolation order =    4

| MPI Timing options:
|      profile_mpi =        0

    LOADING THE CONSTRAINED ATOMS AS GROUPS


   5.  REFERENCE ATOM COORDINATES

  defa
     Mask :1; matches     6 atoms

--------------------------------------------------------------------------------
   3.  ATOMIC COORDINATES AND VELOCITIES
--------------------------------------------------------------------------------

default_name                                                                    
 begin time read from input coords =     0.000 ps

 Number of triangulated 3-point waters found:      965
|  Atom division among processors:
|         0     364     730    1093    1456    1822    2185    2548
|      2917

     Sum of charges from parm topology file =  -0.00000000
     Forcing neutrality...
|  Running AMBER/MPI version on    8 nodes


--------------------------------------------------------------------------------
   4.  RESULTS
--------------------------------------------------------------------------------

 ---------------------------------------------------
 APPROXIMATING switch and d/dx switch using CUBIC SPLINE INTERPOLATION
 using   5000.0 points per unit in tabled values
 TESTING RELATIVE ERROR over r ranging from 0.0 to cutoff
| CHECK switch(x): max rel err =   0.2738E-14   at   2.422500
| CHECK d/dx switch(x): max rel err =   0.8314E-11   at   2.736960
 ---------------------------------------------------
| Local SIZE OF NONBOND LIST =      93910
| TOTAL SIZE OF NONBOND LIST =     671741


   NSTEP       ENERGY          RMS            GMAX         NAME    NUMBER
      1      -8.1609E+03     1.2180E+01     6.1632E+01     O         305

 BOND    =        0.3815  ANGLE   =        0.5082  DIHED      =       10.7201
 VDWAALS =      905.9874  EEL     =    -9128.6214  HBOND      =        0.0000
 1-4 VDW =        2.5881  1-4 EEL =       47.5827  RESTRAINT  =        0.0000


   NSTEP       ENERGY          RMS            GMAX         NAME    NUMBER
     20      -9.0107E+03     2.6931E+00     1.9412E+01     O         389

 BOND    =      473.9549  ANGLE   =        0.5272  DIHED      =       10.6724
 VDWAALS =      857.9187  EEL     =   -10403.8193  HBOND      =        0.0000
 1-4 VDW =        2.5662  1-4 EEL =       47.5219  RESTRAINT  =        0.0061
 EAMBER  =    -9010.6579


   NSTEP       ENERGY          RMS            GMAX         NAME    NUMBER
     40      -9.6424E+03     1.5993E+00     8.0500E+00     H1       2424

 BOND    =      521.1420  ANGLE   =        0.5687  DIHED      =       10.6223
 VDWAALS =      898.1199  EEL     =   -11122.7422  HBOND      =        0.0000
 1-4 VDW =        2.5626  1-4 EEL =       47.3289  RESTRAINT  =        0.0149
 EAMBER  =    -9642.3977


   NSTEP       ENERGY          RMS            GMAX         NAME    NUMBER
     60      -9.8843E+03     3.3596E+00     1.0521E+01     H2       1000

 BOND    =      496.5113  ANGLE   =        0.6071  DIHED      =       10.6012
 VDWAALS =      932.9403  EEL     =   -11374.7276  HBOND      =        0.0000
 1-4 VDW =        2.5521  1-4 EEL =       47.2434  RESTRAINT  =        0.0212
 EAMBER  =    -9884.2723


   NSTEP       ENERGY          RMS            GMAX         NAME    NUMBER
     80      -1.0038E+04     3.9391E+00     1.3161E+01     H2       1000

 BOND    =      503.1863  ANGLE   =        0.6381  DIHED      =       10.5872
 VDWAALS =      966.4039  EEL     =   -11568.1274  HBOND      =        0.0000
 1-4 VDW =        2.5440  1-4 EEL =       47.2055  RESTRAINT  =        0.0268
 EAMBER  =   -10037.5624


   NSTEP       ENERGY          RMS            GMAX         NAME    NUMBER
    100      -1.0174E+04     9.3795E-01     4.7846E+00     H2       2179

 BOND    =      597.3424  ANGLE   =        0.6578  DIHED      =       10.5762
 VDWAALS =      999.3090  EEL     =   -11832.0311  HBOND      =        0.0000
 1-4 VDW =        2.5390  1-4 EEL =       47.1937  RESTRAINT  =        0.0320
 EAMBER  =   -10174.4131


   NSTEP       ENERGY          RMS            GMAX         NAME    NUMBER
    120      -1.0646E+04     1.3500E+00     3.4047E+01     O        2177

 BOND    =      702.7164  ANGLE   =        0.8561  DIHED      =       10.5120
 VDWAALS =     1451.1877  EEL     =   -12861.0966  HBOND      =        0.0000
 1-4 VDW =        2.5289  1-4 EEL =       47.2902  RESTRAINT  =        0.0988
 EAMBER  =   -10646.0053


   NSTEP       ENERGY          RMS            GMAX         NAME    NUMBER
    140      -1.0450E+04     1.6257E+01     4.5654E+02     H1       2178

 BOND    =     1050.0710  ANGLE   =        0.6633  DIHED      =       10.5050
 VDWAALS =     1429.9896  EEL     =   -12991.0110  HBOND      =        0.0000
 1-4 VDW =        2.5260  1-4 EEL =       47.5639  RESTRAINT  =        0.1002
 EAMBER  =   -10449.6923


   NSTEP       ENERGY          RMS            GMAX         NAME    NUMBER
    160      -1.0918E+04     1.7444E+00     1.7341E+01     O        2531

 BOND    =      718.3888  ANGLE   =        0.7873  DIHED      =       10.5252
 VDWAALS =     1431.3703  EEL     =   -13128.7981  HBOND      =        0.0000
 1-4 VDW =        2.5492  1-4 EEL =       47.5660  RESTRAINT  =        0.1048
 EAMBER  =   -10917.6113


   NSTEP       ENERGY          RMS            GMAX         NAME    NUMBER
    180      -1.1029E+04     1.2701E+00     1.9613E+01     H          18

 BOND    =      749.2517  ANGLE   =        2.0210  DIHED      =       10.6198
 VDWAALS =     1568.6369  EEL     =   -13410.2479  HBOND      =        0.0000
 1-4 VDW =        2.6756  1-4 EEL =       47.5732  RESTRAINT  =        0.1404
 EAMBER  =   -11029.4696


   NSTEP       ENERGY          RMS            GMAX         NAME    NUMBER
    200      -1.1120E+04     1.0126E+00     1.4151E+01     CH3        19

 BOND    =      743.1268  ANGLE   =        0.8712  DIHED      =       10.5951
 VDWAALS =     1594.8205  EEL     =   -13519.3860  HBOND      =        0.0000
 1-4 VDW =        2.3590  1-4 EEL =       47.3666  RESTRAINT  =        0.1141
 EAMBER  =   -11120.2466


   NSTEP       ENERGY          RMS            GMAX         NAME    NUMBER
    220      -1.1174E+04     1.3950E+00     5.0821E+01     N           7

 BOND    =      767.4615  ANGLE   =        1.4659  DIHED      =       10.5850
 VDWAALS =     1647.6976  EEL     =   -13651.6612  HBOND      =        0.0000
 1-4 VDW =        2.4510  1-4 EEL =       47.3567  RESTRAINT  =        0.2729
 EAMBER  =   -11174.6436


   NSTEP       ENERGY          RMS            GMAX         NAME    NUMBER
    240      -1.1240E+04     7.1424E-01     1.7287E+01     C           5

 BOND    =      789.0359  ANGLE   =        0.8490  DIHED      =       10.6495
 VDWAALS =     1686.7979  EEL     =   -13776.8539  HBOND      =        0.0000
 1-4 VDW =        2.4070  1-4 EEL =       47.3676  RESTRAINT  =        0.1870
 EAMBER  =   -11239.7470


   NSTEP       ENERGY          RMS            GMAX         NAME    NUMBER
    260      -1.1282E+04     8.6177E-01     2.7250E+01     C           5

 BOND    =      779.5140  ANGLE   =        1.7268  DIHED      =       10.7362
 VDWAALS =     1721.2992  EEL     =   -13845.3305  HBOND      =        0.0000
 1-4 VDW =        2.6586  1-4 EEL =       47.2301  RESTRAINT  =        0.3920
 EAMBER  =   -11282.1657


   NSTEP       ENERGY          RMS            GMAX         NAME    NUMBER
    280      -1.1322E+04     6.1357E-01     7.6167E+00     CB         11

 BOND    =      803.0311  ANGLE   =        0.7759  DIHED      =       10.6761
 VDWAALS =     1782.2047  EEL     =   -13968.9716  HBOND      =        0.0000
 1-4 VDW =        2.4812  1-4 EEL =       47.3129  RESTRAINT  =        0.1924
 EAMBER  =   -11322.4896


   NSTEP       ENERGY          RMS            GMAX         NAME    NUMBER
    300      -1.1371E+04     9.8716E-01     2.5769E+01     H          18

 BOND    =      818.0422  ANGLE   =        0.8915  DIHED      =       10.7665
 VDWAALS =     1817.6229  EEL     =   -14068.2725  HBOND      =        0.0000
 1-4 VDW =        2.2236  1-4 EEL =       47.3170  RESTRAINT  =        0.0959
 EAMBER  =   -11371.4088


   NSTEP       ENERGY          RMS            GMAX         NAME    NUMBER
    320      -1.1401E+04     9.9071E-01     3.2698E+01     N           7

 BOND    =      803.1443  ANGLE   =        0.8813  DIHED      =       10.6803
 VDWAALS =     1838.6884  EEL     =   -14103.7899  HBOND      =        0.0000
 1-4 VDW =        2.3485  1-4 EEL =       47.2456  RESTRAINT  =        0.2236
 EAMBER  =   -11400.8016


   NSTEP       ENERGY          RMS            GMAX         NAME    NUMBER
    340      -1.1426E+04     5.3863E-01     1.2148E+01     CB         11

 BOND    =      821.6741  ANGLE   =        0.7170  DIHED      =       10.7230
 VDWAALS =     1860.1047  EEL     =   -14169.3301  HBOND      =        0.0000
 1-4 VDW =        2.4013  1-4 EEL =       47.2505  RESTRAINT  =        0.1700
 EAMBER  =   -11426.4595


   NSTEP       ENERGY          RMS            GMAX         NAME    NUMBER
    360      -1.1460E+04     7.1877E-01     1.9311E+01     N          17

 BOND    =      823.9003  ANGLE   =        1.3339  DIHED      =       10.9356
 VDWAALS =     1898.7665  EEL     =   -14243.9283  HBOND      =        0.0000
 1-4 VDW =        2.3149  1-4 EEL =       46.6534  RESTRAINT  =        0.3362
 EAMBER  =   -11460.0238


   NSTEP       ENERGY          RMS            GMAX         NAME    NUMBER
    380      -1.1482E+04     4.0124E-01     4.4369E+00     O           6

 BOND    =      832.8890  ANGLE   =        0.7727  DIHED      =       10.6947
 VDWAALS =     1928.7075  EEL     =   -14304.6149  HBOND      =        0.0000
 1-4 VDW =        2.4059  1-4 EEL =       47.1888  RESTRAINT  =        0.2532
 EAMBER  =   -11481.9563


   NSTEP       ENERGY          RMS            GMAX         NAME    NUMBER
    400      -1.1510E+04     7.5168E-01     1.4476E+01     N          17

 BOND    =      848.8394  ANGLE   =        1.0378  DIHED      =       10.7718
 VDWAALS =     1953.9530  EEL     =   -14374.6058  HBOND      =        0.0000
 1-4 VDW =        2.4481  1-4 EEL =       47.4580  RESTRAINT  =        0.1052
 EAMBER  =   -11510.0977


   NSTEP       ENERGY          RMS            GMAX         NAME    NUMBER
    420      -1.1528E+04     7.0235E-01     1.8639E+01     O          16

 BOND    =      832.5850  ANGLE   =        1.1878  DIHED      =       10.7938
 VDWAALS =     1963.4295  EEL     =   -14385.8474  HBOND      =        0.0000
 1-4 VDW =        2.4936  1-4 EEL =       47.5190  RESTRAINT  =        0.1410
 EAMBER  =   -11527.8388


   NSTEP       ENERGY          RMS            GMAX         NAME    NUMBER
    440      -1.1546E+04     4.8735E-01     1.0008E+01     N          17

 BOND    =      848.8081  ANGLE   =        0.7907  DIHED      =       10.7317
 VDWAALS =     1976.8563  EEL     =   -14432.2709  HBOND      =        0.0000
 1-4 VDW =        2.3687  1-4 EEL =       46.9776  RESTRAINT  =        0.2182
 EAMBER  =   -11545.7378


   NSTEP       ENERGY          RMS            GMAX         NAME    NUMBER
    460      -1.1564E+04     6.0610E-01     2.2781E+01     C           5

 BOND    =      842.4091  ANGLE   =        1.0567  DIHED      =       10.8081
 VDWAALS =     1995.6548  EEL     =   -14463.4770  HBOND      =        0.0000
 1-4 VDW =        2.2910  1-4 EEL =       46.8850  RESTRAINT  =        0.2364
 EAMBER  =   -11564.3722


   NSTEP       ENERGY          RMS            GMAX         NAME    NUMBER
    480      -1.1579E+04     3.3197E-01     5.6869E+00     C          15

 BOND    =      851.2973  ANGLE   =        0.7481  DIHED      =       10.7375
 VDWAALS =     2015.5777  EEL     =   -14507.0316  HBOND      =        0.0000
 1-4 VDW =        2.3609  1-4 EEL =       47.0412  RESTRAINT  =        0.1379
 EAMBER  =   -11579.2690


   NSTEP       ENERGY          RMS            GMAX         NAME    NUMBER
    500      -1.1601E+04     7.0615E-01     1.1696E+01     HH31       20

 BOND    =      866.1904  ANGLE   =        0.9851  DIHED      =       10.8618
 VDWAALS =     2037.9144  EEL     =   -14567.1406  HBOND      =        0.0000
 1-4 VDW =        2.4578  1-4 EEL =       47.4115  RESTRAINT  =        0.0953
 EAMBER  =   -11601.3196


   NSTEP       ENERGY          RMS            GMAX         NAME    NUMBER
    520      -1.1616E+04     6.3460E-01     2.0800E+01     N          17

 BOND    =      846.8408  ANGLE   =        0.9725  DIHED      =       10.8144
 VDWAALS =     2043.4584  EEL     =   -14567.5184  HBOND      =        0.0000
 1-4 VDW =        2.4213  1-4 EEL =       47.2748  RESTRAINT  =        0.1298
 EAMBER  =   -11615.7363


   NSTEP       ENERGY          RMS            GMAX         NAME    NUMBER
    540      -1.1631E+04     4.1337E-01     8.6577E+00     C          15

 BOND    =      863.1170  ANGLE   =        0.8596  DIHED      =       10.7833
 VDWAALS =     2054.4638  EEL     =   -14609.5259  HBOND      =        0.0000
 1-4 VDW =        2.3070  1-4 EEL =       46.7659  RESTRAINT  =        0.2140
 EAMBER  =   -11631.2294


   NSTEP       ENERGY          RMS            GMAX         NAME    NUMBER
    560      -1.1646E+04     4.7787E-01     1.1168E+01     O          16

 BOND    =      857.4888  ANGLE   =        0.8590  DIHED      =       10.8443
 VDWAALS =     2070.6320  EEL     =   -14635.4141  HBOND      =        0.0000
 1-4 VDW =        2.3152  1-4 EEL =       46.6850  RESTRAINT  =        0.1629
 EAMBER  =   -11646.5898


   NSTEP       ENERGY          RMS            GMAX         NAME    NUMBER
    580      -1.1659E+04     3.8249E-01     8.1098E+00     C           5

 BOND    =      867.3615  ANGLE   =        0.7616  DIHED      =       10.7993
 VDWAALS =     2088.3354  EEL     =   -14675.2424  HBOND      =        0.0000
 1-4 VDW =        2.3441  1-4 EEL =       46.8585  RESTRAINT  =        0.1320
 EAMBER  =   -11658.7818


   NSTEP       ENERGY          RMS            GMAX         NAME    NUMBER
    600      -1.1675E+04     6.8824E-01     1.9777E+01     C          15

 BOND    =      880.9280  ANGLE   =        0.9117  DIHED      =       10.8988
 VDWAALS =     2102.7763  EEL     =   -14719.6978  HBOND      =        0.0000
 1-4 VDW =        2.4547  1-4 EEL =       47.0060  RESTRAINT  =        0.0899
 EAMBER  =   -11674.7223


   NSTEP       ENERGY          RMS            GMAX         NAME    NUMBER
    620      -1.1684E+04     6.8592E-01     2.1601E+01     H          18

 BOND    =      864.4113  ANGLE   =        1.0632  DIHED      =       10.9595
 VDWAALS =     2105.4656  EEL     =   -14715.6837  HBOND      =        0.0000
 1-4 VDW =        2.4552  1-4 EEL =       47.0388  RESTRAINT  =        0.1294
 EAMBER  =   -11684.2901


   NSTEP       ENERGY          RMS            GMAX         NAME    NUMBER
    640      -1.1701E+04     3.0622E-01     8.5833E+00     CH3        19

 BOND    =      878.3580  ANGLE   =        0.7408  DIHED      =       10.8668
 VDWAALS =     2118.9528  EEL     =   -14759.2703  HBOND      =        0.0000
 1-4 VDW =        2.3266  1-4 EEL =       46.7851  RESTRAINT  =        0.1700
 EAMBER  =   -11701.2402


   NSTEP       ENERGY          RMS            GMAX         NAME    NUMBER
    660      -1.1708E+04     3.6311E-01     9.6633E+00     N          17

 BOND    =      872.7358  ANGLE   =        0.7844  DIHED      =       10.8700
 VDWAALS =     2125.2088  EEL     =   -14766.2704  HBOND      =        0.0000
 1-4 VDW =        2.3248  1-4 EEL =       46.5448  RESTRAINT  =        0.1721
 EAMBER  =   -11707.8019


   NSTEP       ENERGY          RMS            GMAX         NAME    NUMBER
    680      -1.1721E+04     3.5294E-01     5.8111E+00     C          15

 BOND    =      880.3439  ANGLE   =        0.8497  DIHED      =       10.8837
 VDWAALS =     2143.9039  EEL     =   -14805.7701  HBOND      =        0.0000
 1-4 VDW =        2.3490  1-4 EEL =       46.5423  RESTRAINT  =        0.1202
 EAMBER  =   -11720.8977


   NSTEP       ENERGY          RMS            GMAX         NAME    NUMBER
    700      -1.1733E+04     6.5084E-01     1.5741E+01     C          15

 BOND    =      886.9934  ANGLE   =        1.0643  DIHED      =       10.9742
 VDWAALS =     2150.2058  EEL     =   -14831.2712  HBOND      =        0.0000
 1-4 VDW =        2.4690  1-4 EEL =       46.8704  RESTRAINT  =        0.1874
 EAMBER  =   -11732.6940


   NSTEP       ENERGY          RMS            GMAX         NAME    NUMBER
    720      -1.1739E+04     6.2889E-01     1.8269E+01     CH3        19

 BOND    =      871.8141  ANGLE   =        1.0389  DIHED      =       10.9954
 VDWAALS =     2151.5563  EEL     =   -14823.9864  HBOND      =        0.0000
 1-4 VDW =        2.4091  1-4 EEL =       46.7403  RESTRAINT  =        0.1510
 EAMBER  =   -11739.4323


   NSTEP       ENERGY          RMS            GMAX         NAME    NUMBER
    740      -1.1755E+04     3.1153E-01     6.5298E+00     CH3        19

 BOND    =      888.3305  ANGLE   =        0.8367  DIHED      =       10.9628
 VDWAALS =     2163.2032  EEL     =   -14867.6222  HBOND      =        0.0000
 1-4 VDW =        2.2365  1-4 EEL =       46.4681  RESTRAINT  =        0.4299
 EAMBER  =   -11755.5844


   NSTEP       ENERGY          RMS            GMAX         NAME    NUMBER
    760      -1.1763E+04     2.5388E-01     5.9193E+00     H           8

 BOND    =      883.8422  ANGLE   =        0.8085  DIHED      =       10.9352
 VDWAALS =     2169.4949  EEL     =   -14876.7525  HBOND      =        0.0000
 1-4 VDW =        2.3614  1-4 EEL =       46.4015  RESTRAINT  =        0.1325
 EAMBER  =   -11762.9088


   NSTEP       ENERGY          RMS            GMAX         NAME    NUMBER
    780      -1.1777E+04     4.3215E-01     7.8785E+00     C           5

 BOND    =      888.7337  ANGLE   =        0.9038  DIHED      =       10.9517
 VDWAALS =     2183.3499  EEL     =   -14909.6360  HBOND      =        0.0000
 1-4 VDW =        2.2741  1-4 EEL =       46.6305  RESTRAINT  =        0.1343
 EAMBER  =   -11776.7924


   NSTEP       ENERGY          RMS            GMAX         NAME    NUMBER
    800      -1.1787E+04     5.2003E-01     1.5064E+01     C          15

 BOND    =      889.3874  ANGLE   =        1.0454  DIHED      =       10.9706
 VDWAALS =     2186.5261  EEL     =   -14923.6530  HBOND      =        0.0000
 1-4 VDW =        2.3756  1-4 EEL =       46.4609  RESTRAINT  =        0.1700
 EAMBER  =   -11786.8868


   NSTEP       ENERGY          RMS            GMAX         NAME    NUMBER
    820      -1.1793E+04     5.6649E-01     1.6748E+01     C          15

 BOND    =      886.7578  ANGLE   =        1.0089  DIHED      =       10.9657
 VDWAALS =     2188.4839  EEL     =   -14928.7709  HBOND      =        0.0000
 1-4 VDW =        2.3332  1-4 EEL =       46.4633  RESTRAINT  =        0.2233
 EAMBER  =   -11792.7579


   NSTEP       ENERGY          RMS            GMAX         NAME    NUMBER
    840      -1.1802E+04     3.5709E-01     1.1588E+01     C          15

 BOND    =      891.9145  ANGLE   =        0.9335  DIHED      =       10.9910
 VDWAALS =     2193.1077  EEL     =   -14947.4811  HBOND      =        0.0000
 1-4 VDW =        2.3156  1-4 EEL =       46.2550  RESTRAINT  =        0.2400
 EAMBER  =   -11801.9638


   NSTEP       ENERGY          RMS            GMAX         NAME    NUMBER
    860      -1.1805E+04     2.5471E-01     7.1847E+00     N           7

 BOND    =      889.3999  ANGLE   =        0.8079  DIHED      =       10.9657
 VDWAALS =     2195.5505  EEL     =   -14950.6622  HBOND      =        0.0000
 1-4 VDW =        2.3054  1-4 EEL =       46.4441  RESTRAINT  =        0.0712
 EAMBER  =   -11805.1887


   NSTEP       ENERGY          RMS            GMAX         NAME    NUMBER
    880      -1.1812E+04     3.0019E-01     7.0919E+00     C          15

 BOND    =      892.7607  ANGLE   =        0.9167  DIHED      =       10.9651
 VDWAALS =     2198.5644  EEL     =   -14964.1017  HBOND      =        0.0000
 1-4 VDW =        2.3254  1-4 EEL =       46.4525  RESTRAINT  =        0.1146
 EAMBER  =   -11812.1170


   NSTEP       ENERGY          RMS            GMAX         NAME    NUMBER
    900      -1.1818E+04     5.4315E-01     2.1250E+01     C          15

 BOND    =      893.7868  ANGLE   =        1.1834  DIHED      =       10.9884
 VDWAALS =     2201.7536  EEL     =   -14974.4882  HBOND      =        0.0000
 1-4 VDW =        2.4412  1-4 EEL =       46.2618  RESTRAINT  =        0.2764
 EAMBER  =   -11818.0729


   NSTEP       ENERGY          RMS            GMAX         NAME    NUMBER
    920      -1.1822E+04     4.9018E-01     1.6190E+01     C          15

 BOND    =      891.0504  ANGLE   =        0.8408  DIHED      =       10.9523
 VDWAALS =     2200.9593  EEL     =   -14974.8996  HBOND      =        0.0000
 1-4 VDW =        2.3281  1-4 EEL =       46.3541  RESTRAINT  =        0.1712
 EAMBER  =   -11822.4146


   NSTEP       ENERGY          RMS            GMAX         NAME    NUMBER
    940      -1.1828E+04     3.0118E-01     7.5883E+00     C          15

 BOND    =      895.7224  ANGLE   =        0.8612  DIHED      =       11.0116
 VDWAALS =     2203.2669  EEL     =   -14987.6178  HBOND      =        0.0000
 1-4 VDW =        2.2935  1-4 EEL =       46.4136  RESTRAINT  =        0.1855
 EAMBER  =   -11828.0487


   NSTEP       ENERGY          RMS            GMAX         NAME    NUMBER
    960      -1.1832E+04     2.9064E-01     9.5476E+00     N           7

 BOND    =      893.3194  ANGLE   =        0.7195  DIHED      =       10.9949
 VDWAALS =     2204.9316  EEL     =   -14990.7663  HBOND      =        0.0000
 1-4 VDW =        2.3546  1-4 EEL =       46.4004  RESTRAINT  =        0.0538
 EAMBER  =   -11832.0458


   NSTEP       ENERGY          RMS            GMAX         NAME    NUMBER
    980      -1.1838E+04     4.3669E-01     9.8601E+00     C          15

 BOND    =      894.9148  ANGLE   =        0.9324  DIHED      =       10.9450
 VDWAALS =     2205.7890  EEL     =   -14999.2847  HBOND      =        0.0000
 1-4 VDW =        2.3397  1-4 EEL =       46.3267  RESTRAINT  =        0.0881
 EAMBER  =   -11838.0372


   NSTEP       ENERGY          RMS            GMAX         NAME    NUMBER
   1000      -1.1844E+04     4.2902E-01     1.4761E+01     C          15

 BOND    =      898.9991  ANGLE   =        1.0385  DIHED      =       10.9393
 VDWAALS =     2208.2285  EEL     =   -15012.0604  HBOND      =        0.0000
 1-4 VDW =        2.4531  1-4 EEL =       46.2745  RESTRAINT  =        0.2292
 EAMBER  =   -11844.1274


  Maximum number of minimization cycles reached.


                    FINAL RESULTS



   NSTEP       ENERGY          RMS            GMAX         NAME    NUMBER
   1000      -1.1844E+04     4.2902E-01     1.4761E+01     C          15

 BOND    =      898.9991  ANGLE   =        1.0385  DIHED      =       10.9393
 VDWAALS =     2208.2285  EEL     =   -15012.0604  HBOND      =        0.0000
 1-4 VDW =        2.4531  1-4 EEL =       46.2745  RESTRAINT  =        0.2292
 EAMBER  =   -11844.1274

--------------------------------------------------------------------------------
   5.  TIMINGS
--------------------------------------------------------------------------------

|                Build the list             0.07 (58.37% of List )
|                Other                      0.05 (41.63% of List )
|             List time                  0.12 ( 0.89% of Nonbo)
|                   Short_ene time             6.10 (96.77% of Direc)
|                   Other                      0.20 ( 3.23% of Direc)
|                Direct Ewald time          6.31 (49.24% of Ewald)
|                Adjust Ewald time          0.04 ( 0.29% of Ewald)
|                Self Ewald time            0.00 ( 0.03% of Ewald)
|                   Fill Bspline coeffs        0.14 ( 2.55% of Recip)
|                   Fill charge grid           0.12 ( 2.15% of Recip)
|                   Scalar sum                 0.50 ( 9.29% of Recip)
|                   Grad sum                   0.27 ( 4.94% of Recip)
|                      FFT back comm time         2.46 (57.57% of FFT t)
|                      Other                      1.81 (42.43% of FFT t)
|                   FFT time                   4.28 (79.08% of Recip)
|                   Other                      0.11 ( 2.00% of Recip)
|                Recip Ewald time           5.41 (42.23% of Ewald)
|                Force Adjust               0.74 ( 5.75% of Ewald)
|                Virial junk                0.31 ( 2.42% of Ewald)
|                Other                      0.00 ( 0.04% of Ewald)
|             Ewald time                12.81 (99.10% of Nonbo)
|             Other                      0.00 ( 0.01% of Nonbo)
|          Nonbond force             12.92 (83.32% of Force)
|          Bond/Angle/Dihedral        0.04 ( 0.28% of Force)
|          FRC Collect time           0.61 ( 3.96% of Force)
|          Other                      1.93 (12.45% of Force)
|       Force time                15.51 (100.0% of Runmd)
|    Runmd Time                15.51 ( 8.53% of Total)
|    Other                    166.41 (91.47% of Total)
| Total time               181.92 (100.0% of ALL  )

| Highest rstack allocated:      40126
| Highest istack allocated:        864
|           Job began  at 14:44:36.137  on 03/14/2017
|           Setup done at 14:44:36.257  on 03/14/2017
|           Run   done at 14:47:38.061  on 03/14/2017
|     wallclock() was called   44068 times
