
          -------------------------------------------------------
          Amber 16 SANDER                              2016
          -------------------------------------------------------

| Run on 03/14/2017 at 14:43:09

|   Executable path: sander.MPI
| Working directory: /home/steboss/projects/mdgx-tests/alanine/IPOLQ/input/PhiPsi_1/255/330
|          Hostname: node005

  [-O]verwriting output

File Assignments:
|  MDIN: min.in                                                                
| MDOUT: Conf330.min.out                                                       
|INPCRD: Conf330.crd                                                           
|  PARM: Conf330.top                                                           
|RESTRT: Conf330.min                                                           
|  REFC: Conf330.crd                                                           
| MDVEL: mdvel                                                                 
| MDFRC: mdfrc                                                                 
|  MDEN: mden                                                                  
| MDCRD: mdcrd                                                                 
|MDINFO: mdinfo                                                                
|  MTMD: mtmd                                                                  
|INPDIP: inpdip                                                                
|RSTDIP: rstdip                                                                
|INPTRA: inptraj                                                               

|    REMLOG: rem.log
|   REMTYPE: rem.type
|  REMSTRIP: 
|   SAVEENE: saveene
|CLUSTERINF: cluster.info
| RESERVOIR: reserv/frame
|   REMDDIM: 


 Here is the input file:

Initial minimization                                                           
 &cntrl                                                                        
  ntx    = 1,       irest  = 0,       ntrx   = 1,      ntxo   = 1,             
  ntpr   = 20,      ntwx   = 0,       ntwv   = 0,      ntwe   = 0,             
                                                                               
  ntf    = 1,       ntb    = 1,                                                
  ntc    = 1,       ntr    = 1,                                                
  restraintmask = ':1',                                                        
  restraint_wt = 100.0,                                                        
  cut    = 9.0,                                                                
                                                                               
  imin   = 1,                                                                  
  maxcyc = 1000,                                                               
  ncyc   = 100,                                                                
                                                                               
 &end                                                                          

--------------------------------------------------------------------------------
   1.  RESOURCE   USE: 
--------------------------------------------------------------------------------

| Flags: MPI                                                                    
 getting new box info from bottom of inpcrd
|  INFO: Old style inpcrd file read

| peek_ewald_inpcrd: Box info found
|Largest sphere to fit in unit cell has radius =    14.375
| New format PARM file being parsed.
| Version =    1.000 Date = 03/14/17 Time = 13:39:19
 NATOM  =    2794 NTYPES =       9 NBONH =    2784 MBONA  =       9
 NTHETH =      25 MTHETA =      11 NPHIH =      43 MPHIA  =      24
 NHPARM =       0 NPARM  =       0 NNB   =    3795 NRES   =     927
 NBONA  =       9 NTHETA =      11 NPHIA =      24 NUMBND =      10
 NUMANG =      16 NPTRA  =      19 NATYP =       9 NPHB   =       1
 IFBOX  =       2 NMXRS  =      10 IFCAP =       0 NEXTRA =       0
 NCOPY  =       0


|     Memory Use     Allocated
|     Real              324474
|     Hollerith           9311
|     Integer            86712
|     Max Pairs         309900
|     nblistReal         33528
|     nblist Int         85601
|       Total             4716 kbytes

| Note: 1-4 EEL scale factors are being read from the topology file.

| Note: 1-4 VDW scale factors are being read from the topology file.
| Duplicated    0 dihedrals
| Duplicated    0 dihedrals

     BOX TYPE: TRUNCATED OCTAHEDRON

--------------------------------------------------------------------------------
   2.  CONTROL  DATA  FOR  THE  RUN
--------------------------------------------------------------------------------

default_name                                                                    

General flags:
     imin    =       1, nmropt  =       0

Nature and format of input:
     ntx     =       1, irest   =       0, ntrx    =       1

Nature and format of output:
     ntxo    =       1, ntpr    =      20, ntrx    =       1, ntwr    =       1
     iwrap   =       0, ntwx    =       0, ntwv    =       0, ntwe    =       0
     ioutfm  =       1, ntwprt  =       0, idecomp =       0, rbornstat=      0

Potential function:
     ntf     =       1, ntb     =       1, igb     =       0, nsnb    =      25
     ipol    =       0, gbsa    =       0, iesp    =       0
     dielc   =   1.00000, cut     =   9.00000, intdiel =   1.00000

Frozen or restrained atoms:
     ibelly  =       0, ntr     =       1
     restraint_wt = 100.00000

Energy minimization:
     maxcyc  =    1000, ncyc    =     100, ntmin   =       1
     dx0     =   0.01000, drms    =   0.00010

Ewald parameters:
     verbose =       0, ew_type =       0, nbflag  =       1, use_pme =       1
     vdwmeth =       1, eedmeth =       1, netfrc  =       0
     Box X =   35.211   Box Y =   35.211   Box Z =   35.211
     Alpha =  109.471   Beta  =  109.471   Gamma =  109.471
     NFFT1 =   36       NFFT2 =   36       NFFT3 =   36
     Cutoff=    9.000   Tol   =0.100E-04
     Ewald Coefficient =  0.30768
     Interpolation order =    4

| MPI Timing options:
|      profile_mpi =        0

    LOADING THE CONSTRAINED ATOMS AS GROUPS


   5.  REFERENCE ATOM COORDINATES

  defa
     Mask :1; matches     6 atoms

--------------------------------------------------------------------------------
   3.  ATOMIC COORDINATES AND VELOCITIES
--------------------------------------------------------------------------------

default_name                                                                    
 begin time read from input coords =     0.000 ps

 Number of triangulated 3-point waters found:      924
|  Atom division among processors:
|         0     349     700    1048    1396    1747    2095    2443
|      2794

     Sum of charges from parm topology file =  -0.00000000
     Forcing neutrality...
|  Running AMBER/MPI version on    8 nodes


--------------------------------------------------------------------------------
   4.  RESULTS
--------------------------------------------------------------------------------

 ---------------------------------------------------
 APPROXIMATING switch and d/dx switch using CUBIC SPLINE INTERPOLATION
 using   5000.0 points per unit in tabled values
 TESTING RELATIVE ERROR over r ranging from 0.0 to cutoff
| CHECK switch(x): max rel err =   0.2738E-14   at   2.422500
| CHECK d/dx switch(x): max rel err =   0.8314E-11   at   2.736960
 ---------------------------------------------------
| Local SIZE OF NONBOND LIST =      81991
| TOTAL SIZE OF NONBOND LIST =     646452


   NSTEP       ENERGY          RMS            GMAX         NAME    NUMBER
      1      -7.6943E+03     1.2458E+01     6.1817E+01     O         293

 BOND    =        0.5318  ANGLE   =        1.0621  DIHED      =        9.9600
 VDWAALS =     1064.6883  EEL     =    -8818.0032  HBOND      =        0.0000
 1-4 VDW =        2.9803  1-4 EEL =       44.4825  RESTRAINT  =        0.0000


   NSTEP       ENERGY          RMS            GMAX         NAME    NUMBER
     20      -8.5895E+03     2.9705E+00     2.5892E+01     O          23

 BOND    =      464.4971  ANGLE   =        1.0635  DIHED      =        9.9901
 VDWAALS =      971.2676  EEL     =   -10083.7273  HBOND      =        0.0000
 1-4 VDW =        3.0048  1-4 EEL =       44.3937  RESTRAINT  =        0.0080
 EAMBER  =    -8589.5104


   NSTEP       ENERGY          RMS            GMAX         NAME    NUMBER
     40      -9.3358E+03     2.3979E+00     9.7536E+00     H1       2325

 BOND    =      497.3183  ANGLE   =        1.1729  DIHED      =       10.0057
 VDWAALS =      992.9432  EEL     =   -10884.4403  HBOND      =        0.0000
 1-4 VDW =        2.9964  1-4 EEL =       44.1280  RESTRAINT  =        0.0260
 EAMBER  =    -9335.8759


   NSTEP       ENERGY          RMS            GMAX         NAME    NUMBER
     60      -9.5523E+03     3.5810E+00     1.1939E+01     H2       1303

 BOND    =      493.7947  ANGLE   =        1.2145  DIHED      =        9.9937
 VDWAALS =     1025.3557  EEL     =   -11129.6898  HBOND      =        0.0000
 1-4 VDW =        2.9859  1-4 EEL =       44.0438  RESTRAINT  =        0.0310
 EAMBER  =    -9552.3015


   NSTEP       ENERGY          RMS            GMAX         NAME    NUMBER
     80      -9.6955E+03     4.0207E+00     1.3964E+01     H2       1303

 BOND    =      502.0482  ANGLE   =        1.2391  DIHED      =        9.9689
 VDWAALS =     1057.9399  EEL     =   -11313.6746  HBOND      =        0.0000
 1-4 VDW =        2.9834  1-4 EEL =       44.0048  RESTRAINT  =        0.0349
 EAMBER  =    -9695.4903


   NSTEP       ENERGY          RMS            GMAX         NAME    NUMBER
    100      -9.8268E+03     1.7354E+00     7.0959E+00     H1        798

 BOND    =      626.1098  ANGLE   =        1.2544  DIHED      =        9.9352
 VDWAALS =     1091.0160  EEL     =   -11602.1715  HBOND      =        0.0000
 1-4 VDW =        2.9883  1-4 EEL =       43.9861  RESTRAINT  =        0.0378
 EAMBER  =    -9826.8817


   NSTEP       ENERGY          RMS            GMAX         NAME    NUMBER
    120      -1.0263E+04     4.8276E+00     6.0613E+01     H1       2229

 BOND    =      764.1761  ANGLE   =        1.4377  DIHED      =        9.5874
 VDWAALS =     1412.9748  EEL     =   -12498.5685  HBOND      =        0.0000
 1-4 VDW =        3.1000  1-4 EEL =       44.2254  RESTRAINT  =        0.0458
 EAMBER  =   -10263.0672


   NSTEP       ENERGY          RMS            GMAX         NAME    NUMBER
    140      -1.0406E+04     1.4434E+00     4.3433E+01     H1       2229

 BOND    =      696.2014  ANGLE   =        1.2303  DIHED      =        9.4504
 VDWAALS =     1455.1950  EEL     =   -12616.0462  HBOND      =        0.0000
 1-4 VDW =        3.1619  1-4 EEL =       44.3694  RESTRAINT  =        0.0427
 EAMBER  =   -10406.4378


   NSTEP       ENERGY          RMS            GMAX         NAME    NUMBER
    160      -1.0522E+04     1.7434E+00     3.5506E+01     O        2219

 BOND    =      670.5607  ANGLE   =        1.0678  DIHED      =        9.2579
 VDWAALS =     1483.7848  EEL     =   -12734.4968  HBOND      =        0.0000
 1-4 VDW =        3.1953  1-4 EEL =       44.4238  RESTRAINT  =        0.0314
 EAMBER  =   -10522.2066


   NSTEP       ENERGY          RMS            GMAX         NAME    NUMBER
    180      -1.0608E+04     1.0367E+00     2.3237E+01     O        2228

 BOND    =      731.8097  ANGLE   =        1.0372  DIHED      =        9.1581
 VDWAALS =     1571.0696  EEL     =   -12968.5963  HBOND      =        0.0000
 1-4 VDW =        3.1369  1-4 EEL =       44.2356  RESTRAINT  =        0.0514
 EAMBER  =   -10608.1491


   NSTEP       ENERGY          RMS            GMAX         NAME    NUMBER
    200      -1.0709E+04     1.0370E+00     1.9647E+01     C           5

 BOND    =      746.5115  ANGLE   =        1.7015  DIHED      =        8.9230
 VDWAALS =     1671.1445  EEL     =   -13185.3505  HBOND      =        0.0000
 1-4 VDW =        3.3718  1-4 EEL =       44.3931  RESTRAINT  =        0.1424
 EAMBER  =   -10709.3051


   NSTEP       ENERGY          RMS            GMAX         NAME    NUMBER
    220      -1.0763E+04     1.0064E+00     2.9739E+01     C           5

 BOND    =      745.0934  ANGLE   =        1.5072  DIHED      =        8.8997
 VDWAALS =     1694.5551  EEL     =   -13261.3783  HBOND      =        0.0000
 1-4 VDW =        3.4854  1-4 EEL =       44.4672  RESTRAINT  =        0.1036
 EAMBER  =   -10763.3703


   NSTEP       ENERGY          RMS            GMAX         NAME    NUMBER
    240      -1.0793E+04     1.1332E+00     1.6348E+01     CH3        19

 BOND    =      756.2572  ANGLE   =        1.1665  DIHED      =        8.9462
 VDWAALS =     1721.0150  EEL     =   -13327.8990  HBOND      =        0.0000
 1-4 VDW =        3.1562  1-4 EEL =       44.5078  RESTRAINT  =        0.1036
 EAMBER  =   -10792.8501


   NSTEP       ENERGY          RMS            GMAX         NAME    NUMBER
    260      -1.0896E+04     1.3426E+00     3.0546E+01     CH3         2

 BOND    =      783.8492  ANGLE   =        1.8850  DIHED      =        8.8207
 VDWAALS =     1850.8429  EEL     =   -13590.1763  HBOND      =        0.0000
 1-4 VDW =        3.4134  1-4 EEL =       44.8154  RESTRAINT  =        0.2556
 EAMBER  =   -10896.5496


   NSTEP       ENERGY          RMS            GMAX         NAME    NUMBER
    280      -1.0924E+04     4.8445E-01     8.2682E+00     O        2228

 BOND    =      789.7762  ANGLE   =        1.3987  DIHED      =        8.7806
 VDWAALS =     1860.9279  EEL     =   -13632.9898  HBOND      =        0.0000
 1-4 VDW =        3.3194  1-4 EEL =       44.4276  RESTRAINT  =        0.0391
 EAMBER  =   -10924.3594


   NSTEP       ENERGY          RMS            GMAX         NAME    NUMBER
    300      -1.0969E+04     9.1949E-01     2.1872E+01     N           7

 BOND    =      798.6394  ANGLE   =        1.5816  DIHED      =        8.6942
 VDWAALS =     1901.8892  EEL     =   -13727.2733  HBOND      =        0.0000
 1-4 VDW =        3.3175  1-4 EEL =       44.2186  RESTRAINT  =        0.1272
 EAMBER  =   -10968.9328


   NSTEP       ENERGY          RMS            GMAX         NAME    NUMBER
    320      -1.1003E+04     6.9760E-01     1.8900E+01     N           7

 BOND    =      798.1758  ANGLE   =        1.2641  DIHED      =        8.7417
 VDWAALS =     1911.1281  EEL     =   -13769.3317  HBOND      =        0.0000
 1-4 VDW =        3.2546  1-4 EEL =       44.1351  RESTRAINT  =        0.0729
 EAMBER  =   -11002.6324


   NSTEP       ENERGY          RMS            GMAX         NAME    NUMBER
    340      -1.1019E+04     4.0479E-01     7.7707E+00     CB         11

 BOND    =      805.8861  ANGLE   =        1.3201  DIHED      =        8.7623
 VDWAALS =     1925.6347  EEL     =   -13808.0163  HBOND      =        0.0000
 1-4 VDW =        3.3666  1-4 EEL =       44.4498  RESTRAINT  =        0.0193
 EAMBER  =   -11018.5966


   NSTEP       ENERGY          RMS            GMAX         NAME    NUMBER
    360      -1.1070E+04     9.7547E-01     1.5961E+01     CH3        19

 BOND    =      826.0359  ANGLE   =        2.0623  DIHED      =        8.8607
 VDWAALS =     1985.4858  EEL     =   -13940.8486  HBOND      =        0.0000
 1-4 VDW =        3.4499  1-4 EEL =       44.6909  RESTRAINT  =        0.1092
 EAMBER  =   -11070.2632


   NSTEP       ENERGY          RMS            GMAX         NAME    NUMBER
    380      -1.1085E+04     3.4177E-01     7.8559E+00     O           6

 BOND    =      819.5264  ANGLE   =        1.7187  DIHED      =        8.7117
 VDWAALS =     1994.7062  EEL     =   -13958.1219  HBOND      =        0.0000
 1-4 VDW =        3.3372  1-4 EEL =       44.5666  RESTRAINT  =        0.1086
 EAMBER  =   -11085.5550


   NSTEP       ENERGY          RMS            GMAX         NAME    NUMBER
    400      -1.1110E+04     8.5075E-01     2.3081E+01     C           5

 BOND    =      826.1164  ANGLE   =        2.0723  DIHED      =        8.9587
 VDWAALS =     2028.6588  EEL     =   -14023.7621  HBOND      =        0.0000
 1-4 VDW =        3.2055  1-4 EEL =       44.2346  RESTRAINT  =        0.2459
 EAMBER  =   -11110.5158


   NSTEP       ENERGY          RMS            GMAX         NAME    NUMBER
    420      -1.1128E+04     4.3668E-01     1.1321E+01     C           5

 BOND    =      826.8172  ANGLE   =        1.4638  DIHED      =        8.6412
 VDWAALS =     2032.0735  EEL     =   -14045.2126  HBOND      =        0.0000
 1-4 VDW =        3.3053  1-4 EEL =       44.4379  RESTRAINT  =        0.0494
 EAMBER  =   -11128.4737


   NSTEP       ENERGY          RMS            GMAX         NAME    NUMBER
    440      -1.1137E+04     3.8547E-01     9.3896E+00     CH3        19

 BOND    =      829.6834  ANGLE   =        1.5299  DIHED      =        8.8274
 VDWAALS =     2039.5680  EEL     =   -14065.0045  HBOND      =        0.0000
 1-4 VDW =        3.4406  1-4 EEL =       44.5643  RESTRAINT  =        0.0340
 EAMBER  =   -11137.3909


   NSTEP       ENERGY          RMS            GMAX         NAME    NUMBER
    460      -1.1155E+04     5.6301E-01     1.9899E+01     N           7

 BOND    =      830.4257  ANGLE   =        1.5971  DIHED      =        8.8771
 VDWAALS =     2057.2367  EEL     =   -14100.7479  HBOND      =        0.0000
 1-4 VDW =        3.3551  1-4 EEL =       44.5286  RESTRAINT  =        0.0512
 EAMBER  =   -11154.7276


   NSTEP       ENERGY          RMS            GMAX         NAME    NUMBER
    480      -1.1162E+04     3.1923E-01     7.8143E+00     CA          9

 BOND    =      834.3823  ANGLE   =        1.2918  DIHED      =        8.7151
 VDWAALS =     2066.7024  EEL     =   -14121.4050  HBOND      =        0.0000
 1-4 VDW =        3.3166  1-4 EEL =       44.5160  RESTRAINT  =        0.0279
 EAMBER  =   -11162.4808


   NSTEP       ENERGY          RMS            GMAX         NAME    NUMBER
    500      -1.1175E+04     8.0386E-01     1.9829E+01     CH3         2

 BOND    =      842.9415  ANGLE   =        3.2712  DIHED      =        9.3300
 VDWAALS =     2080.8553  EEL     =   -14159.7247  HBOND      =        0.0000
 1-4 VDW =        3.2297  1-4 EEL =       44.3467  RESTRAINT  =        0.5132
 EAMBER  =   -11175.7502


   NSTEP       ENERGY          RMS            GMAX         NAME    NUMBER
    520      -1.1187E+04     4.0906E-01     1.3999E+01     C          15

 BOND    =      838.3914  ANGLE   =        1.3989  DIHED      =        8.7556
 VDWAALS =     2087.0027  EEL     =   -14170.5979  HBOND      =        0.0000
 1-4 VDW =        3.3731  1-4 EEL =       44.4449  RESTRAINT  =        0.1082
 EAMBER  =   -11187.2314


   NSTEP       ENERGY          RMS            GMAX         NAME    NUMBER
    540      -1.1194E+04     3.8662E-01     9.7605E+00     C          15

 BOND    =      841.1065  ANGLE   =        1.6901  DIHED      =        8.9320
 VDWAALS =     2090.7526  EEL     =   -14184.4780  HBOND      =        0.0000
 1-4 VDW =        3.4021  1-4 EEL =       44.6066  RESTRAINT  =        0.0437
 EAMBER  =   -11193.9881


   NSTEP       ENERGY          RMS            GMAX         NAME    NUMBER
    560      -1.1207E+04     5.5413E-01     1.8423E+01     O           6

 BOND    =      840.9862  ANGLE   =        1.3025  DIHED      =        8.8949
 VDWAALS =     2101.8945  EEL     =   -14207.8218  HBOND      =        0.0000
 1-4 VDW =        3.3601  1-4 EEL =       44.6698  RESTRAINT  =        0.0384
 EAMBER  =   -11206.7138


   NSTEP       ENERGY          RMS            GMAX         NAME    NUMBER
    580      -1.1214E+04     3.7230E-01     1.2357E+01     C          15

 BOND    =      843.8239  ANGLE   =        1.5726  DIHED      =        8.8158
 VDWAALS =     2109.7540  EEL     =   -14225.5104  HBOND      =        0.0000
 1-4 VDW =        3.2653  1-4 EEL =       44.5755  RESTRAINT  =        0.0460
 EAMBER  =   -11213.7032


   NSTEP       ENERGY          RMS            GMAX         NAME    NUMBER
    600      -1.1226E+04     6.9113E-01     1.8283E+01     CH3         2

 BOND    =      850.6448  ANGLE   =        1.8691  DIHED      =        9.1093
 VDWAALS =     2121.1945  EEL     =   -14257.2898  HBOND      =        0.0000
 1-4 VDW =        3.2622  1-4 EEL =       44.4976  RESTRAINT  =        0.2588
 EAMBER  =   -11226.7124


   NSTEP       ENERGY          RMS            GMAX         NAME    NUMBER
    620      -1.1236E+04     3.8120E-01     1.3640E+01     C          15

 BOND    =      847.4951  ANGLE   =        1.3727  DIHED      =        8.8762
 VDWAALS =     2127.6702  EEL     =   -14269.8936  HBOND      =        0.0000
 1-4 VDW =        3.3889  1-4 EEL =       44.5113  RESTRAINT  =        0.0966
 EAMBER  =   -11236.5792


   NSTEP       ENERGY          RMS            GMAX         NAME    NUMBER
    640      -1.1243E+04     3.6152E-01     1.0424E+01     H           8

 BOND    =      850.5941  ANGLE   =        1.6323  DIHED      =        9.0799
 VDWAALS =     2130.9893  EEL     =   -14283.1021  HBOND      =        0.0000
 1-4 VDW =        3.4064  1-4 EEL =       44.7063  RESTRAINT  =        0.0513
 EAMBER  =   -11242.6939


   NSTEP       ENERGY          RMS            GMAX         NAME    NUMBER
    660      -1.1255E+04     5.5882E-01     1.8356E+01     O           6

 BOND    =      850.4458  ANGLE   =        1.3172  DIHED      =        9.0361
 VDWAALS =     2141.5794  EEL     =   -14305.7772  HBOND      =        0.0000
 1-4 VDW =        3.3089  1-4 EEL =       44.7698  RESTRAINT  =        0.0498
 EAMBER  =   -11255.3199


   NSTEP       ENERGY          RMS            GMAX         NAME    NUMBER
    680      -1.1262E+04     4.5824E-01     1.7032E+01     CA          9

 BOND    =      852.6385  ANGLE   =        1.5806  DIHED      =        8.9684
 VDWAALS =     2147.0713  EEL     =   -14319.9071  HBOND      =        0.0000
 1-4 VDW =        3.2552  1-4 EEL =       44.6731  RESTRAINT  =        0.0480
 EAMBER  =   -11261.7201


   NSTEP       ENERGY          RMS            GMAX         NAME    NUMBER
    700      -1.1273E+04     6.9130E-01     1.6308E+01     CH3         2

 BOND    =      859.8678  ANGLE   =        1.9928  DIHED      =        9.3540
 VDWAALS =     2154.0785  EEL     =   -14346.9415  HBOND      =        0.0000
 1-4 VDW =        3.2037  1-4 EEL =       44.6004  RESTRAINT  =        0.3518
 EAMBER  =   -11273.8443


   NSTEP       ENERGY          RMS            GMAX         NAME    NUMBER
    720      -1.1282E+04     3.7933E-01     1.0701E+01     O           6

 BOND    =      855.4609  ANGLE   =        1.3568  DIHED      =        9.0912
 VDWAALS =     2159.3876  EEL     =   -14355.6311  HBOND      =        0.0000
 1-4 VDW =        3.3954  1-4 EEL =       44.6604  RESTRAINT  =        0.0868
 EAMBER  =   -11282.2788


   NSTEP       ENERGY          RMS            GMAX         NAME    NUMBER
    740      -1.1287E+04     3.5170E-01     9.9272E+00     N          17

 BOND    =      857.3857  ANGLE   =        1.5040  DIHED      =        9.1619
 VDWAALS =     2160.6156  EEL     =   -14363.7688  HBOND      =        0.0000
 1-4 VDW =        3.3177  1-4 EEL =       44.7991  RESTRAINT  =        0.0286
 EAMBER  =   -11286.9849


   NSTEP       ENERGY          RMS            GMAX         NAME    NUMBER
    760      -1.1297E+04     3.5324E-01     9.0014E+00     O           6

 BOND    =      857.0410  ANGLE   =        1.3245  DIHED      =        9.1892
 VDWAALS =     2167.8895  EEL     =   -14380.3151  HBOND      =        0.0000
 1-4 VDW =        3.2452  1-4 EEL =       44.8068  RESTRAINT  =        0.0411
 EAMBER  =   -11296.8190


   NSTEP       ENERGY          RMS            GMAX         NAME    NUMBER
    780      -1.1301E+04     3.7668E-01     1.2332E+01     C           5

 BOND    =      859.8416  ANGLE   =        1.2656  DIHED      =        9.2269
 VDWAALS =     2171.5013  EEL     =   -14391.2544  HBOND      =        0.0000
 1-4 VDW =        3.2739  1-4 EEL =       44.8155  RESTRAINT  =        0.0586
 EAMBER  =   -11301.3295


   NSTEP       ENERGY          RMS            GMAX         NAME    NUMBER
    800      -1.1311E+04     1.1262E+00     2.5115E+01     N          17

 BOND    =      875.8179  ANGLE   =        2.6382  DIHED      =        9.5656
 VDWAALS =     2174.0243  EEL     =   -14421.2293  HBOND      =        0.0000
 1-4 VDW =        2.8861  1-4 EEL =       45.0165  RESTRAINT  =        0.6774
 EAMBER  =   -11311.2808


   NSTEP       ENERGY          RMS            GMAX         NAME    NUMBER
    820      -1.1320E+04     2.6045E-01     5.5427E+00     H          18

 BOND    =      861.7907  ANGLE   =        1.4731  DIHED      =        9.3155
 VDWAALS =     2177.5315  EEL     =   -14418.1665  HBOND      =        0.0000
 1-4 VDW =        3.2242  1-4 EEL =       44.8969  RESTRAINT  =        0.0684
 EAMBER  =   -11319.9346


   NSTEP       ENERGY          RMS            GMAX         NAME    NUMBER
    840      -1.1323E+04     2.9296E-01     8.1032E+00     O           6

 BOND    =      864.4143  ANGLE   =        1.2816  DIHED      =        9.4633
 VDWAALS =     2176.6036  EEL     =   -14423.5277  HBOND      =        0.0000
 1-4 VDW =        3.2864  1-4 EEL =       44.9556  RESTRAINT  =        0.0508
 EAMBER  =   -11323.5229


   NSTEP       ENERGY          RMS            GMAX         NAME    NUMBER
    860      -1.1333E+04     4.0426E-01     7.5377E+00     H2       1513

 BOND    =      861.2538  ANGLE   =        1.3894  DIHED      =        9.5115
 VDWAALS =     2181.0705  EEL     =   -14434.6071  HBOND      =        0.0000
 1-4 VDW =        3.2144  1-4 EEL =       44.9827  RESTRAINT  =        0.0352
 EAMBER  =   -11333.1848


   NSTEP       ENERGY          RMS            GMAX         NAME    NUMBER
    880      -1.1338E+04     4.4450E-01     1.3237E+01     CB         11

 BOND    =      864.4885  ANGLE   =        1.3834  DIHED      =        9.4950
 VDWAALS =     2184.3254  EEL     =   -14445.6018  HBOND      =        0.0000
 1-4 VDW =        3.1703  1-4 EEL =       44.9237  RESTRAINT  =        0.0804
 EAMBER  =   -11337.8156


   NSTEP       ENERGY          RMS            GMAX         NAME    NUMBER
    900      -1.1345E+04     4.8740E-01     1.2202E+01     C          15

 BOND    =      868.9053  ANGLE   =        1.7278  DIHED      =        9.6281
 VDWAALS =     2188.2906  EEL     =   -14461.6498  HBOND      =        0.0000
 1-4 VDW =        2.9965  1-4 EEL =       45.1154  RESTRAINT  =        0.1842
 EAMBER  =   -11344.9861


   NSTEP       ENERGY          RMS            GMAX         NAME    NUMBER
    920      -1.1350E+04     1.9921E-01     5.8259E+00     N          17

 BOND    =      866.5285  ANGLE   =        1.4746  DIHED      =        9.6215
 VDWAALS =     2189.9352  EEL     =   -14465.5948  HBOND      =        0.0000
 1-4 VDW =        3.1203  1-4 EEL =       45.1044  RESTRAINT  =        0.0636
 EAMBER  =   -11349.8103


   NSTEP       ENERGY          RMS            GMAX         NAME    NUMBER
    940      -1.1353E+04     2.4977E-01     6.7695E+00     CH3         2

 BOND    =      868.5166  ANGLE   =        1.4066  DIHED      =        9.8052
 VDWAALS =     2190.2611  EEL     =   -14471.0148  HBOND      =        0.0000
 1-4 VDW =        3.2079  1-4 EEL =       44.9702  RESTRAINT  =        0.0819
 EAMBER  =   -11352.8472


   NSTEP       ENERGY          RMS            GMAX         NAME    NUMBER
    960      -1.1360E+04     4.5661E-01     1.3659E+01     C          15

 BOND    =      867.1283  ANGLE   =        1.4483  DIHED      =        9.8190
 VDWAALS =     2193.6102  EEL     =   -14480.0869  HBOND      =        0.0000
 1-4 VDW =        3.1216  1-4 EEL =       45.0954  RESTRAINT  =        0.0515
 EAMBER  =   -11359.8642


   NSTEP       ENERGY          RMS            GMAX         NAME    NUMBER
    980      -1.1363E+04     5.1318E-01     1.5572E+01     N           7

 BOND    =      869.0645  ANGLE   =        1.4113  DIHED      =        9.7681
 VDWAALS =     2196.8716  EEL     =   -14488.4115  HBOND      =        0.0000
 1-4 VDW =        3.0574  1-4 EEL =       45.1294  RESTRAINT  =        0.0879
 EAMBER  =   -11363.1093


   NSTEP       ENERGY          RMS            GMAX         NAME    NUMBER
   1000      -1.1367E+04     3.0336E-01     6.5414E+00     C          15

 BOND    =      871.1807  ANGLE   =        1.4384  DIHED      =        9.8545
 VDWAALS =     2199.4475  EEL     =   -14497.5527  HBOND      =        0.0000
 1-4 VDW =        2.9540  1-4 EEL =       45.1848  RESTRAINT  =        0.1801
 EAMBER  =   -11367.4929


  Maximum number of minimization cycles reached.


                    FINAL RESULTS



   NSTEP       ENERGY          RMS            GMAX         NAME    NUMBER
   1000      -1.1367E+04     3.0336E-01     6.5414E+00     C          15

 BOND    =      871.1807  ANGLE   =        1.4384  DIHED      =        9.8545
 VDWAALS =     2199.4475  EEL     =   -14497.5527  HBOND      =        0.0000
 1-4 VDW =        2.9540  1-4 EEL =       45.1848  RESTRAINT  =        0.1801
 EAMBER  =   -11367.4929

--------------------------------------------------------------------------------
   5.  TIMINGS
--------------------------------------------------------------------------------

|                Build the list             0.07 (56.70% of List )
|                Other                      0.06 (43.30% of List )
|             List time                  0.13 ( 1.19% of Nonbo)
|                   Short_ene time             7.20 (96.74% of Direc)
|                   Other                      0.24 ( 3.26% of Direc)
|                Direct Ewald time          7.44 (70.06% of Ewald)
|                Adjust Ewald time          0.06 ( 0.55% of Ewald)
|                Self Ewald time            0.00 ( 0.02% of Ewald)
|                   Fill Bspline coeffs        0.16 ( 6.12% of Recip)
|                   Fill charge grid           0.14 ( 5.16% of Recip)
|                   Scalar sum                 0.64 (24.05% of Recip)
|                   Grad sum                   0.30 (11.10% of Recip)
|                      FFT back comm time         0.28 (20.54% of FFT t)
|                      Other                      1.10 (79.46% of FFT t)
|                   FFT time                   1.38 (51.82% of Recip)
|                   Other                      0.05 ( 1.74% of Recip)
|                Recip Ewald time           2.66 (25.08% of Ewald)
|                Force Adjust               0.40 ( 3.75% of Ewald)
|                Virial junk                0.05 ( 0.48% of Ewald)
|                Start synchronizatio       0.00 ( 0.01% of Ewald)
|                Other                      0.01 ( 0.05% of Ewald)
|             Ewald time                10.62 (98.80% of Nonbo)
|             Other                      0.00 ( 0.01% of Nonbo)
|          Nonbond force             10.75 (90.05% of Force)
|          Bond/Angle/Dihedral        0.03 ( 0.27% of Force)
|          FRC Collect time           0.22 ( 1.88% of Force)
|          Other                      0.93 ( 7.80% of Force)
|       Force time                11.93 (100.0% of Runmd)
|    Runmd Time                11.93 ( 6.06% of Total)
|    Other                    185.01 (93.94% of Total)
| Total time               196.95 (100.0% of ALL  )

| Highest rstack allocated:      39127
| Highest istack allocated:        827
|           Job began  at 14:43:09.560  on 03/14/2017
|           Setup done at 14:43:09.662  on 03/14/2017
|           Run   done at 14:46:26.508  on 03/14/2017
|     wallclock() was called   44068 times
