
          -------------------------------------------------------
          Amber 16 SANDER                              2016
          -------------------------------------------------------

| Run on 03/14/2017 at 14:40:05

|   Executable path: sander.MPI
| Working directory: /home/steboss/projects/mdgx-tests/alanine/IPOLQ/input/PhiPsi_1/255/135
|          Hostname: node005

  [-O]verwriting output

File Assignments:
|  MDIN: min.in                                                                
| MDOUT: Conf135.min.out                                                       
|INPCRD: Conf135.crd                                                           
|  PARM: Conf135.top                                                           
|RESTRT: Conf135.min                                                           
|  REFC: Conf135.crd                                                           
| MDVEL: mdvel                                                                 
| MDFRC: mdfrc                                                                 
|  MDEN: mden                                                                  
| MDCRD: mdcrd                                                                 
|MDINFO: mdinfo                                                                
|  MTMD: mtmd                                                                  
|INPDIP: inpdip                                                                
|RSTDIP: rstdip                                                                
|INPTRA: inptraj                                                               

|    REMLOG: rem.log
|   REMTYPE: rem.type
|  REMSTRIP: 
|   SAVEENE: saveene
|CLUSTERINF: cluster.info
| RESERVOIR: reserv/frame
|   REMDDIM: 


 Here is the input file:

Initial minimization                                                           
 &cntrl                                                                        
  ntx    = 1,       irest  = 0,       ntrx   = 1,      ntxo   = 1,             
  ntpr   = 20,      ntwx   = 0,       ntwv   = 0,      ntwe   = 0,             
                                                                               
  ntf    = 1,       ntb    = 1,                                                
  ntc    = 1,       ntr    = 1,                                                
  restraintmask = ':1',                                                        
  restraint_wt = 100.0,                                                        
  cut    = 9.0,                                                                
                                                                               
  imin   = 1,                                                                  
  maxcyc = 1000,                                                               
  ncyc   = 100,                                                                
                                                                               
 &end                                                                          

--------------------------------------------------------------------------------
   1.  RESOURCE   USE: 
--------------------------------------------------------------------------------

| Flags: MPI                                                                    
 getting new box info from bottom of inpcrd
|  INFO: Old style inpcrd file read

| peek_ewald_inpcrd: Box info found
|Largest sphere to fit in unit cell has radius =    14.669
| New format PARM file being parsed.
| Version =    1.000 Date = 03/14/17 Time = 13:39:14
 NATOM  =    2947 NTYPES =       9 NBONH =    2937 MBONA  =       9
 NTHETH =      25 MTHETA =      11 NPHIH =      43 MPHIA  =      24
 NHPARM =       0 NPARM  =       0 NNB   =    3999 NRES   =     978
 NBONA  =       9 NTHETA =      11 NPHIA =      24 NUMBND =      10
 NUMANG =      16 NPTRA  =      19 NATYP =       9 NPHB   =       1
 IFBOX  =       2 NMXRS  =      10 IFCAP =       0 NEXTRA =       0
 NCOPY  =       0


|     Memory Use     Allocated
|     Real              337479
|     Hollerith           9821
|     Integer            90180
|     Max Pairs         326870
|     nblistReal         35364
|     nblist Int         99102
|       Total             4967 kbytes

| Note: 1-4 EEL scale factors are being read from the topology file.

| Note: 1-4 VDW scale factors are being read from the topology file.
| Duplicated    0 dihedrals
| Duplicated    0 dihedrals

     BOX TYPE: TRUNCATED OCTAHEDRON

--------------------------------------------------------------------------------
   2.  CONTROL  DATA  FOR  THE  RUN
--------------------------------------------------------------------------------

default_name                                                                    

General flags:
     imin    =       1, nmropt  =       0

Nature and format of input:
     ntx     =       1, irest   =       0, ntrx    =       1

Nature and format of output:
     ntxo    =       1, ntpr    =      20, ntrx    =       1, ntwr    =       1
     iwrap   =       0, ntwx    =       0, ntwv    =       0, ntwe    =       0
     ioutfm  =       1, ntwprt  =       0, idecomp =       0, rbornstat=      0

Potential function:
     ntf     =       1, ntb     =       1, igb     =       0, nsnb    =      25
     ipol    =       0, gbsa    =       0, iesp    =       0
     dielc   =   1.00000, cut     =   9.00000, intdiel =   1.00000

Frozen or restrained atoms:
     ibelly  =       0, ntr     =       1
     restraint_wt = 100.00000

Energy minimization:
     maxcyc  =    1000, ncyc    =     100, ntmin   =       1
     dx0     =   0.01000, drms    =   0.00010

Ewald parameters:
     verbose =       0, ew_type =       0, nbflag  =       1, use_pme =       1
     vdwmeth =       1, eedmeth =       1, netfrc  =       0
     Box X =   35.932   Box Y =   35.932   Box Z =   35.932
     Alpha =  109.471   Beta  =  109.471   Gamma =  109.471
     NFFT1 =   36       NFFT2 =   36       NFFT3 =   36
     Cutoff=    9.000   Tol   =0.100E-04
     Ewald Coefficient =  0.30768
     Interpolation order =    4

| MPI Timing options:
|      profile_mpi =        0

    LOADING THE CONSTRAINED ATOMS AS GROUPS


   5.  REFERENCE ATOM COORDINATES

  defa
     Mask :1; matches     6 atoms

--------------------------------------------------------------------------------
   3.  ATOMIC COORDINATES AND VELOCITIES
--------------------------------------------------------------------------------

default_name                                                                    
 begin time read from input coords =     0.000 ps

 Number of triangulated 3-point waters found:      975
|  Atom division among processors:
|         0     370     736    1105    1474    1840    2209    2578
|      2947

     Sum of charges from parm topology file =  -0.00000000
     Forcing neutrality...
|  Running AMBER/MPI version on    8 nodes


--------------------------------------------------------------------------------
   4.  RESULTS
--------------------------------------------------------------------------------

 ---------------------------------------------------
 APPROXIMATING switch and d/dx switch using CUBIC SPLINE INTERPOLATION
 using   5000.0 points per unit in tabled values
 TESTING RELATIVE ERROR over r ranging from 0.0 to cutoff
| CHECK switch(x): max rel err =   0.2738E-14   at   2.422500
| CHECK d/dx switch(x): max rel err =   0.8314E-11   at   2.736960
 ---------------------------------------------------
| Local SIZE OF NONBOND LIST =      85837
| TOTAL SIZE OF NONBOND LIST =     677913


   NSTEP       ENERGY          RMS            GMAX         NAME    NUMBER
      1      -8.2409E+03     1.2157E+01     6.1599E+01     O         305

 BOND    =        0.3713  ANGLE   =        0.5801  DIHED      =        9.9628
 VDWAALS =      905.9307  EEL     =    -9207.5477  HBOND      =        0.0000
 1-4 VDW =        2.5800  1-4 EEL =       47.2575  RESTRAINT  =        0.0000


   NSTEP       ENERGY          RMS            GMAX         NAME    NUMBER
     20      -9.0925E+03     2.6787E+00     1.9794E+01     O         389

 BOND    =      476.8275  ANGLE   =        0.5777  DIHED      =        9.9280
 VDWAALS =      856.9488  EEL     =   -10486.4880  HBOND      =        0.0000
 1-4 VDW =        2.5517  1-4 EEL =       47.1912  RESTRAINT  =        0.0064
 EAMBER  =    -9092.4631


   NSTEP       ENERGY          RMS            GMAX         NAME    NUMBER
     40      -9.7234E+03     1.5887E+00     7.2604E+00     H1       2448

 BOND    =      524.0050  ANGLE   =        0.6208  DIHED      =        9.8820
 VDWAALS =      897.5590  EEL     =   -11205.0609  HBOND      =        0.0000
 1-4 VDW =        2.5360  1-4 EEL =       47.0609  RESTRAINT  =        0.0135
 EAMBER  =    -9723.3971


   NSTEP       ENERGY          RMS            GMAX         NAME    NUMBER
     60      -9.9637E+03     3.3361E+00     1.0500E+01     H2       1384

 BOND    =      499.2635  ANGLE   =        0.6524  DIHED      =        9.8586
 VDWAALS =      932.9249  EEL     =   -11455.8915  HBOND      =        0.0000
 1-4 VDW =        2.5265  1-4 EEL =       46.9977  RESTRAINT  =        0.0165
 EAMBER  =    -9963.6679


   NSTEP       ENERGY          RMS            GMAX         NAME    NUMBER
     80      -1.0116E+04     3.9164E+00     1.3115E+01     H2       1009

 BOND    =      505.7916  ANGLE   =        0.6756  DIHED      =        9.8421
 VDWAALS =      966.9023  EEL     =   -11648.3077  HBOND      =        0.0000
 1-4 VDW =        2.5197  1-4 EEL =       46.9617  RESTRAINT  =        0.0191
 EAMBER  =   -10115.6147


   NSTEP       ENERGY          RMS            GMAX         NAME    NUMBER
    100      -1.0251E+04     9.3047E-01     4.3645E+00     O        2897

 BOND    =      600.1878  ANGLE   =        0.6909  DIHED      =        9.8293
 VDWAALS =     1000.1035  EEL     =   -11911.6762  HBOND      =        0.0000
 1-4 VDW =        2.5150  1-4 EEL =       46.9417  RESTRAINT  =        0.0213
 EAMBER  =   -10251.4080


   NSTEP       ENERGY          RMS            GMAX         NAME    NUMBER
    120      -1.0721E+04     6.4275E+00     9.7854E+01     H2       2341

 BOND    =      730.0553  ANGLE   =        0.8059  DIHED      =        9.7650
 VDWAALS =     1447.1632  EEL     =   -12958.5129  HBOND      =        0.0000
 1-4 VDW =        2.4802  1-4 EEL =       46.8946  RESTRAINT  =        0.0458
 EAMBER  =   -10721.3488


   NSTEP       ENERGY          RMS            GMAX         NAME    NUMBER
    140      -1.0919E+04     1.7217E+00     2.3925E+01     H1       1176

 BOND    =      720.2877  ANGLE   =        0.8206  DIHED      =        9.7939
 VDWAALS =     1439.8819  EEL     =   -13139.8491  HBOND      =        0.0000
 1-4 VDW =        2.4987  1-4 EEL =       47.0232  RESTRAINT  =        0.0434
 EAMBER  =   -10919.5431


   NSTEP       ENERGY          RMS            GMAX         NAME    NUMBER
    160      -1.1027E+04     1.8101E+00     2.3756E+01     O         518

 BOND    =      722.7254  ANGLE   =        0.9067  DIHED      =        9.8284
 VDWAALS =     1454.8949  EEL     =   -13265.2378  HBOND      =        0.0000
 1-4 VDW =        2.4941  1-4 EEL =       47.1222  RESTRAINT  =        0.0438
 EAMBER  =   -11027.2660


   NSTEP       ENERGY          RMS            GMAX         NAME    NUMBER
    180      -1.1130E+04     1.0051E+00     2.6020E+01     O          16

 BOND    =      751.2324  ANGLE   =        2.9899  DIHED      =        9.8484
 VDWAALS =     1599.1027  EEL     =   -13542.6185  HBOND      =        0.0000
 1-4 VDW =        2.6966  1-4 EEL =       46.9763  RESTRAINT  =        0.0552
 EAMBER  =   -11129.7722


   NSTEP       ENERGY          RMS            GMAX         NAME    NUMBER
    200      -1.1219E+04     1.3734E+00     4.0534E+01     CB         11

 BOND    =      772.6888  ANGLE   =        3.4837  DIHED      =        9.9393
 VDWAALS =     1615.9256  EEL     =   -13669.8352  HBOND      =        0.0000
 1-4 VDW =        2.3261  1-4 EEL =       45.9274  RESTRAINT  =        0.3209
 EAMBER  =   -11219.5443


   NSTEP       ENERGY          RMS            GMAX         NAME    NUMBER
    220      -1.1272E+04     1.1920E+00     2.6280E+01     CH3         2

 BOND    =      769.7753  ANGLE   =        1.7385  DIHED      =        9.8600
 VDWAALS =     1657.6328  EEL     =   -13760.4000  HBOND      =        0.0000
 1-4 VDW =        2.4157  1-4 EEL =       46.5094  RESTRAINT  =        0.1828
 EAMBER  =   -11272.4684


   NSTEP       ENERGY          RMS            GMAX         NAME    NUMBER
    240      -1.1323E+04     8.0851E-01     2.0306E+01     CB         11

 BOND    =      786.4306  ANGLE   =        1.5144  DIHED      =        9.8118
 VDWAALS =     1691.8757  EEL     =   -13863.0864  HBOND      =        0.0000
 1-4 VDW =        2.4190  1-4 EEL =       47.5275  RESTRAINT  =        0.1842
 EAMBER  =   -11323.5075


   NSTEP       ENERGY          RMS            GMAX         NAME    NUMBER
    260      -1.1378E+04     9.9711E-01     3.7093E+01     C          15

 BOND    =      793.8530  ANGLE   =        2.1243  DIHED      =        9.9001
 VDWAALS =     1737.3630  EEL     =   -13970.6338  HBOND      =        0.0000
 1-4 VDW =        2.6313  1-4 EEL =       47.0934  RESTRAINT  =        0.0897
 EAMBER  =   -11377.6689


   NSTEP       ENERGY          RMS            GMAX         NAME    NUMBER
    280      -1.1417E+04     6.7664E-01     1.9623E+01     CB         11

 BOND    =      802.5352  ANGLE   =        1.4855  DIHED      =        9.9957
 VDWAALS =     1774.7096  EEL     =   -14055.5816  HBOND      =        0.0000
 1-4 VDW =        2.6123  1-4 EEL =       46.8794  RESTRAINT  =        0.2351
 EAMBER  =   -11417.3639


   NSTEP       ENERGY          RMS            GMAX         NAME    NUMBER
    300      -1.1478E+04     1.4266E+00     3.8244E+01     CB         11

 BOND    =      835.3748  ANGLE   =        1.6181  DIHED      =       10.1051
 VDWAALS =     1847.8166  EEL     =   -14221.7206  HBOND      =        0.0000
 1-4 VDW =        2.5725  1-4 EEL =       46.3154  RESTRAINT  =        0.4003
 EAMBER  =   -11477.9179


   NSTEP       ENERGY          RMS            GMAX         NAME    NUMBER
    320      -1.1519E+04     5.3343E-01     1.4593E+01     H          18

 BOND    =      819.8042  ANGLE   =        0.7337  DIHED      =        9.9374
 VDWAALS =     1859.6655  EEL     =   -14258.9440  HBOND      =        0.0000
 1-4 VDW =        2.4241  1-4 EEL =       46.9821  RESTRAINT  =        0.0693
 EAMBER  =   -11519.3970


   NSTEP       ENERGY          RMS            GMAX         NAME    NUMBER
    340      -1.1540E+04     9.9626E-01     2.6769E+01     C          15

 BOND    =      832.9921  ANGLE   =        1.9598  DIHED      =        9.9454
 VDWAALS =     1872.3106  EEL     =   -14307.6059  HBOND      =        0.0000
 1-4 VDW =        2.5937  1-4 EEL =       47.4514  RESTRAINT  =        0.2919
 EAMBER  =   -11540.3529


   NSTEP       ENERGY          RMS            GMAX         NAME    NUMBER
    360      -1.1575E+04     8.3766E-01     2.2006E+01     C          15

 BOND    =      824.9827  ANGLE   =        1.0757  DIHED      =        9.8673
 VDWAALS =     1898.2613  EEL     =   -14359.0781  HBOND      =        0.0000
 1-4 VDW =        2.5141  1-4 EEL =       47.5538  RESTRAINT  =        0.1707
 EAMBER  =   -11574.8232


   NSTEP       ENERGY          RMS            GMAX         NAME    NUMBER
    380      -1.1600E+04     6.3453E-01     1.5745E+01     N          17

 BOND    =      840.8613  ANGLE   =        1.9893  DIHED      =        9.9123
 VDWAALS =     1923.5875  EEL     =   -14425.9508  HBOND      =        0.0000
 1-4 VDW =        2.6699  1-4 EEL =       47.1499  RESTRAINT  =        0.1900
 EAMBER  =   -11599.7805


   NSTEP       ENERGY          RMS            GMAX         NAME    NUMBER
    400      -1.1627E+04     8.1987E-01     1.8502E+01     CB         11

 BOND    =      849.7654  ANGLE   =        1.1297  DIHED      =        9.8752
 VDWAALS =     1945.4042  EEL     =   -14482.7251  HBOND      =        0.0000
 1-4 VDW =        2.5320  1-4 EEL =       47.1538  RESTRAINT  =        0.1164
 EAMBER  =   -11626.8648


   NSTEP       ENERGY          RMS            GMAX         NAME    NUMBER
    420      -1.1646E+04     5.2856E-01     1.4496E+01     C          15

 BOND    =      847.6206  ANGLE   =        0.8574  DIHED      =        9.8497
 VDWAALS =     1960.4194  EEL     =   -14514.4968  HBOND      =        0.0000
 1-4 VDW =        2.5354  1-4 EEL =       47.0203  RESTRAINT  =        0.1264
 EAMBER  =   -11646.1941


   NSTEP       ENERGY          RMS            GMAX         NAME    NUMBER
    440      -1.1669E+04     4.8669E-01     1.2126E+01     O          16

 BOND    =      849.0700  ANGLE   =        1.0005  DIHED      =        9.9369
 VDWAALS =     1978.9015  EEL     =   -14557.4884  HBOND      =        0.0000
 1-4 VDW =        2.6893  1-4 EEL =       46.8923  RESTRAINT  =        0.1550
 EAMBER  =   -11668.9978


   NSTEP       ENERGY          RMS            GMAX         NAME    NUMBER
    460      -1.1684E+04     6.8767E-01     1.5842E+01     C          15

 BOND    =      854.3167  ANGLE   =        1.1336  DIHED      =        9.9423
 VDWAALS =     1993.1727  EEL     =   -14592.5340  HBOND      =        0.0000
 1-4 VDW =        2.5948  1-4 EEL =       46.8703  RESTRAINT  =        0.1737
 EAMBER  =   -11684.5036


   NSTEP       ENERGY          RMS            GMAX         NAME    NUMBER
    480      -1.1707E+04     8.7546E-01     2.2481E+01     C          15

 BOND    =      862.3900  ANGLE   =        3.6441  DIHED      =        9.9763
 VDWAALS =     2029.9435  EEL     =   -14663.1194  HBOND      =        0.0000
 1-4 VDW =        2.5930  1-4 EEL =       47.5168  RESTRAINT  =        0.2017
 EAMBER  =   -11707.0558


   NSTEP       ENERGY          RMS            GMAX         NAME    NUMBER
    500      -1.1727E+04     4.9998E-01     1.0828E+01     C          15

 BOND    =      862.0884  ANGLE   =        1.0237  DIHED      =        9.8695
 VDWAALS =     2036.9702  EEL     =   -14686.4464  HBOND      =        0.0000
 1-4 VDW =        2.5014  1-4 EEL =       47.1901  RESTRAINT  =        0.0683
 EAMBER  =   -11726.8032


   NSTEP       ENERGY          RMS            GMAX         NAME    NUMBER
    520      -1.1739E+04     5.1773E-01     1.4162E+01     C           5

 BOND    =      867.6678  ANGLE   =        0.7587  DIHED      =        9.9245
 VDWAALS =     2052.1809  EEL     =   -14718.9742  HBOND      =        0.0000
 1-4 VDW =        2.5526  1-4 EEL =       46.9432  RESTRAINT  =        0.1442
 EAMBER  =   -11738.9466


   NSTEP       ENERGY          RMS            GMAX         NAME    NUMBER
    540      -1.1757E+04     6.0588E-01     2.3242E+01     C           5

 BOND    =      867.6084  ANGLE   =        1.2236  DIHED      =        9.8822
 VDWAALS =     2064.8930  EEL     =   -14750.9013  HBOND      =        0.0000
 1-4 VDW =        2.6980  1-4 EEL =       46.9404  RESTRAINT  =        0.2730
 EAMBER  =   -11757.6556


   NSTEP       ENERGY          RMS            GMAX         NAME    NUMBER
    560      -1.1766E+04     4.3947E-01     1.2795E+01     C          15

 BOND    =      872.1648  ANGLE   =        1.0839  DIHED      =        9.9096
 VDWAALS =     2071.8064  EEL     =   -14770.3354  HBOND      =        0.0000
 1-4 VDW =        2.6196  1-4 EEL =       47.1334  RESTRAINT  =        0.0938
 EAMBER  =   -11765.6177


   NSTEP       ENERGY          RMS            GMAX         NAME    NUMBER
    580      -1.1779E+04     4.3237E-01     1.0009E+01     HH31       20

 BOND    =      874.2405  ANGLE   =        1.6896  DIHED      =        9.8019
 VDWAALS =     2093.6778  EEL     =   -14808.8610  HBOND      =        0.0000
 1-4 VDW =        2.5335  1-4 EEL =       47.4247  RESTRAINT  =        0.0390
 EAMBER  =   -11779.4930


   NSTEP       ENERGY          RMS            GMAX         NAME    NUMBER
    600      -1.1790E+04     3.3018E-01     6.9239E+00     C          15

 BOND    =      875.6730  ANGLE   =        0.8112  DIHED      =        9.7802
 VDWAALS =     2098.7811  EEL     =   -14825.2828  HBOND      =        0.0000
 1-4 VDW =        2.4876  1-4 EEL =       47.2656  RESTRAINT  =        0.0413
 EAMBER  =   -11790.4841


   NSTEP       ENERGY          RMS            GMAX         NAME    NUMBER
    620      -1.1798E+04     4.4910E-01     9.2234E+00     O          16

 BOND    =      880.4973  ANGLE   =        0.6763  DIHED      =        9.8046
 VDWAALS =     2109.5828  EEL     =   -14848.5659  HBOND      =        0.0000
 1-4 VDW =        2.4890  1-4 EEL =       47.1934  RESTRAINT  =        0.0454
 EAMBER  =   -11798.3224


   NSTEP       ENERGY          RMS            GMAX         NAME    NUMBER
    640      -1.1810E+04     5.0854E-01     1.1586E+01     O          16

 BOND    =      879.7677  ANGLE   =        0.9406  DIHED      =        9.8863
 VDWAALS =     2117.5965  EEL     =   -14868.3789  HBOND      =        0.0000
 1-4 VDW =        2.6865  1-4 EEL =       46.9241  RESTRAINT  =        0.1175
 EAMBER  =   -11810.5772


   NSTEP       ENERGY          RMS            GMAX         NAME    NUMBER
    660      -1.1816E+04     3.6003E-01     1.0942E+01     C          15

 BOND    =      883.4961  ANGLE   =        0.9217  DIHED      =        9.8473
 VDWAALS =     2122.2486  EEL     =   -14882.5522  HBOND      =        0.0000
 1-4 VDW =        2.5992  1-4 EEL =       46.9894  RESTRAINT  =        0.1090
 EAMBER  =   -11816.4499


   NSTEP       ENERGY          RMS            GMAX         NAME    NUMBER
    680      -1.1834E+04     7.7651E-01     2.2578E+01     C          15

 BOND    =      885.9626  ANGLE   =        2.1334  DIHED      =       10.4986
 VDWAALS =     2145.1181  EEL     =   -14927.6371  HBOND      =        0.0000
 1-4 VDW =        2.5996  1-4 EEL =       47.1961  RESTRAINT  =        0.1248
 EAMBER  =   -11834.1287


   NSTEP       ENERGY          RMS            GMAX         NAME    NUMBER
    700      -1.1846E+04     2.7561E-01     6.0992E+00     CH3        19

 BOND    =      884.8221  ANGLE   =        0.8577  DIHED      =        9.7280
 VDWAALS =     2146.8311  EEL     =   -14937.8417  HBOND      =        0.0000
 1-4 VDW =        2.4821  1-4 EEL =       47.2056  RESTRAINT  =        0.0604
 EAMBER  =   -11845.9151


   NSTEP       ENERGY          RMS            GMAX         NAME    NUMBER
    720      -1.1853E+04     4.7443E-01     1.2304E+01     C          15

 BOND    =      892.4524  ANGLE   =        0.7901  DIHED      =        9.7010
 VDWAALS =     2154.6348  EEL     =   -14960.2649  HBOND      =        0.0000
 1-4 VDW =        2.5523  1-4 EEL =       47.1607  RESTRAINT  =        0.1045
 EAMBER  =   -11852.9736


   NSTEP       ENERGY          RMS            GMAX         NAME    NUMBER
    740      -1.1867E+04     7.7644E-01     2.4436E+01     C           5

 BOND    =      891.1663  ANGLE   =        0.8477  DIHED      =        9.7531
 VDWAALS =     2160.6016  EEL     =   -14979.2601  HBOND      =        0.0000
 1-4 VDW =        2.5859  1-4 EEL =       46.7556  RESTRAINT  =        0.1050
 EAMBER  =   -11867.5499


   NSTEP       ENERGY          RMS            GMAX         NAME    NUMBER
    760      -1.1872E+04     2.5446E-01     7.0038E+00     H          18

 BOND    =      892.2147  ANGLE   =        0.7097  DIHED      =        9.7398
 VDWAALS =     2163.2372  EEL     =   -14987.1374  HBOND      =        0.0000
 1-4 VDW =        2.5670  1-4 EEL =       46.9031  RESTRAINT  =        0.0651
 EAMBER  =   -11871.7659


   NSTEP       ENERGY          RMS            GMAX         NAME    NUMBER
    780      -1.1881E+04     3.4350E-01     1.1797E+01     C          15

 BOND    =      893.8259  ANGLE   =        0.7036  DIHED      =        9.6753
 VDWAALS =     2177.2746  EEL     =   -15012.2188  HBOND      =        0.0000
 1-4 VDW =        2.4806  1-4 EEL =       46.9976  RESTRAINT  =        0.0488
 EAMBER  =   -11881.2612


   NSTEP       ENERGY          RMS            GMAX         NAME    NUMBER
    800      -1.1888E+04     3.2187E-01     7.4784E+00     H          18

 BOND    =      893.7190  ANGLE   =        0.9428  DIHED      =        9.6774
 VDWAALS =     2178.1695  EEL     =   -15020.5635  HBOND      =        0.0000
 1-4 VDW =        2.4888  1-4 EEL =       47.0951  RESTRAINT  =        0.0382
 EAMBER  =   -11888.4709


   NSTEP       ENERGY          RMS            GMAX         NAME    NUMBER
    820      -1.1894E+04     5.3275E-01     1.6549E+01     C          15

 BOND    =      898.7345  ANGLE   =        1.0260  DIHED      =        9.7003
 VDWAALS =     2186.0711  EEL     =   -15039.1348  HBOND      =        0.0000
 1-4 VDW =        2.6149  1-4 EEL =       46.9828  RESTRAINT  =        0.0424
 EAMBER  =   -11894.0052


   NSTEP       ENERGY          RMS            GMAX         NAME    NUMBER
    840      -1.1904E+04     4.1333E-01     1.1866E+01     C           5

 BOND    =      896.1526  ANGLE   =        0.6810  DIHED      =        9.6484
 VDWAALS =     2191.0629  EEL     =   -15051.1151  HBOND      =        0.0000
 1-4 VDW =        2.6189  1-4 EEL =       46.7574  RESTRAINT  =        0.0590
 EAMBER  =   -11904.1940


   NSTEP       ENERGY          RMS            GMAX         NAME    NUMBER
    860      -1.1907E+04     2.3125E-01     6.0530E+00     N           7

 BOND    =      898.9393  ANGLE   =        0.6552  DIHED      =        9.6428
 VDWAALS =     2193.5361  EEL     =   -15059.5780  HBOND      =        0.0000
 1-4 VDW =        2.5660  1-4 EEL =       46.8332  RESTRAINT  =        0.0489
 EAMBER  =   -11907.4055


   NSTEP       ENERGY          RMS            GMAX         NAME    NUMBER
    880      -1.1917E+04     3.2532E-01     9.7922E+00     C          15

 BOND    =      899.7655  ANGLE   =        0.7450  DIHED      =        9.5782
 VDWAALS =     2206.4778  EEL     =   -15082.5141  HBOND      =        0.0000
 1-4 VDW =        2.4761  1-4 EEL =       46.9304  RESTRAINT  =        0.0354
 EAMBER  =   -11916.5412


   NSTEP       ENERGY          RMS            GMAX         NAME    NUMBER
    900      -1.1923E+04     2.9799E-01     6.7909E+00     N           7

 BOND    =      899.5108  ANGLE   =        0.9142  DIHED      =        9.5922
 VDWAALS =     2207.5121  EEL     =   -15090.4663  HBOND      =        0.0000
 1-4 VDW =        2.4881  1-4 EEL =       47.0267  RESTRAINT  =        0.0248
 EAMBER  =   -11923.4223


   NSTEP       ENERGY          RMS            GMAX         NAME    NUMBER
    920      -1.1929E+04     5.8152E-01     1.5942E+01     C          15

 BOND    =      905.2975  ANGLE   =        0.9621  DIHED      =        9.5825
 VDWAALS =     2215.9235  EEL     =   -15110.3985  HBOND      =        0.0000
 1-4 VDW =        2.5733  1-4 EEL =       46.8419  RESTRAINT  =        0.0361
 EAMBER  =   -11929.2177


   NSTEP       ENERGY          RMS            GMAX         NAME    NUMBER
    940      -1.1939E+04     4.5349E-01     1.8309E+01     C          15

 BOND    =      901.9345  ANGLE   =        0.5646  DIHED      =        9.5732
 VDWAALS =     2220.3970  EEL     =   -15120.7800  HBOND      =        0.0000
 1-4 VDW =        2.6335  1-4 EEL =       46.6077  RESTRAINT  =        0.0438
 EAMBER  =   -11939.0694


   NSTEP       ENERGY          RMS            GMAX         NAME    NUMBER
    960      -1.1942E+04     2.4499E-01     7.3197E+00     CB         11

 BOND    =      904.7927  ANGLE   =        0.6276  DIHED      =        9.5608
 VDWAALS =     2222.6657  EEL     =   -15128.8336  HBOND      =        0.0000
 1-4 VDW =        2.5935  1-4 EEL =       46.6914  RESTRAINT  =        0.0386
 EAMBER  =   -11941.9019


   NSTEP       ENERGY          RMS            GMAX         NAME    NUMBER
    980      -1.1951E+04     2.9818E-01     5.4900E+00     C           5

 BOND    =      906.2608  ANGLE   =        0.7752  DIHED      =        9.4875
 VDWAALS =     2234.6028  EEL     =   -15151.1762  HBOND      =        0.0000
 1-4 VDW =        2.4667  1-4 EEL =       46.8204  RESTRAINT  =        0.0273
 EAMBER  =   -11950.7628


   NSTEP       ENERGY          RMS            GMAX         NAME    NUMBER
   1000      -1.1957E+04     2.8633E-01     9.5689E+00     N          17

 BOND    =      906.4194  ANGLE   =        0.9350  DIHED      =        9.5101
 VDWAALS =     2234.9328  EEL     =   -15158.2924  HBOND      =        0.0000
 1-4 VDW =        2.5141  1-4 EEL =       46.9151  RESTRAINT  =        0.0196
 EAMBER  =   -11957.0659


  Maximum number of minimization cycles reached.


                    FINAL RESULTS



   NSTEP       ENERGY          RMS            GMAX         NAME    NUMBER
   1000      -1.1957E+04     2.8633E-01     9.5689E+00     N          17

 BOND    =      906.4194  ANGLE   =        0.9350  DIHED      =        9.5101
 VDWAALS =     2234.9328  EEL     =   -15158.2924  HBOND      =        0.0000
 1-4 VDW =        2.5141  1-4 EEL =       46.9151  RESTRAINT  =        0.0196
 EAMBER  =   -11957.0659

--------------------------------------------------------------------------------
   5.  TIMINGS
--------------------------------------------------------------------------------

|                Build the list             0.06 (52.44% of List )
|                Other                      0.06 (47.56% of List )
|             List time                  0.12 ( 1.16% of Nonbo)
|                   Short_ene time             6.40 (96.51% of Direc)
|                   Other                      0.23 ( 3.49% of Direc)
|                Direct Ewald time          6.63 (65.41% of Ewald)
|                Adjust Ewald time          0.05 ( 0.45% of Ewald)
|                Self Ewald time            0.00 ( 0.02% of Ewald)
|                   Fill Bspline coeffs        0.18 ( 7.19% of Recip)
|                   Fill charge grid           0.14 ( 5.71% of Recip)
|                   Scalar sum                 0.59 (24.05% of Recip)
|                   Grad sum                   0.30 (12.32% of Recip)
|                      FFT back comm time         0.24 (19.78% of FFT t)
|                      Other                      0.96 (80.22% of FFT t)
|                   FFT time                   1.19 (48.32% of Recip)
|                   Other                      0.06 ( 2.41% of Recip)
|                Recip Ewald time           2.47 (24.37% of Ewald)
|                Force Adjust               0.92 ( 9.07% of Ewald)
|                Virial junk                0.06 ( 0.62% of Ewald)
|                Start synchronizatio       0.00 ( 0.01% of Ewald)
|                Other                      0.01 ( 0.06% of Ewald)
|             Ewald time                10.14 (98.83% of Nonbo)
|             Other                      0.00 ( 0.01% of Nonbo)
|          Nonbond force             10.26 (92.88% of Force)
|          Bond/Angle/Dihedral        0.03 ( 0.30% of Force)
|          FRC Collect time           0.20 ( 1.83% of Force)
|          Other                      0.55 ( 4.99% of Force)
|       Force time                11.05 (100.0% of Runmd)
|    Runmd Time                11.05 ( 5.40% of Total)
|    Other                    193.72 (94.60% of Total)
| Total time               204.77 (100.0% of ALL  )

| Highest rstack allocated:      40369
| Highest istack allocated:        873
|           Job began  at 14:40:05.684  on 03/14/2017
|           Setup done at 14:40:05.822  on 03/14/2017
|           Run   done at 14:43:30.456  on 03/14/2017
|     wallclock() was called   44068 times
