
          -------------------------------------------------------
          Amber 16 SANDER                              2016
          -------------------------------------------------------

| Run on 03/14/2017 at 15:08:29

|   Executable path: sander.MPI
| Working directory: /home/steboss/projects/mdgx-tests/alanine/IPOLQ/input/PhiPsi_1/300/345
|          Hostname: node005

  [-O]verwriting output

File Assignments:
|  MDIN: equil.in                                                              
| MDOUT: Conf345.eq.out                                                        
|INPCRD: Conf345.min                                                           
|  PARM: Conf345.top                                                           
|RESTRT: Conf345.rst                                                           
|  REFC: Conf345.crd                                                           
| MDVEL: mdvel                                                                 
| MDFRC: mdfrc                                                                 
|  MDEN: mden                                                                  
| MDCRD: mdcrd                                                                 
|MDINFO: mdinfo                                                                
|  MTMD: mtmd                                                                  
|INPDIP: inpdip                                                                
|RSTDIP: rstdip                                                                
|INPTRA: inptraj                                                               

|    REMLOG: rem.log
|   REMTYPE: rem.type
|  REMSTRIP: 
|   SAVEENE: saveene
|CLUSTERINF: cluster.info
| RESERVOIR: reserv/frame
|   REMDDIM: 


 Here is the input file:

Equilibrate water in NPT                                                       
 &cntrl                                                                        
                                                                               
  nmropt = 0,                                                                  
  ntx    = 1,       irest  = 0,       ntrx   = 1,      ntxo   = 1,             
  ntpr   = 1000,    ntwx   = 1000,    ntwv   = 0,      ntwe   = 1000,          
  iwrap  = 0,       ioutfm = 1,                                                
                                                                               
  ntf    = 2,       ntb    = 2,                                                
  cut = 9.0,                                                                   
                                                                               
  ibelly = 0,       ntr    = 1,                                                
  restraintmask = ':1',                                                        
  restraint_wt = 100.0,                                                        
                                                                               
  imin   = 0,                                                                  
  nstlim = 10000,                                                              
  nscm   = 1000,                                                               
  t      = 0.0,     dt     = 0.002,                                            
                                                                               
  temp0     = 298.0,   tempi  = 0.0,                                           
  ig        = -1,                                                              
  ntt       = 3,                                                               
  gamma_ln  = 3.0,                                                             
                                                                               
  ntp    = 1,       pres0  = 1.0,     comp   = 44.6,                           
  taup   = 1.0,                                                                
                                                                               
  ntc    = 2,       tol    = 0.000001, watnam = 'WAT ',                        
                                                                               
 &end                                                                          

--------------------------------------------------------------------------------
   1.  RESOURCE   USE: 
--------------------------------------------------------------------------------

| Flags: MPI                                                                    
 getting new box info from bottom of inpcrd
|  INFO: Old style inpcrd file read

| peek_ewald_inpcrd: Box info found
|Largest sphere to fit in unit cell has radius =    14.360
| New format PARM file being parsed.
| Version =    1.000 Date = 03/14/17 Time = 13:39:52
 NATOM  =    2782 NTYPES =       9 NBONH =    2772 MBONA  =       9
 NTHETH =      25 MTHETA =      11 NPHIH =      43 MPHIA  =      24
 NHPARM =       0 NPARM  =       0 NNB   =    3779 NRES   =     923
 NBONA  =       9 NTHETA =      11 NPHIA =      24 NUMBND =      10
 NUMANG =      16 NPTRA  =      19 NATYP =       9 NPHB   =       1
 IFBOX  =       2 NMXRS  =      10 IFCAP =       0 NEXTRA =       0
 NCOPY  =       0


|     Memory Use     Allocated
|     Real              289870
|     Hollerith           9271
|     Integer            86440
|     Max Pairs         308570
|     nblistReal         33384
|     nblist Int         85321
|       Total             4437 kbytes

| Note: 1-4 EEL scale factors are being read from the topology file.

| Note: 1-4 VDW scale factors are being read from the topology file.
| Duplicated    0 dihedrals
| Duplicated    0 dihedrals

     BOX TYPE: TRUNCATED OCTAHEDRON
Note: ig = -1. Setting random seed to   870051 based on wallclock time in microseconds
      and disabling the synchronization of random numbers between tasks
      to improve performance.

--------------------------------------------------------------------------------
   2.  CONTROL  DATA  FOR  THE  RUN
--------------------------------------------------------------------------------

default_name                                                                    

General flags:
     imin    =       0, nmropt  =       0

Nature and format of input:
     ntx     =       1, irest   =       0, ntrx    =       1

Nature and format of output:
     ntxo    =       1, ntpr    =    1000, ntrx    =       1, ntwr    =   10000
     iwrap   =       0, ntwx    =    1000, ntwv    =       0, ntwe    =    1000
     ioutfm  =       1, ntwprt  =       0, idecomp =       0, rbornstat=      0

Potential function:
     ntf     =       2, ntb     =       2, igb     =       0, nsnb    =      25
     ipol    =       0, gbsa    =       0, iesp    =       0
     dielc   =   1.00000, cut     =   9.00000, intdiel =   1.00000

Frozen or restrained atoms:
     ibelly  =       0, ntr     =       1
     restraint_wt = 100.00000

Molecular dynamics:
     nstlim  =     10000, nscm    =         0, nrespa  =         1
     t       =   0.00000, dt      =   0.00200, vlimit  =  20.00000

Langevin dynamics temperature regulation:
     ig      =  870051
     temp0   = 298.00000, tempi   =   0.00000, gamma_ln=   3.00000

Pressure regulation:
     ntp     =       1
     pres0   =   1.00000, comp    =  44.60000, taup    =   1.00000

SHAKE:
     ntc     =       2, jfastw  =       0
     tol     =   0.00000

Ewald parameters:
     verbose =       0, ew_type =       0, nbflag  =       1, use_pme =       1
     vdwmeth =       1, eedmeth =       1, netfrc  =       1
     Box X =   35.175   Box Y =   35.175   Box Z =   35.175
     Alpha =  109.471   Beta  =  109.471   Gamma =  109.471
     NFFT1 =   36       NFFT2 =   36       NFFT3 =   36
     Cutoff=    9.000   Tol   =0.100E-04
     Ewald Coefficient =  0.30768
     Interpolation order =    4

| MPI Timing options:
|      profile_mpi =        0

    LOADING THE CONSTRAINED ATOMS AS GROUPS


   5.  REFERENCE ATOM COORDINATES

  defa
     Mask :1; matches     6 atoms

--------------------------------------------------------------------------------
   3.  ATOMIC COORDINATES AND VELOCITIES
--------------------------------------------------------------------------------

defa                                                                            
 begin time read from input coords =     0.000 ps

 Number of triangulated 3-point waters found:      920
|  Atom division among processors:
|         0     349     697    1045    1393    1741    2089    2437
|      2782

     Sum of charges from parm topology file =  -0.00000000
     Forcing neutrality...
|  Running AMBER/MPI version on    8 nodes


--------------------------------------------------------------------------------
   4.  RESULTS
--------------------------------------------------------------------------------

|  # of SOLUTE  degrees of freedom (RNDFP):    5574.
|  # of SOLVENT degrees of freedom (RNDFS):       0.
|  NDFMIN =    5574.     NUM_NOSHAKE =      0     CORRECTED RNDFP =    5574.
|  TOTAL # of degrees of freedom (RNDF) =    5574.
 ---------------------------------------------------
 APPROXIMATING switch and d/dx switch using CUBIC SPLINE INTERPOLATION
 using   5000.0 points per unit in tabled values
 TESTING RELATIVE ERROR over r ranging from 0.0 to cutoff
| CHECK switch(x): max rel err =   0.2738E-14   at   2.422500
| CHECK d/dx switch(x): max rel err =   0.8314E-11   at   2.736960
 ---------------------------------------------------
| Local SIZE OF NONBOND LIST =      88180
| TOTAL SIZE OF NONBOND LIST =     644441

 NSTEP =        0   TIME(PS) =       0.000  TEMP(K) =     0.00  PRESS = -5031.2
 Etot   =    -12148.8347  EKtot   =         0.0000  EPtot      =    -12148.8347
 BOND   =         0.4785  ANGLE   =         1.1271  DIHED      =        10.5425
 1-4 NB =         3.1974  1-4 EEL =        46.0403  VDWAALS    =      2187.2331
 EELEC  =    -14397.5445  EHBOND  =         0.0000  RESTRAINT  =         0.0909
 EAMBER (non-restraint)  =    -12148.9256
 EKCMT  =         0.0000  VIRIAL  =      3639.4284  VOLUME     =     33502.8066
                                                    Density    =         0.8287
 Ewald error estimate:   0.8014E-04
 ------------------------------------------------------------------------------


 NSTEP =     1000   TIME(PS) =       2.000  TEMP(K) =   290.20  PRESS = -1037.9
 Etot   =     -7134.4910  EKtot   =      1607.1890  EPtot      =     -8741.6800
 BOND   =         2.3653  ANGLE   =        10.8723  DIHED      =        13.4697
 1-4 NB =         3.4380  1-4 EEL =        44.6493  VDWAALS    =      1289.8413
 EELEC  =    -10109.7936  EHBOND  =         0.0000  RESTRAINT  =         3.4778
 EAMBER (non-restraint)  =     -8745.1578
 EKCMT  =       807.4971  VIRIAL  =      1500.7825  VOLUME     =     30936.1418
                                                    Density    =         0.8974
 Ewald error estimate:   0.9021E-04
 ------------------------------------------------------------------------------


 NSTEP =     2000   TIME(PS) =       4.000  TEMP(K) =   294.30  PRESS =  -263.7
 Etot   =     -7130.5573  EKtot   =      1629.9209  EPtot      =     -8760.4783
 BOND   =         1.7707  ANGLE   =         8.1939  DIHED      =        12.5307
 1-4 NB =         3.4412  1-4 EEL =        43.9936  VDWAALS    =      1322.2787
 EELEC  =    -10154.1389  EHBOND  =         0.0000  RESTRAINT  =         1.4518
 EAMBER (non-restraint)  =     -8761.9300
 EKCMT  =       828.0617  VIRIAL  =       994.8177  VOLUME     =     29285.6617
                                                    Density    =         0.9480
 Ewald error estimate:   0.3828E-05
 ------------------------------------------------------------------------------


 NSTEP =     3000   TIME(PS) =       6.000  TEMP(K) =   302.28  PRESS =    23.3
 Etot   =     -7124.5196  EKtot   =      1674.1430  EPtot      =     -8798.6626
 BOND   =         1.7169  ANGLE   =        10.9908  DIHED      =        14.0867
 1-4 NB =         3.9078  1-4 EEL =        47.8278  VDWAALS    =      1327.1555
 EELEC  =    -10208.6784  EHBOND  =         0.0000  RESTRAINT  =         4.3302
 EAMBER (non-restraint)  =     -8802.9929
 EKCMT  =       828.6910  VIRIAL  =       814.3440  VOLUME     =     28486.2119
                                                    Density    =         0.9746
 Ewald error estimate:   0.3433E-03
 ------------------------------------------------------------------------------


 NSTEP =     4000   TIME(PS) =       8.000  TEMP(K) =   301.58  PRESS =  -305.4
 Etot   =     -7172.6509  EKtot   =      1670.2459  EPtot      =     -8842.8968
 BOND   =         2.2791  ANGLE   =         8.2989  DIHED      =        12.9673
 1-4 NB =         4.0503  1-4 EEL =        47.6692  VDWAALS    =      1294.2953
 EELEC  =    -10214.6797  EHBOND  =         0.0000  RESTRAINT  =         2.2227
 EAMBER (non-restraint)  =     -8845.1195
 EKCMT  =       848.9352  VIRIAL  =      1036.5389  VOLUME     =     28451.2760
                                                    Density    =         0.9758
 Ewald error estimate:   0.3029E-03
 ------------------------------------------------------------------------------


 NSTEP =     5000   TIME(PS) =      10.000  TEMP(K) =   294.94  PRESS =   189.5
 Etot   =     -7153.1746  EKtot   =      1633.4463  EPtot      =     -8786.6208
 BOND   =         2.5007  ANGLE   =        10.0971  DIHED      =        12.2291
 1-4 NB =         4.1820  1-4 EEL =        43.0950  VDWAALS    =      1327.0570
 EELEC  =    -10190.0374  EHBOND  =         0.0000  RESTRAINT  =         4.2555
 EAMBER (non-restraint)  =     -8790.8763
 EKCMT  =       816.7337  VIRIAL  =       701.0693  VOLUME     =     28262.6235
                                                    Density    =         0.9823
 Ewald error estimate:   0.1637E-03
 ------------------------------------------------------------------------------


 NSTEP =     6000   TIME(PS) =      12.000  TEMP(K) =   293.72  PRESS =   599.7
 Etot   =     -7200.0454  EKtot   =      1626.7199  EPtot      =     -8826.7653
 BOND   =         4.4831  ANGLE   =         6.3677  DIHED      =        12.0026
 1-4 NB =         3.5206  1-4 EEL =        45.5865  VDWAALS    =      1375.2116
 EELEC  =    -10276.0979  EHBOND  =         0.0000  RESTRAINT  =         2.1606
 EAMBER (non-restraint)  =     -8828.9259
 EKCMT  =       800.5598  VIRIAL  =       437.7056  VOLUME     =     28024.0478
                                                    Density    =         0.9907
 Ewald error estimate:   0.1762E-03
 ------------------------------------------------------------------------------


 NSTEP =     7000   TIME(PS) =      14.000  TEMP(K) =   302.68  PRESS =   -91.2
 Etot   =     -7171.9121  EKtot   =      1676.3484  EPtot      =     -8848.2604
 BOND   =         2.4308  ANGLE   =         9.9552  DIHED      =        13.5701
 1-4 NB =         2.7478  1-4 EEL =        44.2367  VDWAALS    =      1294.5291
 EELEC  =    -10217.7981  EHBOND  =         0.0000  RESTRAINT  =         2.0680
 EAMBER (non-restraint)  =     -8850.3284
 EKCMT  =       790.6332  VIRIAL  =       845.7679  VOLUME     =     28000.3158
                                                    Density    =         0.9915
 Ewald error estimate:   0.3274E-03
 ------------------------------------------------------------------------------


 NSTEP =     8000   TIME(PS) =      16.000  TEMP(K) =   298.51  PRESS =  -463.0
 Etot   =     -7157.7812  EKtot   =      1653.2371  EPtot      =     -8811.0184
 BOND   =         3.9353  ANGLE   =         4.8327  DIHED      =        10.7216
 1-4 NB =         2.5901  1-4 EEL =        44.4623  VDWAALS    =      1263.1711
 EELEC  =    -10143.5326  EHBOND  =         0.0000  RESTRAINT  =         2.8012
 EAMBER (non-restraint)  =     -8813.8196
 EKCMT  =       803.8699  VIRIAL  =      1086.9670  VOLUME     =     28316.7814
                                                    Density    =         0.9804
 Ewald error estimate:   0.6900E-04
 ------------------------------------------------------------------------------


 NSTEP =     9000   TIME(PS) =      18.000  TEMP(K) =   306.40  PRESS =  -107.6
 Etot   =     -7154.0977  EKtot   =      1696.9102  EPtot      =     -8851.0080
 BOND   =         4.2689  ANGLE   =         7.7537  DIHED      =        12.7644
 1-4 NB =         4.6480  1-4 EEL =        45.5106  VDWAALS    =      1317.2635
 EELEC  =    -10245.9718  EHBOND  =         0.0000  RESTRAINT  =         2.7548
 EAMBER (non-restraint)  =     -8853.7628
 EKCMT  =       831.4312  VIRIAL  =       897.1345  VOLUME     =     28270.7524
                                                    Density    =         0.9820
 Ewald error estimate:   0.2357E-03
 ------------------------------------------------------------------------------


 NSTEP =    10000   TIME(PS) =      20.000  TEMP(K) =   290.66  PRESS =   117.2
 Etot   =     -7260.9715  EKtot   =      1609.7425  EPtot      =     -8870.7140
 BOND   =         2.1240  ANGLE   =        11.6824  DIHED      =        10.5513
 1-4 NB =         2.5324  1-4 EEL =        43.0510  VDWAALS    =      1331.1596
 EELEC  =    -10273.9024  EHBOND  =         0.0000  RESTRAINT  =         2.0876
 EAMBER (non-restraint)  =     -8872.8016
 EKCMT  =       790.0706  VIRIAL  =       719.1528  VOLUME     =     28030.9675
                                                    Density    =         0.9904
 Ewald error estimate:   0.4572E-03
 ------------------------------------------------------------------------------


      A V E R A G E S   O V E R   10000 S T E P S


 NSTEP =    10000   TIME(PS) =      20.000  TEMP(K) =   293.05  PRESS =  -198.9
 Etot   =     -7215.7859  EKtot   =      1622.9858  EPtot      =     -8838.7717
 BOND   =         3.0723  ANGLE   =         8.7649  DIHED      =        12.0581
 1-4 NB =         3.4204  1-4 EEL =        44.8347  VDWAALS    =      1323.9014
 EELEC  =    -10237.9939  EHBOND  =         0.0000  RESTRAINT  =         3.1703
 EAMBER (non-restraint)  =     -8841.9420
 EKCMT  =       808.6136  VIRIAL  =       940.4319  VOLUME     =     28851.2894
                                                    Density    =         0.9639
 Ewald error estimate:   0.1951E-03
 ------------------------------------------------------------------------------


      R M S  F L U C T U A T I O N S


 NSTEP =    10000   TIME(PS) =      20.000  TEMP(K) =    26.47  PRESS =   438.3
 Etot   =       306.7099  EKtot   =       146.6239  EPtot      =       166.3647
 BOND   =         1.5003  ANGLE   =         2.4253  DIHED      =         1.2969
 1-4 NB =         0.7886  1-4 EEL =         1.9580  VDWAALS    =        88.1953
 EELEC  =       244.8426  EHBOND  =         0.0000  RESTRAINT  =         1.2733
 EAMBER (non-restraint)  =       165.0914
 EKCMT  =        72.8383  VIRIAL  =       261.7044  VOLUME     =      1224.5526
                                                    Density    =         0.0378
 Ewald error estimate:   0.1465E-03
 ------------------------------------------------------------------------------


--------------------------------------------------------------------------------
   5.  TIMINGS
--------------------------------------------------------------------------------

|>>>>>>>>PROFILE of Average TIMES>>>>>>>>> 
|                Build the list             9.02 (97.15% of List )
|                Other                      0.26 ( 2.85% of List )
|             List time                  9.29 ( 9.41% of Nonbo)
|                   Short_ene time            58.50 (96.44% of Direc)
|                   Other                      2.16 ( 3.56% of Direc)
|                Direct Ewald time         60.67 (67.82% of Ewald)
|                Adjust Ewald time          0.31 ( 0.35% of Ewald)
|                   Fill Bspline coeffs        1.28 ( 6.27% of Recip)
|                   Fill charge grid           1.19 ( 5.79% of Recip)
|                   Scalar sum                 5.38 (26.25% of Recip)
|                   Grad sum                   2.62 (12.79% of Recip)
|                      FFT back comm time         1.64 (17.98% of FFT t)
|                      Other                      7.49 (82.02% of FFT t)
|                   FFT time                   9.14 (44.61% of Recip)
|                   Other                      0.88 ( 4.29% of Recip)
|                Recip Ewald time          20.48 (22.90% of Ewald)
|                Force Adjust               7.49 ( 8.37% of Ewald)
|                Virial junk                0.46 ( 0.52% of Ewald)
|                Other                      0.04 ( 0.04% of Ewald)
|             Ewald time                89.45 (90.59% of Nonbo)
|             Other                      0.01 ( 0.01% of Nonbo)
|          Nonbond force             98.75 (98.79% of Force)
|          Bond/Angle/Dihedral        0.11 ( 0.11% of Force)
|          FRC Collect time           0.89 ( 0.89% of Force)
|          Other                      0.21 ( 0.21% of Force)
|       Force time                99.96 (91.03% of Runmd)
|       Shake time                 0.39 ( 0.35% of Runmd)
|       Verlet update time         4.29 ( 3.91% of Runmd)
|       Ekcmr time                 3.91 ( 3.56% of Runmd)
|       CRD distribute time        0.48 ( 0.44% of Runmd)
|       Other                      0.78 ( 0.71% of Runmd)
|    Runmd Time               109.80 (100.0% of Total)
|    Other                      0.08 ( 0.08% of Total)
| Total time               109.89 (100.0% of ALL  )

| Number of list builds   :        901

| Highest rstack allocated:      39046
| Highest istack allocated:        824

| Final Performance Info:
| -----------------------------------------------------
| Average timings for all steps:
|     Elapsed(s) =     110.05 Per Step(ms) =      11.01
|         ns/day =      15.70   seconds/ns =    5502.64
| -----------------------------------------------------

|           Job began  at 15:08:29.820  on 03/14/2017
|           Setup done at 15:08:29.906  on 03/14/2017
|           Run   done at 15:10:19.837  on 03/14/2017
|     wallclock() was called  571869 times
