
          -------------------------------------------------------
          Amber 16 SANDER                              2016
          -------------------------------------------------------

| Run on 03/14/2017 at 13:56:48

|   Executable path: sander.MPI
| Working directory: /home/steboss/projects/mdgx-tests/alanine/IPOLQ/input/PhiPsi_1/135/165
|          Hostname: node011

  [-O]verwriting output

File Assignments:
|  MDIN: equil.in                                                              
| MDOUT: Conf165.eq.out                                                        
|INPCRD: Conf165.min                                                           
|  PARM: Conf165.top                                                           
|RESTRT: Conf165.rst                                                           
|  REFC: Conf165.crd                                                           
| MDVEL: mdvel                                                                 
| MDFRC: mdfrc                                                                 
|  MDEN: mden                                                                  
| MDCRD: mdcrd                                                                 
|MDINFO: mdinfo                                                                
|  MTMD: mtmd                                                                  
|INPDIP: inpdip                                                                
|RSTDIP: rstdip                                                                
|INPTRA: inptraj                                                               

|    REMLOG: rem.log
|   REMTYPE: rem.type
|  REMSTRIP: 
|   SAVEENE: saveene
|CLUSTERINF: cluster.info
| RESERVOIR: reserv/frame
|   REMDDIM: 


 Here is the input file:

Equilibrate water in NPT                                                       
 &cntrl                                                                        
                                                                               
  nmropt = 0,                                                                  
  ntx    = 1,       irest  = 0,       ntrx   = 1,      ntxo   = 1,             
  ntpr   = 1000,    ntwx   = 1000,    ntwv   = 0,      ntwe   = 1000,          
  iwrap  = 0,       ioutfm = 1,                                                
                                                                               
  ntf    = 2,       ntb    = 2,                                                
  cut = 9.0,                                                                   
                                                                               
  ibelly = 0,       ntr    = 1,                                                
  restraintmask = ':1',                                                        
  restraint_wt = 100.0,                                                        
                                                                               
  imin   = 0,                                                                  
  nstlim = 10000,                                                              
  nscm   = 1000,                                                               
  t      = 0.0,     dt     = 0.002,                                            
                                                                               
  temp0     = 298.0,   tempi  = 0.0,                                           
  ig        = -1,                                                              
  ntt       = 3,                                                               
  gamma_ln  = 3.0,                                                             
                                                                               
  ntp    = 1,       pres0  = 1.0,     comp   = 44.6,                           
  taup   = 1.0,                                                                
                                                                               
  ntc    = 2,       tol    = 0.000001, watnam = 'WAT ',                        
                                                                               
 &end                                                                          

--------------------------------------------------------------------------------
   1.  RESOURCE   USE: 
--------------------------------------------------------------------------------

| Flags: MPI                                                                    
 getting new box info from bottom of inpcrd
|  INFO: Old style inpcrd file read

| peek_ewald_inpcrd: Box info found
|Largest sphere to fit in unit cell has radius =    14.824
| New format PARM file being parsed.
| Version =    1.000 Date = 03/14/17 Time = 13:38:00
 NATOM  =    3073 NTYPES =       9 NBONH =    3063 MBONA  =       9
 NTHETH =      25 MTHETA =      11 NPHIH =      43 MPHIA  =      24
 NHPARM =       0 NPARM  =       0 NNB   =    4167 NRES   =    1020
 NBONA  =       9 NTHETA =      11 NPHIA =      24 NUMBND =      10
 NUMANG =      16 NPTRA  =      19 NATYP =       9 NPHB   =       1
 IFBOX  =       2 NMXRS  =      10 IFCAP =       0 NEXTRA =       0
 NCOPY  =       0


|     Memory Use     Allocated
|     Real              311113
|     Hollerith          10241
|     Integer            93036
|     Max Pairs         340846
|     nblistReal         36876
|     nblist Int        102042
|       Total             4852 kbytes

| Note: 1-4 EEL scale factors are being read from the topology file.

| Note: 1-4 VDW scale factors are being read from the topology file.
| Duplicated    0 dihedrals
| Duplicated    0 dihedrals

     BOX TYPE: TRUNCATED OCTAHEDRON
Note: ig = -1. Setting random seed to   324449 based on wallclock time in microseconds
      and disabling the synchronization of random numbers between tasks
      to improve performance.

--------------------------------------------------------------------------------
   2.  CONTROL  DATA  FOR  THE  RUN
--------------------------------------------------------------------------------

default_name                                                                    

General flags:
     imin    =       0, nmropt  =       0

Nature and format of input:
     ntx     =       1, irest   =       0, ntrx    =       1

Nature and format of output:
     ntxo    =       1, ntpr    =    1000, ntrx    =       1, ntwr    =   10000
     iwrap   =       0, ntwx    =    1000, ntwv    =       0, ntwe    =    1000
     ioutfm  =       1, ntwprt  =       0, idecomp =       0, rbornstat=      0

Potential function:
     ntf     =       2, ntb     =       2, igb     =       0, nsnb    =      25
     ipol    =       0, gbsa    =       0, iesp    =       0
     dielc   =   1.00000, cut     =   9.00000, intdiel =   1.00000

Frozen or restrained atoms:
     ibelly  =       0, ntr     =       1
     restraint_wt = 100.00000

Molecular dynamics:
     nstlim  =     10000, nscm    =         0, nrespa  =         1
     t       =   0.00000, dt      =   0.00200, vlimit  =  20.00000

Langevin dynamics temperature regulation:
     ig      =  324449
     temp0   = 298.00000, tempi   =   0.00000, gamma_ln=   3.00000

Pressure regulation:
     ntp     =       1
     pres0   =   1.00000, comp    =  44.60000, taup    =   1.00000

SHAKE:
     ntc     =       2, jfastw  =       0
     tol     =   0.00000

Ewald parameters:
     verbose =       0, ew_type =       0, nbflag  =       1, use_pme =       1
     vdwmeth =       1, eedmeth =       1, netfrc  =       1
     Box X =   36.312   Box Y =   36.312   Box Z =   36.312
     Alpha =  109.471   Beta  =  109.471   Gamma =  109.471
     NFFT1 =   36       NFFT2 =   36       NFFT3 =   36
     Cutoff=    9.000   Tol   =0.100E-04
     Ewald Coefficient =  0.30768
     Interpolation order =    4

| MPI Timing options:
|      profile_mpi =        0

    LOADING THE CONSTRAINED ATOMS AS GROUPS


   5.  REFERENCE ATOM COORDINATES

  defa
     Mask :1; matches     6 atoms

--------------------------------------------------------------------------------
   3.  ATOMIC COORDINATES AND VELOCITIES
--------------------------------------------------------------------------------

defa                                                                            
 begin time read from input coords =     0.000 ps

 Number of triangulated 3-point waters found:     1017
|  Atom division among processors:
|         0     385     769    1153    1537    1921    2305    2689
|      3073

     Sum of charges from parm topology file =  -0.00000000
     Forcing neutrality...
|  Running AMBER/MPI version on    8 nodes


--------------------------------------------------------------------------------
   4.  RESULTS
--------------------------------------------------------------------------------

|  # of SOLUTE  degrees of freedom (RNDFP):    6156.
|  # of SOLVENT degrees of freedom (RNDFS):       0.
|  NDFMIN =    6156.     NUM_NOSHAKE =      0     CORRECTED RNDFP =    6156.
|  TOTAL # of degrees of freedom (RNDF) =    6156.
 ---------------------------------------------------
 APPROXIMATING switch and d/dx switch using CUBIC SPLINE INTERPOLATION
 using   5000.0 points per unit in tabled values
 TESTING RELATIVE ERROR over r ranging from 0.0 to cutoff
| CHECK switch(x): max rel err =   0.2738E-14   at   2.422500
| CHECK d/dx switch(x): max rel err =   0.8314E-11   at   2.736960
 ---------------------------------------------------
| Local SIZE OF NONBOND LIST =      99583
| TOTAL SIZE OF NONBOND LIST =     715543

 NSTEP =        0   TIME(PS) =       0.000  TEMP(K) =     0.00  PRESS = -5283.2
 Etot   =    -13457.8177  EKtot   =         0.0000  EPtot      =    -13457.8177
 BOND   =         1.2148  ANGLE   =         1.6605  DIHED      =         8.8810
 1-4 NB =         2.6757  1-4 EEL =        46.0880  VDWAALS    =      2390.0005
 EELEC  =    -15908.5787  EHBOND  =         0.0000  RESTRAINT  =         0.2405
 EAMBER (non-restraint)  =    -13458.0582
 EKCMT  =         0.0000  VIRIAL  =      4204.3733  VOLUME     =     36857.2464
                                                    Density    =         0.8320
 Ewald error estimate:   0.6298E-04
 ------------------------------------------------------------------------------


 NSTEP =     1000   TIME(PS) =       2.000  TEMP(K) =   294.32  PRESS =  -482.3
 Etot   =     -7794.4746  EKtot   =      1800.2599  EPtot      =     -9594.7345
 BOND   =         2.1406  ANGLE   =         7.7952  DIHED      =         9.5376
 1-4 NB =         4.2309  1-4 EEL =        48.6835  VDWAALS    =      1453.6224
 EELEC  =    -11123.5854  EHBOND  =         0.0000  RESTRAINT  =         2.8407
 EAMBER (non-restraint)  =     -9597.5753
 EKCMT  =       919.7078  VIRIAL  =      1273.6106  VOLUME     =     33982.6205
                                                    Density    =         0.9024
 Ewald error estimate:   0.1551E-04
 ------------------------------------------------------------------------------


 NSTEP =     2000   TIME(PS) =       4.000  TEMP(K) =   301.25  PRESS =  -459.4
 Etot   =     -7848.8437  EKtot   =      1842.6055  EPtot      =     -9691.4492
 BOND   =         2.6543  ANGLE   =         7.3111  DIHED      =         9.5131
 1-4 NB =         3.2739  1-4 EEL =        47.1826  VDWAALS    =      1433.3220
 EELEC  =    -11199.4399  EHBOND  =         0.0000  RESTRAINT  =         4.7336
 EAMBER (non-restraint)  =     -9696.1829
 EKCMT  =       927.0072  VIRIAL  =      1248.4433  VOLUME     =     32403.2595
                                                    Density    =         0.9463
 Ewald error estimate:   0.1887E-03
 ------------------------------------------------------------------------------


 NSTEP =     3000   TIME(PS) =       6.000  TEMP(K) =   304.78  PRESS =  -567.0
 Etot   =     -7839.0488  EKtot   =      1864.2347  EPtot      =     -9703.2834
 BOND   =         3.5879  ANGLE   =        10.9332  DIHED      =        10.2562
 1-4 NB =         2.9782  1-4 EEL =        43.7598  VDWAALS    =      1361.8040
 EELEC  =    -11138.6826  EHBOND  =         0.0000  RESTRAINT  =         2.0799
 EAMBER (non-restraint)  =     -9705.3633
 EKCMT  =       921.9371  VIRIAL  =      1308.1725  VOLUME     =     31550.4123
                                                    Density    =         0.9719
 Ewald error estimate:   0.1664E-03
 ------------------------------------------------------------------------------


 NSTEP =     4000   TIME(PS) =       8.000  TEMP(K) =   294.70  PRESS =  -289.3
 Etot   =     -8025.8974  EKtot   =      1802.5760  EPtot      =     -9828.4734
 BOND   =         3.0878  ANGLE   =         7.7629  DIHED      =        14.1866
 1-4 NB =         3.7270  1-4 EEL =        41.5203  VDWAALS    =      1445.1243
 EELEC  =    -11345.9360  EHBOND  =         0.0000  RESTRAINT  =         2.0537
 EAMBER (non-restraint)  =     -9830.5271
 EKCMT  =       895.1004  VIRIAL  =      1089.2104  VOLUME     =     31079.9330
                                                    Density    =         0.9866
 Ewald error estimate:   0.1644E-03
 ------------------------------------------------------------------------------


 NSTEP =     5000   TIME(PS) =      10.000  TEMP(K) =   296.50  PRESS =  -458.5
 Etot   =     -7956.8868  EKtot   =      1813.5575  EPtot      =     -9770.4443
 BOND   =         4.9556  ANGLE   =         4.5890  DIHED      =        11.1801
 1-4 NB =         4.1592  1-4 EEL =        46.9058  VDWAALS    =      1406.4056
 EELEC  =    -11253.0308  EHBOND  =         0.0000  RESTRAINT  =         4.3912
 EAMBER (non-restraint)  =     -9774.8355
 EKCMT  =       877.7598  VIRIAL  =      1185.8715  VOLUME     =     31123.1644
                                                    Density    =         0.9853
 Ewald error estimate:   0.7411E-04
 ------------------------------------------------------------------------------


 NSTEP =     6000   TIME(PS) =      12.000  TEMP(K) =   299.67  PRESS =   117.1
 Etot   =     -7899.4156  EKtot   =      1832.9640  EPtot      =     -9732.3796
 BOND   =         3.1855  ANGLE   =         6.8897  DIHED      =        12.5929
 1-4 NB =         4.2845  1-4 EEL =        46.6943  VDWAALS    =      1443.2939
 EELEC  =    -11250.8722  EHBOND  =         0.0000  RESTRAINT  =         1.5519
 EAMBER (non-restraint)  =     -9733.9315
 EKCMT  =       946.8425  VIRIAL  =       867.9725  VOLUME     =     31205.5199
                                                    Density    =         0.9827
 Ewald error estimate:   0.4440E-04
 ------------------------------------------------------------------------------


 NSTEP =     7000   TIME(PS) =      14.000  TEMP(K) =   295.95  PRESS =   430.8
 Etot   =     -7995.1077  EKtot   =      1810.1795  EPtot      =     -9805.2872
 BOND   =         2.1895  ANGLE   =         4.3342  DIHED      =        13.9386
 1-4 NB =         4.1728  1-4 EEL =        44.9849  VDWAALS    =      1521.3986
 EELEC  =    -11399.3525  EHBOND  =         0.0000  RESTRAINT  =         3.0466
 EAMBER (non-restraint)  =     -9808.3338
 EKCMT  =       913.2523  VIRIAL  =       624.9039  VOLUME     =     31003.4370
                                                    Density    =         0.9891
 Ewald error estimate:   0.5372E-04
 ------------------------------------------------------------------------------


 NSTEP =     8000   TIME(PS) =      16.000  TEMP(K) =   292.92  PRESS =  -261.2
 Etot   =     -8013.1956  EKtot   =      1791.6597  EPtot      =     -9804.8554
 BOND   =         1.5374  ANGLE   =         8.6604  DIHED      =        11.8881
 1-4 NB =         2.8969  1-4 EEL =        46.7463  VDWAALS    =      1435.9054
 EELEC  =    -11316.7882  EHBOND  =         0.0000  RESTRAINT  =         4.2984
 EAMBER (non-restraint)  =     -9809.1537
 EKCMT  =       867.4300  VIRIAL  =      1043.5423  VOLUME     =     31226.1251
                                                    Density    =         0.9820
 Ewald error estimate:   0.3718E-03
 ------------------------------------------------------------------------------


 NSTEP =     9000   TIME(PS) =      18.000  TEMP(K) =   284.97  PRESS =   213.5
 Etot   =     -7960.2161  EKtot   =      1743.0404  EPtot      =     -9703.2565
 BOND   =         2.0531  ANGLE   =         7.7644  DIHED      =        11.5523
 1-4 NB =         2.7512  1-4 EEL =        46.4329  VDWAALS    =      1464.5431
 EELEC  =    -11240.7428  EHBOND  =         0.0000  RESTRAINT  =         2.3892
 EAMBER (non-restraint)  =     -9705.6457
 EKCMT  =       854.5456  VIRIAL  =       711.4051  VOLUME     =     31054.0960
                                                    Density    =         0.9875
 Ewald error estimate:   0.1697E-03
 ------------------------------------------------------------------------------


 NSTEP =    10000   TIME(PS) =      20.000  TEMP(K) =   293.75  PRESS =   573.7
 Etot   =     -7910.0573  EKtot   =      1796.7692  EPtot      =     -9706.8265
 BOND   =         3.9203  ANGLE   =         8.1300  DIHED      =         8.9197
 1-4 NB =         3.3449  1-4 EEL =        46.0635  VDWAALS    =      1509.8323
 EELEC  =    -11289.1409  EHBOND  =         0.0000  RESTRAINT  =         2.1038
 EAMBER (non-restraint)  =     -9708.9303
 EKCMT  =       900.6074  VIRIAL  =       516.1901  VOLUME     =     31036.2276
                                                    Density    =         0.9880
 Ewald error estimate:   0.4012E-03
 ------------------------------------------------------------------------------


      A V E R A G E S   O V E R   10000 S T E P S


 NSTEP =    10000   TIME(PS) =      20.000  TEMP(K) =   291.76  PRESS =  -191.6
 Etot   =     -7998.5478  EKtot   =      1784.5687  EPtot      =     -9783.1165
 BOND   =         3.0427  ANGLE   =         8.2151  DIHED      =        11.0194
 1-4 NB =         3.3161  1-4 EEL =        45.7574  VDWAALS    =      1469.3933
 EELEC  =    -11326.9808  EHBOND  =         0.0000  RESTRAINT  =         3.1205
 EAMBER (non-restraint)  =     -9786.2369
 EKCMT  =       888.9836  VIRIAL  =      1029.1587  VOLUME     =     31810.2762
                                                    Density    =         0.9655
 Ewald error estimate:   0.1830E-03
 ------------------------------------------------------------------------------


      R M S  F L U C T U A T I O N S


 NSTEP =    10000   TIME(PS) =      20.000  TEMP(K) =    26.25  PRESS =   441.3
 Etot   =       346.3824  EKtot   =       160.5579  EPtot      =       193.9358
 BOND   =         1.4254  ANGLE   =         2.1687  DIHED      =         1.2794
 1-4 NB =         0.7910  1-4 EEL =         2.0624  VDWAALS    =        93.9504
 EELEC  =       277.6340  EHBOND  =         0.0000  RESTRAINT  =         1.2375
 EAMBER (non-restraint)  =       192.6983
 EKCMT  =        78.4401  VIRIAL  =       286.3356  VOLUME     =      1286.3872
                                                    Density    =         0.0362
 Ewald error estimate:   0.1355E-03
 ------------------------------------------------------------------------------


--------------------------------------------------------------------------------
   5.  TIMINGS
--------------------------------------------------------------------------------

|>>>>>>>>PROFILE of Average TIMES>>>>>>>>> 
|                Build the list             6.61 (97.92% of List )
|                Other                      0.14 ( 2.08% of List )
|             List time                  6.75 ( 7.02% of Nonbo)
|                   Short_ene time            37.52 (96.66% of Direc)
|                   Other                      1.30 ( 3.34% of Direc)
|                Direct Ewald time         38.82 (43.40% of Ewald)
|                Adjust Ewald time          0.19 ( 0.22% of Ewald)
|                   Fill Bspline coeffs        0.83 ( 2.05% of Recip)
|                   Fill charge grid           0.68 ( 1.67% of Recip)
|                   Scalar sum                 3.39 ( 8.38% of Recip)
|                   Grad sum                   1.48 ( 3.65% of Recip)
|                      FFT back comm time        24.80 (78.07% of FFT t)
|                      Other                      6.97 (21.93% of FFT t)
|                   FFT time                  31.76 (78.47% of Recip)
|                   Other                      2.34 ( 5.77% of Recip)
|                Recip Ewald time          40.48 (45.26% of Ewald)
|                Force Adjust               8.70 ( 9.73% of Ewald)
|                Virial junk                1.23 ( 1.37% of Ewald)
|                Other                      0.02 ( 0.03% of Ewald)
|             Ewald time                89.44 (92.98% of Nonbo)
|          Nonbond force             96.20 (84.24% of Force)
|          Bond/Angle/Dihedral        0.07 ( 0.07% of Force)
|          FRC Collect time          16.67 (14.60% of Force)
|          Other                      1.25 ( 1.10% of Force)
|       Force time               114.19 (74.06% of Runmd)
|       Shake time                 0.27 ( 0.17% of Runmd)
|       Verlet update time         8.05 ( 5.22% of Runmd)
|       Ekcmr time                 5.97 ( 3.87% of Runmd)
|       CRD distribute time       12.52 ( 8.12% of Runmd)
|       Other                     13.20 ( 8.56% of Runmd)
|    Runmd Time               154.20 (99.74% of Total)
|    Other                      0.40 ( 0.26% of Total)
| Total time               154.61 (100.0% of ALL  )

| Number of list builds   :        907

| Highest rstack allocated:      41368
| Highest istack allocated:        910

| Final Performance Info:
| -----------------------------------------------------
| Average timings for all steps:
|     Elapsed(s) =     154.66 Per Step(ms) =      15.47
|         ns/day =      11.17   seconds/ns =    7732.81
| -----------------------------------------------------

|           Job began  at 13:56:48.063  on 03/14/2017
|           Setup done at 13:56:48.469  on 03/14/2017
|           Run   done at 13:59:22.971  on 03/14/2017
|     wallclock() was called  571881 times
