
          -------------------------------------------------------
          Amber 16 SANDER                              2016
          -------------------------------------------------------

| Run on 03/14/2017 at 15:29:02

|   Executable path: sander.MPI
| Working directory: /home/steboss/projects/mdgx-tests/alanine/IPOLQ/input/PhiPsi_1/60/270
|          Hostname: node004

  [-O]verwriting output

File Assignments:
|  MDIN: min.in                                                                
| MDOUT: Conf270.min.out                                                       
|INPCRD: Conf270.crd                                                           
|  PARM: Conf270.top                                                           
|RESTRT: Conf270.min                                                           
|  REFC: Conf270.crd                                                           
| MDVEL: mdvel                                                                 
| MDFRC: mdfrc                                                                 
|  MDEN: mden                                                                  
| MDCRD: mdcrd                                                                 
|MDINFO: mdinfo                                                                
|  MTMD: mtmd                                                                  
|INPDIP: inpdip                                                                
|RSTDIP: rstdip                                                                
|INPTRA: inptraj                                                               

|    REMLOG: rem.log
|   REMTYPE: rem.type
|  REMSTRIP: 
|   SAVEENE: saveene
|CLUSTERINF: cluster.info
| RESERVOIR: reserv/frame
|   REMDDIM: 


 Here is the input file:

Initial minimization                                                           
 &cntrl                                                                        
  ntx    = 1,       irest  = 0,       ntrx   = 1,      ntxo   = 1,             
  ntpr   = 20,      ntwx   = 0,       ntwv   = 0,      ntwe   = 0,             
                                                                               
  ntf    = 1,       ntb    = 1,                                                
  ntc    = 1,       ntr    = 1,                                                
  restraintmask = ':1',                                                        
  restraint_wt = 100.0,                                                        
  cut    = 9.0,                                                                
                                                                               
  imin   = 1,                                                                  
  maxcyc = 1000,                                                               
  ncyc   = 100,                                                                
                                                                               
 &end                                                                          

--------------------------------------------------------------------------------
   1.  RESOURCE   USE: 
--------------------------------------------------------------------------------

| Flags: MPI                                                                    
 getting new box info from bottom of inpcrd
|  INFO: Old style inpcrd file read

| peek_ewald_inpcrd: Box info found
|Largest sphere to fit in unit cell has radius =    14.475
| New format PARM file being parsed.
| Version =    1.000 Date = 03/14/17 Time = 13:40:29
 NATOM  =    2839 NTYPES =       9 NBONH =    2829 MBONA  =       9
 NTHETH =      25 MTHETA =      11 NPHIH =      43 MPHIA  =      24
 NHPARM =       0 NPARM  =       0 NNB   =    3855 NRES   =     942
 NBONA  =       9 NTHETA =      11 NPHIA =      24 NUMBND =      10
 NUMANG =      16 NPTRA  =      19 NATYP =       9 NPHB   =       1
 IFBOX  =       2 NMXRS  =      10 IFCAP =       0 NEXTRA =       0
 NCOPY  =       0


|     Memory Use     Allocated
|     Real              328299
|     Hollerith           9461
|     Integer            87732
|     Max Pairs         314892
|     nblistReal         34068
|     nblist Int         86651
|       Total             4779 kbytes

| Note: 1-4 EEL scale factors are being read from the topology file.

| Note: 1-4 VDW scale factors are being read from the topology file.
| Duplicated    0 dihedrals
| Duplicated    0 dihedrals

     BOX TYPE: TRUNCATED OCTAHEDRON

--------------------------------------------------------------------------------
   2.  CONTROL  DATA  FOR  THE  RUN
--------------------------------------------------------------------------------

default_name                                                                    

General flags:
     imin    =       1, nmropt  =       0

Nature and format of input:
     ntx     =       1, irest   =       0, ntrx    =       1

Nature and format of output:
     ntxo    =       1, ntpr    =      20, ntrx    =       1, ntwr    =       1
     iwrap   =       0, ntwx    =       0, ntwv    =       0, ntwe    =       0
     ioutfm  =       1, ntwprt  =       0, idecomp =       0, rbornstat=      0

Potential function:
     ntf     =       1, ntb     =       1, igb     =       0, nsnb    =      25
     ipol    =       0, gbsa    =       0, iesp    =       0
     dielc   =   1.00000, cut     =   9.00000, intdiel =   1.00000

Frozen or restrained atoms:
     ibelly  =       0, ntr     =       1
     restraint_wt = 100.00000

Energy minimization:
     maxcyc  =    1000, ncyc    =     100, ntmin   =       1
     dx0     =   0.01000, drms    =   0.00010

Ewald parameters:
     verbose =       0, ew_type =       0, nbflag  =       1, use_pme =       1
     vdwmeth =       1, eedmeth =       1, netfrc  =       0
     Box X =   35.458   Box Y =   35.458   Box Z =   35.458
     Alpha =  109.471   Beta  =  109.471   Gamma =  109.471
     NFFT1 =   36       NFFT2 =   36       NFFT3 =   36
     Cutoff=    9.000   Tol   =0.100E-04
     Ewald Coefficient =  0.30768
     Interpolation order =    4

| MPI Timing options:
|      profile_mpi =        0

    LOADING THE CONSTRAINED ATOMS AS GROUPS


   5.  REFERENCE ATOM COORDINATES

  defa
     Mask :1; matches     6 atoms

--------------------------------------------------------------------------------
   3.  ATOMIC COORDINATES AND VELOCITIES
--------------------------------------------------------------------------------

default_name                                                                    
 begin time read from input coords =     0.000 ps

 Number of triangulated 3-point waters found:      939
|  Atom division among processors:
|         0     355     709    1063    1417    1771    2125    2479
|      2839

     Sum of charges from parm topology file =  -0.00000000
     Forcing neutrality...
|  Running AMBER/MPI version on    8 nodes


--------------------------------------------------------------------------------
   4.  RESULTS
--------------------------------------------------------------------------------

 ---------------------------------------------------
 APPROXIMATING switch and d/dx switch using CUBIC SPLINE INTERPOLATION
 using   5000.0 points per unit in tabled values
 TESTING RELATIVE ERROR over r ranging from 0.0 to cutoff
| CHECK switch(x): max rel err =   0.2738E-14   at   2.422500
| CHECK d/dx switch(x): max rel err =   0.8314E-11   at   2.736960
 ---------------------------------------------------
| Local SIZE OF NONBOND LIST =      90002
| TOTAL SIZE OF NONBOND LIST =     653926


   NSTEP       ENERGY          RMS            GMAX         NAME    NUMBER
      1      -7.9323E+03     1.2256E+01     6.1865E+01     O         296

 BOND    =        0.5182  ANGLE   =        2.0954  DIHED      =       12.5490
 VDWAALS =      938.8841  EEL     =    -8933.4101  HBOND      =        0.0000
 1-4 VDW =        2.4564  1-4 EEL =       44.6062  RESTRAINT  =        0.0000


   NSTEP       ENERGY          RMS            GMAX         NAME    NUMBER
     20      -8.7877E+03     2.7924E+00     2.0605E+01     O         377

 BOND    =      466.2050  ANGLE   =        2.1323  DIHED      =       12.5537
 VDWAALS =      888.9832  EEL     =   -10204.6567  HBOND      =        0.0000
 1-4 VDW =        2.4268  1-4 EEL =       44.6073  RESTRAINT  =        0.0050
 EAMBER  =    -8787.7484


   NSTEP       ENERGY          RMS            GMAX         NAME    NUMBER
     40      -9.4524E+03     2.1945E+00     9.5960E+00     H1       2364

 BOND    =      496.3136  ANGLE   =        2.1665  DIHED      =       12.5361
 VDWAALS =      931.2036  EEL     =   -10941.6254  HBOND      =        0.0000
 1-4 VDW =        2.3965  1-4 EEL =       44.5996  RESTRAINT  =        0.0118
 EAMBER  =    -9452.4095


   NSTEP       ENERGY          RMS            GMAX         NAME    NUMBER
     60      -9.6837E+03     3.3811E+00     1.0479E+01     H1        624

 BOND    =      492.9637  ANGLE   =        2.1896  DIHED      =       12.5220
 VDWAALS =      966.3181  EEL     =   -11204.6626  HBOND      =        0.0000
 1-4 VDW =        2.3774  1-4 EEL =       44.5866  RESTRAINT  =        0.0132
 EAMBER  =    -9683.7052


   NSTEP       ENERGY          RMS            GMAX         NAME    NUMBER
     80      -9.8341E+03     3.9823E+00     1.3151E+01     H2       1228

 BOND    =      499.6431  ANGLE   =        2.2123  DIHED      =       12.5086
 VDWAALS =     1001.4061  EEL     =   -11396.7803  HBOND      =        0.0000
 1-4 VDW =        2.3612  1-4 EEL =       44.5569  RESTRAINT  =        0.0141
 EAMBER  =    -9834.0921


   NSTEP       ENERGY          RMS            GMAX         NAME    NUMBER
    100      -9.9676E+03     9.4056E-01     5.3791E+00     H1        822

 BOND    =      593.3072  ANGLE   =        2.2351  DIHED      =       12.4948
 VDWAALS =     1035.3824  EEL     =   -11657.9048  HBOND      =        0.0000
 1-4 VDW =        2.3465  1-4 EEL =       44.5157  RESTRAINT  =        0.0148
 EAMBER  =    -9967.6232


   NSTEP       ENERGY          RMS            GMAX         NAME    NUMBER
    120      -1.0457E+04     1.6200E+00     2.8754E+01     O        2267

 BOND    =      691.8953  ANGLE   =        2.5446  DIHED      =       12.3128
 VDWAALS =     1404.7101  EEL     =   -12615.0626  HBOND      =        0.0000
 1-4 VDW =        2.2248  1-4 EEL =       43.9633  RESTRAINT  =        0.0244
 EAMBER  =   -10457.4117


   NSTEP       ENERGY          RMS            GMAX         NAME    NUMBER
    140      -1.0570E+04     1.5520E+00     3.1080E+01     H1       2268

 BOND    =      715.2567  ANGLE   =        2.6713  DIHED      =       12.2330
 VDWAALS =     1441.4856  EEL     =   -12787.3383  HBOND      =        0.0000
 1-4 VDW =        2.1871  1-4 EEL =       43.7597  RESTRAINT  =        0.0333
 EAMBER  =   -10569.7448


   NSTEP       ENERGY          RMS            GMAX         NAME    NUMBER
    160      -1.0690E+04     1.6620E+00     3.6915E+01     O        2258

 BOND    =      686.1109  ANGLE   =        3.0162  DIHED      =       12.0962
 VDWAALS =     1460.5791  EEL     =   -12897.1091  HBOND      =        0.0000
 1-4 VDW =        2.1703  1-4 EEL =       43.5488  RESTRAINT  =        0.0527
 EAMBER  =   -10689.5875


   NSTEP       ENERGY          RMS            GMAX         NAME    NUMBER
    180      -1.0783E+04     1.0298E+00     2.2298E+01     O          16

 BOND    =      727.5363  ANGLE   =        4.8389  DIHED      =       11.8956
 VDWAALS =     1582.7442  EEL     =   -13155.6577  HBOND      =        0.0000
 1-4 VDW =        2.3301  1-4 EEL =       43.6562  RESTRAINT  =        0.1107
 EAMBER  =   -10782.6565


   NSTEP       ENERGY          RMS            GMAX         NAME    NUMBER
    200      -1.0879E+04     1.2923E+00     2.8394E+01     CH3        19

 BOND    =      737.6159  ANGLE   =        5.2789  DIHED      =       11.6625
 VDWAALS =     1636.7782  EEL     =   -13315.1549  HBOND      =        0.0000
 1-4 VDW =        1.9268  1-4 EEL =       42.9711  RESTRAINT  =        0.1591
 EAMBER  =   -10878.9216


   NSTEP       ENERGY          RMS            GMAX         NAME    NUMBER
    220      -1.0923E+04     1.2457E+00     2.7094E+01     CH3        19

 BOND    =      765.9189  ANGLE   =        6.5843  DIHED      =       11.4026
 VDWAALS =     1669.1934  EEL     =   -13421.4746  HBOND      =        0.0000
 1-4 VDW =        1.8924  1-4 EEL =       42.8883  RESTRAINT  =        0.1856
 EAMBER  =   -10923.5947


   NSTEP       ENERGY          RMS            GMAX         NAME    NUMBER
    240      -1.0983E+04     1.0615E+00     2.7182E+01     C           5

 BOND    =      764.7022  ANGLE   =        4.2062  DIHED      =       11.1829
 VDWAALS =     1720.1319  EEL     =   -13527.6859  HBOND      =        0.0000
 1-4 VDW =        1.9841  1-4 EEL =       42.4078  RESTRAINT  =        0.1117
 EAMBER  =   -10983.0708


   NSTEP       ENERGY          RMS            GMAX         NAME    NUMBER
    260      -1.1019E+04     1.0516E+00     2.0535E+01     C          15

 BOND    =      781.0316  ANGLE   =        4.7747  DIHED      =       10.9314
 VDWAALS =     1751.1377  EEL     =   -13611.2238  HBOND      =        0.0000
 1-4 VDW =        2.1005  1-4 EEL =       42.2518  RESTRAINT  =        0.1631
 EAMBER  =   -11018.9961


   NSTEP       ENERGY          RMS            GMAX         NAME    NUMBER
    280      -1.1051E+04     5.4523E-01     7.7593E+00     O         722

 BOND    =      781.7136  ANGLE   =        4.2171  DIHED      =       10.7525
 VDWAALS =     1798.9017  EEL     =   -13691.4656  HBOND      =        0.0000
 1-4 VDW =        2.0221  1-4 EEL =       42.2121  RESTRAINT  =        0.1525
 EAMBER  =   -11051.6465


   NSTEP       ENERGY          RMS            GMAX         NAME    NUMBER
    300      -1.1095E+04     8.1499E-01     2.0285E+01     CH3         2

 BOND    =      787.7400  ANGLE   =        4.3851  DIHED      =       10.9537
 VDWAALS =     1834.0470  EEL     =   -13776.9447  HBOND      =        0.0000
 1-4 VDW =        1.9234  1-4 EEL =       42.1489  RESTRAINT  =        0.4177
 EAMBER  =   -11095.7466


   NSTEP       ENERGY          RMS            GMAX         NAME    NUMBER
    320      -1.1121E+04     7.7344E-01     1.6391E+01     C          15

 BOND    =      804.3367  ANGLE   =        4.3215  DIHED      =       10.9938
 VDWAALS =     1847.8553  EEL     =   -13832.8299  HBOND      =        0.0000
 1-4 VDW =        1.8906  1-4 EEL =       42.2441  RESTRAINT  =        0.4236
 EAMBER  =   -11121.1878


   NSTEP       ENERGY          RMS            GMAX         NAME    NUMBER
    340      -1.1146E+04     5.6420E-01     1.2907E+01     N          17

 BOND    =      796.6012  ANGLE   =        4.5049  DIHED      =       10.2752
 VDWAALS =     1869.6790  EEL     =   -13870.6608  HBOND      =        0.0000
 1-4 VDW =        1.9274  1-4 EEL =       41.5770  RESTRAINT  =        0.1404
 EAMBER  =   -11146.0961


   NSTEP       ENERGY          RMS            GMAX         NAME    NUMBER
    360      -1.1179E+04     7.8095E-01     2.4307E+01     N           7

 BOND    =      808.7333  ANGLE   =        5.5672  DIHED      =       10.0979
 VDWAALS =     1902.3472  EEL     =   -13949.8255  HBOND      =        0.0000
 1-4 VDW =        2.0501  1-4 EEL =       41.6545  RESTRAINT  =        0.1698
 EAMBER  =   -11179.3753


   NSTEP       ENERGY          RMS            GMAX         NAME    NUMBER
    380      -1.1198E+04     3.5230E-01     7.5865E+00     N          17

 BOND    =      810.8886  ANGLE   =        4.3282  DIHED      =       10.2030
 VDWAALS =     1921.0282  EEL     =   -13988.9178  HBOND      =        0.0000
 1-4 VDW =        2.1483  1-4 EEL =       42.1026  RESTRAINT  =        0.1607
 EAMBER  =   -11198.2188


   NSTEP       ENERGY          RMS            GMAX         NAME    NUMBER
    400      -1.1231E+04     9.6882E-01     2.3517E+01     CB         11

 BOND    =      822.1210  ANGLE   =        4.6542  DIHED      =       10.2914
 VDWAALS =     1961.7377  EEL     =   -14074.7536  HBOND      =        0.0000
 1-4 VDW =        2.1060  1-4 EEL =       42.1756  RESTRAINT  =        0.2847
 EAMBER  =   -11231.6677


   NSTEP       ENERGY          RMS            GMAX         NAME    NUMBER
    420      -1.1255E+04     3.6380E-01     7.7394E+00     O           6

 BOND    =      820.8764  ANGLE   =        4.1009  DIHED      =       10.1120
 VDWAALS =     1968.1018  EEL     =   -14102.1844  HBOND      =        0.0000
 1-4 VDW =        2.0567  1-4 EEL =       42.0914  RESTRAINT  =        0.1353
 EAMBER  =   -11254.8452


   NSTEP       ENERGY          RMS            GMAX         NAME    NUMBER
    440      -1.1268E+04     5.3542E-01     1.3692E+01     C          15

 BOND    =      826.5297  ANGLE   =        4.4624  DIHED      =        9.9830
 VDWAALS =     1980.0238  EEL     =   -14132.6140  HBOND      =        0.0000
 1-4 VDW =        2.0728  1-4 EEL =       41.6386  RESTRAINT  =        0.2201
 EAMBER  =   -11267.9036


   NSTEP       ENERGY          RMS            GMAX         NAME    NUMBER
    460      -1.1296E+04     7.5615E-01     2.0875E+01     N          17

 BOND    =      827.0799  ANGLE   =        5.1801  DIHED      =        9.7304
 VDWAALS =     2010.9973  EEL     =   -14192.1442  HBOND      =        0.0000
 1-4 VDW =        1.9019  1-4 EEL =       41.4829  RESTRAINT  =        0.1912
 EAMBER  =   -11295.7716


   NSTEP       ENERGY          RMS            GMAX         NAME    NUMBER
    480      -1.1307E+04     3.3525E-01     8.0055E+00     C          15

 BOND    =      833.4006  ANGLE   =        4.0448  DIHED      =        9.9769
 VDWAALS =     2019.9140  EEL     =   -14218.6262  HBOND      =        0.0000
 1-4 VDW =        2.0915  1-4 EEL =       42.1991  RESTRAINT  =        0.1458
 EAMBER  =   -11306.9994


   NSTEP       ENERGY          RMS            GMAX         NAME    NUMBER
    500      -1.1351E+04     1.3420E+00     3.0756E+01     H1       1191

 BOND    =      858.9093  ANGLE   =        5.1329  DIHED      =        9.8829
 VDWAALS =     2101.4297  EEL     =   -14370.4105  HBOND      =        0.0000
 1-4 VDW =        2.2070  1-4 EEL =       42.0981  RESTRAINT  =        0.1836
 EAMBER  =   -11350.7505


   NSTEP       ENERGY          RMS            GMAX         NAME    NUMBER
    520      -1.1374E+04     4.8467E-01     1.1395E+01     O          16

 BOND    =      847.1332  ANGLE   =        4.2769  DIHED      =        9.7112
 VDWAALS =     2096.8863  EEL     =   -14376.1869  HBOND      =        0.0000
 1-4 VDW =        2.1540  1-4 EEL =       41.9566  RESTRAINT  =        0.1346
 EAMBER  =   -11374.0688


   NSTEP       ENERGY          RMS            GMAX         NAME    NUMBER
    540      -1.1382E+04     3.7767E-01     8.2708E+00     CB         11

 BOND    =      852.4812  ANGLE   =        4.1870  DIHED      =        9.7056
 VDWAALS =     2098.7566  EEL     =   -14390.6583  HBOND      =        0.0000
 1-4 VDW =        2.0173  1-4 EEL =       41.8177  RESTRAINT  =        0.1184
 EAMBER  =   -11381.6930


   NSTEP       ENERGY          RMS            GMAX         NAME    NUMBER
    560      -1.1399E+04     6.5204E-01     2.4289E+01     C          15

 BOND    =      850.1790  ANGLE   =        4.0328  DIHED      =        9.8604
 VDWAALS =     2108.1979  EEL     =   -14414.9439  HBOND      =        0.0000
 1-4 VDW =        1.9817  1-4 EEL =       42.0010  RESTRAINT  =        0.1550
 EAMBER  =   -11398.6910


   NSTEP       ENERGY          RMS            GMAX         NAME    NUMBER
    580      -1.1408E+04     3.3961E-01     7.8073E+00     C          15

 BOND    =      853.4559  ANGLE   =        4.3171  DIHED      =        9.7097
 VDWAALS =     2113.7525  EEL     =   -14434.0558  HBOND      =        0.0000
 1-4 VDW =        2.1433  1-4 EEL =       42.2205  RESTRAINT  =        0.0899
 EAMBER  =   -11408.4568


   NSTEP       ENERGY          RMS            GMAX         NAME    NUMBER
    600      -1.1419E+04     5.5877E-01     1.4726E+01     C          15

 BOND    =      861.5472  ANGLE   =        4.3439  DIHED      =        9.8221
 VDWAALS =     2123.7894  EEL     =   -14463.0831  HBOND      =        0.0000
 1-4 VDW =        2.2165  1-4 EEL =       42.0852  RESTRAINT  =        0.1409
 EAMBER  =   -11419.2788


   NSTEP       ENERGY          RMS            GMAX         NAME    NUMBER
    620      -1.1426E+04     3.0865E-01     8.5433E+00     C          15

 BOND    =      853.2616  ANGLE   =        4.1180  DIHED      =        9.6607
 VDWAALS =     2126.5162  EEL     =   -14463.8665  HBOND      =        0.0000
 1-4 VDW =        2.1194  1-4 EEL =       41.8963  RESTRAINT  =        0.1309
 EAMBER  =   -11426.2944


   NSTEP       ENERGY          RMS            GMAX         NAME    NUMBER
    640      -1.1433E+04     3.2311E-01     8.6726E+00     CB         11

 BOND    =      859.4475  ANGLE   =        4.2634  DIHED      =        9.6268
 VDWAALS =     2130.9899  EEL     =   -14481.1792  HBOND      =        0.0000
 1-4 VDW =        2.0052  1-4 EEL =       41.8921  RESTRAINT  =        0.1463
 EAMBER  =   -11432.9542


   NSTEP       ENERGY          RMS            GMAX         NAME    NUMBER
    660      -1.1443E+04     4.3699E-01     7.5113E+00     HB2        13

 BOND    =      853.8237  ANGLE   =        4.1577  DIHED      =        9.6142
 VDWAALS =     2138.7095  EEL     =   -14493.1338  HBOND      =        0.0000
 1-4 VDW =        2.0478  1-4 EEL =       41.9618  RESTRAINT  =        0.1014
 EAMBER  =   -11442.8190


   NSTEP       ENERGY          RMS            GMAX         NAME    NUMBER
    680      -1.1448E+04     3.8244E-01     1.3454E+01     C          15

 BOND    =      859.6547  ANGLE   =        4.2692  DIHED      =        9.5841
 VDWAALS =     2143.5837  EEL     =   -14509.8059  HBOND      =        0.0000
 1-4 VDW =        2.1176  1-4 EEL =       42.1609  RESTRAINT  =        0.0839
 EAMBER  =   -11448.4357


   NSTEP       ENERGY          RMS            GMAX         NAME    NUMBER
    700      -1.1457E+04     5.2756E-01     1.6848E+01     CB         11

 BOND    =      865.4071  ANGLE   =        4.4867  DIHED      =        9.6391
 VDWAALS =     2152.2826  EEL     =   -14532.7933  HBOND      =        0.0000
 1-4 VDW =        2.1766  1-4 EEL =       42.1343  RESTRAINT  =        0.0824
 EAMBER  =   -11456.6670


   NSTEP       ENERGY          RMS            GMAX         NAME    NUMBER
    720      -1.1462E+04     2.8125E-01     1.0580E+01     C           5

 BOND    =      859.2286  ANGLE   =        4.1894  DIHED      =        9.5435
 VDWAALS =     2154.2602  EEL     =   -14533.3105  HBOND      =        0.0000
 1-4 VDW =        2.1259  1-4 EEL =       42.0005  RESTRAINT  =        0.1017
 EAMBER  =   -11461.9623


   NSTEP       ENERGY          RMS            GMAX         NAME    NUMBER
    740      -1.1466E+04     2.7215E-01     7.9816E+00     N          17

 BOND    =      864.9134  ANGLE   =        4.2798  DIHED      =        9.5594
 VDWAALS =     2156.9906  EEL     =   -14545.8848  HBOND      =        0.0000
 1-4 VDW =        2.0032  1-4 EEL =       41.9500  RESTRAINT  =        0.1316
 EAMBER  =   -11466.1884


   NSTEP       ENERGY          RMS            GMAX         NAME    NUMBER
    760      -1.1473E+04     3.6819E-01     9.3107E+00     C          15

 BOND    =      861.2267  ANGLE   =        4.1001  DIHED      =        9.6089
 VDWAALS =     2161.9185  EEL     =   -14553.6097  HBOND      =        0.0000
 1-4 VDW =        2.0418  1-4 EEL =       42.0198  RESTRAINT  =        0.0882
 EAMBER  =   -11472.6940


   NSTEP       ENERGY          RMS            GMAX         NAME    NUMBER
    780      -1.1477E+04     3.0181E-01     1.0234E+01     C          15

 BOND    =      862.0310  ANGLE   =        4.2207  DIHED      =        9.5378
 VDWAALS =     2164.9684  EEL     =   -14561.8519  HBOND      =        0.0000
 1-4 VDW =        2.1115  1-4 EEL =       42.1204  RESTRAINT  =        0.0802
 EAMBER  =   -11476.8622


   NSTEP       ENERGY          RMS            GMAX         NAME    NUMBER
    800      -1.1484E+04     5.2241E-01     1.4338E+01     CB         11

 BOND    =      871.5091  ANGLE   =        4.3800  DIHED      =        9.6245
 VDWAALS =     2172.1786  EEL     =   -14586.0279  HBOND      =        0.0000
 1-4 VDW =        2.2402  1-4 EEL =       42.1907  RESTRAINT  =        0.1216
 EAMBER  =   -11483.9046


   NSTEP       ENERGY          RMS            GMAX         NAME    NUMBER
    820      -1.1488E+04     2.4567E-01     1.0904E+01     C          15

 BOND    =      864.2956  ANGLE   =        4.1475  DIHED      =        9.5457
 VDWAALS =     2173.3021  EEL     =   -14583.7548  HBOND      =        0.0000
 1-4 VDW =        2.1142  1-4 EEL =       41.9774  RESTRAINT  =        0.1004
 EAMBER  =   -11488.3723


   NSTEP       ENERGY          RMS            GMAX         NAME    NUMBER
    840      -1.1492E+04     2.8578E-01     6.9753E+00     HA         10

 BOND    =      868.7109  ANGLE   =        4.1985  DIHED      =        9.5931
 VDWAALS =     2175.4374  EEL     =   -14594.1304  HBOND      =        0.0000
 1-4 VDW =        1.9922  1-4 EEL =       42.0199  RESTRAINT  =        0.1175
 EAMBER  =   -11492.1784


   NSTEP       ENERGY          RMS            GMAX         NAME    NUMBER
    860      -1.1501E+04     4.1226E-01     9.6899E+00     CB         11

 BOND    =      864.5567  ANGLE   =        4.0076  DIHED      =        9.5766
 VDWAALS =     2179.5089  EEL     =   -14603.0543  HBOND      =        0.0000
 1-4 VDW =        2.0725  1-4 EEL =       42.1416  RESTRAINT  =        0.0749
 EAMBER  =   -11501.1903


   NSTEP       ENERGY          RMS            GMAX         NAME    NUMBER
    880      -1.1506E+04     3.6794E-01     1.5000E+01     C           5

 BOND    =      866.6985  ANGLE   =        4.1688  DIHED      =        9.5329
 VDWAALS =     2181.2531  EEL     =   -14612.1205  HBOND      =        0.0000
 1-4 VDW =        2.1337  1-4 EEL =       42.1631  RESTRAINT  =        0.0758
 EAMBER  =   -11506.1703


   NSTEP       ENERGY          RMS            GMAX         NAME    NUMBER
    900      -1.1515E+04     5.9235E-01     1.4724E+01     CB         11

 BOND    =      874.2113  ANGLE   =        4.4029  DIHED      =        9.5921
 VDWAALS =     2186.5019  EEL     =   -14634.9855  HBOND      =        0.0000
 1-4 VDW =        2.3845  1-4 EEL =       42.3556  RESTRAINT  =        0.3465
 EAMBER  =   -11515.5371


   NSTEP       ENERGY          RMS            GMAX         NAME    NUMBER
    920      -1.1521E+04     3.0970E-01     8.2845E+00     C          15

 BOND    =      867.7364  ANGLE   =        4.0465  DIHED      =        9.5063
 VDWAALS =     2187.9417  EEL     =   -14634.7658  HBOND      =        0.0000
 1-4 VDW =        2.1498  1-4 EEL =       42.0358  RESTRAINT  =        0.1068
 EAMBER  =   -11521.3493


   NSTEP       ENERGY          RMS            GMAX         NAME    NUMBER
    940      -1.1526E+04     3.0380E-01     9.9569E+00     CA          9

 BOND    =      872.5552  ANGLE   =        4.1073  DIHED      =        9.6012
 VDWAALS =     2189.0652  EEL     =   -14645.5221  HBOND      =        0.0000
 1-4 VDW =        2.0258  1-4 EEL =       42.0670  RESTRAINT  =        0.1063
 EAMBER  =   -11526.1005


   NSTEP       ENERGY          RMS            GMAX         NAME    NUMBER
    960      -1.1537E+04     3.6582E-01     1.0515E+01     N          17

 BOND    =      870.8950  ANGLE   =        3.8578  DIHED      =        9.6057
 VDWAALS =     2195.5644  EEL     =   -14661.4637  HBOND      =        0.0000
 1-4 VDW =        2.0911  1-4 EEL =       42.2138  RESTRAINT  =        0.0636
 EAMBER  =   -11537.2359


   NSTEP       ENERGY          RMS            GMAX         NAME    NUMBER
    980      -1.1542E+04     4.4464E-01     1.6506E+01     C           5

 BOND    =      874.3354  ANGLE   =        4.0137  DIHED      =        9.5668
 VDWAALS =     2198.2898  EEL     =   -14672.7321  HBOND      =        0.0000
 1-4 VDW =        2.1387  1-4 EEL =       42.1511  RESTRAINT  =        0.0588
 EAMBER  =   -11542.2367


   NSTEP       ENERGY          RMS            GMAX         NAME    NUMBER
   1000      -1.1551E+04     6.6196E-01     1.8459E+01     CA          9

 BOND    =      880.6463  ANGLE   =        4.5475  DIHED      =        9.6552
 VDWAALS =     2206.4909  EEL     =   -14697.8756  HBOND      =        0.0000
 1-4 VDW =        2.3949  1-4 EEL =       42.4077  RESTRAINT  =        0.2417
 EAMBER  =   -11551.7331


  Maximum number of minimization cycles reached.


                    FINAL RESULTS



   NSTEP       ENERGY          RMS            GMAX         NAME    NUMBER
   1000      -1.1551E+04     6.6196E-01     1.8459E+01     CA          9

 BOND    =      880.6463  ANGLE   =        4.5475  DIHED      =        9.6552
 VDWAALS =     2206.4909  EEL     =   -14697.8756  HBOND      =        0.0000
 1-4 VDW =        2.3949  1-4 EEL =       42.4077  RESTRAINT  =        0.2417
 EAMBER  =   -11551.7331

--------------------------------------------------------------------------------
   5.  TIMINGS
--------------------------------------------------------------------------------

|                Build the list             0.22 (77.19% of List )
|                Other                      0.07 (22.81% of List )
|             List time                  0.29 ( 0.39% of Nonbo)
|                   Short_ene time            11.83 (97.80% of Direc)
|                   Other                      0.27 ( 2.20% of Direc)
|                Direct Ewald time         12.09 (16.37% of Ewald)
|                Adjust Ewald time          0.04 ( 0.06% of Ewald)
|                   Fill Bspline coeffs        0.17 ( 0.29% of Recip)
|                   Fill charge grid           0.15 ( 0.27% of Recip)
|                   Scalar sum                 0.70 ( 1.24% of Recip)
|                   Grad sum                   0.41 ( 0.74% of Recip)
|                      FFT back comm time        41.78 (79.63% of FFT t)
|                      Other                     10.69 (20.37% of FFT t)
|                   FFT time                  52.48 (93.62% of Recip)
|                   Other                      2.15 ( 3.84% of Recip)
|                Recip Ewald time          56.05 (75.88% of Ewald)
|                Force Adjust               2.73 ( 3.70% of Ewald)
|                Virial junk                2.94 ( 3.98% of Ewald)
|                Other                      0.01 ( 0.01% of Ewald)
|             Ewald time                73.87 (99.61% of Nonbo)
|          Nonbond force             74.15 (79.36% of Force)
|          Bond/Angle/Dihedral        0.06 ( 0.06% of Force)
|          FRC Collect time           8.33 ( 8.92% of Force)
|          Other                     10.89 (11.66% of Force)
|       Force time                93.44 (100.0% of Runmd)
|    Runmd Time                93.44 (28.39% of Total)
|    Other                    235.68 (71.61% of Total)
| Total time               329.13 (100.0% of ALL  )

| Highest rstack allocated:      39505
| Highest istack allocated:        841
|           Job began  at 15:29:02.458  on 03/14/2017
|           Setup done at 15:29:02.859  on 03/14/2017
|           Run   done at 15:34:31.586  on 03/14/2017
|     wallclock() was called   44068 times
