
          -------------------------------------------------------
          Amber 16 SANDER                              2016
          -------------------------------------------------------

| Run on 03/14/2017 at 14:26:46

|   Executable path: sander.MPI
| Working directory: /home/steboss/projects/mdgx-tests/alanine/IPOLQ/input/PhiPsi_1/195/300
|          Hostname: node006

  [-O]verwriting output

File Assignments:
|  MDIN: equil.in                                                              
| MDOUT: Conf300.eq.out                                                        
|INPCRD: Conf300.min                                                           
|  PARM: Conf300.top                                                           
|RESTRT: Conf300.rst                                                           
|  REFC: Conf300.crd                                                           
| MDVEL: mdvel                                                                 
| MDFRC: mdfrc                                                                 
|  MDEN: mden                                                                  
| MDCRD: mdcrd                                                                 
|MDINFO: mdinfo                                                                
|  MTMD: mtmd                                                                  
|INPDIP: inpdip                                                                
|RSTDIP: rstdip                                                                
|INPTRA: inptraj                                                               

|    REMLOG: rem.log
|   REMTYPE: rem.type
|  REMSTRIP: 
|   SAVEENE: saveene
|CLUSTERINF: cluster.info
| RESERVOIR: reserv/frame
|   REMDDIM: 


 Here is the input file:

Equilibrate water in NPT                                                       
 &cntrl                                                                        
                                                                               
  nmropt = 0,                                                                  
  ntx    = 1,       irest  = 0,       ntrx   = 1,      ntxo   = 1,             
  ntpr   = 1000,    ntwx   = 1000,    ntwv   = 0,      ntwe   = 1000,          
  iwrap  = 0,       ioutfm = 1,                                                
                                                                               
  ntf    = 2,       ntb    = 2,                                                
  cut = 9.0,                                                                   
                                                                               
  ibelly = 0,       ntr    = 1,                                                
  restraintmask = ':1',                                                        
  restraint_wt = 100.0,                                                        
                                                                               
  imin   = 0,                                                                  
  nstlim = 10000,                                                              
  nscm   = 1000,                                                               
  t      = 0.0,     dt     = 0.002,                                            
                                                                               
  temp0     = 298.0,   tempi  = 0.0,                                           
  ig        = -1,                                                              
  ntt       = 3,                                                               
  gamma_ln  = 3.0,                                                             
                                                                               
  ntp    = 1,       pres0  = 1.0,     comp   = 44.6,                           
  taup   = 1.0,                                                                
                                                                               
  ntc    = 2,       tol    = 0.000001, watnam = 'WAT ',                        
                                                                               
 &end                                                                          

--------------------------------------------------------------------------------
   1.  RESOURCE   USE: 
--------------------------------------------------------------------------------

| Flags: MPI                                                                    
 getting new box info from bottom of inpcrd
|  INFO: Old style inpcrd file read

| peek_ewald_inpcrd: Box info found
|Largest sphere to fit in unit cell has radius =    14.591
| New format PARM file being parsed.
| Version =    1.000 Date = 03/14/17 Time = 13:38:44
 NATOM  =    2908 NTYPES =       9 NBONH =    2898 MBONA  =       9
 NTHETH =      25 MTHETA =      11 NPHIH =      43 MPHIA  =      24
 NHPARM =       0 NPARM  =       0 NNB   =    3947 NRES   =     965
 NBONA  =       9 NTHETA =      11 NPHIA =      24 NUMBND =      10
 NUMANG =      16 NPTRA  =      19 NATYP =       9 NPHB   =       1
 IFBOX  =       2 NMXRS  =      10 IFCAP =       0 NEXTRA =       0
 NCOPY  =       0


|     Memory Use     Allocated
|     Real              299068
|     Hollerith           9691
|     Integer            89296
|     Max Pairs         322544
|     nblistReal         34896
|     nblist Int         88261
|       Total             4600 kbytes

| Note: 1-4 EEL scale factors are being read from the topology file.

| Note: 1-4 VDW scale factors are being read from the topology file.
| Duplicated    0 dihedrals
| Duplicated    0 dihedrals

     BOX TYPE: TRUNCATED OCTAHEDRON
Note: ig = -1. Setting random seed to   345576 based on wallclock time in microseconds
      and disabling the synchronization of random numbers between tasks
      to improve performance.

--------------------------------------------------------------------------------
   2.  CONTROL  DATA  FOR  THE  RUN
--------------------------------------------------------------------------------

default_name                                                                    

General flags:
     imin    =       0, nmropt  =       0

Nature and format of input:
     ntx     =       1, irest   =       0, ntrx    =       1

Nature and format of output:
     ntxo    =       1, ntpr    =    1000, ntrx    =       1, ntwr    =   10000
     iwrap   =       0, ntwx    =    1000, ntwv    =       0, ntwe    =    1000
     ioutfm  =       1, ntwprt  =       0, idecomp =       0, rbornstat=      0

Potential function:
     ntf     =       2, ntb     =       2, igb     =       0, nsnb    =      25
     ipol    =       0, gbsa    =       0, iesp    =       0
     dielc   =   1.00000, cut     =   9.00000, intdiel =   1.00000

Frozen or restrained atoms:
     ibelly  =       0, ntr     =       1
     restraint_wt = 100.00000

Molecular dynamics:
     nstlim  =     10000, nscm    =         0, nrespa  =         1
     t       =   0.00000, dt      =   0.00200, vlimit  =  20.00000

Langevin dynamics temperature regulation:
     ig      =  345576
     temp0   = 298.00000, tempi   =   0.00000, gamma_ln=   3.00000

Pressure regulation:
     ntp     =       1
     pres0   =   1.00000, comp    =  44.60000, taup    =   1.00000

SHAKE:
     ntc     =       2, jfastw  =       0
     tol     =   0.00000

Ewald parameters:
     verbose =       0, ew_type =       0, nbflag  =       1, use_pme =       1
     vdwmeth =       1, eedmeth =       1, netfrc  =       1
     Box X =   35.742   Box Y =   35.742   Box Z =   35.742
     Alpha =  109.471   Beta  =  109.471   Gamma =  109.471
     NFFT1 =   36       NFFT2 =   36       NFFT3 =   36
     Cutoff=    9.000   Tol   =0.100E-04
     Ewald Coefficient =  0.30768
     Interpolation order =    4

| MPI Timing options:
|      profile_mpi =        0

    LOADING THE CONSTRAINED ATOMS AS GROUPS


   5.  REFERENCE ATOM COORDINATES

  defa
     Mask :1; matches     6 atoms

--------------------------------------------------------------------------------
   3.  ATOMIC COORDINATES AND VELOCITIES
--------------------------------------------------------------------------------

defa                                                                            
 begin time read from input coords =     0.000 ps

 Number of triangulated 3-point waters found:      962
|  Atom division among processors:
|         0     364     727    1090    1453    1816    2182    2545
|      2908

     Sum of charges from parm topology file =  -0.00000000
     Forcing neutrality...
|  Running AMBER/MPI version on    8 nodes


--------------------------------------------------------------------------------
   4.  RESULTS
--------------------------------------------------------------------------------

|  # of SOLUTE  degrees of freedom (RNDFP):    5826.
|  # of SOLVENT degrees of freedom (RNDFS):       0.
|  NDFMIN =    5826.     NUM_NOSHAKE =      0     CORRECTED RNDFP =    5826.
|  TOTAL # of degrees of freedom (RNDF) =    5826.
 ---------------------------------------------------
 APPROXIMATING switch and d/dx switch using CUBIC SPLINE INTERPOLATION
 using   5000.0 points per unit in tabled values
 TESTING RELATIVE ERROR over r ranging from 0.0 to cutoff
| CHECK switch(x): max rel err =   0.2738E-14   at   2.422500
| CHECK d/dx switch(x): max rel err =   0.8314E-11   at   2.736960
 ---------------------------------------------------
| Local SIZE OF NONBOND LIST =      95805
| TOTAL SIZE OF NONBOND LIST =     671728

 NSTEP =        0   TIME(PS) =       0.000  TEMP(K) =     0.00  PRESS = -5380.6
 Etot   =    -12758.6245  EKtot   =         0.0000  EPtot      =    -12758.6245
 BOND   =         0.5797  ANGLE   =         1.3786  DIHED      =        13.5898
 1-4 NB =         2.8140  1-4 EEL =        45.1798  VDWAALS    =      2260.6874
 EELEC  =    -15082.9209  EHBOND  =         0.0000  RESTRAINT  =         0.0670
 EAMBER (non-restraint)  =    -12758.6916
 EKCMT  =         0.0000  VIRIAL  =      4083.2698  VOLUME     =     35147.9102
                                                    Density    =         0.8256
 Ewald error estimate:   0.1320E-03
 ------------------------------------------------------------------------------


 NSTEP =     1000   TIME(PS) =       2.000  TEMP(K) =   281.55  PRESS =  -879.4
 Etot   =     -7481.9553  EKtot   =      1629.8083  EPtot      =     -9111.7635
 BOND   =         3.1099  ANGLE   =        11.4221  DIHED      =        14.0387
 1-4 NB =         2.7398  1-4 EEL =        42.1318  VDWAALS    =      1349.1998
 EELEC  =    -10536.7705  EHBOND  =         0.0000  RESTRAINT  =         2.3648
 EAMBER (non-restraint)  =     -9114.1284
 EKCMT  =       795.6778  VIRIAL  =      1406.8128  VOLUME     =     32187.0476
                                                    Density    =         0.9016
 Ewald error estimate:   0.3067E-04
 ------------------------------------------------------------------------------


 NSTEP =     2000   TIME(PS) =       4.000  TEMP(K) =   310.08  PRESS =  -496.3
 Etot   =     -7287.0746  EKtot   =      1794.9410  EPtot      =     -9082.0156
 BOND   =         3.8565  ANGLE   =        10.4593  DIHED      =        11.7150
 1-4 NB =         1.9147  1-4 EEL =        47.5725  VDWAALS    =      1301.0014
 EELEC  =    -10463.0654  EHBOND  =         0.0000  RESTRAINT  =         4.5304
 EAMBER (non-restraint)  =     -9086.5460
 EKCMT  =       925.8542  VIRIAL  =      1253.2946  VOLUME     =     30557.1200
                                                    Density    =         0.9497
 Ewald error estimate:   0.9108E-04
 ------------------------------------------------------------------------------


 NSTEP =     3000   TIME(PS) =       6.000  TEMP(K) =   290.98  PRESS =  -381.9
 Etot   =     -7477.9393  EKtot   =      1684.3641  EPtot      =     -9162.3034
 BOND   =         2.1568  ANGLE   =         7.8838  DIHED      =        11.8754
 1-4 NB =         1.5246  1-4 EEL =        45.6774  VDWAALS    =      1330.3392
 EELEC  =    -10565.1285  EHBOND  =         0.0000  RESTRAINT  =         3.3678
 EAMBER (non-restraint)  =     -9165.6712
 EKCMT  =       826.6427  VIRIAL  =      1073.4753  VOLUME     =     29933.6816
                                                    Density    =         0.9695
 Ewald error estimate:   0.5338E-03
 ------------------------------------------------------------------------------


 NSTEP =     4000   TIME(PS) =       8.000  TEMP(K) =   294.06  PRESS =  -312.8
 Etot   =     -7472.4993  EKtot   =      1702.2412  EPtot      =     -9174.7405
 BOND   =         2.4153  ANGLE   =        13.9505  DIHED      =        10.2781
 1-4 NB =         3.0519  1-4 EEL =        44.1669  VDWAALS    =      1329.7769
 EELEC  =    -10580.8296  EHBOND  =         0.0000  RESTRAINT  =         2.4496
 EAMBER (non-restraint)  =     -9177.1900
 EKCMT  =       860.9944  VIRIAL  =      1060.7713  VOLUME     =     29575.4592
                                                    Density    =         0.9812
 Ewald error estimate:   0.3071E-04
 ------------------------------------------------------------------------------


 NSTEP =     5000   TIME(PS) =      10.000  TEMP(K) =   299.83  PRESS =   235.3
 Etot   =     -7572.7102  EKtot   =      1735.6236  EPtot      =     -9308.3339
 BOND   =         1.1182  ANGLE   =         9.4239  DIHED      =         9.4087
 1-4 NB =         3.5581  1-4 EEL =        46.9234  VDWAALS    =      1431.8838
 EELEC  =    -10813.2622  EHBOND  =         0.0000  RESTRAINT  =         2.6122
 EAMBER (non-restraint)  =     -9310.9460
 EKCMT  =       877.3832  VIRIAL  =       727.2435  VOLUME     =     29558.7111
                                                    Density    =         0.9818
 Ewald error estimate:   0.3399E-03
 ------------------------------------------------------------------------------


 NSTEP =     6000   TIME(PS) =      12.000  TEMP(K) =   297.77  PRESS =   -20.8
 Etot   =     -7557.8650  EKtot   =      1723.6933  EPtot      =     -9281.5582
 BOND   =         3.8148  ANGLE   =         7.2595  DIHED      =        10.8154
 1-4 NB =         4.4954  1-4 EEL =        46.8521  VDWAALS    =      1400.3904
 EELEC  =    -10757.6535  EHBOND  =         0.0000  RESTRAINT  =         2.4678
 EAMBER (non-restraint)  =     -9284.0260
 EKCMT  =       831.1770  VIRIAL  =       844.3726  VOLUME     =     29433.1758
                                                    Density    =         0.9859
 Ewald error estimate:   0.1487E-03
 ------------------------------------------------------------------------------


 NSTEP =     7000   TIME(PS) =      14.000  TEMP(K) =   291.40  PRESS =   179.0
 Etot   =     -7520.8910  EKtot   =      1686.8213  EPtot      =     -9207.7123
 BOND   =         3.4289  ANGLE   =         7.8690  DIHED      =        12.5256
 1-4 NB =         2.8337  1-4 EEL =        45.4693  VDWAALS    =      1403.2286
 EELEC  =    -10685.7268  EHBOND  =         0.0000  RESTRAINT  =         2.6594
 EAMBER (non-restraint)  =     -9210.3716
 EKCMT  =       816.5337  VIRIAL  =       702.1926  VOLUME     =     29584.1652
                                                    Density    =         0.9809
 Ewald error estimate:   0.3847E-03
 ------------------------------------------------------------------------------


 NSTEP =     8000   TIME(PS) =      16.000  TEMP(K) =   303.19  PRESS =   291.1
 Etot   =     -7477.4150  EKtot   =      1755.0675  EPtot      =     -9232.4825
 BOND   =         1.7277  ANGLE   =         4.6372  DIHED      =        11.4577
 1-4 NB =         3.9446  1-4 EEL =        49.0541  VDWAALS    =      1382.5983
 EELEC  =    -10693.0161  EHBOND  =         0.0000  RESTRAINT  =         7.1141
 EAMBER (non-restraint)  =     -9239.5966
 EKCMT  =       886.4783  VIRIAL  =       701.4346  VOLUME     =     29436.6105
                                                    Density    =         0.9858
 Ewald error estimate:   0.2679E-04
 ------------------------------------------------------------------------------


 NSTEP =     9000   TIME(PS) =      18.000  TEMP(K) =   300.82  PRESS =  -189.7
 Etot   =     -7534.3087  EKtot   =      1741.3783  EPtot      =     -9275.6870
 BOND   =         3.4164  ANGLE   =        12.4741  DIHED      =         9.6407
 1-4 NB =         3.0666  1-4 EEL =        47.9359  VDWAALS    =      1356.7490
 EELEC  =    -10714.5430  EHBOND  =         0.0000  RESTRAINT  =         5.5733
 EAMBER (non-restraint)  =     -9281.2603
 EKCMT  =       877.6963  VIRIAL  =       998.2808  VOLUME     =     29433.0899
                                                    Density    =         0.9859
 Ewald error estimate:   0.9723E-04
 ------------------------------------------------------------------------------


 NSTEP =    10000   TIME(PS) =      20.000  TEMP(K) =   295.70  PRESS =  -304.3
 Etot   =     -7514.5041  EKtot   =      1711.7430  EPtot      =     -9226.2472
 BOND   =         1.6487  ANGLE   =        10.0005  DIHED      =        11.2151
 1-4 NB =         3.3572  1-4 EEL =        46.5118  VDWAALS    =      1331.5843
 EELEC  =    -10632.3067  EHBOND  =         0.0000  RESTRAINT  =         1.7419
 EAMBER (non-restraint)  =     -9227.9890
 EKCMT  =       847.1089  VIRIAL  =      1040.4024  VOLUME     =     29421.8090
                                                    Density    =         0.9863
 Ewald error estimate:   0.2459E-03
 ------------------------------------------------------------------------------


      A V E R A G E S   O V E R   10000 S T E P S


 NSTEP =    10000   TIME(PS) =      20.000  TEMP(K) =   292.04  PRESS =  -198.4
 Etot   =     -7556.0459  EKtot   =      1690.5510  EPtot      =     -9246.5968
 BOND   =         3.1818  ANGLE   =         7.9406  DIHED      =        11.0080
 1-4 NB =         3.1480  1-4 EEL =        45.9165  VDWAALS    =      1387.7286
 EELEC  =    -10708.7504  EHBOND  =         0.0000  RESTRAINT  =         3.2301
 EAMBER (non-restraint)  =     -9249.8269
 EKCMT  =       839.6630  VIRIAL  =       977.6343  VOLUME     =     30142.3848
                                                    Density    =         0.9643
 Ewald error estimate:   0.1841E-03
 ------------------------------------------------------------------------------


      R M S  F L U C T U A T I O N S


 NSTEP =    10000   TIME(PS) =      20.000  TEMP(K) =    26.69  PRESS =   434.7
 Etot   =       333.3572  EKtot   =       154.5018  EPtot      =       186.7464
 BOND   =         1.4463  ANGLE   =         2.2897  DIHED      =         1.3054
 1-4 NB =         0.7416  1-4 EEL =         2.1409  VDWAALS    =        91.6609
 EELEC  =       270.5249  EHBOND  =         0.0000  RESTRAINT  =         1.4267
 EAMBER (non-restraint)  =       185.3197
 EKCMT  =        76.6583  VIRIAL  =       267.2121  VOLUME     =      1250.0268
                                                    Density    =         0.0369
 Ewald error estimate:   0.1478E-03
 ------------------------------------------------------------------------------


--------------------------------------------------------------------------------
   5.  TIMINGS
--------------------------------------------------------------------------------

|>>>>>>>>PROFILE of Average TIMES>>>>>>>>> 
|                Build the list            10.21 (97.20% of List )
|                Other                      0.29 ( 2.80% of List )
|             List time                 10.50 ( 9.38% of Nonbo)
|                   Short_ene time            63.59 (96.39% of Direc)
|                   Other                      2.38 ( 3.61% of Direc)
|                Direct Ewald time         65.97 (64.98% of Ewald)
|                Adjust Ewald time          0.35 ( 0.34% of Ewald)
|                   Fill Bspline coeffs        1.81 ( 7.68% of Recip)
|                   Fill charge grid           1.24 ( 5.26% of Recip)
|                   Scalar sum                 5.47 (23.20% of Recip)
|                   Grad sum                   2.78 (11.79% of Recip)
|                      FFT back comm time         2.61 (23.54% of FFT t)
|                      Other                      8.49 (76.46% of FFT t)
|                   FFT time                  11.10 (47.05% of Recip)
|                   Other                      1.18 ( 5.02% of Recip)
|                Recip Ewald time          23.60 (23.24% of Ewald)
|                Force Adjust              10.90 (10.74% of Ewald)
|                Virial junk                0.66 ( 0.65% of Ewald)
|                Other                      0.04 ( 0.04% of Ewald)
|             Ewald time               101.53 (90.62% of Nonbo)
|             Other                      0.01 ( 0.01% of Nonbo)
|          Nonbond force            112.05 (98.47% of Force)
|          Bond/Angle/Dihedral        0.15 ( 0.13% of Force)
|          FRC Collect time           1.20 ( 1.06% of Force)
|          Other                      0.39 ( 0.35% of Force)
|       Force time               113.79 (89.87% of Runmd)
|       Shake time                 0.41 ( 0.32% of Runmd)
|       Verlet update time         4.99 ( 3.94% of Runmd)
|       Ekcmr time                 5.97 ( 4.71% of Runmd)
|       CRD distribute time        0.60 ( 0.47% of Runmd)
|       Other                      0.86 ( 0.68% of Runmd)
|    Runmd Time               126.62 (99.89% of Total)
|    Other                      0.14 ( 0.11% of Total)
| Total time               126.76 (100.0% of ALL  )

| Number of list builds   :        905

| Highest rstack allocated:      40045
| Highest istack allocated:        861

| Final Performance Info:
| -----------------------------------------------------
| Average timings for all steps:
|     Elapsed(s) =     127.01 Per Step(ms) =      12.70
|         ns/day =      13.61   seconds/ns =    6350.53
| -----------------------------------------------------

|           Job began  at 14:26:46.278  on 03/14/2017
|           Setup done at 14:26:46.422  on 03/14/2017
|           Run   done at 14:28:53.182  on 03/14/2017
|     wallclock() was called  571877 times
