
          -------------------------------------------------------
          Amber 16 SANDER                              2016
          -------------------------------------------------------

| Run on 03/14/2017 at 14:21:13

|   Executable path: sander.MPI
| Working directory: /home/steboss/projects/mdgx-tests/alanine/IPOLQ/input/PhiPsi_1/180/45
|          Hostname: node010

  [-O]verwriting output

File Assignments:
|  MDIN: equil.in                                                              
| MDOUT: Conf45.eq.out                                                         
|INPCRD: Conf45.min                                                            
|  PARM: Conf45.top                                                            
|RESTRT: Conf45.rst                                                            
|  REFC: Conf45.crd                                                            
| MDVEL: mdvel                                                                 
| MDFRC: mdfrc                                                                 
|  MDEN: mden                                                                  
| MDCRD: mdcrd                                                                 
|MDINFO: mdinfo                                                                
|  MTMD: mtmd                                                                  
|INPDIP: inpdip                                                                
|RSTDIP: rstdip                                                                
|INPTRA: inptraj                                                               

|    REMLOG: rem.log
|   REMTYPE: rem.type
|  REMSTRIP: 
|   SAVEENE: saveene
|CLUSTERINF: cluster.info
| RESERVOIR: reserv/frame
|   REMDDIM: 


 Here is the input file:

Equilibrate water in NPT                                                       
 &cntrl                                                                        
                                                                               
  nmropt = 0,                                                                  
  ntx    = 1,       irest  = 0,       ntrx   = 1,      ntxo   = 1,             
  ntpr   = 1000,    ntwx   = 1000,    ntwv   = 0,      ntwe   = 1000,          
  iwrap  = 0,       ioutfm = 1,                                                
                                                                               
  ntf    = 2,       ntb    = 2,                                                
  cut = 9.0,                                                                   
                                                                               
  ibelly = 0,       ntr    = 1,                                                
  restraintmask = ':1',                                                        
  restraint_wt = 100.0,                                                        
                                                                               
  imin   = 0,                                                                  
  nstlim = 10000,                                                              
  nscm   = 1000,                                                               
  t      = 0.0,     dt     = 0.002,                                            
                                                                               
  temp0     = 298.0,   tempi  = 0.0,                                           
  ig        = -1,                                                              
  ntt       = 3,                                                               
  gamma_ln  = 3.0,                                                             
                                                                               
  ntp    = 1,       pres0  = 1.0,     comp   = 44.6,                           
  taup   = 1.0,                                                                
                                                                               
  ntc    = 2,       tol    = 0.000001, watnam = 'WAT ',                        
                                                                               
 &end                                                                          

--------------------------------------------------------------------------------
   1.  RESOURCE   USE: 
--------------------------------------------------------------------------------

| Flags: MPI                                                                    
 getting new box info from bottom of inpcrd
|  INFO: Old style inpcrd file read

| peek_ewald_inpcrd: Box info found
|Largest sphere to fit in unit cell has radius =    14.531
| New format PARM file being parsed.
| Version =    1.000 Date = 03/14/17 Time = 13:38:38
 NATOM  =    2890 NTYPES =       9 NBONH =    2880 MBONA  =       9
 NTHETH =      25 MTHETA =      11 NPHIH =      43 MPHIA  =      24
 NHPARM =       0 NPARM  =       0 NNB   =    3923 NRES   =     959
 NBONA  =       9 NTHETA =      11 NPHIA =      24 NUMBND =      10
 NUMANG =      16 NPTRA  =      19 NATYP =       9 NPHB   =       1
 IFBOX  =       2 NMXRS  =      10 IFCAP =       0 NEXTRA =       0
 NCOPY  =       0


|     Memory Use     Allocated
|     Real              297754
|     Hollerith           9631
|     Integer            88888
|     Max Pairs         320548
|     nblistReal         34680
|     nblist Int         87841
|       Total             4577 kbytes

| Note: 1-4 EEL scale factors are being read from the topology file.

| Note: 1-4 VDW scale factors are being read from the topology file.
| Duplicated    0 dihedrals
| Duplicated    0 dihedrals

     BOX TYPE: TRUNCATED OCTAHEDRON
Note: ig = -1. Setting random seed to   985009 based on wallclock time in microseconds
      and disabling the synchronization of random numbers between tasks
      to improve performance.

--------------------------------------------------------------------------------
   2.  CONTROL  DATA  FOR  THE  RUN
--------------------------------------------------------------------------------

default_name                                                                    

General flags:
     imin    =       0, nmropt  =       0

Nature and format of input:
     ntx     =       1, irest   =       0, ntrx    =       1

Nature and format of output:
     ntxo    =       1, ntpr    =    1000, ntrx    =       1, ntwr    =   10000
     iwrap   =       0, ntwx    =    1000, ntwv    =       0, ntwe    =    1000
     ioutfm  =       1, ntwprt  =       0, idecomp =       0, rbornstat=      0

Potential function:
     ntf     =       2, ntb     =       2, igb     =       0, nsnb    =      25
     ipol    =       0, gbsa    =       0, iesp    =       0
     dielc   =   1.00000, cut     =   9.00000, intdiel =   1.00000

Frozen or restrained atoms:
     ibelly  =       0, ntr     =       1
     restraint_wt = 100.00000

Molecular dynamics:
     nstlim  =     10000, nscm    =         0, nrespa  =         1
     t       =   0.00000, dt      =   0.00200, vlimit  =  20.00000

Langevin dynamics temperature regulation:
     ig      =  985009
     temp0   = 298.00000, tempi   =   0.00000, gamma_ln=   3.00000

Pressure regulation:
     ntp     =       1
     pres0   =   1.00000, comp    =  44.60000, taup    =   1.00000

SHAKE:
     ntc     =       2, jfastw  =       0
     tol     =   0.00000

Ewald parameters:
     verbose =       0, ew_type =       0, nbflag  =       1, use_pme =       1
     vdwmeth =       1, eedmeth =       1, netfrc  =       1
     Box X =   35.594   Box Y =   35.594   Box Z =   35.594
     Alpha =  109.471   Beta  =  109.471   Gamma =  109.471
     NFFT1 =   36       NFFT2 =   36       NFFT3 =   36
     Cutoff=    9.000   Tol   =0.100E-04
     Ewald Coefficient =  0.30768
     Interpolation order =    4

| MPI Timing options:
|      profile_mpi =        0

    LOADING THE CONSTRAINED ATOMS AS GROUPS


   5.  REFERENCE ATOM COORDINATES

  defa
     Mask :1; matches     6 atoms

--------------------------------------------------------------------------------
   3.  ATOMIC COORDINATES AND VELOCITIES
--------------------------------------------------------------------------------

defa                                                                            
 begin time read from input coords =     0.000 ps

 Number of triangulated 3-point waters found:      956
|  Atom division among processors:
|         0     361     724    1087    1447    1807    2170    2530
|      2890

     Sum of charges from parm topology file =  -0.00000000
     Forcing neutrality...
|  Running AMBER/MPI version on    8 nodes


--------------------------------------------------------------------------------
   4.  RESULTS
--------------------------------------------------------------------------------

|  # of SOLUTE  degrees of freedom (RNDFP):    5790.
|  # of SOLVENT degrees of freedom (RNDFS):       0.
|  NDFMIN =    5790.     NUM_NOSHAKE =      0     CORRECTED RNDFP =    5790.
|  TOTAL # of degrees of freedom (RNDF) =    5790.
 ---------------------------------------------------
 APPROXIMATING switch and d/dx switch using CUBIC SPLINE INTERPOLATION
 using   5000.0 points per unit in tabled values
 TESTING RELATIVE ERROR over r ranging from 0.0 to cutoff
| CHECK switch(x): max rel err =   0.2738E-14   at   2.422500
| CHECK d/dx switch(x): max rel err =   0.8314E-11   at   2.736960
 ---------------------------------------------------
| Local SIZE OF NONBOND LIST =      96910
| TOTAL SIZE OF NONBOND LIST =     671190

 NSTEP =        0   TIME(PS) =       0.000  TEMP(K) =     0.00  PRESS = -5409.6
 Etot   =    -12658.4119  EKtot   =         0.0000  EPtot      =    -12658.4119
 BOND   =         0.6816  ANGLE   =         1.1498  DIHED      =         8.4066
 1-4 NB =         3.5611  1-4 EEL =        44.0330  VDWAALS    =      2235.7821
 EELEC  =    -14952.0432  EHBOND  =         0.0000  RESTRAINT  =         0.0172
 EAMBER (non-restraint)  =    -12658.4291
 EKCMT  =         0.0000  VIRIAL  =      4054.5720  VOLUME     =     34713.6170
                                                    Density    =         0.8308
 Ewald error estimate:   0.1892E-04
 ------------------------------------------------------------------------------


 NSTEP =     1000   TIME(PS) =       2.000  TEMP(K) =   294.22  PRESS =  -654.3
 Etot   =     -7397.4085  EKtot   =      1692.6185  EPtot      =     -9090.0270
 BOND   =         0.8892  ANGLE   =         5.8392  DIHED      =        13.0217
 1-4 NB =         3.4084  1-4 EEL =        47.0167  VDWAALS    =      1384.0475
 EELEC  =    -10548.1557  EHBOND  =         0.0000  RESTRAINT  =         3.9060
 EAMBER (non-restraint)  =     -9093.9330
 EKCMT  =       839.4365  VIRIAL  =      1292.1369  VOLUME     =     32042.7490
                                                    Density    =         0.9000
 Ewald error estimate:   0.1314E-03
 ------------------------------------------------------------------------------


 NSTEP =     2000   TIME(PS) =       4.000  TEMP(K) =   292.76  PRESS = -1212.7
 Etot   =     -7408.7167  EKtot   =      1684.1962  EPtot      =     -9092.9129
 BOND   =         2.7710  ANGLE   =         7.8959  DIHED      =        12.4420
 1-4 NB =         3.7534  1-4 EEL =        44.3791  VDWAALS    =      1217.2448
 EELEC  =    -10383.9321  EHBOND  =         0.0000  RESTRAINT  =         2.5329
 EAMBER (non-restraint)  =     -9095.4458
 EKCMT  =       832.0039  VIRIAL  =      1622.0788  VOLUME     =     30174.9094
                                                    Density    =         0.9558
 Ewald error estimate:   0.2577E-03
 ------------------------------------------------------------------------------


 NSTEP =     3000   TIME(PS) =       6.000  TEMP(K) =   305.13  PRESS =   307.3
 Etot   =     -7412.2189  EKtot   =      1755.3999  EPtot      =     -9167.6188
 BOND   =         6.1688  ANGLE   =         5.5924  DIHED      =         9.4859
 1-4 NB =         5.3702  1-4 EEL =        42.8034  VDWAALS    =      1411.9406
 EELEC  =    -10652.1479  EHBOND  =         0.0000  RESTRAINT  =         3.1678
 EAMBER (non-restraint)  =     -9170.7866
 EKCMT  =       897.9265  VIRIAL  =       702.1057  VOLUME     =     29509.0865
                                                    Density    =         0.9773
 Ewald error estimate:   0.1451E-03
 ------------------------------------------------------------------------------


 NSTEP =     4000   TIME(PS) =       8.000  TEMP(K) =   300.49  PRESS =   244.0
 Etot   =     -7419.4255  EKtot   =      1728.6876  EPtot      =     -9148.1131
 BOND   =         2.1290  ANGLE   =         6.5207  DIHED      =        11.1310
 1-4 NB =         4.8452  1-4 EEL =        43.9572  VDWAALS    =      1394.4322
 EELEC  =    -10612.2760  EHBOND  =         0.0000  RESTRAINT  =         1.1476
 EAMBER (non-restraint)  =     -9149.2607
 EKCMT  =       828.1902  VIRIAL  =       673.4316  VOLUME     =     29370.5820
                                                    Density    =         0.9819
 Ewald error estimate:   0.2716E-03
 ------------------------------------------------------------------------------


 NSTEP =     5000   TIME(PS) =      10.000  TEMP(K) =   296.94  PRESS =  -207.7
 Etot   =     -7422.1513  EKtot   =      1708.2926  EPtot      =     -9130.4440
 BOND   =         2.3388  ANGLE   =        12.2973  DIHED      =        11.4167
 1-4 NB =         3.6625  1-4 EEL =        48.5673  VDWAALS    =      1325.2959
 EELEC  =    -10538.6857  EHBOND  =         0.0000  RESTRAINT  =         4.6631
 EAMBER (non-restraint)  =     -9135.1071
 EKCMT  =       870.2000  VIRIAL  =      1001.8920  VOLUME     =     29371.5794
                                                    Density    =         0.9819
 Ewald error estimate:   0.5401E-03
 ------------------------------------------------------------------------------


 NSTEP =     6000   TIME(PS) =      12.000  TEMP(K) =   284.54  PRESS =  -269.0
 Etot   =     -7509.3875  EKtot   =      1636.9470  EPtot      =     -9146.3344
 BOND   =         3.1912  ANGLE   =        10.3050  DIHED      =        12.5468
 1-4 NB =         2.2833  1-4 EEL =        43.6880  VDWAALS    =      1315.8004
 EELEC  =    -10541.7704  EHBOND  =         0.0000  RESTRAINT  =         7.6212
 EAMBER (non-restraint)  =     -9153.9556
 EKCMT  =       811.5859  VIRIAL  =       981.2191  VOLUME     =     29208.2918
                                                    Density    =         0.9874
 Ewald error estimate:   0.2597E-05
 ------------------------------------------------------------------------------


 NSTEP =     7000   TIME(PS) =      14.000  TEMP(K) =   299.34  PRESS =  -482.4
 Etot   =     -7462.9114  EKtot   =      1722.0923  EPtot      =     -9185.0037
 BOND   =         4.0750  ANGLE   =         8.9089  DIHED      =        10.6092
 1-4 NB =         2.3437  1-4 EEL =        41.7011  VDWAALS    =      1304.2801
 EELEC  =    -10560.3154  EHBOND  =         0.0000  RESTRAINT  =         3.3937
 EAMBER (non-restraint)  =     -9188.3974
 EKCMT  =       862.6405  VIRIAL  =      1168.6102  VOLUME     =     29378.5878
                                                    Density    =         0.9817
 Ewald error estimate:   0.2191E-03
 ------------------------------------------------------------------------------


 NSTEP =     8000   TIME(PS) =      16.000  TEMP(K) =   305.10  PRESS =   -32.7
 Etot   =     -7407.1090  EKtot   =      1755.2347  EPtot      =     -9162.3437
 BOND   =         2.1613  ANGLE   =         6.4093  DIHED      =         9.0068
 1-4 NB =         2.6498  1-4 EEL =        42.6446  VDWAALS    =      1350.4790
 EELEC  =    -10579.4015  EHBOND  =         0.0000  RESTRAINT  =         3.7069
 EAMBER (non-restraint)  =     -9166.0506
 EKCMT  =       877.6822  VIRIAL  =       898.2400  VOLUME     =     29136.1305
                                                    Density    =         0.9898
 Ewald error estimate:   0.2161E-03
 ------------------------------------------------------------------------------


 NSTEP =     9000   TIME(PS) =      18.000  TEMP(K) =   292.75  PRESS =   316.8
 Etot   =     -7445.4240  EKtot   =      1684.1484  EPtot      =     -9129.5724
 BOND   =         1.1637  ANGLE   =         5.4292  DIHED      =        15.7764
 1-4 NB =         3.4377  1-4 EEL =        46.0411  VDWAALS    =      1374.4676
 EELEC  =    -10579.6553  EHBOND  =         0.0000  RESTRAINT  =         3.7673
 EAMBER (non-restraint)  =     -9133.3397
 EKCMT  =       825.1262  VIRIAL  =       625.2987  VOLUME     =     29211.1436
                                                    Density    =         0.9873
 Ewald error estimate:   0.2699E-03
 ------------------------------------------------------------------------------


 NSTEP =    10000   TIME(PS) =      20.000  TEMP(K) =   299.69  PRESS =  -306.0
 Etot   =     -7472.3792  EKtot   =      1724.0754  EPtot      =     -9196.4546
 BOND   =         3.4766  ANGLE   =         6.9935  DIHED      =        11.9992
 1-4 NB =         3.3360  1-4 EEL =        40.0985  VDWAALS    =      1341.4390
 EELEC  =    -10607.7840  EHBOND  =         0.0000  RESTRAINT  =         3.9867
 EAMBER (non-restraint)  =     -9200.4413
 EKCMT  =       845.4416  VIRIAL  =      1038.7897  VOLUME     =     29263.9120
                                                    Density    =         0.9855
 Ewald error estimate:   0.6490E-06
 ------------------------------------------------------------------------------


      A V E R A G E S   O V E R   10000 S T E P S


 NSTEP =    10000   TIME(PS) =      20.000  TEMP(K) =   292.81  PRESS =  -190.5
 Etot   =     -7512.6198  EKtot   =      1684.5069  EPtot      =     -9197.1267
 BOND   =         3.0591  ANGLE   =         8.4800  DIHED      =        11.9570
 1-4 NB =         3.3604  1-4 EEL =        43.3815  VDWAALS    =      1382.2817
 EELEC  =    -10652.9450  EHBOND  =         0.0000  RESTRAINT  =         3.2986
 EAMBER (non-restraint)  =     -9200.4253
 EKCMT  =       836.9117  VIRIAL  =       968.1982  VOLUME     =     29893.6001
                                                    Density    =         0.9662
 Ewald error estimate:   0.2034E-03
 ------------------------------------------------------------------------------


      R M S  F L U C T U A T I O N S


 NSTEP =    10000   TIME(PS) =      20.000  TEMP(K) =    26.62  PRESS =   453.5
 Etot   =       325.2906  EKtot   =       153.1521  EPtot      =       178.3000
 BOND   =         1.4646  ANGLE   =         2.2820  DIHED      =         1.9138
 1-4 NB =         0.7562  1-4 EEL =         1.8678  VDWAALS    =        87.7539
 EELEC  =       255.8599  EHBOND  =         0.0000  RESTRAINT  =         1.3415
 EAMBER (non-restraint)  =       176.9585
 EKCMT  =        75.2355  VIRIAL  =       274.3013  VOLUME     =      1199.1089
                                                    Density    =         0.0358
 Ewald error estimate:   0.1523E-03
 ------------------------------------------------------------------------------


--------------------------------------------------------------------------------
   5.  TIMINGS
--------------------------------------------------------------------------------

|>>>>>>>>PROFILE of Average TIMES>>>>>>>>> 
|                Build the list             7.71 (97.59% of List )
|                Other                      0.19 ( 2.41% of List )
|             List time                  7.90 ( 9.89% of Nonbo)
|                   Short_ene time            44.63 (96.46% of Direc)
|                   Other                      1.64 ( 3.54% of Direc)
|                Direct Ewald time         46.27 (64.30% of Ewald)
|                Adjust Ewald time          0.24 ( 0.33% of Ewald)
|                   Fill Bspline coeffs        1.03 ( 6.29% of Recip)
|                   Fill charge grid           0.88 ( 5.41% of Recip)
|                   Scalar sum                 4.00 (24.55% of Recip)
|                   Grad sum                   1.99 (12.22% of Recip)
|                      FFT back comm time         1.23 (16.49% of FFT t)
|                      Other                      6.21 (83.51% of FFT t)
|                   FFT time                   7.44 (45.61% of Recip)
|                   Other                      0.97 ( 5.92% of Recip)
|                Recip Ewald time          16.31 (22.66% of Ewald)
|                Force Adjust               8.69 (12.08% of Ewald)
|                Virial junk                0.42 ( 0.58% of Ewald)
|                Other                      0.03 ( 0.04% of Ewald)
|             Ewald time                71.95 (90.11% of Nonbo)
|             Other                      0.00 ( 0.01% of Nonbo)
|          Nonbond force             79.86 (98.83% of Force)
|          Bond/Angle/Dihedral        0.09 ( 0.11% of Force)
|          FRC Collect time           0.68 ( 0.84% of Force)
|          Other                      0.18 ( 0.22% of Force)
|       Force time                80.80 (90.69% of Runmd)
|       Shake time                 0.28 ( 0.31% of Runmd)
|       Verlet update time         3.33 ( 3.74% of Runmd)
|       Ekcmr time                 3.69 ( 4.14% of Runmd)
|       CRD distribute time        0.36 ( 0.40% of Runmd)
|       Other                      0.64 ( 0.72% of Runmd)
|    Runmd Time                89.10 (99.77% of Total)
|    Other                      0.21 ( 0.23% of Total)
| Total time                89.31 (100.0% of ALL  )

| Number of list builds   :        903

| Highest rstack allocated:      39910
| Highest istack allocated:        856

| Final Performance Info:
| -----------------------------------------------------
| Average timings for all steps:
|     Elapsed(s) =      89.45 Per Step(ms) =       8.94
|         ns/day =      19.32   seconds/ns =    4472.35
| -----------------------------------------------------

|           Job began  at 14:21:13.930  on 03/14/2017
|           Setup done at 14:21:14.172  on 03/14/2017
|           Run   done at 14:22:43.446  on 03/14/2017
|     wallclock() was called  571873 times
