
          -------------------------------------------------------
          Amber 16 SANDER                              2016
          -------------------------------------------------------

| Run on 03/14/2017 at 14:50:15

|   Executable path: sander.MPI
| Working directory: /home/steboss/projects/mdgx-tests/alanine/IPOLQ/input/PhiPsi_1/270/225
|          Hostname: node002

  [-O]verwriting output

File Assignments:
|  MDIN: equil.in                                                              
| MDOUT: Conf225.eq.out                                                        
|INPCRD: Conf225.min                                                           
|  PARM: Conf225.top                                                           
|RESTRT: Conf225.rst                                                           
|  REFC: Conf225.crd                                                           
| MDVEL: mdvel                                                                 
| MDFRC: mdfrc                                                                 
|  MDEN: mden                                                                  
| MDCRD: mdcrd                                                                 
|MDINFO: mdinfo                                                                
|  MTMD: mtmd                                                                  
|INPDIP: inpdip                                                                
|RSTDIP: rstdip                                                                
|INPTRA: inptraj                                                               

|    REMLOG: rem.log
|   REMTYPE: rem.type
|  REMSTRIP: 
|   SAVEENE: saveene
|CLUSTERINF: cluster.info
| RESERVOIR: reserv/frame
|   REMDDIM: 


 Here is the input file:

Equilibrate water in NPT                                                       
 &cntrl                                                                        
                                                                               
  nmropt = 0,                                                                  
  ntx    = 1,       irest  = 0,       ntrx   = 1,      ntxo   = 1,             
  ntpr   = 1000,    ntwx   = 1000,    ntwv   = 0,      ntwe   = 1000,          
  iwrap  = 0,       ioutfm = 1,                                                
                                                                               
  ntf    = 2,       ntb    = 2,                                                
  cut = 9.0,                                                                   
                                                                               
  ibelly = 0,       ntr    = 1,                                                
  restraintmask = ':1',                                                        
  restraint_wt = 100.0,                                                        
                                                                               
  imin   = 0,                                                                  
  nstlim = 10000,                                                              
  nscm   = 1000,                                                               
  t      = 0.0,     dt     = 0.002,                                            
                                                                               
  temp0     = 298.0,   tempi  = 0.0,                                           
  ig        = -1,                                                              
  ntt       = 3,                                                               
  gamma_ln  = 3.0,                                                             
                                                                               
  ntp    = 1,       pres0  = 1.0,     comp   = 44.6,                           
  taup   = 1.0,                                                                
                                                                               
  ntc    = 2,       tol    = 0.000001, watnam = 'WAT ',                        
                                                                               
 &end                                                                          

--------------------------------------------------------------------------------
   1.  RESOURCE   USE: 
--------------------------------------------------------------------------------

| Flags: MPI                                                                    
 getting new box info from bottom of inpcrd
|  INFO: Old style inpcrd file read

| peek_ewald_inpcrd: Box info found
|Largest sphere to fit in unit cell has radius =    14.791
| New format PARM file being parsed.
| Version =    1.000 Date = 03/14/17 Time = 13:39:24
 NATOM  =    3034 NTYPES =       9 NBONH =    3024 MBONA  =       9
 NTHETH =      25 MTHETA =      11 NPHIH =      43 MPHIA  =      24
 NHPARM =       0 NPARM  =       0 NNB   =    4115 NRES   =    1007
 NBONA  =       9 NTHETA =      11 NPHIA =      24 NUMBND =      10
 NUMANG =      16 NPTRA  =      19 NATYP =       9 NPHB   =       1
 IFBOX  =       2 NMXRS  =      10 IFCAP =       0 NEXTRA =       0
 NCOPY  =       0


|     Memory Use     Allocated
|     Real              308266
|     Hollerith          10111
|     Integer            92152
|     Max Pairs         336520
|     nblistReal         36408
|     nblist Int        101132
|       Total             4801 kbytes

| Note: 1-4 EEL scale factors are being read from the topology file.

| Note: 1-4 VDW scale factors are being read from the topology file.
| Duplicated    0 dihedrals
| Duplicated    0 dihedrals

     BOX TYPE: TRUNCATED OCTAHEDRON
Note: ig = -1. Setting random seed to   353523 based on wallclock time in microseconds
      and disabling the synchronization of random numbers between tasks
      to improve performance.

--------------------------------------------------------------------------------
   2.  CONTROL  DATA  FOR  THE  RUN
--------------------------------------------------------------------------------

default_name                                                                    

General flags:
     imin    =       0, nmropt  =       0

Nature and format of input:
     ntx     =       1, irest   =       0, ntrx    =       1

Nature and format of output:
     ntxo    =       1, ntpr    =    1000, ntrx    =       1, ntwr    =   10000
     iwrap   =       0, ntwx    =    1000, ntwv    =       0, ntwe    =    1000
     ioutfm  =       1, ntwprt  =       0, idecomp =       0, rbornstat=      0

Potential function:
     ntf     =       2, ntb     =       2, igb     =       0, nsnb    =      25
     ipol    =       0, gbsa    =       0, iesp    =       0
     dielc   =   1.00000, cut     =   9.00000, intdiel =   1.00000

Frozen or restrained atoms:
     ibelly  =       0, ntr     =       1
     restraint_wt = 100.00000

Molecular dynamics:
     nstlim  =     10000, nscm    =         0, nrespa  =         1
     t       =   0.00000, dt      =   0.00200, vlimit  =  20.00000

Langevin dynamics temperature regulation:
     ig      =  353523
     temp0   = 298.00000, tempi   =   0.00000, gamma_ln=   3.00000

Pressure regulation:
     ntp     =       1
     pres0   =   1.00000, comp    =  44.60000, taup    =   1.00000

SHAKE:
     ntc     =       2, jfastw  =       0
     tol     =   0.00000

Ewald parameters:
     verbose =       0, ew_type =       0, nbflag  =       1, use_pme =       1
     vdwmeth =       1, eedmeth =       1, netfrc  =       1
     Box X =   36.231   Box Y =   36.231   Box Z =   36.231
     Alpha =  109.471   Beta  =  109.471   Gamma =  109.471
     NFFT1 =   36       NFFT2 =   36       NFFT3 =   36
     Cutoff=    9.000   Tol   =0.100E-04
     Ewald Coefficient =  0.30768
     Interpolation order =    4

| MPI Timing options:
|      profile_mpi =        0

    LOADING THE CONSTRAINED ATOMS AS GROUPS


   5.  REFERENCE ATOM COORDINATES

  defa
     Mask :1; matches     6 atoms

--------------------------------------------------------------------------------
   3.  ATOMIC COORDINATES AND VELOCITIES
--------------------------------------------------------------------------------

defa                                                                            
 begin time read from input coords =     0.000 ps

 Number of triangulated 3-point waters found:     1004
|  Atom division among processors:
|         0     379     760    1141    1519    1897    2278    2656
|      3034

     Sum of charges from parm topology file =  -0.00000000
     Forcing neutrality...
|  Running AMBER/MPI version on    8 nodes


--------------------------------------------------------------------------------
   4.  RESULTS
--------------------------------------------------------------------------------

|  # of SOLUTE  degrees of freedom (RNDFP):    6078.
|  # of SOLVENT degrees of freedom (RNDFS):       0.
|  NDFMIN =    6078.     NUM_NOSHAKE =      0     CORRECTED RNDFP =    6078.
|  TOTAL # of degrees of freedom (RNDF) =    6078.
 ---------------------------------------------------
 APPROXIMATING switch and d/dx switch using CUBIC SPLINE INTERPOLATION
 using   5000.0 points per unit in tabled values
 TESTING RELATIVE ERROR over r ranging from 0.0 to cutoff
| CHECK switch(x): max rel err =   0.2738E-14   at   2.422500
| CHECK d/dx switch(x): max rel err =   0.8314E-11   at   2.736960
 ---------------------------------------------------
| Local SIZE OF NONBOND LIST =      99082
| TOTAL SIZE OF NONBOND LIST =     702264

 NSTEP =        0   TIME(PS) =       0.000  TEMP(K) =     0.00  PRESS = -5454.5
 Etot   =    -13244.6853  EKtot   =         0.0000  EPtot      =    -13244.6853
 BOND   =         0.6282  ANGLE   =         1.0555  DIHED      =         8.8039
 1-4 NB =         2.5584  1-4 EEL =        45.8625  VDWAALS    =      2316.3425
 EELEC  =    -15620.0422  EHBOND  =         0.0000  RESTRAINT  =         0.1060
 EAMBER (non-restraint)  =    -13244.7913
 EKCMT  =         0.0000  VIRIAL  =      4311.6442  VOLUME     =     36610.9174
                                                    Density    =         0.8270
 Ewald error estimate:   0.1896E-03
 ------------------------------------------------------------------------------


 NSTEP =     1000   TIME(PS) =       2.000  TEMP(K) =   290.28  PRESS = -1048.3
 Etot   =     -7834.8598  EKtot   =      1753.0327  EPtot      =     -9587.8925
 BOND   =         3.9252  ANGLE   =        10.6420  DIHED      =        11.7776
 1-4 NB =         2.5925  1-4 EEL =        43.1681  VDWAALS    =      1407.7177
 EELEC  =    -11071.6728  EHBOND  =         0.0000  RESTRAINT  =         3.9572
 EAMBER (non-restraint)  =     -9591.8497
 EKCMT  =       859.4874  VIRIAL  =      1613.4712  VOLUME     =     33310.9471
                                                    Density    =         0.9089
 Ewald error estimate:   0.8896E-04
 ------------------------------------------------------------------------------


 NSTEP =     2000   TIME(PS) =       4.000  TEMP(K) =   296.41  PRESS =  -990.0
 Etot   =     -7724.3473  EKtot   =      1790.0654  EPtot      =     -9514.4127
 BOND   =         3.9437  ANGLE   =         8.9891  DIHED      =        13.1873
 1-4 NB =         3.3235  1-4 EEL =        43.5802  VDWAALS    =      1312.8945
 EELEC  =    -10904.1309  EHBOND  =         0.0000  RESTRAINT  =         3.8000
 EAMBER (non-restraint)  =     -9518.2127
 EKCMT  =       871.7247  VIRIAL  =      1551.6597  VOLUME     =     31810.2965
                                                    Density    =         0.9518
 Ewald error estimate:   0.2409E-04
 ------------------------------------------------------------------------------


 NSTEP =     3000   TIME(PS) =       6.000  TEMP(K) =   298.27  PRESS =  -465.1
 Etot   =     -7811.5752  EKtot   =      1801.2955  EPtot      =     -9612.8708
 BOND   =         3.6405  ANGLE   =        10.5408  DIHED      =         9.4842
 1-4 NB =         3.0286  1-4 EEL =        42.0508  VDWAALS    =      1389.2360
 EELEC  =    -11074.1126  EHBOND  =         0.0000  RESTRAINT  =         3.2610
 EAMBER (non-restraint)  =     -9616.1317
 EKCMT  =       869.0489  VIRIAL  =      1182.9786  VOLUME     =     31260.5813
                                                    Density    =         0.9685
 Ewald error estimate:   0.2416E-03
 ------------------------------------------------------------------------------


 NSTEP =     4000   TIME(PS) =       8.000  TEMP(K) =   301.42  PRESS =  -555.5
 Etot   =     -7798.2776  EKtot   =      1820.3245  EPtot      =     -9618.6021
 BOND   =         2.8380  ANGLE   =        10.4006  DIHED      =        10.9709
 1-4 NB =         2.0592  1-4 EEL =        43.0168  VDWAALS    =      1362.2268
 EELEC  =    -11053.9260  EHBOND  =         0.0000  RESTRAINT  =         3.8115
 EAMBER (non-restraint)  =     -9622.4136
 EKCMT  =       914.4023  VIRIAL  =      1287.3577  VOLUME     =     31094.2032
                                                    Density    =         0.9737
 Ewald error estimate:   0.1120E-03
 ------------------------------------------------------------------------------


 NSTEP =     5000   TIME(PS) =      10.000  TEMP(K) =   300.98  PRESS =   106.0
 Etot   =     -7799.2543  EKtot   =      1817.6228  EPtot      =     -9616.8772
 BOND   =         2.0397  ANGLE   =         7.3259  DIHED      =        10.2916
 1-4 NB =         3.8833  1-4 EEL =        43.3092  VDWAALS    =      1446.8802
 EELEC  =    -11133.0986  EHBOND  =         0.0000  RESTRAINT  =         2.4916
 EAMBER (non-restraint)  =     -9619.3687
 EKCMT  =       903.1886  VIRIAL  =       832.4606  VOLUME     =     30898.9365
                                                    Density    =         0.9798
 Ewald error estimate:   0.2131E-03
 ------------------------------------------------------------------------------


 NSTEP =     6000   TIME(PS) =      12.000  TEMP(K) =   296.36  PRESS =  -145.1
 Etot   =     -7948.3102  EKtot   =      1789.7616  EPtot      =     -9738.0718
 BOND   =         9.4525  ANGLE   =         8.2431  DIHED      =        10.3081
 1-4 NB =         1.9120  1-4 EEL =        42.0403  VDWAALS    =      1467.8637
 EELEC  =    -11279.5737  EHBOND  =         0.0000  RESTRAINT  =         1.6823
 EAMBER (non-restraint)  =     -9739.7540
 EKCMT  =       881.3837  VIRIAL  =       978.2576  VOLUME     =     30920.4748
                                                    Density    =         0.9792
 Ewald error estimate:   0.2345E-03
 ------------------------------------------------------------------------------


 NSTEP =     7000   TIME(PS) =      14.000  TEMP(K) =   291.43  PRESS =   -55.2
 Etot   =     -7910.2967  EKtot   =      1759.9798  EPtot      =     -9670.2765
 BOND   =         3.5502  ANGLE   =         6.1722  DIHED      =        10.2508
 1-4 NB =         3.6510  1-4 EEL =        45.6153  VDWAALS    =      1426.8225
 EELEC  =    -11170.6171  EHBOND  =         0.0000  RESTRAINT  =         4.2788
 EAMBER (non-restraint)  =     -9674.5552
 EKCMT  =       870.3944  VIRIAL  =       906.9632  VOLUME     =     30706.3691
                                                    Density    =         0.9860
 Ewald error estimate:   0.2986E-03
 ------------------------------------------------------------------------------


 NSTEP =     8000   TIME(PS) =      16.000  TEMP(K) =   302.25  PRESS =    43.1
 Etot   =     -7950.2175  EKtot   =      1825.3207  EPtot      =     -9775.5382
 BOND   =         1.8819  ANGLE   =         7.3436  DIHED      =        11.2024
 1-4 NB =         2.1686  1-4 EEL =        44.8812  VDWAALS    =      1485.8885
 EELEC  =    -11333.6484  EHBOND  =         0.0000  RESTRAINT  =         4.7441
 EAMBER (non-restraint)  =     -9780.2823
 EKCMT  =       929.0018  VIRIAL  =       900.5599  VOLUME     =     30544.1485
                                                    Density    =         0.9912
 Ewald error estimate:   0.1444E-03
 ------------------------------------------------------------------------------


 NSTEP =     9000   TIME(PS) =      18.000  TEMP(K) =   299.06  PRESS =  -174.1
 Etot   =     -7808.9217  EKtot   =      1806.0757  EPtot      =     -9614.9974
 BOND   =         2.9533  ANGLE   =         7.3409  DIHED      =        11.6253
 1-4 NB =         2.5542  1-4 EEL =        45.1966  VDWAALS    =      1381.6862
 EELEC  =    -11070.1532  EHBOND  =         0.0000  RESTRAINT  =         3.7993
 EAMBER (non-restraint)  =     -9618.7967
 EKCMT  =       924.0700  VIRIAL  =      1038.7083  VOLUME     =     30497.2059
                                                    Density    =         0.9927
 Ewald error estimate:   0.8234E-04
 ------------------------------------------------------------------------------


 NSTEP =    10000   TIME(PS) =      20.000  TEMP(K) =   297.37  PRESS =  -305.0
 Etot   =     -7853.1617  EKtot   =      1795.8616  EPtot      =     -9649.0232
 BOND   =         3.0717  ANGLE   =         6.5132  DIHED      =        11.9019
 1-4 NB =         4.2840  1-4 EEL =        46.7998  VDWAALS    =      1385.8132
 EELEC  =    -11110.6931  EHBOND  =         0.0000  RESTRAINT  =         3.2860
 EAMBER (non-restraint)  =     -9652.3093
 EKCMT  =       922.4801  VIRIAL  =      1124.5786  VOLUME     =     30686.4841
                                                    Density    =         0.9866
 Ewald error estimate:   0.2076E-03
 ------------------------------------------------------------------------------


      A V E R A G E S   O V E R   10000 S T E P S


 NSTEP =    10000   TIME(PS) =      20.000  TEMP(K) =   292.54  PRESS =  -196.9
 Etot   =     -7890.2452  EKtot   =      1766.6768  EPtot      =     -9656.9220
 BOND   =         3.1172  ANGLE   =         8.1561  DIHED      =        10.9015
 1-4 NB =         3.1264  1-4 EEL =        45.6736  VDWAALS    =      1451.3248
 EELEC  =    -11182.3576  EHBOND  =         0.0000  RESTRAINT  =         3.1361
 EAMBER (non-restraint)  =     -9660.0581
 EKCMT  =       883.2470  VIRIAL  =      1025.9925  VOLUME     =     31417.1670
                                                    Density    =         0.9650
 Ewald error estimate:   0.1871E-03
 ------------------------------------------------------------------------------


      R M S  F L U C T U A T I O N S


 NSTEP =    10000   TIME(PS) =      20.000  TEMP(K) =    26.21  PRESS =   452.1
 Etot   =       337.2523  EKtot   =       158.3060  EPtot      =       186.6548
 BOND   =         1.4748  ANGLE   =         2.2958  DIHED      =         1.1535
 1-4 NB =         0.7357  1-4 EEL =         2.0158  VDWAALS    =        88.5534
 EELEC  =       265.6832  EHBOND  =         0.0000  RESTRAINT  =         1.2619
 EAMBER (non-restraint)  =       185.3928
 EKCMT  =        77.7119  VIRIAL  =       288.5273  VOLUME     =      1230.7933
                                                    Density    =         0.0350
 Ewald error estimate:   0.1412E-03
 ------------------------------------------------------------------------------


--------------------------------------------------------------------------------
   5.  TIMINGS
--------------------------------------------------------------------------------

|>>>>>>>>PROFILE of Average TIMES>>>>>>>>> 
|                Build the list            14.63 (96.51% of List )
|                Other                      0.53 ( 3.49% of List )
|             List time                 15.15 (10.57% of Nonbo)
|                   Short_ene time            85.93 (96.04% of Direc)
|                   Other                      3.54 ( 3.96% of Direc)
|                Direct Ewald time         89.48 (69.82% of Ewald)
|                Adjust Ewald time          0.53 ( 0.41% of Ewald)
|                Self Ewald time            0.01 ( 0.01% of Ewald)
|                   Fill Bspline coeffs        2.05 ( 6.94% of Recip)
|                   Fill charge grid           2.13 ( 7.21% of Recip)
|                   Scalar sum                 7.70 (26.07% of Recip)
|                   Grad sum                   3.75 (12.67% of Recip)
|                      FFT back comm time         4.07 (31.39% of FFT t)
|                      Other                      8.90 (68.61% of FFT t)
|                   FFT time                  12.97 (43.90% of Recip)
|                   Other                      0.95 ( 3.21% of Recip)
|                Recip Ewald time          29.55 (23.06% of Ewald)
|                Force Adjust               7.76 ( 6.06% of Ewald)
|                Virial junk                0.75 ( 0.59% of Ewald)
|                Other                      0.07 ( 0.06% of Ewald)
|             Ewald time               128.16 (89.42% of Nonbo)
|             Other                      0.01 ( 0.01% of Nonbo)
|          Nonbond force            143.33 (97.88% of Force)
|          Bond/Angle/Dihedral        0.25 ( 0.17% of Force)
|          FRC Collect time           2.44 ( 1.67% of Force)
|          Other                      0.41 ( 0.28% of Force)
|       Force time               146.43 (91.86% of Runmd)
|       Shake time                 0.62 ( 0.39% of Runmd)
|       Verlet update time         6.12 ( 3.84% of Runmd)
|       Ekcmr time                 1.86 ( 1.17% of Runmd)
|       CRD distribute time        1.75 ( 1.10% of Runmd)
|       Other                      2.62 ( 1.65% of Runmd)
|    Runmd Time               159.41 (100.0% of Total)
|    Other                      0.14 ( 0.09% of Total)
| Total time               159.55 (100.0% of ALL  )

| Number of list builds   :        905

| Highest rstack allocated:      41044
| Highest istack allocated:        898

| Final Performance Info:
| -----------------------------------------------------
| Average timings for all steps:
|     Elapsed(s) =     159.68 Per Step(ms) =      15.97
|         ns/day =      10.82   seconds/ns =    7983.75
| -----------------------------------------------------

|           Job began  at 14:50:15.292  on 03/14/2017
|           Setup done at 14:50:15.442  on 03/14/2017
|           Run   done at 14:52:54.945  on 03/14/2017
|     wallclock() was called  571877 times
