
          -------------------------------------------------------
          Amber 16 SANDER                              2016
          -------------------------------------------------------

| Run on 03/14/2017 at 13:57:02

|   Executable path: sander.MPI
| Working directory: /home/steboss/projects/mdgx-tests/alanine/IPOLQ/input/PhiPsi_1/135/150
|          Hostname: node002

  [-O]verwriting output

File Assignments:
|  MDIN: equil.in                                                              
| MDOUT: Conf150.eq.out                                                        
|INPCRD: Conf150.min                                                           
|  PARM: Conf150.top                                                           
|RESTRT: Conf150.rst                                                           
|  REFC: Conf150.crd                                                           
| MDVEL: mdvel                                                                 
| MDFRC: mdfrc                                                                 
|  MDEN: mden                                                                  
| MDCRD: mdcrd                                                                 
|MDINFO: mdinfo                                                                
|  MTMD: mtmd                                                                  
|INPDIP: inpdip                                                                
|RSTDIP: rstdip                                                                
|INPTRA: inptraj                                                               

|    REMLOG: rem.log
|   REMTYPE: rem.type
|  REMSTRIP: 
|   SAVEENE: saveene
|CLUSTERINF: cluster.info
| RESERVOIR: reserv/frame
|   REMDDIM: 


 Here is the input file:

Equilibrate water in NPT                                                       
 &cntrl                                                                        
                                                                               
  nmropt = 0,                                                                  
  ntx    = 1,       irest  = 0,       ntrx   = 1,      ntxo   = 1,             
  ntpr   = 1000,    ntwx   = 1000,    ntwv   = 0,      ntwe   = 1000,          
  iwrap  = 0,       ioutfm = 1,                                                
                                                                               
  ntf    = 2,       ntb    = 2,                                                
  cut = 9.0,                                                                   
                                                                               
  ibelly = 0,       ntr    = 1,                                                
  restraintmask = ':1',                                                        
  restraint_wt = 100.0,                                                        
                                                                               
  imin   = 0,                                                                  
  nstlim = 10000,                                                              
  nscm   = 1000,                                                               
  t      = 0.0,     dt     = 0.002,                                            
                                                                               
  temp0     = 298.0,   tempi  = 0.0,                                           
  ig        = -1,                                                              
  ntt       = 3,                                                               
  gamma_ln  = 3.0,                                                             
                                                                               
  ntp    = 1,       pres0  = 1.0,     comp   = 44.6,                           
  taup   = 1.0,                                                                
                                                                               
  ntc    = 2,       tol    = 0.000001, watnam = 'WAT ',                        
                                                                               
 &end                                                                          

--------------------------------------------------------------------------------
   1.  RESOURCE   USE: 
--------------------------------------------------------------------------------

| Flags: MPI                                                                    
 getting new box info from bottom of inpcrd
|  INFO: Old style inpcrd file read

| peek_ewald_inpcrd: Box info found
|Largest sphere to fit in unit cell has radius =    14.907
| New format PARM file being parsed.
| Version =    1.000 Date = 03/14/17 Time = 13:37:59
 NATOM  =    3139 NTYPES =       9 NBONH =    3129 MBONA  =       9
 NTHETH =      25 MTHETA =      11 NPHIH =      43 MPHIA  =      24
 NHPARM =       0 NPARM  =       0 NNB   =    4255 NRES   =    1042
 NBONA  =       9 NTHETA =      11 NPHIA =      24 NUMBND =      10
 NUMANG =      16 NPTRA  =      19 NATYP =       9 NPHB   =       1
 IFBOX  =       2 NMXRS  =      10 IFCAP =       0 NEXTRA =       0
 NCOPY  =       0


|     Memory Use     Allocated
|     Real              315931
|     Hollerith          10461
|     Integer            94532
|     Max Pairs         348166
|     nblistReal         37668
|     nblist Int        103582
|       Total             4937 kbytes

| Note: 1-4 EEL scale factors are being read from the topology file.

| Note: 1-4 VDW scale factors are being read from the topology file.
| Duplicated    0 dihedrals
| Duplicated    0 dihedrals

     BOX TYPE: TRUNCATED OCTAHEDRON
Note: ig = -1. Setting random seed to   833328 based on wallclock time in microseconds
      and disabling the synchronization of random numbers between tasks
      to improve performance.

--------------------------------------------------------------------------------
   2.  CONTROL  DATA  FOR  THE  RUN
--------------------------------------------------------------------------------

default_name                                                                    

General flags:
     imin    =       0, nmropt  =       0

Nature and format of input:
     ntx     =       1, irest   =       0, ntrx    =       1

Nature and format of output:
     ntxo    =       1, ntpr    =    1000, ntrx    =       1, ntwr    =   10000
     iwrap   =       0, ntwx    =    1000, ntwv    =       0, ntwe    =    1000
     ioutfm  =       1, ntwprt  =       0, idecomp =       0, rbornstat=      0

Potential function:
     ntf     =       2, ntb     =       2, igb     =       0, nsnb    =      25
     ipol    =       0, gbsa    =       0, iesp    =       0
     dielc   =   1.00000, cut     =   9.00000, intdiel =   1.00000

Frozen or restrained atoms:
     ibelly  =       0, ntr     =       1
     restraint_wt = 100.00000

Molecular dynamics:
     nstlim  =     10000, nscm    =         0, nrespa  =         1
     t       =   0.00000, dt      =   0.00200, vlimit  =  20.00000

Langevin dynamics temperature regulation:
     ig      =  833328
     temp0   = 298.00000, tempi   =   0.00000, gamma_ln=   3.00000

Pressure regulation:
     ntp     =       1
     pres0   =   1.00000, comp    =  44.60000, taup    =   1.00000

SHAKE:
     ntc     =       2, jfastw  =       0
     tol     =   0.00000

Ewald parameters:
     verbose =       0, ew_type =       0, nbflag  =       1, use_pme =       1
     vdwmeth =       1, eedmeth =       1, netfrc  =       1
     Box X =   36.515   Box Y =   36.515   Box Z =   36.515
     Alpha =  109.471   Beta  =  109.471   Gamma =  109.471
     NFFT1 =   36       NFFT2 =   36       NFFT3 =   36
     Cutoff=    9.000   Tol   =0.100E-04
     Ewald Coefficient =  0.30768
     Interpolation order =    4

| MPI Timing options:
|      profile_mpi =        0

    LOADING THE CONSTRAINED ATOMS AS GROUPS


   5.  REFERENCE ATOM COORDINATES

  defa
     Mask :1; matches     6 atoms

--------------------------------------------------------------------------------
   3.  ATOMIC COORDINATES AND VELOCITIES
--------------------------------------------------------------------------------

defa                                                                            
 begin time read from input coords =     0.000 ps

 Number of triangulated 3-point waters found:     1039
|  Atom division among processors:
|         0     394     787    1180    1573    1966    2359    2749
|      3139

     Sum of charges from parm topology file =  -0.00000000
     Forcing neutrality...
|  Running AMBER/MPI version on    8 nodes


--------------------------------------------------------------------------------
   4.  RESULTS
--------------------------------------------------------------------------------

|  # of SOLUTE  degrees of freedom (RNDFP):    6288.
|  # of SOLVENT degrees of freedom (RNDFS):       0.
|  NDFMIN =    6288.     NUM_NOSHAKE =      0     CORRECTED RNDFP =    6288.
|  TOTAL # of degrees of freedom (RNDF) =    6288.
 ---------------------------------------------------
 APPROXIMATING switch and d/dx switch using CUBIC SPLINE INTERPOLATION
 using   5000.0 points per unit in tabled values
 TESTING RELATIVE ERROR over r ranging from 0.0 to cutoff
| CHECK switch(x): max rel err =   0.2738E-14   at   2.422500
| CHECK d/dx switch(x): max rel err =   0.8314E-11   at   2.736960
 ---------------------------------------------------
| Local SIZE OF NONBOND LIST =      99700
| TOTAL SIZE OF NONBOND LIST =     735057

 NSTEP =        0   TIME(PS) =       0.000  TEMP(K) =     0.00  PRESS = -5183.8
 Etot   =    -13740.3672  EKtot   =         0.0000  EPtot      =    -13740.3672
 BOND   =         1.0641  ANGLE   =         1.4266  DIHED      =         8.9043
 1-4 NB =         2.8540  1-4 EEL =        45.9528  VDWAALS    =      2446.5950
 EELEC  =    -16247.2760  EHBOND  =         0.0000  RESTRAINT  =         0.1120
 EAMBER (non-restraint)  =    -13740.4793
 EKCMT  =         0.0000  VIRIAL  =      4194.9890  VOLUME     =     37480.2371
                                                    Density    =         0.8357
 Ewald error estimate:   0.3811E-03
 ------------------------------------------------------------------------------


 NSTEP =     1000   TIME(PS) =       2.000  TEMP(K) =   306.78  PRESS =  -342.0
 Etot   =     -7929.4141  EKtot   =      1916.6601  EPtot      =     -9846.0742
 BOND   =         1.8869  ANGLE   =         3.9666  DIHED      =        12.1272
 1-4 NB =         2.8837  1-4 EEL =        44.7786  VDWAALS    =      1528.9076
 EELEC  =    -11442.0400  EHBOND  =         0.0000  RESTRAINT  =         1.4153
 EAMBER (non-restraint)  =     -9847.4895
 EKCMT  =       929.9243  VIRIAL  =      1184.2683  VOLUME     =     34445.8774
                                                    Density    =         0.9093
 Ewald error estimate:   0.2135E-03
 ------------------------------------------------------------------------------


 NSTEP =     2000   TIME(PS) =       4.000  TEMP(K) =   288.72  PRESS =   414.6
 Etot   =     -7986.3072  EKtot   =      1803.8442  EPtot      =     -9790.1515
 BOND   =         5.8941  ANGLE   =        13.1286  DIHED      =        13.5182
 1-4 NB =         3.8802  1-4 EEL =        45.4484  VDWAALS    =      1533.8017
 EELEC  =    -11409.8082  EHBOND  =         0.0000  RESTRAINT  =         3.9857
 EAMBER (non-restraint)  =     -9794.1371
 EKCMT  =       924.8052  VIRIAL  =       630.5298  VOLUME     =     32870.6534
                                                    Density    =         0.9529
 Ewald error estimate:   0.1201E-04
 ------------------------------------------------------------------------------


 NSTEP =     3000   TIME(PS) =       6.000  TEMP(K) =   294.14  PRESS =  -331.2
 Etot   =     -8169.5822  EKtot   =      1837.7063  EPtot      =    -10007.2885
 BOND   =         2.0494  ANGLE   =         6.6746  DIHED      =        10.2619
 1-4 NB =         3.0658  1-4 EEL =        43.1367  VDWAALS    =      1468.4711
 EELEC  =    -11544.9158  EHBOND  =         0.0000  RESTRAINT  =         3.9678
 EAMBER (non-restraint)  =    -10011.2563
 EKCMT  =       935.1965  VIRIAL  =      1165.7985  VOLUME     =     32246.3764
                                                    Density    =         0.9714
 Ewald error estimate:   0.2681E-03
 ------------------------------------------------------------------------------


 NSTEP =     4000   TIME(PS) =       8.000  TEMP(K) =   305.21  PRESS =   495.9
 Etot   =     -8117.8924  EKtot   =      1906.8643  EPtot      =    -10024.7567
 BOND   =         3.3124  ANGLE   =         4.3676  DIHED      =        11.0798
 1-4 NB =         2.4097  1-4 EEL =        45.1339  VDWAALS    =      1550.7341
 EELEC  =    -11644.5043  EHBOND  =         0.0000  RESTRAINT  =         2.7101
 EAMBER (non-restraint)  =    -10027.4667
 EKCMT  =       965.5494  VIRIAL  =       624.4307  VOLUME     =     31856.4270
                                                    Density    =         0.9833
 Ewald error estimate:   0.1900E-04
 ------------------------------------------------------------------------------


 NSTEP =     5000   TIME(PS) =      10.000  TEMP(K) =   296.97  PRESS =   465.9
 Etot   =     -8070.2130  EKtot   =      1855.4137  EPtot      =     -9925.6266
 BOND   =         2.7946  ANGLE   =         9.7767  DIHED      =         9.9168
 1-4 NB =         3.7806  1-4 EEL =        46.2050  VDWAALS    =      1535.1640
 EELEC  =    -11535.5594  EHBOND  =         0.0000  RESTRAINT  =         2.2950
 EAMBER (non-restraint)  =     -9927.9217
 EKCMT  =       920.8806  VIRIAL  =       600.6027  VOLUME     =     31837.1495
                                                    Density    =         0.9838
 Ewald error estimate:   0.2699E-03
 ------------------------------------------------------------------------------


 NSTEP =     6000   TIME(PS) =      12.000  TEMP(K) =   292.17  PRESS =  -149.0
 Etot   =     -8080.1660  EKtot   =      1825.4119  EPtot      =     -9905.5779
 BOND   =         1.6815  ANGLE   =         5.2490  DIHED      =        10.5415
 1-4 NB =         3.7631  1-4 EEL =        47.2521  VDWAALS    =      1425.0573
 EELEC  =    -11401.8948  EHBOND  =         0.0000  RESTRAINT  =         2.7724
 EAMBER (non-restraint)  =     -9908.3503
 EKCMT  =       947.6555  VIRIAL  =      1049.1655  VOLUME     =     31560.8027
                                                    Density    =         0.9925
 Ewald error estimate:   0.2858E-03
 ------------------------------------------------------------------------------


 NSTEP =     7000   TIME(PS) =      14.000  TEMP(K) =   303.95  PRESS =   -53.7
 Etot   =     -8046.1662  EKtot   =      1899.0052  EPtot      =     -9945.1714
 BOND   =         2.0094  ANGLE   =         7.9514  DIHED      =        11.4046
 1-4 NB =         2.2684  1-4 EEL =        44.9578  VDWAALS    =      1465.3458
 EELEC  =    -11481.4098  EHBOND  =         0.0000  RESTRAINT  =         2.3011
 EAMBER (non-restraint)  =     -9947.4724
 EKCMT  =       949.7621  VIRIAL  =       986.7355  VOLUME     =     31912.7899
                                                    Density    =         0.9815
 Ewald error estimate:   0.6744E-05
 ------------------------------------------------------------------------------


 NSTEP =     8000   TIME(PS) =      16.000  TEMP(K) =   299.21  PRESS =   117.9
 Etot   =     -8078.9465  EKtot   =      1869.3921  EPtot      =     -9948.3386
 BOND   =         3.2488  ANGLE   =        11.0370  DIHED      =        13.2371
 1-4 NB =         2.7542  1-4 EEL =        43.7003  VDWAALS    =      1506.4756
 EELEC  =    -11532.8286  EHBOND  =         0.0000  RESTRAINT  =         4.0371
 EAMBER (non-restraint)  =     -9952.3757
 EKCMT  =       915.5343  VIRIAL  =       834.0732  VOLUME     =     32004.4114
                                                    Density    =         0.9787
 Ewald error estimate:   0.3907E-04
 ------------------------------------------------------------------------------


 NSTEP =     9000   TIME(PS) =      18.000  TEMP(K) =   305.34  PRESS =   -80.6
 Etot   =     -8064.0276  EKtot   =      1907.6721  EPtot      =     -9971.6998
 BOND   =         3.9329  ANGLE   =        12.4052  DIHED      =        10.4851
 1-4 NB =         3.4266  1-4 EEL =        45.7757  VDWAALS    =      1472.9250
 EELEC  =    -11526.6805  EHBOND  =         0.0000  RESTRAINT  =         6.0303
 EAMBER (non-restraint)  =     -9977.7300
 EKCMT  =       951.9534  VIRIAL  =      1007.4847  VOLUME     =     31891.7842
                                                    Density    =         0.9822
 Ewald error estimate:   0.1451E-03
 ------------------------------------------------------------------------------


 NSTEP =    10000   TIME(PS) =      20.000  TEMP(K) =   302.68  PRESS =  -146.1
 Etot   =     -8059.0107  EKtot   =      1891.0684  EPtot      =     -9950.0791
 BOND   =         4.5788  ANGLE   =         5.9962  DIHED      =        10.7650
 1-4 NB =         3.9685  1-4 EEL =        47.4531  VDWAALS    =      1435.0048
 EELEC  =    -11459.1745  EHBOND  =         0.0000  RESTRAINT  =         1.3289
 EAMBER (non-restraint)  =     -9951.4080
 EKCMT  =       963.8213  VIRIAL  =      1064.0314  VOLUME     =     31756.8223
                                                    Density    =         0.9863
 Ewald error estimate:   0.1758E-03
 ------------------------------------------------------------------------------


      A V E R A G E S   O V E R   10000 S T E P S


 NSTEP =    10000   TIME(PS) =      20.000  TEMP(K) =   292.75  PRESS =  -184.8
 Etot   =     -8146.9892  EKtot   =      1829.0082  EPtot      =     -9975.9974
 BOND   =         3.1233  ANGLE   =         7.8747  DIHED      =        11.1065
 1-4 NB =         3.2455  1-4 EEL =        45.7362  VDWAALS    =      1494.5837
 EELEC  =    -11544.6963  EHBOND  =         0.0000  RESTRAINT  =         3.0290
 EAMBER (non-restraint)  =     -9979.0264
 EKCMT  =       913.2181  VIRIAL  =      1051.0651  VOLUME     =     32462.9887
                                                    Density    =         0.9662
 Ewald error estimate:   0.1747E-03
 ------------------------------------------------------------------------------


      R M S  F L U C T U A T I O N S


 NSTEP =    10000   TIME(PS) =      20.000  TEMP(K) =    25.98  PRESS =   440.2
 Etot   =       349.0463  EKtot   =       162.3120  EPtot      =       193.4905
 BOND   =         1.4464  ANGLE   =         2.2837  DIHED      =         1.2606
 1-4 NB =         0.7254  1-4 EEL =         2.2427  VDWAALS    =        92.8962
 EELEC  =       275.9261  EHBOND  =         0.0000  RESTRAINT  =         1.2013
 EAMBER (non-restraint)  =       192.2892
 EKCMT  =        79.2040  VIRIAL  =       291.1811  VOLUME     =      1223.8874
                                                    Density    =         0.0338
 Ewald error estimate:   0.1358E-03
 ------------------------------------------------------------------------------


--------------------------------------------------------------------------------
   5.  TIMINGS
--------------------------------------------------------------------------------

|>>>>>>>>PROFILE of Average TIMES>>>>>>>>> 
|                Build the list            15.55 (96.59% of List )
|                Other                      0.55 ( 3.41% of List )
|             List time                 16.10 (10.73% of Nonbo)
|                   Short_ene time            89.81 (95.91% of Direc)
|                   Other                      3.83 ( 4.09% of Direc)
|                Direct Ewald time         93.63 (69.96% of Ewald)
|                Adjust Ewald time          0.55 ( 0.41% of Ewald)
|                Self Ewald time            0.01 ( 0.01% of Ewald)
|                   Fill Bspline coeffs        2.14 ( 7.07% of Recip)
|                   Fill charge grid           2.22 ( 7.33% of Recip)
|                   Scalar sum                 7.75 (25.55% of Recip)
|                   Grad sum                   3.92 (12.91% of Recip)
|                      FFT back comm time         4.07 (30.62% of FFT t)
|                      Other                      9.21 (69.38% of FFT t)
|                   FFT time                  13.28 (43.78% of Recip)
|                   Other                      1.02 ( 3.36% of Recip)
|                Recip Ewald time          30.33 (22.67% of Ewald)
|                Force Adjust               8.38 ( 6.26% of Ewald)
|                Virial junk                0.84 ( 0.63% of Ewald)
|                Other                      0.08 ( 0.06% of Ewald)
|             Ewald time               133.83 (89.25% of Nonbo)
|             Other                      0.01 ( 0.01% of Nonbo)
|          Nonbond force            149.94 (97.87% of Force)
|          Bond/Angle/Dihedral        0.25 ( 0.17% of Force)
|          FRC Collect time           2.56 ( 1.67% of Force)
|          Other                      0.45 ( 0.29% of Force)
|       Force time               153.20 (91.27% of Runmd)
|       Shake time                 0.66 ( 0.39% of Runmd)
|       Verlet update time         6.45 ( 3.84% of Runmd)
|       Ekcmr time                 2.46 ( 1.47% of Runmd)
|       CRD distribute time        2.02 ( 1.20% of Runmd)
|       Other                      3.05 ( 1.82% of Runmd)
|    Runmd Time               167.85 (100.0% of Total)
|    Other                      0.09 ( 0.05% of Total)
| Total time               167.94 (100.0% of ALL  )

| Number of list builds   :        910

| Highest rstack allocated:      41908
| Highest istack allocated:        930

| Final Performance Info:
| -----------------------------------------------------
| Average timings for all steps:
|     Elapsed(s) =     168.54 Per Step(ms) =      16.85
|         ns/day =      10.25   seconds/ns =    8426.95
| -----------------------------------------------------

|           Job began  at 13:57:02.783  on 03/14/2017
|           Setup done at 13:57:02.877  on 03/14/2017
|           Run   done at 13:59:51.183  on 03/14/2017
|     wallclock() was called  571887 times
