
          -------------------------------------------------------
          Amber 16 SANDER                              2016
          -------------------------------------------------------

| Run on 03/14/2017 at 13:53:38

|   Executable path: sander.MPI
| Working directory: /home/steboss/projects/mdgx-tests/alanine/IPOLQ/input/PhiPsi_1/135/150
|          Hostname: node002

  [-O]verwriting output

File Assignments:
|  MDIN: min.in                                                                
| MDOUT: Conf150.min.out                                                       
|INPCRD: Conf150.crd                                                           
|  PARM: Conf150.top                                                           
|RESTRT: Conf150.min                                                           
|  REFC: Conf150.crd                                                           
| MDVEL: mdvel                                                                 
| MDFRC: mdfrc                                                                 
|  MDEN: mden                                                                  
| MDCRD: mdcrd                                                                 
|MDINFO: mdinfo                                                                
|  MTMD: mtmd                                                                  
|INPDIP: inpdip                                                                
|RSTDIP: rstdip                                                                
|INPTRA: inptraj                                                               

|    REMLOG: rem.log
|   REMTYPE: rem.type
|  REMSTRIP: 
|   SAVEENE: saveene
|CLUSTERINF: cluster.info
| RESERVOIR: reserv/frame
|   REMDDIM: 


 Here is the input file:

Initial minimization                                                           
 &cntrl                                                                        
  ntx    = 1,       irest  = 0,       ntrx   = 1,      ntxo   = 1,             
  ntpr   = 20,      ntwx   = 0,       ntwv   = 0,      ntwe   = 0,             
                                                                               
  ntf    = 1,       ntb    = 1,                                                
  ntc    = 1,       ntr    = 1,                                                
  restraintmask = ':1',                                                        
  restraint_wt = 100.0,                                                        
  cut    = 9.0,                                                                
                                                                               
  imin   = 1,                                                                  
  maxcyc = 1000,                                                               
  ncyc   = 100,                                                                
                                                                               
 &end                                                                          

--------------------------------------------------------------------------------
   1.  RESOURCE   USE: 
--------------------------------------------------------------------------------

| Flags: MPI                                                                    
 getting new box info from bottom of inpcrd
|  INFO: Old style inpcrd file read

| peek_ewald_inpcrd: Box info found
|Largest sphere to fit in unit cell has radius =    14.907
| New format PARM file being parsed.
| Version =    1.000 Date = 03/14/17 Time = 13:37:59
 NATOM  =    3139 NTYPES =       9 NBONH =    3129 MBONA  =       9
 NTHETH =      25 MTHETA =      11 NPHIH =      43 MPHIA  =      24
 NHPARM =       0 NPARM  =       0 NNB   =    4255 NRES   =    1042
 NBONA  =       9 NTHETA =      11 NPHIA =      24 NUMBND =      10
 NUMANG =      16 NPTRA  =      19 NATYP =       9 NPHB   =       1
 IFBOX  =       2 NMXRS  =      10 IFCAP =       0 NEXTRA =       0
 NCOPY  =       0


|     Memory Use     Allocated
|     Real              353799
|     Hollerith          10461
|     Integer            94532
|     Max Pairs         348166
|     nblistReal         37668
|     nblist Int        103582
|       Total             5233 kbytes

| Note: 1-4 EEL scale factors are being read from the topology file.

| Note: 1-4 VDW scale factors are being read from the topology file.
| Duplicated    0 dihedrals
| Duplicated    0 dihedrals

     BOX TYPE: TRUNCATED OCTAHEDRON

--------------------------------------------------------------------------------
   2.  CONTROL  DATA  FOR  THE  RUN
--------------------------------------------------------------------------------

default_name                                                                    

General flags:
     imin    =       1, nmropt  =       0

Nature and format of input:
     ntx     =       1, irest   =       0, ntrx    =       1

Nature and format of output:
     ntxo    =       1, ntpr    =      20, ntrx    =       1, ntwr    =       1
     iwrap   =       0, ntwx    =       0, ntwv    =       0, ntwe    =       0
     ioutfm  =       1, ntwprt  =       0, idecomp =       0, rbornstat=      0

Potential function:
     ntf     =       1, ntb     =       1, igb     =       0, nsnb    =      25
     ipol    =       0, gbsa    =       0, iesp    =       0
     dielc   =   1.00000, cut     =   9.00000, intdiel =   1.00000

Frozen or restrained atoms:
     ibelly  =       0, ntr     =       1
     restraint_wt = 100.00000

Energy minimization:
     maxcyc  =    1000, ncyc    =     100, ntmin   =       1
     dx0     =   0.01000, drms    =   0.00010

Ewald parameters:
     verbose =       0, ew_type =       0, nbflag  =       1, use_pme =       1
     vdwmeth =       1, eedmeth =       1, netfrc  =       0
     Box X =   36.515   Box Y =   36.515   Box Z =   36.515
     Alpha =  109.471   Beta  =  109.471   Gamma =  109.471
     NFFT1 =   36       NFFT2 =   36       NFFT3 =   36
     Cutoff=    9.000   Tol   =0.100E-04
     Ewald Coefficient =  0.30768
     Interpolation order =    4

| MPI Timing options:
|      profile_mpi =        0

    LOADING THE CONSTRAINED ATOMS AS GROUPS


   5.  REFERENCE ATOM COORDINATES

  defa
     Mask :1; matches     6 atoms

--------------------------------------------------------------------------------
   3.  ATOMIC COORDINATES AND VELOCITIES
--------------------------------------------------------------------------------

default_name                                                                    
 begin time read from input coords =     0.000 ps

 Number of triangulated 3-point waters found:     1039
|  Atom division among processors:
|         0     394     784    1177    1570    1960    2353    2746
|      3139

     Sum of charges from parm topology file =  -0.00000000
     Forcing neutrality...
|  Running AMBER/MPI version on    8 nodes


--------------------------------------------------------------------------------
   4.  RESULTS
--------------------------------------------------------------------------------

 ---------------------------------------------------
 APPROXIMATING switch and d/dx switch using CUBIC SPLINE INTERPOLATION
 using   5000.0 points per unit in tabled values
 TESTING RELATIVE ERROR over r ranging from 0.0 to cutoff
| CHECK switch(x): max rel err =   0.2738E-14   at   2.422500
| CHECK d/dx switch(x): max rel err =   0.8314E-11   at   2.736960
 ---------------------------------------------------
| Local SIZE OF NONBOND LIST =      96196
| TOTAL SIZE OF NONBOND LIST =     732665


   NSTEP       ENERGY          RMS            GMAX         NAME    NUMBER
      1      -7.9101E+03     4.9252E+01     2.0087E+03     O        2420

 BOND    =        0.7920  ANGLE   =        2.6694  DIHED      =       13.3449
 VDWAALS =     1753.5852  EEL     =    -9729.8939  HBOND      =        0.0000
 1-4 VDW =        2.9547  1-4 EEL =       46.4424  RESTRAINT  =        0.0000


   NSTEP       ENERGY          RMS            GMAX         NAME    NUMBER
     20      -9.4478E+03     3.1180E+00     2.6074E+01     O        2231

 BOND    =      492.0275  ANGLE   =        2.6058  DIHED      =       13.2555
 VDWAALS =      978.9512  EEL     =   -10984.1670  HBOND      =        0.0000
 1-4 VDW =        2.9628  1-4 EEL =       46.5077  RESTRAINT  =        0.0191
 EAMBER  =    -9447.8565


   NSTEP       ENERGY          RMS            GMAX         NAME    NUMBER
     40      -1.0287E+04     2.1234E+00     4.1977E+01     H2        466

 BOND    =      544.1750  ANGLE   =        2.4883  DIHED      =       13.0597
 VDWAALS =      982.8382  EEL     =   -11879.6176  HBOND      =        0.0000
 1-4 VDW =        3.0747  1-4 EEL =       46.7954  RESTRAINT  =        0.0565
 EAMBER  =   -10287.1863


   NSTEP       ENERGY          RMS            GMAX         NAME    NUMBER
     60      -1.0527E+04     3.2554E+00     7.2333E+01     H1        465

 BOND    =      545.8201  ANGLE   =        2.4377  DIHED      =       12.9674
 VDWAALS =     1015.0873  EEL     =   -12153.6383  HBOND      =        0.0000
 1-4 VDW =        3.1315  1-4 EEL =       46.9422  RESTRAINT  =        0.0640
 EAMBER  =   -10527.2521


   NSTEP       ENERGY          RMS            GMAX         NAME    NUMBER
     80      -1.0703E+04     1.1257E+00     1.0442E+01     H1        465

 BOND    =      625.3890  ANGLE   =        2.3885  DIHED      =       12.8940
 VDWAALS =     1050.3979  EEL     =   -12444.7280  HBOND      =        0.0000
 1-4 VDW =        3.1745  1-4 EEL =       47.0470  RESTRAINT  =        0.0744
 EAMBER  =   -10703.4370


   NSTEP       ENERGY          RMS            GMAX         NAME    NUMBER
    100      -1.0824E+04     9.0518E-01     4.9143E+00     H2       2422

 BOND    =      633.1888  ANGLE   =        2.3448  DIHED      =       12.8336
 VDWAALS =     1087.3353  EEL     =   -12610.2375  HBOND      =        0.0000
 1-4 VDW =        3.2066  1-4 EEL =       47.1258  RESTRAINT  =        0.0860
 EAMBER  =   -10824.2025


   NSTEP       ENERGY          RMS            GMAX         NAME    NUMBER
    120      -1.1362E+04     3.6900E+00     4.5858E+01     H2       2467

 BOND    =      728.6886  ANGLE   =        2.0722  DIHED      =       12.6075
 VDWAALS =     1561.7343  EEL     =   -13717.8321  HBOND      =        0.0000
 1-4 VDW =        3.3709  1-4 EEL =       47.3717  RESTRAINT  =        0.2980
 EAMBER  =   -11361.9870


   NSTEP       ENERGY          RMS            GMAX         NAME    NUMBER
    140      -1.1495E+04     1.4944E+00     3.3032E+01     H1       2910

 BOND    =      768.9419  ANGLE   =        2.0795  DIHED      =       12.4205
 VDWAALS =     1584.7121  EEL     =   -13914.5796  HBOND      =        0.0000
 1-4 VDW =        3.3371  1-4 EEL =       47.3947  RESTRAINT  =        0.2925
 EAMBER  =   -11495.6938


   NSTEP       ENERGY          RMS            GMAX         NAME    NUMBER
    160      -1.1619E+04     9.9981E-01     1.8181E+01     O        2702

 BOND    =      755.1972  ANGLE   =        1.8658  DIHED      =       12.1879
 VDWAALS =     1594.2131  EEL     =   -14033.0200  HBOND      =        0.0000
 1-4 VDW =        3.2871  1-4 EEL =       47.3376  RESTRAINT  =        0.2750
 EAMBER  =   -11618.9313


   NSTEP       ENERGY          RMS            GMAX         NAME    NUMBER
    180      -1.1720E+04     1.3609E+00     2.4924E+01     O          95

 BOND    =      804.4692  ANGLE   =        1.9657  DIHED      =       12.2392
 VDWAALS =     1719.1415  EEL     =   -14308.7086  HBOND      =        0.0000
 1-4 VDW =        3.2830  1-4 EEL =       47.3637  RESTRAINT  =        0.2747
 EAMBER  =   -11720.2463


   NSTEP       ENERGY          RMS            GMAX         NAME    NUMBER
    200      -1.1821E+04     1.0474E+00     2.9457E+01     C          15

 BOND    =      799.1467  ANGLE   =        2.3741  DIHED      =       11.9231
 VDWAALS =     1771.2633  EEL     =   -14456.5778  HBOND      =        0.0000
 1-4 VDW =        3.3612  1-4 EEL =       47.2158  RESTRAINT  =        0.3942
 EAMBER  =   -11821.2936


   NSTEP       ENERGY          RMS            GMAX         NAME    NUMBER
    220      -1.1882E+04     1.5781E+00     4.0758E+01     N           7

 BOND    =      825.2337  ANGLE   =        2.1183  DIHED      =       11.9964
 VDWAALS =     1808.2544  EEL     =   -14581.1664  HBOND      =        0.0000
 1-4 VDW =        3.3419  1-4 EEL =       47.5839  RESTRAINT  =        0.1989
 EAMBER  =   -11882.6378


   NSTEP       ENERGY          RMS            GMAX         NAME    NUMBER
    240      -1.1943E+04     1.0392E+00     2.8486E+01     C           5

 BOND    =      813.1742  ANGLE   =        1.7218  DIHED      =       11.2808
 VDWAALS =     1850.3414  EEL     =   -14670.6752  HBOND      =        0.0000
 1-4 VDW =        3.2598  1-4 EEL =       47.5867  RESTRAINT  =        0.3868
 EAMBER  =   -11943.3105


   NSTEP       ENERGY          RMS            GMAX         NAME    NUMBER
    260      -1.1998E+04     9.5338E-01     3.2473E+01     C          15

 BOND    =      838.4516  ANGLE   =        1.3145  DIHED      =       11.3635
 VDWAALS =     1891.5406  EEL     =   -14791.3412  HBOND      =        0.0000
 1-4 VDW =        3.3455  1-4 EEL =       47.4822  RESTRAINT  =        0.2582
 EAMBER  =   -11997.8432


   NSTEP       ENERGY          RMS            GMAX         NAME    NUMBER
    280      -1.2043E+04     8.0354E-01     1.9074E+01     C          15

 BOND    =      844.1124  ANGLE   =        1.7840  DIHED      =       11.4439
 VDWAALS =     1946.0251  EEL     =   -14896.8037  HBOND      =        0.0000
 1-4 VDW =        3.1055  1-4 EEL =       47.1699  RESTRAINT  =        0.3097
 EAMBER  =   -12043.1630


   NSTEP       ENERGY          RMS            GMAX         NAME    NUMBER
    300      -1.2093E+04     8.5460E-01     1.5301E+01     CB         11

 BOND    =      847.4580  ANGLE   =        1.9393  DIHED      =       10.8430
 VDWAALS =     1974.9372  EEL     =   -14978.5566  HBOND      =        0.0000
 1-4 VDW =        3.0835  1-4 EEL =       46.9407  RESTRAINT  =        0.2634
 EAMBER  =   -12093.3551


   NSTEP       ENERGY          RMS            GMAX         NAME    NUMBER
    320      -1.2131E+04     7.0363E-01     1.8170E+01     N          17

 BOND    =      858.4140  ANGLE   =        2.4063  DIHED      =       10.8589
 VDWAALS =     2002.9154  EEL     =   -15056.1067  HBOND      =        0.0000
 1-4 VDW =        3.1131  1-4 EEL =       47.0006  RESTRAINT  =        0.3148
 EAMBER  =   -12131.3984


   NSTEP       ENERGY          RMS            GMAX         NAME    NUMBER
    340      -1.2185E+04     1.0089E+00     3.1383E+01     C           5

 BOND    =      869.2407  ANGLE   =        1.1619  DIHED      =       10.6705
 VDWAALS =     2031.7040  EEL     =   -15148.3780  HBOND      =        0.0000
 1-4 VDW =        3.1004  1-4 EEL =       47.3384  RESTRAINT  =        0.2732
 EAMBER  =   -12185.1620


   NSTEP       ENERGY          RMS            GMAX         NAME    NUMBER
    360      -1.2212E+04     7.2265E-01     1.3332E+01     C           5

 BOND    =      866.9231  ANGLE   =        1.5335  DIHED      =       10.6323
 VDWAALS =     2045.5264  EEL     =   -15186.3490  HBOND      =        0.0000
 1-4 VDW =        3.0949  1-4 EEL =       46.7945  RESTRAINT  =        0.2904
 EAMBER  =   -12211.8444


   NSTEP       ENERGY          RMS            GMAX         NAME    NUMBER
    380      -1.2260E+04     9.9932E-01     2.7526E+01     C          15

 BOND    =      885.4639  ANGLE   =        1.6853  DIHED      =       10.7351
 VDWAALS =     2109.4870  EEL     =   -15317.4957  HBOND      =        0.0000
 1-4 VDW =        3.1831  1-4 EEL =       46.8838  RESTRAINT  =        0.5061
 EAMBER  =   -12260.0575


   NSTEP       ENERGY          RMS            GMAX         NAME    NUMBER
    400      -1.2306E+04     8.1443E-01     1.9277E+01     CH3        19

 BOND    =      897.9530  ANGLE   =        2.0426  DIHED      =       10.2261
 VDWAALS =     2117.3854  EEL     =   -15384.0664  HBOND      =        0.0000
 1-4 VDW =        3.4698  1-4 EEL =       46.8581  RESTRAINT  =        0.4686
 EAMBER  =   -12306.1315


   NSTEP       ENERGY          RMS            GMAX         NAME    NUMBER
    420      -1.2328E+04     9.2970E-01     2.5410E+01     CB         11

 BOND    =      887.4916  ANGLE   =        2.4828  DIHED      =       10.5044
 VDWAALS =     2136.7937  EEL     =   -15416.3186  HBOND      =        0.0000
 1-4 VDW =        3.3136  1-4 EEL =       46.8546  RESTRAINT  =        0.4726
 EAMBER  =   -12328.8779


   NSTEP       ENERGY          RMS            GMAX         NAME    NUMBER
    440      -1.2368E+04     4.5087E-01     1.2861E+01     N          17

 BOND    =      903.9764  ANGLE   =        1.6053  DIHED      =       10.1039
 VDWAALS =     2159.4607  EEL     =   -15493.7344  HBOND      =        0.0000
 1-4 VDW =        2.9028  1-4 EEL =       47.0102  RESTRAINT  =        0.4824
 EAMBER  =   -12368.6753


   NSTEP       ENERGY          RMS            GMAX         NAME    NUMBER
    460      -1.2382E+04     4.8899E-01     1.2618E+01     CA          9

 BOND    =      895.1847  ANGLE   =        1.2171  DIHED      =       10.0384
 VDWAALS =     2169.1353  EEL     =   -15508.0241  HBOND      =        0.0000
 1-4 VDW =        3.0925  1-4 EEL =       46.9886  RESTRAINT  =        0.1592
 EAMBER  =   -12382.3676


   NSTEP       ENERGY          RMS            GMAX         NAME    NUMBER
    480      -1.2417E+04     6.2911E-01     1.4366E+01     C          15

 BOND    =      916.2750  ANGLE   =        1.2845  DIHED      =        9.9137
 VDWAALS =     2209.4661  EEL     =   -15604.7920  HBOND      =        0.0000
 1-4 VDW =        3.3764  1-4 EEL =       47.0264  RESTRAINT  =        0.4094
 EAMBER  =   -12417.4499


   NSTEP       ENERGY          RMS            GMAX         NAME    NUMBER
    500      -1.2446E+04     5.7888E-01     1.7989E+01     CH3         2

 BOND    =      917.4905  ANGLE   =        1.5756  DIHED      =        9.6953
 VDWAALS =     2212.2341  EEL     =   -15637.6553  HBOND      =        0.0000
 1-4 VDW =        3.3964  1-4 EEL =       46.9780  RESTRAINT  =        0.2444
 EAMBER  =   -12446.2854


   NSTEP       ENERGY          RMS            GMAX         NAME    NUMBER
    520      -1.2478E+04     1.3686E+00     3.9972E+01     C          15

 BOND    =      914.0936  ANGLE   =        4.3987  DIHED      =       11.0859
 VDWAALS =     2256.6320  EEL     =   -15714.8799  HBOND      =        0.0000
 1-4 VDW =        3.0238  1-4 EEL =       46.5600  RESTRAINT  =        1.2309
 EAMBER  =   -12479.0859


   NSTEP       ENERGY          RMS            GMAX         NAME    NUMBER
    540      -1.2519E+04     3.5600E-01     1.0126E+01     CH3        19

 BOND    =      930.3255  ANGLE   =        1.0506  DIHED      =        9.4469
 VDWAALS =     2276.6493  EEL     =   -15786.7006  HBOND      =        0.0000
 1-4 VDW =        3.0728  1-4 EEL =       46.7621  RESTRAINT  =        0.1184
 EAMBER  =   -12519.3935


   NSTEP       ENERGY          RMS            GMAX         NAME    NUMBER
    560      -1.2530E+04     4.2431E-01     1.6032E+01     C          15

 BOND    =      929.1520  ANGLE   =        1.1182  DIHED      =        9.4891
 VDWAALS =     2280.4681  EEL     =   -15800.1795  HBOND      =        0.0000
 1-4 VDW =        3.0602  1-4 EEL =       46.8197  RESTRAINT  =        0.1122
 EAMBER  =   -12530.0722


   NSTEP       ENERGY          RMS            GMAX         NAME    NUMBER
    580      -1.2557E+04     5.7084E-01     1.0156E+01     HH32       21

 BOND    =      938.3709  ANGLE   =        2.2516  DIHED      =        9.3243
 VDWAALS =     2303.7644  EEL     =   -15860.6277  HBOND      =        0.0000
 1-4 VDW =        3.0077  1-4 EEL =       46.9791  RESTRAINT  =        0.2302
 EAMBER  =   -12556.9297


   NSTEP       ENERGY          RMS            GMAX         NAME    NUMBER
    600      -1.2580E+04     4.1432E-01     1.2870E+01     CH3        19

 BOND    =      939.5312  ANGLE   =        1.8885  DIHED      =        9.4097
 VDWAALS =     2309.2666  EEL     =   -15889.7134  HBOND      =        0.0000
 1-4 VDW =        3.1252  1-4 EEL =       46.4965  RESTRAINT  =        0.0834
 EAMBER  =   -12579.9958


   NSTEP       ENERGY          RMS            GMAX         NAME    NUMBER
    620      -1.2590E+04     5.7948E-01     1.5372E+01     C           5

 BOND    =      935.0924  ANGLE   =        1.6618  DIHED      =        9.3000
 VDWAALS =     2316.7058  EEL     =   -15902.2066  HBOND      =        0.0000
 1-4 VDW =        3.1472  1-4 EEL =       46.4290  RESTRAINT  =        0.0908
 EAMBER  =   -12589.8704


   NSTEP       ENERGY          RMS            GMAX         NAME    NUMBER
    640      -1.2608E+04     4.1217E-01     1.1583E+01     CB         11

 BOND    =      946.6077  ANGLE   =        1.1273  DIHED      =        9.2594
 VDWAALS =     2328.3342  EEL     =   -15943.2485  HBOND      =        0.0000
 1-4 VDW =        3.1415  1-4 EEL =       46.5342  RESTRAINT  =        0.1844
 EAMBER  =   -12608.2442


   NSTEP       ENERGY          RMS            GMAX         NAME    NUMBER
    660      -1.2615E+04     3.2491E-01     1.3501E+01     C          15

 BOND    =      941.7769  ANGLE   =        1.1114  DIHED      =        9.2747
 VDWAALS =     2332.0219  EEL     =   -15948.4650  HBOND      =        0.0000
 1-4 VDW =        3.0513  1-4 EEL =       46.5114  RESTRAINT  =        0.0934
 EAMBER  =   -12614.7173


   NSTEP       ENERGY          RMS            GMAX         NAME    NUMBER
    680      -1.2631E+04     7.0230E-01     1.7722E+01     CH3        19

 BOND    =      953.8868  ANGLE   =        2.2227  DIHED      =        9.1836
 VDWAALS =     2351.0635  EEL     =   -15997.4360  HBOND      =        0.0000
 1-4 VDW =        2.8831  1-4 EEL =       46.5897  RESTRAINT  =        0.2826
 EAMBER  =   -12631.6065


   NSTEP       ENERGY          RMS            GMAX         NAME    NUMBER
    700      -1.2647E+04     2.8896E-01     9.3165E+00     C          15

 BOND    =      950.7414  ANGLE   =        1.5921  DIHED      =        9.3130
 VDWAALS =     2356.0841  EEL     =   -16014.2272  HBOND      =        0.0000
 1-4 VDW =        3.0118  1-4 EEL =       46.3910  RESTRAINT  =        0.1168
 EAMBER  =   -12647.0937


   NSTEP       ENERGY          RMS            GMAX         NAME    NUMBER
    720      -1.2657E+04     6.3591E-01     1.7065E+01     C          15

 BOND    =      945.6701  ANGLE   =        1.2522  DIHED      =        9.1635
 VDWAALS =     2368.3982  EEL     =   -16031.3547  HBOND      =        0.0000
 1-4 VDW =        3.0462  1-4 EEL =       46.3633  RESTRAINT  =        0.1085
 EAMBER  =   -12657.4613


   NSTEP       ENERGY          RMS            GMAX         NAME    NUMBER
    740      -1.2675E+04     4.4918E-01     1.6903E+01     C           5

 BOND    =      959.5501  ANGLE   =        1.3393  DIHED      =        9.1613
 VDWAALS =     2379.4472  EEL     =   -16073.6210  HBOND      =        0.0000
 1-4 VDW =        3.1307  1-4 EEL =       46.2679  RESTRAINT  =        0.2043
 EAMBER  =   -12674.7247


   NSTEP       ENERGY          RMS            GMAX         NAME    NUMBER
    760      -1.2680E+04     3.1888E-01     9.6808E+00     C          15

 BOND    =      954.5861  ANGLE   =        1.1335  DIHED      =        9.2026
 VDWAALS =     2383.8667  EEL     =   -16077.7208  HBOND      =        0.0000
 1-4 VDW =        3.0092  1-4 EEL =       46.2811  RESTRAINT  =        0.0841
 EAMBER  =   -12679.6416


   NSTEP       ENERGY          RMS            GMAX         NAME    NUMBER
    780      -1.2689E+04     3.2705E-01     6.8452E+00     C           5

 BOND    =      961.5152  ANGLE   =        1.7909  DIHED      =        9.0847
 VDWAALS =     2393.5203  EEL     =   -16104.5851  HBOND      =        0.0000
 1-4 VDW =        2.8908  1-4 EEL =       46.3066  RESTRAINT  =        0.1845
 EAMBER  =   -12689.4766


   NSTEP       ENERGY          RMS            GMAX         NAME    NUMBER
    800      -1.2697E+04     3.5497E-01     1.0918E+01     CH3        19

 BOND    =      961.2511  ANGLE   =        1.6457  DIHED      =        9.1800
 VDWAALS =     2399.7340  EEL     =   -16118.2825  HBOND      =        0.0000
 1-4 VDW =        2.9419  1-4 EEL =       46.1276  RESTRAINT  =        0.1180
 EAMBER  =   -12697.4023


   NSTEP       ENERGY          RMS            GMAX         NAME    NUMBER
    820      -1.2703E+04     5.1745E-01     1.7893E+01     N           7

 BOND    =      955.5532  ANGLE   =        1.2251  DIHED      =        9.0884
 VDWAALS =     2403.7568  EEL     =   -16122.0400  HBOND      =        0.0000
 1-4 VDW =        3.0395  1-4 EEL =       46.0701  RESTRAINT  =        0.0907
 EAMBER  =   -12703.3069


   NSTEP       ENERGY          RMS            GMAX         NAME    NUMBER
    840      -1.2715E+04     3.4275E-01     1.2973E+01     C           5

 BOND    =      965.9502  ANGLE   =        1.2903  DIHED      =        9.0677
 VDWAALS =     2411.1422  EEL     =   -16151.9880  HBOND      =        0.0000
 1-4 VDW =        3.1118  1-4 EEL =       46.0626  RESTRAINT  =        0.2428
 EAMBER  =   -12715.3632


   NSTEP       ENERGY          RMS            GMAX         NAME    NUMBER
    860      -1.2720E+04     3.1738E-01     9.3738E+00     N           7

 BOND    =      961.3977  ANGLE   =        1.1973  DIHED      =        9.0731
 VDWAALS =     2414.1831  EEL     =   -16154.5892  HBOND      =        0.0000
 1-4 VDW =        3.0240  1-4 EEL =       46.0735  RESTRAINT  =        0.1019
 EAMBER  =   -12719.6404


   NSTEP       ENERGY          RMS            GMAX         NAME    NUMBER
    880      -1.2728E+04     3.5429E-01     6.8395E+00     C           5

 BOND    =      969.6723  ANGLE   =        1.9270  DIHED      =        8.9893
 VDWAALS =     2420.6332  EEL     =   -16178.6929  HBOND      =        0.0000
 1-4 VDW =        2.8766  1-4 EEL =       46.1437  RESTRAINT  =        0.2132
 EAMBER  =   -12728.4508


   NSTEP       ENERGY          RMS            GMAX         NAME    NUMBER
    900      -1.2736E+04     3.7355E-01     1.1772E+01     CH3        19

 BOND    =      968.4159  ANGLE   =        1.6261  DIHED      =        9.0656
 VDWAALS =     2425.5959  EEL     =   -16189.6428  HBOND      =        0.0000
 1-4 VDW =        2.8862  1-4 EEL =       45.9721  RESTRAINT  =        0.1337
 EAMBER  =   -12736.0811


   NSTEP       ENERGY          RMS            GMAX         NAME    NUMBER
    920      -1.2741E+04     4.2737E-01     1.8845E+01     C          15

 BOND    =      963.3143  ANGLE   =        1.1097  DIHED      =        8.9556
 VDWAALS =     2427.8380  EEL     =   -16191.4537  HBOND      =        0.0000
 1-4 VDW =        3.0051  1-4 EEL =       45.9759  RESTRAINT  =        0.0807
 EAMBER  =   -12741.2551


   NSTEP       ENERGY          RMS            GMAX         NAME    NUMBER
    940      -1.2749E+04     3.0083E-01     1.0459E+01     C           5

 BOND    =      971.5891  ANGLE   =        1.2688  DIHED      =        8.9713
 VDWAALS =     2432.6034  EEL     =   -16212.9363  HBOND      =        0.0000
 1-4 VDW =        3.0746  1-4 EEL =       45.9566  RESTRAINT  =        0.2248
 EAMBER  =   -12749.4725


   NSTEP       ENERGY          RMS            GMAX         NAME    NUMBER
    960      -1.2753E+04     2.7171E-01     8.5870E+00     H          18

 BOND    =      967.6470  ANGLE   =        1.3568  DIHED      =        8.9446
 VDWAALS =     2436.0775  EEL     =   -16216.5609  HBOND      =        0.0000
 1-4 VDW =        3.0171  1-4 EEL =       45.9996  RESTRAINT  =        0.0993
 EAMBER  =   -12753.5184


   NSTEP       ENERGY          RMS            GMAX         NAME    NUMBER
    980      -1.2760E+04     3.1642E-01     1.1420E+01     C           5

 BOND    =      972.9573  ANGLE   =        1.8166  DIHED      =        8.9024
 VDWAALS =     2440.9476  EEL     =   -16234.0110  HBOND      =        0.0000
 1-4 VDW =        2.8734  1-4 EEL =       46.0968  RESTRAINT  =        0.1948
 EAMBER  =   -12760.4169


   NSTEP       ENERGY          RMS            GMAX         NAME    NUMBER
   1000      -1.2766E+04     3.9264E-01     1.3096E+01     C          15

 BOND    =      975.2867  ANGLE   =        1.4266  DIHED      =        8.9043
 VDWAALS =     2446.5950  EEL     =   -16247.2760  HBOND      =        0.0000
 1-4 VDW =        2.8540  1-4 EEL =       45.9528  RESTRAINT  =        0.1120
 EAMBER  =   -12766.2566


  Maximum number of minimization cycles reached.


                    FINAL RESULTS



   NSTEP       ENERGY          RMS            GMAX         NAME    NUMBER
   1000      -1.2766E+04     3.9264E-01     1.3096E+01     C          15

 BOND    =      975.2867  ANGLE   =        1.4266  DIHED      =        8.9043
 VDWAALS =     2446.5950  EEL     =   -16247.2760  HBOND      =        0.0000
 1-4 VDW =        2.8540  1-4 EEL =       45.9528  RESTRAINT  =        0.1120
 EAMBER  =   -12766.2566

--------------------------------------------------------------------------------
   5.  TIMINGS
--------------------------------------------------------------------------------

|                Build the list             0.13 (57.82% of List )
|                Other                      0.10 (42.18% of List )
|             List time                  0.23 ( 1.35% of Nonbo)
|                   Short_ene time            11.15 (95.44% of Direc)
|                   Other                      0.53 ( 4.56% of Direc)
|                Direct Ewald time         11.68 (69.78% of Ewald)
|                Adjust Ewald time          0.07 ( 0.43% of Ewald)
|                Self Ewald time            0.00 ( 0.03% of Ewald)
|                   Fill Bspline coeffs        0.29 ( 6.53% of Recip)
|                   Fill charge grid           0.34 ( 7.49% of Recip)
|                   Scalar sum                 1.34 (29.65% of Recip)
|                   Grad sum                   0.66 (14.62% of Recip)
|                      FFT back comm time         0.62 (33.53% of FFT t)
|                      Other                      1.22 (66.47% of FFT t)
|                   FFT time                   1.84 (40.80% of Recip)
|                   Other                      0.04 ( 0.91% of Recip)
|                Recip Ewald time           4.51 (26.93% of Ewald)
|                Force Adjust               0.37 ( 2.20% of Ewald)
|                Virial junk                0.09 ( 0.56% of Ewald)
|                Start synchronizatio       0.00 ( 0.01% of Ewald)
|                Other                      0.01 ( 0.06% of Ewald)
|             Ewald time                16.74 (98.63% of Nonbo)
|             Other                      0.00 ( 0.01% of Nonbo)
|          Nonbond force             16.97 (93.38% of Force)
|          Bond/Angle/Dihedral        0.05 ( 0.30% of Force)
|          FRC Collect time           0.55 ( 3.05% of Force)
|          Other                      0.60 ( 3.28% of Force)
|       Force time                18.17 (100.0% of Runmd)
|    Runmd Time                18.17 ( 8.98% of Total)
|    Other                    184.20 (91.02% of Total)
| Total time               202.38 (100.0% of ALL  )

| Highest rstack allocated:      41908
| Highest istack allocated:        930
|           Job began  at 13:53:38.745  on 03/14/2017
|           Setup done at 13:53:38.838  on 03/14/2017
|           Run   done at 13:57:01.125  on 03/14/2017
|     wallclock() was called   44068 times
