
          -------------------------------------------------------
          Amber 16 SANDER                              2016
          -------------------------------------------------------

| Run on 03/14/2017 at 14:17:53

|   Executable path: sander.MPI
| Working directory: /home/steboss/projects/mdgx-tests/alanine/IPOLQ/input/PhiPsi_1/180/120
|          Hostname: node005

  [-O]verwriting output

File Assignments:
|  MDIN: equil.in                                                              
| MDOUT: Conf120.eq.out                                                        
|INPCRD: Conf120.min                                                           
|  PARM: Conf120.top                                                           
|RESTRT: Conf120.rst                                                           
|  REFC: Conf120.crd                                                           
| MDVEL: mdvel                                                                 
| MDFRC: mdfrc                                                                 
|  MDEN: mden                                                                  
| MDCRD: mdcrd                                                                 
|MDINFO: mdinfo                                                                
|  MTMD: mtmd                                                                  
|INPDIP: inpdip                                                                
|RSTDIP: rstdip                                                                
|INPTRA: inptraj                                                               

|    REMLOG: rem.log
|   REMTYPE: rem.type
|  REMSTRIP: 
|   SAVEENE: saveene
|CLUSTERINF: cluster.info
| RESERVOIR: reserv/frame
|   REMDDIM: 


 Here is the input file:

Equilibrate water in NPT                                                       
 &cntrl                                                                        
                                                                               
  nmropt = 0,                                                                  
  ntx    = 1,       irest  = 0,       ntrx   = 1,      ntxo   = 1,             
  ntpr   = 1000,    ntwx   = 1000,    ntwv   = 0,      ntwe   = 1000,          
  iwrap  = 0,       ioutfm = 1,                                                
                                                                               
  ntf    = 2,       ntb    = 2,                                                
  cut = 9.0,                                                                   
                                                                               
  ibelly = 0,       ntr    = 1,                                                
  restraintmask = ':1',                                                        
  restraint_wt = 100.0,                                                        
                                                                               
  imin   = 0,                                                                  
  nstlim = 10000,                                                              
  nscm   = 1000,                                                               
  t      = 0.0,     dt     = 0.002,                                            
                                                                               
  temp0     = 298.0,   tempi  = 0.0,                                           
  ig        = -1,                                                              
  ntt       = 3,                                                               
  gamma_ln  = 3.0,                                                             
                                                                               
  ntp    = 1,       pres0  = 1.0,     comp   = 44.6,                           
  taup   = 1.0,                                                                
                                                                               
  ntc    = 2,       tol    = 0.000001, watnam = 'WAT ',                        
                                                                               
 &end                                                                          

--------------------------------------------------------------------------------
   1.  RESOURCE   USE: 
--------------------------------------------------------------------------------

| Flags: MPI                                                                    
 getting new box info from bottom of inpcrd
|  INFO: Old style inpcrd file read

| peek_ewald_inpcrd: Box info found
|Largest sphere to fit in unit cell has radius =    14.794
| New format PARM file being parsed.
| Version =    1.000 Date = 03/14/17 Time = 13:38:31
 NATOM  =    3049 NTYPES =       9 NBONH =    3039 MBONA  =       9
 NTHETH =      25 MTHETA =      11 NPHIH =      43 MPHIA  =      24
 NHPARM =       0 NPARM  =       0 NNB   =    4135 NRES   =    1012
 NBONA  =       9 NTHETA =      11 NPHIA =      24 NUMBND =      10
 NUMANG =      16 NPTRA  =      19 NATYP =       9 NPHB   =       1
 IFBOX  =       2 NMXRS  =      10 IFCAP =       0 NEXTRA =       0
 NCOPY  =       0


|     Memory Use     Allocated
|     Real              309361
|     Hollerith          10161
|     Integer            92492
|     Max Pairs         338184
|     nblistReal         36588
|     nblist Int        101482
|       Total             4821 kbytes

| Note: 1-4 EEL scale factors are being read from the topology file.

| Note: 1-4 VDW scale factors are being read from the topology file.
| Duplicated    0 dihedrals
| Duplicated    0 dihedrals

     BOX TYPE: TRUNCATED OCTAHEDRON
Note: ig = -1. Setting random seed to   583504 based on wallclock time in microseconds
      and disabling the synchronization of random numbers between tasks
      to improve performance.

--------------------------------------------------------------------------------
   2.  CONTROL  DATA  FOR  THE  RUN
--------------------------------------------------------------------------------

default_name                                                                    

General flags:
     imin    =       0, nmropt  =       0

Nature and format of input:
     ntx     =       1, irest   =       0, ntrx    =       1

Nature and format of output:
     ntxo    =       1, ntpr    =    1000, ntrx    =       1, ntwr    =   10000
     iwrap   =       0, ntwx    =    1000, ntwv    =       0, ntwe    =    1000
     ioutfm  =       1, ntwprt  =       0, idecomp =       0, rbornstat=      0

Potential function:
     ntf     =       2, ntb     =       2, igb     =       0, nsnb    =      25
     ipol    =       0, gbsa    =       0, iesp    =       0
     dielc   =   1.00000, cut     =   9.00000, intdiel =   1.00000

Frozen or restrained atoms:
     ibelly  =       0, ntr     =       1
     restraint_wt = 100.00000

Molecular dynamics:
     nstlim  =     10000, nscm    =         0, nrespa  =         1
     t       =   0.00000, dt      =   0.00200, vlimit  =  20.00000

Langevin dynamics temperature regulation:
     ig      =  583504
     temp0   = 298.00000, tempi   =   0.00000, gamma_ln=   3.00000

Pressure regulation:
     ntp     =       1
     pres0   =   1.00000, comp    =  44.60000, taup    =   1.00000

SHAKE:
     ntc     =       2, jfastw  =       0
     tol     =   0.00000

Ewald parameters:
     verbose =       0, ew_type =       0, nbflag  =       1, use_pme =       1
     vdwmeth =       1, eedmeth =       1, netfrc  =       1
     Box X =   36.238   Box Y =   36.238   Box Z =   36.238
     Alpha =  109.471   Beta  =  109.471   Gamma =  109.471
     NFFT1 =   36       NFFT2 =   36       NFFT3 =   36
     Cutoff=    9.000   Tol   =0.100E-04
     Ewald Coefficient =  0.30768
     Interpolation order =    4

| MPI Timing options:
|      profile_mpi =        0

    LOADING THE CONSTRAINED ATOMS AS GROUPS


   5.  REFERENCE ATOM COORDINATES

  defa
     Mask :1; matches     6 atoms

--------------------------------------------------------------------------------
   3.  ATOMIC COORDINATES AND VELOCITIES
--------------------------------------------------------------------------------

defa                                                                            
 begin time read from input coords =     0.000 ps

 Number of triangulated 3-point waters found:     1009
|  Atom division among processors:
|         0     382     763    1144    1525    1906    2287    2668
|      3049

     Sum of charges from parm topology file =  -0.00000000
     Forcing neutrality...
|  Running AMBER/MPI version on    8 nodes


--------------------------------------------------------------------------------
   4.  RESULTS
--------------------------------------------------------------------------------

|  # of SOLUTE  degrees of freedom (RNDFP):    6108.
|  # of SOLVENT degrees of freedom (RNDFS):       0.
|  NDFMIN =    6108.     NUM_NOSHAKE =      0     CORRECTED RNDFP =    6108.
|  TOTAL # of degrees of freedom (RNDF) =    6108.
 ---------------------------------------------------
 APPROXIMATING switch and d/dx switch using CUBIC SPLINE INTERPOLATION
 using   5000.0 points per unit in tabled values
 TESTING RELATIVE ERROR over r ranging from 0.0 to cutoff
| CHECK switch(x): max rel err =   0.2738E-14   at   2.422500
| CHECK d/dx switch(x): max rel err =   0.8314E-11   at   2.736960
 ---------------------------------------------------
| Local SIZE OF NONBOND LIST =      99984
| TOTAL SIZE OF NONBOND LIST =     708981

 NSTEP =        0   TIME(PS) =       0.000  TEMP(K) =     0.00  PRESS = -5449.9
 Etot   =    -13279.3231  EKtot   =         0.0000  EPtot      =    -13279.3231
 BOND   =         0.6366  ANGLE   =         0.9469  DIHED      =         8.4534
 1-4 NB =         2.7418  1-4 EEL =        45.7188  VDWAALS    =      2320.6329
 EELEC  =    -15658.6943  EHBOND  =         0.0000  RESTRAINT  =         0.2407
 EAMBER (non-restraint)  =    -13279.5639
 EKCMT  =         0.0000  VIRIAL  =      4310.5644  VOLUME     =     36632.6674
                                                    Density    =         0.8306
 Ewald error estimate:   0.2479E-03
 ------------------------------------------------------------------------------


 NSTEP =     1000   TIME(PS) =       2.000  TEMP(K) =   297.20  PRESS =  -514.6
 Etot   =     -7832.5708  EKtot   =      1803.6421  EPtot      =     -9636.2129
 BOND   =         1.8931  ANGLE   =         7.7345  DIHED      =        10.6156
 1-4 NB =         3.0101  1-4 EEL =        46.3357  VDWAALS    =      1472.9802
 EELEC  =    -11180.4267  EHBOND  =         0.0000  RESTRAINT  =         1.6447
 EAMBER (non-restraint)  =     -9637.8575
 EKCMT  =       853.8148  VIRIAL  =      1220.9802  VOLUME     =     33047.6528
                                                    Density    =         0.9207
 Ewald error estimate:   0.1831E-03
 ------------------------------------------------------------------------------


 NSTEP =     2000   TIME(PS) =       4.000  TEMP(K) =   284.81  PRESS =  -745.2
 Etot   =     -7935.7330  EKtot   =      1728.4881  EPtot      =     -9664.2211
 BOND   =         3.5124  ANGLE   =         7.6940  DIHED      =        11.1710
 1-4 NB =         2.8605  1-4 EEL =        43.9787  VDWAALS    =      1398.2760
 EELEC  =    -11134.0558  EHBOND  =         0.0000  RESTRAINT  =         2.3421
 EAMBER (non-restraint)  =     -9666.5633
 EKCMT  =       863.7887  VIRIAL  =      1379.8740  VOLUME     =     32077.4249
                                                    Density    =         0.9485
 Ewald error estimate:   0.3332E-03
 ------------------------------------------------------------------------------


 NSTEP =     3000   TIME(PS) =       6.000  TEMP(K) =   298.45  PRESS =   101.7
 Etot   =     -7800.5828  EKtot   =      1811.2600  EPtot      =     -9611.8428
 BOND   =         4.2517  ANGLE   =         7.4991  DIHED      =        11.8888
 1-4 NB =         4.4382  1-4 EEL =        47.1934  VDWAALS    =      1444.0216
 EELEC  =    -11133.6323  EHBOND  =         0.0000  RESTRAINT  =         2.4966
 EAMBER (non-restraint)  =     -9614.3394
 EKCMT  =       906.1802  VIRIAL  =       837.5626  VOLUME     =     31252.6497
                                                    Density    =         0.9735
 Ewald error estimate:   0.5451E-04
 ------------------------------------------------------------------------------


 NSTEP =     4000   TIME(PS) =       8.000  TEMP(K) =   299.15  PRESS =   377.6
 Etot   =     -7809.8606  EKtot   =      1815.5097  EPtot      =     -9625.3703
 BOND   =         2.9183  ANGLE   =         7.7476  DIHED      =        10.2193
 1-4 NB =         1.9553  1-4 EEL =        42.2358  VDWAALS    =      1490.7129
 EELEC  =    -11182.6645  EHBOND  =         0.0000  RESTRAINT  =         1.5050
 EAMBER (non-restraint)  =     -9626.8753
 EKCMT  =       916.5488  VIRIAL  =       662.9173  VOLUME     =     31108.9358
                                                    Density    =         0.9780
 Ewald error estimate:   0.8428E-04
 ------------------------------------------------------------------------------


 NSTEP =     5000   TIME(PS) =      10.000  TEMP(K) =   299.96  PRESS =  -424.9
 Etot   =     -7788.5131  EKtot   =      1820.4254  EPtot      =     -9608.9385
 BOND   =         6.0194  ANGLE   =         8.1283  DIHED      =        10.1220
 1-4 NB =         3.6611  1-4 EEL =        44.9229  VDWAALS    =      1349.6638
 EELEC  =    -11034.9272  EHBOND  =         0.0000  RESTRAINT  =         3.4711
 EAMBER (non-restraint)  =     -9612.4096
 EKCMT  =       875.1444  VIRIAL  =      1157.9432  VOLUME     =     30825.7612
                                                    Density    =         0.9870
 Ewald error estimate:   0.1111E-03
 ------------------------------------------------------------------------------


 NSTEP =     6000   TIME(PS) =      12.000  TEMP(K) =   293.21  PRESS =  -484.4
 Etot   =     -7925.1004  EKtot   =      1779.4596  EPtot      =     -9704.5600
 BOND   =         1.3204  ANGLE   =         6.8938  DIHED      =        11.5291
 1-4 NB =         3.7944  1-4 EEL =        44.3024  VDWAALS    =      1383.6682
 EELEC  =    -11158.8144  EHBOND  =         0.0000  RESTRAINT  =         2.7462
 EAMBER (non-restraint)  =     -9707.3062
 EKCMT  =       884.6903  VIRIAL  =      1206.9825  VOLUME     =     30817.1137
                                                    Density    =         0.9873
 Ewald error estimate:   0.2192E-03
 ------------------------------------------------------------------------------


 NSTEP =     7000   TIME(PS) =      14.000  TEMP(K) =   304.68  PRESS =    60.6
 Etot   =     -7824.5004  EKtot   =      1849.0763  EPtot      =     -9673.5767
 BOND   =         3.7326  ANGLE   =         8.1559  DIHED      =        12.7580
 1-4 NB =         4.0427  1-4 EEL =        46.2065  VDWAALS    =      1434.2252
 EELEC  =    -11184.3891  EHBOND  =         0.0000  RESTRAINT  =         1.6915
 EAMBER (non-restraint)  =     -9675.2682
 EKCMT  =       914.8305  VIRIAL  =       874.3589  VOLUME     =     30918.0620
                                                    Density    =         0.9841
 Ewald error estimate:   0.1668E-03
 ------------------------------------------------------------------------------


 NSTEP =     8000   TIME(PS) =      16.000  TEMP(K) =   299.10  PRESS =     6.4
 Etot   =     -7798.0272  EKtot   =      1815.2251  EPtot      =     -9613.2524
 BOND   =         2.9872  ANGLE   =         7.9231  DIHED      =        10.5108
 1-4 NB =         2.4374  1-4 EEL =        45.4845  VDWAALS    =      1428.5575
 EELEC  =    -11113.8889  EHBOND  =         0.0000  RESTRAINT  =         2.7361
 EAMBER (non-restraint)  =     -9615.9885
 EKCMT  =       889.1680  VIRIAL  =       884.8734  VOLUME     =     31029.6541
                                                    Density    =         0.9805
 Ewald error estimate:   0.2457E-04
 ------------------------------------------------------------------------------


 NSTEP =     9000   TIME(PS) =      18.000  TEMP(K) =   298.84  PRESS =   -50.8
 Etot   =     -7855.5916  EKtot   =      1813.6143  EPtot      =     -9669.2059
 BOND   =         2.0855  ANGLE   =         9.1647  DIHED      =        10.3767
 1-4 NB =         2.7280  1-4 EEL =        42.9963  VDWAALS    =      1424.5966
 EELEC  =    -11164.7853  EHBOND  =         0.0000  RESTRAINT  =         3.6317
 EAMBER (non-restraint)  =     -9672.8375
 EKCMT  =       901.9728  VIRIAL  =       935.9249  VOLUME     =     30945.9399
                                                    Density    =         0.9832
 Ewald error estimate:   0.1746E-03
 ------------------------------------------------------------------------------


 NSTEP =    10000   TIME(PS) =      20.000  TEMP(K) =   298.38  PRESS =  -140.2
 Etot   =     -7893.4928  EKtot   =      1810.8526  EPtot      =     -9704.3454
 BOND   =         2.8626  ANGLE   =         8.8830  DIHED      =        10.2087
 1-4 NB =         4.4752  1-4 EEL =        46.8864  VDWAALS    =      1412.5251
 EELEC  =    -11195.5711  EHBOND  =         0.0000  RESTRAINT  =         5.3849
 EAMBER (non-restraint)  =     -9709.7303
 EKCMT  =       925.7554  VIRIAL  =      1018.2366  VOLUME     =     30548.0215
                                                    Density    =         0.9960
 Ewald error estimate:   0.6785E-03
 ------------------------------------------------------------------------------


      A V E R A G E S   O V E R   10000 S T E P S


 NSTEP =    10000   TIME(PS) =      20.000  TEMP(K) =   292.83  PRESS =  -202.6
 Etot   =     -7925.4871  EKtot   =      1777.1271  EPtot      =     -9702.6142
 BOND   =         3.1661  ANGLE   =         8.0763  DIHED      =        10.9000
 1-4 NB =         3.1669  1-4 EEL =        45.4929  VDWAALS    =      1453.7353
 EELEC  =    -11230.1890  EHBOND  =         0.0000  RESTRAINT  =         3.0374
 EAMBER (non-restraint)  =     -9705.6516
 EKCMT  =       883.5021  VIRIAL  =      1030.1123  VOLUME     =     31522.8474
                                                    Density    =         0.9664
 Ewald error estimate:   0.1913E-03
 ------------------------------------------------------------------------------


      R M S  F L U C T U A T I O N S


 NSTEP =    10000   TIME(PS) =      20.000  TEMP(K) =    25.92  PRESS =   465.3
 Etot   =       329.4882  EKtot   =       157.2877  EPtot      =       177.7086
 BOND   =         1.4883  ANGLE   =         2.2396  DIHED      =         1.1687
 1-4 NB =         0.7239  1-4 EEL =         1.9591  VDWAALS    =        87.4118
 EELEC  =       253.8703  EHBOND  =         0.0000  RESTRAINT  =         1.1790
 EAMBER (non-restraint)  =       176.5296
 EKCMT  =        75.8779  VIRIAL  =       300.0205  VOLUME     =      1175.4985
                                                    Density    =         0.0333
 Ewald error estimate:   0.1379E-03
 ------------------------------------------------------------------------------


--------------------------------------------------------------------------------
   5.  TIMINGS
--------------------------------------------------------------------------------

|>>>>>>>>PROFILE of Average TIMES>>>>>>>>> 
|                Build the list            10.77 (97.28% of List )
|                Other                      0.30 ( 2.72% of List )
|             List time                 11.07 (10.12% of Nonbo)
|                   Short_ene time            65.48 (96.45% of Direc)
|                   Other                      2.41 ( 3.55% of Direc)
|                Direct Ewald time         67.89 (69.05% of Ewald)
|                Adjust Ewald time          0.35 ( 0.36% of Ewald)
|                   Fill Bspline coeffs        1.55 ( 7.15% of Recip)
|                   Fill charge grid           1.30 ( 6.00% of Recip)
|                   Scalar sum                 5.47 (25.22% of Recip)
|                   Grad sum                   2.90 (13.36% of Recip)
|                      FFT back comm time         1.80 (18.84% of FFT t)
|                      Other                      7.74 (81.16% of FFT t)
|                   FFT time                   9.54 (43.97% of Recip)
|                   Other                      0.93 ( 4.29% of Recip)
|                Recip Ewald time          21.69 (22.07% of Ewald)
|                Force Adjust               7.87 ( 8.00% of Ewald)
|                Virial junk                0.47 ( 0.47% of Ewald)
|                Other                      0.04 ( 0.04% of Ewald)
|             Ewald time                98.31 (89.87% of Nonbo)
|             Other                      0.01 ( 0.01% of Nonbo)
|          Nonbond force            109.39 (98.82% of Force)
|          Bond/Angle/Dihedral        0.13 ( 0.12% of Force)
|          FRC Collect time           0.94 ( 0.84% of Force)
|          Other                      0.24 ( 0.21% of Force)
|       Force time               110.69 (91.25% of Runmd)
|       Shake time                 0.44 ( 0.36% of Runmd)
|       Verlet update time         4.56 ( 3.76% of Runmd)
|       Ekcmr time                 4.17 ( 3.44% of Runmd)
|       CRD distribute time        0.50 ( 0.41% of Runmd)
|       Other                      0.95 ( 0.78% of Runmd)
|    Runmd Time               121.30 (100.0% of Total)
|    Other                      0.10 ( 0.08% of Total)
| Total time               121.40 (100.0% of ALL  )

| Number of list builds   :        911

| Highest rstack allocated:      41179
| Highest istack allocated:        903

| Final Performance Info:
| -----------------------------------------------------
| Average timings for all steps:
|     Elapsed(s) =     122.16 Per Step(ms) =      12.22
|         ns/day =      14.15   seconds/ns =    6107.86
| -----------------------------------------------------

|           Job began  at 14:17:53.528  on 03/14/2017
|           Setup done at 14:17:53.622  on 03/14/2017
|           Run   done at 14:19:55.472  on 03/14/2017
|     wallclock() was called  571889 times
