
          -------------------------------------------------------
          Amber 16 SANDER                              2016
          -------------------------------------------------------

| Run on 03/14/2017 at 15:20:50

|   Executable path: sander.MPI
| Working directory: /home/steboss/projects/mdgx-tests/alanine/IPOLQ/input/PhiPsi_1/345/60
|          Hostname: node005

  [-O]verwriting output

File Assignments:
|  MDIN: min.in                                                                
| MDOUT: Conf60.min.out                                                        
|INPCRD: Conf60.crd                                                            
|  PARM: Conf60.top                                                            
|RESTRT: Conf60.min                                                            
|  REFC: Conf60.crd                                                            
| MDVEL: mdvel                                                                 
| MDFRC: mdfrc                                                                 
|  MDEN: mden                                                                  
| MDCRD: mdcrd                                                                 
|MDINFO: mdinfo                                                                
|  MTMD: mtmd                                                                  
|INPDIP: inpdip                                                                
|RSTDIP: rstdip                                                                
|INPTRA: inptraj                                                               

|    REMLOG: rem.log
|   REMTYPE: rem.type
|  REMSTRIP: 
|   SAVEENE: saveene
|CLUSTERINF: cluster.info
| RESERVOIR: reserv/frame
|   REMDDIM: 


 Here is the input file:

Initial minimization                                                           
 &cntrl                                                                        
  ntx    = 1,       irest  = 0,       ntrx   = 1,      ntxo   = 1,             
  ntpr   = 20,      ntwx   = 0,       ntwv   = 0,      ntwe   = 0,             
                                                                               
  ntf    = 1,       ntb    = 1,                                                
  ntc    = 1,       ntr    = 1,                                                
  restraintmask = ':1',                                                        
  restraint_wt = 100.0,                                                        
  cut    = 9.0,                                                                
                                                                               
  imin   = 1,                                                                  
  maxcyc = 1000,                                                               
  ncyc   = 100,                                                                
                                                                               
 &end                                                                          

--------------------------------------------------------------------------------
   1.  RESOURCE   USE: 
--------------------------------------------------------------------------------

| Flags: MPI                                                                    
 getting new box info from bottom of inpcrd
|  INFO: Old style inpcrd file read

| peek_ewald_inpcrd: Box info found
|Largest sphere to fit in unit cell has radius =    14.132
| New format PARM file being parsed.
| Version =    1.000 Date = 03/14/17 Time = 13:40:16
 NATOM  =    2671 NTYPES =       9 NBONH =    2661 MBONA  =       9
 NTHETH =      25 MTHETA =      11 NPHIH =      43 MPHIA  =      24
 NHPARM =       0 NPARM  =       0 NNB   =    3631 NRES   =     886
 NBONA  =       9 NTHETA =      11 NPHIA =      24 NUMBND =      10
 NUMANG =      16 NPTRA  =      19 NATYP =       9 NPHB   =       1
 IFBOX  =       2 NMXRS  =      10 IFCAP =       0 NEXTRA =       0
 NCOPY  =       0


|     Memory Use     Allocated
|     Real              314019
|     Hollerith           8901
|     Integer            83924
|     Max Pairs         296258
|     nblistReal         32052
|     nblist Int         82731
|       Total             4546 kbytes

| Note: 1-4 EEL scale factors are being read from the topology file.

| Note: 1-4 VDW scale factors are being read from the topology file.
| Duplicated    0 dihedrals
| Duplicated    0 dihedrals

     BOX TYPE: TRUNCATED OCTAHEDRON

--------------------------------------------------------------------------------
   2.  CONTROL  DATA  FOR  THE  RUN
--------------------------------------------------------------------------------

default_name                                                                    

General flags:
     imin    =       1, nmropt  =       0

Nature and format of input:
     ntx     =       1, irest   =       0, ntrx    =       1

Nature and format of output:
     ntxo    =       1, ntpr    =      20, ntrx    =       1, ntwr    =       1
     iwrap   =       0, ntwx    =       0, ntwv    =       0, ntwe    =       0
     ioutfm  =       1, ntwprt  =       0, idecomp =       0, rbornstat=      0

Potential function:
     ntf     =       1, ntb     =       1, igb     =       0, nsnb    =      25
     ipol    =       0, gbsa    =       0, iesp    =       0
     dielc   =   1.00000, cut     =   9.00000, intdiel =   1.00000

Frozen or restrained atoms:
     ibelly  =       0, ntr     =       1
     restraint_wt = 100.00000

Energy minimization:
     maxcyc  =    1000, ncyc    =     100, ntmin   =       1
     dx0     =   0.01000, drms    =   0.00010

Ewald parameters:
     verbose =       0, ew_type =       0, nbflag  =       1, use_pme =       1
     vdwmeth =       1, eedmeth =       1, netfrc  =       0
     Box X =   34.616   Box Y =   34.616   Box Z =   34.616
     Alpha =  109.471   Beta  =  109.471   Gamma =  109.471
     NFFT1 =   36       NFFT2 =   36       NFFT3 =   36
     Cutoff=    9.000   Tol   =0.100E-04
     Ewald Coefficient =  0.30768
     Interpolation order =    4

| MPI Timing options:
|      profile_mpi =        0

    LOADING THE CONSTRAINED ATOMS AS GROUPS


   5.  REFERENCE ATOM COORDINATES

  defa
     Mask :1; matches     6 atoms

--------------------------------------------------------------------------------
   3.  ATOMIC COORDINATES AND VELOCITIES
--------------------------------------------------------------------------------

default_name                                                                    
 begin time read from input coords =     0.000 ps

 Number of triangulated 3-point waters found:      883
|  Atom division among processors:
|         0     334     667    1000    1333    1666    1999    2332
|      2671

     Sum of charges from parm topology file =  -0.00000000
     Forcing neutrality...
|  Running AMBER/MPI version on    8 nodes


--------------------------------------------------------------------------------
   4.  RESULTS
--------------------------------------------------------------------------------

 ---------------------------------------------------
 APPROXIMATING switch and d/dx switch using CUBIC SPLINE INTERPOLATION
 using   5000.0 points per unit in tabled values
 TESTING RELATIVE ERROR over r ranging from 0.0 to cutoff
| CHECK switch(x): max rel err =   0.2738E-14   at   2.422500
| CHECK d/dx switch(x): max rel err =   0.8314E-11   at   2.736960
 ---------------------------------------------------
| Local SIZE OF NONBOND LIST =      83487
| TOTAL SIZE OF NONBOND LIST =     621988


   NSTEP       ENERGY          RMS            GMAX         NAME    NUMBER
      1      -5.0601E+03     4.2704E+01     6.1644E+02     O         728

 BOND    =        1.1079  ANGLE   =        4.2066  DIHED      =       13.3883
 VDWAALS =     3393.2726  EEL     =    -8519.3381  HBOND      =        0.0000
 1-4 VDW =        2.5618  1-4 EEL =       44.6602  RESTRAINT  =        0.0000


   NSTEP       ENERGY          RMS            GMAX         NAME    NUMBER
     20      -7.6560E+03     5.3662E+00     5.4184E+01     O         353

 BOND    =      409.5718  ANGLE   =        4.2678  DIHED      =       13.3023
 VDWAALS =     1306.1978  EEL     =    -9436.5410  HBOND      =        0.0000
 1-4 VDW =        2.5464  1-4 EEL =       44.6830  RESTRAINT  =        0.0091
 EAMBER  =    -7655.9720


   NSTEP       ENERGY          RMS            GMAX         NAME    NUMBER
     40      -8.7494E+03     2.1363E+00     1.4003E+01     H2       2587

 BOND    =      535.3344  ANGLE   =        4.1422  DIHED      =       13.1532
 VDWAALS =     1052.2565  EEL     =   -10401.5337  HBOND      =        0.0000
 1-4 VDW =        2.5372  1-4 EEL =       44.6911  RESTRAINT  =        0.0646
 EAMBER  =    -8749.4190


   NSTEP       ENERGY          RMS            GMAX         NAME    NUMBER
     60      -8.9949E+03     3.5191E+00     2.3983E+01     H2       2587

 BOND    =      611.2168  ANGLE   =        4.0386  DIHED      =       13.1020
 VDWAALS =     1063.5484  EEL     =   -10734.0979  HBOND      =        0.0000
 1-4 VDW =        2.5343  1-4 EEL =       44.7345  RESTRAINT  =        0.0675
 EAMBER  =    -8994.9235


   NSTEP       ENERGY          RMS            GMAX         NAME    NUMBER
     80      -9.1459E+03     4.1103E+00     2.4667E+01     H2       2587

 BOND    =      651.0991  ANGLE   =        3.9249  DIHED      =       13.0625
 VDWAALS =     1087.0030  EEL     =   -10948.3893  HBOND      =        0.0000
 1-4 VDW =        2.5344  1-4 EEL =       44.7976  RESTRAINT  =        0.0697
 EAMBER  =    -9145.9678


   NSTEP       ENERGY          RMS            GMAX         NAME    NUMBER
    100      -9.2769E+03     9.6123E-01     5.8145E+00     H1        771

 BOND    =      551.3364  ANGLE   =        3.8070  DIHED      =       13.0300
 VDWAALS =     1113.8721  EEL     =   -11006.3819  HBOND      =        0.0000
 1-4 VDW =        2.5363  1-4 EEL =       44.8701  RESTRAINT  =        0.0719
 EAMBER  =    -9276.9301


   NSTEP       ENERGY          RMS            GMAX         NAME    NUMBER
    120      -9.6897E+03     3.9421E+00     7.2974E+01     H1       2148

 BOND    =      715.6349  ANGLE   =        3.1394  DIHED      =       12.8569
 VDWAALS =     1408.7546  EEL     =   -11878.3669  HBOND      =        0.0000
 1-4 VDW =        2.5570  1-4 EEL =       45.6111  RESTRAINT  =        0.1123
 EAMBER  =    -9689.8129


   NSTEP       ENERGY          RMS            GMAX         NAME    NUMBER
    140      -9.8230E+03     1.6884E+00     4.7106E+01     H2       2149

 BOND    =      648.7273  ANGLE   =        2.9411  DIHED      =       12.7727
 VDWAALS =     1426.9787  EEL     =   -11963.0543  HBOND      =        0.0000
 1-4 VDW =        2.6179  1-4 EEL =       45.9278  RESTRAINT  =        0.0901
 EAMBER  =    -9823.0888


   NSTEP       ENERGY          RMS            GMAX         NAME    NUMBER
    160      -9.9280E+03     2.1635E+00     3.9971E+01     O        2084

 BOND    =      648.5030  ANGLE   =        2.6211  DIHED      =       12.7433
 VDWAALS =     1459.4740  EEL     =   -12100.2796  HBOND      =        0.0000
 1-4 VDW =        2.6321  1-4 EEL =       46.1798  RESTRAINT  =        0.0945
 EAMBER  =    -9928.1263


   NSTEP       ENERGY          RMS            GMAX         NAME    NUMBER
    180      -1.0019E+04     9.0406E-01     1.6946E+01     CB         11

 BOND    =      685.5705  ANGLE   =        2.9893  DIHED      =       12.6803
 VDWAALS =     1558.2422  EEL     =   -12327.8739  HBOND      =        0.0000
 1-4 VDW =        2.7103  1-4 EEL =       46.4496  RESTRAINT  =        0.1147
 EAMBER  =   -10019.2318


   NSTEP       ENERGY          RMS            GMAX         NAME    NUMBER
    200      -1.0108E+04     9.5465E-01     1.3933E+01     N          17

 BOND    =      698.2951  ANGLE   =        2.8376  DIHED      =       12.5422
 VDWAALS =     1632.5728  EEL     =   -12502.6631  HBOND      =        0.0000
 1-4 VDW =        2.4679  1-4 EEL =       46.0960  RESTRAINT  =        0.1244
 EAMBER  =   -10107.8515


   NSTEP       ENERGY          RMS            GMAX         NAME    NUMBER
    220      -1.0174E+04     8.1605E-01     1.2130E+01     C           5

 BOND    =      705.3080  ANGLE   =        2.3858  DIHED      =       12.5424
 VDWAALS =     1668.5782  EEL     =   -12611.5492  HBOND      =        0.0000
 1-4 VDW =        2.4791  1-4 EEL =       46.1008  RESTRAINT  =        0.1156
 EAMBER  =   -10174.1550


   NSTEP       ENERGY          RMS            GMAX         NAME    NUMBER
    240      -1.0217E+04     1.3956E+00     4.5352E+01     C          15

 BOND    =      729.2070  ANGLE   =        2.9050  DIHED      =       12.4416
 VDWAALS =     1690.2162  EEL     =   -12701.6020  HBOND      =        0.0000
 1-4 VDW =        2.5749  1-4 EEL =       46.8397  RESTRAINT  =        0.3013
 EAMBER  =   -10217.4175


   NSTEP       ENERGY          RMS            GMAX         NAME    NUMBER
    260      -1.0254E+04     8.2162E-01     1.6133E+01     O           6

 BOND    =      717.4421  ANGLE   =        2.4654  DIHED      =       12.4170
 VDWAALS =     1720.5858  EEL     =   -12756.5627  HBOND      =        0.0000
 1-4 VDW =        2.4986  1-4 EEL =       46.6641  RESTRAINT  =        0.2260
 EAMBER  =   -10254.4897


   NSTEP       ENERGY          RMS            GMAX         NAME    NUMBER
    280      -1.0298E+04     7.3248E-01     1.0530E+01     CA          9

 BOND    =      744.0471  ANGLE   =        2.8272  DIHED      =       12.3015
 VDWAALS =     1806.5745  EEL     =   -12912.9875  HBOND      =        0.0000
 1-4 VDW =        2.7920  1-4 EEL =       46.6434  RESTRAINT  =        0.1318
 EAMBER  =   -10297.8017


   NSTEP       ENERGY          RMS            GMAX         NAME    NUMBER
    300      -1.0340E+04     8.3909E-01     2.2107E+01     N           7

 BOND    =      747.1295  ANGLE   =        3.3220  DIHED      =       12.1984
 VDWAALS =     1798.0698  EEL     =   -12950.1310  HBOND      =        0.0000
 1-4 VDW =        2.6953  1-4 EEL =       46.6687  RESTRAINT  =        0.2159
 EAMBER  =   -10340.0472


   NSTEP       ENERGY          RMS            GMAX         NAME    NUMBER
    320      -1.0367E+04     1.2149E+00     2.0716E+01     H          18

 BOND    =      747.5633  ANGLE   =        2.5814  DIHED      =       12.1620
 VDWAALS =     1841.7941  EEL     =   -13019.7810  HBOND      =        0.0000
 1-4 VDW =        2.3859  1-4 EEL =       46.2774  RESTRAINT  =        0.2955
 EAMBER  =   -10367.0170


   NSTEP       ENERGY          RMS            GMAX         NAME    NUMBER
    340      -1.0406E+04     5.8175E-01     1.7982E+01     CH3         2

 BOND    =      758.3409  ANGLE   =        2.7823  DIHED      =       12.2431
 VDWAALS =     1856.3920  EEL     =   -13084.9264  HBOND      =        0.0000
 1-4 VDW =        2.3165  1-4 EEL =       46.3823  RESTRAINT  =        0.1346
 EAMBER  =   -10406.4693


   NSTEP       ENERGY          RMS            GMAX         NAME    NUMBER
    360      -1.0421E+04     5.7976E-01     1.0937E+01     HH31       20

 BOND    =      755.2540  ANGLE   =        2.3697  DIHED      =       12.2304
 VDWAALS =     1865.7166  EEL     =   -13105.4457  HBOND      =        0.0000
 1-4 VDW =        2.4406  1-4 EEL =       46.5295  RESTRAINT  =        0.1040
 EAMBER  =   -10420.9049


   NSTEP       ENERGY          RMS            GMAX         NAME    NUMBER
    380      -1.0452E+04     6.4421E-01     1.2281E+01     CH3        19

 BOND    =      774.3454  ANGLE   =        2.5181  DIHED      =       12.0806
 VDWAALS =     1918.1433  EEL     =   -13208.2376  HBOND      =        0.0000
 1-4 VDW =        2.7408  1-4 EEL =       46.7039  RESTRAINT  =        0.0803
 EAMBER  =   -10451.7056


   NSTEP       ENERGY          RMS            GMAX         NAME    NUMBER
    400      -1.0479E+04     6.2362E-01     1.4515E+01     CH3        19

 BOND    =      773.6874  ANGLE   =        3.0691  DIHED      =       12.0169
 VDWAALS =     1912.5419  EEL     =   -13230.3076  HBOND      =        0.0000
 1-4 VDW =        2.7334  1-4 EEL =       46.8537  RESTRAINT  =        0.1879
 EAMBER  =   -10479.4052


   NSTEP       ENERGY          RMS            GMAX         NAME    NUMBER
    420      -1.0498E+04     8.4427E-01     2.0271E+01     C          15

 BOND    =      769.4344  ANGLE   =        2.2315  DIHED      =       11.9829
 VDWAALS =     1943.6176  EEL     =   -13274.4880  HBOND      =        0.0000
 1-4 VDW =        2.3379  1-4 EEL =       46.6694  RESTRAINT  =        0.2198
 EAMBER  =   -10498.2142


   NSTEP       ENERGY          RMS            GMAX         NAME    NUMBER
    440      -1.0524E+04     4.6979E-01     1.1162E+01     C          15

 BOND    =      783.4901  ANGLE   =        2.8272  DIHED      =       12.0741
 VDWAALS =     1949.5183  EEL     =   -13320.3075  HBOND      =        0.0000
 1-4 VDW =        2.2506  1-4 EEL =       46.3187  RESTRAINT  =        0.0723
 EAMBER  =   -10523.8285


   NSTEP       ENERGY          RMS            GMAX         NAME    NUMBER
    460      -1.0535E+04     4.9813E-01     1.1413E+01     N           7

 BOND    =      773.2672  ANGLE   =        2.3659  DIHED      =       12.0432
 VDWAALS =     1955.1737  EEL     =   -13327.0189  HBOND      =        0.0000
 1-4 VDW =        2.4164  1-4 EEL =       46.5044  RESTRAINT  =        0.0629
 EAMBER  =   -10535.2481


   NSTEP       ENERGY          RMS            GMAX         NAME    NUMBER
    480      -1.0557E+04     5.6345E-01     1.3770E+01     CH3        19

 BOND    =      793.9454  ANGLE   =        2.6724  DIHED      =       11.9200
 VDWAALS =     1989.2048  EEL     =   -13404.6260  HBOND      =        0.0000
 1-4 VDW =        2.7557  1-4 EEL =       46.7316  RESTRAINT  =        0.0701
 EAMBER  =   -10557.3961


   NSTEP       ENERGY          RMS            GMAX         NAME    NUMBER
    500      -1.0575E+04     5.1421E-01     1.2367E+01     H          18

 BOND    =      791.9874  ANGLE   =        2.2372  DIHED      =       11.8659
 VDWAALS =     1985.3758  EEL     =   -13416.4504  HBOND      =        0.0000
 1-4 VDW =        2.5671  1-4 EEL =       46.7819  RESTRAINT  =        0.1906
 EAMBER  =   -10575.6350


   NSTEP       ENERGY          RMS            GMAX         NAME    NUMBER
    520      -1.0587E+04     6.6155E-01     1.5969E+01     N           7

 BOND    =      781.0215  ANGLE   =        1.8948  DIHED      =       11.8425
 VDWAALS =     2002.9159  EEL     =   -13434.1632  HBOND      =        0.0000
 1-4 VDW =        2.3227  1-4 EEL =       46.5865  RESTRAINT  =        0.1906
 EAMBER  =   -10587.5793


   NSTEP       ENERGY          RMS            GMAX         NAME    NUMBER
    540      -1.0604E+04     4.2008E-01     1.2985E+01     C          15

 BOND    =      799.5378  ANGLE   =        2.5389  DIHED      =       11.9058
 VDWAALS =     2008.1585  EEL     =   -13474.9458  HBOND      =        0.0000
 1-4 VDW =        2.2397  1-4 EEL =       46.3400  RESTRAINT  =        0.0644
 EAMBER  =   -10604.2251


   NSTEP       ENERGY          RMS            GMAX         NAME    NUMBER
    560      -1.0612E+04     4.1824E-01     1.3506E+01     N          17

 BOND    =      788.7530  ANGLE   =        2.3138  DIHED      =       11.8692
 VDWAALS =     2012.4076  EEL     =   -13476.4868  HBOND      =        0.0000
 1-4 VDW =        2.4164  1-4 EEL =       46.4756  RESTRAINT  =        0.0649
 EAMBER  =   -10612.2512


   NSTEP       ENERGY          RMS            GMAX         NAME    NUMBER
    580      -1.0626E+04     4.5190E-01     1.0910E+01     CH3        19

 BOND    =      805.0936  ANGLE   =        2.3401  DIHED      =       11.7773
 VDWAALS =     2034.9639  EEL     =   -13529.7138  HBOND      =        0.0000
 1-4 VDW =        2.6808  1-4 EEL =       46.7080  RESTRAINT  =        0.0708
 EAMBER  =   -10626.1501


   NSTEP       ENERGY          RMS            GMAX         NAME    NUMBER
    600      -1.0638E+04     5.0877E-01     1.5040E+01     C          15

 BOND    =      803.7405  ANGLE   =        2.0091  DIHED      =       11.7164
 VDWAALS =     2033.2942  EEL     =   -13538.2924  HBOND      =        0.0000
 1-4 VDW =        2.5191  1-4 EEL =       46.8219  RESTRAINT  =        0.1764
 EAMBER  =   -10638.1913


   NSTEP       ENERGY          RMS            GMAX         NAME    NUMBER
    620      -1.0647E+04     5.7746E-01     1.5924E+01     C          15

 BOND    =      791.3882  ANGLE   =        1.8007  DIHED      =       11.6922
 VDWAALS =     2046.5757  EEL     =   -13547.2491  HBOND      =        0.0000
 1-4 VDW =        2.3155  1-4 EEL =       46.6324  RESTRAINT  =        0.1565
 EAMBER  =   -10646.8444


   NSTEP       ENERGY          RMS            GMAX         NAME    NUMBER
    640      -1.0660E+04     3.6367E-01     9.5006E+00     C          15

 BOND    =      809.3990  ANGLE   =        2.3837  DIHED      =       11.7403
 VDWAALS =     2050.9049  EEL     =   -13583.1017  HBOND      =        0.0000
 1-4 VDW =        2.2359  1-4 EEL =       46.3706  RESTRAINT  =        0.0616
 EAMBER  =   -10660.0673


   NSTEP       ENERGY          RMS            GMAX         NAME    NUMBER
    660      -1.0667E+04     3.8752E-01     1.3400E+01     N          17

 BOND    =      799.1715  ANGLE   =        2.2634  DIHED      =       11.7050
 VDWAALS =     2054.1584  EEL     =   -13583.4941  HBOND      =        0.0000
 1-4 VDW =        2.4071  1-4 EEL =       46.4834  RESTRAINT  =        0.0647
 EAMBER  =   -10667.3054


   NSTEP       ENERGY          RMS            GMAX         NAME    NUMBER
    680      -1.0681E+04     3.8528E-01     7.6053E+00     HH33       22

 BOND    =      812.2592  ANGLE   =        2.2275  DIHED      =       11.6288
 VDWAALS =     2072.4383  EEL     =   -13628.9041  HBOND      =        0.0000
 1-4 VDW =        2.6483  1-4 EEL =       46.7920  RESTRAINT  =        0.0847
 EAMBER  =   -10680.9099


   NSTEP       ENERGY          RMS            GMAX         NAME    NUMBER
    700      -1.0696E+04     8.1412E-01     2.1024E+01     C           5

 BOND    =      812.3641  ANGLE   =        1.8295  DIHED      =       11.5517
 VDWAALS =     2076.0543  EEL     =   -13646.6260  HBOND      =        0.0000
 1-4 VDW =        2.3633  1-4 EEL =       46.6687  RESTRAINT  =        0.2258
 EAMBER  =   -10695.7944


   NSTEP       ENERGY          RMS            GMAX         NAME    NUMBER
    720      -1.0704E+04     5.0971E-01     1.3183E+01     CH3        19

 BOND    =      811.1850  ANGLE   =        1.9832  DIHED      =       11.5143
 VDWAALS =     2085.2511  EEL     =   -13662.7621  HBOND      =        0.0000
 1-4 VDW =        2.2294  1-4 EEL =       46.6684  RESTRAINT  =        0.0973
 EAMBER  =   -10703.9306


   NSTEP       ENERGY          RMS            GMAX         NAME    NUMBER
    740      -1.0716E+04     3.3481E-01     1.0952E+01     CB         11

 BOND    =      814.3332  ANGLE   =        2.0484  DIHED      =       11.4993
 VDWAALS =     2091.0002  EEL     =   -13683.6398  HBOND      =        0.0000
 1-4 VDW =        2.2748  1-4 EEL =       46.4768  RESTRAINT  =        0.0570
 EAMBER  =   -10716.0071


   NSTEP       ENERGY          RMS            GMAX         NAME    NUMBER
    760      -1.0724E+04     3.2843E-01     8.5526E+00     O           6

 BOND    =      812.7659  ANGLE   =        1.8230  DIHED      =       11.4800
 VDWAALS =     2095.8267  EEL     =   -13694.4073  HBOND      =        0.0000
 1-4 VDW =        2.3658  1-4 EEL =       46.4003  RESTRAINT  =        0.0639
 EAMBER  =   -10723.7457


   NSTEP       ENERGY          RMS            GMAX         NAME    NUMBER
    780      -1.0733E+04     3.4597E-01     6.7680E+00     HH31       20

 BOND    =      817.5319  ANGLE   =        2.1701  DIHED      =       11.4552
 VDWAALS =     2109.9705  EEL     =   -13723.5618  HBOND      =        0.0000
 1-4 VDW =        2.5267  1-4 EEL =       46.6199  RESTRAINT  =        0.0695
 EAMBER  =   -10733.2874


   NSTEP       ENERGY          RMS            GMAX         NAME    NUMBER
    800      -1.0743E+04     5.9307E-01     1.3608E+01     C          15

 BOND    =      820.9065  ANGLE   =        1.9998  DIHED      =       11.3740
 VDWAALS =     2112.8465  EEL     =   -13739.6113  HBOND      =        0.0000
 1-4 VDW =        2.3786  1-4 EEL =       46.9053  RESTRAINT  =        0.2478
 EAMBER  =   -10743.2006


   NSTEP       ENERGY          RMS            GMAX         NAME    NUMBER
    820      -1.0750E+04     4.4603E-01     1.0429E+01     CH3        19

 BOND    =      818.0217  ANGLE   =        1.6034  DIHED      =       11.3670
 VDWAALS =     2121.4142  EEL     =   -13751.4473  HBOND      =        0.0000
 1-4 VDW =        2.2978  1-4 EEL =       46.7921  RESTRAINT  =        0.1129
 EAMBER  =   -10749.9511


   NSTEP       ENERGY          RMS            GMAX         NAME    NUMBER
    840      -1.0759E+04     3.4074E-01     9.3554E+00     CH3        19

 BOND    =      821.3853  ANGLE   =        1.7526  DIHED      =       11.3557
 VDWAALS =     2124.3559  EEL     =   -13766.9116  HBOND      =        0.0000
 1-4 VDW =        2.2792  1-4 EEL =       46.7116  RESTRAINT  =        0.0971
 EAMBER  =   -10759.0712


   NSTEP       ENERGY          RMS            GMAX         NAME    NUMBER
    860      -1.0765E+04     2.7993E-01     9.1898E+00     CB         11

 BOND    =      819.9108  ANGLE   =        1.6824  DIHED      =       11.3112
 VDWAALS =     2127.2034  EEL     =   -13774.1259  HBOND      =        0.0000
 1-4 VDW =        2.3332  1-4 EEL =       46.7495  RESTRAINT  =        0.0813
 EAMBER  =   -10764.9354


   NSTEP       ENERGY          RMS            GMAX         NAME    NUMBER
    880      -1.0773E+04     3.7173E-01     7.2404E+00     C          15

 BOND    =      824.7123  ANGLE   =        1.8527  DIHED      =       11.2444
 VDWAALS =     2141.1858  EEL     =   -13800.7343  HBOND      =        0.0000
 1-4 VDW =        2.4591  1-4 EEL =       46.6900  RESTRAINT  =        0.0751
 EAMBER  =   -10772.5900


   NSTEP       ENERGY          RMS            GMAX         NAME    NUMBER
    900      -1.0780E+04     4.5601E-01     9.6310E+00     O          16

 BOND    =      826.3883  ANGLE   =        2.0483  DIHED      =       11.2476
 VDWAALS =     2139.8161  EEL     =   -13808.1392  HBOND      =        0.0000
 1-4 VDW =        2.4781  1-4 EEL =       46.5725  RESTRAINT  =        0.0855
 EAMBER  =   -10779.5883


   NSTEP       ENERGY          RMS            GMAX         NAME    NUMBER
    920      -1.0784E+04     4.4786E-01     1.3522E+01     CH3        19

 BOND    =      824.6909  ANGLE   =        1.7878  DIHED      =       11.2081
 VDWAALS =     2147.6173  EEL     =   -13818.6604  HBOND      =        0.0000
 1-4 VDW =        2.3199  1-4 EEL =       46.6068  RESTRAINT  =        0.0979
 EAMBER  =   -10784.4296


   NSTEP       ENERGY          RMS            GMAX         NAME    NUMBER
    940      -1.0791E+04     3.1921E-01     9.4903E+00     HH33       22

 BOND    =      829.5298  ANGLE   =        1.7146  DIHED      =       11.1674
 VDWAALS =     2151.7547  EEL     =   -13834.6279  HBOND      =        0.0000
 1-4 VDW =        2.3080  1-4 EEL =       46.6489  RESTRAINT  =        0.0814
 EAMBER  =   -10791.5045


   NSTEP       ENERGY          RMS            GMAX         NAME    NUMBER
    960      -1.0795E+04     3.1197E-01     8.3965E+00     O           6

 BOND    =      827.1587  ANGLE   =        1.7458  DIHED      =       11.1634
 VDWAALS =     2153.8163  EEL     =   -13838.0473  HBOND      =        0.0000
 1-4 VDW =        2.3529  1-4 EEL =       46.6264  RESTRAINT  =        0.0515
 EAMBER  =   -10795.1840


   NSTEP       ENERGY          RMS            GMAX         NAME    NUMBER
    980      -1.0801E+04     3.4569E-01     9.7040E+00     C          15

 BOND    =      830.2092  ANGLE   =        1.7226  DIHED      =       11.0927
 VDWAALS =     2165.4848  EEL     =   -13858.9533  HBOND      =        0.0000
 1-4 VDW =        2.4378  1-4 EEL =       46.6440  RESTRAINT  =        0.0532
 EAMBER  =   -10801.3621


   NSTEP       ENERGY          RMS            GMAX         NAME    NUMBER
   1000      -1.0807E+04     4.6455E-01     9.6734E+00     C          15

 BOND    =      832.7099  ANGLE   =        1.6013  DIHED      =       11.1446
 VDWAALS =     2165.0579  EEL     =   -13866.4398  HBOND      =        0.0000
 1-4 VDW =        2.4535  1-4 EEL =       46.8006  RESTRAINT  =        0.1116
 EAMBER  =   -10806.6720


  Maximum number of minimization cycles reached.


                    FINAL RESULTS



   NSTEP       ENERGY          RMS            GMAX         NAME    NUMBER
   1000      -1.0807E+04     4.6455E-01     9.6734E+00     C          15

 BOND    =      832.7099  ANGLE   =        1.6013  DIHED      =       11.1446
 VDWAALS =     2165.0579  EEL     =   -13866.4398  HBOND      =        0.0000
 1-4 VDW =        2.4535  1-4 EEL =       46.8006  RESTRAINT  =        0.1116
 EAMBER  =   -10806.6720

--------------------------------------------------------------------------------
   5.  TIMINGS
--------------------------------------------------------------------------------

|                Build the list             0.07 (56.40% of List )
|                Other                      0.05 (43.60% of List )
|             List time                  0.12 ( 1.18% of Nonbo)
|                   Short_ene time             6.81 (96.79% of Direc)
|                   Other                      0.23 ( 3.21% of Direc)
|                Direct Ewald time          7.04 (69.53% of Ewald)
|                Adjust Ewald time          0.06 ( 0.55% of Ewald)
|                Self Ewald time            0.00 ( 0.01% of Ewald)
|                   Fill Bspline coeffs        0.15 ( 5.92% of Recip)
|                   Fill charge grid           0.13 ( 5.12% of Recip)
|                   Scalar sum                 0.60 (23.99% of Recip)
|                   Grad sum                   0.30 (12.17% of Recip)
|                      FFT back comm time         0.29 (22.85% of FFT t)
|                      Other                      0.99 (77.15% of FFT t)
|                   FFT time                   1.28 (51.02% of Recip)
|                   Other                      0.04 ( 1.78% of Recip)
|                Recip Ewald time           2.51 (24.75% of Ewald)
|                Force Adjust               0.44 ( 4.39% of Ewald)
|                Virial junk                0.07 ( 0.72% of Ewald)
|                Start synchronizatio       0.00 ( 0.01% of Ewald)
|                Other                      0.01 ( 0.05% of Ewald)
|             Ewald time                10.12 (98.81% of Nonbo)
|             Other                      0.00 ( 0.01% of Nonbo)
|          Nonbond force             10.25 (90.88% of Force)
|          Bond/Angle/Dihedral        0.04 ( 0.35% of Force)
|          FRC Collect time           0.19 ( 1.73% of Force)
|          Other                      0.79 ( 7.05% of Force)
|       Force time                11.28 (100.0% of Runmd)
|    Runmd Time                11.28 ( 5.24% of Total)
|    Other                    203.74 (94.75% of Total)
| Total time               215.03 (100.0% of ALL  )

| Highest rstack allocated:      38155
| Highest istack allocated:        791
|           Job began  at 15:20:50.796  on 03/14/2017
|           Setup done at 15:20:50.877  on 03/14/2017
|           Run   done at 15:24:25.822  on 03/14/2017
|     wallclock() was called   44068 times
