
          -------------------------------------------------------
          Amber 16 SANDER                              2016
          -------------------------------------------------------

| Run on 03/14/2017 at 15:25:54

|   Executable path: sander.MPI
| Working directory: /home/steboss/projects/mdgx-tests/alanine/IPOLQ/input/PhiPsi_1/45/150
|          Hostname: node007

  [-O]verwriting output

File Assignments:
|  MDIN: equil.in                                                              
| MDOUT: Conf150.eq.out                                                        
|INPCRD: Conf150.min                                                           
|  PARM: Conf150.top                                                           
|RESTRT: Conf150.rst                                                           
|  REFC: Conf150.crd                                                           
| MDVEL: mdvel                                                                 
| MDFRC: mdfrc                                                                 
|  MDEN: mden                                                                  
| MDCRD: mdcrd                                                                 
|MDINFO: mdinfo                                                                
|  MTMD: mtmd                                                                  
|INPDIP: inpdip                                                                
|RSTDIP: rstdip                                                                
|INPTRA: inptraj                                                               

|    REMLOG: rem.log
|   REMTYPE: rem.type
|  REMSTRIP: 
|   SAVEENE: saveene
|CLUSTERINF: cluster.info
| RESERVOIR: reserv/frame
|   REMDDIM: 


 Here is the input file:

Equilibrate water in NPT                                                       
 &cntrl                                                                        
                                                                               
  nmropt = 0,                                                                  
  ntx    = 1,       irest  = 0,       ntrx   = 1,      ntxo   = 1,             
  ntpr   = 1000,    ntwx   = 1000,    ntwv   = 0,      ntwe   = 1000,          
  iwrap  = 0,       ioutfm = 1,                                                
                                                                               
  ntf    = 2,       ntb    = 2,                                                
  cut = 9.0,                                                                   
                                                                               
  ibelly = 0,       ntr    = 1,                                                
  restraintmask = ':1',                                                        
  restraint_wt = 100.0,                                                        
                                                                               
  imin   = 0,                                                                  
  nstlim = 10000,                                                              
  nscm   = 1000,                                                               
  t      = 0.0,     dt     = 0.002,                                            
                                                                               
  temp0     = 298.0,   tempi  = 0.0,                                           
  ig        = -1,                                                              
  ntt       = 3,                                                               
  gamma_ln  = 3.0,                                                             
                                                                               
  ntp    = 1,       pres0  = 1.0,     comp   = 44.6,                           
  taup   = 1.0,                                                                
                                                                               
  ntc    = 2,       tol    = 0.000001, watnam = 'WAT ',                        
                                                                               
 &end                                                                          

--------------------------------------------------------------------------------
   1.  RESOURCE   USE: 
--------------------------------------------------------------------------------

| Flags: MPI                                                                    
 getting new box info from bottom of inpcrd
|  INFO: Old style inpcrd file read

| peek_ewald_inpcrd: Box info found
|Largest sphere to fit in unit cell has radius =    14.860
| New format PARM file being parsed.
| Version =    1.000 Date = 03/14/17 Time = 13:40:19
 NATOM  =    3106 NTYPES =       9 NBONH =    3096 MBONA  =       9
 NTHETH =      25 MTHETA =      11 NPHIH =      43 MPHIA  =      24
 NHPARM =       0 NPARM  =       0 NNB   =    4211 NRES   =    1031
 NBONA  =       9 NTHETA =      11 NPHIA =      24 NUMBND =      10
 NUMANG =      16 NPTRA  =      19 NATYP =       9 NPHB   =       1
 IFBOX  =       2 NMXRS  =      10 IFCAP =       0 NEXTRA =       0
 NCOPY  =       0


|     Memory Use     Allocated
|     Real              313522
|     Hollerith          10351
|     Integer            93784
|     Max Pairs         344506
|     nblistReal         37272
|     nblist Int        102812
|       Total             4894 kbytes

| Note: 1-4 EEL scale factors are being read from the topology file.

| Note: 1-4 VDW scale factors are being read from the topology file.
| Duplicated    0 dihedrals
| Duplicated    0 dihedrals

     BOX TYPE: TRUNCATED OCTAHEDRON
Note: ig = -1. Setting random seed to    48672 based on wallclock time in microseconds
      and disabling the synchronization of random numbers between tasks
      to improve performance.

--------------------------------------------------------------------------------
   2.  CONTROL  DATA  FOR  THE  RUN
--------------------------------------------------------------------------------

default_name                                                                    

General flags:
     imin    =       0, nmropt  =       0

Nature and format of input:
     ntx     =       1, irest   =       0, ntrx    =       1

Nature and format of output:
     ntxo    =       1, ntpr    =    1000, ntrx    =       1, ntwr    =   10000
     iwrap   =       0, ntwx    =    1000, ntwv    =       0, ntwe    =    1000
     ioutfm  =       1, ntwprt  =       0, idecomp =       0, rbornstat=      0

Potential function:
     ntf     =       2, ntb     =       2, igb     =       0, nsnb    =      25
     ipol    =       0, gbsa    =       0, iesp    =       0
     dielc   =   1.00000, cut     =   9.00000, intdiel =   1.00000

Frozen or restrained atoms:
     ibelly  =       0, ntr     =       1
     restraint_wt = 100.00000

Molecular dynamics:
     nstlim  =     10000, nscm    =         0, nrespa  =         1
     t       =   0.00000, dt      =   0.00200, vlimit  =  20.00000

Langevin dynamics temperature regulation:
     ig      =   48672
     temp0   = 298.00000, tempi   =   0.00000, gamma_ln=   3.00000

Pressure regulation:
     ntp     =       1
     pres0   =   1.00000, comp    =  44.60000, taup    =   1.00000

SHAKE:
     ntc     =       2, jfastw  =       0
     tol     =   0.00000

Ewald parameters:
     verbose =       0, ew_type =       0, nbflag  =       1, use_pme =       1
     vdwmeth =       1, eedmeth =       1, netfrc  =       1
     Box X =   36.400   Box Y =   36.400   Box Z =   36.400
     Alpha =  109.471   Beta  =  109.471   Gamma =  109.471
     NFFT1 =   36       NFFT2 =   36       NFFT3 =   36
     Cutoff=    9.000   Tol   =0.100E-04
     Ewald Coefficient =  0.30768
     Interpolation order =    4

| MPI Timing options:
|      profile_mpi =        0

    LOADING THE CONSTRAINED ATOMS AS GROUPS


   5.  REFERENCE ATOM COORDINATES

  defa
     Mask :1; matches     6 atoms

--------------------------------------------------------------------------------
   3.  ATOMIC COORDINATES AND VELOCITIES
--------------------------------------------------------------------------------

defa                                                                            
 begin time read from input coords =     0.000 ps

 Number of triangulated 3-point waters found:     1028
|  Atom division among processors:
|         0     388     778    1168    1555    1942    2332    2719
|      3106

     Sum of charges from parm topology file =  -0.00000000
     Forcing neutrality...
|  Running AMBER/MPI version on    8 nodes


--------------------------------------------------------------------------------
   4.  RESULTS
--------------------------------------------------------------------------------

|  # of SOLUTE  degrees of freedom (RNDFP):    6222.
|  # of SOLVENT degrees of freedom (RNDFS):       0.
|  NDFMIN =    6222.     NUM_NOSHAKE =      0     CORRECTED RNDFP =    6222.
|  TOTAL # of degrees of freedom (RNDF) =    6222.
 ---------------------------------------------------
 APPROXIMATING switch and d/dx switch using CUBIC SPLINE INTERPOLATION
 using   5000.0 points per unit in tabled values
 TESTING RELATIVE ERROR over r ranging from 0.0 to cutoff
| CHECK switch(x): max rel err =   0.2738E-14   at   2.422500
| CHECK d/dx switch(x): max rel err =   0.8314E-11   at   2.736960
 ---------------------------------------------------
| Local SIZE OF NONBOND LIST =     100758
| TOTAL SIZE OF NONBOND LIST =     726476

 NSTEP =        0   TIME(PS) =       0.000  TEMP(K) =     0.00  PRESS = -5438.0
 Etot   =    -13636.2827  EKtot   =         0.0000  EPtot      =    -13636.2827
 BOND   =         1.0149  ANGLE   =         3.8117  DIHED      =        11.7332
 1-4 NB =         2.9280  1-4 EEL =        46.4842  VDWAALS    =      2400.2116
 EELEC  =    -16102.9230  EHBOND  =         0.0000  RESTRAINT  =         0.4568
 EAMBER (non-restraint)  =    -13636.7394
 EKCMT  =         0.0000  VIRIAL  =      4358.9659  VOLUME     =     37125.1655
                                                    Density    =         0.8348
 Ewald error estimate:   0.1761E-03
 ------------------------------------------------------------------------------


 NSTEP =     1000   TIME(PS) =       2.000  TEMP(K) =   285.29  PRESS =  -930.1
 Etot   =     -7980.3426  EKtot   =      1763.7241  EPtot      =     -9744.0667
 BOND   =         4.5292  ANGLE   =        10.6284  DIHED      =        14.0715
 1-4 NB =         2.4535  1-4 EEL =        44.1901  VDWAALS    =      1433.2397
 EELEC  =    -11254.3883  EHBOND  =         0.0000  RESTRAINT  =         1.2092
 EAMBER (non-restraint)  =     -9745.2759
 EKCMT  =       877.3371  VIRIAL  =      1565.3434  VOLUME     =     34258.9414
                                                    Density    =         0.9047
 Ewald error estimate:   0.2716E-03
 ------------------------------------------------------------------------------


 NSTEP =     2000   TIME(PS) =       4.000  TEMP(K) =   301.43  PRESS =  -276.6
 Etot   =     -7895.0121  EKtot   =      1863.5055  EPtot      =     -9758.5175
 BOND   =         1.7529  ANGLE   =         8.9807  DIHED      =        12.3919
 1-4 NB =         3.1623  1-4 EEL =        47.8973  VDWAALS    =      1462.2863
 EELEC  =    -11297.3107  EHBOND  =         0.0000  RESTRAINT  =         2.3218
 EAMBER (non-restraint)  =     -9760.8393
 EKCMT  =       920.1343  VIRIAL  =      1115.2846  VOLUME     =     32676.6382
                                                    Density    =         0.9485
 Ewald error estimate:   0.1237E-03
 ------------------------------------------------------------------------------


 NSTEP =     3000   TIME(PS) =       6.000  TEMP(K) =   291.85  PRESS =  -260.1
 Etot   =     -8031.2644  EKtot   =      1804.2909  EPtot      =     -9835.5553
 BOND   =         4.1220  ANGLE   =         8.6943  DIHED      =        10.3368
 1-4 NB =         3.3896  1-4 EEL =        45.9349  VDWAALS    =      1448.1234
 EELEC  =    -11359.7921  EHBOND  =         0.0000  RESTRAINT  =         3.6359
 EAMBER (non-restraint)  =     -9839.1912
 EKCMT  =       883.2602  VIRIAL  =      1062.5882  VOLUME     =     31934.6484
                                                    Density    =         0.9705
 Ewald error estimate:   0.3252E-03
 ------------------------------------------------------------------------------


 NSTEP =     4000   TIME(PS) =       8.000  TEMP(K) =   293.40  PRESS =   262.0
 Etot   =     -8039.0492  EKtot   =      1813.8349  EPtot      =     -9852.8841
 BOND   =         3.0354  ANGLE   =         7.7584  DIHED      =        12.0283
 1-4 NB =         2.6278  1-4 EEL =        45.4537  VDWAALS    =      1496.2699
 EELEC  =    -11421.5426  EHBOND  =         0.0000  RESTRAINT  =         1.4850
 EAMBER (non-restraint)  =     -9854.3691
 EKCMT  =       904.5697  VIRIAL  =       726.7520  VOLUME     =     31434.5762
                                                    Density    =         0.9860
 Ewald error estimate:   0.7039E-04
 ------------------------------------------------------------------------------


 NSTEP =     5000   TIME(PS) =      10.000  TEMP(K) =   295.95  PRESS =   100.4
 Etot   =     -8042.6667  EKtot   =      1829.5923  EPtot      =     -9872.2590
 BOND   =         2.5102  ANGLE   =        11.2625  DIHED      =        11.7497
 1-4 NB =         3.7675  1-4 EEL =        45.9430  VDWAALS    =      1476.1804
 EELEC  =    -11426.7585  EHBOND  =         0.0000  RESTRAINT  =         3.0862
 EAMBER (non-restraint)  =     -9875.3452
 EKCMT  =       903.2362  VIRIAL  =       835.4953  VOLUME     =     31264.5487
                                                    Density    =         0.9913
 Ewald error estimate:   0.2526E-03
 ------------------------------------------------------------------------------


 NSTEP =     6000   TIME(PS) =      12.000  TEMP(K) =   297.07  PRESS =   119.4
 Etot   =     -8080.9256  EKtot   =      1836.5556  EPtot      =     -9917.4812
 BOND   =         1.8574  ANGLE   =         9.3293  DIHED      =        12.4232
 1-4 NB =         4.0117  1-4 EEL =        47.7755  VDWAALS    =      1489.1170
 EELEC  =    -11485.6998  EHBOND  =         0.0000  RESTRAINT  =         3.7045
 EAMBER (non-restraint)  =     -9921.1857
 EKCMT  =       913.5202  VIRIAL  =       833.0527  VOLUME     =     31218.4892
                                                    Density    =         0.9928
 Ewald error estimate:   0.3125E-03
 ------------------------------------------------------------------------------


 NSTEP =     7000   TIME(PS) =      14.000  TEMP(K) =   303.93  PRESS =    67.9
 Etot   =     -7919.7752  EKtot   =      1878.9219  EPtot      =     -9798.6970
 BOND   =         0.8605  ANGLE   =        13.8024  DIHED      =        11.0591
 1-4 NB =         2.3981  1-4 EEL =        44.4478  VDWAALS    =      1446.4275
 EELEC  =    -11320.8417  EHBOND  =         0.0000  RESTRAINT  =         3.1492
 EAMBER (non-restraint)  =     -9801.8462
 EKCMT  =       916.2055  VIRIAL  =       870.1518  VOLUME     =     31418.0590
                                                    Density    =         0.9865
 Ewald error estimate:   0.9445E-04
 ------------------------------------------------------------------------------


 NSTEP =     8000   TIME(PS) =      16.000  TEMP(K) =   289.98  PRESS =  -128.0
 Etot   =     -8065.6995  EKtot   =      1792.7165  EPtot      =     -9858.4160
 BOND   =         3.8928  ANGLE   =         6.5422  DIHED      =        11.6480
 1-4 NB =         3.0650  1-4 EEL =        48.7714  VDWAALS    =      1462.6138
 EELEC  =    -11397.0045  EHBOND  =         0.0000  RESTRAINT  =         2.0553
 EAMBER (non-restraint)  =     -9860.4713
 EKCMT  =       883.3120  VIRIAL  =       970.4982  VOLUME     =     31538.2816
                                                    Density    =         0.9827
 Ewald error estimate:   0.7328E-04
 ------------------------------------------------------------------------------


 NSTEP =     9000   TIME(PS) =      18.000  TEMP(K) =   290.89  PRESS =   285.9
 Etot   =     -8039.4824  EKtot   =      1798.3477  EPtot      =     -9837.8301
 BOND   =         2.3822  ANGLE   =         3.8079  DIHED      =        12.2232
 1-4 NB =         4.2461  1-4 EEL =        50.6905  VDWAALS    =      1529.7355
 EELEC  =    -11444.5910  EHBOND  =         0.0000  RESTRAINT  =         3.6755
 EAMBER (non-restraint)  =     -9841.5056
 EKCMT  =       896.9426  VIRIAL  =       701.7480  VOLUME     =     31621.2245
                                                    Density    =         0.9802
 Ewald error estimate:   0.7427E-04
 ------------------------------------------------------------------------------


 NSTEP =    10000   TIME(PS) =      20.000  TEMP(K) =   300.13  PRESS =   256.9
 Etot   =     -7999.1172  EKtot   =      1855.4635  EPtot      =     -9854.5807
 BOND   =         3.7834  ANGLE   =         9.2477  DIHED      =        11.7090
 1-4 NB =         2.4548  1-4 EEL =        45.5459  VDWAALS    =      1493.4664
 EELEC  =    -11422.9615  EHBOND  =         0.0000  RESTRAINT  =         2.1737
 EAMBER (non-restraint)  =     -9856.7544
 EKCMT  =       911.0200  VIRIAL  =       737.0973  VOLUME     =     31354.6809
                                                    Density    =         0.9885
 Ewald error estimate:   0.1246E-03
 ------------------------------------------------------------------------------


      A V E R A G E S   O V E R   10000 S T E P S


 NSTEP =    10000   TIME(PS) =      20.000  TEMP(K) =   292.99  PRESS =  -188.3
 Etot   =     -8071.3329  EKtot   =      1811.3371  EPtot      =     -9882.6700
 BOND   =         3.3081  ANGLE   =         9.4354  DIHED      =        11.8278
 1-4 NB =         3.2220  1-4 EEL =        46.0163  VDWAALS    =      1483.2666
 EELEC  =    -11442.7491  EHBOND  =         0.0000  RESTRAINT  =         3.0028
 EAMBER (non-restraint)  =     -9885.6728
 EKCMT  =       901.2283  VIRIAL  =      1040.1951  VOLUME     =     32095.3526
                                                    Density    =         0.9671
 Ewald error estimate:   0.1916E-03
 ------------------------------------------------------------------------------


      R M S  F L U C T U A T I O N S


 NSTEP =    10000   TIME(PS) =      20.000  TEMP(K) =    26.37  PRESS =   439.5
 Etot   =       349.9877  EKtot   =       163.0169  EPtot      =       193.8922
 BOND   =         1.5157  ANGLE   =         2.3711  DIHED      =         1.4846
 1-4 NB =         0.6773  1-4 EEL =         1.8357  VDWAALS    =        96.3215
 EELEC  =       280.2118  EHBOND  =         0.0000  RESTRAINT  =         1.1867
 EAMBER (non-restraint)  =       192.7056
 EKCMT  =        80.5424  VIRIAL  =       283.7881  VOLUME     =      1286.4200
                                                    Density    =         0.0360
 Ewald error estimate:   0.1410E-03
 ------------------------------------------------------------------------------


--------------------------------------------------------------------------------
   5.  TIMINGS
--------------------------------------------------------------------------------

|>>>>>>>>PROFILE of Average TIMES>>>>>>>>> 
|                Build the list            10.98 (97.45% of List )
|                Other                      0.29 ( 2.55% of List )
|             List time                 11.26 (10.39% of Nonbo)
|                   Short_ene time            64.11 (96.59% of Direc)
|                   Other                      2.27 ( 3.41% of Direc)
|                Direct Ewald time         66.38 (68.32% of Ewald)
|                Adjust Ewald time          0.34 ( 0.35% of Ewald)
|                   Fill Bspline coeffs        1.44 ( 6.76% of Recip)
|                   Fill charge grid           1.29 ( 6.08% of Recip)
|                   Scalar sum                 5.34 (25.05% of Recip)
|                   Grad sum                   2.89 (13.58% of Recip)
|                      FFT back comm time         1.65 (17.78% of FFT t)
|                      Other                      7.64 (82.22% of FFT t)
|                   FFT time                   9.29 (43.58% of Recip)
|                   Other                      1.06 ( 4.96% of Recip)
|                Recip Ewald time          21.31 (21.94% of Ewald)
|                Force Adjust               8.64 ( 8.89% of Ewald)
|                Virial junk                0.44 ( 0.45% of Ewald)
|                Other                      0.03 ( 0.04% of Ewald)
|             Ewald time                97.15 (89.60% of Nonbo)
|             Other                      0.01 ( 0.01% of Nonbo)
|          Nonbond force            108.42 (98.81% of Force)
|          Bond/Angle/Dihedral        0.12 ( 0.11% of Force)
|          FRC Collect time           0.97 ( 0.88% of Force)
|          Other                      0.22 ( 0.20% of Force)
|       Force time               109.73 (93.50% of Runmd)
|       Shake time                 0.42 ( 0.35% of Runmd)
|       Verlet update time         4.26 ( 3.63% of Runmd)
|       Ekcmr time                 1.62 ( 1.38% of Runmd)
|       CRD distribute time        0.52 ( 0.45% of Runmd)
|       Other                      0.81 ( 0.69% of Runmd)
|    Runmd Time               117.36 (100.0% of Total)
|    Other                      0.10 ( 0.09% of Total)
| Total time               117.47 (100.0% of ALL  )

| Number of list builds   :        918

| Highest rstack allocated:      41638
| Highest istack allocated:        920

| Final Performance Info:
| -----------------------------------------------------
| Average timings for all steps:
|     Elapsed(s) =     117.76 Per Step(ms) =      11.78
|         ns/day =      14.67   seconds/ns =    5887.80
| -----------------------------------------------------

|           Job began  at 15:25:54.993  on 03/14/2017
|           Setup done at 15:25:55.099  on 03/14/2017
|           Run   done at 15:27:52.632  on 03/14/2017
|     wallclock() was called  571903 times
