
          -------------------------------------------------------
          Amber 16 SANDER                              2016
          -------------------------------------------------------

| Run on 03/14/2017 at 13:57:24

|   Executable path: sander.MPI
| Working directory: /home/steboss/projects/mdgx-tests/alanine/IPOLQ/input/PhiPsi_1/15/105
|          Hostname: node012

  [-O]verwriting output

File Assignments:
|  MDIN: min.in                                                                
| MDOUT: Conf105.min.out                                                       
|INPCRD: Conf105.crd                                                           
|  PARM: Conf105.top                                                           
|RESTRT: Conf105.min                                                           
|  REFC: Conf105.crd                                                           
| MDVEL: mdvel                                                                 
| MDFRC: mdfrc                                                                 
|  MDEN: mden                                                                  
| MDCRD: mdcrd                                                                 
|MDINFO: mdinfo                                                                
|  MTMD: mtmd                                                                  
|INPDIP: inpdip                                                                
|RSTDIP: rstdip                                                                
|INPTRA: inptraj                                                               

|    REMLOG: rem.log
|   REMTYPE: rem.type
|  REMSTRIP: 
|   SAVEENE: saveene
|CLUSTERINF: cluster.info
| RESERVOIR: reserv/frame
|   REMDDIM: 


 Here is the input file:

Initial minimization                                                           
 &cntrl                                                                        
  ntx    = 1,       irest  = 0,       ntrx   = 1,      ntxo   = 1,             
  ntpr   = 20,      ntwx   = 0,       ntwv   = 0,      ntwe   = 0,             
                                                                               
  ntf    = 1,       ntb    = 1,                                                
  ntc    = 1,       ntr    = 1,                                                
  restraintmask = ':1',                                                        
  restraint_wt = 100.0,                                                        
  cut    = 9.0,                                                                
                                                                               
  imin   = 1,                                                                  
  maxcyc = 1000,                                                               
  ncyc   = 100,                                                                
                                                                               
 &end                                                                          

--------------------------------------------------------------------------------
   1.  RESOURCE   USE: 
--------------------------------------------------------------------------------

| Flags: MPI                                                                    
 getting new box info from bottom of inpcrd
|  INFO: Old style inpcrd file read

| peek_ewald_inpcrd: Box info found
|Largest sphere to fit in unit cell has radius =    14.541
| New format PARM file being parsed.
| Version =    1.000 Date = 03/14/17 Time = 13:38:07
 NATOM  =    2896 NTYPES =       9 NBONH =    2886 MBONA  =       9
 NTHETH =      25 MTHETA =      11 NPHIH =      43 MPHIA  =      24
 NHPARM =       0 NPARM  =       0 NNB   =    3931 NRES   =     961
 NBONA  =       9 NTHETA =      11 NPHIA =      24 NUMBND =      10
 NUMANG =      16 NPTRA  =      19 NATYP =       9 NPHB   =       1
 IFBOX  =       2 NMXRS  =      10 IFCAP =       0 NEXTRA =       0
 NCOPY  =       0


|     Memory Use     Allocated
|     Real              333144
|     Hollerith           9651
|     Integer            89024
|     Max Pairs         321214
|     nblistReal         34752
|     nblist Int         87981
|       Total             4858 kbytes

| Note: 1-4 EEL scale factors are being read from the topology file.

| Note: 1-4 VDW scale factors are being read from the topology file.
| Duplicated    0 dihedrals
| Duplicated    0 dihedrals

     BOX TYPE: TRUNCATED OCTAHEDRON

--------------------------------------------------------------------------------
   2.  CONTROL  DATA  FOR  THE  RUN
--------------------------------------------------------------------------------

default_name                                                                    

General flags:
     imin    =       1, nmropt  =       0

Nature and format of input:
     ntx     =       1, irest   =       0, ntrx    =       1

Nature and format of output:
     ntxo    =       1, ntpr    =      20, ntrx    =       1, ntwr    =       1
     iwrap   =       0, ntwx    =       0, ntwv    =       0, ntwe    =       0
     ioutfm  =       1, ntwprt  =       0, idecomp =       0, rbornstat=      0

Potential function:
     ntf     =       1, ntb     =       1, igb     =       0, nsnb    =      25
     ipol    =       0, gbsa    =       0, iesp    =       0
     dielc   =   1.00000, cut     =   9.00000, intdiel =   1.00000

Frozen or restrained atoms:
     ibelly  =       0, ntr     =       1
     restraint_wt = 100.00000

Energy minimization:
     maxcyc  =    1000, ncyc    =     100, ntmin   =       1
     dx0     =   0.01000, drms    =   0.00010

Ewald parameters:
     verbose =       0, ew_type =       0, nbflag  =       1, use_pme =       1
     vdwmeth =       1, eedmeth =       1, netfrc  =       0
     Box X =   35.619   Box Y =   35.619   Box Z =   35.619
     Alpha =  109.471   Beta  =  109.471   Gamma =  109.471
     NFFT1 =   36       NFFT2 =   36       NFFT3 =   36
     Cutoff=    9.000   Tol   =0.100E-04
     Ewald Coefficient =  0.30768
     Interpolation order =    4

| MPI Timing options:
|      profile_mpi =        0

    LOADING THE CONSTRAINED ATOMS AS GROUPS


   5.  REFERENCE ATOM COORDINATES

  defa
     Mask :1; matches     6 atoms

--------------------------------------------------------------------------------
   3.  ATOMIC COORDINATES AND VELOCITIES
--------------------------------------------------------------------------------

default_name                                                                    
 begin time read from input coords =     0.000 ps

 Number of triangulated 3-point waters found:      958
|  Atom division among processors:
|         0     364     724    1087    1450    1810    2173    2536
|      2896

     Sum of charges from parm topology file =  -0.00000000
     Forcing neutrality...
|  Running AMBER/MPI version on    8 nodes


--------------------------------------------------------------------------------
   4.  RESULTS
--------------------------------------------------------------------------------

 ---------------------------------------------------
 APPROXIMATING switch and d/dx switch using CUBIC SPLINE INTERPOLATION
 using   5000.0 points per unit in tabled values
 TESTING RELATIVE ERROR over r ranging from 0.0 to cutoff
| CHECK switch(x): max rel err =   0.2738E-14   at   2.422500
| CHECK d/dx switch(x): max rel err =   0.8314E-11   at   2.736960
 ---------------------------------------------------
| Local SIZE OF NONBOND LIST =      91459
| TOTAL SIZE OF NONBOND LIST =     671434


   NSTEP       ENERGY          RMS            GMAX         NAME    NUMBER
      1      -8.1094E+03     1.2237E+01     6.1533E+01     O         299

 BOND    =        0.8228  ANGLE   =        2.5853  DIHED      =       11.7421
 VDWAALS =      915.9188  EEL     =    -9088.4666  HBOND      =        0.0000
 1-4 VDW =        2.5511  1-4 EEL =       45.4332  RESTRAINT  =        0.0000


   NSTEP       ENERGY          RMS            GMAX         NAME    NUMBER
     20      -8.9637E+03     2.7308E+00     1.9839E+01     O         383

 BOND    =      474.5645  ANGLE   =        2.6856  DIHED      =       11.6798
 VDWAALS =      866.1584  EEL     =   -10366.6758  HBOND      =        0.0000
 1-4 VDW =        2.5155  1-4 EEL =       45.3910  RESTRAINT  =        0.0085
 EAMBER  =    -8963.6811


   NSTEP       ENERGY          RMS            GMAX         NAME    NUMBER
     40      -9.6112E+03     1.6198E+00     8.9478E+00     H1       2409

 BOND    =      522.6617  ANGLE   =        2.7165  DIHED      =       11.6115
 VDWAALS =      906.6947  EEL     =   -11102.7549  HBOND      =        0.0000
 1-4 VDW =        2.4729  1-4 EEL =       45.3557  RESTRAINT  =        0.0239
 EAMBER  =    -9611.2418


   NSTEP       ENERGY          RMS            GMAX         NAME    NUMBER
     60      -9.8587E+03     3.3790E+00     1.0444E+01     H2        991

 BOND    =      498.5447  ANGLE   =        2.7227  DIHED      =       11.5701
 VDWAALS =      943.9947  EEL     =   -11363.3590  HBOND      =        0.0000
 1-4 VDW =        2.4457  1-4 EEL =       45.3391  RESTRAINT  =        0.0297
 EAMBER  =    -9858.7420


   NSTEP       ENERGY          RMS            GMAX         NAME    NUMBER
     80      -1.0032E+04     1.1653E+00     5.7267E+00     H2       2167

 BOND    =      592.5387  ANGLE   =        2.7305  DIHED      =       11.5414
 VDWAALS =      979.0681  EEL     =   -11665.6954  HBOND      =        0.0000
 1-4 VDW =        2.4269  1-4 EEL =       45.3304  RESTRAINT  =        0.0342
 EAMBER  =   -10032.0594


   NSTEP       ENERGY          RMS            GMAX         NAME    NUMBER
    100      -1.0152E+04     9.6110E-01     4.4545E+00     H1        846

 BOND    =      601.6580  ANGLE   =        2.7317  DIHED      =       11.5193
 VDWAALS =     1014.6034  EEL     =   -11829.9673  HBOND      =        0.0000
 1-4 VDW =        2.4156  1-4 EEL =       45.3253  RESTRAINT  =        0.0383
 EAMBER  =   -10151.7140


   NSTEP       ENERGY          RMS            GMAX         NAME    NUMBER
    120      -1.0621E+04     2.6604E+00     4.4455E+01     H2       2167

 BOND    =      710.0741  ANGLE   =        2.6979  DIHED      =       11.4440
 VDWAALS =     1449.7824  EEL     =   -12842.4693  HBOND      =        0.0000
 1-4 VDW =        2.3871  1-4 EEL =       45.3687  RESTRAINT  =        0.0764
 EAMBER  =   -10620.7151


   NSTEP       ENERGY          RMS            GMAX         NAME    NUMBER
    140      -1.0530E+04     1.3682E+01     2.8063E+02     H2       2167

 BOND    =      893.4633  ANGLE   =        2.6214  DIHED      =       11.4203
 VDWAALS =     1436.0526  EEL     =   -12921.8927  HBOND      =        0.0000
 1-4 VDW =        2.4653  1-4 EEL =       45.3161  RESTRAINT  =        0.0821
 EAMBER  =   -10530.5537


   NSTEP       ENERGY          RMS            GMAX         NAME    NUMBER
    160      -1.0886E+04     1.6350E+00     4.4696E+01     O        2165

 BOND    =      721.3385  ANGLE   =        2.7298  DIHED      =       11.4163
 VDWAALS =     1437.3746  EEL     =   -13107.1673  HBOND      =        0.0000
 1-4 VDW =        2.5047  1-4 EEL =       45.4139  RESTRAINT  =        0.0830
 EAMBER  =   -10886.3895


   NSTEP       ENERGY          RMS            GMAX         NAME    NUMBER
    180      -1.0996E+04     1.3980E+00     3.9567E+01     H          18

 BOND    =      754.2257  ANGLE   =        5.4616  DIHED      =       11.4779
 VDWAALS =     1587.2904  EEL     =   -13403.3668  HBOND      =        0.0000
 1-4 VDW =        2.8034  1-4 EEL =       45.8795  RESTRAINT  =        0.1225
 EAMBER  =   -10996.2282


   NSTEP       ENERGY          RMS            GMAX         NAME    NUMBER
    200      -1.1090E+04     1.0301E+00     1.8653E+01     O          16

 BOND    =      749.6108  ANGLE   =        3.2056  DIHED      =       11.4374
 VDWAALS =     1601.0762  EEL     =   -13503.1886  HBOND      =        0.0000
 1-4 VDW =        2.6207  1-4 EEL =       45.4531  RESTRAINT  =        0.1087
 EAMBER  =   -11089.7849


   NSTEP       ENERGY          RMS            GMAX         NAME    NUMBER
    220      -1.1137E+04     1.8659E+00     7.2061E+01     C          15

 BOND    =      776.5861  ANGLE   =        6.4235  DIHED      =       11.4860
 VDWAALS =     1658.5828  EEL     =   -13638.6301  HBOND      =        0.0000
 1-4 VDW =        2.8761  1-4 EEL =       45.6121  RESTRAINT  =        0.1747
 EAMBER  =   -11137.0634


   NSTEP       ENERGY          RMS            GMAX         NAME    NUMBER
    240      -1.1219E+04     1.0942E+00     2.8099E+01     C          15

 BOND    =      775.3103  ANGLE   =        2.6120  DIHED      =       11.4335
 VDWAALS =     1721.7456  EEL     =   -13777.9322  HBOND      =        0.0000
 1-4 VDW =        2.3833  1-4 EEL =       45.5197  RESTRAINT  =        0.2099
 EAMBER  =   -11218.9278


   NSTEP       ENERGY          RMS            GMAX         NAME    NUMBER
    260      -1.1245E+04     5.7952E-01     1.0841E+01     C           5

 BOND    =      787.3007  ANGLE   =        2.4842  DIHED      =       11.4445
 VDWAALS =     1737.4556  EEL     =   -13831.5842  HBOND      =        0.0000
 1-4 VDW =        2.3449  1-4 EEL =       45.6840  RESTRAINT  =        0.3370
 EAMBER  =   -11244.8703


   NSTEP       ENERGY          RMS            GMAX         NAME    NUMBER
    280      -1.1325E+04     9.6563E-01     1.4490E+01     C          15

 BOND    =      818.2633  ANGLE   =        2.9966  DIHED      =       11.6918
 VDWAALS =     1885.0875  EEL     =   -14090.8930  HBOND      =        0.0000
 1-4 VDW =        2.5381  1-4 EEL =       45.3447  RESTRAINT  =        0.2653
 EAMBER  =   -11324.9711


   NSTEP       ENERGY          RMS            GMAX         NAME    NUMBER
    300      -1.1375E+04     7.9783E-01     2.3591E+01     C           5

 BOND    =      816.1154  ANGLE   =        2.6969  DIHED      =       11.5017
 VDWAALS =     1880.8674  EEL     =   -14134.4100  HBOND      =        0.0000
 1-4 VDW =        2.5032  1-4 EEL =       45.7339  RESTRAINT  =        0.2204
 EAMBER  =   -11374.9914


   NSTEP       ENERGY          RMS            GMAX         NAME    NUMBER
    320      -1.1397E+04     1.6125E+00     3.6779E+01     CA          9

 BOND    =      836.1260  ANGLE   =        3.3131  DIHED      =       11.5138
 VDWAALS =     1910.4446  EEL     =   -14207.1663  HBOND      =        0.0000
 1-4 VDW =        2.5210  1-4 EEL =       45.7698  RESTRAINT  =        0.5242
 EAMBER  =   -11397.4779


   NSTEP       ENERGY          RMS            GMAX         NAME    NUMBER
    340      -1.1457E+04     9.6817E-01     1.2147E+01     H1        240

 BOND    =      831.5142  ANGLE   =        2.6970  DIHED      =       11.6840
 VDWAALS =     1969.8467  EEL     =   -14320.9140  HBOND      =        0.0000
 1-4 VDW =        2.5218  1-4 EEL =       45.3884  RESTRAINT  =        0.2764
 EAMBER  =   -11457.2617


   NSTEP       ENERGY          RMS            GMAX         NAME    NUMBER
    360      -1.1468E+04     4.0253E-01     8.2985E+00     C          15

 BOND    =      839.0386  ANGLE   =        2.6587  DIHED      =       11.6518
 VDWAALS =     1974.7990  EEL     =   -14344.5703  HBOND      =        0.0000
 1-4 VDW =        2.5461  1-4 EEL =       45.2056  RESTRAINT  =        0.2560
 EAMBER  =   -11468.6705


   NSTEP       ENERGY          RMS            GMAX         NAME    NUMBER
    380      -1.1510E+04     9.1171E-01     2.6150E+01     HA         10

 BOND    =      855.6085  ANGLE   =        3.1637  DIHED      =       11.8826
 VDWAALS =     2036.4008  EEL     =   -14465.5954  HBOND      =        0.0000
 1-4 VDW =        2.4496  1-4 EEL =       45.6586  RESTRAINT  =        0.2670
 EAMBER  =   -11510.4317


   NSTEP       ENERGY          RMS            GMAX         NAME    NUMBER
    400      -1.1535E+04     4.2862E-01     1.6836E+01     CH3        19

 BOND    =      852.4356  ANGLE   =        3.1230  DIHED      =       11.6258
 VDWAALS =     2037.5027  EEL     =   -14487.4162  HBOND      =        0.0000
 1-4 VDW =        2.5220  1-4 EEL =       45.2571  RESTRAINT  =        0.1694
 EAMBER  =   -11534.9500


   NSTEP       ENERGY          RMS            GMAX         NAME    NUMBER
    420      -1.1562E+04     1.6904E+00     5.3225E+01     C           5

 BOND    =      885.4660  ANGLE   =        4.6985  DIHED      =       11.6470
 VDWAALS =     2078.0070  EEL     =   -14589.5060  HBOND      =        0.0000
 1-4 VDW =        2.6115  1-4 EEL =       44.3313  RESTRAINT  =        0.6219
 EAMBER  =   -11562.7446


   NSTEP       ENERGY          RMS            GMAX         NAME    NUMBER
    440      -1.1597E+04     3.8858E-01     6.7328E+00     O        2165

 BOND    =      863.0392  ANGLE   =        2.5703  DIHED      =       11.6153
 VDWAALS =     2093.5270  EEL     =   -14616.2628  HBOND      =        0.0000
 1-4 VDW =        2.5474  1-4 EEL =       45.3713  RESTRAINT  =        0.2665
 EAMBER  =   -11597.5922


   NSTEP       ENERGY          RMS            GMAX         NAME    NUMBER
    460      -1.1606E+04     3.8004E-01     1.4860E+01     O           6

 BOND    =      865.2395  ANGLE   =        2.4685  DIHED      =       11.7150
 VDWAALS =     2097.2951  EEL     =   -14630.6148  HBOND      =        0.0000
 1-4 VDW =        2.4879  1-4 EEL =       45.3724  RESTRAINT  =        0.3191
 EAMBER  =   -11606.0366


   NSTEP       ENERGY          RMS            GMAX         NAME    NUMBER
    480      -1.1634E+04     4.9793E-01     1.3545E+01     HA         10

 BOND    =      873.7879  ANGLE   =        3.3673  DIHED      =       11.5885
 VDWAALS =     2133.9312  EEL     =   -14704.0009  HBOND      =        0.0000
 1-4 VDW =        2.4081  1-4 EEL =       44.6771  RESTRAINT  =        0.2269
 EAMBER  =   -11634.2408


   NSTEP       ENERGY          RMS            GMAX         NAME    NUMBER
    500      -1.1650E+04     1.0636E+00     3.0442E+01     C           5

 BOND    =      863.2736  ANGLE   =        3.1119  DIHED      =       11.6868
 VDWAALS =     2136.2207  EEL     =   -14711.4185  HBOND      =        0.0000
 1-4 VDW =        2.5483  1-4 EEL =       44.6164  RESTRAINT  =        0.3361
 EAMBER  =   -11649.9608


   NSTEP       ENERGY          RMS            GMAX         NAME    NUMBER
    520      -1.1658E+04     4.8214E-01     1.2532E+01     C          15

 BOND    =      875.5675  ANGLE   =        3.2307  DIHED      =       11.6566
 VDWAALS =     2139.4349  EEL     =   -14735.5048  HBOND      =        0.0000
 1-4 VDW =        2.5149  1-4 EEL =       44.5681  RESTRAINT  =        0.3296
 EAMBER  =   -11658.5321


   NSTEP       ENERGY          RMS            GMAX         NAME    NUMBER
    540      -1.1669E+04     5.6729E-01     2.4359E+01     C           5

 BOND    =      871.3058  ANGLE   =        2.7270  DIHED      =       11.6586
 VDWAALS =     2145.1259  EEL     =   -14748.5719  HBOND      =        0.0000
 1-4 VDW =        2.5917  1-4 EEL =       45.4129  RESTRAINT  =        0.3016
 EAMBER  =   -11669.7500


   NSTEP       ENERGY          RMS            GMAX         NAME    NUMBER
    560      -1.1676E+04     3.6923E-01     8.1366E+00     C           5

 BOND    =      876.5627  ANGLE   =        2.6123  DIHED      =       11.5881
 VDWAALS =     2149.3370  EEL     =   -14763.7844  HBOND      =        0.0000
 1-4 VDW =        2.5715  1-4 EEL =       45.2598  RESTRAINT  =        0.2956
 EAMBER  =   -11675.8529


   NSTEP       ENERGY          RMS            GMAX         NAME    NUMBER
    580      -1.1686E+04     4.7353E-01     1.2747E+01     C           5

 BOND    =      880.7720  ANGLE   =        2.7458  DIHED      =       11.7505
 VDWAALS =     2158.3255  EEL     =   -14787.5073  HBOND      =        0.0000
 1-4 VDW =        2.4503  1-4 EEL =       45.1927  RESTRAINT  =        0.5824
 EAMBER  =   -11686.2706


   NSTEP       ENERGY          RMS            GMAX         NAME    NUMBER
    600      -1.1694E+04     3.9841E-01     9.3090E+00     C          15

 BOND    =      879.9622  ANGLE   =        2.7070  DIHED      =       11.5183
 VDWAALS =     2161.8640  EEL     =   -14798.1515  HBOND      =        0.0000
 1-4 VDW =        2.5084  1-4 EEL =       44.8563  RESTRAINT  =        0.4100
 EAMBER  =   -11694.7353


   NSTEP       ENERGY          RMS            GMAX         NAME    NUMBER
    620      -1.1701E+04     3.6611E-01     9.5696E+00     C          15

 BOND    =      881.8614  ANGLE   =        2.7229  DIHED      =       11.5087
 VDWAALS =     2165.5027  EEL     =   -14810.3856  HBOND      =        0.0000
 1-4 VDW =        2.4879  1-4 EEL =       45.1380  RESTRAINT  =        0.4453
 EAMBER  =   -11701.1640


   NSTEP       ENERGY          RMS            GMAX         NAME    NUMBER
    640      -1.1715E+04     5.1074E-01     1.7707E+01     O           6

 BOND    =      883.2626  ANGLE   =        3.1592  DIHED      =       11.5330
 VDWAALS =     2172.7742  EEL     =   -14833.8744  HBOND      =        0.0000
 1-4 VDW =        2.6247  1-4 EEL =       45.0170  RESTRAINT  =        0.2328
 EAMBER  =   -11715.5037


   NSTEP       ENERGY          RMS            GMAX         NAME    NUMBER
    660      -1.1720E+04     3.4059E-01     9.6491E+00     C          15

 BOND    =      883.6691  ANGLE   =        2.8308  DIHED      =       11.4715
 VDWAALS =     2175.6146  EEL     =   -14841.0935  HBOND      =        0.0000
 1-4 VDW =        2.5607  1-4 EEL =       45.1714  RESTRAINT  =        0.2606
 EAMBER  =   -11719.7754


   NSTEP       ENERGY          RMS            GMAX         NAME    NUMBER
    680      -1.1732E+04     4.1398E-01     7.5155E+00     C          15

 BOND    =      886.1793  ANGLE   =        3.0626  DIHED      =       11.4711
 VDWAALS =     2186.1177  EEL     =   -14866.4623  HBOND      =        0.0000
 1-4 VDW =        2.4711  1-4 EEL =       44.5793  RESTRAINT  =        0.5422
 EAMBER  =   -11732.5813


   NSTEP       ENERGY          RMS            GMAX         NAME    NUMBER
    700      -1.1743E+04     2.9766E-01     7.7183E+00     C          15

 BOND    =      885.8952  ANGLE   =        2.6490  DIHED      =       11.5037
 VDWAALS =     2190.1172  EEL     =   -14880.9986  HBOND      =        0.0000
 1-4 VDW =        2.5270  1-4 EEL =       44.9867  RESTRAINT  =        0.4157
 EAMBER  =   -11743.3198


   NSTEP       ENERGY          RMS            GMAX         NAME    NUMBER
    720      -1.1750E+04     6.3356E-01     1.9748E+01     C           5

 BOND    =      893.5705  ANGLE   =        2.7229  DIHED      =       11.5459
 VDWAALS =     2195.6185  EEL     =   -14901.3746  HBOND      =        0.0000
 1-4 VDW =        2.5364  1-4 EEL =       45.0875  RESTRAINT  =        0.2995
 EAMBER  =   -11750.2929


   NSTEP       ENERGY          RMS            GMAX         NAME    NUMBER
    740      -1.1760E+04     3.0127E-01     6.4654E+00     H1       1491

 BOND    =      887.2844  ANGLE   =        2.9983  DIHED      =       11.3995
 VDWAALS =     2201.9653  EEL     =   -14912.0100  HBOND      =        0.0000
 1-4 VDW =        2.5826  1-4 EEL =       45.0847  RESTRAINT  =        0.2227
 EAMBER  =   -11760.6952


   NSTEP       ENERGY          RMS            GMAX         NAME    NUMBER
    760      -1.1765E+04     2.7761E-01     7.7277E+00     H           8

 BOND    =      892.1248  ANGLE   =        2.7939  DIHED      =       11.4443
 VDWAALS =     2205.2392  EEL     =   -14923.8645  HBOND      =        0.0000
 1-4 VDW =        2.5768  1-4 EEL =       44.8547  RESTRAINT  =        0.1947
 EAMBER  =   -11764.8308


   NSTEP       ENERGY          RMS            GMAX         NAME    NUMBER
    780      -1.1774E+04     3.2834E-01     7.1549E+00     C           5

 BOND    =      892.3631  ANGLE   =        2.8032  DIHED      =       11.3703
 VDWAALS =     2217.6538  EEL     =   -14945.8580  HBOND      =        0.0000
 1-4 VDW =        2.5203  1-4 EEL =       44.7490  RESTRAINT  =        0.4162
 EAMBER  =   -11774.3982


   NSTEP       ENERGY          RMS            GMAX         NAME    NUMBER
    800      -1.1781E+04     2.9161E-01     7.2402E+00     CH3         2

 BOND    =      892.1097  ANGLE   =        2.6133  DIHED      =       11.4567
 VDWAALS =     2221.5892  EEL     =   -14956.3764  HBOND      =        0.0000
 1-4 VDW =        2.5418  1-4 EEL =       45.0274  RESTRAINT  =        0.4180
 EAMBER  =   -11781.0384


   NSTEP       ENERGY          RMS            GMAX         NAME    NUMBER
    820      -1.1785E+04     4.9280E-01     1.1973E+01     C          15

 BOND    =      898.8328  ANGLE   =        2.9224  DIHED      =       11.4366
 VDWAALS =     2225.7136  EEL     =   -14971.9512  HBOND      =        0.0000
 1-4 VDW =        2.5517  1-4 EEL =       45.1334  RESTRAINT  =        0.3227
 EAMBER  =   -11785.3607


   NSTEP       ENERGY          RMS            GMAX         NAME    NUMBER
    840      -1.1794E+04     2.6944E-01     8.3106E+00     CH3        19

 BOND    =      894.3766  ANGLE   =        2.9922  DIHED      =       11.3882
 VDWAALS =     2232.1271  EEL     =   -14982.4178  HBOND      =        0.0000
 1-4 VDW =        2.6039  1-4 EEL =       45.1815  RESTRAINT  =        0.1598
 EAMBER  =   -11793.7482


   NSTEP       ENERGY          RMS            GMAX         NAME    NUMBER
    860      -1.1796E+04     2.5831E-01     8.1786E+00     H           8

 BOND    =      897.6202  ANGLE   =        2.8505  DIHED      =       11.3050
 VDWAALS =     2234.9914  EEL     =   -14990.8319  HBOND      =        0.0000
 1-4 VDW =        2.5805  1-4 EEL =       44.7950  RESTRAINT  =        0.2242
 EAMBER  =   -11796.6894


   NSTEP       ENERGY          RMS            GMAX         NAME    NUMBER
    880      -1.1804E+04     3.4529E-01     1.1737E+01     C           5

 BOND    =      897.6029  ANGLE   =        2.9110  DIHED      =       11.2869
 VDWAALS =     2242.5613  EEL     =   -15006.0328  HBOND      =        0.0000
 1-4 VDW =        2.5223  1-4 EEL =       44.7051  RESTRAINT  =        0.5271
 EAMBER  =   -11804.4434


   NSTEP       ENERGY          RMS            GMAX         NAME    NUMBER
    900      -1.1810E+04     3.9365E-01     1.3551E+01     O           6

 BOND    =      897.7165  ANGLE   =        2.5627  DIHED      =       11.4067
 VDWAALS =     2246.5869  EEL     =   -15016.5562  HBOND      =        0.0000
 1-4 VDW =        2.5521  1-4 EEL =       45.0797  RESTRAINT  =        0.4579
 EAMBER  =   -11810.6515


   NSTEP       ENERGY          RMS            GMAX         NAME    NUMBER
    920      -1.1814E+04     4.3621E-01     1.1295E+01     N           7

 BOND    =      904.6777  ANGLE   =        2.7161  DIHED      =       11.3934
 VDWAALS =     2249.2768  EEL     =   -15030.6642  HBOND      =        0.0000
 1-4 VDW =        2.6085  1-4 EEL =       45.2022  RESTRAINT  =        0.3158
 EAMBER  =   -11814.7894


   NSTEP       ENERGY          RMS            GMAX         NAME    NUMBER
    940      -1.1822E+04     2.5386E-01     7.7965E+00     CB         11

 BOND    =      899.7055  ANGLE   =        2.9680  DIHED      =       11.3718
 VDWAALS =     2254.5318  EEL     =   -15038.4904  HBOND      =        0.0000
 1-4 VDW =        2.6106  1-4 EEL =       45.2469  RESTRAINT  =        0.1426
 EAMBER  =   -11822.0557


   NSTEP       ENERGY          RMS            GMAX         NAME    NUMBER
    960      -1.1825E+04     2.7881E-01     9.2200E+00     N           7

 BOND    =      903.7828  ANGLE   =        2.8552  DIHED      =       11.2173
 VDWAALS =     2257.6990  EEL     =   -15047.9344  HBOND      =        0.0000
 1-4 VDW =        2.5833  1-4 EEL =       44.7654  RESTRAINT  =        0.2325
 EAMBER  =   -11825.0314


   NSTEP       ENERGY          RMS            GMAX         NAME    NUMBER
    980      -1.1830E+04     3.5636E-01     1.3745E+01     C           5

 BOND    =      903.1096  ANGLE   =        2.7711  DIHED      =       11.2122
 VDWAALS =     2262.9212  EEL     =   -15057.9521  HBOND      =        0.0000
 1-4 VDW =        2.5415  1-4 EEL =       44.7465  RESTRAINT  =        0.5023
 EAMBER  =   -11830.6501


   NSTEP       ENERGY          RMS            GMAX         NAME    NUMBER
   1000      -1.1834E+04     4.3071E-01     1.3830E+01     O           6

 BOND    =      902.7559  ANGLE   =        2.4831  DIHED      =       11.3419
 VDWAALS =     2266.9257  EEL     =   -15065.9408  HBOND      =        0.0000
 1-4 VDW =        2.5713  1-4 EEL =       45.0844  RESTRAINT  =        0.4516
 EAMBER  =   -11834.7784


  Maximum number of minimization cycles reached.


                    FINAL RESULTS



   NSTEP       ENERGY          RMS            GMAX         NAME    NUMBER
   1000      -1.1834E+04     4.3071E-01     1.3830E+01     O           6

 BOND    =      902.7559  ANGLE   =        2.4831  DIHED      =       11.3419
 VDWAALS =     2266.9257  EEL     =   -15065.9408  HBOND      =        0.0000
 1-4 VDW =        2.5713  1-4 EEL =       45.0844  RESTRAINT  =        0.4516
 EAMBER  =   -11834.7784

--------------------------------------------------------------------------------
   5.  TIMINGS
--------------------------------------------------------------------------------

|                Build the list             0.08 (63.26% of List )
|                Other                      0.05 (36.74% of List )
|             List time                  0.13 ( 0.61% of Nonbo)
|                   Short_ene time             5.68 (96.04% of Direc)
|                   Other                      0.23 ( 3.96% of Direc)
|                Direct Ewald time          5.92 (28.36% of Ewald)
|                Adjust Ewald time          0.03 ( 0.16% of Ewald)
|                Self Ewald time            0.00 ( 0.01% of Ewald)
|                   Fill Bspline coeffs        0.16 ( 1.19% of Recip)
|                   Fill charge grid           0.13 ( 0.94% of Recip)
|                   Scalar sum                 0.49 ( 3.65% of Recip)
|                   Grad sum                   0.25 ( 1.86% of Recip)
|                      FFT back comm time         7.89 (67.75% of FFT t)
|                      Other                      3.76 (32.25% of FFT t)
|                   FFT time                  11.65 (87.28% of Recip)
|                   Other                      0.68 ( 5.08% of Recip)
|                Recip Ewald time          13.35 (63.94% of Ewald)
|                Force Adjust               0.92 ( 4.43% of Ewald)
|                Virial junk                0.64 ( 3.08% of Ewald)
|                Other                      0.01 ( 0.03% of Ewald)
|             Ewald time                20.87 (99.38% of Nonbo)
|          Nonbond force             21.00 (81.17% of Force)
|          Bond/Angle/Dihedral        0.04 ( 0.15% of Force)
|          FRC Collect time           1.45 ( 5.62% of Force)
|          Other                      3.38 (13.06% of Force)
|       Force time                25.87 (100.0% of Runmd)
|    Runmd Time                25.87 (12.59% of Total)
|    Other                    179.60 (87.41% of Total)
| Total time               205.48 (100.0% of ALL  )

| Highest rstack allocated:      39964
| Highest istack allocated:        858
|           Job began  at 13:57:24.524  on 03/14/2017
|           Setup done at 13:57:24.634  on 03/14/2017
|           Run   done at 14:00:50.008  on 03/14/2017
|     wallclock() was called   44070 times
