
          -------------------------------------------------------
          Amber 16 SANDER                              2016
          -------------------------------------------------------

| Run on 03/14/2017 at 14:05:34

|   Executable path: sander.MPI
| Working directory: /home/steboss/projects/mdgx-tests/alanine/IPOLQ/input/PhiPsi_1/150/105
|          Hostname: node012

  [-O]verwriting output

File Assignments:
|  MDIN: equil.in                                                              
| MDOUT: Conf105.eq.out                                                        
|INPCRD: Conf105.min                                                           
|  PARM: Conf105.top                                                           
|RESTRT: Conf105.rst                                                           
|  REFC: Conf105.crd                                                           
| MDVEL: mdvel                                                                 
| MDFRC: mdfrc                                                                 
|  MDEN: mden                                                                  
| MDCRD: mdcrd                                                                 
|MDINFO: mdinfo                                                                
|  MTMD: mtmd                                                                  
|INPDIP: inpdip                                                                
|RSTDIP: rstdip                                                                
|INPTRA: inptraj                                                               

|    REMLOG: rem.log
|   REMTYPE: rem.type
|  REMSTRIP: 
|   SAVEENE: saveene
|CLUSTERINF: cluster.info
| RESERVOIR: reserv/frame
|   REMDDIM: 


 Here is the input file:

Equilibrate water in NPT                                                       
 &cntrl                                                                        
                                                                               
  nmropt = 0,                                                                  
  ntx    = 1,       irest  = 0,       ntrx   = 1,      ntxo   = 1,             
  ntpr   = 1000,    ntwx   = 1000,    ntwv   = 0,      ntwe   = 1000,          
  iwrap  = 0,       ioutfm = 1,                                                
                                                                               
  ntf    = 2,       ntb    = 2,                                                
  cut = 9.0,                                                                   
                                                                               
  ibelly = 0,       ntr    = 1,                                                
  restraintmask = ':1',                                                        
  restraint_wt = 100.0,                                                        
                                                                               
  imin   = 0,                                                                  
  nstlim = 10000,                                                              
  nscm   = 1000,                                                               
  t      = 0.0,     dt     = 0.002,                                            
                                                                               
  temp0     = 298.0,   tempi  = 0.0,                                           
  ig        = -1,                                                              
  ntt       = 3,                                                               
  gamma_ln  = 3.0,                                                             
                                                                               
  ntp    = 1,       pres0  = 1.0,     comp   = 44.6,                           
  taup   = 1.0,                                                                
                                                                               
  ntc    = 2,       tol    = 0.000001, watnam = 'WAT ',                        
                                                                               
 &end                                                                          

--------------------------------------------------------------------------------
   1.  RESOURCE   USE: 
--------------------------------------------------------------------------------

| Flags: MPI                                                                    
 getting new box info from bottom of inpcrd
|  INFO: Old style inpcrd file read

| peek_ewald_inpcrd: Box info found
|Largest sphere to fit in unit cell has radius =    14.794
| New format PARM file being parsed.
| Version =    1.000 Date = 03/14/17 Time = 13:38:15
 NATOM  =    3049 NTYPES =       9 NBONH =    3039 MBONA  =       9
 NTHETH =      25 MTHETA =      11 NPHIH =      43 MPHIA  =      24
 NHPARM =       0 NPARM  =       0 NNB   =    4135 NRES   =    1012
 NBONA  =       9 NTHETA =      11 NPHIA =      24 NUMBND =      10
 NUMANG =      16 NPTRA  =      19 NATYP =       9 NPHB   =       1
 IFBOX  =       2 NMXRS  =      10 IFCAP =       0 NEXTRA =       0
 NCOPY  =       0


|     Memory Use     Allocated
|     Real              309361
|     Hollerith          10161
|     Integer            92492
|     Max Pairs         338184
|     nblistReal         36588
|     nblist Int        101482
|       Total             4821 kbytes

| Note: 1-4 EEL scale factors are being read from the topology file.

| Note: 1-4 VDW scale factors are being read from the topology file.
| Duplicated    0 dihedrals
| Duplicated    0 dihedrals

     BOX TYPE: TRUNCATED OCTAHEDRON
Note: ig = -1. Setting random seed to   675766 based on wallclock time in microseconds
      and disabling the synchronization of random numbers between tasks
      to improve performance.

--------------------------------------------------------------------------------
   2.  CONTROL  DATA  FOR  THE  RUN
--------------------------------------------------------------------------------

default_name                                                                    

General flags:
     imin    =       0, nmropt  =       0

Nature and format of input:
     ntx     =       1, irest   =       0, ntrx    =       1

Nature and format of output:
     ntxo    =       1, ntpr    =    1000, ntrx    =       1, ntwr    =   10000
     iwrap   =       0, ntwx    =    1000, ntwv    =       0, ntwe    =    1000
     ioutfm  =       1, ntwprt  =       0, idecomp =       0, rbornstat=      0

Potential function:
     ntf     =       2, ntb     =       2, igb     =       0, nsnb    =      25
     ipol    =       0, gbsa    =       0, iesp    =       0
     dielc   =   1.00000, cut     =   9.00000, intdiel =   1.00000

Frozen or restrained atoms:
     ibelly  =       0, ntr     =       1
     restraint_wt = 100.00000

Molecular dynamics:
     nstlim  =     10000, nscm    =         0, nrespa  =         1
     t       =   0.00000, dt      =   0.00200, vlimit  =  20.00000

Langevin dynamics temperature regulation:
     ig      =  675766
     temp0   = 298.00000, tempi   =   0.00000, gamma_ln=   3.00000

Pressure regulation:
     ntp     =       1
     pres0   =   1.00000, comp    =  44.60000, taup    =   1.00000

SHAKE:
     ntc     =       2, jfastw  =       0
     tol     =   0.00000

Ewald parameters:
     verbose =       0, ew_type =       0, nbflag  =       1, use_pme =       1
     vdwmeth =       1, eedmeth =       1, netfrc  =       1
     Box X =   36.237   Box Y =   36.237   Box Z =   36.237
     Alpha =  109.471   Beta  =  109.471   Gamma =  109.471
     NFFT1 =   36       NFFT2 =   36       NFFT3 =   36
     Cutoff=    9.000   Tol   =0.100E-04
     Ewald Coefficient =  0.30768
     Interpolation order =    4

| MPI Timing options:
|      profile_mpi =        0

    LOADING THE CONSTRAINED ATOMS AS GROUPS


   5.  REFERENCE ATOM COORDINATES

  defa
     Mask :1; matches     6 atoms

--------------------------------------------------------------------------------
   3.  ATOMIC COORDINATES AND VELOCITIES
--------------------------------------------------------------------------------

defa                                                                            
 begin time read from input coords =     0.000 ps

 Number of triangulated 3-point waters found:     1009
|  Atom division among processors:
|         0     382     763    1144    1525    1906    2287    2668
|      3049

     Sum of charges from parm topology file =  -0.00000000
     Forcing neutrality...
|  Running AMBER/MPI version on    8 nodes


--------------------------------------------------------------------------------
   4.  RESULTS
--------------------------------------------------------------------------------

|  # of SOLUTE  degrees of freedom (RNDFP):    6108.
|  # of SOLVENT degrees of freedom (RNDFS):       0.
|  NDFMIN =    6108.     NUM_NOSHAKE =      0     CORRECTED RNDFP =    6108.
|  TOTAL # of degrees of freedom (RNDF) =    6108.
 ---------------------------------------------------
 APPROXIMATING switch and d/dx switch using CUBIC SPLINE INTERPOLATION
 using   5000.0 points per unit in tabled values
 TESTING RELATIVE ERROR over r ranging from 0.0 to cutoff
| CHECK switch(x): max rel err =   0.2738E-14   at   2.422500
| CHECK d/dx switch(x): max rel err =   0.8314E-11   at   2.736960
 ---------------------------------------------------
| Local SIZE OF NONBOND LIST =     101020
| TOTAL SIZE OF NONBOND LIST =     709468

 NSTEP =        0   TIME(PS) =       0.000  TEMP(K) =     0.00  PRESS = -5380.6
 Etot   =    -13341.1923  EKtot   =         0.0000  EPtot      =    -13341.1923
 BOND   =         0.7139  ANGLE   =         1.7005  DIHED      =         9.3624
 1-4 NB =         3.0127  1-4 EEL =        47.3923  VDWAALS    =      2352.0127
 EELEC  =    -15755.7491  EHBOND  =         0.0000  RESTRAINT  =         0.3622
 EAMBER (non-restraint)  =    -13341.5545
 EKCMT  =         0.0000  VIRIAL  =      4255.2604  VOLUME     =     36628.5583
                                                    Density    =         0.8306
 Ewald error estimate:   0.5651E-04
 ------------------------------------------------------------------------------


 NSTEP =     1000   TIME(PS) =       2.000  TEMP(K) =   289.20  PRESS =  -139.0
 Etot   =     -7863.2135  EKtot   =      1755.1228  EPtot      =     -9618.3363
 BOND   =         1.5769  ANGLE   =         6.0243  DIHED      =        11.1741
 1-4 NB =         2.9823  1-4 EEL =        46.8958  VDWAALS    =      1537.8813
 EELEC  =    -11226.6117  EHBOND  =         0.0000  RESTRAINT  =         1.7408
 EAMBER (non-restraint)  =     -9620.0771
 EKCMT  =       862.4371  VIRIAL  =       963.5331  VOLUME     =     33675.7611
                                                    Density    =         0.9035
 Ewald error estimate:   0.9889E-04
 ------------------------------------------------------------------------------


 NSTEP =     2000   TIME(PS) =       4.000  TEMP(K) =   301.84  PRESS =  -313.1
 Etot   =     -7709.4109  EKtot   =      1831.8407  EPtot      =     -9541.2516
 BOND   =         1.1026  ANGLE   =         5.7238  DIHED      =        10.6427
 1-4 NB =         3.3852  1-4 EEL =        47.6200  VDWAALS    =      1396.3668
 EELEC  =    -11008.8948  EHBOND  =         0.0000  RESTRAINT  =         2.8021
 EAMBER (non-restraint)  =     -9544.0537
 EKCMT  =       922.4812  VIRIAL  =      1139.5364  VOLUME     =     32104.2219
                                                    Density    =         0.9477
 Ewald error estimate:   0.5751E-04
 ------------------------------------------------------------------------------


 NSTEP =     3000   TIME(PS) =       6.000  TEMP(K) =   291.18  PRESS =   -65.6
 Etot   =     -7925.3318  EKtot   =      1767.1188  EPtot      =     -9692.4506
 BOND   =         2.7896  ANGLE   =         5.8998  DIHED      =        12.7618
 1-4 NB =         2.2846  1-4 EEL =        43.7083  VDWAALS    =      1493.7113
 EELEC  =    -11261.0105  EHBOND  =         0.0000  RESTRAINT  =         7.4045
 EAMBER (non-restraint)  =     -9699.8551
 EKCMT  =       882.7975  VIRIAL  =       927.6700  VOLUME     =     31691.2865
                                                    Density    =         0.9601
 Ewald error estimate:   0.4204E-04
 ------------------------------------------------------------------------------


 NSTEP =     4000   TIME(PS) =       8.000  TEMP(K) =   297.30  PRESS =  -387.4
 Etot   =     -7832.3366  EKtot   =      1804.2971  EPtot      =     -9636.6337
 BOND   =         2.1563  ANGLE   =        12.3869  DIHED      =        12.2202
 1-4 NB =         2.6490  1-4 EEL =        45.3643  VDWAALS    =      1387.9920
 EELEC  =    -11104.1112  EHBOND  =         0.0000  RESTRAINT  =         4.7087
 EAMBER (non-restraint)  =     -9641.3424
 EKCMT  =       883.2895  VIRIAL  =      1144.0303  VOLUME     =     31173.9448
                                                    Density    =         0.9760
 Ewald error estimate:   0.6244E-03
 ------------------------------------------------------------------------------


 NSTEP =     5000   TIME(PS) =      10.000  TEMP(K) =   298.10  PRESS =  -407.8
 Etot   =     -7967.7508  EKtot   =      1809.1333  EPtot      =     -9776.8841
 BOND   =         3.6780  ANGLE   =         7.7587  DIHED      =         9.7829
 1-4 NB =         2.6921  1-4 EEL =        44.1126  VDWAALS    =      1420.1777
 EELEC  =    -11269.2830  EHBOND  =         0.0000  RESTRAINT  =         4.1969
 EAMBER (non-restraint)  =     -9781.0810
 EKCMT  =       905.0795  VIRIAL  =      1177.1067  VOLUME     =     30897.2701
                                                    Density    =         0.9847
 Ewald error estimate:   0.3773E-03
 ------------------------------------------------------------------------------


 NSTEP =     6000   TIME(PS) =      12.000  TEMP(K) =   298.47  PRESS =   232.8
 Etot   =     -7916.5467  EKtot   =      1811.3673  EPtot      =     -9727.9140
 BOND   =         0.9885  ANGLE   =         6.0006  DIHED      =         9.9761
 1-4 NB =         4.2468  1-4 EEL =        48.9494  VDWAALS    =      1479.3065
 EELEC  =    -11279.2124  EHBOND  =         0.0000  RESTRAINT  =         1.8304
 EAMBER (non-restraint)  =     -9729.7445
 EKCMT  =       878.9213  VIRIAL  =       724.2780  VOLUME     =     30766.5404
                                                    Density    =         0.9889
 Ewald error estimate:   0.1991E-03
 ------------------------------------------------------------------------------


 NSTEP =     7000   TIME(PS) =      14.000  TEMP(K) =   302.97  PRESS =  -130.0
 Etot   =     -7815.7542  EKtot   =      1838.6804  EPtot      =     -9654.4346
 BOND   =         1.9716  ANGLE   =         9.5539  DIHED      =        11.9044
 1-4 NB =         4.1803  1-4 EEL =        46.1352  VDWAALS    =      1401.1565
 EELEC  =    -11133.0732  EHBOND  =         0.0000  RESTRAINT  =         3.7366
 EAMBER (non-restraint)  =     -9658.1712
 EKCMT  =       906.3138  VIRIAL  =       992.6837  VOLUME     =     30763.7686
                                                    Density    =         0.9890
 Ewald error estimate:   0.1003E-03
 ------------------------------------------------------------------------------


 NSTEP =     8000   TIME(PS) =      16.000  TEMP(K) =   296.67  PRESS =  -138.2
 Etot   =     -7785.6052  EKtot   =      1800.4471  EPtot      =     -9586.0523
 BOND   =         3.0362  ANGLE   =         5.9435  DIHED      =        11.7110
 1-4 NB =         3.3831  1-4 EEL =        47.2466  VDWAALS    =      1378.9567
 EELEC  =    -11039.0559  EHBOND  =         0.0000  RESTRAINT  =         2.7265
 EAMBER (non-restraint)  =     -9588.7788
 EKCMT  =       911.9849  VIRIAL  =      1004.1936  VOLUME     =     30900.7215
                                                    Density    =         0.9846
 Ewald error estimate:   0.6738E-05
 ------------------------------------------------------------------------------


 NSTEP =     9000   TIME(PS) =      18.000  TEMP(K) =   298.43  PRESS =  -289.6
 Etot   =     -7846.1589  EKtot   =      1811.1154  EPtot      =     -9657.2743
 BOND   =         3.1299  ANGLE   =         6.9373  DIHED      =        10.7321
 1-4 NB =         2.5227  1-4 EEL =        47.9854  VDWAALS    =      1401.0864
 EELEC  =    -11133.2879  EHBOND  =         0.0000  RESTRAINT  =         3.6198
 EAMBER (non-restraint)  =     -9660.8941
 EKCMT  =       890.5018  VIRIAL  =      1084.3460  VOLUME     =     31005.5813
                                                    Density    =         0.9813
 Ewald error estimate:   0.1867E-04
 ------------------------------------------------------------------------------


 NSTEP =    10000   TIME(PS) =      20.000  TEMP(K) =   285.76  PRESS =  -229.7
 Etot   =     -7970.9047  EKtot   =      1734.2336  EPtot      =     -9705.1384
 BOND   =         0.9695  ANGLE   =         7.6846  DIHED      =        10.4845
 1-4 NB =         3.8797  1-4 EEL =        47.1300  VDWAALS    =      1427.5224
 EELEC  =    -11204.9076  EHBOND  =         0.0000  RESTRAINT  =         2.0986
 EAMBER (non-restraint)  =     -9707.2369
 EKCMT  =       874.9019  VIRIAL  =      1028.4754  VOLUME     =     30967.6475
                                                    Density    =         0.9825
 Ewald error estimate:   0.1807E-03
 ------------------------------------------------------------------------------


      A V E R A G E S   O V E R   10000 S T E P S


 NSTEP =    10000   TIME(PS) =      20.000  TEMP(K) =   292.48  PRESS =  -187.2
 Etot   =     -7920.0495  EKtot   =      1775.0522  EPtot      =     -9695.1017
 BOND   =         2.9441  ANGLE   =         7.7929  DIHED      =        10.9289
 1-4 NB =         3.2905  1-4 EEL =        46.2896  VDWAALS    =      1456.7419
 EELEC  =    -11226.2585  EHBOND  =         0.0000  RESTRAINT  =         3.1690
 EAMBER (non-restraint)  =     -9698.2707
 EKCMT  =       882.1089  VIRIAL  =      1018.4662  VOLUME     =     31629.1216
                                                    Density    =         0.9633
 Ewald error estimate:   0.1818E-03
 ------------------------------------------------------------------------------


      R M S  F L U C T U A T I O N S


 NSTEP =    10000   TIME(PS) =      20.000  TEMP(K) =    26.31  PRESS =   442.2
 Etot   =       343.2561  EKtot   =       159.6828  EPtot      =       191.3668
 BOND   =         1.3750  ANGLE   =         2.0614  DIHED      =         1.2059
 1-4 NB =         0.7389  1-4 EEL =         1.9926  VDWAALS    =        92.8608
 EELEC  =       274.3553  EHBOND  =         0.0000  RESTRAINT  =         1.2803
 EAMBER (non-restraint)  =       190.0864
 EKCMT  =        77.1948  VIRIAL  =       282.7040  VOLUME     =      1250.0980
                                                    Density    =         0.0354
 Ewald error estimate:   0.1428E-03
 ------------------------------------------------------------------------------


--------------------------------------------------------------------------------
   5.  TIMINGS
--------------------------------------------------------------------------------

|>>>>>>>>PROFILE of Average TIMES>>>>>>>>> 
|                Build the list             8.87 (97.43% of List )
|                Other                      0.23 ( 2.57% of List )
|             List time                  9.10 ( 9.99% of Nonbo)
|                   Short_ene time            49.60 (95.97% of Direc)
|                   Other                      2.08 ( 4.03% of Direc)
|                Direct Ewald time         51.69 (63.04% of Ewald)
|                Adjust Ewald time          0.27 ( 0.33% of Ewald)
|                   Fill Bspline coeffs        1.32 ( 6.81% of Recip)
|                   Fill charge grid           0.99 ( 5.10% of Recip)
|                   Scalar sum                 4.16 (21.40% of Recip)
|                   Grad sum                   2.18 (11.19% of Recip)
|                      FFT back comm time         2.35 (24.35% of FFT t)
|                      Other                      7.30 (75.65% of FFT t)
|                   FFT time                   9.65 (49.62% of Recip)
|                   Other                      1.14 ( 5.88% of Recip)
|                Recip Ewald time          19.45 (23.72% of Ewald)
|                Force Adjust               9.55 (11.65% of Ewald)
|                Virial junk                1.00 ( 1.22% of Ewald)
|                Other                      0.04 ( 0.04% of Ewald)
|             Ewald time                81.99 (90.00% of Nonbo)
|             Other                      0.01 ( 0.01% of Nonbo)
|          Nonbond force             91.11 (97.97% of Force)
|          Bond/Angle/Dihedral        0.12 ( 0.13% of Force)
|          FRC Collect time           1.29 ( 1.38% of Force)
|          Other                      0.48 ( 0.52% of Force)
|       Force time                93.00 (93.46% of Runmd)
|       Shake time                 0.32 ( 0.32% of Runmd)
|       Verlet update time         3.41 ( 3.42% of Runmd)
|       Ekcmr time                 1.34 ( 1.35% of Runmd)
|       CRD distribute time        0.51 ( 0.52% of Runmd)
|       Other                      0.92 ( 0.93% of Runmd)
|    Runmd Time                99.51 (100.0% of Total)
|    Other                      0.08 ( 0.08% of Total)
| Total time                99.59 (100.0% of ALL  )

| Number of list builds   :        907

| Highest rstack allocated:      41179
| Highest istack allocated:        903

| Final Performance Info:
| -----------------------------------------------------
| Average timings for all steps:
|     Elapsed(s) =      99.86 Per Step(ms) =       9.99
|         ns/day =      17.30   seconds/ns =    4992.98
| -----------------------------------------------------

|           Job began  at 14:05:34.618  on 03/14/2017
|           Setup done at 14:05:34.709  on 03/14/2017
|           Run   done at 14:07:14.430  on 03/14/2017
|     wallclock() was called  571881 times
