
          -------------------------------------------------------
          Amber 16 SANDER                              2016
          -------------------------------------------------------

| Run on 03/14/2017 at 14:13:30

|   Executable path: sander.MPI
| Working directory: /home/steboss/projects/mdgx-tests/alanine/IPOLQ/input/PhiPsi_1/165/255
|          Hostname: node006

  [-O]verwriting output

File Assignments:
|  MDIN: equil.in                                                              
| MDOUT: Conf255.eq.out                                                        
|INPCRD: Conf255.min                                                           
|  PARM: Conf255.top                                                           
|RESTRT: Conf255.rst                                                           
|  REFC: Conf255.crd                                                           
| MDVEL: mdvel                                                                 
| MDFRC: mdfrc                                                                 
|  MDEN: mden                                                                  
| MDCRD: mdcrd                                                                 
|MDINFO: mdinfo                                                                
|  MTMD: mtmd                                                                  
|INPDIP: inpdip                                                                
|RSTDIP: rstdip                                                                
|INPTRA: inptraj                                                               

|    REMLOG: rem.log
|   REMTYPE: rem.type
|  REMSTRIP: 
|   SAVEENE: saveene
|CLUSTERINF: cluster.info
| RESERVOIR: reserv/frame
|   REMDDIM: 


 Here is the input file:

Equilibrate water in NPT                                                       
 &cntrl                                                                        
                                                                               
  nmropt = 0,                                                                  
  ntx    = 1,       irest  = 0,       ntrx   = 1,      ntxo   = 1,             
  ntpr   = 1000,    ntwx   = 1000,    ntwv   = 0,      ntwe   = 1000,          
  iwrap  = 0,       ioutfm = 1,                                                
                                                                               
  ntf    = 2,       ntb    = 2,                                                
  cut = 9.0,                                                                   
                                                                               
  ibelly = 0,       ntr    = 1,                                                
  restraintmask = ':1',                                                        
  restraint_wt = 100.0,                                                        
                                                                               
  imin   = 0,                                                                  
  nstlim = 10000,                                                              
  nscm   = 1000,                                                               
  t      = 0.0,     dt     = 0.002,                                            
                                                                               
  temp0     = 298.0,   tempi  = 0.0,                                           
  ig        = -1,                                                              
  ntt       = 3,                                                               
  gamma_ln  = 3.0,                                                             
                                                                               
  ntp    = 1,       pres0  = 1.0,     comp   = 44.6,                           
  taup   = 1.0,                                                                
                                                                               
  ntc    = 2,       tol    = 0.000001, watnam = 'WAT ',                        
                                                                               
 &end                                                                          

--------------------------------------------------------------------------------
   1.  RESOURCE   USE: 
--------------------------------------------------------------------------------

| Flags: MPI                                                                    
 getting new box info from bottom of inpcrd
|  INFO: Old style inpcrd file read

| peek_ewald_inpcrd: Box info found
|Largest sphere to fit in unit cell has radius =    15.008
| New format PARM file being parsed.
| Version =    1.000 Date = 03/14/17 Time = 13:38:27
 NATOM  =    3196 NTYPES =       9 NBONH =    3186 MBONA  =       9
 NTHETH =      25 MTHETA =      11 NPHIH =      43 MPHIA  =      24
 NHPARM =       0 NPARM  =       0 NNB   =    4331 NRES   =    1061
 NBONA  =       9 NTHETA =      11 NPHIA =      24 NUMBND =      10
 NUMANG =      16 NPTRA  =      19 NATYP =       9 NPHB   =       1
 IFBOX  =       2 NMXRS  =      10 IFCAP =       0 NEXTRA =       0
 NCOPY  =       0


|     Memory Use     Allocated
|     Real              320092
|     Hollerith          10651
|     Integer            95824
|     Max Pairs         354488
|     nblistReal         38352
|     nblist Int        104912
|       Total             5010 kbytes

| Note: 1-4 EEL scale factors are being read from the topology file.

| Note: 1-4 VDW scale factors are being read from the topology file.
| Duplicated    0 dihedrals
| Duplicated    0 dihedrals

     BOX TYPE: TRUNCATED OCTAHEDRON
Note: ig = -1. Setting random seed to   187059 based on wallclock time in microseconds
      and disabling the synchronization of random numbers between tasks
      to improve performance.

--------------------------------------------------------------------------------
   2.  CONTROL  DATA  FOR  THE  RUN
--------------------------------------------------------------------------------

default_name                                                                    

General flags:
     imin    =       0, nmropt  =       0

Nature and format of input:
     ntx     =       1, irest   =       0, ntrx    =       1

Nature and format of output:
     ntxo    =       1, ntpr    =    1000, ntrx    =       1, ntwr    =   10000
     iwrap   =       0, ntwx    =    1000, ntwv    =       0, ntwe    =    1000
     ioutfm  =       1, ntwprt  =       0, idecomp =       0, rbornstat=      0

Potential function:
     ntf     =       2, ntb     =       2, igb     =       0, nsnb    =      25
     ipol    =       0, gbsa    =       0, iesp    =       0
     dielc   =   1.00000, cut     =   9.00000, intdiel =   1.00000

Frozen or restrained atoms:
     ibelly  =       0, ntr     =       1
     restraint_wt = 100.00000

Molecular dynamics:
     nstlim  =     10000, nscm    =         0, nrespa  =         1
     t       =   0.00000, dt      =   0.00200, vlimit  =  20.00000

Langevin dynamics temperature regulation:
     ig      =  187059
     temp0   = 298.00000, tempi   =   0.00000, gamma_ln=   3.00000

Pressure regulation:
     ntp     =       1
     pres0   =   1.00000, comp    =  44.60000, taup    =   1.00000

SHAKE:
     ntc     =       2, jfastw  =       0
     tol     =   0.00000

Ewald parameters:
     verbose =       0, ew_type =       0, nbflag  =       1, use_pme =       1
     vdwmeth =       1, eedmeth =       1, netfrc  =       1
     Box X =   36.762   Box Y =   36.762   Box Z =   36.762
     Alpha =  109.471   Beta  =  109.471   Gamma =  109.471
     NFFT1 =   36       NFFT2 =   36       NFFT3 =   36
     Cutoff=    9.000   Tol   =0.100E-04
     Ewald Coefficient =  0.30768
     Interpolation order =    4

| MPI Timing options:
|      profile_mpi =        0

    LOADING THE CONSTRAINED ATOMS AS GROUPS


   5.  REFERENCE ATOM COORDINATES

  defa
     Mask :1; matches     6 atoms

--------------------------------------------------------------------------------
   3.  ATOMIC COORDINATES AND VELOCITIES
--------------------------------------------------------------------------------

defa                                                                            
 begin time read from input coords =     0.000 ps

 Number of triangulated 3-point waters found:     1058
|  Atom division among processors:
|         0     400     799    1198    1597    1996    2398    2797
|      3196

     Sum of charges from parm topology file =  -0.00000000
     Forcing neutrality...
|  Running AMBER/MPI version on    8 nodes


--------------------------------------------------------------------------------
   4.  RESULTS
--------------------------------------------------------------------------------

|  # of SOLUTE  degrees of freedom (RNDFP):    6402.
|  # of SOLVENT degrees of freedom (RNDFS):       0.
|  NDFMIN =    6402.     NUM_NOSHAKE =      0     CORRECTED RNDFP =    6402.
|  TOTAL # of degrees of freedom (RNDF) =    6402.
 ---------------------------------------------------
 APPROXIMATING switch and d/dx switch using CUBIC SPLINE INTERPOLATION
 using   5000.0 points per unit in tabled values
 TESTING RELATIVE ERROR over r ranging from 0.0 to cutoff
| CHECK switch(x): max rel err =   0.2738E-14   at   2.422500
| CHECK d/dx switch(x): max rel err =   0.8314E-11   at   2.736960
 ---------------------------------------------------
| Local SIZE OF NONBOND LIST =      98246
| TOTAL SIZE OF NONBOND LIST =     747631

 NSTEP =        0   TIME(PS) =       0.000  TEMP(K) =     0.00  PRESS = -4645.2
 Etot   =    -13928.1742  EKtot   =         0.0000  EPtot      =    -13928.1742
 BOND   =         0.6755  ANGLE   =         1.5803  DIHED      =         9.1630
 1-4 NB =         3.2950  1-4 EEL =        47.0678  VDWAALS    =      2556.0321
 EELEC  =    -16546.1914  EHBOND  =         0.0000  RESTRAINT  =         0.2037
 EAMBER (non-restraint)  =    -13928.3779
 EKCMT  =         0.0000  VIRIAL  =      3835.9230  VOLUME     =     38246.1124
                                                    Density    =         0.8338
 Ewald error estimate:   0.3677E-03
 ------------------------------------------------------------------------------


 NSTEP =     1000   TIME(PS) =       2.000  TEMP(K) =   301.77  PRESS =  -976.3
 Etot   =     -8131.4237  EKtot   =      1919.5301  EPtot      =    -10050.9539
 BOND   =         2.7797  ANGLE   =        10.2631  DIHED      =         9.1684
 1-4 NB =         2.5597  1-4 EEL =        43.3891  VDWAALS    =      1490.0872
 EELEC  =    -11612.4920  EHBOND  =         0.0000  RESTRAINT  =         3.2911
 EAMBER (non-restraint)  =    -10054.2450
 EKCMT  =       952.6834  VIRIAL  =      1698.3162  VOLUME     =     35373.3524
                                                    Density    =         0.9016
 Ewald error estimate:   0.1104E-03
 ------------------------------------------------------------------------------


 NSTEP =     2000   TIME(PS) =       4.000  TEMP(K) =   297.04  PRESS =    14.4
 Etot   =     -8169.9666  EKtot   =      1889.4828  EPtot      =    -10059.4494
 BOND   =         2.5498  ANGLE   =         7.3645  DIHED      =        10.8442
 1-4 NB =         3.5413  1-4 EEL =        46.5817  VDWAALS    =      1541.2921
 EELEC  =    -11675.3719  EHBOND  =         0.0000  RESTRAINT  =         3.7489
 EAMBER (non-restraint)  =    -10063.1982
 EKCMT  =       936.9268  VIRIAL  =       926.5504  VOLUME     =     33460.3223
                                                    Density    =         0.9531
 Ewald error estimate:   0.6157E-04
 ------------------------------------------------------------------------------


 NSTEP =     3000   TIME(PS) =       6.000  TEMP(K) =   307.93  PRESS =  -291.5
 Etot   =     -8137.1301  EKtot   =      1958.7458  EPtot      =    -10095.8759
 BOND   =         2.6241  ANGLE   =         8.8801  DIHED      =         9.3612
 1-4 NB =         4.5994  1-4 EEL =        47.2782  VDWAALS    =      1470.7106
 EELEC  =    -11642.3517  EHBOND  =         0.0000  RESTRAINT  =         3.0224
 EAMBER (non-restraint)  =    -10098.8983
 EKCMT  =       975.2927  VIRIAL  =      1181.3942  VOLUME     =     32748.5419
                                                    Density    =         0.9738
 Ewald error estimate:   0.3414E-03
 ------------------------------------------------------------------------------


 NSTEP =     4000   TIME(PS) =       8.000  TEMP(K) =   295.61  PRESS =  -129.8
 Etot   =     -8235.8457  EKtot   =      1880.3623  EPtot      =    -10116.2080
 BOND   =         4.9539  ANGLE   =         8.4626  DIHED      =        13.1722
 1-4 NB =         3.6261  1-4 EEL =        46.7312  VDWAALS    =      1513.4960
 EELEC  =    -11710.3192  EHBOND  =         0.0000  RESTRAINT  =         3.6692
 EAMBER (non-restraint)  =    -10119.8772
 EKCMT  =       908.8214  VIRIAL  =      1000.3443  VOLUME     =     32659.5785
                                                    Density    =         0.9765
 Ewald error estimate:   0.4995E-03
 ------------------------------------------------------------------------------


 NSTEP =     5000   TIME(PS) =      10.000  TEMP(K) =   307.35  PRESS =   180.0
 Etot   =     -8335.2613  EKtot   =      1955.0827  EPtot      =    -10290.3441
 BOND   =         1.2753  ANGLE   =         7.2136  DIHED      =        10.7973
 1-4 NB =         3.8045  1-4 EEL =        49.3353  VDWAALS    =      1593.9748
 EELEC  =    -11961.2375  EHBOND  =         0.0000  RESTRAINT  =         4.4927
 EAMBER (non-restraint)  =    -10294.8368
 EKCMT  =       985.4892  VIRIAL  =       858.9799  VOLUME     =     32560.4682
                                                    Density    =         0.9795
 Ewald error estimate:   0.4745E-04
 ------------------------------------------------------------------------------


 NSTEP =     6000   TIME(PS) =      12.000  TEMP(K) =   295.92  PRESS =  -162.9
 Etot   =     -8262.6095  EKtot   =      1882.3261  EPtot      =    -10144.9356
 BOND   =         2.5108  ANGLE   =         9.1715  DIHED      =        11.5247
 1-4 NB =         1.9959  1-4 EEL =        47.1350  VDWAALS    =      1486.9010
 EELEC  =    -11707.7144  EHBOND  =         0.0000  RESTRAINT  =         3.5399
 EAMBER (non-restraint)  =    -10148.4755
 EKCMT  =       929.5598  VIRIAL  =      1043.3369  VOLUME     =     32349.4913
                                                    Density    =         0.9858
 Ewald error estimate:   0.1443E-03
 ------------------------------------------------------------------------------


 NSTEP =     7000   TIME(PS) =      14.000  TEMP(K) =   296.64  PRESS =   153.3
 Etot   =     -8261.1278  EKtot   =      1886.9350  EPtot      =    -10148.0629
 BOND   =         4.1062  ANGLE   =         7.2437  DIHED      =        11.2601
 1-4 NB =         3.7596  1-4 EEL =        45.5517  VDWAALS    =      1542.9846
 EELEC  =    -11765.4850  EHBOND  =         0.0000  RESTRAINT  =         2.5163
 EAMBER (non-restraint)  =    -10150.5792
 EKCMT  =       947.6377  VIRIAL  =       840.5355  VOLUME     =     32351.1679
                                                    Density    =         0.9858
 Ewald error estimate:   0.7406E-04
 ------------------------------------------------------------------------------


 NSTEP =     8000   TIME(PS) =      16.000  TEMP(K) =   300.61  PRESS =  -183.1
 Etot   =     -8268.0521  EKtot   =      1912.1825  EPtot      =    -10180.2346
 BOND   =         3.5477  ANGLE   =         6.9554  DIHED      =         9.9855
 1-4 NB =         3.4545  1-4 EEL =        46.2957  VDWAALS    =      1479.9051
 EELEC  =    -11732.5913  EHBOND  =         0.0000  RESTRAINT  =         2.2128
 EAMBER (non-restraint)  =    -10182.4474
 EKCMT  =       941.1882  VIRIAL  =      1069.0646  VOLUME     =     32348.9644
                                                    Density    =         0.9859
 Ewald error estimate:   0.2457E-03
 ------------------------------------------------------------------------------


 NSTEP =     9000   TIME(PS) =      18.000  TEMP(K) =   293.96  PRESS =   371.1
 Etot   =     -8203.7417  EKtot   =      1869.8994  EPtot      =    -10073.6412
 BOND   =         2.1092  ANGLE   =         6.2542  DIHED      =        11.0329
 1-4 NB =         2.2680  1-4 EEL =        46.6042  VDWAALS    =      1533.4216
 EELEC  =    -11676.7928  EHBOND  =         0.0000  RESTRAINT  =         1.4615
 EAMBER (non-restraint)  =    -10075.1027
 EKCMT  =       920.5748  VIRIAL  =       660.3970  VOLUME     =     32469.0232
                                                    Density    =         0.9822
 Ewald error estimate:   0.1681E-03
 ------------------------------------------------------------------------------


 NSTEP =    10000   TIME(PS) =      20.000  TEMP(K) =   297.43  PRESS =    -8.0
 Etot   =     -8299.4900  EKtot   =      1891.9499  EPtot      =    -10191.4398
 BOND   =         3.4578  ANGLE   =         5.6851  DIHED      =        11.4093
 1-4 NB =         4.1355  1-4 EEL =        47.1125  VDWAALS    =      1523.7481
 EELEC  =    -11791.6974  EHBOND  =         0.0000  RESTRAINT  =         4.7093
 EAMBER (non-restraint)  =    -10196.1491
 EKCMT  =       928.8180  VIRIAL  =       934.3728  VOLUME     =     32255.8341
                                                    Density    =         0.9887
 Ewald error estimate:   0.2723E-03
 ------------------------------------------------------------------------------


      A V E R A G E S   O V E R   10000 S T E P S


 NSTEP =    10000   TIME(PS) =      20.000  TEMP(K) =   293.37  PRESS =  -190.0
 Etot   =     -8290.9550  EKtot   =      1866.1117  EPtot      =    -10157.0667
 BOND   =         3.0271  ANGLE   =         7.8663  DIHED      =        10.6739
 1-4 NB =         3.1319  1-4 EEL =        46.1071  VDWAALS    =      1523.0777
 EELEC  =    -11753.9839  EHBOND  =         0.0000  RESTRAINT  =         3.0332
 EAMBER (non-restraint)  =    -10160.0999
 EKCMT  =       931.2861  VIRIAL  =      1075.5690  VOLUME     =     33116.7992
                                                    Density    =         0.9644
 Ewald error estimate:   0.1844E-03
 ------------------------------------------------------------------------------


      R M S  F L U C T U A T I O N S


 NSTEP =    10000   TIME(PS) =      20.000  TEMP(K) =    26.25  PRESS =   411.8
 Etot   =       349.7983  EKtot   =       166.9863  EPtot      =       190.2911
 BOND   =         1.4220  ANGLE   =         2.1313  DIHED      =         1.0574
 1-4 NB =         0.7174  1-4 EEL =         1.9655  VDWAALS    =        98.2629
 EELEC  =       279.5990  EHBOND  =         0.0000  RESTRAINT  =         1.1830
 EAMBER (non-restraint)  =       189.1082
 EKCMT  =        81.3278  VIRIAL  =       281.9621  VOLUME     =      1331.4718
                                                    Density    =         0.0358
 Ewald error estimate:   0.1384E-03
 ------------------------------------------------------------------------------


--------------------------------------------------------------------------------
   5.  TIMINGS
--------------------------------------------------------------------------------

|>>>>>>>>PROFILE of Average TIMES>>>>>>>>> 
|                Build the list            11.87 (97.29% of List )
|                Other                      0.33 ( 2.71% of List )
|             List time                 12.20 (10.21% of Nonbo)
|                   Short_ene time            70.31 (96.26% of Direc)
|                   Other                      2.73 ( 3.74% of Direc)
|                Direct Ewald time         73.04 (68.10% of Ewald)
|                Adjust Ewald time          0.38 ( 0.35% of Ewald)
|                   Fill Bspline coeffs        1.67 ( 7.13% of Recip)
|                   Fill charge grid           1.36 ( 5.81% of Recip)
|                   Scalar sum                 5.52 (23.53% of Recip)
|                   Grad sum                   3.04 (12.95% of Recip)
|                      FFT back comm time         2.64 (24.48% of FFT t)
|                      Other                      8.14 (75.52% of FFT t)
|                   FFT time                  10.78 (45.90% of Recip)
|                   Other                      1.10 ( 4.68% of Recip)
|                Recip Ewald time          23.48 (21.89% of Ewald)
|                Force Adjust               9.75 ( 9.09% of Ewald)
|                Virial junk                0.56 ( 0.52% of Ewald)
|                Other                      0.04 ( 0.04% of Ewald)
|             Ewald time               107.26 (89.78% of Nonbo)
|             Other                      0.01 ( 0.01% of Nonbo)
|          Nonbond force            119.47 (98.26% of Force)
|          Bond/Angle/Dihedral        0.15 ( 0.12% of Force)
|          FRC Collect time           1.56 ( 1.28% of Force)
|          Other                      0.40 ( 0.33% of Force)
|       Force time               121.58 (92.41% of Runmd)
|       Shake time                 0.46 ( 0.35% of Runmd)
|       Verlet update time         4.83 ( 3.67% of Runmd)
|       Ekcmr time                 2.87 ( 2.18% of Runmd)
|       CRD distribute time        0.71 ( 0.54% of Runmd)
|       Other                      1.12 ( 0.85% of Runmd)
|    Runmd Time               131.57 (100.0% of Total)
|    Other                      0.11 ( 0.09% of Total)
| Total time               131.69 (100.0% of ALL  )

| Number of list builds   :        908

| Highest rstack allocated:      42340
| Highest istack allocated:        946

| Final Performance Info:
| -----------------------------------------------------
| Average timings for all steps:
|     Elapsed(s) =     131.76 Per Step(ms) =      13.18
|         ns/day =      13.11   seconds/ns =    6587.98
| -----------------------------------------------------

|           Job began  at 14:13:30.130  on 03/14/2017
|           Setup done at 14:13:30.246  on 03/14/2017
|           Run   done at 14:15:41.939  on 03/14/2017
|     wallclock() was called  571883 times
