
          -------------------------------------------------------
          Amber 16 SANDER                              2016
          -------------------------------------------------------

| Run on 03/14/2017 at 14:08:02

|   Executable path: sander.MPI
| Working directory: /home/steboss/projects/mdgx-tests/alanine/IPOLQ/input/PhiPsi_1/150/225
|          Hostname: node010

  [-O]verwriting output

File Assignments:
|  MDIN: equil.in                                                              
| MDOUT: Conf225.eq.out                                                        
|INPCRD: Conf225.min                                                           
|  PARM: Conf225.top                                                           
|RESTRT: Conf225.rst                                                           
|  REFC: Conf225.crd                                                           
| MDVEL: mdvel                                                                 
| MDFRC: mdfrc                                                                 
|  MDEN: mden                                                                  
| MDCRD: mdcrd                                                                 
|MDINFO: mdinfo                                                                
|  MTMD: mtmd                                                                  
|INPDIP: inpdip                                                                
|RSTDIP: rstdip                                                                
|INPTRA: inptraj                                                               

|    REMLOG: rem.log
|   REMTYPE: rem.type
|  REMSTRIP: 
|   SAVEENE: saveene
|CLUSTERINF: cluster.info
| RESERVOIR: reserv/frame
|   REMDDIM: 


 Here is the input file:

Equilibrate water in NPT                                                       
 &cntrl                                                                        
                                                                               
  nmropt = 0,                                                                  
  ntx    = 1,       irest  = 0,       ntrx   = 1,      ntxo   = 1,             
  ntpr   = 1000,    ntwx   = 1000,    ntwv   = 0,      ntwe   = 1000,          
  iwrap  = 0,       ioutfm = 1,                                                
                                                                               
  ntf    = 2,       ntb    = 2,                                                
  cut = 9.0,                                                                   
                                                                               
  ibelly = 0,       ntr    = 1,                                                
  restraintmask = ':1',                                                        
  restraint_wt = 100.0,                                                        
                                                                               
  imin   = 0,                                                                  
  nstlim = 10000,                                                              
  nscm   = 1000,                                                               
  t      = 0.0,     dt     = 0.002,                                            
                                                                               
  temp0     = 298.0,   tempi  = 0.0,                                           
  ig        = -1,                                                              
  ntt       = 3,                                                               
  gamma_ln  = 3.0,                                                             
                                                                               
  ntp    = 1,       pres0  = 1.0,     comp   = 44.6,                           
  taup   = 1.0,                                                                
                                                                               
  ntc    = 2,       tol    = 0.000001, watnam = 'WAT ',                        
                                                                               
 &end                                                                          

--------------------------------------------------------------------------------
   1.  RESOURCE   USE: 
--------------------------------------------------------------------------------

| Flags: MPI                                                                    
 getting new box info from bottom of inpcrd
|  INFO: Old style inpcrd file read

| peek_ewald_inpcrd: Box info found
|Largest sphere to fit in unit cell has radius =    14.799
| New format PARM file being parsed.
| Version =    1.000 Date = 03/14/17 Time = 13:38:18
 NATOM  =    3052 NTYPES =       9 NBONH =    3042 MBONA  =       9
 NTHETH =      25 MTHETA =      11 NPHIH =      43 MPHIA  =      24
 NHPARM =       0 NPARM  =       0 NNB   =    4139 NRES   =    1013
 NBONA  =       9 NTHETA =      11 NPHIA =      24 NUMBND =      10
 NUMANG =      16 NPTRA  =      19 NATYP =       9 NPHB   =       1
 IFBOX  =       2 NMXRS  =      10 IFCAP =       0 NEXTRA =       0
 NCOPY  =       0


|     Memory Use     Allocated
|     Real              309580
|     Hollerith          10171
|     Integer            92560
|     Max Pairs         338516
|     nblistReal         36624
|     nblist Int        101552
|       Total             4825 kbytes

| Note: 1-4 EEL scale factors are being read from the topology file.

| Note: 1-4 VDW scale factors are being read from the topology file.
| Duplicated    0 dihedrals
| Duplicated    0 dihedrals

     BOX TYPE: TRUNCATED OCTAHEDRON
Note: ig = -1. Setting random seed to    93568 based on wallclock time in microseconds
      and disabling the synchronization of random numbers between tasks
      to improve performance.

--------------------------------------------------------------------------------
   2.  CONTROL  DATA  FOR  THE  RUN
--------------------------------------------------------------------------------

default_name                                                                    

General flags:
     imin    =       0, nmropt  =       0

Nature and format of input:
     ntx     =       1, irest   =       0, ntrx    =       1

Nature and format of output:
     ntxo    =       1, ntpr    =    1000, ntrx    =       1, ntwr    =   10000
     iwrap   =       0, ntwx    =    1000, ntwv    =       0, ntwe    =    1000
     ioutfm  =       1, ntwprt  =       0, idecomp =       0, rbornstat=      0

Potential function:
     ntf     =       2, ntb     =       2, igb     =       0, nsnb    =      25
     ipol    =       0, gbsa    =       0, iesp    =       0
     dielc   =   1.00000, cut     =   9.00000, intdiel =   1.00000

Frozen or restrained atoms:
     ibelly  =       0, ntr     =       1
     restraint_wt = 100.00000

Molecular dynamics:
     nstlim  =     10000, nscm    =         0, nrespa  =         1
     t       =   0.00000, dt      =   0.00200, vlimit  =  20.00000

Langevin dynamics temperature regulation:
     ig      =   93568
     temp0   = 298.00000, tempi   =   0.00000, gamma_ln=   3.00000

Pressure regulation:
     ntp     =       1
     pres0   =   1.00000, comp    =  44.60000, taup    =   1.00000

SHAKE:
     ntc     =       2, jfastw  =       0
     tol     =   0.00000

Ewald parameters:
     verbose =       0, ew_type =       0, nbflag  =       1, use_pme =       1
     vdwmeth =       1, eedmeth =       1, netfrc  =       1
     Box X =   36.251   Box Y =   36.251   Box Z =   36.251
     Alpha =  109.471   Beta  =  109.471   Gamma =  109.471
     NFFT1 =   36       NFFT2 =   36       NFFT3 =   36
     Cutoff=    9.000   Tol   =0.100E-04
     Ewald Coefficient =  0.30768
     Interpolation order =    4

| MPI Timing options:
|      profile_mpi =        0

    LOADING THE CONSTRAINED ATOMS AS GROUPS


   5.  REFERENCE ATOM COORDINATES

  defa
     Mask :1; matches     6 atoms

--------------------------------------------------------------------------------
   3.  ATOMIC COORDINATES AND VELOCITIES
--------------------------------------------------------------------------------

defa                                                                            
 begin time read from input coords =     0.000 ps

 Number of triangulated 3-point waters found:     1010
|  Atom division among processors:
|         0     382     763    1144    1525    1906    2290    2671
|      3052

     Sum of charges from parm topology file =  -0.00000000
     Forcing neutrality...
|  Running AMBER/MPI version on    8 nodes


--------------------------------------------------------------------------------
   4.  RESULTS
--------------------------------------------------------------------------------

|  # of SOLUTE  degrees of freedom (RNDFP):    6114.
|  # of SOLVENT degrees of freedom (RNDFS):       0.
|  NDFMIN =    6114.     NUM_NOSHAKE =      0     CORRECTED RNDFP =    6114.
|  TOTAL # of degrees of freedom (RNDF) =    6114.
 ---------------------------------------------------
 APPROXIMATING switch and d/dx switch using CUBIC SPLINE INTERPOLATION
 using   5000.0 points per unit in tabled values
 TESTING RELATIVE ERROR over r ranging from 0.0 to cutoff
| CHECK switch(x): max rel err =   0.2738E-14   at   2.422500
| CHECK d/dx switch(x): max rel err =   0.8314E-11   at   2.736960
 ---------------------------------------------------
| Local SIZE OF NONBOND LIST =      98507
| TOTAL SIZE OF NONBOND LIST =     709536

 NSTEP =        0   TIME(PS) =       0.000  TEMP(K) =     0.00  PRESS = -5440.4
 Etot   =    -13370.9064  EKtot   =         0.0000  EPtot      =    -13370.9064
 BOND   =         0.4695  ANGLE   =         0.6990  DIHED      =        10.0577
 1-4 NB =         3.1126  1-4 EEL =        46.5545  VDWAALS    =      2355.3158
 EELEC  =    -15788.1447  EHBOND  =         0.0000  RESTRAINT  =         1.0291
 EAMBER (non-restraint)  =    -13371.9355
 EKCMT  =         0.0000  VIRIAL  =      4307.5676  VOLUME     =     36671.1483
                                                    Density    =         0.8305
 Ewald error estimate:   0.9692E-04
 ------------------------------------------------------------------------------


 NSTEP =     1000   TIME(PS) =       2.000  TEMP(K) =   293.27  PRESS =  -502.4
 Etot   =     -7742.9117  EKtot   =      1781.5872  EPtot      =     -9524.4989
 BOND   =         2.9638  ANGLE   =         9.5923  DIHED      =        12.9728
 1-4 NB =         4.7235  1-4 EEL =        49.0352  VDWAALS    =      1442.9089
 EELEC  =    -11049.7289  EHBOND  =         0.0000  RESTRAINT  =         3.0335
 EAMBER (non-restraint)  =     -9527.5324
 EKCMT  =       907.0222  VIRIAL  =      1269.1723  VOLUME     =     33388.4746
                                                    Density    =         0.9122
 Ewald error estimate:   0.4239E-03
 ------------------------------------------------------------------------------


 NSTEP =     2000   TIME(PS) =       4.000  TEMP(K) =   296.81  PRESS =    81.6
 Etot   =     -7855.2742  EKtot   =      1803.1014  EPtot      =     -9658.3756
 BOND   =         3.8141  ANGLE   =         6.7855  DIHED      =        13.8597
 1-4 NB =         4.5532  1-4 EEL =        47.7334  VDWAALS    =      1524.2202
 EELEC  =    -11261.8659  EHBOND  =         0.0000  RESTRAINT  =         2.5243
 EAMBER (non-restraint)  =     -9660.8999
 EKCMT  =       866.4863  VIRIAL  =       810.2395  VOLUME     =     31935.3301
                                                    Density    =         0.9537
 Ewald error estimate:   0.5402E-03
 ------------------------------------------------------------------------------


 NSTEP =     3000   TIME(PS) =       6.000  TEMP(K) =   292.29  PRESS =   247.4
 Etot   =     -7864.8975  EKtot   =      1775.6018  EPtot      =     -9640.4993
 BOND   =         2.3044  ANGLE   =         5.7401  DIHED      =        10.4725
 1-4 NB =         3.5396  1-4 EEL =        45.4929  VDWAALS    =      1472.8027
 EELEC  =    -11184.5991  EHBOND  =         0.0000  RESTRAINT  =         3.7476
 EAMBER (non-restraint)  =     -9644.2469
 EKCMT  =       892.2397  VIRIAL  =       725.4791  VOLUME     =     31216.7588
                                                    Density    =         0.9756
 Ewald error estimate:   0.2577E-03
 ------------------------------------------------------------------------------


 NSTEP =     4000   TIME(PS) =       8.000  TEMP(K) =   297.39  PRESS =    27.6
 Etot   =     -7813.5382  EKtot   =      1806.6068  EPtot      =     -9620.1450
 BOND   =         1.7148  ANGLE   =         6.3759  DIHED      =        11.8437
 1-4 NB =         4.6948  1-4 EEL =        46.6643  VDWAALS    =      1416.3814
 EELEC  =    -11111.4888  EHBOND  =         0.0000  RESTRAINT  =         3.6688
 EAMBER (non-restraint)  =     -9623.8138
 EKCMT  =       908.1526  VIRIAL  =       889.7427  VOLUME     =     30935.8835
                                                    Density    =         0.9845
 Ewald error estimate:   0.1081E-04
 ------------------------------------------------------------------------------


 NSTEP =     5000   TIME(PS) =      10.000  TEMP(K) =   295.48  PRESS =    63.6
 Etot   =     -7876.4691  EKtot   =      1795.0199  EPtot      =     -9671.4890
 BOND   =         2.2201  ANGLE   =         4.9553  DIHED      =         9.4569
 1-4 NB =         4.2348  1-4 EEL =        46.3730  VDWAALS    =      1462.9145
 EELEC  =    -11206.5885  EHBOND  =         0.0000  RESTRAINT  =         4.9448
 EAMBER (non-restraint)  =     -9676.4338
 EKCMT  =       888.4520  VIRIAL  =       845.5542  VOLUME     =     31232.9811
                                                    Density    =         0.9751
 Ewald error estimate:   0.1381E-03
 ------------------------------------------------------------------------------


 NSTEP =     6000   TIME(PS) =      12.000  TEMP(K) =   293.81  PRESS =  -104.6
 Etot   =     -7833.8791  EKtot   =      1784.8798  EPtot      =     -9618.7589
 BOND   =         4.4154  ANGLE   =         9.0617  DIHED      =        11.2677
 1-4 NB =         3.2557  1-4 EEL =        46.9172  VDWAALS    =      1407.0795
 EELEC  =    -11105.1908  EHBOND  =         0.0000  RESTRAINT  =         4.4348
 EAMBER (non-restraint)  =     -9623.1937
 EKCMT  =       899.3709  VIRIAL  =       969.5010  VOLUME     =     31048.3079
                                                    Density    =         0.9809
 Ewald error estimate:   0.3168E-04
 ------------------------------------------------------------------------------


 NSTEP =     7000   TIME(PS) =      14.000  TEMP(K) =   300.45  PRESS =   213.9
 Etot   =     -7905.0979  EKtot   =      1825.2119  EPtot      =     -9730.3098
 BOND   =         2.8654  ANGLE   =         7.3299  DIHED      =         9.8311
 1-4 NB =         4.0836  1-4 EEL =        46.3613  VDWAALS    =      1501.5616
 EELEC  =    -11305.3751  EHBOND  =         0.0000  RESTRAINT  =         3.0324
 EAMBER (non-restraint)  =     -9733.3421
 EKCMT  =       907.4847  VIRIAL  =       763.5669  VOLUME     =     31166.5485
                                                    Density    =         0.9772
 Ewald error estimate:   0.5228E-04
 ------------------------------------------------------------------------------


 NSTEP =     8000   TIME(PS) =      16.000  TEMP(K) =   298.73  PRESS =  -447.2
 Etot   =     -7968.4138  EKtot   =      1814.7504  EPtot      =     -9783.1642
 BOND   =         2.9521  ANGLE   =         3.7076  DIHED      =        11.5229
 1-4 NB =         3.1445  1-4 EEL =        48.1151  VDWAALS    =      1421.9422
 EELEC  =    -11275.9634  EHBOND  =         0.0000  RESTRAINT  =         1.4148
 EAMBER (non-restraint)  =     -9784.5791
 EKCMT  =       881.8142  VIRIAL  =      1180.8769  VOLUME     =     30973.4166
                                                    Density    =         0.9833
 Ewald error estimate:   0.1256E-03
 ------------------------------------------------------------------------------


 NSTEP =     9000   TIME(PS) =      18.000  TEMP(K) =   290.27  PRESS =     9.1
 Etot   =     -7971.8939  EKtot   =      1763.3444  EPtot      =     -9735.2383
 BOND   =         3.3962  ANGLE   =        12.2888  DIHED      =        10.7784
 1-4 NB =         2.8709  1-4 EEL =        44.3906  VDWAALS    =      1455.7144
 EELEC  =    -11265.7332  EHBOND  =         0.0000  RESTRAINT  =         1.0557
 EAMBER (non-restraint)  =     -9736.2940
 EKCMT  =       880.2116  VIRIAL  =       874.1837  VOLUME     =     30727.3575
                                                    Density    =         0.9911
 Ewald error estimate:   0.2507E-03
 ------------------------------------------------------------------------------


 NSTEP =    10000   TIME(PS) =      20.000  TEMP(K) =   301.30  PRESS =    69.0
 Etot   =     -7913.4610  EKtot   =      1830.3256  EPtot      =     -9743.7866
 BOND   =         1.7311  ANGLE   =        12.4087  DIHED      =        13.2069
 1-4 NB =         2.8130  1-4 EEL =        44.3141  VDWAALS    =      1452.2438
 EELEC  =    -11277.6579  EHBOND  =         0.0000  RESTRAINT  =         7.1538
 EAMBER (non-restraint)  =     -9750.9404
 EKCMT  =       889.8968  VIRIAL  =       844.0557  VOLUME     =     30752.3921
                                                    Density    =         0.9903
 Ewald error estimate:   0.2379E-03
 ------------------------------------------------------------------------------


      A V E R A G E S   O V E R   10000 S T E P S


 NSTEP =    10000   TIME(PS) =      20.000  TEMP(K) =   292.26  PRESS =  -196.3
 Etot   =     -7932.5057  EKtot   =      1775.4110  EPtot      =     -9707.9167
 BOND   =         3.0889  ANGLE   =         8.0444  DIHED      =        11.0698
 1-4 NB =         3.3935  1-4 EEL =        46.0570  VDWAALS    =      1455.7006
 EELEC  =    -11238.4759  EHBOND  =         0.0000  RESTRAINT  =         3.2050
 EAMBER (non-restraint)  =     -9711.1217
 EKCMT  =       882.7837  VIRIAL  =      1025.3635  VOLUME     =     31573.8804
                                                    Density    =         0.9659
 Ewald error estimate:   0.1847E-03
 ------------------------------------------------------------------------------


      R M S  F L U C T U A T I O N S


 NSTEP =    10000   TIME(PS) =      20.000  TEMP(K) =    26.39  PRESS =   447.9
 Etot   =       343.0480  EKtot   =       160.3195  EPtot      =       189.7881
 BOND   =         1.4219  ANGLE   =         2.2316  DIHED      =         1.2128
 1-4 NB =         0.7225  1-4 EEL =         1.9267  VDWAALS    =        90.2729
 EELEC  =       270.3971  EHBOND  =         0.0000  RESTRAINT  =         1.3320
 EAMBER (non-restraint)  =       188.4560
 EKCMT  =        77.6225  VIRIAL  =       288.5730  VOLUME     =      1207.3590
                                                    Density    =         0.0342
 Ewald error estimate:   0.1434E-03
 ------------------------------------------------------------------------------


--------------------------------------------------------------------------------
   5.  TIMINGS
--------------------------------------------------------------------------------

|>>>>>>>>PROFILE of Average TIMES>>>>>>>>> 
|                Build the list             8.48 (97.43% of List )
|                Other                      0.22 ( 2.57% of List )
|             List time                  8.70 (10.42% of Nonbo)
|                   Short_ene time            51.63 (96.22% of Direc)
|                   Other                      2.03 ( 3.78% of Direc)
|                Direct Ewald time         53.66 (71.74% of Ewald)
|                Adjust Ewald time          0.27 ( 0.36% of Ewald)
|                   Fill Bspline coeffs        1.13 ( 6.88% of Recip)
|                   Fill charge grid           1.02 ( 6.22% of Recip)
|                   Scalar sum                 4.25 (25.85% of Recip)
|                   Grad sum                   2.30 (14.00% of Recip)
|                      FFT back comm time         1.15 (16.22% of FFT t)
|                      Other                      5.94 (83.78% of FFT t)
|                   FFT time                   7.09 (43.18% of Recip)
|                   Other                      0.63 ( 3.87% of Recip)
|                Recip Ewald time          16.42 (21.96% of Ewald)
|                Force Adjust               4.07 ( 5.44% of Ewald)
|                Virial junk                0.34 ( 0.46% of Ewald)
|                Other                      0.03 ( 0.04% of Ewald)
|             Ewald time                74.80 (89.57% of Nonbo)
|             Other                      0.01 ( 0.01% of Nonbo)
|          Nonbond force             83.50 (98.82% of Force)
|          Bond/Angle/Dihedral        0.12 ( 0.14% of Force)
|          FRC Collect time           0.69 ( 0.82% of Force)
|          Other                      0.18 ( 0.22% of Force)
|       Force time                84.50 (92.68% of Runmd)
|       Shake time                 0.32 ( 0.36% of Runmd)
|       Verlet update time         3.20 ( 3.51% of Runmd)
|       Ekcmr time                 2.13 ( 2.33% of Runmd)
|       CRD distribute time        0.36 ( 0.40% of Runmd)
|       Other                      0.66 ( 0.72% of Runmd)
|    Runmd Time                91.17 (99.83% of Total)
|    Other                      0.16 ( 0.17% of Total)
| Total time                91.33 (100.0% of ALL  )

| Number of list builds   :        904

| Highest rstack allocated:      41206
| Highest istack allocated:        904

| Final Performance Info:
| -----------------------------------------------------
| Average timings for all steps:
|     Elapsed(s) =      91.42 Per Step(ms) =       9.14
|         ns/day =      18.90   seconds/ns =    4571.06
| -----------------------------------------------------

|           Job began  at 14:08:02.040  on 03/14/2017
|           Setup done at 14:08:02.271  on 03/14/2017
|           Run   done at 14:09:33.509  on 03/14/2017
|     wallclock() was called  571875 times
