
          -------------------------------------------------------
          Amber 16 SANDER                              2016
          -------------------------------------------------------

| Run on 03/14/2017 at 13:56:12

|   Executable path: sander.MPI
| Working directory: /home/steboss/projects/mdgx-tests/alanine/IPOLQ/input/PhiPsi_1/135/105
|          Hostname: node006

  [-O]verwriting output

File Assignments:
|  MDIN: equil.in                                                              
| MDOUT: Conf105.eq.out                                                        
|INPCRD: Conf105.min                                                           
|  PARM: Conf105.top                                                           
|RESTRT: Conf105.rst                                                           
|  REFC: Conf105.crd                                                           
| MDVEL: mdvel                                                                 
| MDFRC: mdfrc                                                                 
|  MDEN: mden                                                                  
| MDCRD: mdcrd                                                                 
|MDINFO: mdinfo                                                                
|  MTMD: mtmd                                                                  
|INPDIP: inpdip                                                                
|RSTDIP: rstdip                                                                
|INPTRA: inptraj                                                               

|    REMLOG: rem.log
|   REMTYPE: rem.type
|  REMSTRIP: 
|   SAVEENE: saveene
|CLUSTERINF: cluster.info
| RESERVOIR: reserv/frame
|   REMDDIM: 


 Here is the input file:

Equilibrate water in NPT                                                       
 &cntrl                                                                        
                                                                               
  nmropt = 0,                                                                  
  ntx    = 1,       irest  = 0,       ntrx   = 1,      ntxo   = 1,             
  ntpr   = 1000,    ntwx   = 1000,    ntwv   = 0,      ntwe   = 1000,          
  iwrap  = 0,       ioutfm = 1,                                                
                                                                               
  ntf    = 2,       ntb    = 2,                                                
  cut = 9.0,                                                                   
                                                                               
  ibelly = 0,       ntr    = 1,                                                
  restraintmask = ':1',                                                        
  restraint_wt = 100.0,                                                        
                                                                               
  imin   = 0,                                                                  
  nstlim = 10000,                                                              
  nscm   = 1000,                                                               
  t      = 0.0,     dt     = 0.002,                                            
                                                                               
  temp0     = 298.0,   tempi  = 0.0,                                           
  ig        = -1,                                                              
  ntt       = 3,                                                               
  gamma_ln  = 3.0,                                                             
                                                                               
  ntp    = 1,       pres0  = 1.0,     comp   = 44.6,                           
  taup   = 1.0,                                                                
                                                                               
  ntc    = 2,       tol    = 0.000001, watnam = 'WAT ',                        
                                                                               
 &end                                                                          

--------------------------------------------------------------------------------
   1.  RESOURCE   USE: 
--------------------------------------------------------------------------------

| Flags: MPI                                                                    
 getting new box info from bottom of inpcrd
|  INFO: Old style inpcrd file read

| peek_ewald_inpcrd: Box info found
|Largest sphere to fit in unit cell has radius =    14.840
| New format PARM file being parsed.
| Version =    1.000 Date = 03/14/17 Time = 13:37:58
 NATOM  =    3097 NTYPES =       9 NBONH =    3087 MBONA  =       9
 NTHETH =      25 MTHETA =      11 NPHIH =      43 MPHIA  =      24
 NHPARM =       0 NPARM  =       0 NNB   =    4199 NRES   =    1028
 NBONA  =       9 NTHETA =      11 NPHIA =      24 NUMBND =      10
 NUMANG =      16 NPTRA  =      19 NATYP =       9 NPHB   =       1
 IFBOX  =       2 NMXRS  =      10 IFCAP =       0 NEXTRA =       0
 NCOPY  =       0


|     Memory Use     Allocated
|     Real              312865
|     Hollerith          10321
|     Integer            93580
|     Max Pairs         343508
|     nblistReal         37164
|     nblist Int        102602
|       Total             4883 kbytes

| Note: 1-4 EEL scale factors are being read from the topology file.

| Note: 1-4 VDW scale factors are being read from the topology file.
| Duplicated    0 dihedrals
| Duplicated    0 dihedrals

     BOX TYPE: TRUNCATED OCTAHEDRON
Note: ig = -1. Setting random seed to   343491 based on wallclock time in microseconds
      and disabling the synchronization of random numbers between tasks
      to improve performance.

--------------------------------------------------------------------------------
   2.  CONTROL  DATA  FOR  THE  RUN
--------------------------------------------------------------------------------

default_name                                                                    

General flags:
     imin    =       0, nmropt  =       0

Nature and format of input:
     ntx     =       1, irest   =       0, ntrx    =       1

Nature and format of output:
     ntxo    =       1, ntpr    =    1000, ntrx    =       1, ntwr    =   10000
     iwrap   =       0, ntwx    =    1000, ntwv    =       0, ntwe    =    1000
     ioutfm  =       1, ntwprt  =       0, idecomp =       0, rbornstat=      0

Potential function:
     ntf     =       2, ntb     =       2, igb     =       0, nsnb    =      25
     ipol    =       0, gbsa    =       0, iesp    =       0
     dielc   =   1.00000, cut     =   9.00000, intdiel =   1.00000

Frozen or restrained atoms:
     ibelly  =       0, ntr     =       1
     restraint_wt = 100.00000

Molecular dynamics:
     nstlim  =     10000, nscm    =         0, nrespa  =         1
     t       =   0.00000, dt      =   0.00200, vlimit  =  20.00000

Langevin dynamics temperature regulation:
     ig      =  343491
     temp0   = 298.00000, tempi   =   0.00000, gamma_ln=   3.00000

Pressure regulation:
     ntp     =       1
     pres0   =   1.00000, comp    =  44.60000, taup    =   1.00000

SHAKE:
     ntc     =       2, jfastw  =       0
     tol     =   0.00000

Ewald parameters:
     verbose =       0, ew_type =       0, nbflag  =       1, use_pme =       1
     vdwmeth =       1, eedmeth =       1, netfrc  =       1
     Box X =   36.349   Box Y =   36.349   Box Z =   36.349
     Alpha =  109.471   Beta  =  109.471   Gamma =  109.471
     NFFT1 =   36       NFFT2 =   36       NFFT3 =   36
     Cutoff=    9.000   Tol   =0.100E-04
     Ewald Coefficient =  0.30768
     Interpolation order =    4

| MPI Timing options:
|      profile_mpi =        0

    LOADING THE CONSTRAINED ATOMS AS GROUPS


   5.  REFERENCE ATOM COORDINATES

  defa
     Mask :1; matches     6 atoms

--------------------------------------------------------------------------------
   3.  ATOMIC COORDINATES AND VELOCITIES
--------------------------------------------------------------------------------

defa                                                                            
 begin time read from input coords =     0.000 ps

 Number of triangulated 3-point waters found:     1025
|  Atom division among processors:
|         0     388     775    1162    1549    1936    2323    2710
|      3097

     Sum of charges from parm topology file =  -0.00000000
     Forcing neutrality...
|  Running AMBER/MPI version on    8 nodes


--------------------------------------------------------------------------------
   4.  RESULTS
--------------------------------------------------------------------------------

|  # of SOLUTE  degrees of freedom (RNDFP):    6204.
|  # of SOLVENT degrees of freedom (RNDFS):       0.
|  NDFMIN =    6204.     NUM_NOSHAKE =      0     CORRECTED RNDFP =    6204.
|  TOTAL # of degrees of freedom (RNDF) =    6204.
 ---------------------------------------------------
 APPROXIMATING switch and d/dx switch using CUBIC SPLINE INTERPOLATION
 using   5000.0 points per unit in tabled values
 TESTING RELATIVE ERROR over r ranging from 0.0 to cutoff
| CHECK switch(x): max rel err =   0.2738E-14   at   2.422500
| CHECK d/dx switch(x): max rel err =   0.8314E-11   at   2.736960
 ---------------------------------------------------
| Local SIZE OF NONBOND LIST =     100734
| TOTAL SIZE OF NONBOND LIST =     725358

 NSTEP =        0   TIME(PS) =       0.000  TEMP(K) =     0.00  PRESS = -5246.8
 Etot   =    -13554.2796  EKtot   =         0.0000  EPtot      =    -13554.2796
 BOND   =         0.5568  ANGLE   =         1.6671  DIHED      =         9.4360
 1-4 NB =         3.3480  1-4 EEL =        46.5679  VDWAALS    =      2410.6485
 EELEC  =    -16026.7144  EHBOND  =         0.0000  RESTRAINT  =         0.2104
 EAMBER (non-restraint)  =    -13554.4900
 EKCMT  =         0.0000  VIRIAL  =      4188.3143  VOLUME     =     36971.3366
                                                    Density    =         0.8359
 Ewald error estimate:   0.1826E-03
 ------------------------------------------------------------------------------


 NSTEP =     1000   TIME(PS) =       2.000  TEMP(K) =   292.81  PRESS =  -529.8
 Etot   =     -7885.9391  EKtot   =      1804.9514  EPtot      =     -9690.8905
 BOND   =         3.1148  ANGLE   =         6.2773  DIHED      =         9.8625
 1-4 NB =         3.4338  1-4 EEL =        48.8336  VDWAALS    =      1437.4989
 EELEC  =    -11202.1789  EHBOND  =         0.0000  RESTRAINT  =         2.2677
 EAMBER (non-restraint)  =     -9693.1581
 EKCMT  =       902.9485  VIRIAL  =      1289.0287  VOLUME     =     33753.6354
                                                    Density    =         0.9156
 Ewald error estimate:   0.8200E-04
 ------------------------------------------------------------------------------


 NSTEP =     2000   TIME(PS) =       4.000  TEMP(K) =   299.74  PRESS =  -669.3
 Etot   =     -7909.2857  EKtot   =      1847.6582  EPtot      =     -9756.9439
 BOND   =         2.9310  ANGLE   =        10.2531  DIHED      =         9.6060
 1-4 NB =         2.4845  1-4 EEL =        41.3722  VDWAALS    =      1405.6864
 EELEC  =    -11231.7208  EHBOND  =         0.0000  RESTRAINT  =         2.4437
 EAMBER (non-restraint)  =     -9759.3877
 EKCMT  =       914.6326  VIRIAL  =      1385.8370  VOLUME     =     32609.0649
                                                    Density    =         0.9477
 Ewald error estimate:   0.1404E-03
 ------------------------------------------------------------------------------


 NSTEP =     3000   TIME(PS) =       6.000  TEMP(K) =   290.45  PRESS =  -257.6
 Etot   =     -8027.7271  EKtot   =      1790.3835  EPtot      =     -9818.1106
 BOND   =         5.3405  ANGLE   =        11.1192  DIHED      =        10.8381
 1-4 NB =         4.1036  1-4 EEL =        44.8562  VDWAALS    =      1438.8463
 EELEC  =    -11335.7249  EHBOND  =         0.0000  RESTRAINT  =         2.5103
 EAMBER (non-restraint)  =     -9820.6210
 EKCMT  =       911.2542  VIRIAL  =      1087.1367  VOLUME     =     31618.6782
                                                    Density    =         0.9774
 Ewald error estimate:   0.3422E-03
 ------------------------------------------------------------------------------


 NSTEP =     4000   TIME(PS) =       8.000  TEMP(K) =   302.24  PRESS =    37.3
 Etot   =     -8017.1397  EKtot   =      1863.1125  EPtot      =     -9880.2522
 BOND   =         7.3467  ANGLE   =         9.6363  DIHED      =         9.2407
 1-4 NB =         4.2923  1-4 EEL =        47.3336  VDWAALS    =      1481.9492
 EELEC  =    -11441.5347  EHBOND  =         0.0000  RESTRAINT  =         1.4837
 EAMBER (non-restraint)  =     -9881.7359
 EKCMT  =       942.7033  VIRIAL  =       917.4096  VOLUME     =     31412.1612
                                                    Density    =         0.9838
 Ewald error estimate:   0.1273E-03
 ------------------------------------------------------------------------------


 NSTEP =     5000   TIME(PS) =      10.000  TEMP(K) =   297.99  PRESS =    -0.6
 Etot   =     -8062.6285  EKtot   =      1836.9110  EPtot      =     -9899.5395
 BOND   =         2.4282  ANGLE   =         7.7597  DIHED      =        10.0015
 1-4 NB =         3.4499  1-4 EEL =        51.2895  VDWAALS    =      1465.3327
 EELEC  =    -11442.0266  EHBOND  =         0.0000  RESTRAINT  =         2.2256
 EAMBER (non-restraint)  =     -9901.7651
 EKCMT  =       916.2060  VIRIAL  =       916.5786  VOLUME     =     31046.9891
                                                    Density    =         0.9954
 Ewald error estimate:   0.3403E-03
 ------------------------------------------------------------------------------


 NSTEP =     6000   TIME(PS) =      12.000  TEMP(K) =   296.24  PRESS =   269.7
 Etot   =     -8025.1261  EKtot   =      1826.1035  EPtot      =     -9851.2296
 BOND   =         1.9591  ANGLE   =         3.9659  DIHED      =        10.7525
 1-4 NB =         3.9215  1-4 EEL =        49.9254  VDWAALS    =      1517.0270
 EELEC  =    -11441.8234  EHBOND  =         0.0000  RESTRAINT  =         3.0423
 EAMBER (non-restraint)  =     -9854.2719
 EKCMT  =       875.3735  VIRIAL  =       693.0763  VOLUME     =     31302.7771
                                                    Density    =         0.9873
 Ewald error estimate:   0.3428E-03
 ------------------------------------------------------------------------------


 NSTEP =     7000   TIME(PS) =      14.000  TEMP(K) =   307.92  PRESS =  -187.4
 Etot   =     -7928.6882  EKtot   =      1898.0986  EPtot      =     -9826.7868
 BOND   =         2.7177  ANGLE   =         8.3807  DIHED      =         9.6886
 1-4 NB =         3.2312  1-4 EEL =        43.9332  VDWAALS    =      1430.9407
 EELEC  =    -11331.0612  EHBOND  =         0.0000  RESTRAINT  =         5.3822
 EAMBER (non-restraint)  =     -9832.1690
 EKCMT  =       958.5779  VIRIAL  =      1085.8273  VOLUME     =     31443.5743
                                                    Density    =         0.9828
 Ewald error estimate:   0.3288E-03
 ------------------------------------------------------------------------------


 NSTEP =     8000   TIME(PS) =      16.000  TEMP(K) =   301.71  PRESS =  -336.1
 Etot   =     -7916.6237  EKtot   =      1859.8413  EPtot      =     -9776.4649
 BOND   =         1.8119  ANGLE   =         8.1742  DIHED      =        11.1820
 1-4 NB =         2.5849  1-4 EEL =        44.7045  VDWAALS    =      1396.3380
 EELEC  =    -11243.2244  EHBOND  =         0.0000  RESTRAINT  =         1.9640
 EAMBER (non-restraint)  =     -9778.4290
 EKCMT  =       914.5023  VIRIAL  =      1143.6517  VOLUME     =     31577.7769
                                                    Density    =         0.9787
 Ewald error estimate:   0.5214E-04
 ------------------------------------------------------------------------------


 NSTEP =     9000   TIME(PS) =      18.000  TEMP(K) =   299.57  PRESS =   113.2
 Etot   =     -7971.5146  EKtot   =      1846.6120  EPtot      =     -9818.1267
 BOND   =         2.8597  ANGLE   =        15.9424  DIHED      =        10.7511
 1-4 NB =         1.7013  1-4 EEL =        41.8150  VDWAALS    =      1463.4730
 EELEC  =    -11357.0058  EHBOND  =         0.0000  RESTRAINT  =         2.3367
 EAMBER (non-restraint)  =     -9820.4633
 EKCMT  =       910.5261  VIRIAL  =       834.2682  VOLUME     =     31192.1551
                                                    Density    =         0.9908
 Ewald error estimate:   0.2455E-03
 ------------------------------------------------------------------------------


 NSTEP =    10000   TIME(PS) =      20.000  TEMP(K) =   303.75  PRESS =  -242.1
 Etot   =     -7923.9007  EKtot   =      1872.3941  EPtot      =     -9796.2948
 BOND   =         4.7707  ANGLE   =         9.5312  DIHED      =        10.4282
 1-4 NB =         3.6483  1-4 EEL =        46.9276  VDWAALS    =      1423.9608
 EELEC  =    -11298.5512  EHBOND  =         0.0000  RESTRAINT  =         2.9896
 EAMBER (non-restraint)  =     -9799.2844
 EKCMT  =       925.9884  VIRIAL  =      1089.6371  VOLUME     =     31313.1287
                                                    Density    =         0.9869
 Ewald error estimate:   0.3821E-03
 ------------------------------------------------------------------------------


      A V E R A G E S   O V E R   10000 S T E P S


 NSTEP =    10000   TIME(PS) =      20.000  TEMP(K) =   292.89  PRESS =  -185.2
 Etot   =     -8046.0753  EKtot   =      1805.4798  EPtot      =     -9851.5551
 BOND   =         3.1724  ANGLE   =         8.3074  DIHED      =        10.9746
 1-4 NB =         3.2558  1-4 EEL =        46.0760  VDWAALS    =      1474.1420
 EELEC  =    -11400.6194  EHBOND  =         0.0000  RESTRAINT  =         3.1361
 EAMBER (non-restraint)  =     -9854.6912
 EKCMT  =       897.6859  VIRIAL  =      1033.9712  VOLUME     =     31982.8751
                                                    Density    =         0.9676
 Ewald error estimate:   0.1968E-03
 ------------------------------------------------------------------------------


      R M S  F L U C T U A T I O N S


 NSTEP =    10000   TIME(PS) =      20.000  TEMP(K) =    26.36  PRESS =   443.2
 Etot   =       346.3451  EKtot   =       162.5128  EPtot      =       192.2223
 BOND   =         1.4967  ANGLE   =         2.3185  DIHED      =         1.2777
 1-4 NB =         0.7678  1-4 EEL =         2.1383  VDWAALS    =        94.3939
 EELEC  =       277.3053  EHBOND  =         0.0000  RESTRAINT  =         1.2258
 EAMBER (non-restraint)  =       190.9965
 EKCMT  =        79.0445  VIRIAL  =       289.1003  VOLUME     =      1214.8918
                                                    Density    =         0.0341
 Ewald error estimate:   0.1480E-03
 ------------------------------------------------------------------------------


--------------------------------------------------------------------------------
   5.  TIMINGS
--------------------------------------------------------------------------------

|>>>>>>>>PROFILE of Average TIMES>>>>>>>>> 
|                Build the list            10.99 (97.26% of List )
|                Other                      0.31 ( 2.74% of List )
|             List time                 11.30 ( 9.78% of Nonbo)
|                   Short_ene time            67.21 (96.44% of Direc)
|                   Other                      2.48 ( 3.56% of Direc)
|                Direct Ewald time         69.68 (66.86% of Ewald)
|                Adjust Ewald time          0.37 ( 0.35% of Ewald)
|                   Fill Bspline coeffs        1.97 ( 8.02% of Recip)
|                   Fill charge grid           1.31 ( 5.34% of Recip)
|                   Scalar sum                 5.52 (22.53% of Recip)
|                   Grad sum                   2.95 (12.05% of Recip)
|                      FFT back comm time         2.93 (25.55% of FFT t)
|                      Other                      8.55 (74.45% of FFT t)
|                   FFT time                  11.48 (46.84% of Recip)
|                   Other                      1.28 ( 5.21% of Recip)
|                Recip Ewald time          24.51 (23.52% of Ewald)
|                Force Adjust               9.06 ( 8.69% of Ewald)
|                Virial junk                0.56 ( 0.53% of Ewald)
|                Other                      0.04 ( 0.04% of Ewald)
|             Ewald time               104.22 (90.21% of Nonbo)
|             Other                      0.01 ( 0.01% of Nonbo)
|          Nonbond force            115.54 (98.38% of Force)
|          Bond/Angle/Dihedral        0.15 ( 0.13% of Force)
|          FRC Collect time           1.39 ( 1.18% of Force)
|          Other                      0.37 ( 0.31% of Force)
|       Force time               117.44 (92.89% of Runmd)
|       Shake time                 0.43 ( 0.34% of Runmd)
|       Verlet update time         4.71 ( 3.73% of Runmd)
|       Ekcmr time                 2.00 ( 1.58% of Runmd)
|       CRD distribute time        0.72 ( 0.57% of Runmd)
|       Other                      1.12 ( 0.88% of Runmd)
|    Runmd Time               126.42 (99.87% of Total)
|    Other                      0.17 ( 0.13% of Total)
| Total time               126.59 (100.0% of ALL  )

| Number of list builds   :        910

| Highest rstack allocated:      41557
| Highest istack allocated:        917

| Final Performance Info:
| -----------------------------------------------------
| Average timings for all steps:
|     Elapsed(s) =     126.72 Per Step(ms) =      12.67
|         ns/day =      13.64   seconds/ns =    6336.00
| -----------------------------------------------------

|           Job began  at 13:56:12.262  on 03/14/2017
|           Setup done at 13:56:12.431  on 03/14/2017
|           Run   done at 13:58:19.023  on 03/14/2017
|     wallclock() was called  571887 times
