
          -------------------------------------------------------
          Amber 16 SANDER                              2016
          -------------------------------------------------------

| Run on 03/14/2017 at 15:11:00

|   Executable path: sander.MPI
| Working directory: /home/steboss/projects/mdgx-tests/alanine/IPOLQ/input/PhiPsi_1/330/0
|          Hostname: node007

  [-O]verwriting output

File Assignments:
|  MDIN: min.in                                                                
| MDOUT: Conf0.min.out                                                         
|INPCRD: Conf0.crd                                                             
|  PARM: Conf0.top                                                             
|RESTRT: Conf0.min                                                             
|  REFC: Conf0.crd                                                             
| MDVEL: mdvel                                                                 
| MDFRC: mdfrc                                                                 
|  MDEN: mden                                                                  
| MDCRD: mdcrd                                                                 
|MDINFO: mdinfo                                                                
|  MTMD: mtmd                                                                  
|INPDIP: inpdip                                                                
|RSTDIP: rstdip                                                                
|INPTRA: inptraj                                                               

|    REMLOG: rem.log
|   REMTYPE: rem.type
|  REMSTRIP: 
|   SAVEENE: saveene
|CLUSTERINF: cluster.info
| RESERVOIR: reserv/frame
|   REMDDIM: 


 Here is the input file:

Initial minimization                                                           
 &cntrl                                                                        
  ntx    = 1,       irest  = 0,       ntrx   = 1,      ntxo   = 1,             
  ntpr   = 20,      ntwx   = 0,       ntwv   = 0,      ntwe   = 0,             
                                                                               
  ntf    = 1,       ntb    = 1,                                                
  ntc    = 1,       ntr    = 1,                                                
  restraintmask = ':1',                                                        
  restraint_wt = 100.0,                                                        
  cut    = 9.0,                                                                
                                                                               
  imin   = 1,                                                                  
  maxcyc = 1000,                                                               
  ncyc   = 100,                                                                
                                                                               
 &end                                                                          

--------------------------------------------------------------------------------
   1.  RESOURCE   USE: 
--------------------------------------------------------------------------------

| Flags: MPI                                                                    
 getting new box info from bottom of inpcrd
|  INFO: Old style inpcrd file read

| peek_ewald_inpcrd: Box info found
|Largest sphere to fit in unit cell has radius =    14.366
| New format PARM file being parsed.
| Version =    1.000 Date = 03/14/17 Time = 13:40:01
 NATOM  =    2797 NTYPES =       9 NBONH =    2787 MBONA  =       9
 NTHETH =      25 MTHETA =      11 NPHIH =      43 MPHIA  =      24
 NHPARM =       0 NPARM  =       0 NNB   =    3799 NRES   =     928
 NBONA  =       9 NTHETA =      11 NPHIA =      24 NUMBND =      10
 NUMANG =      16 NPTRA  =      19 NATYP =       9 NPHB   =       1
 IFBOX  =       2 NMXRS  =      10 IFCAP =       0 NEXTRA =       0
 NCOPY  =       0


|     Memory Use     Allocated
|     Real              324729
|     Hollerith           9321
|     Integer            86780
|     Max Pairs         310232
|     nblistReal         33564
|     nblist Int         85671
|       Total             4721 kbytes

| Note: 1-4 EEL scale factors are being read from the topology file.

| Note: 1-4 VDW scale factors are being read from the topology file.
| Duplicated    0 dihedrals
| Duplicated    0 dihedrals

     BOX TYPE: TRUNCATED OCTAHEDRON

--------------------------------------------------------------------------------
   2.  CONTROL  DATA  FOR  THE  RUN
--------------------------------------------------------------------------------

default_name                                                                    

General flags:
     imin    =       1, nmropt  =       0

Nature and format of input:
     ntx     =       1, irest   =       0, ntrx    =       1

Nature and format of output:
     ntxo    =       1, ntpr    =      20, ntrx    =       1, ntwr    =       1
     iwrap   =       0, ntwx    =       0, ntwv    =       0, ntwe    =       0
     ioutfm  =       1, ntwprt  =       0, idecomp =       0, rbornstat=      0

Potential function:
     ntf     =       1, ntb     =       1, igb     =       0, nsnb    =      25
     ipol    =       0, gbsa    =       0, iesp    =       0
     dielc   =   1.00000, cut     =   9.00000, intdiel =   1.00000

Frozen or restrained atoms:
     ibelly  =       0, ntr     =       1
     restraint_wt = 100.00000

Energy minimization:
     maxcyc  =    1000, ncyc    =     100, ntmin   =       1
     dx0     =   0.01000, drms    =   0.00010

Ewald parameters:
     verbose =       0, ew_type =       0, nbflag  =       1, use_pme =       1
     vdwmeth =       1, eedmeth =       1, netfrc  =       0
     Box X =   35.189   Box Y =   35.189   Box Z =   35.189
     Alpha =  109.471   Beta  =  109.471   Gamma =  109.471
     NFFT1 =   36       NFFT2 =   36       NFFT3 =   36
     Cutoff=    9.000   Tol   =0.100E-04
     Ewald Coefficient =  0.30768
     Interpolation order =    4

| MPI Timing options:
|      profile_mpi =        0

    LOADING THE CONSTRAINED ATOMS AS GROUPS


   5.  REFERENCE ATOM COORDINATES

  defa
     Mask :1; matches     6 atoms

--------------------------------------------------------------------------------
   3.  ATOMIC COORDINATES AND VELOCITIES
--------------------------------------------------------------------------------

default_name                                                                    
 begin time read from input coords =     0.000 ps

 Number of triangulated 3-point waters found:      925
|  Atom division among processors:
|         0     349     700    1048    1396    1747    2095    2443
|      2797

     Sum of charges from parm topology file =  -0.00000000
     Forcing neutrality...
|  Running AMBER/MPI version on    8 nodes


--------------------------------------------------------------------------------
   4.  RESULTS
--------------------------------------------------------------------------------

 ---------------------------------------------------
 APPROXIMATING switch and d/dx switch using CUBIC SPLINE INTERPOLATION
 using   5000.0 points per unit in tabled values
 TESTING RELATIVE ERROR over r ranging from 0.0 to cutoff
| CHECK switch(x): max rel err =   0.2738E-14   at   2.422500
| CHECK d/dx switch(x): max rel err =   0.8314E-11   at   2.736960
 ---------------------------------------------------
| Local SIZE OF NONBOND LIST =      83506
| TOTAL SIZE OF NONBOND LIST =     649262


   NSTEP       ENERGY          RMS            GMAX         NAME    NUMBER
      1      -7.6966E+03     1.2492E+01     6.1880E+01     O         293

 BOND    =        0.8130  ANGLE   =        2.4198  DIHED      =       10.4155
 VDWAALS =     1084.6785  EEL     =    -8842.7406  HBOND      =        0.0000
 1-4 VDW =        2.7669  1-4 EEL =       45.0144  RESTRAINT  =        0.0000


   NSTEP       ENERGY          RMS            GMAX         NAME    NUMBER
     20      -8.6006E+03     3.0018E+00     2.6662E+01     O          23

 BOND    =      465.7064  ANGLE   =        2.4310  DIHED      =       10.4793
 VDWAALS =      983.6996  EEL     =   -10110.6392  HBOND      =        0.0000
 1-4 VDW =        2.7708  1-4 EEL =       44.9305  RESTRAINT  =        0.0145
 EAMBER  =    -8600.6216


   NSTEP       ENERGY          RMS            GMAX         NAME    NUMBER
     40      -9.3606E+03     2.2901E+00     1.0872E+01     H1       2331

 BOND    =      580.0847  ANGLE   =        2.3333  DIHED      =       10.4308
 VDWAALS =     1002.1332  EEL     =   -11003.2471  HBOND      =        0.0000
 1-4 VDW =        2.8249  1-4 EEL =       44.8463  RESTRAINT  =        0.0300
 EAMBER  =    -9360.5940


   NSTEP       ENERGY          RMS            GMAX         NAME    NUMBER
     60      -9.5867E+03     2.2582E+00     7.5909E+00     H1        798

 BOND    =      608.9750  ANGLE   =        2.2738  DIHED      =       10.3823
 VDWAALS =     1034.1516  EEL     =   -11290.1707  HBOND      =        0.0000
 1-4 VDW =        2.8442  1-4 EEL =       44.8248  RESTRAINT  =        0.0327
 EAMBER  =    -9586.7191


   NSTEP       ENERGY          RMS            GMAX         NAME    NUMBER
     80      -9.7193E+03     3.9787E+00     1.2752E+01     H1        801

 BOND    =      685.6869  ANGLE   =        2.2372  DIHED      =       10.3379
 VDWAALS =     1066.2501  EEL     =   -11531.4984  HBOND      =        0.0000
 1-4 VDW =        2.8561  1-4 EEL =       44.8102  RESTRAINT  =        0.0364
 EAMBER  =    -9719.3200


   NSTEP       ENERGY          RMS            GMAX         NAME    NUMBER
    100      -9.8495E+03     9.3917E-01     6.4614E+00     H1        798

 BOND    =      581.1095  ANGLE   =        2.2016  DIHED      =       10.2988
 VDWAALS =     1099.0843  EEL     =   -11589.9190  HBOND      =        0.0000
 1-4 VDW =        2.8686  1-4 EEL =       44.7750  RESTRAINT  =        0.0403
 EAMBER  =    -9849.5812


   NSTEP       ENERGY          RMS            GMAX         NAME    NUMBER
    120      -1.0288E+04     2.7029E+00     4.4115E+01     H2       2491

 BOND    =      688.7712  ANGLE   =        2.1044  DIHED      =       10.0720
 VDWAALS =     1477.7446  EEL     =   -12514.5617  HBOND      =        0.0000
 1-4 VDW =        2.9442  1-4 EEL =       44.5833  RESTRAINT  =        0.0987
 EAMBER  =   -10288.3419


   NSTEP       ENERGY          RMS            GMAX         NAME    NUMBER
    140      -1.0453E+04     1.9721E+00     4.0327E+01     H1       2490

 BOND    =      693.9755  ANGLE   =        2.2088  DIHED      =       10.0557
 VDWAALS =     1474.3788  EEL     =   -12680.9022  HBOND      =        0.0000
 1-4 VDW =        2.9676  1-4 EEL =       44.5643  RESTRAINT  =        0.0785
 EAMBER  =   -10452.7515


   NSTEP       ENERGY          RMS            GMAX         NAME    NUMBER
    160      -1.0549E+04     1.5804E+00     3.4465E+01     O        2234

 BOND    =      709.6808  ANGLE   =        2.8083  DIHED      =       10.3921
 VDWAALS =     1494.6519  EEL     =   -12813.9973  HBOND      =        0.0000
 1-4 VDW =        3.0222  1-4 EEL =       44.5122  RESTRAINT  =        0.0810
 EAMBER  =   -10548.9298


   NSTEP       ENERGY          RMS            GMAX         NAME    NUMBER
    180      -1.0623E+04     9.9022E-01     2.5076E+01     HH31       20

 BOND    =      713.7552  ANGLE   =        4.1187  DIHED      =       11.0887
 VDWAALS =     1566.9043  EEL     =   -12966.7792  HBOND      =        0.0000
 1-4 VDW =        3.1549  1-4 EEL =       44.5084  RESTRAINT  =        0.1371
 EAMBER  =   -10623.2489


   NSTEP       ENERGY          RMS            GMAX         NAME    NUMBER
    200      -1.0732E+04     4.4116E+00     5.5708E+01     C          15

 BOND    =      826.6441  ANGLE   =        5.5091  DIHED      =        9.7710
 VDWAALS =     1782.0950  EEL     =   -13403.6453  HBOND      =        0.0000
 1-4 VDW =        2.8493  1-4 EEL =       43.9771  RESTRAINT  =        0.5159
 EAMBER  =   -10732.7998


   NSTEP       ENERGY          RMS            GMAX         NAME    NUMBER
    220      -1.0822E+04     6.6370E-01     1.0592E+01     O         962

 BOND    =      765.2896  ANGLE   =        2.4049  DIHED      =        9.8549
 VDWAALS =     1770.4356  EEL     =   -13417.0281  HBOND      =        0.0000
 1-4 VDW =        2.8697  1-4 EEL =       44.4423  RESTRAINT  =        0.1948
 EAMBER  =   -10821.7310


   NSTEP       ENERGY          RMS            GMAX         NAME    NUMBER
    240      -1.0852E+04     8.2277E-01     2.1383E+01     O           6

 BOND    =      773.9849  ANGLE   =        2.0542  DIHED      =        9.8038
 VDWAALS =     1785.3886  EEL     =   -13473.1509  HBOND      =        0.0000
 1-4 VDW =        2.9883  1-4 EEL =       45.5425  RESTRAINT  =        1.0163
 EAMBER  =   -10853.3886


   NSTEP       ENERGY          RMS            GMAX         NAME    NUMBER
    260      -1.0919E+04     1.1470E+00     3.0205E+01     C           5

 BOND    =      776.3853  ANGLE   =        1.7249  DIHED      =        9.8640
 VDWAALS =     1838.2890  EEL     =   -13593.2577  HBOND      =        0.0000
 1-4 VDW =        2.8838  1-4 EEL =       44.7633  RESTRAINT  =        0.1664
 EAMBER  =   -10919.3473


   NSTEP       ENERGY          RMS            GMAX         NAME    NUMBER
    280      -1.0943E+04     4.9173E-01     1.1868E+01     C           5

 BOND    =      787.7029  ANGLE   =        2.5314  DIHED      =        9.9025
 VDWAALS =     1857.6940  EEL     =   -13648.0991  HBOND      =        0.0000
 1-4 VDW =        2.9107  1-4 EEL =       44.1764  RESTRAINT  =        0.3466
 EAMBER  =   -10943.1812


   NSTEP       ENERGY          RMS            GMAX         NAME    NUMBER
    300      -1.0986E+04     1.2548E+00     4.2244E+01     CH3         2

 BOND    =      814.5600  ANGLE   =        3.2959  DIHED      =       10.1738
 VDWAALS =     1906.0603  EEL     =   -13768.5758  HBOND      =        0.0000
 1-4 VDW =        3.1191  1-4 EEL =       44.6721  RESTRAINT  =        0.3939
 EAMBER  =   -10986.6945


   NSTEP       ENERGY          RMS            GMAX         NAME    NUMBER
    320      -1.1014E+04     5.2014E-01     1.2752E+01     N          17

 BOND    =      796.7356  ANGLE   =        2.0398  DIHED      =        9.8856
 VDWAALS =     1915.0563  EEL     =   -13785.4022  HBOND      =        0.0000
 1-4 VDW =        3.0535  1-4 EEL =       44.9443  RESTRAINT  =        0.1102
 EAMBER  =   -11013.6871


   NSTEP       ENERGY          RMS            GMAX         NAME    NUMBER
    340      -1.1029E+04     5.7054E-01     1.1394E+01     HA         10

 BOND    =      814.4960  ANGLE   =        1.6307  DIHED      =        9.8601
 VDWAALS =     1928.7693  EEL     =   -13832.2110  HBOND      =        0.0000
 1-4 VDW =        2.9468  1-4 EEL =       44.9039  RESTRAINT  =        0.4479
 EAMBER  =   -11029.6042


   NSTEP       ENERGY          RMS            GMAX         NAME    NUMBER
    360      -1.1068E+04     8.6119E-01     2.5216E+01     C           5

 BOND    =      806.0706  ANGLE   =        1.3544  DIHED      =        9.9012
 VDWAALS =     1977.5600  EEL     =   -13911.5122  HBOND      =        0.0000
 1-4 VDW =        2.9695  1-4 EEL =       44.9173  RESTRAINT  =        0.3229
 EAMBER  =   -11068.7391


   NSTEP       ENERGY          RMS            GMAX         NAME    NUMBER
    380      -1.1084E+04     3.0759E-01     5.9401E+00     HH31        1

 BOND    =      818.4915  ANGLE   =        1.9476  DIHED      =        9.9939
 VDWAALS =     1986.5040  EEL     =   -13949.4170  HBOND      =        0.0000
 1-4 VDW =        2.9689  1-4 EEL =       44.9094  RESTRAINT  =        0.1059
 EAMBER  =   -11084.6018


   NSTEP       ENERGY          RMS            GMAX         NAME    NUMBER
    400      -1.1120E+04     9.9540E-01     1.8849E+01     C          15

 BOND    =      834.7814  ANGLE   =        2.4658  DIHED      =       10.5002
 VDWAALS =     2034.7098  EEL     =   -14051.0879  HBOND      =        0.0000
 1-4 VDW =        3.1133  1-4 EEL =       45.1048  RESTRAINT  =        0.4068
 EAMBER  =   -11120.4126


   NSTEP       ENERGY          RMS            GMAX         NAME    NUMBER
    420      -1.1143E+04     3.6981E-01     7.5158E+00     CA          9

 BOND    =      827.8430  ANGLE   =        1.5898  DIHED      =       10.1552
 VDWAALS =     2040.4105  EEL     =   -14071.3057  HBOND      =        0.0000
 1-4 VDW =        3.0584  1-4 EEL =       45.2123  RESTRAINT  =        0.1038
 EAMBER  =   -11143.0365


   NSTEP       ENERGY          RMS            GMAX         NAME    NUMBER
    440      -1.1152E+04     9.7614E-01     2.7743E+01     N          17

 BOND    =      827.0521  ANGLE   =        1.8954  DIHED      =       10.3241
 VDWAALS =     2049.6373  EEL     =   -14090.2911  HBOND      =        0.0000
 1-4 VDW =        2.9292  1-4 EEL =       45.1182  RESTRAINT  =        0.8711
 EAMBER  =   -11153.3349


   NSTEP       ENERGY          RMS            GMAX         NAME    NUMBER
    460      -1.1180E+04     7.0313E-01     1.9964E+01     CH3        19

 BOND    =      828.3346  ANGLE   =        1.3263  DIHED      =       10.3411
 VDWAALS =     2073.2960  EEL     =   -14141.9782  HBOND      =        0.0000
 1-4 VDW =        2.9895  1-4 EEL =       45.3214  RESTRAINT  =        0.3537
 EAMBER  =   -11180.3693


   NSTEP       ENERGY          RMS            GMAX         NAME    NUMBER
    480      -1.1192E+04     2.6007E-01     6.8048E+00     HH31       20

 BOND    =      836.8909  ANGLE   =        1.4384  DIHED      =       10.4865
 VDWAALS =     2080.8725  EEL     =   -14170.1282  HBOND      =        0.0000
 1-4 VDW =        2.9622  1-4 EEL =       45.4460  RESTRAINT  =        0.1000
 EAMBER  =   -11192.0318


   NSTEP       ENERGY          RMS            GMAX         NAME    NUMBER
    500      -1.1218E+04     6.0300E-01     1.3881E+01     CH3        19

 BOND    =      843.8305  ANGLE   =        1.2991  DIHED      =       11.0226
 VDWAALS =     2112.8527  EEL     =   -14236.3263  HBOND      =        0.0000
 1-4 VDW =        3.0761  1-4 EEL =       46.0778  RESTRAINT  =        0.1291
 EAMBER  =   -11218.1675


   NSTEP       ENERGY          RMS            GMAX         NAME    NUMBER
    520      -1.1233E+04     3.7494E-01     9.9329E+00     H1       1989

 BOND    =      842.2014  ANGLE   =        1.2228  DIHED      =       10.9120
 VDWAALS =     2117.4885  EEL     =   -14254.0538  HBOND      =        0.0000
 1-4 VDW =        3.0697  1-4 EEL =       46.0917  RESTRAINT  =        0.1235
 EAMBER  =   -11233.0676


   NSTEP       ENERGY          RMS            GMAX         NAME    NUMBER
    540      -1.1240E+04     4.2399E-01     1.6610E+01     C           5

 BOND    =      848.7497  ANGLE   =        1.2001  DIHED      =       10.9247
 VDWAALS =     2123.9373  EEL     =   -14274.2262  HBOND      =        0.0000
 1-4 VDW =        2.9918  1-4 EEL =       45.8566  RESTRAINT  =        0.1979
 EAMBER  =   -11240.5661


   NSTEP       ENERGY          RMS            GMAX         NAME    NUMBER
    560      -1.1255E+04     4.5552E-01     1.1498E+01     C           5

 BOND    =      846.1414  ANGLE   =        1.2363  DIHED      =       10.9453
 VDWAALS =     2138.8942  EEL     =   -14300.6778  HBOND      =        0.0000
 1-4 VDW =        2.9279  1-4 EEL =       45.7508  RESTRAINT  =        0.2337
 EAMBER  =   -11254.7818


   NSTEP       ENERGY          RMS            GMAX         NAME    NUMBER
    580      -1.1261E+04     3.2481E-01     7.0168E+00     CA          9

 BOND    =      848.6233  ANGLE   =        1.1043  DIHED      =       10.9262
 VDWAALS =     2145.5500  EEL     =   -14316.6014  HBOND      =        0.0000
 1-4 VDW =        2.9919  1-4 EEL =       45.9854  RESTRAINT  =        0.1225
 EAMBER  =   -11261.4203


   NSTEP       ENERGY          RMS            GMAX         NAME    NUMBER
    600      -1.1271E+04     4.9716E-01     1.2662E+01     HH33       22

 BOND    =      854.7029  ANGLE   =        1.6209  DIHED      =       11.0856
 VDWAALS =     2152.5480  EEL     =   -14340.0100  HBOND      =        0.0000
 1-4 VDW =        3.0624  1-4 EEL =       46.1729  RESTRAINT  =        0.1569
 EAMBER  =   -11270.8173


   NSTEP       ENERGY          RMS            GMAX         NAME    NUMBER
    620      -1.1278E+04     3.4020E-01     9.8898E+00     CH3         2

 BOND    =      854.3718  ANGLE   =        1.1510  DIHED      =       10.9787
 VDWAALS =     2156.8667  EEL     =   -14350.2212  HBOND      =        0.0000
 1-4 VDW =        2.9986  1-4 EEL =       46.0373  RESTRAINT  =        0.1469
 EAMBER  =   -11277.8170


   NSTEP       ENERGY          RMS            GMAX         NAME    NUMBER
    640      -1.1284E+04     6.3413E-01     1.9109E+01     CA          9

 BOND    =      853.7599  ANGLE   =        1.2435  DIHED      =       11.1271
 VDWAALS =     2158.3001  EEL     =   -14356.9493  HBOND      =        0.0000
 1-4 VDW =        2.8878  1-4 EEL =       45.6392  RESTRAINT  =        0.1660
 EAMBER  =   -11283.9917


   NSTEP       ENERGY          RMS            GMAX         NAME    NUMBER
    660      -1.1292E+04     3.5746E-01     6.8152E+00     CH3        19

 BOND    =      853.8430  ANGLE   =        1.1035  DIHED      =       10.9868
 VDWAALS =     2162.1536  EEL     =   -14368.7789  HBOND      =        0.0000
 1-4 VDW =        2.9340  1-4 EEL =       45.8377  RESTRAINT  =        0.1542
 EAMBER  =   -11291.9203


   NSTEP       ENERGY          RMS            GMAX         NAME    NUMBER
    680      -1.1298E+04     3.1651E-01     7.9660E+00     CH3         2

 BOND    =      855.2052  ANGLE   =        1.1128  DIHED      =       10.9180
 VDWAALS =     2169.2371  EEL     =   -14383.9647  HBOND      =        0.0000
 1-4 VDW =        2.9810  1-4 EEL =       45.8951  RESTRAINT  =        0.1545
 EAMBER  =   -11298.6156


   NSTEP       ENERGY          RMS            GMAX         NAME    NUMBER
    700      -1.1306E+04     4.1427E-01     8.6287E+00     CH3        19

 BOND    =      860.9280  ANGLE   =        1.3071  DIHED      =       10.9063
 VDWAALS =     2169.6933  EEL     =   -14397.6985  HBOND      =        0.0000
 1-4 VDW =        3.0613  1-4 EEL =       46.0002  RESTRAINT  =        0.1821
 EAMBER  =   -11305.8022


   NSTEP       ENERGY          RMS            GMAX         NAME    NUMBER
    720      -1.1311E+04     3.5120E-01     7.9398E+00     N           7

 BOND    =      860.2111  ANGLE   =        1.2256  DIHED      =       10.9900
 VDWAALS =     2173.7810  EEL     =   -14406.3019  HBOND      =        0.0000
 1-4 VDW =        3.0533  1-4 EEL =       46.1241  RESTRAINT  =        0.1688
 EAMBER  =   -11310.9168


   NSTEP       ENERGY          RMS            GMAX         NAME    NUMBER
    740      -1.1318E+04     2.5375E-01     9.2173E+00     HH33       22

 BOND    =      857.6440  ANGLE   =        1.1119  DIHED      =       11.1071
 VDWAALS =     2173.8067  EEL     =   -14411.0908  HBOND      =        0.0000
 1-4 VDW =        2.9230  1-4 EEL =       45.9348  RESTRAINT  =        0.1541
 EAMBER  =   -11318.5633


   NSTEP       ENERGY          RMS            GMAX         NAME    NUMBER
    760      -1.1323E+04     3.1515E-01     8.4584E+00     CB         11

 BOND    =      858.9778  ANGLE   =        1.0708  DIHED      =       11.0061
 VDWAALS =     2175.4908  EEL     =   -14418.6179  HBOND      =        0.0000
 1-4 VDW =        2.9465  1-4 EEL =       45.8505  RESTRAINT  =        0.1393
 EAMBER  =   -11323.2753


   NSTEP       ENERGY          RMS            GMAX         NAME    NUMBER
    780      -1.1330E+04     3.1738E-01     5.6161E+00     N          17

 BOND    =      857.8418  ANGLE   =        1.1583  DIHED      =       10.9366
 VDWAALS =     2180.8994  EEL     =   -14430.0142  HBOND      =        0.0000
 1-4 VDW =        2.9784  1-4 EEL =       45.9194  RESTRAINT  =        0.1736
 EAMBER  =   -11330.2803


   NSTEP       ENERGY          RMS            GMAX         NAME    NUMBER
    800      -1.1337E+04     3.8947E-01     8.3590E+00     C          15

 BOND    =      865.4460  ANGLE   =        1.3697  DIHED      =       10.9911
 VDWAALS =     2180.6673  EEL     =   -14444.9199  HBOND      =        0.0000
 1-4 VDW =        3.0305  1-4 EEL =       46.0164  RESTRAINT  =        0.1887
 EAMBER  =   -11337.3988


   NSTEP       ENERGY          RMS            GMAX         NAME    NUMBER
    820      -1.1342E+04     4.3954E-01     1.4239E+01     N           7

 BOND    =      861.7144  ANGLE   =        1.2295  DIHED      =       11.0663
 VDWAALS =     2183.8433  EEL     =   -14449.1658  HBOND      =        0.0000
 1-4 VDW =        3.0420  1-4 EEL =       46.1457  RESTRAINT  =        0.1941
 EAMBER  =   -11342.1244


   NSTEP       ENERGY          RMS            GMAX         NAME    NUMBER
    840      -1.1348E+04     3.4148E-01     1.0651E+01     C          15

 BOND    =      864.0380  ANGLE   =        0.9837  DIHED      =       11.0584
 VDWAALS =     2185.3474  EEL     =   -14458.5951  HBOND      =        0.0000
 1-4 VDW =        2.9194  1-4 EEL =       45.8050  RESTRAINT  =        0.1601
 EAMBER  =   -11348.4432


   NSTEP       ENERGY          RMS            GMAX         NAME    NUMBER
    860      -1.1352E+04     2.4390E-01     6.8664E+00     CH3        19

 BOND    =      861.4885  ANGLE   =        1.0557  DIHED      =       11.0461
 VDWAALS =     2187.4057  EEL     =   -14461.9265  HBOND      =        0.0000
 1-4 VDW =        2.9331  1-4 EEL =       45.8520  RESTRAINT  =        0.1412
 EAMBER  =   -11352.1453


   NSTEP       ENERGY          RMS            GMAX         NAME    NUMBER
    880      -1.1357E+04     4.6813E-01     8.9463E+00     C          15

 BOND    =      863.8455  ANGLE   =        1.0519  DIHED      =       10.9909
 VDWAALS =     2192.0851  EEL     =   -14473.9938  HBOND      =        0.0000
 1-4 VDW =        2.9674  1-4 EEL =       45.9561  RESTRAINT  =        0.1716
 EAMBER  =   -11357.0968


   NSTEP       ENERGY          RMS            GMAX         NAME    NUMBER
    900      -1.1362E+04     3.8345E-01     1.1190E+01     C          15

 BOND    =      868.1068  ANGLE   =        1.3359  DIHED      =       11.0084
 VDWAALS =     2192.2577  EEL     =   -14483.8491  HBOND      =        0.0000
 1-4 VDW =        3.0422  1-4 EEL =       46.0885  RESTRAINT  =        0.2157
 EAMBER  =   -11362.0097


   NSTEP       ENERGY          RMS            GMAX         NAME    NUMBER
    920      -1.1365E+04     4.0259E-01     1.3449E+01     CH3        19

 BOND    =      861.9881  ANGLE   =        1.2966  DIHED      =       11.0708
 VDWAALS =     2194.1369  EEL     =   -14482.9801  HBOND      =        0.0000
 1-4 VDW =        3.0080  1-4 EEL =       46.0587  RESTRAINT  =        0.1866
 EAMBER  =   -11365.4209


   NSTEP       ENERGY          RMS            GMAX         NAME    NUMBER
    940      -1.1371E+04     3.2227E-01     9.3838E+00     C          15

 BOND    =      868.5699  ANGLE   =        1.0216  DIHED      =       11.1286
 VDWAALS =     2195.5392  EEL     =   -14495.8047  HBOND      =        0.0000
 1-4 VDW =        2.9086  1-4 EEL =       45.8661  RESTRAINT  =        0.1524
 EAMBER  =   -11370.7707


   NSTEP       ENERGY          RMS            GMAX         NAME    NUMBER
    960      -1.1373E+04     2.0412E-01     5.6711E+00     CH3        19

 BOND    =      864.8904  ANGLE   =        1.0301  DIHED      =       11.0813
 VDWAALS =     2196.7503  EEL     =   -14495.8010  HBOND      =        0.0000
 1-4 VDW =        2.9203  1-4 EEL =       45.8554  RESTRAINT  =        0.1400
 EAMBER  =   -11373.2732


   NSTEP       ENERGY          RMS            GMAX         NAME    NUMBER
    980      -1.1377E+04     5.6230E-01     1.3524E+01     N          17

 BOND    =      866.9345  ANGLE   =        0.9484  DIHED      =       11.0610
 VDWAALS =     2201.1184  EEL     =   -14506.2041  HBOND      =        0.0000
 1-4 VDW =        2.9755  1-4 EEL =       46.0261  RESTRAINT  =        0.1664
 EAMBER  =   -11377.1402


   NSTEP       ENERGY          RMS            GMAX         NAME    NUMBER
   1000      -1.1381E+04     4.4588E-01     1.5150E+01     C          15

 BOND    =      870.7211  ANGLE   =        1.3923  DIHED      =       11.0565
 VDWAALS =     2202.8277  EEL     =   -14516.4396  HBOND      =        0.0000
 1-4 VDW =        3.0584  1-4 EEL =       46.1430  RESTRAINT  =        0.2381
 EAMBER  =   -11381.2407


  Maximum number of minimization cycles reached.


                    FINAL RESULTS



   NSTEP       ENERGY          RMS            GMAX         NAME    NUMBER
   1000      -1.1381E+04     4.4588E-01     1.5150E+01     C          15

 BOND    =      870.7211  ANGLE   =        1.3923  DIHED      =       11.0565
 VDWAALS =     2202.8277  EEL     =   -14516.4396  HBOND      =        0.0000
 1-4 VDW =        3.0584  1-4 EEL =       46.1430  RESTRAINT  =        0.2381
 EAMBER  =   -11381.2407

--------------------------------------------------------------------------------
   5.  TIMINGS
--------------------------------------------------------------------------------

|                Build the list             0.07 (56.69% of List )
|                Other                      0.06 (43.31% of List )
|             List time                  0.13 ( 1.01% of Nonbo)
|                   Short_ene time             7.54 (96.66% of Direc)
|                   Other                      0.26 ( 3.34% of Direc)
|                Direct Ewald time          7.80 (62.68% of Ewald)
|                Adjust Ewald time          0.04 ( 0.34% of Ewald)
|                Self Ewald time            0.00 ( 0.01% of Ewald)
|                   Fill Bspline coeffs        0.16 ( 3.84% of Recip)
|                   Fill charge grid           0.14 ( 3.44% of Recip)
|                   Scalar sum                 0.62 (15.32% of Recip)
|                   Grad sum                   0.32 ( 7.81% of Recip)
|                      FFT back comm time         1.41 (52.31% of FFT t)
|                      Other                      1.28 (47.69% of FFT t)
|                   FFT time                   2.69 (66.66% of Recip)
|                   Other                      0.12 ( 2.92% of Recip)
|                Recip Ewald time           4.04 (32.45% of Ewald)
|                Force Adjust               0.38 ( 3.03% of Ewald)
|                Virial junk                0.17 ( 1.40% of Ewald)
|                Start synchronizatio       0.00 ( 0.01% of Ewald)
|                Other                      0.01 ( 0.08% of Ewald)
|             Ewald time                12.44 (98.98% of Nonbo)
|             Other                      0.00 ( 0.01% of Nonbo)
|          Nonbond force             12.57 (88.97% of Force)
|          Bond/Angle/Dihedral        0.04 ( 0.29% of Force)
|          FRC Collect time           0.38 ( 2.69% of Force)
|          Other                      1.14 ( 8.05% of Force)
|       Force time                14.13 (100.0% of Runmd)
|    Runmd Time                14.13 ( 6.42% of Total)
|    Other                    205.99 (93.58% of Total)
| Total time               220.13 (100.0% of ALL  )

| Highest rstack allocated:      39154
| Highest istack allocated:        828
|           Job began  at 15:11:00.489  on 03/14/2017
|           Setup done at 15:11:01.058  on 03/14/2017
|           Run   done at 15:14:40.617  on 03/14/2017
|     wallclock() was called   44068 times
