
          -------------------------------------------------------
          Amber 16 SANDER                              2016
          -------------------------------------------------------

| Run on 03/14/2017 at 14:43:31

|   Executable path: sander.MPI
| Working directory: /home/steboss/projects/mdgx-tests/alanine/IPOLQ/input/PhiPsi_1/255/345
|          Hostname: node007

  [-O]verwriting output

File Assignments:
|  MDIN: min.in                                                                
| MDOUT: Conf345.min.out                                                       
|INPCRD: Conf345.crd                                                           
|  PARM: Conf345.top                                                           
|RESTRT: Conf345.min                                                           
|  REFC: Conf345.crd                                                           
| MDVEL: mdvel                                                                 
| MDFRC: mdfrc                                                                 
|  MDEN: mden                                                                  
| MDCRD: mdcrd                                                                 
|MDINFO: mdinfo                                                                
|  MTMD: mtmd                                                                  
|INPDIP: inpdip                                                                
|RSTDIP: rstdip                                                                
|INPTRA: inptraj                                                               

|    REMLOG: rem.log
|   REMTYPE: rem.type
|  REMSTRIP: 
|   SAVEENE: saveene
|CLUSTERINF: cluster.info
| RESERVOIR: reserv/frame
|   REMDDIM: 


 Here is the input file:

Initial minimization                                                           
 &cntrl                                                                        
  ntx    = 1,       irest  = 0,       ntrx   = 1,      ntxo   = 1,             
  ntpr   = 20,      ntwx   = 0,       ntwv   = 0,      ntwe   = 0,             
                                                                               
  ntf    = 1,       ntb    = 1,                                                
  ntc    = 1,       ntr    = 1,                                                
  restraintmask = ':1',                                                        
  restraint_wt = 100.0,                                                        
  cut    = 9.0,                                                                
                                                                               
  imin   = 1,                                                                  
  maxcyc = 1000,                                                               
  ncyc   = 100,                                                                
                                                                               
 &end                                                                          

--------------------------------------------------------------------------------
   1.  RESOURCE   USE: 
--------------------------------------------------------------------------------

| Flags: MPI                                                                    
 getting new box info from bottom of inpcrd
|  INFO: Old style inpcrd file read

| peek_ewald_inpcrd: Box info found
|Largest sphere to fit in unit cell has radius =    14.395
| New format PARM file being parsed.
| Version =    1.000 Date = 03/14/17 Time = 13:39:19
 NATOM  =    2803 NTYPES =       9 NBONH =    2793 MBONA  =       9
 NTHETH =      25 MTHETA =      11 NPHIH =      43 MPHIA  =      24
 NHPARM =       0 NPARM  =       0 NNB   =    3807 NRES   =     930
 NBONA  =       9 NTHETA =      11 NPHIA =      24 NUMBND =      10
 NUMANG =      16 NPTRA  =      19 NATYP =       9 NPHB   =       1
 IFBOX  =       2 NMXRS  =      10 IFCAP =       0 NEXTRA =       0
 NCOPY  =       0


|     Memory Use     Allocated
|     Real              325239
|     Hollerith           9341
|     Integer            86916
|     Max Pairs         310898
|     nblistReal         33636
|     nblist Int         85811
|       Total             4729 kbytes

| Note: 1-4 EEL scale factors are being read from the topology file.

| Note: 1-4 VDW scale factors are being read from the topology file.
| Duplicated    0 dihedrals
| Duplicated    0 dihedrals

     BOX TYPE: TRUNCATED OCTAHEDRON

--------------------------------------------------------------------------------
   2.  CONTROL  DATA  FOR  THE  RUN
--------------------------------------------------------------------------------

default_name                                                                    

General flags:
     imin    =       1, nmropt  =       0

Nature and format of input:
     ntx     =       1, irest   =       0, ntrx    =       1

Nature and format of output:
     ntxo    =       1, ntpr    =      20, ntrx    =       1, ntwr    =       1
     iwrap   =       0, ntwx    =       0, ntwv    =       0, ntwe    =       0
     ioutfm  =       1, ntwprt  =       0, idecomp =       0, rbornstat=      0

Potential function:
     ntf     =       1, ntb     =       1, igb     =       0, nsnb    =      25
     ipol    =       0, gbsa    =       0, iesp    =       0
     dielc   =   1.00000, cut     =   9.00000, intdiel =   1.00000

Frozen or restrained atoms:
     ibelly  =       0, ntr     =       1
     restraint_wt = 100.00000

Energy minimization:
     maxcyc  =    1000, ncyc    =     100, ntmin   =       1
     dx0     =   0.01000, drms    =   0.00010

Ewald parameters:
     verbose =       0, ew_type =       0, nbflag  =       1, use_pme =       1
     vdwmeth =       1, eedmeth =       1, netfrc  =       0
     Box X =   35.261   Box Y =   35.261   Box Z =   35.261
     Alpha =  109.471   Beta  =  109.471   Gamma =  109.471
     NFFT1 =   36       NFFT2 =   36       NFFT3 =   36
     Cutoff=    9.000   Tol   =0.100E-04
     Ewald Coefficient =  0.30768
     Interpolation order =    4

| MPI Timing options:
|      profile_mpi =        0

    LOADING THE CONSTRAINED ATOMS AS GROUPS


   5.  REFERENCE ATOM COORDINATES

  defa
     Mask :1; matches     6 atoms

--------------------------------------------------------------------------------
   3.  ATOMIC COORDINATES AND VELOCITIES
--------------------------------------------------------------------------------

default_name                                                                    
 begin time read from input coords =     0.000 ps

 Number of triangulated 3-point waters found:      927
|  Atom division among processors:
|         0     352     700    1051    1402    1750    2101    2452
|      2803

     Sum of charges from parm topology file =  -0.00000000
     Forcing neutrality...
|  Running AMBER/MPI version on    8 nodes


--------------------------------------------------------------------------------
   4.  RESULTS
--------------------------------------------------------------------------------

 ---------------------------------------------------
 APPROXIMATING switch and d/dx switch using CUBIC SPLINE INTERPOLATION
 using   5000.0 points per unit in tabled values
 TESTING RELATIVE ERROR over r ranging from 0.0 to cutoff
| CHECK switch(x): max rel err =   0.2738E-14   at   2.422500
| CHECK d/dx switch(x): max rel err =   0.8314E-11   at   2.736960
 ---------------------------------------------------
| Local SIZE OF NONBOND LIST =      83477
| TOTAL SIZE OF NONBOND LIST =     648006


   NSTEP       ENERGY          RMS            GMAX         NAME    NUMBER
      1      -7.7462E+03     1.2371E+01     6.1712E+01     O         296

 BOND    =        0.5729  ANGLE   =        1.1260  DIHED      =        9.2553
 VDWAALS =     1020.1258  EEL     =    -8825.1935  HBOND      =        0.0000
 1-4 VDW =        3.2023  1-4 EEL =       44.6655  RESTRAINT  =        0.0000


   NSTEP       ENERGY          RMS            GMAX         NAME    NUMBER
     20      -8.6257E+03     2.9145E+00     2.3936E+01     O          23

 BOND    =      463.9059  ANGLE   =        1.1374  DIHED      =        9.3164
 VDWAALS =      943.7756  EEL     =   -10091.6846  HBOND      =        0.0000
 1-4 VDW =        3.2398  1-4 EEL =       44.5594  RESTRAINT  =        0.0084
 EAMBER  =    -8625.7501


   NSTEP       ENERGY          RMS            GMAX         NAME    NUMBER
     40      -9.3242E+03     1.6228E+00     1.0518E+01     H1       2334

 BOND    =      517.5969  ANGLE   =        1.2226  DIHED      =        9.3970
 VDWAALS =      971.3871  EEL     =   -10871.4079  HBOND      =        0.0000
 1-4 VDW =        3.2277  1-4 EEL =       44.3186  RESTRAINT  =        0.0276
 EAMBER  =    -9324.2580


   NSTEP       ENERGY          RMS            GMAX         NAME    NUMBER
     60      -9.5605E+03     3.4052E+00     1.0890E+01     H1       1974

 BOND    =      493.9116  ANGLE   =        1.2656  DIHED      =        9.4411
 VDWAALS =     1007.2075  EEL     =   -11119.7577  HBOND      =        0.0000
 1-4 VDW =        3.2001  1-4 EEL =       44.2262  RESTRAINT  =        0.0344
 EAMBER  =    -9560.5055


   NSTEP       ENERGY          RMS            GMAX         NAME    NUMBER
     80      -9.7089E+03     4.0067E+00     1.3341E+01     H2       1309

 BOND    =      500.4598  ANGLE   =        1.2866  DIHED      =        9.4664
 VDWAALS =     1042.0289  EEL     =   -11309.5366  HBOND      =        0.0000
 1-4 VDW =        3.1853  1-4 EEL =       44.1841  RESTRAINT  =        0.0391
 EAMBER  =    -9708.9256


   NSTEP       ENERGY          RMS            GMAX         NAME    NUMBER
    100      -9.8408E+03     9.4262E-01     6.4918E+00     H1        804

 BOND    =      593.9574  ANGLE   =        1.2956  DIHED      =        9.4805
 VDWAALS =     1075.2896  EEL     =   -11568.2632  HBOND      =        0.0000
 1-4 VDW =        3.1805  1-4 EEL =       44.1683  RESTRAINT  =        0.0426
 EAMBER  =    -9840.8913


   NSTEP       ENERGY          RMS            GMAX         NAME    NUMBER
    120      -1.0278E+04     5.6930E+00     8.9304E+01     H2       2494

 BOND    =      705.9490  ANGLE   =        1.2830  DIHED      =        9.5080
 VDWAALS =     1467.2017  EEL     =   -12510.0259  HBOND      =        0.0000
 1-4 VDW =        3.2285  1-4 EEL =       44.3828  RESTRAINT  =        0.0628
 EAMBER  =   -10278.4729


   NSTEP       ENERGY          RMS            GMAX         NAME    NUMBER
    140      -1.0356E+04     8.6345E+00     1.5762E+02     H2       1738

 BOND    =      770.3866  ANGLE   =        1.2738  DIHED      =        9.3792
 VDWAALS =     1459.5134  EEL     =   -12644.4217  HBOND      =        0.0000
 1-4 VDW =        3.3070  1-4 EEL =       44.6353  RESTRAINT  =        0.0491
 EAMBER  =   -10355.9264


   NSTEP       ENERGY          RMS            GMAX         NAME    NUMBER
    160      -1.0540E+04     1.7130E+00     3.0038E+01     O         464

 BOND    =      704.1448  ANGLE   =        1.5677  DIHED      =        9.3799
 VDWAALS =     1472.0296  EEL     =   -12775.5035  HBOND      =        0.0000
 1-4 VDW =        3.3522  1-4 EEL =       44.7596  RESTRAINT  =        0.0431
 EAMBER  =   -10540.2699


   NSTEP       ENERGY          RMS            GMAX         NAME    NUMBER
    180      -1.0638E+04     9.7607E-01     2.0607E+01     H          18

 BOND    =      726.2593  ANGLE   =        2.6474  DIHED      =        9.5319
 VDWAALS =     1608.8373  EEL     =   -13034.0379  HBOND      =        0.0000
 1-4 VDW =        3.4561  1-4 EEL =       44.9486  RESTRAINT  =        0.0538
 EAMBER  =   -10638.3573


   NSTEP       ENERGY          RMS            GMAX         NAME    NUMBER
    200      -1.0721E+04     1.1959E+00     2.0538E+01     H1       2493

 BOND    =      748.4110  ANGLE   =        1.5915  DIHED      =        9.2343
 VDWAALS =     1639.4794  EEL     =   -13167.8572  HBOND      =        0.0000
 1-4 VDW =        3.2156  1-4 EEL =       44.3183  RESTRAINT  =        0.1126
 EAMBER  =   -10721.6071


   NSTEP       ENERGY          RMS            GMAX         NAME    NUMBER
    220      -1.0773E+04     1.0855E+00     2.0436E+01     H1        465

 BOND    =      740.4193  ANGLE   =        1.2875  DIHED      =        9.2455
 VDWAALS =     1674.8274  EEL     =   -13246.2307  HBOND      =        0.0000
 1-4 VDW =        3.1480  1-4 EEL =       44.2966  RESTRAINT  =        0.0748
 EAMBER  =   -10773.0064


   NSTEP       ENERGY          RMS            GMAX         NAME    NUMBER
    240      -1.0814E+04     1.0249E+00     3.7876E+01     C           5

 BOND    =      755.2595  ANGLE   =        1.8140  DIHED      =        9.2992
 VDWAALS =     1713.6140  EEL     =   -13342.8328  HBOND      =        0.0000
 1-4 VDW =        3.3665  1-4 EEL =       44.9158  RESTRAINT  =        0.1377
 EAMBER  =   -10814.5638


   NSTEP       ENERGY          RMS            GMAX         NAME    NUMBER
    260      -1.0879E+04     1.2513E+00     2.9463E+01     O        2492

 BOND    =      771.7792  ANGLE   =        2.3370  DIHED      =        9.3097
 VDWAALS =     1775.4869  EEL     =   -13486.3443  HBOND      =        0.0000
 1-4 VDW =        3.4656  1-4 EEL =       45.1640  RESTRAINT  =        0.2656
 EAMBER  =   -10878.8019


   NSTEP       ENERGY          RMS            GMAX         NAME    NUMBER
    280      -1.0910E+04     5.3635E-01     7.7191E+00     O        2492

 BOND    =      778.5331  ANGLE   =        1.4362  DIHED      =        9.2960
 VDWAALS =     1813.0053  EEL     =   -13560.5228  HBOND      =        0.0000
 1-4 VDW =        3.2884  1-4 EEL =       44.8296  RESTRAINT  =        0.0524
 EAMBER  =   -10910.1343


   NSTEP       ENERGY          RMS            GMAX         NAME    NUMBER
    300      -1.0953E+04     8.6205E-01     2.9837E+01     C           5

 BOND    =      790.3319  ANGLE   =        1.3932  DIHED      =        9.3198
 VDWAALS =     1851.2884  EEL     =   -13653.5114  HBOND      =        0.0000
 1-4 VDW =        3.1636  1-4 EEL =       44.4556  RESTRAINT  =        0.1087
 EAMBER  =   -10953.5590


   NSTEP       ENERGY          RMS            GMAX         NAME    NUMBER
    320      -1.0986E+04     7.7365E-01     2.1802E+01     CH3         2

 BOND    =      785.9495  ANGLE   =        1.2015  DIHED      =        9.3549
 VDWAALS =     1873.0815  EEL     =   -13703.7648  HBOND      =        0.0000
 1-4 VDW =        3.1203  1-4 EEL =       44.6034  RESTRAINT  =        0.0765
 EAMBER  =   -10986.4536


   NSTEP       ENERGY          RMS            GMAX         NAME    NUMBER
    340      -1.1023E+04     4.9653E-01     8.5731E+00     O        2492

 BOND    =      805.9642  ANGLE   =        1.0355  DIHED      =        9.4324
 VDWAALS =     1905.5759  EEL     =   -13793.3137  HBOND      =        0.0000
 1-4 VDW =        3.2793  1-4 EEL =       44.6657  RESTRAINT  =        0.0514
 EAMBER  =   -11023.3607


   NSTEP       ENERGY          RMS            GMAX         NAME    NUMBER
    360      -1.1043E+04     6.4848E-01     1.3928E+01     N          17

 BOND    =      802.1033  ANGLE   =        1.9708  DIHED      =        9.5346
 VDWAALS =     1916.9422  EEL     =   -13822.3541  HBOND      =        0.0000
 1-4 VDW =        3.3215  1-4 EEL =       45.0143  RESTRAINT  =        0.0762
 EAMBER  =   -11043.4674


   NSTEP       ENERGY          RMS            GMAX         NAME    NUMBER
    380      -1.1076E+04     1.1478E+00     2.9077E+01     C          15

 BOND    =      824.0049  ANGLE   =        2.4028  DIHED      =        9.8158
 VDWAALS =     1992.3997  EEL     =   -13952.6912  HBOND      =        0.0000
 1-4 VDW =        3.2883  1-4 EEL =       44.7010  RESTRAINT  =        0.1922
 EAMBER  =   -11076.0787


   NSTEP       ENERGY          RMS            GMAX         NAME    NUMBER
    400      -1.1106E+04     4.3815E-01     1.1136E+01     C          15

 BOND    =      822.8398  ANGLE   =        1.0948  DIHED      =        9.6167
 VDWAALS =     1979.9097  EEL     =   -13967.0419  HBOND      =        0.0000
 1-4 VDW =        3.2429  1-4 EEL =       44.5800  RESTRAINT  =        0.0569
 EAMBER  =   -11105.7579


   NSTEP       ENERGY          RMS            GMAX         NAME    NUMBER
    420      -1.1120E+04     7.6447E-01     2.1324E+01     CH3        19

 BOND    =      820.6099  ANGLE   =        1.5111  DIHED      =        9.6918
 VDWAALS =     2006.1199  EEL     =   -14005.7982  HBOND      =        0.0000
 1-4 VDW =        3.2775  1-4 EEL =       44.1543  RESTRAINT  =        0.1670
 EAMBER  =   -11120.4337


   NSTEP       ENERGY          RMS            GMAX         NAME    NUMBER
    440      -1.1142E+04     5.3319E-01     1.9252E+01     C          15

 BOND    =      830.7757  ANGLE   =        1.2661  DIHED      =        9.8032
 VDWAALS =     2021.2089  EEL     =   -14053.5493  HBOND      =        0.0000
 1-4 VDW =        3.1310  1-4 EEL =       44.9172  RESTRAINT  =        0.1294
 EAMBER  =   -11142.4473


   NSTEP       ENERGY          RMS            GMAX         NAME    NUMBER
    460      -1.1152E+04     4.6121E-01     1.0813E+01     CB         11

 BOND    =      826.9478  ANGLE   =        1.4732  DIHED      =        9.9831
 VDWAALS =     2027.7165  EEL     =   -14066.5976  HBOND      =        0.0000
 1-4 VDW =        3.1303  1-4 EEL =       45.0685  RESTRAINT  =        0.1246
 EAMBER  =   -11152.2782


   NSTEP       ENERGY          RMS            GMAX         NAME    NUMBER
    480      -1.1167E+04     4.2848E-01     8.3505E+00     HH31        1

 BOND    =      836.3142  ANGLE   =        1.4786  DIHED      =       10.1371
 VDWAALS =     2053.1312  EEL     =   -14116.2850  HBOND      =        0.0000
 1-4 VDW =        3.2351  1-4 EEL =       44.8519  RESTRAINT  =        0.0687
 EAMBER  =   -11167.1370


   NSTEP       ENERGY          RMS            GMAX         NAME    NUMBER
    500      -1.1179E+04     3.4371E-01     9.0313E+00     HA         10

 BOND    =      836.5730  ANGLE   =        1.2789  DIHED      =       10.0571
 VDWAALS =     2056.2746  EEL     =   -14131.2774  HBOND      =        0.0000
 1-4 VDW =        3.2335  1-4 EEL =       44.7403  RESTRAINT  =        0.0534
 EAMBER  =   -11179.1200


   NSTEP       ENERGY          RMS            GMAX         NAME    NUMBER
    520      -1.1188E+04     5.2957E-01     1.4333E+01     C          15

 BOND    =      832.7088  ANGLE   =        1.3427  DIHED      =       10.1677
 VDWAALS =     2070.3604  EEL     =   -14150.7787  HBOND      =        0.0000
 1-4 VDW =        3.2783  1-4 EEL =       44.7919  RESTRAINT  =        0.0680
 EAMBER  =   -11188.1289


   NSTEP       ENERGY          RMS            GMAX         NAME    NUMBER
    540      -1.1202E+04     4.6224E-01     1.0832E+01     O           6

 BOND    =      842.4371  ANGLE   =        1.0023  DIHED      =       10.4025
 VDWAALS =     2078.4441  EEL     =   -14183.3371  HBOND      =        0.0000
 1-4 VDW =        3.1906  1-4 EEL =       45.4277  RESTRAINT  =        0.1675
 EAMBER  =   -11202.4328


   NSTEP       ENERGY          RMS            GMAX         NAME    NUMBER
    560      -1.1209E+04     4.3262E-01     9.4459E+00     CA          9

 BOND    =      835.0123  ANGLE   =        1.2966  DIHED      =       10.5481
 VDWAALS =     2083.0062  EEL     =   -14187.4566  HBOND      =        0.0000
 1-4 VDW =        3.1444  1-4 EEL =       45.5217  RESTRAINT  =        0.1373
 EAMBER  =   -11208.9273


   NSTEP       ENERGY          RMS            GMAX         NAME    NUMBER
    580      -1.1221E+04     4.5187E-01     9.5890E+00     C          15

 BOND    =      847.6475  ANGLE   =        1.3508  DIHED      =       10.7270
 VDWAALS =     2099.6065  EEL     =   -14229.1292  HBOND      =        0.0000
 1-4 VDW =        3.1005  1-4 EEL =       45.3030  RESTRAINT  =        0.1241
 EAMBER  =   -11221.3938


   NSTEP       ENERGY          RMS            GMAX         NAME    NUMBER
    600      -1.1232E+04     4.2978E-01     1.3085E+01     C          15

 BOND    =      844.4115  ANGLE   =        1.1995  DIHED      =       10.5412
 VDWAALS =     2101.9893  EEL     =   -14238.9342  HBOND      =        0.0000
 1-4 VDW =        3.1512  1-4 EEL =       45.2802  RESTRAINT  =        0.0870
 EAMBER  =   -11232.3613


   NSTEP       ENERGY          RMS            GMAX         NAME    NUMBER
    620      -1.1241E+04     4.8343E-01     1.2377E+01     C          15

 BOND    =      840.7232  ANGLE   =        0.9972  DIHED      =       10.5493
 VDWAALS =     2111.3200  EEL     =   -14252.8878  HBOND      =        0.0000
 1-4 VDW =        3.2277  1-4 EEL =       45.2265  RESTRAINT  =        0.0602
 EAMBER  =   -11240.8439


   NSTEP       ENERGY          RMS            GMAX         NAME    NUMBER
    640      -1.1254E+04     2.8608E-01     5.2807E+00     CH3         2

 BOND    =      850.7866  ANGLE   =        0.9099  DIHED      =       10.6005
 VDWAALS =     2118.0760  EEL     =   -14283.1407  HBOND      =        0.0000
 1-4 VDW =        3.2554  1-4 EEL =       45.5478  RESTRAINT  =        0.1256
 EAMBER  =   -11253.9646


   NSTEP       ENERGY          RMS            GMAX         NAME    NUMBER
    660      -1.1260E+04     3.5670E-01     8.9085E+00     N           7

 BOND    =      845.6480  ANGLE   =        0.9468  DIHED      =       10.7075
 VDWAALS =     2122.2391  EEL     =   -14288.6251  HBOND      =        0.0000
 1-4 VDW =        3.2718  1-4 EEL =       45.6781  RESTRAINT  =        0.1257
 EAMBER  =   -11260.1338


   NSTEP       ENERGY          RMS            GMAX         NAME    NUMBER
    680      -1.1271E+04     3.5057E-01     9.3591E+00     C          15

 BOND    =      854.7554  ANGLE   =        1.0798  DIHED      =       10.7305
 VDWAALS =     2137.3958  EEL     =   -14323.3290  HBOND      =        0.0000
 1-4 VDW =        3.0584  1-4 EEL =       45.5205  RESTRAINT  =        0.0893
 EAMBER  =   -11270.7885


   NSTEP       ENERGY          RMS            GMAX         NAME    NUMBER
    700      -1.1279E+04     4.0544E-01     1.0055E+01     C           5

 BOND    =      853.5657  ANGLE   =        1.0481  DIHED      =       10.5127
 VDWAALS =     2139.9984  EEL     =   -14332.3329  HBOND      =        0.0000
 1-4 VDW =        3.1071  1-4 EEL =       45.3971  RESTRAINT  =        0.1005
 EAMBER  =   -11278.7037


   NSTEP       ENERGY          RMS            GMAX         NAME    NUMBER
    720      -1.1284E+04     4.3546E-01     1.1798E+01     C          15

 BOND    =      852.0384  ANGLE   =        1.0332  DIHED      =       10.5043
 VDWAALS =     2145.3350  EEL     =   -14341.7490  HBOND      =        0.0000
 1-4 VDW =        3.1575  1-4 EEL =       45.2339  RESTRAINT  =        0.0585
 EAMBER  =   -11284.4467


   NSTEP       ENERGY          RMS            GMAX         NAME    NUMBER
    740      -1.1293E+04     4.3534E-01     1.4155E+01     C           5

 BOND    =      855.0925  ANGLE   =        1.0503  DIHED      =       10.5069
 VDWAALS =     2149.6172  EEL     =   -14357.6980  HBOND      =        0.0000
 1-4 VDW =        3.1733  1-4 EEL =       45.5142  RESTRAINT  =        0.1184
 EAMBER  =   -11292.7435


   NSTEP       ENERGY          RMS            GMAX         NAME    NUMBER
    760      -1.1298E+04     2.7643E-01     6.5108E+00     N          17

 BOND    =      852.7939  ANGLE   =        0.9162  DIHED      =       10.5620
 VDWAALS =     2153.0804  EEL     =   -14363.9121  HBOND      =        0.0000
 1-4 VDW =        3.2076  1-4 EEL =       45.5546  RESTRAINT  =        0.0945
 EAMBER  =   -11297.7973


   NSTEP       ENERGY          RMS            GMAX         NAME    NUMBER
    780      -1.1305E+04     2.9195E-01     8.8609E+00     C          15

 BOND    =      859.0966  ANGLE   =        1.0463  DIHED      =       10.5572
 VDWAALS =     2161.8196  EEL     =   -14385.9134  HBOND      =        0.0000
 1-4 VDW =        3.1065  1-4 EEL =       45.4597  RESTRAINT  =        0.0752
 EAMBER  =   -11304.8276


   NSTEP       ENERGY          RMS            GMAX         NAME    NUMBER
    800      -1.1312E+04     5.5354E-01     1.4676E+01     C          15

 BOND    =      862.7498  ANGLE   =        1.2078  DIHED      =       10.3932
 VDWAALS =     2166.0463  EEL     =   -14400.7205  HBOND      =        0.0000
 1-4 VDW =        3.1194  1-4 EEL =       45.3516  RESTRAINT  =        0.1690
 EAMBER  =   -11311.8523


   NSTEP       ENERGY          RMS            GMAX         NAME    NUMBER
    820      -1.1317E+04     4.2853E-01     1.1064E+01     C          15

 BOND    =      857.2356  ANGLE   =        1.1772  DIHED      =       10.4046
 VDWAALS =     2169.4299  EEL     =   -14403.8140  HBOND      =        0.0000
 1-4 VDW =        3.2404  1-4 EEL =       45.0758  RESTRAINT  =        0.1287
 EAMBER  =   -11317.2506


   NSTEP       ENERGY          RMS            GMAX         NAME    NUMBER
    840      -1.1325E+04     3.3424E-01     8.7320E+00     C           5

 BOND    =      863.4527  ANGLE   =        0.9696  DIHED      =       10.3833
 VDWAALS =     2172.4833  EEL     =   -14420.7500  HBOND      =        0.0000
 1-4 VDW =        3.1937  1-4 EEL =       45.4071  RESTRAINT  =        0.1098
 EAMBER  =   -11324.8602


   NSTEP       ENERGY          RMS            GMAX         NAME    NUMBER
    860      -1.1329E+04     3.0329E-01     9.8258E+00     C          15

 BOND    =      858.1100  ANGLE   =        0.9430  DIHED      =       10.4209
 VDWAALS =     2174.8739  EEL     =   -14422.2278  HBOND      =        0.0000
 1-4 VDW =        3.1739  1-4 EEL =       45.4295  RESTRAINT  =        0.0760
 EAMBER  =   -11329.2766


   NSTEP       ENERGY          RMS            GMAX         NAME    NUMBER
    880      -1.1335E+04     3.1223E-01     7.8871E+00     C          15

 BOND    =      866.8759  ANGLE   =        1.0745  DIHED      =       10.5062
 VDWAALS =     2180.6610  EEL     =   -14442.6720  HBOND      =        0.0000
 1-4 VDW =        3.0723  1-4 EEL =       45.3731  RESTRAINT  =        0.1075
 EAMBER  =   -11335.1090


   NSTEP       ENERGY          RMS            GMAX         NAME    NUMBER
    900      -1.1340E+04     3.7044E-01     8.7989E+00     O           6

 BOND    =      867.7868  ANGLE   =        1.1852  DIHED      =       10.2938
 VDWAALS =     2181.9224  EEL     =   -14450.0446  HBOND      =        0.0000
 1-4 VDW =        3.1316  1-4 EEL =       45.3193  RESTRAINT  =        0.1217
 EAMBER  =   -11340.4055


   NSTEP       ENERGY          RMS            GMAX         NAME    NUMBER
    920      -1.1344E+04     3.6017E-01     7.9170E+00     C          15

 BOND    =      860.6595  ANGLE   =        1.0137  DIHED      =       10.2759
 VDWAALS =     2184.0946  EEL     =   -14448.6183  HBOND      =        0.0000
 1-4 VDW =        3.2179  1-4 EEL =       45.2023  RESTRAINT  =        0.0837
 EAMBER  =   -11344.1545


   NSTEP       ENERGY          RMS            GMAX         NAME    NUMBER
    940      -1.1349E+04     2.4003E-01     5.8856E+00     N          17

 BOND    =      868.2865  ANGLE   =        0.9349  DIHED      =       10.2840
 VDWAALS =     2186.4984  EEL     =   -14463.9017  HBOND      =        0.0000
 1-4 VDW =        3.2731  1-4 EEL =       45.4311  RESTRAINT  =        0.1453
 EAMBER  =   -11349.1937


   NSTEP       ENERGY          RMS            GMAX         NAME    NUMBER
    960      -1.1352E+04     2.9394E-01     1.0056E+01     N           7

 BOND    =      862.9642  ANGLE   =        0.9804  DIHED      =       10.3441
 VDWAALS =     2188.0923  EEL     =   -14463.1581  HBOND      =        0.0000
 1-4 VDW =        3.2255  1-4 EEL =       45.4857  RESTRAINT  =        0.0826
 EAMBER  =   -11352.0660


   NSTEP       ENERGY          RMS            GMAX         NAME    NUMBER
    980      -1.1356E+04     5.3301E-01     1.4701E+01     C          15

 BOND    =      866.4070  ANGLE   =        1.2582  DIHED      =       10.2348
 VDWAALS =     2191.8934  EEL     =   -14474.3561  HBOND      =        0.0000
 1-4 VDW =        3.1251  1-4 EEL =       45.4191  RESTRAINT  =        0.0853
 EAMBER  =   -11356.0186


   NSTEP       ENERGY          RMS            GMAX         NAME    NUMBER
   1000      -1.1360E+04     4.0130E-01     9.8550E+00     O           6

 BOND    =      871.2301  ANGLE   =        1.1263  DIHED      =       10.2031
 VDWAALS =     2194.1598  EEL     =   -14485.3038  HBOND      =        0.0000
 1-4 VDW =        3.1662  1-4 EEL =       45.3511  RESTRAINT  =        0.1133
 EAMBER  =   -11360.0670


  Maximum number of minimization cycles reached.


                    FINAL RESULTS



   NSTEP       ENERGY          RMS            GMAX         NAME    NUMBER
   1000      -1.1360E+04     4.0130E-01     9.8550E+00     O           6

 BOND    =      871.2301  ANGLE   =        1.1263  DIHED      =       10.2031
 VDWAALS =     2194.1598  EEL     =   -14485.3038  HBOND      =        0.0000
 1-4 VDW =        3.1662  1-4 EEL =       45.3511  RESTRAINT  =        0.1133
 EAMBER  =   -11360.0670

--------------------------------------------------------------------------------
   5.  TIMINGS
--------------------------------------------------------------------------------

|                Build the list             0.08 (58.94% of List )
|                Other                      0.06 (41.06% of List )
|             List time                  0.14 ( 1.39% of Nonbo)
|                   Short_ene time             6.57 (96.88% of Direc)
|                   Other                      0.21 ( 3.12% of Direc)
|                Direct Ewald time          6.78 (69.99% of Ewald)
|                Adjust Ewald time          0.04 ( 0.43% of Ewald)
|                Self Ewald time            0.00 ( 0.02% of Ewald)
|                   Fill Bspline coeffs        0.14 ( 6.06% of Recip)
|                   Fill charge grid           0.14 ( 6.20% of Recip)
|                   Scalar sum                 0.58 (25.03% of Recip)
|                   Grad sum                   0.33 (14.26% of Recip)
|                      FFT back comm time         0.21 (19.84% of FFT t)
|                      Other                      0.85 (80.16% of FFT t)
|                   FFT time                   1.06 (46.31% of Recip)
|                   Other                      0.05 ( 2.14% of Recip)
|                Recip Ewald time           2.30 (23.73% of Ewald)
|                Force Adjust               0.50 ( 5.11% of Ewald)
|                Virial junk                0.06 ( 0.66% of Ewald)
|                Start synchronizatio       0.00 ( 0.01% of Ewald)
|                Other                      0.01 ( 0.06% of Ewald)
|             Ewald time                 9.69 (98.60% of Nonbo)
|             Other                      0.00 ( 0.01% of Nonbo)
|          Nonbond force              9.83 (94.38% of Force)
|          Bond/Angle/Dihedral        0.03 ( 0.30% of Force)
|          FRC Collect time           0.22 ( 2.13% of Force)
|          Other                      0.33 ( 3.18% of Force)
|       Force time                10.41 (100.0% of Runmd)
|    Runmd Time                10.41 ( 5.59% of Total)
|    Other                    175.67 (94.40% of Total)
| Total time               186.09 (100.0% of ALL  )

| Highest rstack allocated:      39208
| Highest istack allocated:        830
|           Job began  at 14:43:31.695  on 03/14/2017
|           Setup done at 14:43:31.785  on 03/14/2017
|           Run   done at 14:46:37.788  on 03/14/2017
|     wallclock() was called   44068 times
