
          -------------------------------------------------------
          Amber 16 SANDER                              2016
          -------------------------------------------------------

| Run on 03/14/2017 at 14:36:32

|   Executable path: sander.MPI
| Working directory: /home/steboss/projects/mdgx-tests/alanine/IPOLQ/input/PhiPsi_1/240/195
|          Hostname: node011

  [-O]verwriting output

File Assignments:
|  MDIN: min.in                                                                
| MDOUT: Conf195.min.out                                                       
|INPCRD: Conf195.crd                                                           
|  PARM: Conf195.top                                                           
|RESTRT: Conf195.min                                                           
|  REFC: Conf195.crd                                                           
| MDVEL: mdvel                                                                 
| MDFRC: mdfrc                                                                 
|  MDEN: mden                                                                  
| MDCRD: mdcrd                                                                 
|MDINFO: mdinfo                                                                
|  MTMD: mtmd                                                                  
|INPDIP: inpdip                                                                
|RSTDIP: rstdip                                                                
|INPTRA: inptraj                                                               

|    REMLOG: rem.log
|   REMTYPE: rem.type
|  REMSTRIP: 
|   SAVEENE: saveene
|CLUSTERINF: cluster.info
| RESERVOIR: reserv/frame
|   REMDDIM: 


 Here is the input file:

Initial minimization                                                           
 &cntrl                                                                        
  ntx    = 1,       irest  = 0,       ntrx   = 1,      ntxo   = 1,             
  ntpr   = 20,      ntwx   = 0,       ntwv   = 0,      ntwe   = 0,             
                                                                               
  ntf    = 1,       ntb    = 1,                                                
  ntc    = 1,       ntr    = 1,                                                
  restraintmask = ':1',                                                        
  restraint_wt = 100.0,                                                        
  cut    = 9.0,                                                                
                                                                               
  imin   = 1,                                                                  
  maxcyc = 1000,                                                               
  ncyc   = 100,                                                                
                                                                               
 &end                                                                          

--------------------------------------------------------------------------------
   1.  RESOURCE   USE: 
--------------------------------------------------------------------------------

| Flags: MPI                                                                    
 getting new box info from bottom of inpcrd
|  INFO: Old style inpcrd file read

| peek_ewald_inpcrd: Box info found
|Largest sphere to fit in unit cell has radius =    14.705
| New format PARM file being parsed.
| Version =    1.000 Date = 03/14/17 Time = 13:39:08
 NATOM  =    2983 NTYPES =       9 NBONH =    2973 MBONA  =       9
 NTHETH =      25 MTHETA =      11 NPHIH =      43 MPHIA  =      24
 NHPARM =       0 NPARM  =       0 NNB   =    4047 NRES   =     990
 NBONA  =       9 NTHETA =      11 NPHIA =      24 NUMBND =      10
 NUMANG =      16 NPTRA  =      19 NATYP =       9 NPHB   =       1
 IFBOX  =       2 NMXRS  =      10 IFCAP =       0 NEXTRA =       0
 NCOPY  =       0


|     Memory Use     Allocated
|     Real              340539
|     Hollerith           9941
|     Integer            90996
|     Max Pairs         330864
|     nblistReal         35796
|     nblist Int         99942
|       Total             5017 kbytes

| Note: 1-4 EEL scale factors are being read from the topology file.

| Note: 1-4 VDW scale factors are being read from the topology file.
| Duplicated    0 dihedrals
| Duplicated    0 dihedrals

     BOX TYPE: TRUNCATED OCTAHEDRON

--------------------------------------------------------------------------------
   2.  CONTROL  DATA  FOR  THE  RUN
--------------------------------------------------------------------------------

default_name                                                                    

General flags:
     imin    =       1, nmropt  =       0

Nature and format of input:
     ntx     =       1, irest   =       0, ntrx    =       1

Nature and format of output:
     ntxo    =       1, ntpr    =      20, ntrx    =       1, ntwr    =       1
     iwrap   =       0, ntwx    =       0, ntwv    =       0, ntwe    =       0
     ioutfm  =       1, ntwprt  =       0, idecomp =       0, rbornstat=      0

Potential function:
     ntf     =       1, ntb     =       1, igb     =       0, nsnb    =      25
     ipol    =       0, gbsa    =       0, iesp    =       0
     dielc   =   1.00000, cut     =   9.00000, intdiel =   1.00000

Frozen or restrained atoms:
     ibelly  =       0, ntr     =       1
     restraint_wt = 100.00000

Energy minimization:
     maxcyc  =    1000, ncyc    =     100, ntmin   =       1
     dx0     =   0.01000, drms    =   0.00010

Ewald parameters:
     verbose =       0, ew_type =       0, nbflag  =       1, use_pme =       1
     vdwmeth =       1, eedmeth =       1, netfrc  =       0
     Box X =   36.019   Box Y =   36.019   Box Z =   36.019
     Alpha =  109.471   Beta  =  109.471   Gamma =  109.471
     NFFT1 =   36       NFFT2 =   36       NFFT3 =   36
     Cutoff=    9.000   Tol   =0.100E-04
     Ewald Coefficient =  0.30768
     Interpolation order =    4

| MPI Timing options:
|      profile_mpi =        0

    LOADING THE CONSTRAINED ATOMS AS GROUPS


   5.  REFERENCE ATOM COORDINATES

  defa
     Mask :1; matches     6 atoms

--------------------------------------------------------------------------------
   3.  ATOMIC COORDINATES AND VELOCITIES
--------------------------------------------------------------------------------

default_name                                                                    
 begin time read from input coords =     0.000 ps

 Number of triangulated 3-point waters found:      987
|  Atom division among processors:
|         0     373     745    1117    1489    1861    2233    2605
|      2983

     Sum of charges from parm topology file =  -0.00000000
     Forcing neutrality...
|  Running AMBER/MPI version on    8 nodes


--------------------------------------------------------------------------------
   4.  RESULTS
--------------------------------------------------------------------------------

 ---------------------------------------------------
 APPROXIMATING switch and d/dx switch using CUBIC SPLINE INTERPOLATION
 using   5000.0 points per unit in tabled values
 TESTING RELATIVE ERROR over r ranging from 0.0 to cutoff
| CHECK switch(x): max rel err =   0.2738E-14   at   2.422500
| CHECK d/dx switch(x): max rel err =   0.8314E-11   at   2.736960
 ---------------------------------------------------
| Local SIZE OF NONBOND LIST =      93666
| TOTAL SIZE OF NONBOND LIST =     689494


   NSTEP       ENERGY          RMS            GMAX         NAME    NUMBER
      1      -8.3470E+03     1.2173E+01     5.9528E+01     O         320

 BOND    =        0.4619  ANGLE   =        1.0266  DIHED      =        9.2999
 VDWAALS =      915.4373  EEL     =    -9323.1158  HBOND      =        0.0000
 1-4 VDW =        3.1764  1-4 EEL =       46.7393  RESTRAINT  =        0.0000


   NSTEP       ENERGY          RMS            GMAX         NAME    NUMBER
     20      -9.2064E+03     2.6797E+00     1.9815E+01     O         404

 BOND    =      483.4349  ANGLE   =        0.9677  DIHED      =        9.2853
 VDWAALS =      865.3958  EEL     =   -10615.3570  HBOND      =        0.0000
 1-4 VDW =        3.1694  1-4 EEL =       46.6567  RESTRAINT  =        0.0071
 EAMBER  =    -9206.4471


   NSTEP       ENERGY          RMS            GMAX         NAME    NUMBER
     40      -9.8447E+03     1.5830E+00     6.9851E+00     O        2783

 BOND    =      530.7961  ANGLE   =        0.9314  DIHED      =        9.2298
 VDWAALS =      906.4379  EEL     =   -11341.9227  HBOND      =        0.0000
 1-4 VDW =        3.1518  1-4 EEL =       46.6461  RESTRAINT  =        0.0094
 EAMBER  =    -9844.7296


   NSTEP       ENERGY          RMS            GMAX         NAME    NUMBER
     60      -1.0086E+04     3.3175E+00     1.0468E+01     H1       2190

 BOND    =      505.7635  ANGLE   =        0.9285  DIHED      =        9.1879
 VDWAALS =      943.4578  EEL     =   -11595.2337  HBOND      =        0.0000
 1-4 VDW =        3.1310  1-4 EEL =       46.6407  RESTRAINT  =        0.0088
 EAMBER  =   -10086.1244


   NSTEP       ENERGY          RMS            GMAX         NAME    NUMBER
     80      -1.0238E+04     3.8934E+00     1.3024E+01     H2       1306

 BOND    =      512.2607  ANGLE   =        0.9279  DIHED      =        9.1548
 VDWAALS =      978.6005  EEL     =   -11789.1857  HBOND      =        0.0000
 1-4 VDW =        3.1129  1-4 EEL =       46.6336  RESTRAINT  =        0.0084
 EAMBER  =   -10238.4950


   NSTEP       ENERGY          RMS            GMAX         NAME    NUMBER
    100      -1.0375E+04     9.2674E-01     4.2375E+00     H2        514

 BOND    =      607.2885  ANGLE   =        0.9167  DIHED      =        9.1259
 VDWAALS =     1012.4338  EEL     =   -12054.3579  HBOND      =        0.0000
 1-4 VDW =        3.0984  1-4 EEL =       46.6305  RESTRAINT  =        0.0083
 EAMBER  =   -10374.8642


   NSTEP       ENERGY          RMS            GMAX         NAME    NUMBER
    120      -1.0866E+04     4.2435E+00     7.6666E+01     H1       1248

 BOND    =      745.3722  ANGLE   =        1.0154  DIHED      =        8.8841
 VDWAALS =     1440.4177  EEL     =   -13111.7167  HBOND      =        0.0000
 1-4 VDW =        2.9846  1-4 EEL =       46.5598  RESTRAINT  =        0.0131
 EAMBER  =   -10866.4828


   NSTEP       ENERGY          RMS            GMAX         NAME    NUMBER
    140      -1.1037E+04     1.5683E+00     2.3763E+01     O        2588

 BOND    =      732.6421  ANGLE   =        1.2380  DIHED      =        8.8450
 VDWAALS =     1454.8300  EEL     =   -13283.9814  HBOND      =        0.0000
 1-4 VDW =        2.9961  1-4 EEL =       46.5137  RESTRAINT  =        0.0085
 EAMBER  =   -11036.9165


   NSTEP       ENERGY          RMS            GMAX         NAME    NUMBER
    160      -1.1139E+04     1.6647E+00     2.2815E+01     O         536

 BOND    =      733.0766  ANGLE   =        0.9320  DIHED      =        8.7999
 VDWAALS =     1456.3029  EEL     =   -13387.5798  HBOND      =        0.0000
 1-4 VDW =        2.9152  1-4 EEL =       46.5208  RESTRAINT  =        0.0148
 EAMBER  =   -11139.0324


   NSTEP       ENERGY          RMS            GMAX         NAME    NUMBER
    180      -1.1249E+04     9.7173E-01     1.2403E+01     H          18

 BOND    =      765.0102  ANGLE   =        1.3989  DIHED      =        8.7406
 VDWAALS =     1610.6735  EEL     =   -13684.3574  HBOND      =        0.0000
 1-4 VDW =        2.9487  1-4 EEL =       46.2602  RESTRAINT  =        0.0396
 EAMBER  =   -11249.3253


   NSTEP       ENERGY          RMS            GMAX         NAME    NUMBER
    200      -1.1335E+04     1.0073E+00     2.0257E+01     CH3        19

 BOND    =      783.0797  ANGLE   =        1.1173  DIHED      =        8.7636
 VDWAALS =     1627.7386  EEL     =   -13805.2010  HBOND      =        0.0000
 1-4 VDW =        2.7972  1-4 EEL =       46.3283  RESTRAINT  =        0.0773
 EAMBER  =   -11335.3763


   NSTEP       ENERGY          RMS            GMAX         NAME    NUMBER
    220      -1.1392E+04     1.1475E+00     2.9311E+01     C          15

 BOND    =      767.9511  ANGLE   =        1.6527  DIHED      =        8.8411
 VDWAALS =     1665.7140  EEL     =   -13885.1236  HBOND      =        0.0000
 1-4 VDW =        2.8098  1-4 EEL =       46.3544  RESTRAINT  =        0.1471
 EAMBER  =   -11391.8005


   NSTEP       ENERGY          RMS            GMAX         NAME    NUMBER
    240      -1.1445E+04     5.7854E-01     1.2439E+01     CH3        19

 BOND    =      796.8141  ANGLE   =        0.8152  DIHED      =        8.6905
 VDWAALS =     1710.2180  EEL     =   -14011.2001  HBOND      =        0.0000
 1-4 VDW =        2.7851  1-4 EEL =       46.4641  RESTRAINT  =        0.0168
 EAMBER  =   -11445.4130


   NSTEP       ENERGY          RMS            GMAX         NAME    NUMBER
    260      -1.1514E+04     1.3855E+00     3.7632E+01     N          17

 BOND    =      787.0008  ANGLE   =        1.2340  DIHED      =        8.7906
 VDWAALS =     1772.3205  EEL     =   -14132.3902  HBOND      =        0.0000
 1-4 VDW =        2.8776  1-4 EEL =       46.4258  RESTRAINT  =        0.1619
 EAMBER  =   -11513.7408


   NSTEP       ENERGY          RMS            GMAX         NAME    NUMBER
    280      -1.1545E+04     5.3183E-01     6.9310E+00     HH31       20

 BOND    =      813.5330  ANGLE   =        0.7078  DIHED      =        8.5933
 VDWAALS =     1804.7706  EEL     =   -14222.0356  HBOND      =        0.0000
 1-4 VDW =        2.8842  1-4 EEL =       46.3768  RESTRAINT  =        0.0791
 EAMBER  =   -11545.1699


   NSTEP       ENERGY          RMS            GMAX         NAME    NUMBER
    300      -1.1598E+04     1.4468E+00     2.9384E+01     C          15

 BOND    =      836.2129  ANGLE   =        2.3577  DIHED      =        8.8433
 VDWAALS =     1860.0756  EEL     =   -14355.4773  HBOND      =        0.0000
 1-4 VDW =        3.0864  1-4 EEL =       46.6203  RESTRAINT  =        0.2541
 EAMBER  =   -11598.2811


   NSTEP       ENERGY          RMS            GMAX         NAME    NUMBER
    320      -1.1637E+04     7.0068E-01     2.2612E+01     C           5

 BOND    =      815.2029  ANGLE   =        1.0475  DIHED      =        8.6379
 VDWAALS =     1869.5818  EEL     =   -14380.6006  HBOND      =        0.0000
 1-4 VDW =        2.8897  1-4 EEL =       46.4706  RESTRAINT  =        0.1156
 EAMBER  =   -11636.7702


   NSTEP       ENERGY          RMS            GMAX         NAME    NUMBER
    340      -1.1659E+04     4.5114E-01     7.7092E+00     CH3        19

 BOND    =      840.5039  ANGLE   =        0.9498  DIHED      =        8.6411
 VDWAALS =     1887.6330  EEL     =   -14445.5929  HBOND      =        0.0000
 1-4 VDW =        2.7057  1-4 EEL =       46.4207  RESTRAINT  =        0.0125
 EAMBER  =   -11658.7387


   NSTEP       ENERGY          RMS            GMAX         NAME    NUMBER
    360      -1.1721E+04     1.0105E+00     3.1178E+01     C          15

 BOND    =      835.1314  ANGLE   =        0.8917  DIHED      =        8.8616
 VDWAALS =     1942.0459  EEL     =   -14557.2247  HBOND      =        0.0000
 1-4 VDW =        2.6356  1-4 EEL =       46.2126  RESTRAINT  =        0.0955
 EAMBER  =   -11721.4460


   NSTEP       ENERGY          RMS            GMAX         NAME    NUMBER
    380      -1.1743E+04     3.5234E-01     6.9004E+00     HH31       20

 BOND    =      852.3141  ANGLE   =        0.9719  DIHED      =        8.5603
 VDWAALS =     1964.3889  EEL     =   -14618.7284  HBOND      =        0.0000
 1-4 VDW =        2.9757  1-4 EEL =       46.2730  RESTRAINT  =        0.0466
 EAMBER  =   -11743.2446


   NSTEP       ENERGY          RMS            GMAX         NAME    NUMBER
    400      -1.1796E+04     1.0514E+00     1.9125E+01     N           7

 BOND    =      870.4878  ANGLE   =        2.5896  DIHED      =        8.6486
 VDWAALS =     2036.2167  EEL     =   -14764.5605  HBOND      =        0.0000
 1-4 VDW =        3.4394  1-4 EEL =       46.7063  RESTRAINT  =        0.1447
 EAMBER  =   -11796.4721


   NSTEP       ENERGY          RMS            GMAX         NAME    NUMBER
    420      -1.1830E+04     4.9307E-01     1.3278E+01     N           7

 BOND    =      859.4059  ANGLE   =        0.8308  DIHED      =        8.5492
 VDWAALS =     2045.7184  EEL     =   -14793.7352  HBOND      =        0.0000
 1-4 VDW =        2.9445  1-4 EEL =       46.4448  RESTRAINT  =        0.0253
 EAMBER  =   -11829.8417


   NSTEP       ENERGY          RMS            GMAX         NAME    NUMBER
    440      -1.1842E+04     5.6831E-01     1.7299E+01     C          15

 BOND    =      878.4200  ANGLE   =        2.1744  DIHED      =        8.7506
 VDWAALS =     2053.3784  EEL     =   -14833.3326  HBOND      =        0.0000
 1-4 VDW =        2.5477  1-4 EEL =       46.3209  RESTRAINT  =        0.0796
 EAMBER  =   -11841.7405


   NSTEP       ENERGY          RMS            GMAX         NAME    NUMBER
    460      -1.1891E+04     8.6717E-01     3.0748E+01     N          17

 BOND    =      878.1353  ANGLE   =        0.7234  DIHED      =        8.8286
 VDWAALS =     2100.1603  EEL     =   -14927.7224  HBOND      =        0.0000
 1-4 VDW =        2.6683  1-4 EEL =       46.1992  RESTRAINT  =        0.0504
 EAMBER  =   -11891.0073


   NSTEP       ENERGY          RMS            GMAX         NAME    NUMBER
    480      -1.1908E+04     4.5461E-01     9.3580E+00     O         734

 BOND    =      886.9909  ANGLE   =        1.1410  DIHED      =        8.5976
 VDWAALS =     2116.8390  EEL     =   -14971.2974  HBOND      =        0.0000
 1-4 VDW =        3.0895  1-4 EEL =       46.6807  RESTRAINT  =        0.1047
 EAMBER  =   -11907.9588


   NSTEP       ENERGY          RMS            GMAX         NAME    NUMBER
    500      -1.1926E+04     6.5032E-01     2.1091E+01     C          15

 BOND    =      891.0434  ANGLE   =        1.3533  DIHED      =        8.8072
 VDWAALS =     2125.5764  EEL     =   -15001.9880  HBOND      =        0.0000
 1-4 VDW =        3.0797  1-4 EEL =       46.3342  RESTRAINT  =        0.0975
 EAMBER  =   -11925.7938


   NSTEP       ENERGY          RMS            GMAX         NAME    NUMBER
    520      -1.1937E+04     5.4530E-01     1.8603E+01     C          15

 BOND    =      882.6577  ANGLE   =        0.9849  DIHED      =        8.6110
 VDWAALS =     2137.5318  EEL     =   -15015.5217  HBOND      =        0.0000
 1-4 VDW =        2.8442  1-4 EEL =       46.1465  RESTRAINT  =        0.0447
 EAMBER  =   -11936.7456


   NSTEP       ENERGY          RMS            GMAX         NAME    NUMBER
    540      -1.1948E+04     3.7394E-01     1.0447E+01     C          15

 BOND    =      895.2923  ANGLE   =        1.0184  DIHED      =        8.6722
 VDWAALS =     2143.2782  EEL     =   -15045.4133  HBOND      =        0.0000
 1-4 VDW =        2.7052  1-4 EEL =       46.0950  RESTRAINT  =        0.0457
 EAMBER  =   -11948.3520


   NSTEP       ENERGY          RMS            GMAX         NAME    NUMBER
    560      -1.1962E+04     3.6497E-01     1.0553E+01     N          17

 BOND    =      891.9854  ANGLE   =        0.5832  DIHED      =        8.6298
 VDWAALS =     2155.3759  EEL     =   -15067.5925  HBOND      =        0.0000
 1-4 VDW =        2.8797  1-4 EEL =       46.2928  RESTRAINT  =        0.0351
 EAMBER  =   -11961.8457


   NSTEP       ENERGY          RMS            GMAX         NAME    NUMBER
    580      -1.1971E+04     3.5519E-01     7.3582E+00     C           5

 BOND    =      896.5782  ANGLE   =        0.9859  DIHED      =        8.5651
 VDWAALS =     2168.6738  EEL     =   -15095.3706  HBOND      =        0.0000
 1-4 VDW =        2.9609  1-4 EEL =       46.2740  RESTRAINT  =        0.0600
 EAMBER  =   -11971.3327


   NSTEP       ENERGY          RMS            GMAX         NAME    NUMBER
    600      -1.1983E+04     8.3656E-01     1.9285E+01     N          17

 BOND    =      903.6705  ANGLE   =        1.6666  DIHED      =        8.7322
 VDWAALS =     2178.6179  EEL     =   -15125.5646  HBOND      =        0.0000
 1-4 VDW =        3.1052  1-4 EEL =       46.3069  RESTRAINT  =        0.2132
 EAMBER  =   -11983.4652


   NSTEP       ENERGY          RMS            GMAX         NAME    NUMBER
    620      -1.1993E+04     3.7121E-01     1.2733E+01     C          15

 BOND    =      896.8180  ANGLE   =        0.9345  DIHED      =        8.6185
 VDWAALS =     2185.7615  EEL     =   -15133.9622  HBOND      =        0.0000
 1-4 VDW =        2.7874  1-4 EEL =       46.2570  RESTRAINT  =        0.0690
 EAMBER  =   -11992.7852


   NSTEP       ENERGY          RMS            GMAX         NAME    NUMBER
    640      -1.1999E+04     3.4727E-01     1.1835E+01     C          15

 BOND    =      902.8333  ANGLE   =        0.9809  DIHED      =        8.6151
 VDWAALS =     2188.7591  EEL     =   -15149.1719  HBOND      =        0.0000
 1-4 VDW =        2.7132  1-4 EEL =       46.2223  RESTRAINT  =        0.0803
 EAMBER  =   -11999.0480


   NSTEP       ENERGY          RMS            GMAX         NAME    NUMBER
    660      -1.2009E+04     4.0995E-01     1.1489E+01     N          17

 BOND    =      901.1214  ANGLE   =        0.6737  DIHED      =        8.6404
 VDWAALS =     2200.0235  EEL     =   -15168.7196  HBOND      =        0.0000
 1-4 VDW =        2.8366  1-4 EEL =       46.2819  RESTRAINT  =        0.0504
 EAMBER  =   -12009.1421


   NSTEP       ENERGY          RMS            GMAX         NAME    NUMBER
    680      -1.2015E+04     4.7400E-01     1.4801E+01     N           7

 BOND    =      902.5759  ANGLE   =        0.9359  DIHED      =        8.5897
 VDWAALS =     2208.3796  EEL     =   -15184.1495  HBOND      =        0.0000
 1-4 VDW =        2.8657  1-4 EEL =       46.1600  RESTRAINT  =        0.0373
 EAMBER  =   -12014.6426


   NSTEP       ENERGY          RMS            GMAX         NAME    NUMBER
    700      -1.2024E+04     6.3475E-01     1.5878E+01     O          16

 BOND    =      908.4983  ANGLE   =        1.6629  DIHED      =        8.7407
 VDWAALS =     2217.5417  EEL     =   -15209.9950  HBOND      =        0.0000
 1-4 VDW =        3.1002  1-4 EEL =       46.1092  RESTRAINT  =        0.1210
 EAMBER  =   -12024.3421


   NSTEP       ENERGY          RMS            GMAX         NAME    NUMBER
    720      -1.2031E+04     3.7399E-01     1.3748E+01     C          15

 BOND    =      904.9468  ANGLE   =        0.7984  DIHED      =        8.5993
 VDWAALS =     2223.6758  EEL     =   -15218.0325  HBOND      =        0.0000
 1-4 VDW =        2.8238  1-4 EEL =       46.1337  RESTRAINT  =        0.0453
 EAMBER  =   -12031.0546


   NSTEP       ENERGY          RMS            GMAX         NAME    NUMBER
    740      -1.2036E+04     2.9111E-01     7.1703E+00     C          15

 BOND    =      909.3873  ANGLE   =        0.8429  DIHED      =        8.6184
 VDWAALS =     2225.3935  EEL     =   -15229.2383  HBOND      =        0.0000
 1-4 VDW =        2.7456  1-4 EEL =       46.2032  RESTRAINT  =        0.0634
 EAMBER  =   -12036.0475


   NSTEP       ENERGY          RMS            GMAX         NAME    NUMBER
    760      -1.2048E+04     2.8352E-01     1.0535E+01     N          17

 BOND    =      908.7966  ANGLE   =        0.6713  DIHED      =        8.5929
 VDWAALS =     2236.4145  EEL     =   -15251.5423  HBOND      =        0.0000
 1-4 VDW =        2.9178  1-4 EEL =       46.2175  RESTRAINT  =        0.0555
 EAMBER  =   -12047.9317


   NSTEP       ENERGY          RMS            GMAX         NAME    NUMBER
    780      -1.2053E+04     4.5767E-01     1.3081E+01     C           5

 BOND    =      909.4565  ANGLE   =        0.9391  DIHED      =        8.5917
 VDWAALS =     2242.5437  EEL     =   -15263.4649  HBOND      =        0.0000
 1-4 VDW =        2.8777  1-4 EEL =       46.1586  RESTRAINT  =        0.0390
 EAMBER  =   -12052.8978


   NSTEP       ENERGY          RMS            GMAX         NAME    NUMBER
    800      -1.2061E+04     7.2725E-01     2.6890E+01     C           5

 BOND    =      916.3349  ANGLE   =        1.8498  DIHED      =        8.8656
 VDWAALS =     2247.5346  EEL     =   -15284.7961  HBOND      =        0.0000
 1-4 VDW =        3.0872  1-4 EEL =       46.0099  RESTRAINT  =        0.1640
 EAMBER  =   -12061.1141


   NSTEP       ENERGY          RMS            GMAX         NAME    NUMBER
    820      -1.2067E+04     7.3891E-01     2.2195E+01     C          15

 BOND    =      913.0816  ANGLE   =        0.7228  DIHED      =        8.6032
 VDWAALS =     2253.0404  EEL     =   -15291.3897  HBOND      =        0.0000
 1-4 VDW =        2.9097  1-4 EEL =       46.2330  RESTRAINT  =        0.0547
 EAMBER  =   -12066.7991


   NSTEP       ENERGY          RMS            GMAX         NAME    NUMBER
    840      -1.2071E+04     2.4975E-01     5.2988E+00     CA          9

 BOND    =      915.3807  ANGLE   =        0.9068  DIHED      =        8.6026
 VDWAALS =     2252.7864  EEL     =   -15298.1174  HBOND      =        0.0000
 1-4 VDW =        2.8017  1-4 EEL =       46.2068  RESTRAINT  =        0.0446
 EAMBER  =   -12071.4323


   NSTEP       ENERGY          RMS            GMAX         NAME    NUMBER
    860      -1.2081E+04     3.2444E-01     7.1130E+00     O         734

 BOND    =      915.3233  ANGLE   =        0.8715  DIHED      =        8.6068
 VDWAALS =     2258.7522  EEL     =   -15313.5228  HBOND      =        0.0000
 1-4 VDW =        2.8645  1-4 EEL =       46.2348  RESTRAINT  =        0.0491
 EAMBER  =   -12080.8697


   NSTEP       ENERGY          RMS            GMAX         NAME    NUMBER
    880      -1.2086E+04     3.9121E-01     9.8127E+00     CB         11

 BOND    =      914.2014  ANGLE   =        0.8342  DIHED      =        8.5976
 VDWAALS =     2263.0511  EEL     =   -15321.8369  HBOND      =        0.0000
 1-4 VDW =        2.8791  1-4 EEL =       46.2180  RESTRAINT  =        0.0590
 EAMBER  =   -12086.0555


   NSTEP       ENERGY          RMS            GMAX         NAME    NUMBER
    900      -1.2095E+04     5.4365E-01     1.4233E+01     N          17

 BOND    =      918.1435  ANGLE   =        1.3822  DIHED      =        8.5912
 VDWAALS =     2266.5187  EEL     =   -15339.4220  HBOND      =        0.0000
 1-4 VDW =        3.1635  1-4 EEL =       46.2827  RESTRAINT  =        0.0901
 EAMBER  =   -12095.3402


   NSTEP       ENERGY          RMS            GMAX         NAME    NUMBER
    920      -1.2103E+04     3.5433E-01     8.8829E+00     N          17

 BOND    =      920.2463  ANGLE   =        0.9216  DIHED      =        8.6130
 VDWAALS =     2270.9054  EEL     =   -15353.2394  HBOND      =        0.0000
 1-4 VDW =        2.8295  1-4 EEL =       46.1947  RESTRAINT  =        0.0688
 EAMBER  =   -12103.5289


   NSTEP       ENERGY          RMS            GMAX         NAME    NUMBER
    940      -1.2109E+04     3.0011E-01     9.2500E+00     C          15

 BOND    =      919.7619  ANGLE   =        1.0933  DIHED      =        8.6335
 VDWAALS =     2272.3004  EEL     =   -15360.0711  HBOND      =        0.0000
 1-4 VDW =        2.7612  1-4 EEL =       46.1392  RESTRAINT  =        0.0780
 EAMBER  =   -12109.3816


   NSTEP       ENERGY          RMS            GMAX         NAME    NUMBER
    960      -1.2116E+04     3.9056E-01     1.1667E+01     N          17

 BOND    =      919.9176  ANGLE   =        0.8664  DIHED      =        8.6269
 VDWAALS =     2278.2856  EEL     =   -15373.0947  HBOND      =        0.0000
 1-4 VDW =        2.8354  1-4 EEL =       46.0921  RESTRAINT  =        0.0548
 EAMBER  =   -12116.4707


   NSTEP       ENERGY          RMS            GMAX         NAME    NUMBER
    980      -1.2121E+04     4.3945E-01     1.3872E+01     C           5

 BOND    =      921.1548  ANGLE   =        1.0146  DIHED      =        8.6023
 VDWAALS =     2284.7660  EEL     =   -15385.9618  HBOND      =        0.0000
 1-4 VDW =        2.9215  1-4 EEL =       46.1725  RESTRAINT  =        0.0564
 EAMBER  =   -12121.3301


   NSTEP       ENERGY          RMS            GMAX         NAME    NUMBER
   1000      -1.2127E+04     4.5862E-01     1.3006E+01     N          17

 BOND    =      923.5199  ANGLE   =        1.0043  DIHED      =        8.6073
 VDWAALS =     2289.6123  EEL     =   -15399.1997  HBOND      =        0.0000
 1-4 VDW =        3.0722  1-4 EEL =       46.2511  RESTRAINT  =        0.0787
 EAMBER  =   -12127.1325


  Maximum number of minimization cycles reached.


                    FINAL RESULTS



   NSTEP       ENERGY          RMS            GMAX         NAME    NUMBER
   1000      -1.2127E+04     4.5862E-01     1.3006E+01     N          17

 BOND    =      923.5199  ANGLE   =        1.0043  DIHED      =        8.6073
 VDWAALS =     2289.6123  EEL     =   -15399.1997  HBOND      =        0.0000
 1-4 VDW =        3.0722  1-4 EEL =       46.2511  RESTRAINT  =        0.0787
 EAMBER  =   -12127.1325

--------------------------------------------------------------------------------
   5.  TIMINGS
--------------------------------------------------------------------------------

|                Build the list             0.06 (56.49% of List )
|                Other                      0.05 (43.51% of List )
|             List time                  0.11 ( 0.86% of Nonbo)
|                   Short_ene time             5.33 (96.05% of Direc)
|                   Other                      0.22 ( 3.95% of Direc)
|                Direct Ewald time          5.55 (43.23% of Ewald)
|                Adjust Ewald time          0.04 ( 0.30% of Ewald)
|                Self Ewald time            0.00 ( 0.01% of Ewald)
|                   Fill Bspline coeffs        0.16 ( 2.43% of Recip)
|                   Fill charge grid           0.12 ( 1.72% of Recip)
|                   Scalar sum                 0.51 ( 7.54% of Recip)
|                   Grad sum                   0.27 ( 4.05% of Recip)
|                      FFT back comm time         2.56 (47.32% of FFT t)
|                      Other                      2.84 (52.68% of FFT t)
|                   FFT time                   5.40 (79.93% of Recip)
|                   Other                      0.29 ( 4.33% of Recip)
|                Recip Ewald time           6.76 (52.62% of Ewald)
|                Force Adjust               0.29 ( 2.28% of Ewald)
|                Virial junk                0.19 ( 1.49% of Ewald)
|                Start synchronizatio       0.00 ( 0.01% of Ewald)
|                Other                      0.01 ( 0.05% of Ewald)
|             Ewald time                12.84 (99.13% of Nonbo)
|             Other                      0.00 ( 0.01% of Nonbo)
|          Nonbond force             12.95 (79.76% of Force)
|          Bond/Angle/Dihedral        0.04 ( 0.23% of Force)
|          FRC Collect time           2.89 (17.81% of Force)
|          Other                      0.36 ( 2.20% of Force)
|       Force time                16.24 (100.0% of Runmd)
|    Runmd Time                16.24 ( 8.83% of Total)
|    Other                    167.73 (91.17% of Total)
| Total time               183.97 (100.0% of ALL  )

| Highest rstack allocated:      40639
| Highest istack allocated:        883
|           Job began  at 14:36:32.125  on 03/14/2017
|           Setup done at 14:36:32.302  on 03/14/2017
|           Run   done at 14:39:36.101  on 03/14/2017
|     wallclock() was called   44070 times
