
          -------------------------------------------------------
          Amber 16 SANDER                              2016
          -------------------------------------------------------

| Run on 03/14/2017 at 15:12:26

|   Executable path: sander.MPI
| Working directory: /home/steboss/projects/mdgx-tests/alanine/IPOLQ/input/PhiPsi_1/330/195
|          Hostname: node001

  [-O]verwriting output

File Assignments:
|  MDIN: min.in                                                                
| MDOUT: Conf195.min.out                                                       
|INPCRD: Conf195.crd                                                           
|  PARM: Conf195.top                                                           
|RESTRT: Conf195.min                                                           
|  REFC: Conf195.crd                                                           
| MDVEL: mdvel                                                                 
| MDFRC: mdfrc                                                                 
|  MDEN: mden                                                                  
| MDCRD: mdcrd                                                                 
|MDINFO: mdinfo                                                                
|  MTMD: mtmd                                                                  
|INPDIP: inpdip                                                                
|RSTDIP: rstdip                                                                
|INPTRA: inptraj                                                               

|    REMLOG: rem.log
|   REMTYPE: rem.type
|  REMSTRIP: 
|   SAVEENE: saveene
|CLUSTERINF: cluster.info
| RESERVOIR: reserv/frame
|   REMDDIM: 


 Here is the input file:

Initial minimization                                                           
 &cntrl                                                                        
  ntx    = 1,       irest  = 0,       ntrx   = 1,      ntxo   = 1,             
  ntpr   = 20,      ntwx   = 0,       ntwv   = 0,      ntwe   = 0,             
                                                                               
  ntf    = 1,       ntb    = 1,                                                
  ntc    = 1,       ntr    = 1,                                                
  restraintmask = ':1',                                                        
  restraint_wt = 100.0,                                                        
  cut    = 9.0,                                                                
                                                                               
  imin   = 1,                                                                  
  maxcyc = 1000,                                                               
  ncyc   = 100,                                                                
                                                                               
 &end                                                                          

--------------------------------------------------------------------------------
   1.  RESOURCE   USE: 
--------------------------------------------------------------------------------

| Flags: MPI                                                                    
 getting new box info from bottom of inpcrd
|  INFO: Old style inpcrd file read

| peek_ewald_inpcrd: Box info found
|Largest sphere to fit in unit cell has radius =    14.601
| New format PARM file being parsed.
| Version =    1.000 Date = 03/14/17 Time = 13:40:04
 NATOM  =    2917 NTYPES =       9 NBONH =    2907 MBONA  =       9
 NTHETH =      25 MTHETA =      11 NPHIH =      43 MPHIA  =      24
 NHPARM =       0 NPARM  =       0 NNB   =    3959 NRES   =     968
 NBONA  =       9 NTHETA =      11 NPHIA =      24 NUMBND =      10
 NUMANG =      16 NPTRA  =      19 NATYP =       9 NPHB   =       1
 IFBOX  =       2 NMXRS  =      10 IFCAP =       0 NEXTRA =       0
 NCOPY  =       0


|     Memory Use     Allocated
|     Real              334929
|     Hollerith           9721
|     Integer            89500
|     Max Pairs         323542
|     nblistReal         35004
|     nblist Int         88471
|       Total             4887 kbytes

| Note: 1-4 EEL scale factors are being read from the topology file.

| Note: 1-4 VDW scale factors are being read from the topology file.
| Duplicated    0 dihedrals
| Duplicated    0 dihedrals

     BOX TYPE: TRUNCATED OCTAHEDRON

--------------------------------------------------------------------------------
   2.  CONTROL  DATA  FOR  THE  RUN
--------------------------------------------------------------------------------

default_name                                                                    

General flags:
     imin    =       1, nmropt  =       0

Nature and format of input:
     ntx     =       1, irest   =       0, ntrx    =       1

Nature and format of output:
     ntxo    =       1, ntpr    =      20, ntrx    =       1, ntwr    =       1
     iwrap   =       0, ntwx    =       0, ntwv    =       0, ntwe    =       0
     ioutfm  =       1, ntwprt  =       0, idecomp =       0, rbornstat=      0

Potential function:
     ntf     =       1, ntb     =       1, igb     =       0, nsnb    =      25
     ipol    =       0, gbsa    =       0, iesp    =       0
     dielc   =   1.00000, cut     =   9.00000, intdiel =   1.00000

Frozen or restrained atoms:
     ibelly  =       0, ntr     =       1
     restraint_wt = 100.00000

Energy minimization:
     maxcyc  =    1000, ncyc    =     100, ntmin   =       1
     dx0     =   0.01000, drms    =   0.00010

Ewald parameters:
     verbose =       0, ew_type =       0, nbflag  =       1, use_pme =       1
     vdwmeth =       1, eedmeth =       1, netfrc  =       0
     Box X =   35.764   Box Y =   35.764   Box Z =   35.764
     Alpha =  109.471   Beta  =  109.471   Gamma =  109.471
     NFFT1 =   36       NFFT2 =   36       NFFT3 =   36
     Cutoff=    9.000   Tol   =0.100E-04
     Ewald Coefficient =  0.30768
     Interpolation order =    4

| MPI Timing options:
|      profile_mpi =        0

    LOADING THE CONSTRAINED ATOMS AS GROUPS


   5.  REFERENCE ATOM COORDINATES

  defa
     Mask :1; matches     6 atoms

--------------------------------------------------------------------------------
   3.  ATOMIC COORDINATES AND VELOCITIES
--------------------------------------------------------------------------------

default_name                                                                    
 begin time read from input coords =     0.000 ps

 Number of triangulated 3-point waters found:      965
|  Atom division among processors:
|         0     364     730    1093    1456    1822    2185    2548
|      2917

     Sum of charges from parm topology file =  -0.00000000
     Forcing neutrality...
|  Running AMBER/MPI version on    8 nodes


--------------------------------------------------------------------------------
   4.  RESULTS
--------------------------------------------------------------------------------

 ---------------------------------------------------
 APPROXIMATING switch and d/dx switch using CUBIC SPLINE INTERPOLATION
 using   5000.0 points per unit in tabled values
 TESTING RELATIVE ERROR over r ranging from 0.0 to cutoff
| CHECK switch(x): max rel err =   0.2738E-14   at   2.422500
| CHECK d/dx switch(x): max rel err =   0.8314E-11   at   2.736960
 ---------------------------------------------------
| Local SIZE OF NONBOND LIST =      92211
| TOTAL SIZE OF NONBOND LIST =     673369


   NSTEP       ENERGY          RMS            GMAX         NAME    NUMBER
      1      -8.1912E+03     1.2216E+01     6.1627E+01     O         305

 BOND    =        0.7083  ANGLE   =        1.5826  DIHED      =       10.3490
 VDWAALS =      909.6132  EEL     =    -9163.3237  HBOND      =        0.0000
 1-4 VDW =        2.8940  1-4 EEL =       47.0209  RESTRAINT  =        0.0000


   NSTEP       ENERGY          RMS            GMAX         NAME    NUMBER
     20      -9.0422E+03     2.6900E+00     1.9476E+01     O         389

 BOND    =      476.7682  ANGLE   =        1.5258  DIHED      =       10.2675
 VDWAALS =      860.5392  EEL     =   -10441.1040  HBOND      =        0.0000
 1-4 VDW =        2.8649  1-4 EEL =       46.9302  RESTRAINT  =        0.0150
 EAMBER  =    -9042.2082


   NSTEP       ENERGY          RMS            GMAX         NAME    NUMBER
     40      -9.6732E+03     1.6000E+00     8.1787E+00     H1       2427

 BOND    =      524.1083  ANGLE   =        1.4819  DIHED      =       10.0946
 VDWAALS =      901.6279  EEL     =   -11160.3792  HBOND      =        0.0000
 1-4 VDW =        2.8421  1-4 EEL =       46.9588  RESTRAINT  =        0.0373
 EAMBER  =    -9673.2655


   NSTEP       ENERGY          RMS            GMAX         NAME    NUMBER
     60      -9.9153E+03     3.3596E+00     1.0314E+01     C          15

 BOND    =      499.6054  ANGLE   =        1.4672  DIHED      =        9.9651
 VDWAALS =      938.5062  EEL     =   -11414.7558  HBOND      =        0.0000
 1-4 VDW =        2.8402  1-4 EEL =       46.9897  RESTRAINT  =        0.0419
 EAMBER  =    -9915.3820


   NSTEP       ENERGY          RMS            GMAX         NAME    NUMBER
     80      -1.0069E+04     3.9388E+00     1.3740E+01     C          15

 BOND    =      506.4166  ANGLE   =        1.4427  DIHED      =        9.8746
 VDWAALS =      973.6686  EEL     =   -11609.9790  HBOND      =        0.0000
 1-4 VDW =        2.8411  1-4 EEL =       47.0056  RESTRAINT  =        0.0477
 EAMBER  =   -10068.7299


   NSTEP       ENERGY          RMS            GMAX         NAME    NUMBER
    100      -1.0205E+04     9.3764E-01     4.6820E+00     H2       2185

 BOND    =      600.8679  ANGLE   =        1.3521  DIHED      =        9.8071
 VDWAALS =     1007.9196  EEL     =   -11875.3147  HBOND      =        0.0000
 1-4 VDW =        2.8516  1-4 EEL =       47.0254  RESTRAINT  =        0.0549
 EAMBER  =   -10205.4910


   NSTEP       ENERGY          RMS            GMAX         NAME    NUMBER
    120      -1.0656E+04     1.8651E+00     7.2690E+01     H2       2185

 BOND    =      686.0123  ANGLE   =        1.5549  DIHED      =        9.5872
 VDWAALS =     1248.1029  EEL     =   -12651.6778  HBOND      =        0.0000
 1-4 VDW =        2.8599  1-4 EEL =       46.9416  RESTRAINT  =        0.1438
 EAMBER  =   -10656.6191


   NSTEP       ENERGY          RMS            GMAX         NAME    NUMBER
    140      -1.0777E+04     1.1493E+00     3.1326E+01     H1       2184

 BOND    =      685.2616  ANGLE   =        1.5148  DIHED      =        9.5860
 VDWAALS =     1323.7203  EEL     =   -12847.0131  HBOND      =        0.0000
 1-4 VDW =        2.8428  1-4 EEL =       46.9068  RESTRAINT  =        0.1438
 EAMBER  =   -10777.1808


   NSTEP       ENERGY          RMS            GMAX         NAME    NUMBER
    160      -1.0913E+04     1.3283E+00     2.9022E+01     O        2183

 BOND    =      716.9063  ANGLE   =        1.4074  DIHED      =        9.5674
 VDWAALS =     1459.6789  EEL     =   -13150.1512  HBOND      =        0.0000
 1-4 VDW =        2.6594  1-4 EEL =       47.1826  RESTRAINT  =        0.1352
 EAMBER  =   -10912.7492


   NSTEP       ENERGY          RMS            GMAX         NAME    NUMBER
    180      -1.0990E+04     1.0905E+00     1.5212E+01     O           6

 BOND    =      734.1552  ANGLE   =        1.1984  DIHED      =        9.5465
 VDWAALS =     1494.2744  EEL     =   -13279.4475  HBOND      =        0.0000
 1-4 VDW =        2.5842  1-4 EEL =       47.1270  RESTRAINT  =        0.1577
 EAMBER  =   -10990.5618


   NSTEP       ENERGY          RMS            GMAX         NAME    NUMBER
    200      -1.1107E+04     2.0842E+00     3.4493E+01     CH3        19

 BOND    =      793.4993  ANGLE   =        2.0693  DIHED      =        9.5441
 VDWAALS =     1661.1359  EEL     =   -13623.3938  HBOND      =        0.0000
 1-4 VDW =        2.8807  1-4 EEL =       46.5624  RESTRAINT  =        0.3259
 EAMBER  =   -11107.7021


   NSTEP       ENERGY          RMS            GMAX         NAME    NUMBER
    220      -1.1172E+04     9.5854E-01     2.7409E+01     H          18

 BOND    =      764.3320  ANGLE   =        2.3676  DIHED      =        9.5771
 VDWAALS =     1643.4441  EEL     =   -13641.4855  HBOND      =        0.0000
 1-4 VDW =        2.9765  1-4 EEL =       46.7225  RESTRAINT  =        0.4300
 EAMBER  =   -11172.0657


   NSTEP       ENERGY          RMS            GMAX         NAME    NUMBER
    240      -1.1203E+04     7.2493E-01     1.8924E+01     CB         11

 BOND    =      773.0747  ANGLE   =        1.2996  DIHED      =        9.6717
 VDWAALS =     1665.2885  EEL     =   -13702.5822  HBOND      =        0.0000
 1-4 VDW =        2.6488  1-4 EEL =       46.9597  RESTRAINT  =        0.2215
 EAMBER  =   -11203.6391


   NSTEP       ENERGY          RMS            GMAX         NAME    NUMBER
    260      -1.1338E+04     1.6139E+00     4.2974E+01     CA          9

 BOND    =      814.2870  ANGLE   =        3.5730  DIHED      =        9.7464
 VDWAALS =     1832.5689  EEL     =   -14048.9613  HBOND      =        0.0000
 1-4 VDW =        2.8014  1-4 EEL =       47.3818  RESTRAINT  =        0.6109
 EAMBER  =   -11338.6028


   NSTEP       ENERGY          RMS            GMAX         NAME    NUMBER
    280      -1.1370E+04     4.5382E-01     9.8547E+00     CB         11

 BOND    =      807.6613  ANGLE   =        1.6701  DIHED      =        9.5642
 VDWAALS =     1836.2352  EEL     =   -14074.7613  HBOND      =        0.0000
 1-4 VDW =        2.6479  1-4 EEL =       46.9587  RESTRAINT  =        0.3697
 EAMBER  =   -11370.0239


   NSTEP       ENERGY          RMS            GMAX         NAME    NUMBER
    300      -1.1438E+04     1.3520E+00     2.8155E+01     CA          9

 BOND    =      836.1498  ANGLE   =        3.1034  DIHED      =        9.7001
 VDWAALS =     1931.1204  EEL     =   -14268.5136  HBOND      =        0.0000
 1-4 VDW =        2.5783  1-4 EEL =       46.5125  RESTRAINT  =        1.1265
 EAMBER  =   -11439.3489


   NSTEP       ENERGY          RMS            GMAX         NAME    NUMBER
    320      -1.1474E+04     7.0090E-01     2.2528E+01     C           5

 BOND    =      829.1511  ANGLE   =        1.1369  DIHED      =        9.8208
 VDWAALS =     1929.2294  EEL     =   -14292.6991  HBOND      =        0.0000
 1-4 VDW =        2.4480  1-4 EEL =       46.6888  RESTRAINT  =        0.3166
 EAMBER  =   -11474.2242


   NSTEP       ENERGY          RMS            GMAX         NAME    NUMBER
    340      -1.1493E+04     4.9559E-01     9.5235E+00     CA          9

 BOND    =      833.8366  ANGLE   =        1.5750  DIHED      =       10.0469
 VDWAALS =     1939.4736  EEL     =   -14327.4472  HBOND      =        0.0000
 1-4 VDW =        2.5195  1-4 EEL =       46.7242  RESTRAINT  =        0.2472
 EAMBER  =   -11493.2714


   NSTEP       ENERGY          RMS            GMAX         NAME    NUMBER
    360      -1.1520E+04     6.7116E-01     1.5721E+01     C           5

 BOND    =      835.3692  ANGLE   =        1.7854  DIHED      =        9.7485
 VDWAALS =     1963.9441  EEL     =   -14380.8918  HBOND      =        0.0000
 1-4 VDW =        2.6658  1-4 EEL =       47.0566  RESTRAINT  =        0.1567
 EAMBER  =   -11520.3222


   NSTEP       ENERGY          RMS            GMAX         NAME    NUMBER
    380      -1.1539E+04     4.2108E-01     8.2176E+00     O           6

 BOND    =      843.0644  ANGLE   =        1.6278  DIHED      =        9.5769
 VDWAALS =     1985.1065  EEL     =   -14429.2667  HBOND      =        0.0000
 1-4 VDW =        2.7157  1-4 EEL =       47.2477  RESTRAINT  =        0.4557
 EAMBER  =   -11539.9277


   NSTEP       ENERGY          RMS            GMAX         NAME    NUMBER
    400      -1.1564E+04     7.5357E-01     2.4676E+01     CA          9

 BOND    =      850.0287  ANGLE   =        1.1856  DIHED      =        9.6400
 VDWAALS =     2003.2719  EEL     =   -14478.2492  HBOND      =        0.0000
 1-4 VDW =        2.5957  1-4 EEL =       46.9371  RESTRAINT  =        0.3293
 EAMBER  =   -11564.5901


   NSTEP       ENERGY          RMS            GMAX         NAME    NUMBER
    420      -1.1581E+04     5.7381E-01     1.2463E+01     N           7

 BOND    =      845.7847  ANGLE   =        0.8866  DIHED      =        9.6891
 VDWAALS =     2015.1002  EEL     =   -14501.6309  HBOND      =        0.0000
 1-4 VDW =        2.4882  1-4 EEL =       46.8912  RESTRAINT  =        0.1441
 EAMBER  =   -11580.7907


   NSTEP       ENERGY          RMS            GMAX         NAME    NUMBER
    440      -1.1596E+04     4.0915E-01     8.7607E+00     C          15

 BOND    =      854.2858  ANGLE   =        1.4171  DIHED      =       10.0650
 VDWAALS =     2024.5460  EEL     =   -14535.7198  HBOND      =        0.0000
 1-4 VDW =        2.5107  1-4 EEL =       46.8198  RESTRAINT  =        0.1748
 EAMBER  =   -11596.0754


   NSTEP       ENERGY          RMS            GMAX         NAME    NUMBER
    460      -1.1620E+04     6.2482E-01     1.7365E+01     N           7

 BOND    =      859.1076  ANGLE   =        1.4011  DIHED      =        9.7570
 VDWAALS =     2046.2030  EEL     =   -14586.2470  HBOND      =        0.0000
 1-4 VDW =        2.7768  1-4 EEL =       47.0780  RESTRAINT  =        0.0931
 EAMBER  =   -11619.9236


   NSTEP       ENERGY          RMS            GMAX         NAME    NUMBER
    480      -1.1637E+04     5.9967E-01     1.6737E+01     CB         11

 BOND    =      856.8935  ANGLE   =        1.5516  DIHED      =        9.6061
 VDWAALS =     2059.4146  EEL     =   -14614.8850  HBOND      =        0.0000
 1-4 VDW =        2.7195  1-4 EEL =       47.3305  RESTRAINT  =        0.5627
 EAMBER  =   -11637.3691


   NSTEP       ENERGY          RMS            GMAX         NAME    NUMBER
    500      -1.1668E+04     8.1956E-01     2.9464E+01     CA          9

 BOND    =      871.2760  ANGLE   =        0.6727  DIHED      =        9.7713
 VDWAALS =     2107.1697  EEL     =   -14707.0691  HBOND      =        0.0000
 1-4 VDW =        2.7834  1-4 EEL =       47.5352  RESTRAINT  =        0.2280
 EAMBER  =   -11667.8608


   NSTEP       ENERGY          RMS            GMAX         NAME    NUMBER
    520      -1.1686E+04     3.6021E-01     1.1490E+01     N          17

 BOND    =      868.5997  ANGLE   =        0.7338  DIHED      =        9.7263
 VDWAALS =     2106.0862  EEL     =   -14721.2011  HBOND      =        0.0000
 1-4 VDW =        2.5461  1-4 EEL =       46.9904  RESTRAINT  =        0.1858
 EAMBER  =   -11686.5186


   NSTEP       ENERGY          RMS            GMAX         NAME    NUMBER
    540      -1.1694E+04     3.9833E-01     1.1982E+01     N           7

 BOND    =      871.4358  ANGLE   =        1.5140  DIHED      =       10.2985
 VDWAALS =     2112.7167  EEL     =   -14738.8544  HBOND      =        0.0000
 1-4 VDW =        2.4453  1-4 EEL =       46.1749  RESTRAINT  =        0.1555
 EAMBER  =   -11694.2691


   NSTEP       ENERGY          RMS            GMAX         NAME    NUMBER
    560      -1.1717E+04     7.4110E-01     2.2058E+01     N           7

 BOND    =      878.8989  ANGLE   =        1.1515  DIHED      =       10.0323
 VDWAALS =     2136.4261  EEL     =   -14792.3596  HBOND      =        0.0000
 1-4 VDW =        2.5360  1-4 EEL =       46.5363  RESTRAINT  =        0.0860
 EAMBER  =   -11716.7786


   NSTEP       ENERGY          RMS            GMAX         NAME    NUMBER
    580      -1.1727E+04     4.2166E-01     9.0136E+00     C          15

 BOND    =      877.1972  ANGLE   =        0.8754  DIHED      =        9.7378
 VDWAALS =     2139.5874  EEL     =   -14803.7054  HBOND      =        0.0000
 1-4 VDW =        2.4728  1-4 EEL =       46.8563  RESTRAINT  =        0.1842
 EAMBER  =   -11726.9784


   NSTEP       ENERGY          RMS            GMAX         NAME    NUMBER
    600      -1.1743E+04     5.2406E-01     1.4479E+01     CA          9

 BOND    =      881.0689  ANGLE   =        0.6237  DIHED      =        9.9307
 VDWAALS =     2158.0242  EEL     =   -14842.2379  HBOND      =        0.0000
 1-4 VDW =        2.4498  1-4 EEL =       46.7896  RESTRAINT  =        0.1972
 EAMBER  =   -11743.3510


   NSTEP       ENERGY          RMS            GMAX         NAME    NUMBER
    620      -1.1754E+04     3.5364E-01     8.6249E+00     C           5

 BOND    =      880.4509  ANGLE   =        0.7959  DIHED      =        9.9075
 VDWAALS =     2157.6428  EEL     =   -14851.6738  HBOND      =        0.0000
 1-4 VDW =        2.4155  1-4 EEL =       46.4399  RESTRAINT  =        0.1306
 EAMBER  =   -11754.0213


   NSTEP       ENERGY          RMS            GMAX         NAME    NUMBER
    640      -1.1760E+04     3.2438E-01     7.7402E+00     N           7

 BOND    =      881.3638  ANGLE   =        1.3259  DIHED      =       10.1311
 VDWAALS =     2159.7450  EEL     =   -14860.9105  HBOND      =        0.0000
 1-4 VDW =        2.4553  1-4 EEL =       46.1267  RESTRAINT  =        0.1346
 EAMBER  =   -11759.7627


   NSTEP       ENERGY          RMS            GMAX         NAME    NUMBER
    660      -1.1775E+04     5.4340E-01     1.5458E+01     N          17

 BOND    =      884.7182  ANGLE   =        1.1732  DIHED      =        9.9820
 VDWAALS =     2170.0477  EEL     =   -14889.9234  HBOND      =        0.0000
 1-4 VDW =        2.5573  1-4 EEL =       46.4277  RESTRAINT  =        0.0990
 EAMBER  =   -11775.0173


   NSTEP       ENERGY          RMS            GMAX         NAME    NUMBER
    680      -1.1782E+04     4.0668E-01     1.5538E+01     CB         11

 BOND    =      886.2538  ANGLE   =        0.8334  DIHED      =        9.8771
 VDWAALS =     2172.7974  EEL     =   -14900.6312  HBOND      =        0.0000
 1-4 VDW =        2.4413  1-4 EEL =       46.4790  RESTRAINT  =        0.1493
 EAMBER  =   -11781.9493


   NSTEP       ENERGY          RMS            GMAX         NAME    NUMBER
    700      -1.1792E+04     5.2973E-01     1.3657E+01     N          17

 BOND    =      886.0857  ANGLE   =        0.6491  DIHED      =       10.0047
 VDWAALS =     2183.1057  EEL     =   -14921.5655  HBOND      =        0.0000
 1-4 VDW =        2.4206  1-4 EEL =       46.8383  RESTRAINT  =        0.3317
 EAMBER  =   -11792.4613


   NSTEP       ENERGY          RMS            GMAX         NAME    NUMBER
    720      -1.1800E+04     2.9583E-01     8.6895E+00     CA          9

 BOND    =      888.4054  ANGLE   =        0.8228  DIHED      =        9.9821
 VDWAALS =     2184.4685  EEL     =   -14932.5028  HBOND      =        0.0000
 1-4 VDW =        2.4204  1-4 EEL =       46.3381  RESTRAINT  =        0.1093
 EAMBER  =   -11800.0655


   NSTEP       ENERGY          RMS            GMAX         NAME    NUMBER
    740      -1.1804E+04     3.1379E-01     7.6103E+00     CA          9

 BOND    =      887.0722  ANGLE   =        1.2652  DIHED      =       10.1921
 VDWAALS =     2186.6435  EEL     =   -14937.9130  HBOND      =        0.0000
 1-4 VDW =        2.4703  1-4 EEL =       46.1086  RESTRAINT  =        0.1396
 EAMBER  =   -11804.1611


   NSTEP       ENERGY          RMS            GMAX         NAME    NUMBER
    760      -1.1815E+04     4.0358E-01     1.2930E+01     H          18

 BOND    =      891.3620  ANGLE   =        0.9420  DIHED      =        9.9347
 VDWAALS =     2196.2166  EEL     =   -14962.9513  HBOND      =        0.0000
 1-4 VDW =        2.5125  1-4 EEL =       46.5296  RESTRAINT  =        0.1082
 EAMBER  =   -11815.4539


   NSTEP       ENERGY          RMS            GMAX         NAME    NUMBER
    780      -1.1820E+04     5.5886E-01     1.7189E+01     N          17

 BOND    =      893.0222  ANGLE   =        0.9089  DIHED      =        9.9377
 VDWAALS =     2197.6833  EEL     =   -14970.7224  HBOND      =        0.0000
 1-4 VDW =        2.4588  1-4 EEL =       46.4663  RESTRAINT  =        0.1222
 EAMBER  =   -11820.2451


   NSTEP       ENERGY          RMS            GMAX         NAME    NUMBER
    800      -1.1829E+04     8.9021E-01     3.5714E+01     N          17

 BOND    =      893.3169  ANGLE   =        0.7151  DIHED      =       10.2705
 VDWAALS =     2205.6296  EEL     =   -14989.1568  HBOND      =        0.0000
 1-4 VDW =        2.4069  1-4 EEL =       46.9504  RESTRAINT  =        0.3852
 EAMBER  =   -11829.8673


   NSTEP       ENERGY          RMS            GMAX         NAME    NUMBER
    820      -1.1837E+04     3.2990E-01     9.2554E+00     CH3        19

 BOND    =      894.6671  ANGLE   =        0.8954  DIHED      =       10.1044
 VDWAALS =     2206.0519  EEL     =   -14997.7135  HBOND      =        0.0000
 1-4 VDW =        2.4177  1-4 EEL =       46.2292  RESTRAINT  =        0.0953
 EAMBER  =   -11837.3477


   NSTEP       ENERGY          RMS            GMAX         NAME    NUMBER
    840      -1.1841E+04     3.1390E-01     7.4206E+00     C           5

 BOND    =      892.9954  ANGLE   =        1.0717  DIHED      =       10.1386
 VDWAALS =     2207.0430  EEL     =   -15001.1163  HBOND      =        0.0000
 1-4 VDW =        2.4385  1-4 EEL =       46.2370  RESTRAINT  =        0.1086
 EAMBER  =   -11841.1921


   NSTEP       ENERGY          RMS            GMAX         NAME    NUMBER
    860      -1.1859E+04     3.1357E-01     7.9661E+00     N          17

 BOND    =      895.8993  ANGLE   =        0.9766  DIHED      =        9.9956
 VDWAALS =     2218.4524  EEL     =   -15033.5436  HBOND      =        0.0000
 1-4 VDW =        2.4416  1-4 EEL =       46.5055  RESTRAINT  =        0.0776
 EAMBER  =   -11859.2726


   NSTEP       ENERGY          RMS            GMAX         NAME    NUMBER
    880      -1.1864E+04     4.5305E-01     1.2624E+01     C          15

 BOND    =      900.2202  ANGLE   =        0.8646  DIHED      =        9.9922
 VDWAALS =     2220.4387  EEL     =   -15044.7600  HBOND      =        0.0000
 1-4 VDW =        2.4862  1-4 EEL =       46.3709  RESTRAINT  =        0.0974
 EAMBER  =   -11864.3871


   NSTEP       ENERGY          RMS            GMAX         NAME    NUMBER
    900      -1.1870E+04     4.2295E-01     1.5791E+01     CH3        19

 BOND    =      899.6162  ANGLE   =        1.1776  DIHED      =       10.0739
 VDWAALS =     2225.5702  EEL     =   -15055.3869  HBOND      =        0.0000
 1-4 VDW =        2.4225  1-4 EEL =       46.5717  RESTRAINT  =        0.1499
 EAMBER  =   -11869.9548


   NSTEP       ENERGY          RMS            GMAX         NAME    NUMBER
    920      -1.1873E+04     2.6064E-01     8.1593E+00     CH3        19

 BOND    =      898.3023  ANGLE   =        0.8896  DIHED      =        9.9758
 VDWAALS =     2227.1950  EEL     =   -15058.5002  HBOND      =        0.0000
 1-4 VDW =        2.4648  1-4 EEL =       46.4674  RESTRAINT  =        0.1031
 EAMBER  =   -11873.2053


   NSTEP       ENERGY          RMS            GMAX         NAME    NUMBER
    940      -1.1876E+04     2.8323E-01     7.9630E+00     C          15

 BOND    =      899.9320  ANGLE   =        0.9127  DIHED      =        9.9487
 VDWAALS =     2229.5297  EEL     =   -15065.4399  HBOND      =        0.0000
 1-4 VDW =        2.4219  1-4 EEL =       46.4623  RESTRAINT  =        0.1196
 EAMBER  =   -11876.2325


   NSTEP       ENERGY          RMS            GMAX         NAME    NUMBER
    960      -1.1880E+04     2.3666E-01     6.1059E+00     CH3        19

 BOND    =      899.9291  ANGLE   =        0.9071  DIHED      =        9.9573
 VDWAALS =     2232.5956  EEL     =   -15071.9799  HBOND      =        0.0000
 1-4 VDW =        2.4169  1-4 EEL =       46.3925  RESTRAINT  =        0.0958
 EAMBER  =   -11879.7813


   NSTEP       ENERGY          RMS            GMAX         NAME    NUMBER
    980      -1.1883E+04     4.1481E-01     1.6590E+01     C          15

 BOND    =      899.7028  ANGLE   =        0.8402  DIHED      =        9.9701
 VDWAALS =     2234.9239  EEL     =   -15076.9362  HBOND      =        0.0000
 1-4 VDW =        2.5174  1-4 EEL =       46.3558  RESTRAINT  =        0.0974
 EAMBER  =   -11882.6259


   NSTEP       ENERGY          RMS            GMAX         NAME    NUMBER
   1000      -1.1886E+04     2.7710E-01     9.6397E+00     CH3        19

 BOND    =      901.9366  ANGLE   =        1.1106  DIHED      =       10.0969
 VDWAALS =     2238.3846  EEL     =   -15087.2019  HBOND      =        0.0000
 1-4 VDW =        2.4686  1-4 EEL =       46.6146  RESTRAINT  =        0.1099
 EAMBER  =   -11886.5900


  Maximum number of minimization cycles reached.


                    FINAL RESULTS



   NSTEP       ENERGY          RMS            GMAX         NAME    NUMBER
   1000      -1.1886E+04     2.7710E-01     9.6397E+00     CH3        19

 BOND    =      901.9366  ANGLE   =        1.1106  DIHED      =       10.0969
 VDWAALS =     2238.3846  EEL     =   -15087.2019  HBOND      =        0.0000
 1-4 VDW =        2.4686  1-4 EEL =       46.6146  RESTRAINT  =        0.1099
 EAMBER  =   -11886.5900

--------------------------------------------------------------------------------
   5.  TIMINGS
--------------------------------------------------------------------------------

|                Build the list             0.15 (60.32% of List )
|                Other                      0.10 (39.68% of List )
|             List time                  0.24 ( 1.32% of Nonbo)
|                   Short_ene time            12.59 (95.83% of Direc)
|                   Other                      0.55 ( 4.17% of Direc)
|                Direct Ewald time         13.13 (71.54% of Ewald)
|                Adjust Ewald time          0.08 ( 0.45% of Ewald)
|                Self Ewald time            0.00 ( 0.03% of Ewald)
|                   Fill Bspline coeffs        0.32 ( 6.66% of Recip)
|                   Fill charge grid           0.36 ( 7.36% of Recip)
|                   Scalar sum                 1.46 (29.87% of Recip)
|                   Grad sum                   0.69 (14.18% of Recip)
|                      FFT back comm time         0.68 (33.60% of FFT t)
|                      Other                      1.34 (66.40% of FFT t)
|                   FFT time                   2.02 (41.36% of Recip)
|                   Other                      0.03 ( 0.57% of Recip)
|                Recip Ewald time           4.88 (26.58% of Ewald)
|                Force Adjust               0.16 ( 0.86% of Ewald)
|                Virial junk                0.09 ( 0.47% of Ewald)
|                Start synchronizatio       0.00 ( 0.01% of Ewald)
|                Other                      0.01 ( 0.07% of Ewald)
|             Ewald time                18.36 (98.67% of Nonbo)
|             Other                      0.00 ( 0.01% of Nonbo)
|          Nonbond force             18.60 (93.09% of Force)
|          Bond/Angle/Dihedral        0.07 ( 0.34% of Force)
|          FRC Collect time           0.58 ( 2.92% of Force)
|          Other                      0.73 ( 3.65% of Force)
|       Force time                19.99 (100.0% of Runmd)
|    Runmd Time                19.99 ( 8.77% of Total)
|    Other                    207.85 (91.23% of Total)
| Total time               227.84 (100.0% of ALL  )

| Highest rstack allocated:      40126
| Highest istack allocated:        864
|           Job began  at 15:12:26.341  on 03/14/2017
|           Setup done at 15:12:26.535  on 03/14/2017
|           Run   done at 15:16:14.186  on 03/14/2017
|     wallclock() was called   44068 times
