
          -------------------------------------------------------
          Amber 16 SANDER                              2016
          -------------------------------------------------------

| Run on 03/14/2017 at 15:11:11

|   Executable path: sander.MPI
| Working directory: /home/steboss/projects/mdgx-tests/alanine/IPOLQ/input/PhiPsi_1/330/105
|          Hostname: node005

  [-O]verwriting output

File Assignments:
|  MDIN: min.in                                                                
| MDOUT: Conf105.min.out                                                       
|INPCRD: Conf105.crd                                                           
|  PARM: Conf105.top                                                           
|RESTRT: Conf105.min                                                           
|  REFC: Conf105.crd                                                           
| MDVEL: mdvel                                                                 
| MDFRC: mdfrc                                                                 
|  MDEN: mden                                                                  
| MDCRD: mdcrd                                                                 
|MDINFO: mdinfo                                                                
|  MTMD: mtmd                                                                  
|INPDIP: inpdip                                                                
|RSTDIP: rstdip                                                                
|INPTRA: inptraj                                                               

|    REMLOG: rem.log
|   REMTYPE: rem.type
|  REMSTRIP: 
|   SAVEENE: saveene
|CLUSTERINF: cluster.info
| RESERVOIR: reserv/frame
|   REMDDIM: 


 Here is the input file:

Initial minimization                                                           
 &cntrl                                                                        
  ntx    = 1,       irest  = 0,       ntrx   = 1,      ntxo   = 1,             
  ntpr   = 20,      ntwx   = 0,       ntwv   = 0,      ntwe   = 0,             
                                                                               
  ntf    = 1,       ntb    = 1,                                                
  ntc    = 1,       ntr    = 1,                                                
  restraintmask = ':1',                                                        
  restraint_wt = 100.0,                                                        
  cut    = 9.0,                                                                
                                                                               
  imin   = 1,                                                                  
  maxcyc = 1000,                                                               
  ncyc   = 100,                                                                
                                                                               
 &end                                                                          

--------------------------------------------------------------------------------
   1.  RESOURCE   USE: 
--------------------------------------------------------------------------------

| Flags: MPI                                                                    
 getting new box info from bottom of inpcrd
|  INFO: Old style inpcrd file read

| peek_ewald_inpcrd: Box info found
|Largest sphere to fit in unit cell has radius =    14.311
| New format PARM file being parsed.
| Version =    1.000 Date = 03/14/17 Time = 13:40:01
 NATOM  =    2761 NTYPES =       9 NBONH =    2751 MBONA  =       9
 NTHETH =      25 MTHETA =      11 NPHIH =      43 MPHIA  =      24
 NHPARM =       0 NPARM  =       0 NNB   =    3751 NRES   =     916
 NBONA  =       9 NTHETA =      11 NPHIA =      24 NUMBND =      10
 NUMANG =      16 NPTRA  =      19 NATYP =       9 NPHB   =       1
 IFBOX  =       2 NMXRS  =      10 IFCAP =       0 NEXTRA =       0
 NCOPY  =       0


|     Memory Use     Allocated
|     Real              321669
|     Hollerith           9201
|     Integer            85964
|     Max Pairs         306240
|     nblistReal         33132
|     nblist Int         84831
|       Total             4671 kbytes

| Note: 1-4 EEL scale factors are being read from the topology file.

| Note: 1-4 VDW scale factors are being read from the topology file.
| Duplicated    0 dihedrals
| Duplicated    0 dihedrals

     BOX TYPE: TRUNCATED OCTAHEDRON

--------------------------------------------------------------------------------
   2.  CONTROL  DATA  FOR  THE  RUN
--------------------------------------------------------------------------------

default_name                                                                    

General flags:
     imin    =       1, nmropt  =       0

Nature and format of input:
     ntx     =       1, irest   =       0, ntrx    =       1

Nature and format of output:
     ntxo    =       1, ntpr    =      20, ntrx    =       1, ntwr    =       1
     iwrap   =       0, ntwx    =       0, ntwv    =       0, ntwe    =       0
     ioutfm  =       1, ntwprt  =       0, idecomp =       0, rbornstat=      0

Potential function:
     ntf     =       1, ntb     =       1, igb     =       0, nsnb    =      25
     ipol    =       0, gbsa    =       0, iesp    =       0
     dielc   =   1.00000, cut     =   9.00000, intdiel =   1.00000

Frozen or restrained atoms:
     ibelly  =       0, ntr     =       1
     restraint_wt = 100.00000

Energy minimization:
     maxcyc  =    1000, ncyc    =     100, ntmin   =       1
     dx0     =   0.01000, drms    =   0.00010

Ewald parameters:
     verbose =       0, ew_type =       0, nbflag  =       1, use_pme =       1
     vdwmeth =       1, eedmeth =       1, netfrc  =       0
     Box X =   35.055   Box Y =   35.055   Box Z =   35.055
     Alpha =  109.471   Beta  =  109.471   Gamma =  109.471
     NFFT1 =   36       NFFT2 =   36       NFFT3 =   36
     Cutoff=    9.000   Tol   =0.100E-04
     Ewald Coefficient =  0.30768
     Interpolation order =    4

| MPI Timing options:
|      profile_mpi =        0

    LOADING THE CONSTRAINED ATOMS AS GROUPS


   5.  REFERENCE ATOM COORDINATES

  defa
     Mask :1; matches     6 atoms

--------------------------------------------------------------------------------
   3.  ATOMIC COORDINATES AND VELOCITIES
--------------------------------------------------------------------------------

default_name                                                                    
 begin time read from input coords =     0.000 ps

 Number of triangulated 3-point waters found:      913
|  Atom division among processors:
|         0     346     691    1036    1381    1726    2071    2416
|      2761

     Sum of charges from parm topology file =  -0.00000000
     Forcing neutrality...
|  Running AMBER/MPI version on    8 nodes


--------------------------------------------------------------------------------
   4.  RESULTS
--------------------------------------------------------------------------------

 ---------------------------------------------------
 APPROXIMATING switch and d/dx switch using CUBIC SPLINE INTERPOLATION
 using   5000.0 points per unit in tabled values
 TESTING RELATIVE ERROR over r ranging from 0.0 to cutoff
| CHECK switch(x): max rel err =   0.2738E-14   at   2.422500
| CHECK d/dx switch(x): max rel err =   0.8314E-11   at   2.736960
 ---------------------------------------------------
| Local SIZE OF NONBOND LIST =      88359
| TOTAL SIZE OF NONBOND LIST =     639823


   NSTEP       ENERGY          RMS            GMAX         NAME    NUMBER
      1      -7.4089E+03     1.2987E+01     6.5153E+01     O        2324

 BOND    =        0.5424  ANGLE   =        1.1183  DIHED      =       11.9902
 VDWAALS =     1235.3361  EEL     =    -8707.7738  HBOND      =        0.0000
 1-4 VDW =        2.5800  1-4 EEL =       47.3308  RESTRAINT  =        0.0000


   NSTEP       ENERGY          RMS            GMAX         NAME    NUMBER
     20      -8.3842E+03     3.2041E+00     2.5455E+01     O         365

 BOND    =      459.2278  ANGLE   =        1.1106  DIHED      =       11.9218
 VDWAALS =     1037.9861  EEL     =    -9944.3075  HBOND      =        0.0000
 1-4 VDW =        2.5714  1-4 EEL =       47.2862  RESTRAINT  =        0.0083
 EAMBER  =    -8384.2037


   NSTEP       ENERGY          RMS            GMAX         NAME    NUMBER
     40      -9.1844E+03     2.4218E+00     9.1496E+00     H1        849

 BOND    =      575.5516  ANGLE   =        1.0831  DIHED      =       11.8425
 VDWAALS =     1021.7864  EEL     =   -10844.5167  HBOND      =        0.0000
 1-4 VDW =        2.5758  1-4 EEL =       47.2797  RESTRAINT  =        0.0150
 EAMBER  =    -9184.3977


   NSTEP       ENERGY          RMS            GMAX         NAME    NUMBER
     60      -9.4041E+03     3.3974E+00     1.4416E+01     H1        849

 BOND    =      636.6652  ANGLE   =        1.0649  DIHED      =       11.8148
 VDWAALS =     1050.1235  EEL     =   -11153.6849  HBOND      =        0.0000
 1-4 VDW =        2.5715  1-4 EEL =       47.2983  RESTRAINT  =        0.0206
 EAMBER  =    -9404.1468


   NSTEP       ENERGY          RMS            GMAX         NAME    NUMBER
     80      -9.5483E+03     4.0254E+00     1.7454E+01     H1        849

 BOND    =      677.3230  ANGLE   =        1.0565  DIHED      =       11.8007
 VDWAALS =     1082.0440  EEL     =   -11370.4565  HBOND      =        0.0000
 1-4 VDW =        2.5668  1-4 EEL =       47.3100  RESTRAINT  =        0.0286
 EAMBER  =    -9548.3556


   NSTEP       ENERGY          RMS            GMAX         NAME    NUMBER
    100      -9.6779E+03     9.4487E-01     6.8271E+00     H1        789

 BOND    =      573.7261  ANGLE   =        1.0472  DIHED      =       11.7921
 VDWAALS =     1113.9751  EEL     =   -11428.3615  HBOND      =        0.0000
 1-4 VDW =        2.5644  1-4 EEL =       47.3163  RESTRAINT  =        0.0374
 EAMBER  =    -9677.9403


   NSTEP       ENERGY          RMS            GMAX         NAME    NUMBER
    120      -1.0143E+04     2.1651E+00     4.6596E+01     O        2213

 BOND    =      676.4284  ANGLE   =        1.1734  DIHED      =       11.8823
 VDWAALS =     1429.2727  EEL     =   -12312.0041  HBOND      =        0.0000
 1-4 VDW =        2.5504  1-4 EEL =       47.3943  RESTRAINT  =        0.1708
 EAMBER  =   -10143.3026


   NSTEP       ENERGY          RMS            GMAX         NAME    NUMBER
    140      -1.0237E+04     1.2826E+00     2.9300E+01     H1       2214

 BOND    =      683.1040  ANGLE   =        1.1877  DIHED      =       11.8714
 VDWAALS =     1457.5857  EEL     =   -12440.8020  HBOND      =        0.0000
 1-4 VDW =        2.5419  1-4 EEL =       47.2903  RESTRAINT  =        0.1852
 EAMBER  =   -10237.2210


   NSTEP       ENERGY          RMS            GMAX         NAME    NUMBER
    160      -1.0362E+04     2.1347E+00     4.0354E+01     O         692

 BOND    =      689.2294  ANGLE   =        1.2003  DIHED      =       11.8609
 VDWAALS =     1505.7610  EEL     =   -12619.5110  HBOND      =        0.0000
 1-4 VDW =        2.4637  1-4 EEL =       47.2262  RESTRAINT  =        0.1596
 EAMBER  =   -10361.7695


   NSTEP       ENERGY          RMS            GMAX         NAME    NUMBER
    180      -1.0449E+04     1.4340E+00     2.9784E+01     O        2459

 BOND    =      721.8145  ANGLE   =        1.2069  DIHED      =       11.8435
 VDWAALS =     1613.7317  EEL     =   -12847.4510  HBOND      =        0.0000
 1-4 VDW =        2.4365  1-4 EEL =       47.2457  RESTRAINT  =        0.1607
 EAMBER  =   -10449.1722


   NSTEP       ENERGY          RMS            GMAX         NAME    NUMBER
    200      -1.0532E+04     9.8825E-01     2.1598E+01     CH3         2

 BOND    =      738.5746  ANGLE   =        1.6597  DIHED      =       11.7901
 VDWAALS =     1657.0428  EEL     =   -12990.9820  HBOND      =        0.0000
 1-4 VDW =        2.5453  1-4 EEL =       47.1092  RESTRAINT  =        0.3792
 EAMBER  =   -10532.2602


   NSTEP       ENERGY          RMS            GMAX         NAME    NUMBER
    220      -1.0583E+04     1.1583E+00     3.3889E+01     CH3         2

 BOND    =      719.0819  ANGLE   =        2.2785  DIHED      =       11.8488
 VDWAALS =     1685.3107  EEL     =   -13051.6808  HBOND      =        0.0000
 1-4 VDW =        2.5980  1-4 EEL =       47.0331  RESTRAINT  =        0.7269
 EAMBER  =   -10583.5298


   NSTEP       ENERGY          RMS            GMAX         NAME    NUMBER
    240      -1.0622E+04     9.2090E-01     3.0914E+01     C           5

 BOND    =      754.7747  ANGLE   =        1.3061  DIHED      =       11.8121
 VDWAALS =     1715.7863  EEL     =   -13155.7700  HBOND      =        0.0000
 1-4 VDW =        2.4191  1-4 EEL =       47.0908  RESTRAINT  =        0.2013
 EAMBER  =   -10622.5809


   NSTEP       ENERGY          RMS            GMAX         NAME    NUMBER
    260      -1.0710E+04     1.2854E+00     4.4615E+01     C           5

 BOND    =      751.3575  ANGLE   =        1.5137  DIHED      =       11.8473
 VDWAALS =     1804.7160  EEL     =   -13328.7835  HBOND      =        0.0000
 1-4 VDW =        2.3971  1-4 EEL =       46.6780  RESTRAINT  =        0.2715
 EAMBER  =   -10710.2739


   NSTEP       ENERGY          RMS            GMAX         NAME    NUMBER
    280      -1.0742E+04     6.4735E-01     2.2817E+01     O           6

 BOND    =      764.2726  ANGLE   =        1.4429  DIHED      =       12.0659
 VDWAALS =     1829.8205  EEL     =   -13399.0495  HBOND      =        0.0000
 1-4 VDW =        2.3370  1-4 EEL =       46.8201  RESTRAINT  =        0.3587
 EAMBER  =   -10742.2906


   NSTEP       ENERGY          RMS            GMAX         NAME    NUMBER
    300      -1.0806E+04     1.4132E+00     3.2593E+01     O           6

 BOND    =      795.2396  ANGLE   =        3.3304  DIHED      =       12.2686
 VDWAALS =     1925.9180  EEL     =   -13592.4286  HBOND      =        0.0000
 1-4 VDW =        2.6375  1-4 EEL =       46.4142  RESTRAINT  =        1.0915
 EAMBER  =   -10806.6204


   NSTEP       ENERGY          RMS            GMAX         NAME    NUMBER
    320      -1.0842E+04     6.1049E-01     1.7378E+01     O           6

 BOND    =      803.1377  ANGLE   =        1.1667  DIHED      =       11.8077
 VDWAALS =     1927.9183  EEL     =   -13635.7906  HBOND      =        0.0000
 1-4 VDW =        2.5340  1-4 EEL =       46.8006  RESTRAINT  =        0.3622
 EAMBER  =   -10842.4256


   NSTEP       ENERGY          RMS            GMAX         NAME    NUMBER
    340      -1.0857E+04     5.7319E-01     1.4529E+01     CB         11

 BOND    =      791.5541  ANGLE   =        1.5672  DIHED      =       11.7996
 VDWAALS =     1939.1352  EEL     =   -13651.5372  HBOND      =        0.0000
 1-4 VDW =        2.4579  1-4 EEL =       47.4527  RESTRAINT  =        0.2288
 EAMBER  =   -10857.5706


   NSTEP       ENERGY          RMS            GMAX         NAME    NUMBER
    360      -1.0896E+04     9.1497E-01     3.3611E+01     O           6

 BOND    =      814.0798  ANGLE   =        1.5304  DIHED      =       11.9499
 VDWAALS =     1977.7870  EEL     =   -13751.2667  HBOND      =        0.0000
 1-4 VDW =        2.3327  1-4 EEL =       47.1635  RESTRAINT  =        0.3588
 EAMBER  =   -10896.4232


   NSTEP       ENERGY          RMS            GMAX         NAME    NUMBER
    380      -1.0914E+04     3.3123E-01     5.8286E+00     C          15

 BOND    =      806.9446  ANGLE   =        1.1786  DIHED      =       11.9117
 VDWAALS =     1991.9796  EEL     =   -13774.7584  HBOND      =        0.0000
 1-4 VDW =        2.4515  1-4 EEL =       46.5082  RESTRAINT  =        0.1931
 EAMBER  =   -10913.7842


   NSTEP       ENERGY          RMS            GMAX         NAME    NUMBER
    400      -1.0937E+04     7.9320E-01     2.1076E+01     CB         11

 BOND    =      809.1091  ANGLE   =        2.8604  DIHED      =       12.4786
 VDWAALS =     2019.5653  EEL     =   -13829.4049  HBOND      =        0.0000
 1-4 VDW =        2.6174  1-4 EEL =       45.6787  RESTRAINT  =        0.5786
 EAMBER  =   -10937.0953


   NSTEP       ENERGY          RMS            GMAX         NAME    NUMBER
    420      -1.0952E+04     4.9166E-01     1.3086E+01     C          15

 BOND    =      818.0578  ANGLE   =        1.4853  DIHED      =       11.8655
 VDWAALS =     2028.2101  EEL     =   -13860.8939  HBOND      =        0.0000
 1-4 VDW =        2.4805  1-4 EEL =       46.5371  RESTRAINT  =        0.3318
 EAMBER  =   -10952.2575


   NSTEP       ENERGY          RMS            GMAX         NAME    NUMBER
    440      -1.0963E+04     6.5445E-01     1.5448E+01     N           7

 BOND    =      814.9431  ANGLE   =        1.5235  DIHED      =       11.7331
 VDWAALS =     2039.0787  EEL     =   -13879.9413  HBOND      =        0.0000
 1-4 VDW =        2.3530  1-4 EEL =       47.4508  RESTRAINT  =        0.3531
 EAMBER  =   -10962.8592


   NSTEP       ENERGY          RMS            GMAX         NAME    NUMBER
    460      -1.0985E+04     6.9348E-01     1.7630E+01     C          15

 BOND    =      831.8918  ANGLE   =        1.2889  DIHED      =       11.7685
 VDWAALS =     2063.9203  EEL     =   -13943.2814  HBOND      =        0.0000
 1-4 VDW =        2.3610  1-4 EEL =       46.9689  RESTRAINT  =        0.2637
 EAMBER  =   -10985.0820


   NSTEP       ENERGY          RMS            GMAX         NAME    NUMBER
    480      -1.0996E+04     2.4652E-01     4.4055E+00     CH3        19

 BOND    =      825.2587  ANGLE   =        1.1702  DIHED      =       11.9889
 VDWAALS =     2072.8913  EEL     =   -13955.8679  HBOND      =        0.0000
 1-4 VDW =        2.4581  1-4 EEL =       46.4446  RESTRAINT  =        0.1367
 EAMBER  =   -10995.6561


   NSTEP       ENERGY          RMS            GMAX         NAME    NUMBER
    500      -1.1016E+04     6.5276E-01     1.3040E+01     C          15

 BOND    =      823.9259  ANGLE   =        2.1438  DIHED      =       12.4975
 VDWAALS =     2103.3574  EEL     =   -14006.6275  HBOND      =        0.0000
 1-4 VDW =        2.5525  1-4 EEL =       45.8317  RESTRAINT  =        0.3046
 EAMBER  =   -11016.3187


   NSTEP       ENERGY          RMS            GMAX         NAME    NUMBER
    520      -1.1031E+04     4.1530E-01     1.2952E+01     C           5

 BOND    =      837.4767  ANGLE   =        1.2493  DIHED      =       11.9092
 VDWAALS =     2107.4503  EEL     =   -14038.2337  HBOND      =        0.0000
 1-4 VDW =        2.4398  1-4 EEL =       46.5655  RESTRAINT  =        0.2121
 EAMBER  =   -11031.1430


   NSTEP       ENERGY          RMS            GMAX         NAME    NUMBER
    540      -1.1041E+04     6.3522E-01     1.3332E+01     H           8

 BOND    =      827.4623  ANGLE   =        1.2625  DIHED      =       11.7858
 VDWAALS =     2114.2594  EEL     =   -14044.9212  HBOND      =        0.0000
 1-4 VDW =        2.3307  1-4 EEL =       46.9301  RESTRAINT  =        0.3012
 EAMBER  =   -11040.8904


   NSTEP       ENERGY          RMS            GMAX         NAME    NUMBER
    560      -1.1053E+04     4.5920E-01     7.8867E+00     CH3         2

 BOND    =      847.0825  ANGLE   =        1.0425  DIHED      =       11.8527
 VDWAALS =     2124.3219  EEL     =   -14086.1306  HBOND      =        0.0000
 1-4 VDW =        2.4172  1-4 EEL =       46.6347  RESTRAINT  =        0.1912
 EAMBER  =   -11052.7791


   NSTEP       ENERGY          RMS            GMAX         NAME    NUMBER
    580      -1.1062E+04     3.2194E-01     7.3200E+00     C           5

 BOND    =      839.7149  ANGLE   =        1.2220  DIHED      =       12.0553
 VDWAALS =     2134.4573  EEL     =   -14098.8218  HBOND      =        0.0000
 1-4 VDW =        2.4618  1-4 EEL =       46.3714  RESTRAINT  =        0.1165
 EAMBER  =   -11062.5391


   NSTEP       ENERGY          RMS            GMAX         NAME    NUMBER
    600      -1.1073E+04     5.9752E-01     1.5719E+01     O         692

 BOND    =      849.8014  ANGLE   =        1.6937  DIHED      =       12.3669
 VDWAALS =     2140.9775  EEL     =   -14127.0409  HBOND      =        0.0000
 1-4 VDW =        2.6037  1-4 EEL =       45.9234  RESTRAINT  =        0.2124
 EAMBER  =   -11073.6744


   NSTEP       ENERGY          RMS            GMAX         NAME    NUMBER
    620      -1.1081E+04     4.2418E-01     1.4860E+01     N          17

 BOND    =      841.3797  ANGLE   =        1.0932  DIHED      =       12.0029
 VDWAALS =     2144.9729  EEL     =   -14130.0411  HBOND      =        0.0000
 1-4 VDW =        2.5195  1-4 EEL =       46.3344  RESTRAINT  =        0.2462
 EAMBER  =   -11081.7384


   NSTEP       ENERGY          RMS            GMAX         NAME    NUMBER
    640      -1.1090E+04     5.4286E-01     1.8179E+01     C          15

 BOND    =      843.2478  ANGLE   =        1.2912  DIHED      =       11.8536
 VDWAALS =     2148.7170  EEL     =   -14144.2103  HBOND      =        0.0000
 1-4 VDW =        2.3417  1-4 EEL =       46.7929  RESTRAINT  =        0.2354
 EAMBER  =   -11089.9661


   NSTEP       ENERGY          RMS            GMAX         NAME    NUMBER
    660      -1.1098E+04     3.4068E-01     6.4126E+00     O         692

 BOND    =      841.1632  ANGLE   =        1.0912  DIHED      =       11.8853
 VDWAALS =     2153.3495  EEL     =   -14154.3471  HBOND      =        0.0000
 1-4 VDW =        2.3863  1-4 EEL =       46.5767  RESTRAINT  =        0.1715
 EAMBER  =   -11097.8949


   NSTEP       ENERGY          RMS            GMAX         NAME    NUMBER
    680      -1.1105E+04     3.5848E-01     1.2566E+01     C           5

 BOND    =      845.7082  ANGLE   =        1.1003  DIHED      =       12.0575
 VDWAALS =     2160.7404  EEL     =   -14173.9087  HBOND      =        0.0000
 1-4 VDW =        2.4862  1-4 EEL =       46.2590  RESTRAINT  =        0.0956
 EAMBER  =   -11105.5571


   NSTEP       ENERGY          RMS            GMAX         NAME    NUMBER
    700      -1.1114E+04     4.9299E-01     1.3138E+01     CB         11

 BOND    =      851.4582  ANGLE   =        1.6870  DIHED      =       12.3733
 VDWAALS =     2164.0900  EEL     =   -14191.9835  HBOND      =        0.0000
 1-4 VDW =        2.6159  1-4 EEL =       45.8507  RESTRAINT  =        0.1941
 EAMBER  =   -11113.9085


   NSTEP       ENERGY          RMS            GMAX         NAME    NUMBER
    720      -1.1120E+04     4.1011E-01     1.2061E+01     O           6

 BOND    =      844.6970  ANGLE   =        1.1939  DIHED      =       12.0375
 VDWAALS =     2168.0184  EEL     =   -14195.1278  HBOND      =        0.0000
 1-4 VDW =        2.5067  1-4 EEL =       46.2794  RESTRAINT  =        0.2443
 EAMBER  =   -11120.3948


   NSTEP       ENERGY          RMS            GMAX         NAME    NUMBER
    740      -1.1128E+04     3.4865E-01     9.3578E+00     C          15

 BOND    =      850.4274  ANGLE   =        1.2460  DIHED      =       11.8733
 VDWAALS =     2170.6825  EEL     =   -14211.2054  HBOND      =        0.0000
 1-4 VDW =        2.3387  1-4 EEL =       46.7025  RESTRAINT  =        0.2126
 EAMBER  =   -11127.9349


   NSTEP       ENERGY          RMS            GMAX         NAME    NUMBER
    760      -1.1133E+04     3.1333E-01     6.6870E+00     O           6

 BOND    =      846.7017  ANGLE   =        1.1043  DIHED      =       11.9422
 VDWAALS =     2174.0243  EEL     =   -14216.0332  HBOND      =        0.0000
 1-4 VDW =        2.3736  1-4 EEL =       46.5155  RESTRAINT  =        0.1428
 EAMBER  =   -11133.3715


   NSTEP       ENERGY          RMS            GMAX         NAME    NUMBER
    780      -1.1140E+04     3.4302E-01     9.1004E+00     C          15

 BOND    =      850.6543  ANGLE   =        1.0951  DIHED      =       12.1016
 VDWAALS =     2180.4495  EEL     =   -14232.9724  HBOND      =        0.0000
 1-4 VDW =        2.5006  1-4 EEL =       46.2053  RESTRAINT  =        0.0914
 EAMBER  =   -11139.9660


   NSTEP       ENERGY          RMS            GMAX         NAME    NUMBER
    800      -1.1146E+04     4.0274E-01     1.1952E+01     CH3        19

 BOND    =      854.3453  ANGLE   =        1.3598  DIHED      =       12.2252
 VDWAALS =     2182.9989  EEL     =   -14246.1303  HBOND      =        0.0000
 1-4 VDW =        2.5448  1-4 EEL =       46.0176  RESTRAINT  =        0.1634
 EAMBER  =   -11146.6388


   NSTEP       ENERGY          RMS            GMAX         NAME    NUMBER
    820      -1.1151E+04     3.8523E-01     1.0873E+01     N          17

 BOND    =      848.8226  ANGLE   =        1.0836  DIHED      =       12.0215
 VDWAALS =     2185.8640  EEL     =   -14247.8175  HBOND      =        0.0000
 1-4 VDW =        2.4888  1-4 EEL =       46.3130  RESTRAINT  =        0.1545
 EAMBER  =   -11151.2241


   NSTEP       ENERGY          RMS            GMAX         NAME    NUMBER
    840      -1.1157E+04     2.4765E-01     7.1257E+00     HH33       22

 BOND    =      854.4105  ANGLE   =        1.1617  DIHED      =       11.9109
 VDWAALS =     2187.8286  EEL     =   -14261.1852  HBOND      =        0.0000
 1-4 VDW =        2.3505  1-4 EEL =       46.6280  RESTRAINT  =        0.1814
 EAMBER  =   -11156.8949


   NSTEP       ENERGY          RMS            GMAX         NAME    NUMBER
    860      -1.1161E+04     3.1889E-01     6.8851E+00     CB         11

 BOND    =      852.3841  ANGLE   =        1.0676  DIHED      =       11.9683
 VDWAALS =     2189.8299  EEL     =   -14265.2214  HBOND      =        0.0000
 1-4 VDW =        2.3679  1-4 EEL =       46.4744  RESTRAINT  =        0.1328
 EAMBER  =   -11161.1292


   NSTEP       ENERGY          RMS            GMAX         NAME    NUMBER
    880      -1.1167E+04     2.6584E-01     8.9342E+00     C           5

 BOND    =      854.9204  ANGLE   =        1.1803  DIHED      =       12.1636
 VDWAALS =     2193.6255  EEL     =   -14277.4614  HBOND      =        0.0000
 1-4 VDW =        2.5188  1-4 EEL =       46.1529  RESTRAINT  =        0.0743
 EAMBER  =   -11166.8999


   NSTEP       ENERGY          RMS            GMAX         NAME    NUMBER
    900      -1.1172E+04     3.4478E-01     9.0403E+00     CB         11

 BOND    =      856.9760  ANGLE   =        1.3437  DIHED      =       12.2258
 VDWAALS =     2194.2573  EEL     =   -14285.8231  HBOND      =        0.0000
 1-4 VDW =        2.5432  1-4 EEL =       46.1301  RESTRAINT  =        0.1493
 EAMBER  =   -11172.3470


   NSTEP       ENERGY          RMS            GMAX         NAME    NUMBER
    920      -1.1177E+04     3.5719E-01     9.9449E+00     C          15

 BOND    =      853.0724  ANGLE   =        1.1473  DIHED      =       12.1031
 VDWAALS =     2195.7427  EEL     =   -14287.6168  HBOND      =        0.0000
 1-4 VDW =        2.4832  1-4 EEL =       46.2625  RESTRAINT  =        0.1066
 EAMBER  =   -11176.8056


   NSTEP       ENERGY          RMS            GMAX         NAME    NUMBER
    940      -1.1183E+04     2.5178E-01     6.9990E+00     HH33       22

 BOND    =      857.9335  ANGLE   =        1.1858  DIHED      =       11.9344
 VDWAALS =     2196.0804  EEL     =   -14299.5651  HBOND      =        0.0000
 1-4 VDW =        2.3459  1-4 EEL =       46.5989  RESTRAINT  =        0.1894
 EAMBER  =   -11183.4862


   NSTEP       ENERGY          RMS            GMAX         NAME    NUMBER
    960      -1.1188E+04     3.3050E-01     8.4845E+00     C          15

 BOND    =      855.7589  ANGLE   =        1.1254  DIHED      =       12.0204
 VDWAALS =     2196.3594  EEL     =   -14302.2010  HBOND      =        0.0000
 1-4 VDW =        2.3655  1-4 EEL =       46.4296  RESTRAINT  =        0.1116
 EAMBER  =   -11188.1417


   NSTEP       ENERGY          RMS            GMAX         NAME    NUMBER
    980      -1.1195E+04     3.4042E-01     7.2078E+00     C           5

 BOND    =      859.9834  ANGLE   =        1.3147  DIHED      =       12.2234
 VDWAALS =     2198.3341  EEL     =   -14315.1777  HBOND      =        0.0000
 1-4 VDW =        2.5293  1-4 EEL =       46.0732  RESTRAINT  =        0.0668
 EAMBER  =   -11194.7197


   NSTEP       ENERGY          RMS            GMAX         NAME    NUMBER
   1000      -1.1201E+04     3.9222E-01     1.2348E+01     C          15

 BOND    =      859.9918  ANGLE   =        1.3641  DIHED      =       12.2633
 VDWAALS =     2198.1019  EEL     =   -14321.3125  HBOND      =        0.0000
 1-4 VDW =        2.5440  1-4 EEL =       46.2192  RESTRAINT  =        0.1369
 EAMBER  =   -11200.8281


  Maximum number of minimization cycles reached.


                    FINAL RESULTS



   NSTEP       ENERGY          RMS            GMAX         NAME    NUMBER
   1000      -1.1201E+04     3.9222E-01     1.2348E+01     C          15

 BOND    =      859.9918  ANGLE   =        1.3641  DIHED      =       12.2633
 VDWAALS =     2198.1019  EEL     =   -14321.3125  HBOND      =        0.0000
 1-4 VDW =        2.5440  1-4 EEL =       46.2192  RESTRAINT  =        0.1369
 EAMBER  =   -11200.8281

--------------------------------------------------------------------------------
   5.  TIMINGS
--------------------------------------------------------------------------------

|                Build the list             0.10 (65.59% of List )
|                Other                      0.05 (34.41% of List )
|             List time                  0.16 ( 1.64% of Nonbo)
|                   Short_ene time             6.40 (97.01% of Direc)
|                   Other                      0.20 ( 2.99% of Direc)
|                Direct Ewald time          6.59 (69.79% of Ewald)
|                Adjust Ewald time          0.03 ( 0.35% of Ewald)
|                Self Ewald time            0.00 ( 0.01% of Ewald)
|                   Fill Bspline coeffs        0.16 ( 7.11% of Recip)
|                   Fill charge grid           0.13 ( 5.66% of Recip)
|                   Scalar sum                 0.57 (25.45% of Recip)
|                   Grad sum                   0.27 (12.25% of Recip)
|                      FFT back comm time         0.20 (19.63% of FFT t)
|                      Other                      0.83 (80.37% of FFT t)
|                   FFT time                   1.03 (46.32% of Recip)
|                   Other                      0.07 ( 3.20% of Recip)
|                Recip Ewald time           2.23 (23.63% of Ewald)
|                Force Adjust               0.53 ( 5.57% of Ewald)
|                Virial junk                0.05 ( 0.58% of Ewald)
|                Start synchronizatio       0.00 ( 0.01% of Ewald)
|                Other                      0.01 ( 0.05% of Ewald)
|             Ewald time                 9.45 (98.35% of Nonbo)
|             Other                      0.00 ( 0.01% of Nonbo)
|          Nonbond force              9.61 (93.72% of Force)
|          Bond/Angle/Dihedral        0.04 ( 0.37% of Force)
|          FRC Collect time           0.19 ( 1.89% of Force)
|          Other                      0.41 ( 4.03% of Force)
|       Force time                10.25 (100.0% of Runmd)
|    Runmd Time                10.25 ( 5.12% of Total)
|    Other                    190.12 (94.88% of Total)
| Total time               200.37 (100.0% of ALL  )

| Highest rstack allocated:      38884
| Highest istack allocated:        818
|           Job began  at 15:11:11.188  on 03/14/2017
|           Setup done at 15:11:11.272  on 03/14/2017
|           Run   done at 15:14:31.564  on 03/14/2017
|     wallclock() was called   44070 times
