
          -------------------------------------------------------
          Amber 16 SANDER                              2016
          -------------------------------------------------------

| Run on 03/14/2017 at 14:11:07

|   Executable path: sander.MPI
| Working directory: /home/steboss/projects/mdgx-tests/alanine/IPOLQ/input/PhiPsi_1/150/75
|          Hostname: node011

  [-O]verwriting output

File Assignments:
|  MDIN: equil.in                                                              
| MDOUT: Conf75.eq.out                                                         
|INPCRD: Conf75.min                                                            
|  PARM: Conf75.top                                                            
|RESTRT: Conf75.rst                                                            
|  REFC: Conf75.crd                                                            
| MDVEL: mdvel                                                                 
| MDFRC: mdfrc                                                                 
|  MDEN: mden                                                                  
| MDCRD: mdcrd                                                                 
|MDINFO: mdinfo                                                                
|  MTMD: mtmd                                                                  
|INPDIP: inpdip                                                                
|RSTDIP: rstdip                                                                
|INPTRA: inptraj                                                               

|    REMLOG: rem.log
|   REMTYPE: rem.type
|  REMSTRIP: 
|   SAVEENE: saveene
|CLUSTERINF: cluster.info
| RESERVOIR: reserv/frame
|   REMDDIM: 


 Here is the input file:

Equilibrate water in NPT                                                       
 &cntrl                                                                        
                                                                               
  nmropt = 0,                                                                  
  ntx    = 1,       irest  = 0,       ntrx   = 1,      ntxo   = 1,             
  ntpr   = 1000,    ntwx   = 1000,    ntwv   = 0,      ntwe   = 1000,          
  iwrap  = 0,       ioutfm = 1,                                                
                                                                               
  ntf    = 2,       ntb    = 2,                                                
  cut = 9.0,                                                                   
                                                                               
  ibelly = 0,       ntr    = 1,                                                
  restraintmask = ':1',                                                        
  restraint_wt = 100.0,                                                        
                                                                               
  imin   = 0,                                                                  
  nstlim = 10000,                                                              
  nscm   = 1000,                                                               
  t      = 0.0,     dt     = 0.002,                                            
                                                                               
  temp0     = 298.0,   tempi  = 0.0,                                           
  ig        = -1,                                                              
  ntt       = 3,                                                               
  gamma_ln  = 3.0,                                                             
                                                                               
  ntp    = 1,       pres0  = 1.0,     comp   = 44.6,                           
  taup   = 1.0,                                                                
                                                                               
  ntc    = 2,       tol    = 0.000001, watnam = 'WAT ',                        
                                                                               
 &end                                                                          

--------------------------------------------------------------------------------
   1.  RESOURCE   USE: 
--------------------------------------------------------------------------------

| Flags: MPI                                                                    
 getting new box info from bottom of inpcrd
|  INFO: Old style inpcrd file read

| peek_ewald_inpcrd: Box info found
|Largest sphere to fit in unit cell has radius =    14.548
| New format PARM file being parsed.
| Version =    1.000 Date = 03/14/17 Time = 13:38:22
 NATOM  =    2905 NTYPES =       9 NBONH =    2895 MBONA  =       9
 NTHETH =      25 MTHETA =      11 NPHIH =      43 MPHIA  =      24
 NHPARM =       0 NPARM  =       0 NNB   =    3943 NRES   =     964
 NBONA  =       9 NTHETA =      11 NPHIA =      24 NUMBND =      10
 NUMANG =      16 NPTRA  =      19 NATYP =       9 NPHB   =       1
 IFBOX  =       2 NMXRS  =      10 IFCAP =       0 NEXTRA =       0
 NCOPY  =       0


|     Memory Use     Allocated
|     Real              298849
|     Hollerith           9681
|     Integer            89228
|     Max Pairs         322212
|     nblistReal         34860
|     nblist Int         88191
|       Total             4596 kbytes

| Note: 1-4 EEL scale factors are being read from the topology file.

| Note: 1-4 VDW scale factors are being read from the topology file.
| Duplicated    0 dihedrals
| Duplicated    0 dihedrals

     BOX TYPE: TRUNCATED OCTAHEDRON
Note: ig = -1. Setting random seed to   761615 based on wallclock time in microseconds
      and disabling the synchronization of random numbers between tasks
      to improve performance.

--------------------------------------------------------------------------------
   2.  CONTROL  DATA  FOR  THE  RUN
--------------------------------------------------------------------------------

default_name                                                                    

General flags:
     imin    =       0, nmropt  =       0

Nature and format of input:
     ntx     =       1, irest   =       0, ntrx    =       1

Nature and format of output:
     ntxo    =       1, ntpr    =    1000, ntrx    =       1, ntwr    =   10000
     iwrap   =       0, ntwx    =    1000, ntwv    =       0, ntwe    =    1000
     ioutfm  =       1, ntwprt  =       0, idecomp =       0, rbornstat=      0

Potential function:
     ntf     =       2, ntb     =       2, igb     =       0, nsnb    =      25
     ipol    =       0, gbsa    =       0, iesp    =       0
     dielc   =   1.00000, cut     =   9.00000, intdiel =   1.00000

Frozen or restrained atoms:
     ibelly  =       0, ntr     =       1
     restraint_wt = 100.00000

Molecular dynamics:
     nstlim  =     10000, nscm    =         0, nrespa  =         1
     t       =   0.00000, dt      =   0.00200, vlimit  =  20.00000

Langevin dynamics temperature regulation:
     ig      =  761615
     temp0   = 298.00000, tempi   =   0.00000, gamma_ln=   3.00000

Pressure regulation:
     ntp     =       1
     pres0   =   1.00000, comp    =  44.60000, taup    =   1.00000

SHAKE:
     ntc     =       2, jfastw  =       0
     tol     =   0.00000

Ewald parameters:
     verbose =       0, ew_type =       0, nbflag  =       1, use_pme =       1
     vdwmeth =       1, eedmeth =       1, netfrc  =       1
     Box X =   35.634   Box Y =   35.634   Box Z =   35.634
     Alpha =  109.471   Beta  =  109.471   Gamma =  109.471
     NFFT1 =   36       NFFT2 =   36       NFFT3 =   36
     Cutoff=    9.000   Tol   =0.100E-04
     Ewald Coefficient =  0.30768
     Interpolation order =    4

| MPI Timing options:
|      profile_mpi =        0

    LOADING THE CONSTRAINED ATOMS AS GROUPS


   5.  REFERENCE ATOM COORDINATES

  defa
     Mask :1; matches     6 atoms

--------------------------------------------------------------------------------
   3.  ATOMIC COORDINATES AND VELOCITIES
--------------------------------------------------------------------------------

defa                                                                            
 begin time read from input coords =     0.000 ps

 Number of triangulated 3-point waters found:      961
|  Atom division among processors:
|         0     364     727    1090    1453    1816    2179    2542
|      2905

     Sum of charges from parm topology file =  -0.00000000
     Forcing neutrality...
|  Running AMBER/MPI version on    8 nodes


--------------------------------------------------------------------------------
   4.  RESULTS
--------------------------------------------------------------------------------

|  # of SOLUTE  degrees of freedom (RNDFP):    5820.
|  # of SOLVENT degrees of freedom (RNDFS):       0.
|  NDFMIN =    5820.     NUM_NOSHAKE =      0     CORRECTED RNDFP =    5820.
|  TOTAL # of degrees of freedom (RNDF) =    5820.
 ---------------------------------------------------
 APPROXIMATING switch and d/dx switch using CUBIC SPLINE INTERPOLATION
 using   5000.0 points per unit in tabled values
 TESTING RELATIVE ERROR over r ranging from 0.0 to cutoff
| CHECK switch(x): max rel err =   0.2738E-14   at   2.422500
| CHECK d/dx switch(x): max rel err =   0.8314E-11   at   2.736960
 ---------------------------------------------------
| Local SIZE OF NONBOND LIST =      95208
| TOTAL SIZE OF NONBOND LIST =     676188

 NSTEP =        0   TIME(PS) =       0.000  TEMP(K) =     0.00  PRESS = -5613.4
 Etot   =    -12710.1341  EKtot   =         0.0000  EPtot      =    -12710.1341
 BOND   =         0.4731  ANGLE   =         1.0788  DIHED      =         9.9790
 1-4 NB =         2.5976  1-4 EEL =        47.2675  VDWAALS    =      2209.1161
 EELEC  =    -14980.9504  EHBOND  =         0.0000  RESTRAINT  =         0.3042
 EAMBER (non-restraint)  =    -12710.4382
 EKCMT  =         0.0000  VIRIAL  =      4221.6162  VOLUME     =     34831.5322
                                                    Density    =         0.8323
 Ewald error estimate:   0.9022E-04
 ------------------------------------------------------------------------------


 NSTEP =     1000   TIME(PS) =       2.000  TEMP(K) =   292.21  PRESS =  -129.6
 Etot   =     -7385.2950  EKtot   =      1689.7970  EPtot      =     -9075.0920
 BOND   =         2.0476  ANGLE   =         8.7683  DIHED      =        10.6255
 1-4 NB =         2.6127  1-4 EEL =        44.1388  VDWAALS    =      1429.8363
 EELEC  =    -10577.5219  EHBOND  =         0.0000  RESTRAINT  =         4.4009
 EAMBER (non-restraint)  =     -9079.4929
 EKCMT  =       825.9400  VIRIAL  =       915.6968  VOLUME     =     32085.8067
                                                    Density    =         0.9035
 Ewald error estimate:   0.2311E-03
 ------------------------------------------------------------------------------


 NSTEP =     2000   TIME(PS) =       4.000  TEMP(K) =   296.87  PRESS =  -764.0
 Etot   =     -7429.6679  EKtot   =      1716.6979  EPtot      =     -9146.3658
 BOND   =         2.8017  ANGLE   =         5.2389  DIHED      =        10.6874
 1-4 NB =         5.8502  1-4 EEL =        46.5970  VDWAALS    =      1293.4291
 EELEC  =    -10512.7405  EHBOND  =         0.0000  RESTRAINT  =         1.7703
 EAMBER (non-restraint)  =     -9148.1361
 EKCMT  =       859.4649  VIRIAL  =      1360.5475  VOLUME     =     30376.4597
                                                    Density    =         0.9543
 Ewald error estimate:   0.1752E-03
 ------------------------------------------------------------------------------


 NSTEP =     3000   TIME(PS) =       6.000  TEMP(K) =   301.54  PRESS =   379.4
 Etot   =     -7476.1677  EKtot   =      1743.7292  EPtot      =     -9219.8968
 BOND   =         3.0477  ANGLE   =        13.0844  DIHED      =        11.0340
 1-4 NB =         4.0989  1-4 EEL =        45.2521  VDWAALS    =      1445.0305
 EELEC  =    -10743.2399  EHBOND  =         0.0000  RESTRAINT  =         1.7956
 EAMBER (non-restraint)  =     -9221.6924
 EKCMT  =       839.4852  VIRIAL  =       595.7254  VOLUME     =     29759.2599
                                                    Density    =         0.9741
 Ewald error estimate:   0.2660E-04
 ------------------------------------------------------------------------------


 NSTEP =     4000   TIME(PS) =       8.000  TEMP(K) =   291.96  PRESS =    15.3
 Etot   =     -7520.7107  EKtot   =      1688.3168  EPtot      =     -9209.0275
 BOND   =         6.1228  ANGLE   =         7.9141  DIHED      =        10.3786
 1-4 NB =         3.9507  1-4 EEL =        45.3292  VDWAALS    =      1363.9074
 EELEC  =    -10655.4509  EHBOND  =         0.0000  RESTRAINT  =         8.8206
 EAMBER (non-restraint)  =     -9217.8480
 EKCMT  =       863.6976  VIRIAL  =       854.0377  VOLUME     =     29337.0335
                                                    Density    =         0.9882
 Ewald error estimate:   0.1485E-04
 ------------------------------------------------------------------------------


 NSTEP =     5000   TIME(PS) =      10.000  TEMP(K) =   294.99  PRESS =    14.5
 Etot   =     -7469.0317  EKtot   =      1705.8197  EPtot      =     -9174.8514
 BOND   =         2.3030  ANGLE   =         7.5001  DIHED      =        12.1694
 1-4 NB =         4.0528  1-4 EEL =        47.2023  VDWAALS    =      1340.8761
 EELEC  =    -10592.2199  EHBOND  =         0.0000  RESTRAINT  =         3.2647
 EAMBER (non-restraint)  =     -9178.1161
 EKCMT  =       837.6281  VIRIAL  =       828.4989  VOLUME     =     29194.2170
                                                    Density    =         0.9930
 Ewald error estimate:   0.4549E-04
 ------------------------------------------------------------------------------


 NSTEP =     6000   TIME(PS) =      12.000  TEMP(K) =   306.01  PRESS =  -189.0
 Etot   =     -7403.6214  EKtot   =      1769.5531  EPtot      =     -9173.1744
 BOND   =         5.4665  ANGLE   =         7.7687  DIHED      =        11.2208
 1-4 NB =         5.9880  1-4 EEL =        49.4191  VDWAALS    =      1318.3310
 EELEC  =    -10575.4933  EHBOND  =         0.0000  RESTRAINT  =         4.1248
 EAMBER (non-restraint)  =     -9177.2992
 EKCMT  =       876.9302  VIRIAL  =       997.1394  VOLUME     =     29452.2729
                                                    Density    =         0.9843
 Ewald error estimate:   0.1328E-03
 ------------------------------------------------------------------------------


 NSTEP =     7000   TIME(PS) =      14.000  TEMP(K) =   295.89  PRESS =  -491.1
 Etot   =     -7531.9799  EKtot   =      1711.0748  EPtot      =     -9243.0547
 BOND   =         2.6233  ANGLE   =         9.9381  DIHED      =        12.5932
 1-4 NB =         3.2495  1-4 EEL =        45.4023  VDWAALS    =      1320.9068
 EELEC  =    -10640.3621  EHBOND  =         0.0000  RESTRAINT  =         2.5942
 EAMBER (non-restraint)  =     -9245.6489
 EKCMT  =       826.5914  VIRIAL  =      1138.5227  VOLUME     =     29415.3062
                                                    Density    =         0.9855
 Ewald error estimate:   0.2913E-03
 ------------------------------------------------------------------------------


 NSTEP =     8000   TIME(PS) =      16.000  TEMP(K) =   310.78  PRESS =   -20.4
 Etot   =     -7398.8978  EKtot   =      1797.1543  EPtot      =     -9196.0521
 BOND   =         2.1424  ANGLE   =         9.6256  DIHED      =        10.8812
 1-4 NB =         2.8496  1-4 EEL =        44.4066  VDWAALS    =      1362.0085
 EELEC  =    -10629.7383  EHBOND  =         0.0000  RESTRAINT  =         1.7725
 EAMBER (non-restraint)  =     -9197.8245
 EKCMT  =       878.7435  VIRIAL  =       891.7831  VOLUME     =     29618.2283
                                                    Density    =         0.9788
 Ewald error estimate:   0.3241E-03
 ------------------------------------------------------------------------------


 NSTEP =     9000   TIME(PS) =      18.000  TEMP(K) =   292.96  PRESS =  -312.8
 Etot   =     -7539.6820  EKtot   =      1694.0900  EPtot      =     -9233.7721
 BOND   =         3.5013  ANGLE   =         9.8984  DIHED      =         9.8199
 1-4 NB =         2.3029  1-4 EEL =        43.7743  VDWAALS    =      1336.1219
 EELEC  =    -10643.0607  EHBOND  =         0.0000  RESTRAINT  =         3.8700
 EAMBER (non-restraint)  =     -9237.6420
 EKCMT  =       863.8354  VIRIAL  =      1064.6141  VOLUME     =     29724.8666
                                                    Density    =         0.9753
 Ewald error estimate:   0.1288E-03
 ------------------------------------------------------------------------------


 NSTEP =    10000   TIME(PS) =      20.000  TEMP(K) =   304.39  PRESS =   149.6
 Etot   =     -7478.0709  EKtot   =      1760.2302  EPtot      =     -9238.3011
 BOND   =         3.3265  ANGLE   =         7.5936  DIHED      =        11.4771
 1-4 NB =         2.1434  1-4 EEL =        44.6575  VDWAALS    =      1399.2536
 EELEC  =    -10708.8005  EHBOND  =         0.0000  RESTRAINT  =         2.0477
 EAMBER (non-restraint)  =     -9240.3488
 EKCMT  =       863.7909  VIRIAL  =       767.9723  VOLUME     =     29655.4982
                                                    Density    =         0.9775
 Ewald error estimate:   0.6263E-04
 ------------------------------------------------------------------------------


      A V E R A G E S   O V E R   10000 S T E P S


 NSTEP =    10000   TIME(PS) =      20.000  TEMP(K) =   292.46  PRESS =  -179.3
 Etot   =     -7541.1196  EKtot   =      1691.2349  EPtot      =     -9232.3545
 BOND   =         3.3903  ANGLE   =         8.3316  DIHED      =        11.0609
 1-4 NB =         3.3648  1-4 EEL =        45.7348  VDWAALS    =      1383.7515
 EELEC  =    -10691.1600  EHBOND  =         0.0000  RESTRAINT  =         3.1716
 EAMBER (non-restraint)  =     -9235.5262
 EKCMT  =       840.3564  VIRIAL  =       964.9862  VOLUME     =     30054.4145
                                                    Density    =         0.9660
 Ewald error estimate:   0.1955E-03
 ------------------------------------------------------------------------------


      R M S  F L U C T U A T I O N S


 NSTEP =    10000   TIME(PS) =      20.000  TEMP(K) =    26.56  PRESS =   462.5
 Etot   =       330.5068  EKtot   =       153.6132  EPtot      =       182.4075
 BOND   =         1.5783  ANGLE   =         2.2701  DIHED      =         1.3166
 1-4 NB =         0.7794  1-4 EEL =         2.1480  VDWAALS    =        90.7406
 EELEC  =       262.8697  EHBOND  =         0.0000  RESTRAINT  =         1.3225
 EAMBER (non-restraint)  =       181.0851
 EKCMT  =        74.9668  VIRIAL  =       281.3948  VOLUME     =      1203.8870
                                                    Density    =         0.0359
 Ewald error estimate:   0.1490E-03
 ------------------------------------------------------------------------------


--------------------------------------------------------------------------------
   5.  TIMINGS
--------------------------------------------------------------------------------

|>>>>>>>>PROFILE of Average TIMES>>>>>>>>> 
|                Build the list             7.96 (97.43% of List )
|                Other                      0.21 ( 2.57% of List )
|             List time                  8.17 (10.00% of Nonbo)
|                   Short_ene time            47.40 (96.17% of Direc)
|                   Other                      1.89 ( 3.83% of Direc)
|                Direct Ewald time         49.29 (67.05% of Ewald)
|                Adjust Ewald time          0.25 ( 0.34% of Ewald)
|                   Fill Bspline coeffs        1.06 ( 6.40% of Recip)
|                   Fill charge grid           0.94 ( 5.69% of Recip)
|                   Scalar sum                 4.16 (25.16% of Recip)
|                   Grad sum                   2.09 (12.62% of Recip)
|                      FFT back comm time         1.16 (15.70% of FFT t)
|                      Other                      6.22 (84.30% of FFT t)
|                   FFT time                   7.38 (44.65% of Recip)
|                   Other                      0.91 ( 5.49% of Recip)
|                Recip Ewald time          16.54 (22.50% of Ewald)
|                Force Adjust               7.04 ( 9.58% of Ewald)
|                Virial junk                0.36 ( 0.49% of Ewald)
|                Other                      0.03 ( 0.04% of Ewald)
|             Ewald time                73.50 (89.99% of Nonbo)
|             Other                      0.01 ( 0.01% of Nonbo)
|          Nonbond force             81.68 (98.80% of Force)
|          Bond/Angle/Dihedral        0.11 ( 0.13% of Force)
|          FRC Collect time           0.69 ( 0.83% of Force)
|          Other                      0.19 ( 0.23% of Force)
|       Force time                82.66 (92.45% of Runmd)
|       Shake time                 0.30 ( 0.34% of Runmd)
|       Verlet update time         3.16 ( 3.54% of Runmd)
|       Ekcmr time                 2.31 ( 2.58% of Runmd)
|       CRD distribute time        0.34 ( 0.38% of Runmd)
|       Other                      0.64 ( 0.72% of Runmd)
|    Runmd Time                89.42 (99.90% of Total)
|    Other                      0.09 ( 0.10% of Total)
| Total time                89.51 (100.0% of ALL  )

| Number of list builds   :        905

| Highest rstack allocated:      40018
| Highest istack allocated:        860

| Final Performance Info:
| -----------------------------------------------------
| Average timings for all steps:
|     Elapsed(s) =      89.91 Per Step(ms) =       8.99
|         ns/day =      19.22   seconds/ns =    4495.36
| -----------------------------------------------------

|           Job began  at 14:11:07.685  on 03/14/2017
|           Setup done at 14:11:07.817  on 03/14/2017
|           Run   done at 14:12:37.624  on 03/14/2017
|     wallclock() was called  571877 times
