
          -------------------------------------------------------
          Amber 16 SANDER                              2016
          -------------------------------------------------------

| Run on 03/14/2017 at 14:13:01

|   Executable path: sander.MPI
| Working directory: /home/steboss/projects/mdgx-tests/alanine/IPOLQ/input/PhiPsi_1/165/195
|          Hostname: node001

  [-O]verwriting output

File Assignments:
|  MDIN: equil.in                                                              
| MDOUT: Conf195.eq.out                                                        
|INPCRD: Conf195.min                                                           
|  PARM: Conf195.top                                                           
|RESTRT: Conf195.rst                                                           
|  REFC: Conf195.crd                                                           
| MDVEL: mdvel                                                                 
| MDFRC: mdfrc                                                                 
|  MDEN: mden                                                                  
| MDCRD: mdcrd                                                                 
|MDINFO: mdinfo                                                                
|  MTMD: mtmd                                                                  
|INPDIP: inpdip                                                                
|RSTDIP: rstdip                                                                
|INPTRA: inptraj                                                               

|    REMLOG: rem.log
|   REMTYPE: rem.type
|  REMSTRIP: 
|   SAVEENE: saveene
|CLUSTERINF: cluster.info
| RESERVOIR: reserv/frame
|   REMDDIM: 


 Here is the input file:

Equilibrate water in NPT                                                       
 &cntrl                                                                        
                                                                               
  nmropt = 0,                                                                  
  ntx    = 1,       irest  = 0,       ntrx   = 1,      ntxo   = 1,             
  ntpr   = 1000,    ntwx   = 1000,    ntwv   = 0,      ntwe   = 1000,          
  iwrap  = 0,       ioutfm = 1,                                                
                                                                               
  ntf    = 2,       ntb    = 2,                                                
  cut = 9.0,                                                                   
                                                                               
  ibelly = 0,       ntr    = 1,                                                
  restraintmask = ':1',                                                        
  restraint_wt = 100.0,                                                        
                                                                               
  imin   = 0,                                                                  
  nstlim = 10000,                                                              
  nscm   = 1000,                                                               
  t      = 0.0,     dt     = 0.002,                                            
                                                                               
  temp0     = 298.0,   tempi  = 0.0,                                           
  ig        = -1,                                                              
  ntt       = 3,                                                               
  gamma_ln  = 3.0,                                                             
                                                                               
  ntp    = 1,       pres0  = 1.0,     comp   = 44.6,                           
  taup   = 1.0,                                                                
                                                                               
  ntc    = 2,       tol    = 0.000001, watnam = 'WAT ',                        
                                                                               
 &end                                                                          

--------------------------------------------------------------------------------
   1.  RESOURCE   USE: 
--------------------------------------------------------------------------------

| Flags: MPI                                                                    
 getting new box info from bottom of inpcrd
|  INFO: Old style inpcrd file read

| peek_ewald_inpcrd: Box info found
|Largest sphere to fit in unit cell has radius =    14.677
| New format PARM file being parsed.
| Version =    1.000 Date = 03/14/17 Time = 13:38:25
 NATOM  =    2953 NTYPES =       9 NBONH =    2943 MBONA  =       9
 NTHETH =      25 MTHETA =      11 NPHIH =      43 MPHIA  =      24
 NHPARM =       0 NPARM  =       0 NNB   =    4007 NRES   =     980
 NBONA  =       9 NTHETA =      11 NPHIA =      24 NUMBND =      10
 NUMANG =      16 NPTRA  =      19 NATYP =       9 NPHB   =       1
 IFBOX  =       2 NMXRS  =      10 IFCAP =       0 NEXTRA =       0
 NCOPY  =       0


|     Memory Use     Allocated
|     Real              302353
|     Hollerith           9841
|     Integer            90316
|     Max Pairs         327536
|     nblistReal         35436
|     nblist Int         99242
|       Total             4697 kbytes

| Note: 1-4 EEL scale factors are being read from the topology file.

| Note: 1-4 VDW scale factors are being read from the topology file.
| Duplicated    0 dihedrals
| Duplicated    0 dihedrals

     BOX TYPE: TRUNCATED OCTAHEDRON
Note: ig = -1. Setting random seed to   474215 based on wallclock time in microseconds
      and disabling the synchronization of random numbers between tasks
      to improve performance.

--------------------------------------------------------------------------------
   2.  CONTROL  DATA  FOR  THE  RUN
--------------------------------------------------------------------------------

default_name                                                                    

General flags:
     imin    =       0, nmropt  =       0

Nature and format of input:
     ntx     =       1, irest   =       0, ntrx    =       1

Nature and format of output:
     ntxo    =       1, ntpr    =    1000, ntrx    =       1, ntwr    =   10000
     iwrap   =       0, ntwx    =    1000, ntwv    =       0, ntwe    =    1000
     ioutfm  =       1, ntwprt  =       0, idecomp =       0, rbornstat=      0

Potential function:
     ntf     =       2, ntb     =       2, igb     =       0, nsnb    =      25
     ipol    =       0, gbsa    =       0, iesp    =       0
     dielc   =   1.00000, cut     =   9.00000, intdiel =   1.00000

Frozen or restrained atoms:
     ibelly  =       0, ntr     =       1
     restraint_wt = 100.00000

Molecular dynamics:
     nstlim  =     10000, nscm    =         0, nrespa  =         1
     t       =   0.00000, dt      =   0.00200, vlimit  =  20.00000

Langevin dynamics temperature regulation:
     ig      =  474215
     temp0   = 298.00000, tempi   =   0.00000, gamma_ln=   3.00000

Pressure regulation:
     ntp     =       1
     pres0   =   1.00000, comp    =  44.60000, taup    =   1.00000

SHAKE:
     ntc     =       2, jfastw  =       0
     tol     =   0.00000

Ewald parameters:
     verbose =       0, ew_type =       0, nbflag  =       1, use_pme =       1
     vdwmeth =       1, eedmeth =       1, netfrc  =       1
     Box X =   35.952   Box Y =   35.952   Box Z =   35.952
     Alpha =  109.471   Beta  =  109.471   Gamma =  109.471
     NFFT1 =   36       NFFT2 =   36       NFFT3 =   36
     Cutoff=    9.000   Tol   =0.100E-04
     Ewald Coefficient =  0.30768
     Interpolation order =    4

| MPI Timing options:
|      profile_mpi =        0

    LOADING THE CONSTRAINED ATOMS AS GROUPS


   5.  REFERENCE ATOM COORDINATES

  defa
     Mask :1; matches     6 atoms

--------------------------------------------------------------------------------
   3.  ATOMIC COORDINATES AND VELOCITIES
--------------------------------------------------------------------------------

defa                                                                            
 begin time read from input coords =     0.000 ps

 Number of triangulated 3-point waters found:      977
|  Atom division among processors:
|         0     370     739    1108    1477    1846    2215    2584
|      2953

     Sum of charges from parm topology file =  -0.00000000
     Forcing neutrality...
|  Running AMBER/MPI version on    8 nodes


--------------------------------------------------------------------------------
   4.  RESULTS
--------------------------------------------------------------------------------

|  # of SOLUTE  degrees of freedom (RNDFP):    5916.
|  # of SOLVENT degrees of freedom (RNDFS):       0.
|  NDFMIN =    5916.     NUM_NOSHAKE =      0     CORRECTED RNDFP =    5916.
|  TOTAL # of degrees of freedom (RNDF) =    5916.
 ---------------------------------------------------
 APPROXIMATING switch and d/dx switch using CUBIC SPLINE INTERPOLATION
 using   5000.0 points per unit in tabled values
 TESTING RELATIVE ERROR over r ranging from 0.0 to cutoff
| CHECK switch(x): max rel err =   0.2738E-14   at   2.422500
| CHECK d/dx switch(x): max rel err =   0.8314E-11   at   2.736960
 ---------------------------------------------------
| Local SIZE OF NONBOND LIST =      94423
| TOTAL SIZE OF NONBOND LIST =     681359

 NSTEP =        0   TIME(PS) =       0.000  TEMP(K) =     0.00  PRESS = -5509.9
 Etot   =    -12901.8319  EKtot   =         0.0000  EPtot      =    -12901.8319
 BOND   =         0.6425  ANGLE   =         0.6706  DIHED      =         9.9471
 1-4 NB =         2.7108  1-4 EEL =        46.2029  VDWAALS    =      2245.0410
 EELEC  =    -15207.6832  EHBOND  =         0.0000  RESTRAINT  =         0.6364
 EAMBER (non-restraint)  =    -12902.4683
 EKCMT  =         0.0000  VIRIAL  =      4255.6570  VOLUME     =     35772.0428
                                                    Density    =         0.8238
 Ewald error estimate:   0.1837E-03
 ------------------------------------------------------------------------------


 NSTEP =     1000   TIME(PS) =       2.000  TEMP(K) =   298.95  PRESS =  -672.0
 Etot   =     -7462.4161  EKtot   =      1757.2364  EPtot      =     -9219.6525
 BOND   =         4.6697  ANGLE   =         8.7239  DIHED      =         9.7083
 1-4 NB =         3.6453  1-4 EEL =        50.1959  VDWAALS    =      1367.6047
 EELEC  =    -10669.5447  EHBOND  =         0.0000  RESTRAINT  =         5.3444
 EAMBER (non-restraint)  =     -9224.9970
 EKCMT  =       898.1168  VIRIAL  =      1371.7321  VOLUME     =     32641.8348
                                                    Density    =         0.9028
 Ewald error estimate:   0.2911E-05
 ------------------------------------------------------------------------------


 NSTEP =     2000   TIME(PS) =       4.000  TEMP(K) =   299.10  PRESS =  -549.1
 Etot   =     -7494.1862  EKtot   =      1758.1395  EPtot      =     -9252.3257
 BOND   =         4.7827  ANGLE   =         9.0978  DIHED      =        10.2194
 1-4 NB =         4.2785  1-4 EEL =        46.4559  VDWAALS    =      1352.5745
 EELEC  =    -10681.7033  EHBOND  =         0.0000  RESTRAINT  =         1.9688
 EAMBER (non-restraint)  =     -9254.2945
 EKCMT  =       879.8014  VIRIAL  =      1252.3569  VOLUME     =     31424.2576
                                                    Density    =         0.9378
 Ewald error estimate:   0.1833E-03
 ------------------------------------------------------------------------------


 NSTEP =     3000   TIME(PS) =       6.000  TEMP(K) =   295.89  PRESS =  -297.2
 Etot   =     -7635.9736  EKtot   =      1739.2555  EPtot      =     -9375.2291
 BOND   =         2.1908  ANGLE   =         5.3542  DIHED      =         8.6760
 1-4 NB =         3.2177  1-4 EEL =        46.2134  VDWAALS    =      1381.1025
 EELEC  =    -10823.8450  EHBOND  =         0.0000  RESTRAINT  =         1.8611
 EAMBER (non-restraint)  =     -9377.0902
 EKCMT  =       858.5298  VIRIAL  =      1053.2621  VOLUME     =     30348.2675
                                                    Density    =         0.9710
 Ewald error estimate:   0.1250E-03
 ------------------------------------------------------------------------------


 NSTEP =     4000   TIME(PS) =       8.000  TEMP(K) =   303.11  PRESS =   454.4
 Etot   =     -7575.7262  EKtot   =      1781.7033  EPtot      =     -9357.4295
 BOND   =         4.9502  ANGLE   =        11.1102  DIHED      =        11.9704
 1-4 NB =         2.6569  1-4 EEL =        41.4211  VDWAALS    =      1463.6541
 EELEC  =    -10895.6024  EHBOND  =         0.0000  RESTRAINT  =         2.4100
 EAMBER (non-restraint)  =     -9359.8395
 EKCMT  =       892.6114  VIRIAL  =       597.3765  VOLUME     =     30088.8483
                                                    Density    =         0.9794
 Ewald error estimate:   0.2682E-03
 ------------------------------------------------------------------------------


 NSTEP =     5000   TIME(PS) =      10.000  TEMP(K) =   299.71  PRESS =   423.7
 Etot   =     -7631.7955  EKtot   =      1761.7451  EPtot      =     -9393.5405
 BOND   =         2.2422  ANGLE   =         7.1237  DIHED      =        10.3216
 1-4 NB =         2.7842  1-4 EEL =        47.4402  VDWAALS    =      1456.3212
 EELEC  =    -10923.4178  EHBOND  =         0.0000  RESTRAINT  =         3.6442
 EAMBER (non-restraint)  =     -9397.1848
 EKCMT  =       883.3065  VIRIAL  =       610.0174  VOLUME     =     29874.5570
                                                    Density    =         0.9864
 Ewald error estimate:   0.2259E-03
 ------------------------------------------------------------------------------


 NSTEP =     6000   TIME(PS) =      12.000  TEMP(K) =   294.65  PRESS =   143.1
 Etot   =     -7656.1948  EKtot   =      1731.9754  EPtot      =     -9388.1702
 BOND   =         2.7221  ANGLE   =         5.2998  DIHED      =        12.7843
 1-4 NB =         3.9881  1-4 EEL =        44.8739  VDWAALS    =      1425.8697
 EELEC  =    -10885.3495  EHBOND  =         0.0000  RESTRAINT  =         1.6414
 EAMBER (non-restraint)  =     -9389.8116
 EKCMT  =       871.1766  VIRIAL  =       778.6414  VOLUME     =     29957.9676
                                                    Density    =         0.9836
 Ewald error estimate:   0.9916E-04
 ------------------------------------------------------------------------------


 NSTEP =     7000   TIME(PS) =      14.000  TEMP(K) =   298.63  PRESS =    20.7
 Etot   =     -7560.1373  EKtot   =      1755.3684  EPtot      =     -9315.5058
 BOND   =         1.7828  ANGLE   =         8.0601  DIHED      =        11.6635
 1-4 NB =         3.2201  1-4 EEL =        43.5589  VDWAALS    =      1380.5013
 EELEC  =    -10767.0944  EHBOND  =         0.0000  RESTRAINT  =         2.8018
 EAMBER (non-restraint)  =     -9318.3076
 EKCMT  =       854.5176  VIRIAL  =       841.1061  VOLUME     =     29976.8082
                                                    Density    =         0.9830
 Ewald error estimate:   0.6872E-04
 ------------------------------------------------------------------------------


 NSTEP =     8000   TIME(PS) =      16.000  TEMP(K) =   290.17  PRESS =   122.9
 Etot   =     -7602.3435  EKtot   =      1705.6249  EPtot      =     -9307.9684
 BOND   =         5.6394  ANGLE   =         6.8902  DIHED      =        11.2499
 1-4 NB =         2.2272  1-4 EEL =        40.2483  VDWAALS    =      1393.1663
 EELEC  =    -10769.9859  EHBOND  =         0.0000  RESTRAINT  =         2.5963
 EAMBER (non-restraint)  =     -9310.5646
 EKCMT  =       839.3914  VIRIAL  =       759.6382  VOLUME     =     30062.9562
                                                    Density    =         0.9802
 Ewald error estimate:   0.2086E-03
 ------------------------------------------------------------------------------


 NSTEP =     9000   TIME(PS) =      18.000  TEMP(K) =   299.43  PRESS =    92.3
 Etot   =     -7624.1604  EKtot   =      1760.0621  EPtot      =     -9384.2224
 BOND   =         2.7144  ANGLE   =         6.7727  DIHED      =         9.4934
 1-4 NB =         3.2704  1-4 EEL =        46.9892  VDWAALS    =      1401.6693
 EELEC  =    -10857.5573  EHBOND  =         0.0000  RESTRAINT  =         2.4255
 EAMBER (non-restraint)  =     -9386.6479
 EKCMT  =       857.6168  VIRIAL  =       798.1318  VOLUME     =     29852.4423
                                                    Density    =         0.9871
 Ewald error estimate:   0.5783E-04
 ------------------------------------------------------------------------------


 NSTEP =    10000   TIME(PS) =      20.000  TEMP(K) =   292.59  PRESS =   -91.9
 Etot   =     -7726.2531  EKtot   =      1719.8622  EPtot      =     -9446.1153
 BOND   =         3.1884  ANGLE   =         5.2691  DIHED      =        11.1594
 1-4 NB =         2.6561  1-4 EEL =        45.4442  VDWAALS    =      1417.3591
 EELEC  =    -10933.2836  EHBOND  =         0.0000  RESTRAINT  =         2.0922
 EAMBER (non-restraint)  =     -9448.2074
 EKCMT  =       852.1715  VIRIAL  =       911.7090  VOLUME     =     30020.3774
                                                    Density    =         0.9816
 Ewald error estimate:   0.9004E-04
 ------------------------------------------------------------------------------


      A V E R A G E S   O V E R   10000 S T E P S


 NSTEP =    10000   TIME(PS) =      20.000  TEMP(K) =   294.15  PRESS =  -195.5
 Etot   =     -7640.7428  EKtot   =      1729.0334  EPtot      =     -9369.7761
 BOND   =         3.0246  ANGLE   =         8.3789  DIHED      =        10.8734
 1-4 NB =         3.3818  1-4 EEL =        46.0775  VDWAALS    =      1402.2675
 EELEC  =    -10847.0753  EHBOND  =         0.0000  RESTRAINT  =         3.2956
 EAMBER (non-restraint)  =     -9373.0717
 EKCMT  =       864.3650  VIRIAL  =      1002.9306  VOLUME     =     30659.1385
                                                    Density    =         0.9627
 Ewald error estimate:   0.1802E-03
 ------------------------------------------------------------------------------


      R M S  F L U C T U A T I O N S


 NSTEP =    10000   TIME(PS) =      20.000  TEMP(K) =    26.46  PRESS =   468.3
 Etot   =       335.4329  EKtot   =       155.5195  EPtot      =       188.3128
 BOND   =         1.3998  ANGLE   =         2.2598  DIHED      =         1.1918
 1-4 NB =         0.8128  1-4 EEL =         2.1142  VDWAALS    =        87.9318
 EELEC  =       265.4450  EHBOND  =         0.0000  RESTRAINT  =         1.2738
 EAMBER (non-restraint)  =       187.0390
 EKCMT  =        75.8668  VIRIAL  =       293.0370  VOLUME     =      1261.7937
                                                    Density    =         0.0367
 Ewald error estimate:   0.1371E-03
 ------------------------------------------------------------------------------


--------------------------------------------------------------------------------
   5.  TIMINGS
--------------------------------------------------------------------------------

|>>>>>>>>PROFILE of Average TIMES>>>>>>>>> 
|                Build the list            19.79 (97.04% of List )
|                Other                      0.60 ( 2.96% of List )
|             List time                 20.39 (10.72% of Nonbo)
|                   Short_ene time           114.47 (96.07% of Direc)
|                   Other                      4.68 ( 3.93% of Direc)
|                Direct Ewald time        119.15 (70.19% of Ewald)
|                Adjust Ewald time          0.72 ( 0.42% of Ewald)
|                   Fill Bspline coeffs        2.77 ( 6.91% of Recip)
|                   Fill charge grid           2.88 ( 7.18% of Recip)
|                   Scalar sum                10.77 (26.87% of Recip)
|                   Grad sum                   5.12 (12.77% of Recip)
|                      FFT back comm time         4.90 (28.41% of FFT t)
|                      Other                     12.34 (71.59% of FFT t)
|                   FFT time                  17.24 (43.02% of Recip)
|                   Other                      1.30 ( 3.25% of Recip)
|                Recip Ewald time          40.07 (23.61% of Ewald)
|                Force Adjust               8.83 ( 5.20% of Ewald)
|                Virial junk                0.89 ( 0.52% of Ewald)
|                Other                      0.09 ( 0.06% of Ewald)
|             Ewald time               169.76 (89.27% of Nonbo)
|             Other                      0.02 ( 0.01% of Nonbo)
|          Nonbond force            190.17 (98.15% of Force)
|          Bond/Angle/Dihedral        0.31 ( 0.16% of Force)
|          FRC Collect time           2.76 ( 1.42% of Force)
|          Other                      0.52 ( 0.27% of Force)
|       Force time               193.76 (92.20% of Runmd)
|       Shake time                 0.84 ( 0.40% of Runmd)
|       Verlet update time         8.17 ( 3.89% of Runmd)
|       Ekcmr time                 2.22 ( 1.05% of Runmd)
|       CRD distribute time        2.10 ( 1.00% of Runmd)
|       Other                      3.07 ( 1.46% of Runmd)
|    Runmd Time               210.15 (100.0% of Total)
|    Other                      0.09 ( 0.04% of Total)
| Total time               210.23 (100.0% of ALL  )

| Number of list builds   :        911

| Highest rstack allocated:      40396
| Highest istack allocated:        874

| Final Performance Info:
| -----------------------------------------------------
| Average timings for all steps:
|     Elapsed(s) =     211.11 Per Step(ms) =      21.11
|         ns/day =       8.19   seconds/ns =   10555.27
| -----------------------------------------------------

|           Job began  at 14:13:01.426  on 03/14/2017
|           Setup done at 14:13:01.517  on 03/14/2017
|           Run   done at 14:16:32.137  on 03/14/2017
|     wallclock() was called  571889 times
