
          -------------------------------------------------------
          Amber 16 SANDER                              2016
          -------------------------------------------------------

| Run on 03/14/2017 at 14:56:07

|   Executable path: sander.MPI
| Working directory: /home/steboss/projects/mdgx-tests/alanine/IPOLQ/input/PhiPsi_1/30/285
|          Hostname: node006

  [-O]verwriting output

File Assignments:
|  MDIN: min.in                                                                
| MDOUT: Conf285.min.out                                                       
|INPCRD: Conf285.crd                                                           
|  PARM: Conf285.top                                                           
|RESTRT: Conf285.min                                                           
|  REFC: Conf285.crd                                                           
| MDVEL: mdvel                                                                 
| MDFRC: mdfrc                                                                 
|  MDEN: mden                                                                  
| MDCRD: mdcrd                                                                 
|MDINFO: mdinfo                                                                
|  MTMD: mtmd                                                                  
|INPDIP: inpdip                                                                
|RSTDIP: rstdip                                                                
|INPTRA: inptraj                                                               

|    REMLOG: rem.log
|   REMTYPE: rem.type
|  REMSTRIP: 
|   SAVEENE: saveene
|CLUSTERINF: cluster.info
| RESERVOIR: reserv/frame
|   REMDDIM: 


 Here is the input file:

Initial minimization                                                           
 &cntrl                                                                        
  ntx    = 1,       irest  = 0,       ntrx   = 1,      ntxo   = 1,             
  ntpr   = 20,      ntwx   = 0,       ntwv   = 0,      ntwe   = 0,             
                                                                               
  ntf    = 1,       ntb    = 1,                                                
  ntc    = 1,       ntr    = 1,                                                
  restraintmask = ':1',                                                        
  restraint_wt = 100.0,                                                        
  cut    = 9.0,                                                                
                                                                               
  imin   = 1,                                                                  
  maxcyc = 1000,                                                               
  ncyc   = 100,                                                                
                                                                               
 &end                                                                          

--------------------------------------------------------------------------------
   1.  RESOURCE   USE: 
--------------------------------------------------------------------------------

| Flags: MPI                                                                    
 getting new box info from bottom of inpcrd
|  INFO: Old style inpcrd file read

| peek_ewald_inpcrd: Box info found
|Largest sphere to fit in unit cell has radius =    14.267
| New format PARM file being parsed.
| Version =    1.000 Date = 03/14/17 Time = 13:39:42
 NATOM  =    2743 NTYPES =       9 NBONH =    2733 MBONA  =       9
 NTHETH =      25 MTHETA =      11 NPHIH =      43 MPHIA  =      24
 NHPARM =       0 NPARM  =       0 NNB   =    3727 NRES   =     910
 NBONA  =       9 NTHETA =      11 NPHIA =      24 NUMBND =      10
 NUMANG =      16 NPTRA  =      19 NATYP =       9 NPHB   =       1
 IFBOX  =       2 NMXRS  =      10 IFCAP =       0 NEXTRA =       0
 NCOPY  =       0


|     Memory Use     Allocated
|     Real              320139
|     Hollerith           9141
|     Integer            85556
|     Max Pairs         304244
|     nblistReal         32916
|     nblist Int         84411
|       Total             4646 kbytes

| Note: 1-4 EEL scale factors are being read from the topology file.

| Note: 1-4 VDW scale factors are being read from the topology file.
| Duplicated    0 dihedrals
| Duplicated    0 dihedrals

     BOX TYPE: TRUNCATED OCTAHEDRON

--------------------------------------------------------------------------------
   2.  CONTROL  DATA  FOR  THE  RUN
--------------------------------------------------------------------------------

default_name                                                                    

General flags:
     imin    =       1, nmropt  =       0

Nature and format of input:
     ntx     =       1, irest   =       0, ntrx    =       1

Nature and format of output:
     ntxo    =       1, ntpr    =      20, ntrx    =       1, ntwr    =       1
     iwrap   =       0, ntwx    =       0, ntwv    =       0, ntwe    =       0
     ioutfm  =       1, ntwprt  =       0, idecomp =       0, rbornstat=      0

Potential function:
     ntf     =       1, ntb     =       1, igb     =       0, nsnb    =      25
     ipol    =       0, gbsa    =       0, iesp    =       0
     dielc   =   1.00000, cut     =   9.00000, intdiel =   1.00000

Frozen or restrained atoms:
     ibelly  =       0, ntr     =       1
     restraint_wt = 100.00000

Energy minimization:
     maxcyc  =    1000, ncyc    =     100, ntmin   =       1
     dx0     =   0.01000, drms    =   0.00010

Ewald parameters:
     verbose =       0, ew_type =       0, nbflag  =       1, use_pme =       1
     vdwmeth =       1, eedmeth =       1, netfrc  =       0
     Box X =   34.946   Box Y =   34.946   Box Z =   34.946
     Alpha =  109.471   Beta  =  109.471   Gamma =  109.471
     NFFT1 =   36       NFFT2 =   36       NFFT3 =   36
     Cutoff=    9.000   Tol   =0.100E-04
     Ewald Coefficient =  0.30768
     Interpolation order =    4

| MPI Timing options:
|      profile_mpi =        0

    LOADING THE CONSTRAINED ATOMS AS GROUPS


   5.  REFERENCE ATOM COORDINATES

  defa
     Mask :1; matches     6 atoms

--------------------------------------------------------------------------------
   3.  ATOMIC COORDINATES AND VELOCITIES
--------------------------------------------------------------------------------

default_name                                                                    
 begin time read from input coords =     0.000 ps

 Number of triangulated 3-point waters found:      907
|  Atom division among processors:
|         0     343     685    1027    1369    1711    2053    2395
|      2743

     Sum of charges from parm topology file =  -0.00000000
     Forcing neutrality...
|  Running AMBER/MPI version on    8 nodes


--------------------------------------------------------------------------------
   4.  RESULTS
--------------------------------------------------------------------------------

 ---------------------------------------------------
 APPROXIMATING switch and d/dx switch using CUBIC SPLINE INTERPOLATION
 using   5000.0 points per unit in tabled values
 TESTING RELATIVE ERROR over r ranging from 0.0 to cutoff
| CHECK switch(x): max rel err =   0.2738E-14   at   2.422500
| CHECK d/dx switch(x): max rel err =   0.8314E-11   at   2.736960
 ---------------------------------------------------
| Local SIZE OF NONBOND LIST =      85645
| TOTAL SIZE OF NONBOND LIST =     637442


   NSTEP       ENERGY          RMS            GMAX         NAME    NUMBER
      1      -7.1526E+03     1.4422E+01     1.0436E+02     O        2315

 BOND    =        0.6512  ANGLE   =        3.1936  DIHED      =       12.6958
 VDWAALS =     1496.0621  EEL     =    -8711.4471  HBOND      =        0.0000
 1-4 VDW =        2.1750  1-4 EEL =       44.1021  RESTRAINT  =        0.0000


   NSTEP       ENERGY          RMS            GMAX         NAME    NUMBER
     20      -8.2713E+03     3.4915E+00     2.9284E+01     O         362

 BOND    =      461.1247  ANGLE   =        3.1948  DIHED      =       12.6902
 VDWAALS =     1114.4668  EEL     =    -9909.0249  HBOND      =        0.0000
 1-4 VDW =        2.1588  1-4 EEL =       44.1043  RESTRAINT  =        0.0214
 EAMBER  =    -8271.2852


   NSTEP       ENERGY          RMS            GMAX         NAME    NUMBER
     40      -9.1102E+03     2.3015E+00     8.8821E+00     H2       2656

 BOND    =      567.2823  ANGLE   =        3.1176  DIHED      =       12.5586
 VDWAALS =     1045.4790  EEL     =   -10785.0036  HBOND      =        0.0000
 1-4 VDW =        2.1511  1-4 EEL =       44.1606  RESTRAINT  =        0.0765
 EAMBER  =    -9110.2544


   NSTEP       ENERGY          RMS            GMAX         NAME    NUMBER
     60      -9.3411E+03     3.4327E+00     1.1755E+01     H1        840

 BOND    =      635.6840  ANGLE   =        3.0772  DIHED      =       12.4991
 VDWAALS =     1067.6554  EEL     =   -11106.4685  HBOND      =        0.0000
 1-4 VDW =        2.1518  1-4 EEL =       44.1808  RESTRAINT  =        0.0826
 EAMBER  =    -9341.2203


   NSTEP       ENERGY          RMS            GMAX         NAME    NUMBER
     80      -9.4896E+03     4.0468E+00     1.4767E+01     H1        840

 BOND    =      676.3982  ANGLE   =        3.0507  DIHED      =       12.4565
 VDWAALS =     1096.6609  EEL     =   -11324.6138  HBOND      =        0.0000
 1-4 VDW =        2.1539  1-4 EEL =       44.1698  RESTRAINT  =        0.0874
 EAMBER  =    -9489.7239


   NSTEP       ENERGY          RMS            GMAX         NAME    NUMBER
    100      -9.6209E+03     9.5022E-01     6.7944E+00     H1        783

 BOND    =      572.4891  ANGLE   =        3.0364  DIHED      =       12.4248
 VDWAALS =     1126.9607  EEL     =   -11382.2320  HBOND      =        0.0000
 1-4 VDW =        2.1559  1-4 EEL =       44.1460  RESTRAINT  =        0.0917
 EAMBER  =    -9621.0192


   NSTEP       ENERGY          RMS            GMAX         NAME    NUMBER
    120      -1.0054E+04     4.2160E+00     8.3420E+01     H1       2205

 BOND    =      728.0301  ANGLE   =        3.0480  DIHED      =       12.2577
 VDWAALS =     1429.3245  EEL     =   -12272.6581  HBOND      =        0.0000
 1-4 VDW =        2.1768  1-4 EEL =       43.6827  RESTRAINT  =        0.1466
 EAMBER  =   -10054.1383


   NSTEP       ENERGY          RMS            GMAX         NAME    NUMBER
    140      -1.0182E+04     1.2553E+00     2.9586E+01     O        2195

 BOND    =      674.4331  ANGLE   =        3.1438  DIHED      =       12.2083
 VDWAALS =     1472.0440  EEL     =   -12389.3141  HBOND      =        0.0000
 1-4 VDW =        2.1622  1-4 EEL =       43.4420  RESTRAINT  =        0.1550
 EAMBER  =   -10181.8807


   NSTEP       ENERGY          RMS            GMAX         NAME    NUMBER
    160      -1.0308E+04     1.8206E+00     4.2637E+01     O        2195

 BOND    =      681.9200  ANGLE   =        3.4222  DIHED      =       12.1142
 VDWAALS =     1517.9672  EEL     =   -12569.2314  HBOND      =        0.0000
 1-4 VDW =        2.1338  1-4 EEL =       43.0812  RESTRAINT  =        0.1748
 EAMBER  =   -10308.5930


   NSTEP       ENERGY          RMS            GMAX         NAME    NUMBER
    180      -1.0396E+04     1.2059E+00     2.3739E+01     CH3        19

 BOND    =      719.8633  ANGLE   =        4.1489  DIHED      =       12.0340
 VDWAALS =     1622.5714  EEL     =   -12800.3608  HBOND      =        0.0000
 1-4 VDW =        2.1701  1-4 EEL =       42.9864  RESTRAINT  =        0.2590
 EAMBER  =   -10396.5866


   NSTEP       ENERGY          RMS            GMAX         NAME    NUMBER
    200      -1.0474E+04     1.1248E+00     2.2266E+01     H1       2205

 BOND    =      724.2711  ANGLE   =        3.6036  DIHED      =       11.9803
 VDWAALS =     1660.2333  EEL     =   -12918.6971  HBOND      =        0.0000
 1-4 VDW =        1.9202  1-4 EEL =       42.6327  RESTRAINT  =        0.3307
 EAMBER  =   -10474.0558


   NSTEP       ENERGY          RMS            GMAX         NAME    NUMBER
    220      -1.0524E+04     1.5388E+00     2.5716E+01     C           5

 BOND    =      749.9647  ANGLE   =        4.1370  DIHED      =       12.1225
 VDWAALS =     1721.8630  EEL     =   -13057.4500  HBOND      =        0.0000
 1-4 VDW =        1.7768  1-4 EEL =       42.7207  RESTRAINT  =        1.1802
 EAMBER  =   -10524.8652


   NSTEP       ENERGY          RMS            GMAX         NAME    NUMBER
    240      -1.0594E+04     8.4987E-01     1.9305E+01     N           7

 BOND    =      744.8818  ANGLE   =        5.0202  DIHED      =       11.4262
 VDWAALS =     1758.0010  EEL     =   -13157.3397  HBOND      =        0.0000
 1-4 VDW =        1.9386  1-4 EEL =       41.8395  RESTRAINT  =        0.2454
 EAMBER  =   -10594.2323


   NSTEP       ENERGY          RMS            GMAX         NAME    NUMBER
    260      -1.0623E+04     6.7289E-01     1.8257E+01     H           8

 BOND    =      757.8881  ANGLE   =        5.0482  DIHED      =       11.3466
 VDWAALS =     1778.4842  EEL     =   -13219.5524  HBOND      =        0.0000
 1-4 VDW =        1.9209  1-4 EEL =       41.4187  RESTRAINT  =        0.3228
 EAMBER  =   -10623.4457


   NSTEP       ENERGY          RMS            GMAX         NAME    NUMBER
    280      -1.0690E+04     9.5667E-01     1.3021E+01     CA          9

 BOND    =      776.8723  ANGLE   =        6.3560  DIHED      =       10.8592
 VDWAALS =     1891.4645  EEL     =   -13418.3392  HBOND      =        0.0000
 1-4 VDW =        1.8064  1-4 EEL =       40.6308  RESTRAINT  =        0.6740
 EAMBER  =   -10690.3500


   NSTEP       ENERGY          RMS            GMAX         NAME    NUMBER
    300      -1.0735E+04     8.2149E-01     2.2776E+01     C           5

 BOND    =      781.0315  ANGLE   =        5.2736  DIHED      =       10.8993
 VDWAALS =     1889.5320  EEL     =   -13465.4999  HBOND      =        0.0000
 1-4 VDW =        1.7210  1-4 EEL =       41.4468  RESTRAINT  =        0.5704
 EAMBER  =   -10735.5955


   NSTEP       ENERGY          RMS            GMAX         NAME    NUMBER
    320      -1.0756E+04     1.1973E+00     3.6205E+01     C           5

 BOND    =      790.3271  ANGLE   =        5.8019  DIHED      =       11.1001
 VDWAALS =     1914.1554  EEL     =   -13522.1057  HBOND      =        0.0000
 1-4 VDW =        1.7838  1-4 EEL =       41.6995  RESTRAINT  =        1.1210
 EAMBER  =   -10757.2378


   NSTEP       ENERGY          RMS            GMAX         NAME    NUMBER
    340      -1.0798E+04     5.2760E-01     9.5327E+00     CH3        19

 BOND    =      794.1665  ANGLE   =        5.9594  DIHED      =       10.6301
 VDWAALS =     1944.1268  EEL     =   -13596.0046  HBOND      =        0.0000
 1-4 VDW =        2.1608  1-4 EEL =       41.0636  RESTRAINT  =        0.1557
 EAMBER  =   -10797.8976


   NSTEP       ENERGY          RMS            GMAX         NAME    NUMBER
    360      -1.0811E+04     5.7837E-01     1.8159E+01     C           5

 BOND    =      798.7578  ANGLE   =        5.8684  DIHED      =       10.5839
 VDWAALS =     1950.4551  EEL     =   -13620.3269  HBOND      =        0.0000
 1-4 VDW =        2.0424  1-4 EEL =       41.0869  RESTRAINT  =        0.2535
 EAMBER  =   -10811.5323


   NSTEP       ENERGY          RMS            GMAX         NAME    NUMBER
    380      -1.0837E+04     9.1613E-01     2.2028E+01     CH3        19

 BOND    =      803.4679  ANGLE   =        6.0201  DIHED      =       10.9290
 VDWAALS =     1987.3211  EEL     =   -13688.8379  HBOND      =        0.0000
 1-4 VDW =        1.7222  1-4 EEL =       41.2122  RESTRAINT  =        1.0620
 EAMBER  =   -10838.1653


   NSTEP       ENERGY          RMS            GMAX         NAME    NUMBER
    400      -1.0862E+04     5.2531E-01     1.4741E+01     CH3         2

 BOND    =      809.2509  ANGLE   =        5.2076  DIHED      =       10.7538
 VDWAALS =     1993.0810  EEL     =   -13723.8304  HBOND      =        0.0000
 1-4 VDW =        1.7619  1-4 EEL =       41.5052  RESTRAINT  =        0.6696
 EAMBER  =   -10862.2699


   NSTEP       ENERGY          RMS            GMAX         NAME    NUMBER
    420      -1.0877E+04     8.2460E-01     2.0480E+01     CH3        19

 BOND    =      809.8735  ANGLE   =        4.9627  DIHED      =       10.7656
 VDWAALS =     2010.0062  EEL     =   -13756.6129  HBOND      =        0.0000
 1-4 VDW =        1.8675  1-4 EEL =       41.3910  RESTRAINT  =        0.6417
 EAMBER  =   -10877.7464


   NSTEP       ENERGY          RMS            GMAX         NAME    NUMBER
    440      -1.0904E+04     4.1668E-01     8.6060E+00     CB         11

 BOND    =      817.0091  ANGLE   =        5.3161  DIHED      =       10.5194
 VDWAALS =     2026.5270  EEL     =   -13806.6925  HBOND      =        0.0000
 1-4 VDW =        2.1329  1-4 EEL =       41.3650  RESTRAINT  =        0.1480
 EAMBER  =   -10903.8231


   NSTEP       ENERGY          RMS            GMAX         NAME    NUMBER
    460      -1.0913E+04     5.2546E-01     1.2235E+01     C           5

 BOND    =      817.4032  ANGLE   =        5.6351  DIHED      =       10.5020
 VDWAALS =     2032.7815  EEL     =   -13822.7915  HBOND      =        0.0000
 1-4 VDW =        2.0876  1-4 EEL =       41.0413  RESTRAINT  =        0.1443
 EAMBER  =   -10913.3409


   NSTEP       ENERGY          RMS            GMAX         NAME    NUMBER
    480      -1.0930E+04     5.1807E-01     9.7562E+00     O           6

 BOND    =      825.4823  ANGLE   =        5.6608  DIHED      =       10.5507
 VDWAALS =     2053.7726  EEL     =   -13868.8812  HBOND      =        0.0000
 1-4 VDW =        1.8041  1-4 EEL =       41.3158  RESTRAINT  =        0.7721
 EAMBER  =   -10930.2948


   NSTEP       ENERGY          RMS            GMAX         NAME    NUMBER
    500      -1.0942E+04     3.8766E-01     1.1981E+01     C           5

 BOND    =      824.8981  ANGLE   =        5.0222  DIHED      =       10.5783
 VDWAALS =     2057.6746  EEL     =   -13883.8546  HBOND      =        0.0000
 1-4 VDW =        1.8809  1-4 EEL =       41.3244  RESTRAINT  =        0.3868
 EAMBER  =   -10942.4761


   NSTEP       ENERGY          RMS            GMAX         NAME    NUMBER
    520      -1.0950E+04     5.2175E-01     1.3872E+01     CA          9

 BOND    =      821.9390  ANGLE   =        5.2174  DIHED      =       10.5080
 VDWAALS =     2065.4234  EEL     =   -13897.0295  HBOND      =        0.0000
 1-4 VDW =        1.9142  1-4 EEL =       41.2369  RESTRAINT  =        0.3295
 EAMBER  =   -10950.7905


   NSTEP       ENERGY          RMS            GMAX         NAME    NUMBER
    540      -1.0963E+04     3.5802E-01     9.6355E+00     C          15

 BOND    =      829.5153  ANGLE   =        5.4612  DIHED      =       10.2001
 VDWAALS =     2073.1261  EEL     =   -13925.3207  HBOND      =        0.0000
 1-4 VDW =        2.1392  1-4 EEL =       41.2628  RESTRAINT  =        0.1337
 EAMBER  =   -10963.6159


   NSTEP       ENERGY          RMS            GMAX         NAME    NUMBER
    560      -1.0971E+04     4.3366E-01     1.4217E+01     C          15

 BOND    =      826.8850  ANGLE   =        5.6362  DIHED      =       10.2034
 VDWAALS =     2077.3361  EEL     =   -13933.9043  HBOND      =        0.0000
 1-4 VDW =        2.0824  1-4 EEL =       41.1235  RESTRAINT  =        0.1340
 EAMBER  =   -10970.6377


   NSTEP       ENERGY          RMS            GMAX         NAME    NUMBER
    580      -1.0982E+04     4.1730E-01     8.3847E+00     HH31       20

 BOND    =      833.8043  ANGLE   =        5.4330  DIHED      =       10.3924
 VDWAALS =     2089.2370  EEL     =   -13964.2842  HBOND      =        0.0000
 1-4 VDW =        1.8405  1-4 EEL =       41.3363  RESTRAINT  =        0.5737
 EAMBER  =   -10982.2407


   NSTEP       ENERGY          RMS            GMAX         NAME    NUMBER
    600      -1.0992E+04     3.9624E-01     7.6969E+00     CA          9

 BOND    =      833.7458  ANGLE   =        5.0477  DIHED      =       10.4080
 VDWAALS =     2092.8822  EEL     =   -13977.9659  HBOND      =        0.0000
 1-4 VDW =        1.8884  1-4 EEL =       41.3819  RESTRAINT  =        0.3882
 EAMBER  =   -10992.6118


   NSTEP       ENERGY          RMS            GMAX         NAME    NUMBER
    620      -1.1000E+04     4.8259E-01     1.1033E+01     CA          9

 BOND    =      830.9317  ANGLE   =        5.0331  DIHED      =       10.3040
 VDWAALS =     2099.5379  EEL     =   -13989.4831  HBOND      =        0.0000
 1-4 VDW =        1.9314  1-4 EEL =       41.2954  RESTRAINT  =        0.2963
 EAMBER  =   -11000.4496


   NSTEP       ENERGY          RMS            GMAX         NAME    NUMBER
    640      -1.1011E+04     3.1037E-01     9.5080E+00     CB         11

 BOND    =      837.4198  ANGLE   =        5.3317  DIHED      =       10.0340
 VDWAALS =     2104.3610  EEL     =   -14011.3436  HBOND      =        0.0000
 1-4 VDW =        2.1514  1-4 EEL =       41.2785  RESTRAINT  =        0.1135
 EAMBER  =   -11010.7672


   NSTEP       ENERGY          RMS            GMAX         NAME    NUMBER
    660      -1.1018E+04     4.3524E-01     1.1614E+01     C          15

 BOND    =      836.2127  ANGLE   =        5.4535  DIHED      =       10.1400
 VDWAALS =     2107.9209  EEL     =   -14021.1558  HBOND      =        0.0000
 1-4 VDW =        2.0853  1-4 EEL =       41.0900  RESTRAINT  =        0.1379
 EAMBER  =   -11018.2535


   NSTEP       ENERGY          RMS            GMAX         NAME    NUMBER
    680      -1.1030E+04     4.3104E-01     1.1617E+01     O           6

 BOND    =      840.0526  ANGLE   =        5.6369  DIHED      =       10.3699
 VDWAALS =     2118.8768  EEL     =   -14048.8374  HBOND      =        0.0000
 1-4 VDW =        1.7864  1-4 EEL =       41.4601  RESTRAINT  =        0.8163
 EAMBER  =   -11030.6547


   NSTEP       ENERGY          RMS            GMAX         NAME    NUMBER
    700      -1.1041E+04     4.5635E-01     1.4936E+01     C          15

 BOND    =      841.4629  ANGLE   =        4.9465  DIHED      =       10.3956
 VDWAALS =     2121.1308  EEL     =   -14062.3181  HBOND      =        0.0000
 1-4 VDW =        1.9124  1-4 EEL =       41.3647  RESTRAINT  =        0.2846
 EAMBER  =   -11041.1053


   NSTEP       ENERGY          RMS            GMAX         NAME    NUMBER
    720      -1.1048E+04     4.7453E-01     1.0193E+01     CA          9

 BOND    =      841.0866  ANGLE   =        5.0949  DIHED      =       10.0148
 VDWAALS =     2127.1805  EEL     =   -14075.2985  HBOND      =        0.0000
 1-4 VDW =        1.9940  1-4 EEL =       41.3704  RESTRAINT  =        0.2082
 EAMBER  =   -11048.5573


   NSTEP       ENERGY          RMS            GMAX         NAME    NUMBER
    740      -1.1060E+04     3.0665E-01     6.6800E+00     CB         11

 BOND    =      844.4165  ANGLE   =        5.2618  DIHED      =        9.9256
 VDWAALS =     2132.3597  EEL     =   -14095.1746  HBOND      =        0.0000
 1-4 VDW =        2.1196  1-4 EEL =       41.4138  RESTRAINT  =        0.0970
 EAMBER  =   -11059.6777


   NSTEP       ENERGY          RMS            GMAX         NAME    NUMBER
    760      -1.1068E+04     4.5808E-01     1.2394E+01     O           6

 BOND    =      845.9942  ANGLE   =        5.1192  DIHED      =       10.0373
 VDWAALS =     2136.3883  EEL     =   -14109.5569  HBOND      =        0.0000
 1-4 VDW =        2.1245  1-4 EEL =       41.3783  RESTRAINT  =        0.1252
 EAMBER  =   -11068.5150


   NSTEP       ENERGY          RMS            GMAX         NAME    NUMBER
    780      -1.1080E+04     4.4983E-01     1.0487E+01     HH31       20

 BOND    =      848.3790  ANGLE   =        5.5974  DIHED      =       10.1434
 VDWAALS =     2149.9821  EEL     =   -14137.8935  HBOND      =        0.0000
 1-4 VDW =        1.8558  1-4 EEL =       41.2867  RESTRAINT  =        0.5358
 EAMBER  =   -11080.6491


   NSTEP       ENERGY          RMS            GMAX         NAME    NUMBER
    800      -1.1090E+04     3.2876E-01     7.8168E+00     N           7

 BOND    =      849.3577  ANGLE   =        4.8664  DIHED      =        9.9804
 VDWAALS =     2150.4984  EEL     =   -14148.7776  HBOND      =        0.0000
 1-4 VDW =        1.9429  1-4 EEL =       41.3831  RESTRAINT  =        0.2617
 EAMBER  =   -11090.7486


   NSTEP       ENERGY          RMS            GMAX         NAME    NUMBER
    820      -1.1098E+04     5.0381E-01     1.6763E+01     C          15

 BOND    =      851.8768  ANGLE   =        4.6931  DIHED      =       10.0637
 VDWAALS =     2159.0712  EEL     =   -14167.1291  HBOND      =        0.0000
 1-4 VDW =        1.9468  1-4 EEL =       41.4763  RESTRAINT  =        0.2268
 EAMBER  =   -11098.0011


   NSTEP       ENERGY          RMS            GMAX         NAME    NUMBER
    840      -1.1109E+04     6.0353E-01     1.5594E+01     N           7

 BOND    =      853.7200  ANGLE   =        5.2091  DIHED      =        9.8364
 VDWAALS =     2163.4687  EEL     =   -14185.0494  HBOND      =        0.0000
 1-4 VDW =        2.2568  1-4 EEL =       41.1519  RESTRAINT  =        0.1212
 EAMBER  =   -11109.4064


   NSTEP       ENERGY          RMS            GMAX         NAME    NUMBER
    860      -1.1115E+04     4.0438E-01     1.1761E+01     O           6

 BOND    =      854.1602  ANGLE   =        5.0105  DIHED      =        9.7930
 VDWAALS =     2166.1096  EEL     =   -14193.4216  HBOND      =        0.0000
 1-4 VDW =        2.1827  1-4 EEL =       41.4402  RESTRAINT  =        0.0948
 EAMBER  =   -11114.7256


   NSTEP       ENERGY          RMS            GMAX         NAME    NUMBER
    880      -1.1125E+04     3.7749E-01     9.2395E+00     C          15

 BOND    =      856.6113  ANGLE   =        5.3113  DIHED      =       10.0095
 VDWAALS =     2177.4712  EEL     =   -14217.7418  HBOND      =        0.0000
 1-4 VDW =        1.9434  1-4 EEL =       41.3015  RESTRAINT  =        0.3262
 EAMBER  =   -11125.0936


   NSTEP       ENERGY          RMS            GMAX         NAME    NUMBER
    900      -1.1132E+04     3.2368E-01     8.5200E+00     N           7

 BOND    =      857.5230  ANGLE   =        4.8173  DIHED      =        9.8641
 VDWAALS =     2177.8649  EEL     =   -14225.4810  HBOND      =        0.0000
 1-4 VDW =        1.9572  1-4 EEL =       41.4912  RESTRAINT  =        0.2292
 EAMBER  =   -11131.9632


   NSTEP       ENERGY          RMS            GMAX         NAME    NUMBER
    920      -1.1137E+04     3.4147E-01     1.4068E+01     C          15

 BOND    =      858.6063  ANGLE   =        4.6028  DIHED      =        9.8832
 VDWAALS =     2183.5769  EEL     =   -14237.2132  HBOND      =        0.0000
 1-4 VDW =        1.9824  1-4 EEL =       41.5501  RESTRAINT  =        0.1838
 EAMBER  =   -11137.0114


   NSTEP       ENERGY          RMS            GMAX         NAME    NUMBER
    940      -1.1144E+04     3.5114E-01     9.1337E+00     N           7

 BOND    =      860.3502  ANGLE   =        4.9805  DIHED      =        9.6824
 VDWAALS =     2187.1932  EEL     =   -14250.2950  HBOND      =        0.0000
 1-4 VDW =        2.2491  1-4 EEL =       41.4334  RESTRAINT  =        0.0990
 EAMBER  =   -11144.4061


   NSTEP       ENERGY          RMS            GMAX         NAME    NUMBER
    960      -1.1149E+04     3.5121E-01     1.2310E+01     O           6

 BOND    =      860.5930  ANGLE   =        4.9543  DIHED      =        9.7150
 VDWAALS =     2189.9291  EEL     =   -14257.8902  HBOND      =        0.0000
 1-4 VDW =        2.1870  1-4 EEL =       41.5371  RESTRAINT  =        0.0906
 EAMBER  =   -11148.9747


   NSTEP       ENERGY          RMS            GMAX         NAME    NUMBER
    980      -1.1155E+04     3.0091E-01     6.9045E+00     N          17

 BOND    =      861.8693  ANGLE   =        5.0552  DIHED      =        9.8067
 VDWAALS =     2197.2775  EEL     =   -14272.6068  HBOND      =        0.0000
 1-4 VDW =        1.9640  1-4 EEL =       41.4745  RESTRAINT  =        0.2521
 EAMBER  =   -11155.1596


   NSTEP       ENERGY          RMS            GMAX         NAME    NUMBER
   1000      -1.1160E+04     2.9820E-01     7.5783E+00     C          15

 BOND    =      862.8221  ANGLE   =        4.7144  DIHED      =        9.7577
 VDWAALS =     2198.2522  EEL     =   -14279.1920  HBOND      =        0.0000
 1-4 VDW =        1.9826  1-4 EEL =       41.6012  RESTRAINT  =        0.1852
 EAMBER  =   -11160.0617


  Maximum number of minimization cycles reached.


                    FINAL RESULTS



   NSTEP       ENERGY          RMS            GMAX         NAME    NUMBER
   1000      -1.1160E+04     2.9820E-01     7.5783E+00     C          15

 BOND    =      862.8221  ANGLE   =        4.7144  DIHED      =        9.7577
 VDWAALS =     2198.2522  EEL     =   -14279.1920  HBOND      =        0.0000
 1-4 VDW =        1.9826  1-4 EEL =       41.6012  RESTRAINT  =        0.1852
 EAMBER  =   -11160.0617

--------------------------------------------------------------------------------
   5.  TIMINGS
--------------------------------------------------------------------------------

|                Build the list             0.08 (58.48% of List )
|                Other                      0.05 (41.52% of List )
|             List time                  0.13 ( 1.40% of Nonbo)
|                   Short_ene time             6.35 (96.22% of Direc)
|                   Other                      0.25 ( 3.78% of Direc)
|                Direct Ewald time          6.60 (71.37% of Ewald)
|                Adjust Ewald time          0.05 ( 0.50% of Ewald)
|                Self Ewald time            0.00 ( 0.02% of Ewald)
|                   Fill Bspline coeffs        0.17 ( 7.42% of Recip)
|                   Fill charge grid           0.14 ( 5.95% of Recip)
|                   Scalar sum                 0.60 (25.96% of Recip)
|                   Grad sum                   0.31 (13.14% of Recip)
|                      FFT back comm time         0.28 (25.47% of FFT t)
|                      Other                      0.81 (74.53% of FFT t)
|                   FFT time                   1.08 (46.55% of Recip)
|                   Other                      0.02 ( 0.98% of Recip)
|                Recip Ewald time           2.33 (25.20% of Ewald)
|                Force Adjust               0.22 ( 2.35% of Ewald)
|                Virial junk                0.05 ( 0.50% of Ewald)
|                Start synchronizatio       0.00 ( 0.01% of Ewald)
|                Other                      0.01 ( 0.06% of Ewald)
|             Ewald time                 9.25 (98.59% of Nonbo)
|             Other                      0.00 ( 0.01% of Nonbo)
|          Nonbond force              9.38 (93.51% of Force)
|          Bond/Angle/Dihedral        0.03 ( 0.32% of Force)
|          FRC Collect time           0.21 ( 2.13% of Force)
|          Other                      0.40 ( 4.03% of Force)
|       Force time                10.03 (100.0% of Runmd)
|    Runmd Time                10.03 ( 3.41% of Total)
|    Other                    284.05 (96.59% of Total)
| Total time               294.09 (100.0% of ALL  )

| Highest rstack allocated:      38722
| Highest istack allocated:        812
|           Job began  at 14:56:07.418  on 03/14/2017
|           Setup done at 14:56:07.500  on 03/14/2017
|           Run   done at 15:01:01.504  on 03/14/2017
|     wallclock() was called   44068 times
