
          -------------------------------------------------------
          Amber 16 SANDER                              2016
          -------------------------------------------------------

| Run on 03/14/2017 at 14:43:35

|   Executable path: sander.MPI
| Working directory: /home/steboss/projects/mdgx-tests/alanine/IPOLQ/input/PhiPsi_1/255/60
|          Hostname: node010

  [-O]verwriting output

File Assignments:
|  MDIN: min.in                                                                
| MDOUT: Conf60.min.out                                                        
|INPCRD: Conf60.crd                                                            
|  PARM: Conf60.top                                                            
|RESTRT: Conf60.min                                                            
|  REFC: Conf60.crd                                                            
| MDVEL: mdvel                                                                 
| MDFRC: mdfrc                                                                 
|  MDEN: mden                                                                  
| MDCRD: mdcrd                                                                 
|MDINFO: mdinfo                                                                
|  MTMD: mtmd                                                                  
|INPDIP: inpdip                                                                
|RSTDIP: rstdip                                                                
|INPTRA: inptraj                                                               

|    REMLOG: rem.log
|   REMTYPE: rem.type
|  REMSTRIP: 
|   SAVEENE: saveene
|CLUSTERINF: cluster.info
| RESERVOIR: reserv/frame
|   REMDDIM: 


 Here is the input file:

Initial minimization                                                           
 &cntrl                                                                        
  ntx    = 1,       irest  = 0,       ntrx   = 1,      ntxo   = 1,             
  ntpr   = 20,      ntwx   = 0,       ntwv   = 0,      ntwe   = 0,             
                                                                               
  ntf    = 1,       ntb    = 1,                                                
  ntc    = 1,       ntr    = 1,                                                
  restraintmask = ':1',                                                        
  restraint_wt = 100.0,                                                        
  cut    = 9.0,                                                                
                                                                               
  imin   = 1,                                                                  
  maxcyc = 1000,                                                               
  ncyc   = 100,                                                                
                                                                               
 &end                                                                          

--------------------------------------------------------------------------------
   1.  RESOURCE   USE: 
--------------------------------------------------------------------------------

| Flags: MPI                                                                    
 getting new box info from bottom of inpcrd
|  INFO: Old style inpcrd file read

| peek_ewald_inpcrd: Box info found
|Largest sphere to fit in unit cell has radius =    14.481
| New format PARM file being parsed.
| Version =    1.000 Date = 03/14/17 Time = 13:39:20
 NATOM  =    2842 NTYPES =       9 NBONH =    2832 MBONA  =       9
 NTHETH =      25 MTHETA =      11 NPHIH =      43 MPHIA  =      24
 NHPARM =       0 NPARM  =       0 NNB   =    3859 NRES   =     943
 NBONA  =       9 NTHETA =      11 NPHIA =      24 NUMBND =      10
 NUMANG =      16 NPTRA  =      19 NATYP =       9 NPHB   =       1
 IFBOX  =       2 NMXRS  =      10 IFCAP =       0 NEXTRA =       0
 NCOPY  =       0


|     Memory Use     Allocated
|     Real              328554
|     Hollerith           9471
|     Integer            87800
|     Max Pairs         315224
|     nblistReal         34104
|     nblist Int         86721
|       Total             4783 kbytes

| Note: 1-4 EEL scale factors are being read from the topology file.

| Note: 1-4 VDW scale factors are being read from the topology file.
| Duplicated    0 dihedrals
| Duplicated    0 dihedrals

     BOX TYPE: TRUNCATED OCTAHEDRON

--------------------------------------------------------------------------------
   2.  CONTROL  DATA  FOR  THE  RUN
--------------------------------------------------------------------------------

default_name                                                                    

General flags:
     imin    =       1, nmropt  =       0

Nature and format of input:
     ntx     =       1, irest   =       0, ntrx    =       1

Nature and format of output:
     ntxo    =       1, ntpr    =      20, ntrx    =       1, ntwr    =       1
     iwrap   =       0, ntwx    =       0, ntwv    =       0, ntwe    =       0
     ioutfm  =       1, ntwprt  =       0, idecomp =       0, rbornstat=      0

Potential function:
     ntf     =       1, ntb     =       1, igb     =       0, nsnb    =      25
     ipol    =       0, gbsa    =       0, iesp    =       0
     dielc   =   1.00000, cut     =   9.00000, intdiel =   1.00000

Frozen or restrained atoms:
     ibelly  =       0, ntr     =       1
     restraint_wt = 100.00000

Energy minimization:
     maxcyc  =    1000, ncyc    =     100, ntmin   =       1
     dx0     =   0.01000, drms    =   0.00010

Ewald parameters:
     verbose =       0, ew_type =       0, nbflag  =       1, use_pme =       1
     vdwmeth =       1, eedmeth =       1, netfrc  =       0
     Box X =   35.470   Box Y =   35.470   Box Z =   35.470
     Alpha =  109.471   Beta  =  109.471   Gamma =  109.471
     NFFT1 =   36       NFFT2 =   36       NFFT3 =   36
     Cutoff=    9.000   Tol   =0.100E-04
     Ewald Coefficient =  0.30768
     Interpolation order =    4

| MPI Timing options:
|      profile_mpi =        0

    LOADING THE CONSTRAINED ATOMS AS GROUPS


   5.  REFERENCE ATOM COORDINATES

  defa
     Mask :1; matches     6 atoms

--------------------------------------------------------------------------------
   3.  ATOMIC COORDINATES AND VELOCITIES
--------------------------------------------------------------------------------

default_name                                                                    
 begin time read from input coords =     0.000 ps

 Number of triangulated 3-point waters found:      940
|  Atom division among processors:
|         0     355     712    1066    1420    1777    2131    2485
|      2842

     Sum of charges from parm topology file =  -0.00000000
     Forcing neutrality...
|  Running AMBER/MPI version on    8 nodes


--------------------------------------------------------------------------------
   4.  RESULTS
--------------------------------------------------------------------------------

 ---------------------------------------------------
 APPROXIMATING switch and d/dx switch using CUBIC SPLINE INTERPOLATION
 using   5000.0 points per unit in tabled values
 TESTING RELATIVE ERROR over r ranging from 0.0 to cutoff
| CHECK switch(x): max rel err =   0.2738E-14   at   2.422500
| CHECK d/dx switch(x): max rel err =   0.8314E-11   at   2.736960
 ---------------------------------------------------
| Local SIZE OF NONBOND LIST =      90802
| TOTAL SIZE OF NONBOND LIST =     654501


   NSTEP       ENERGY          RMS            GMAX         NAME    NUMBER
      1      -7.9337E+03     1.2257E+01     6.1956E+01     O         296

 BOND    =        0.5237  ANGLE   =        1.0188  DIHED      =       10.6513
 VDWAALS =      937.5371  EEL     =    -8932.2003  HBOND      =        0.0000
 1-4 VDW =        2.9753  1-4 EEL =       45.7832  RESTRAINT  =        0.0000


   NSTEP       ENERGY          RMS            GMAX         NAME    NUMBER
     20      -8.7863E+03     2.7688E+00     2.0650E+01     O         377

 BOND    =      466.8561  ANGLE   =        1.0179  DIHED      =       10.6977
 VDWAALS =      887.4432  EEL     =   -10201.0515  HBOND      =        0.0000
 1-4 VDW =        2.9915  1-4 EEL =       45.7800  RESTRAINT  =        0.0134
 EAMBER  =    -8786.2652


   NSTEP       ENERGY          RMS            GMAX         NAME    NUMBER
     40      -9.4415E+03     2.2094E+00     9.5582E+00     H1       2364

 BOND    =      495.2399  ANGLE   =        1.0557  DIHED      =       10.7260
 VDWAALS =      929.6675  EEL     =   -10926.7823  HBOND      =        0.0000
 1-4 VDW =        2.9804  1-4 EEL =       45.5381  RESTRAINT  =        0.0437
 EAMBER  =    -9441.5749


   NSTEP       ENERGY          RMS            GMAX         NAME    NUMBER
     60      -9.6721E+03     3.3765E+00     1.0767E+01     H2       1330

 BOND    =      492.2804  ANGLE   =        1.0945  DIHED      =       10.7509
 VDWAALS =      964.6547  EEL     =   -11189.3414  HBOND      =        0.0000
 1-4 VDW =        2.9665  1-4 EEL =       45.3962  RESTRAINT  =        0.0563
 EAMBER  =    -9672.1983


   NSTEP       ENERGY          RMS            GMAX         NAME    NUMBER
     80      -9.8220E+03     3.9789E+00     1.3468E+01     H2       1225

 BOND    =      498.9251  ANGLE   =        1.1179  DIHED      =       10.7753
 VDWAALS =      999.5555  EEL     =   -11380.7308  HBOND      =        0.0000
 1-4 VDW =        2.9583  1-4 EEL =       45.3222  RESTRAINT  =        0.0678
 EAMBER  =    -9822.0766


   NSTEP       ENERGY          RMS            GMAX         NAME    NUMBER
    100      -9.9550E+03     9.3868E-01     5.3689E+00     H1        822

 BOND    =      592.5974  ANGLE   =        1.1377  DIHED      =       10.7954
 VDWAALS =     1033.3101  EEL     =   -11641.1794  HBOND      =        0.0000
 1-4 VDW =        2.9523  1-4 EEL =       45.2957  RESTRAINT  =        0.0788
 EAMBER  =    -9955.0907


   NSTEP       ENERGY          RMS            GMAX         NAME    NUMBER
    120      -1.0439E+04     1.5444E+00     2.5965E+01     O        2267

 BOND    =      690.2547  ANGLE   =        1.1621  DIHED      =       11.0406
 VDWAALS =     1408.6396  EEL     =   -12598.3637  HBOND      =        0.0000
 1-4 VDW =        2.9491  1-4 EEL =       45.4826  RESTRAINT  =        0.2220
 EAMBER  =   -10438.8349


   NSTEP       ENERGY          RMS            GMAX         NAME    NUMBER
    140      -1.0553E+04     1.5676E+00     3.0992E+01     H2        724

 BOND    =      717.0272  ANGLE   =        1.1268  DIHED      =       11.0696
 VDWAALS =     1439.5953  EEL     =   -12771.2884  HBOND      =        0.0000
 1-4 VDW =        2.9681  1-4 EEL =       45.7358  RESTRAINT  =        0.2744
 EAMBER  =   -10553.7655


   NSTEP       ENERGY          RMS            GMAX         NAME    NUMBER
    160      -1.0671E+04     1.6230E+00     3.9091E+01     O        2258

 BOND    =      689.8781  ANGLE   =        1.1605  DIHED      =       11.1298
 VDWAALS =     1456.2504  EEL     =   -12879.0925  HBOND      =        0.0000
 1-4 VDW =        2.9605  1-4 EEL =       45.9947  RESTRAINT  =        0.3375
 EAMBER  =   -10671.7185


   NSTEP       ENERGY          RMS            GMAX         NAME    NUMBER
    180      -1.0765E+04     9.9089E-01     1.7799E+01     CA          9

 BOND    =      728.8683  ANGLE   =        1.8337  DIHED      =       11.4216
 VDWAALS =     1583.1877  EEL     =   -13140.3004  HBOND      =        0.0000
 1-4 VDW =        3.0028  1-4 EEL =       45.9363  RESTRAINT  =        0.6253
 EAMBER  =   -10766.0499


   NSTEP       ENERGY          RMS            GMAX         NAME    NUMBER
    200      -1.0855E+04     1.9825E+00     3.1854E+01     CA          9

 BOND    =      744.2164  ANGLE   =        1.3207  DIHED      =       11.5386
 VDWAALS =     1635.1659  EEL     =   -13297.2128  HBOND      =        0.0000
 1-4 VDW =        2.7825  1-4 EEL =       46.9776  RESTRAINT  =        0.6026
 EAMBER  =   -10855.2111


   NSTEP       ENERGY          RMS            GMAX         NAME    NUMBER
    220      -1.0911E+04     1.0330E+00     3.2694E+01     C           5

 BOND    =      754.1990  ANGLE   =        1.7784  DIHED      =       11.6832
 VDWAALS =     1663.1765  EEL     =   -13392.3225  HBOND      =        0.0000
 1-4 VDW =        2.7361  1-4 EEL =       47.1698  RESTRAINT  =        0.9982
 EAMBER  =   -10911.5795


   NSTEP       ENERGY          RMS            GMAX         NAME    NUMBER
    240      -1.0953E+04     1.2506E+00     2.1844E+01     C          15

 BOND    =      757.0976  ANGLE   =        2.2558  DIHED      =       11.8669
 VDWAALS =     1702.8810  EEL     =   -13477.7450  HBOND      =        0.0000
 1-4 VDW =        2.9085  1-4 EEL =       46.6822  RESTRAINT  =        0.8630
 EAMBER  =   -10954.0529


   NSTEP       ENERGY          RMS            GMAX         NAME    NUMBER
    260      -1.1000E+04     9.8890E-01     1.9892E+01     O           6

 BOND    =      770.4681  ANGLE   =        1.4316  DIHED      =       12.0790
 VDWAALS =     1745.8436  EEL     =   -13580.2839  HBOND      =        0.0000
 1-4 VDW =        2.8990  1-4 EEL =       46.8266  RESTRAINT  =        0.8789
 EAMBER  =   -11000.7360


   NSTEP       ENERGY          RMS            GMAX         NAME    NUMBER
    280      -1.1028E+04     4.7560E-01     5.7389E+00     H           8

 BOND    =      783.4604  ANGLE   =        1.2494  DIHED      =       12.1454
 VDWAALS =     1781.8616  EEL     =   -13657.0590  HBOND      =        0.0000
 1-4 VDW =        2.7878  1-4 EEL =       46.9124  RESTRAINT  =        0.6968
 EAMBER  =   -11028.6419


   NSTEP       ENERGY          RMS            GMAX         NAME    NUMBER
    300      -1.1073E+04     1.0464E+00     2.3636E+01     O           6

 BOND    =      794.0666  ANGLE   =        2.2291  DIHED      =       12.3565
 VDWAALS =     1824.3629  EEL     =   -13756.6837  HBOND      =        0.0000
 1-4 VDW =        2.6247  1-4 EEL =       47.0001  RESTRAINT  =        1.4545
 EAMBER  =   -11074.0438


   NSTEP       ENERGY          RMS            GMAX         NAME    NUMBER
    320      -1.1094E+04     8.0749E-01     2.3141E+01     CA          9

 BOND    =      787.9792  ANGLE   =        1.6714  DIHED      =       12.3648
 VDWAALS =     1837.4082  EEL     =   -13784.5899  HBOND      =        0.0000
 1-4 VDW =        2.6505  1-4 EEL =       47.3844  RESTRAINT  =        0.8812
 EAMBER  =   -11095.1314


   NSTEP       ENERGY          RMS            GMAX         NAME    NUMBER
    340      -1.1129E+04     5.4733E-01     1.1742E+01     O           6

 BOND    =      805.7260  ANGLE   =        1.3535  DIHED      =       12.3435
 VDWAALS =     1866.9366  EEL     =   -13866.9272  HBOND      =        0.0000
 1-4 VDW =        2.7364  1-4 EEL =       47.8970  RESTRAINT  =        0.5786
 EAMBER  =   -11129.9342


   NSTEP       ENERGY          RMS            GMAX         NAME    NUMBER
    360      -1.1149E+04     5.7566E-01     1.0526E+01     H           8

 BOND    =      798.2460  ANGLE   =        1.3908  DIHED      =       12.2951
 VDWAALS =     1885.5055  EEL     =   -13897.4348  HBOND      =        0.0000
 1-4 VDW =        2.7733  1-4 EEL =       47.6720  RESTRAINT  =        0.7424
 EAMBER  =   -11149.5522


   NSTEP       ENERGY          RMS            GMAX         NAME    NUMBER
    380      -1.1174E+04     8.7374E-01     1.7691E+01     N          17

 BOND    =      819.8657  ANGLE   =        2.4730  DIHED      =       12.8020
 VDWAALS =     1919.3336  EEL     =   -13979.5590  HBOND      =        0.0000
 1-4 VDW =        2.8059  1-4 EEL =       46.3618  RESTRAINT  =        1.4684
 EAMBER  =   -11175.9170


   NSTEP       ENERGY          RMS            GMAX         NAME    NUMBER
    400      -1.1199E+04     7.1505E-01     1.6249E+01     C          15

 BOND    =      821.5982  ANGLE   =        1.6095  DIHED      =       12.6831
 VDWAALS =     1934.3546  EEL     =   -14019.8652  HBOND      =        0.0000
 1-4 VDW =        2.6291  1-4 EEL =       46.8454  RESTRAINT  =        0.9876
 EAMBER  =   -11200.1453


   NSTEP       ENERGY          RMS            GMAX         NAME    NUMBER
    420      -1.1216E+04     6.4288E-01     1.6996E+01     N          17

 BOND    =      814.0329  ANGLE   =        1.3802  DIHED      =       12.5139
 VDWAALS =     1948.0361  EEL     =   -14042.4021  HBOND      =        0.0000
 1-4 VDW =        2.5689  1-4 EEL =       47.3289  RESTRAINT  =        0.6560
 EAMBER  =   -11216.5413


   NSTEP       ENERGY          RMS            GMAX         NAME    NUMBER
    440      -1.1244E+04     7.3524E-01     2.5816E+01     C           5

 BOND    =      826.2052  ANGLE   =        1.7895  DIHED      =       12.4849
 VDWAALS =     1969.7839  EEL     =   -14105.2245  HBOND      =        0.0000
 1-4 VDW =        2.7136  1-4 EEL =       48.3874  RESTRAINT  =        0.3560
 EAMBER  =   -11243.8600


   NSTEP       ENERGY          RMS            GMAX         NAME    NUMBER
    460      -1.1258E+04     5.8261E-01     1.0915E+01     C          15

 BOND    =      819.8159  ANGLE   =        1.4435  DIHED      =       12.3047
 VDWAALS =     1984.2381  EEL     =   -14126.8383  HBOND      =        0.0000
 1-4 VDW =        2.7350  1-4 EEL =       48.2315  RESTRAINT  =        0.3226
 EAMBER  =   -11258.0697


   NSTEP       ENERGY          RMS            GMAX         NAME    NUMBER
    480      -1.1283E+04     1.7779E+00     4.9657E+01     C          15

 BOND    =      843.1691  ANGLE   =        5.7091  DIHED      =       13.7367
 VDWAALS =     2034.1504  EEL     =   -14233.1594  HBOND      =        0.0000
 1-4 VDW =        3.1573  1-4 EEL =       45.8858  RESTRAINT  =        4.0115
 EAMBER  =   -11287.3510


   NSTEP       ENERGY          RMS            GMAX         NAME    NUMBER
    500      -1.1310E+04     5.3745E-01     9.6373E+00     CH3        19

 BOND    =      841.5834  ANGLE   =        1.0579  DIHED      =       12.7462
 VDWAALS =     2044.7658  EEL     =   -14260.9231  HBOND      =        0.0000
 1-4 VDW =        2.7035  1-4 EEL =       47.5415  RESTRAINT  =        0.6116
 EAMBER  =   -11310.5248


   NSTEP       ENERGY          RMS            GMAX         NAME    NUMBER
    520      -1.1320E+04     4.6661E-01     1.2781E+01     O           6

 BOND    =      839.5849  ANGLE   =        1.1431  DIHED      =       12.6412
 VDWAALS =     2052.5746  EEL     =   -14277.1614  HBOND      =        0.0000
 1-4 VDW =        2.6930  1-4 EEL =       47.5062  RESTRAINT  =        0.6014
 EAMBER  =   -11321.0185


   NSTEP       ENERGY          RMS            GMAX         NAME    NUMBER
    540      -1.1338E+04     7.1366E-01     2.3477E+01     C          15

 BOND    =      844.1830  ANGLE   =        1.6585  DIHED      =       12.1867
 VDWAALS =     2068.0342  EEL     =   -14315.2893  HBOND      =        0.0000
 1-4 VDW =        2.5634  1-4 EEL =       48.4510  RESTRAINT  =        0.3865
 EAMBER  =   -11338.2126


   NSTEP       ENERGY          RMS            GMAX         NAME    NUMBER
    560      -1.1354E+04     6.6758E-01     1.5008E+01     C          15

 BOND    =      842.0288  ANGLE   =        1.2166  DIHED      =       12.4330
 VDWAALS =     2083.6870  EEL     =   -14344.8138  HBOND      =        0.0000
 1-4 VDW =        2.6331  1-4 EEL =       48.2155  RESTRAINT  =        0.2354
 EAMBER  =   -11354.5997


   NSTEP       ENERGY          RMS            GMAX         NAME    NUMBER
    580      -1.1365E+04     3.1787E-01     7.8560E+00     N          17

 BOND    =      849.4245  ANGLE   =        0.9589  DIHED      =       12.5299
 VDWAALS =     2091.4405  EEL     =   -14370.6364  HBOND      =        0.0000
 1-4 VDW =        2.6554  1-4 EEL =       47.9088  RESTRAINT  =        0.3986
 EAMBER  =   -11365.7184


   NSTEP       ENERGY          RMS            GMAX         NAME    NUMBER
    600      -1.1380E+04     6.9312E-01     2.3402E+01     C           5

 BOND    =      862.4046  ANGLE   =        1.1605  DIHED      =       12.7790
 VDWAALS =     2113.3745  EEL     =   -14420.2247  HBOND      =        0.0000
 1-4 VDW =        2.6912  1-4 EEL =       47.3443  RESTRAINT  =        0.6544
 EAMBER  =   -11380.4707


   NSTEP       ENERGY          RMS            GMAX         NAME    NUMBER
    620      -1.1390E+04     3.3189E-01     8.4094E+00     N          17

 BOND    =      850.7509  ANGLE   =        0.9960  DIHED      =       12.2900
 VDWAALS =     2116.4986  EEL     =   -14421.5312  HBOND      =        0.0000
 1-4 VDW =        2.6150  1-4 EEL =       47.7583  RESTRAINT  =        0.4405
 EAMBER  =   -11390.6226


   NSTEP       ENERGY          RMS            GMAX         NAME    NUMBER
    640      -1.1397E+04     4.6720E-01     1.3843E+01     C          15

 BOND    =      859.9560  ANGLE   =        1.3680  DIHED      =       12.0567
 VDWAALS =     2124.0741  EEL     =   -14445.3939  HBOND      =        0.0000
 1-4 VDW =        2.5184  1-4 EEL =       48.3175  RESTRAINT  =        0.1997
 EAMBER  =   -11397.1032


   NSTEP       ENERGY          RMS            GMAX         NAME    NUMBER
    660      -1.1408E+04     5.1991E-01     1.4787E+01     N           7

 BOND    =      848.7412  ANGLE   =        1.1329  DIHED      =       12.0883
 VDWAALS =     2137.5470  EEL     =   -14458.6892  HBOND      =        0.0000
 1-4 VDW =        2.5501  1-4 EEL =       48.1210  RESTRAINT  =        0.1693
 EAMBER  =   -11408.5086


   NSTEP       ENERGY          RMS            GMAX         NAME    NUMBER
    680      -1.1416E+04     3.1672E-01     8.7290E+00     N          17

 BOND    =      860.1749  ANGLE   =        0.9252  DIHED      =       12.3189
 VDWAALS =     2143.7670  EEL     =   -14483.5842  HBOND      =        0.0000
 1-4 VDW =        2.6034  1-4 EEL =       47.6356  RESTRAINT  =        0.2727
 EAMBER  =   -11416.1592


   NSTEP       ENERGY          RMS            GMAX         NAME    NUMBER
    700      -1.1426E+04     6.2802E-01     2.0815E+01     C           5

 BOND    =      869.7383  ANGLE   =        1.0555  DIHED      =       12.5044
 VDWAALS =     2158.6430  EEL     =   -14518.1736  HBOND      =        0.0000
 1-4 VDW =        2.6213  1-4 EEL =       47.1840  RESTRAINT  =        0.4046
 EAMBER  =   -11426.4271


   NSTEP       ENERGY          RMS            GMAX         NAME    NUMBER
    720      -1.1434E+04     2.2764E-01     5.5138E+00     N          17

 BOND    =      863.1428  ANGLE   =        0.9097  DIHED      =       12.1719
 VDWAALS =     2161.2527  EEL     =   -14521.9615  HBOND      =        0.0000
 1-4 VDW =        2.5718  1-4 EEL =       47.4576  RESTRAINT  =        0.3078
 EAMBER  =   -11434.4549


   NSTEP       ENERGY          RMS            GMAX         NAME    NUMBER
    740      -1.1442E+04     3.6826E-01     1.4854E+01     C          15

 BOND    =      864.6837  ANGLE   =        1.1874  DIHED      =       11.9038
 VDWAALS =     2168.8679  EEL     =   -14539.0446  HBOND      =        0.0000
 1-4 VDW =        2.4716  1-4 EEL =       47.8328  RESTRAINT  =        0.2594
 EAMBER  =   -11442.0975


   NSTEP       ENERGY          RMS            GMAX         NAME    NUMBER
    760      -1.1453E+04     4.5500E-01     1.2467E+01     N          17

 BOND    =      871.2688  ANGLE   =        1.1661  DIHED      =       12.0564
 VDWAALS =     2181.9546  EEL     =   -14570.0047  HBOND      =        0.0000
 1-4 VDW =        2.5004  1-4 EEL =       47.9962  RESTRAINT  =        0.1015
 EAMBER  =   -11453.0622


   NSTEP       ENERGY          RMS            GMAX         NAME    NUMBER
    780      -1.1459E+04     2.5497E-01     5.5993E+00     C          15

 BOND    =      868.1163  ANGLE   =        0.9621  DIHED      =       12.2362
 VDWAALS =     2187.2047  EEL     =   -14577.7316  HBOND      =        0.0000
 1-4 VDW =        2.5559  1-4 EEL =       47.2324  RESTRAINT  =        0.1513
 EAMBER  =   -11459.4241


   NSTEP       ENERGY          RMS            GMAX         NAME    NUMBER
    800      -1.1470E+04     4.3224E-01     1.0514E+01     C           5

 BOND    =      871.9289  ANGLE   =        0.9701  DIHED      =       12.2425
 VDWAALS =     2203.4898  EEL     =   -14608.3099  HBOND      =        0.0000
 1-4 VDW =        2.5554  1-4 EEL =       46.9048  RESTRAINT  =        0.3655
 EAMBER  =   -11470.2184


   NSTEP       ENERGY          RMS            GMAX         NAME    NUMBER
    820      -1.1478E+04     3.0372E-01     1.0253E+01     C          15

 BOND    =      873.1389  ANGLE   =        0.9154  DIHED      =       12.0359
 VDWAALS =     2205.1199  EEL     =   -14619.6137  HBOND      =        0.0000
 1-4 VDW =        2.5553  1-4 EEL =       47.1984  RESTRAINT  =        0.2422
 EAMBER  =   -11478.6500


   NSTEP       ENERGY          RMS            GMAX         NAME    NUMBER
    840      -1.1483E+04     5.8229E-01     1.7936E+01     C           5

 BOND    =      869.2960  ANGLE   =        1.2237  DIHED      =       11.8221
 VDWAALS =     2209.5540  EEL     =   -14624.9333  HBOND      =        0.0000
 1-4 VDW =        2.5745  1-4 EEL =       47.5073  RESTRAINT  =        0.1620
 EAMBER  =   -11482.9558


   NSTEP       ENERGY          RMS            GMAX         NAME    NUMBER
    860      -1.1496E+04     4.9209E-01     1.0267E+01     N           7

 BOND    =      883.5310  ANGLE   =        1.1313  DIHED      =       11.7330
 VDWAALS =     2219.7024  EEL     =   -14662.6003  HBOND      =        0.0000
 1-4 VDW =        2.5240  1-4 EEL =       47.6164  RESTRAINT  =        0.1112
 EAMBER  =   -11496.3622


   NSTEP       ENERGY          RMS            GMAX         NAME    NUMBER
    880      -1.1503E+04     4.4298E-01     1.3513E+01     C          15

 BOND    =      876.0609  ANGLE   =        1.0155  DIHED      =       11.8066
 VDWAALS =     2224.0722  EEL     =   -14666.4728  HBOND      =        0.0000
 1-4 VDW =        2.5905  1-4 EEL =       47.4021  RESTRAINT  =        0.1647
 EAMBER  =   -11503.5250


   NSTEP       ENERGY          RMS            GMAX         NAME    NUMBER
    900      -1.1511E+04     7.1919E-01     1.7433E+01     C           5

 BOND    =      874.3196  ANGLE   =        1.2766  DIHED      =       11.9113
 VDWAALS =     2232.3040  EEL     =   -14681.5136  HBOND      =        0.0000
 1-4 VDW =        2.7344  1-4 EEL =       47.3018  RESTRAINT  =        0.4463
 EAMBER  =   -11511.6659


   NSTEP       ENERGY          RMS            GMAX         NAME    NUMBER
    920      -1.1517E+04     3.5502E-01     9.3646E+00     CH3        19

 BOND    =      881.5937  ANGLE   =        1.2089  DIHED      =       11.8299
 VDWAALS =     2234.6542  EEL     =   -14696.1509  HBOND      =        0.0000
 1-4 VDW =        2.5600  1-4 EEL =       47.1623  RESTRAINT  =        0.3318
 EAMBER  =   -11517.1419


   NSTEP       ENERGY          RMS            GMAX         NAME    NUMBER
    940      -1.1523E+04     4.7662E-01     1.6493E+01     C           5

 BOND    =      877.2228  ANGLE   =        1.1246  DIHED      =       11.8086
 VDWAALS =     2238.1541  EEL     =   -14701.4844  HBOND      =        0.0000
 1-4 VDW =        2.4798  1-4 EEL =       47.2970  RESTRAINT  =        0.1973
 EAMBER  =   -11523.3973


   NSTEP       ENERGY          RMS            GMAX         NAME    NUMBER
    960      -1.1528E+04     2.8953E-01     7.6860E+00     N           7

 BOND    =      885.2174  ANGLE   =        0.9888  DIHED      =       11.7790
 VDWAALS =     2242.3197  EEL     =   -14718.2599  HBOND      =        0.0000
 1-4 VDW =        2.5300  1-4 EEL =       47.3017  RESTRAINT  =        0.1149
 EAMBER  =   -11528.1234


   NSTEP       ENERGY          RMS            GMAX         NAME    NUMBER
    980      -1.1533E+04     4.3746E-01     1.7651E+01     C          15

 BOND    =      883.3449  ANGLE   =        1.0131  DIHED      =       11.8102
 VDWAALS =     2246.9039  EEL     =   -14726.2410  HBOND      =        0.0000
 1-4 VDW =        2.6089  1-4 EEL =       47.1844  RESTRAINT  =        0.1764
 EAMBER  =   -11533.3756


   NSTEP       ENERGY          RMS            GMAX         NAME    NUMBER
   1000      -1.1539E+04     3.5706E-01     9.3322E+00     C           5

 BOND    =      882.2738  ANGLE   =        1.1453  DIHED      =       11.9166
 VDWAALS =     2251.2023  EEL     =   -14735.3795  HBOND      =        0.0000
 1-4 VDW =        2.7234  1-4 EEL =       46.9050  RESTRAINT  =        0.3751
 EAMBER  =   -11539.2129


  Maximum number of minimization cycles reached.


                    FINAL RESULTS



   NSTEP       ENERGY          RMS            GMAX         NAME    NUMBER
   1000      -1.1539E+04     3.5706E-01     9.3322E+00     C           5

 BOND    =      882.2738  ANGLE   =        1.1453  DIHED      =       11.9166
 VDWAALS =     2251.2023  EEL     =   -14735.3795  HBOND      =        0.0000
 1-4 VDW =        2.7234  1-4 EEL =       46.9050  RESTRAINT  =        0.3751
 EAMBER  =   -11539.2129

--------------------------------------------------------------------------------
   5.  TIMINGS
--------------------------------------------------------------------------------

|                Build the list             0.06 (54.38% of List )
|                Other                      0.05 (45.62% of List )
|             List time                  0.12 ( 0.91% of Nonbo)
|                   Short_ene time             6.32 (96.72% of Direc)
|                   Other                      0.21 ( 3.28% of Direc)
|                Direct Ewald time          6.53 (50.88% of Ewald)
|                Adjust Ewald time          0.05 ( 0.35% of Ewald)
|                Self Ewald time            0.00 ( 0.01% of Ewald)
|                   Fill Bspline coeffs        0.14 ( 2.63% of Recip)
|                   Fill charge grid           0.12 ( 2.20% of Recip)
|                   Scalar sum                 0.51 ( 9.83% of Recip)
|                   Grad sum                   0.29 ( 5.50% of Recip)
|                      FFT back comm time         2.29 (57.20% of FFT t)
|                      Other                      1.71 (42.80% of FFT t)
|                   FFT time                   4.00 (76.37% of Recip)
|                   Other                      0.18 ( 3.47% of Recip)
|                Recip Ewald time           5.24 (40.77% of Ewald)
|                Force Adjust               0.66 ( 5.11% of Ewald)
|                Virial junk                0.36 ( 2.82% of Ewald)
|                Other                      0.01 ( 0.04% of Ewald)
|             Ewald time                12.84 (99.08% of Nonbo)
|             Other                      0.00 ( 0.01% of Nonbo)
|          Nonbond force             12.96 (86.16% of Force)
|          Bond/Angle/Dihedral        0.03 ( 0.20% of Force)
|          FRC Collect time           0.57 ( 3.76% of Force)
|          Other                      1.49 ( 9.88% of Force)
|       Force time                15.04 (100.0% of Runmd)
|    Runmd Time                15.04 ( 8.32% of Total)
|    Other                    165.76 (91.68% of Total)
| Total time               180.81 (100.0% of ALL  )

| Highest rstack allocated:      39532
| Highest istack allocated:        842
|           Job began  at 14:43:35.549  on 03/14/2017
|           Setup done at 14:43:35.737  on 03/14/2017
|           Run   done at 14:46:36.360  on 03/14/2017
|     wallclock() was called   44068 times
