
          -------------------------------------------------------
          Amber 16 SANDER                              2016
          -------------------------------------------------------

| Run on 03/14/2017 at 14:07:52

|   Executable path: sander.MPI
| Working directory: /home/steboss/projects/mdgx-tests/alanine/IPOLQ/input/PhiPsi_1/150/210
|          Hostname: node011

  [-O]verwriting output

File Assignments:
|  MDIN: equil.in                                                              
| MDOUT: Conf210.eq.out                                                        
|INPCRD: Conf210.min                                                           
|  PARM: Conf210.top                                                           
|RESTRT: Conf210.rst                                                           
|  REFC: Conf210.crd                                                           
| MDVEL: mdvel                                                                 
| MDFRC: mdfrc                                                                 
|  MDEN: mden                                                                  
| MDCRD: mdcrd                                                                 
|MDINFO: mdinfo                                                                
|  MTMD: mtmd                                                                  
|INPDIP: inpdip                                                                
|RSTDIP: rstdip                                                                
|INPTRA: inptraj                                                               

|    REMLOG: rem.log
|   REMTYPE: rem.type
|  REMSTRIP: 
|   SAVEENE: saveene
|CLUSTERINF: cluster.info
| RESERVOIR: reserv/frame
|   REMDDIM: 


 Here is the input file:

Equilibrate water in NPT                                                       
 &cntrl                                                                        
                                                                               
  nmropt = 0,                                                                  
  ntx    = 1,       irest  = 0,       ntrx   = 1,      ntxo   = 1,             
  ntpr   = 1000,    ntwx   = 1000,    ntwv   = 0,      ntwe   = 1000,          
  iwrap  = 0,       ioutfm = 1,                                                
                                                                               
  ntf    = 2,       ntb    = 2,                                                
  cut = 9.0,                                                                   
                                                                               
  ibelly = 0,       ntr    = 1,                                                
  restraintmask = ':1',                                                        
  restraint_wt = 100.0,                                                        
                                                                               
  imin   = 0,                                                                  
  nstlim = 10000,                                                              
  nscm   = 1000,                                                               
  t      = 0.0,     dt     = 0.002,                                            
                                                                               
  temp0     = 298.0,   tempi  = 0.0,                                           
  ig        = -1,                                                              
  ntt       = 3,                                                               
  gamma_ln  = 3.0,                                                             
                                                                               
  ntp    = 1,       pres0  = 1.0,     comp   = 44.6,                           
  taup   = 1.0,                                                                
                                                                               
  ntc    = 2,       tol    = 0.000001, watnam = 'WAT ',                        
                                                                               
 &end                                                                          

--------------------------------------------------------------------------------
   1.  RESOURCE   USE: 
--------------------------------------------------------------------------------

| Flags: MPI                                                                    
 getting new box info from bottom of inpcrd
|  INFO: Old style inpcrd file read

| peek_ewald_inpcrd: Box info found
|Largest sphere to fit in unit cell has radius =    14.737
| New format PARM file being parsed.
| Version =    1.000 Date = 03/14/17 Time = 13:38:18
 NATOM  =    3004 NTYPES =       9 NBONH =    2994 MBONA  =       9
 NTHETH =      25 MTHETA =      11 NPHIH =      43 MPHIA  =      24
 NHPARM =       0 NPARM  =       0 NNB   =    4075 NRES   =     997
 NBONA  =       9 NTHETA =      11 NPHIA =      24 NUMBND =      10
 NUMANG =      16 NPTRA  =      19 NATYP =       9 NPHB   =       1
 IFBOX  =       2 NMXRS  =      10 IFCAP =       0 NEXTRA =       0
 NCOPY  =       0


|     Memory Use     Allocated
|     Real              306076
|     Hollerith          10011
|     Integer            91472
|     Max Pairs         333192
|     nblistReal         36048
|     nblist Int        100432
|       Total             4763 kbytes

| Note: 1-4 EEL scale factors are being read from the topology file.

| Note: 1-4 VDW scale factors are being read from the topology file.
| Duplicated    0 dihedrals
| Duplicated    0 dihedrals

     BOX TYPE: TRUNCATED OCTAHEDRON
Note: ig = -1. Setting random seed to   422419 based on wallclock time in microseconds
      and disabling the synchronization of random numbers between tasks
      to improve performance.

--------------------------------------------------------------------------------
   2.  CONTROL  DATA  FOR  THE  RUN
--------------------------------------------------------------------------------

default_name                                                                    

General flags:
     imin    =       0, nmropt  =       0

Nature and format of input:
     ntx     =       1, irest   =       0, ntrx    =       1

Nature and format of output:
     ntxo    =       1, ntpr    =    1000, ntrx    =       1, ntwr    =   10000
     iwrap   =       0, ntwx    =    1000, ntwv    =       0, ntwe    =    1000
     ioutfm  =       1, ntwprt  =       0, idecomp =       0, rbornstat=      0

Potential function:
     ntf     =       2, ntb     =       2, igb     =       0, nsnb    =      25
     ipol    =       0, gbsa    =       0, iesp    =       0
     dielc   =   1.00000, cut     =   9.00000, intdiel =   1.00000

Frozen or restrained atoms:
     ibelly  =       0, ntr     =       1
     restraint_wt = 100.00000

Molecular dynamics:
     nstlim  =     10000, nscm    =         0, nrespa  =         1
     t       =   0.00000, dt      =   0.00200, vlimit  =  20.00000

Langevin dynamics temperature regulation:
     ig      =  422419
     temp0   = 298.00000, tempi   =   0.00000, gamma_ln=   3.00000

Pressure regulation:
     ntp     =       1
     pres0   =   1.00000, comp    =  44.60000, taup    =   1.00000

SHAKE:
     ntc     =       2, jfastw  =       0
     tol     =   0.00000

Ewald parameters:
     verbose =       0, ew_type =       0, nbflag  =       1, use_pme =       1
     vdwmeth =       1, eedmeth =       1, netfrc  =       1
     Box X =   36.098   Box Y =   36.098   Box Z =   36.098
     Alpha =  109.471   Beta  =  109.471   Gamma =  109.471
     NFFT1 =   36       NFFT2 =   36       NFFT3 =   36
     Cutoff=    9.000   Tol   =0.100E-04
     Ewald Coefficient =  0.30768
     Interpolation order =    4

| MPI Timing options:
|      profile_mpi =        0

    LOADING THE CONSTRAINED ATOMS AS GROUPS


   5.  REFERENCE ATOM COORDINATES

  defa
     Mask :1; matches     6 atoms

--------------------------------------------------------------------------------
   3.  ATOMIC COORDINATES AND VELOCITIES
--------------------------------------------------------------------------------

defa                                                                            
 begin time read from input coords =     0.000 ps

 Number of triangulated 3-point waters found:      994
|  Atom division among processors:
|         0     376     751    1126    1501    1876    2254    2629
|      3004

     Sum of charges from parm topology file =  -0.00000000
     Forcing neutrality...
|  Running AMBER/MPI version on    8 nodes


--------------------------------------------------------------------------------
   4.  RESULTS
--------------------------------------------------------------------------------

|  # of SOLUTE  degrees of freedom (RNDFP):    6018.
|  # of SOLVENT degrees of freedom (RNDFS):       0.
|  NDFMIN =    6018.     NUM_NOSHAKE =      0     CORRECTED RNDFP =    6018.
|  TOTAL # of degrees of freedom (RNDF) =    6018.
 ---------------------------------------------------
 APPROXIMATING switch and d/dx switch using CUBIC SPLINE INTERPOLATION
 using   5000.0 points per unit in tabled values
 TESTING RELATIVE ERROR over r ranging from 0.0 to cutoff
| CHECK switch(x): max rel err =   0.2738E-14   at   2.422500
| CHECK d/dx switch(x): max rel err =   0.8314E-11   at   2.736960
 ---------------------------------------------------
| Local SIZE OF NONBOND LIST =      95818
| TOTAL SIZE OF NONBOND LIST =     696079

 NSTEP =        0   TIME(PS) =       0.000  TEMP(K) =     0.00  PRESS = -5382.7
 Etot   =    -13183.9909  EKtot   =         0.0000  EPtot      =    -13183.9909
 BOND   =         0.5465  ANGLE   =         0.7886  DIHED      =        10.3280
 1-4 NB =         2.9104  1-4 EEL =        46.4350  VDWAALS    =      2324.8323
 EELEC  =    -15570.9059  EHBOND  =         0.0000  RESTRAINT  =         1.0742
 EAMBER (non-restraint)  =    -13185.0651
 EKCMT  =         0.0000  VIRIAL  =      4208.4172  VOLUME     =     36211.0063
                                                    Density    =         0.8278
 Ewald error estimate:   0.2125E-03
 ------------------------------------------------------------------------------


 NSTEP =     1000   TIME(PS) =       2.000  TEMP(K) =   296.89  PRESS =  -873.2
 Etot   =     -7635.0508  EKtot   =      1775.2260  EPtot      =     -9410.2768
 BOND   =         3.5406  ANGLE   =        10.1772  DIHED      =         9.4936
 1-4 NB =         2.6776  1-4 EEL =        44.8607  VDWAALS    =      1367.7105
 EELEC  =    -10852.7725  EHBOND  =         0.0000  RESTRAINT  =         4.0355
 EAMBER (non-restraint)  =     -9414.3123
 EKCMT  =       868.9634  VIRIAL  =      1490.4527  VOLUME     =     32963.0779
                                                    Density    =         0.9094
 Ewald error estimate:   0.1773E-03
 ------------------------------------------------------------------------------


 NSTEP =     2000   TIME(PS) =       4.000  TEMP(K) =   297.21  PRESS =  -153.6
 Etot   =     -7720.8224  EKtot   =      1777.1474  EPtot      =     -9497.9698
 BOND   =         2.8232  ANGLE   =         9.3431  DIHED      =        11.9714
 1-4 NB =         2.5531  1-4 EEL =        41.9724  VDWAALS    =      1449.4262
 EELEC  =    -11018.3815  EHBOND  =         0.0000  RESTRAINT  =         2.3223
 EAMBER (non-restraint)  =     -9500.2921
 EKCMT  =       854.7063  VIRIAL  =       959.3877  VOLUME     =     31559.5336
                                                    Density    =         0.9498
 Ewald error estimate:   0.3961E-03
 ------------------------------------------------------------------------------


 NSTEP =     3000   TIME(PS) =       6.000  TEMP(K) =   299.45  PRESS =   371.7
 Etot   =     -7696.8271  EKtot   =      1790.5245  EPtot      =     -9487.3516
 BOND   =         2.5082  ANGLE   =         9.2805  DIHED      =        11.3398
 1-4 NB =         3.3109  1-4 EEL =        44.0301  VDWAALS    =      1459.5325
 EELEC  =    -11019.8217  EHBOND  =         0.0000  RESTRAINT  =         2.4681
 EAMBER (non-restraint)  =     -9489.8197
 EKCMT  =       901.1180  VIRIAL  =       653.6172  VOLUME     =     30838.2312
                                                    Density    =         0.9721
 Ewald error estimate:   0.4336E-03
 ------------------------------------------------------------------------------


 NSTEP =     4000   TIME(PS) =       8.000  TEMP(K) =   294.17  PRESS =  -700.0
 Etot   =     -7740.4118  EKtot   =      1758.9901  EPtot      =     -9499.4019
 BOND   =         0.6117  ANGLE   =         3.8218  DIHED      =        11.1678
 1-4 NB =         4.1967  1-4 EEL =        47.7008  VDWAALS    =      1337.1654
 EELEC  =    -10907.9551  EHBOND  =         0.0000  RESTRAINT  =         3.8889
 EAMBER (non-restraint)  =     -9503.2908
 EKCMT  =       881.7276  VIRIAL  =      1344.1607  VOLUME     =     30597.5013
                                                    Density    =         0.9797
 Ewald error estimate:   0.2194E-03
 ------------------------------------------------------------------------------


 NSTEP =     5000   TIME(PS) =      10.000  TEMP(K) =   288.74  PRESS =   159.0
 Etot   =     -7823.2047  EKtot   =      1726.5310  EPtot      =     -9549.7357
 BOND   =         1.0573  ANGLE   =         6.0582  DIHED      =        13.6555
 1-4 NB =         3.1223  1-4 EEL =        48.5127  VDWAALS    =      1460.3988
 EELEC  =    -11085.8786  EHBOND  =         0.0000  RESTRAINT  =         3.3380
 EAMBER (non-restraint)  =     -9553.0737
 EKCMT  =       856.0537  VIRIAL  =       750.8724  VOLUME     =     30634.0295
                                                    Density    =         0.9785
 Ewald error estimate:   0.1914E-03
 ------------------------------------------------------------------------------


 NSTEP =     6000   TIME(PS) =      12.000  TEMP(K) =   293.85  PRESS =    85.0
 Etot   =     -7695.2856  EKtot   =      1757.0383  EPtot      =     -9452.3239
 BOND   =         2.9207  ANGLE   =         6.9509  DIHED      =        10.5851
 1-4 NB =         3.0018  1-4 EEL =        42.5152  VDWAALS    =      1410.1319
 EELEC  =    -10933.2591  EHBOND  =         0.0000  RESTRAINT  =         4.8297
 EAMBER (non-restraint)  =     -9457.1536
 EKCMT  =       888.9320  VIRIAL  =       832.8877  VOLUME     =     30520.3065
                                                    Density    =         0.9822
 Ewald error estimate:   0.1011E-03
 ------------------------------------------------------------------------------


 NSTEP =     7000   TIME(PS) =      14.000  TEMP(K) =   298.64  PRESS =  -118.8
 Etot   =     -7720.1181  EKtot   =      1785.7004  EPtot      =     -9505.8185
 BOND   =         2.4892  ANGLE   =         7.8079  DIHED      =        13.0273
 1-4 NB =         3.5419  1-4 EEL =        44.1575  VDWAALS    =      1381.4859
 EELEC  =    -10960.4809  EHBOND  =         0.0000  RESTRAINT  =         2.1526
 EAMBER (non-restraint)  =     -9507.9710
 EKCMT  =       902.9200  VIRIAL  =       980.9869  VOLUME     =     30430.8947
                                                    Density    =         0.9851
 Ewald error estimate:   0.1551E-03
 ------------------------------------------------------------------------------


 NSTEP =     8000   TIME(PS) =      16.000  TEMP(K) =   296.59  PRESS =   -99.2
 Etot   =     -7808.1496  EKtot   =      1773.4428  EPtot      =     -9581.5925
 BOND   =         3.5961  ANGLE   =         5.9884  DIHED      =        12.1599
 1-4 NB =         2.7948  1-4 EEL =        47.9694  VDWAALS    =      1421.5347
 EELEC  =    -11081.7412  EHBOND  =         0.0000  RESTRAINT  =         6.1055
 EAMBER (non-restraint)  =     -9587.6980
 EKCMT  =       877.8830  VIRIAL  =       942.7599  VOLUME     =     30294.2771
                                                    Density    =         0.9895
 Ewald error estimate:   0.3262E-03
 ------------------------------------------------------------------------------


 NSTEP =     9000   TIME(PS) =      18.000  TEMP(K) =   292.60  PRESS =    -7.1
 Etot   =     -7834.3560  EKtot   =      1749.6003  EPtot      =     -9583.9562
 BOND   =         2.9989  ANGLE   =        10.0655  DIHED      =        11.8953
 1-4 NB =         3.2587  1-4 EEL =        44.8010  VDWAALS    =      1445.9503
 EELEC  =    -11107.6038  EHBOND  =         0.0000  RESTRAINT  =         4.6777
 EAMBER (non-restraint)  =     -9588.6340
 EKCMT  =       853.5061  VIRIAL  =       858.1568  VOLUME     =     30402.6023
                                                    Density    =         0.9860
 Ewald error estimate:   0.2454E-03
 ------------------------------------------------------------------------------


 NSTEP =    10000   TIME(PS) =      20.000  TEMP(K) =   294.91  PRESS =   132.5
 Etot   =     -7742.5686  EKtot   =      1763.3949  EPtot      =     -9505.9636
 BOND   =         3.2567  ANGLE   =         8.4067  DIHED      =        10.1106
 1-4 NB =         2.4720  1-4 EEL =        47.5594  VDWAALS    =      1411.1132
 EELEC  =    -10990.8883  EHBOND  =         0.0000  RESTRAINT  =         2.0060
 EAMBER (non-restraint)  =     -9507.9696
 EKCMT  =       870.1461  VIRIAL  =       783.1805  VOLUME     =     30395.6866
                                                    Density    =         0.9862
 Ewald error estimate:   0.7303E-04
 ------------------------------------------------------------------------------


      A V E R A G E S   O V E R   10000 S T E P S


 NSTEP =    10000   TIME(PS) =      20.000  TEMP(K) =   292.84  PRESS =  -195.2
 Etot   =     -7791.6423  EKtot   =      1751.0243  EPtot      =     -9542.6665
 BOND   =         2.9507  ANGLE   =         7.7124  DIHED      =        11.0280
 1-4 NB =         3.2193  1-4 EEL =        45.5820  VDWAALS    =      1426.6193
 EELEC  =    -11042.8141  EHBOND  =         0.0000  RESTRAINT  =         3.0358
 EAMBER (non-restraint)  =     -9545.7024
 EKCMT  =       872.9715  VIRIAL  =      1013.0535  VOLUME     =     31111.4137
                                                    Density    =         0.9649
 Ewald error estimate:   0.2011E-03
 ------------------------------------------------------------------------------


      R M S  F L U C T U A T I O N S


 NSTEP =    10000   TIME(PS) =      20.000  TEMP(K) =    26.60  PRESS =   441.7
 Etot   =       340.8726  EKtot   =       159.0493  EPtot      =       189.1063
 BOND   =         1.3828  ANGLE   =         2.2164  DIHED      =         1.1229
 1-4 NB =         0.6849  1-4 EEL =         2.1563  VDWAALS    =        92.8871
 EELEC  =       273.6452  EHBOND  =         0.0000  RESTRAINT  =         1.2688
 EAMBER (non-restraint)  =       187.8375
 EKCMT  =        78.7195  VIRIAL  =       282.3539  VOLUME     =      1242.0723
                                                    Density    =         0.0355
 Ewald error estimate:   0.1521E-03
 ------------------------------------------------------------------------------


--------------------------------------------------------------------------------
   5.  TIMINGS
--------------------------------------------------------------------------------

|>>>>>>>>PROFILE of Average TIMES>>>>>>>>> 
|                Build the list             8.26 (97.66% of List )
|                Other                      0.20 ( 2.34% of List )
|             List time                  8.46 (10.24% of Nonbo)
|                   Short_ene time            46.71 (96.39% of Direc)
|                   Other                      1.75 ( 3.61% of Direc)
|                Direct Ewald time         48.46 (65.32% of Ewald)
|                Adjust Ewald time          0.25 ( 0.34% of Ewald)
|                   Fill Bspline coeffs        1.08 ( 6.47% of Recip)
|                   Fill charge grid           0.93 ( 5.58% of Recip)
|                   Scalar sum                 3.99 (23.92% of Recip)
|                   Grad sum                   2.11 (12.64% of Recip)
|                      FFT back comm time         1.28 (16.84% of FFT t)
|                      Other                      6.34 (83.16% of FFT t)
|                   FFT time                   7.63 (45.69% of Recip)
|                   Other                      0.95 ( 5.70% of Recip)
|                Recip Ewald time          16.69 (22.50% of Ewald)
|                Force Adjust               8.33 (11.23% of Ewald)
|                Virial junk                0.43 ( 0.58% of Ewald)
|                Other                      0.03 ( 0.03% of Ewald)
|             Ewald time                74.19 (89.76% of Nonbo)
|             Other                      0.00 ( 0.01% of Nonbo)
|          Nonbond force             82.66 (98.88% of Force)
|          Bond/Angle/Dihedral        0.10 ( 0.12% of Force)
|          FRC Collect time           0.67 ( 0.80% of Force)
|          Other                      0.18 ( 0.21% of Force)
|       Force time                83.60 (91.05% of Runmd)
|       Shake time                 0.29 ( 0.32% of Runmd)
|       Verlet update time         3.48 ( 3.79% of Runmd)
|       Ekcmr time                 3.50 ( 3.81% of Runmd)
|       CRD distribute time        0.34 ( 0.37% of Runmd)
|       Other                      0.61 ( 0.67% of Runmd)
|    Runmd Time                91.81 (99.89% of Total)
|    Other                      0.10 ( 0.10% of Total)
| Total time                91.91 (100.0% of ALL  )

| Number of list builds   :        911

| Highest rstack allocated:      40828
| Highest istack allocated:        890

| Final Performance Info:
| -----------------------------------------------------
| Average timings for all steps:
|     Elapsed(s) =      92.09 Per Step(ms) =       9.21
|         ns/day =      18.76   seconds/ns =    4604.59
| -----------------------------------------------------

|           Job began  at 14:07:52.373  on 03/14/2017
|           Setup done at 14:07:52.514  on 03/14/2017
|           Run   done at 14:09:24.445  on 03/14/2017
|     wallclock() was called  571889 times
