
          -------------------------------------------------------
          Amber 16 SANDER                              2016
          -------------------------------------------------------

| Run on 03/14/2017 at 14:48:37

|   Executable path: sander.MPI
| Working directory: /home/steboss/projects/mdgx-tests/alanine/IPOLQ/input/PhiPsi_1/270/15
|          Hostname: node006

  [-O]verwriting output

File Assignments:
|  MDIN: equil.in                                                              
| MDOUT: Conf15.eq.out                                                         
|INPCRD: Conf15.min                                                            
|  PARM: Conf15.top                                                            
|RESTRT: Conf15.rst                                                            
|  REFC: Conf15.crd                                                            
| MDVEL: mdvel                                                                 
| MDFRC: mdfrc                                                                 
|  MDEN: mden                                                                  
| MDCRD: mdcrd                                                                 
|MDINFO: mdinfo                                                                
|  MTMD: mtmd                                                                  
|INPDIP: inpdip                                                                
|RSTDIP: rstdip                                                                
|INPTRA: inptraj                                                               

|    REMLOG: rem.log
|   REMTYPE: rem.type
|  REMSTRIP: 
|   SAVEENE: saveene
|CLUSTERINF: cluster.info
| RESERVOIR: reserv/frame
|   REMDDIM: 


 Here is the input file:

Equilibrate water in NPT                                                       
 &cntrl                                                                        
                                                                               
  nmropt = 0,                                                                  
  ntx    = 1,       irest  = 0,       ntrx   = 1,      ntxo   = 1,             
  ntpr   = 1000,    ntwx   = 1000,    ntwv   = 0,      ntwe   = 1000,          
  iwrap  = 0,       ioutfm = 1,                                                
                                                                               
  ntf    = 2,       ntb    = 2,                                                
  cut = 9.0,                                                                   
                                                                               
  ibelly = 0,       ntr    = 1,                                                
  restraintmask = ':1',                                                        
  restraint_wt = 100.0,                                                        
                                                                               
  imin   = 0,                                                                  
  nstlim = 10000,                                                              
  nscm   = 1000,                                                               
  t      = 0.0,     dt     = 0.002,                                            
                                                                               
  temp0     = 298.0,   tempi  = 0.0,                                           
  ig        = -1,                                                              
  ntt       = 3,                                                               
  gamma_ln  = 3.0,                                                             
                                                                               
  ntp    = 1,       pres0  = 1.0,     comp   = 44.6,                           
  taup   = 1.0,                                                                
                                                                               
  ntc    = 2,       tol    = 0.000001, watnam = 'WAT ',                        
                                                                               
 &end                                                                          

--------------------------------------------------------------------------------
   1.  RESOURCE   USE: 
--------------------------------------------------------------------------------

| Flags: MPI                                                                    
 getting new box info from bottom of inpcrd
|  INFO: Old style inpcrd file read

| peek_ewald_inpcrd: Box info found
|Largest sphere to fit in unit cell has radius =    14.433
| New format PARM file being parsed.
| Version =    1.000 Date = 03/14/17 Time = 13:39:22
 NATOM  =    2812 NTYPES =       9 NBONH =    2802 MBONA  =       9
 NTHETH =      25 MTHETA =      11 NPHIH =      43 MPHIA  =      24
 NHPARM =       0 NPARM  =       0 NNB   =    3819 NRES   =     933
 NBONA  =       9 NTHETA =      11 NPHIA =      24 NUMBND =      10
 NUMANG =      16 NPTRA  =      19 NATYP =       9 NPHB   =       1
 IFBOX  =       2 NMXRS  =      10 IFCAP =       0 NEXTRA =       0
 NCOPY  =       0


|     Memory Use     Allocated
|     Real              292060
|     Hollerith           9371
|     Integer            87120
|     Max Pairs         311896
|     nblistReal         33744
|     nblist Int         86021
|       Total             4476 kbytes

| Note: 1-4 EEL scale factors are being read from the topology file.

| Note: 1-4 VDW scale factors are being read from the topology file.
| Duplicated    0 dihedrals
| Duplicated    0 dihedrals

     BOX TYPE: TRUNCATED OCTAHEDRON
Note: ig = -1. Setting random seed to   356403 based on wallclock time in microseconds
      and disabling the synchronization of random numbers between tasks
      to improve performance.

--------------------------------------------------------------------------------
   2.  CONTROL  DATA  FOR  THE  RUN
--------------------------------------------------------------------------------

default_name                                                                    

General flags:
     imin    =       0, nmropt  =       0

Nature and format of input:
     ntx     =       1, irest   =       0, ntrx    =       1

Nature and format of output:
     ntxo    =       1, ntpr    =    1000, ntrx    =       1, ntwr    =   10000
     iwrap   =       0, ntwx    =    1000, ntwv    =       0, ntwe    =    1000
     ioutfm  =       1, ntwprt  =       0, idecomp =       0, rbornstat=      0

Potential function:
     ntf     =       2, ntb     =       2, igb     =       0, nsnb    =      25
     ipol    =       0, gbsa    =       0, iesp    =       0
     dielc   =   1.00000, cut     =   9.00000, intdiel =   1.00000

Frozen or restrained atoms:
     ibelly  =       0, ntr     =       1
     restraint_wt = 100.00000

Molecular dynamics:
     nstlim  =     10000, nscm    =         0, nrespa  =         1
     t       =   0.00000, dt      =   0.00200, vlimit  =  20.00000

Langevin dynamics temperature regulation:
     ig      =  356403
     temp0   = 298.00000, tempi   =   0.00000, gamma_ln=   3.00000

Pressure regulation:
     ntp     =       1
     pres0   =   1.00000, comp    =  44.60000, taup    =   1.00000

SHAKE:
     ntc     =       2, jfastw  =       0
     tol     =   0.00000

Ewald parameters:
     verbose =       0, ew_type =       0, nbflag  =       1, use_pme =       1
     vdwmeth =       1, eedmeth =       1, netfrc  =       1
     Box X =   35.353   Box Y =   35.353   Box Z =   35.353
     Alpha =  109.471   Beta  =  109.471   Gamma =  109.471
     NFFT1 =   36       NFFT2 =   36       NFFT3 =   36
     Cutoff=    9.000   Tol   =0.100E-04
     Ewald Coefficient =  0.30768
     Interpolation order =    4

| MPI Timing options:
|      profile_mpi =        0

    LOADING THE CONSTRAINED ATOMS AS GROUPS


   5.  REFERENCE ATOM COORDINATES

  defa
     Mask :1; matches     6 atoms

--------------------------------------------------------------------------------
   3.  ATOMIC COORDINATES AND VELOCITIES
--------------------------------------------------------------------------------

defa                                                                            
 begin time read from input coords =     0.000 ps

 Number of triangulated 3-point waters found:      930
|  Atom division among processors:
|         0     352     703    1054    1405    1756    2110    2461
|      2812

     Sum of charges from parm topology file =  -0.00000000
     Forcing neutrality...
|  Running AMBER/MPI version on    8 nodes


--------------------------------------------------------------------------------
   4.  RESULTS
--------------------------------------------------------------------------------

|  # of SOLUTE  degrees of freedom (RNDFP):    5634.
|  # of SOLVENT degrees of freedom (RNDFS):       0.
|  NDFMIN =    5634.     NUM_NOSHAKE =      0     CORRECTED RNDFP =    5634.
|  TOTAL # of degrees of freedom (RNDF) =    5634.
 ---------------------------------------------------
 APPROXIMATING switch and d/dx switch using CUBIC SPLINE INTERPOLATION
 using   5000.0 points per unit in tabled values
 TESTING RELATIVE ERROR over r ranging from 0.0 to cutoff
| CHECK switch(x): max rel err =   0.2738E-14   at   2.422500
| CHECK d/dx switch(x): max rel err =   0.8314E-11   at   2.736960
 ---------------------------------------------------
| Local SIZE OF NONBOND LIST =      90519
| TOTAL SIZE OF NONBOND LIST =     648250

 NSTEP =        0   TIME(PS) =       0.000  TEMP(K) =     0.00  PRESS = -5098.2
 Etot   =    -12308.0111  EKtot   =         0.0000  EPtot      =    -12308.0111
 BOND   =         0.4123  ANGLE   =         1.0509  DIHED      =        11.4799
 1-4 NB =         2.6707  1-4 EEL =        47.2166  VDWAALS    =      2218.2116
 EELEC  =    -14589.1272  EHBOND  =         0.0000  RESTRAINT  =         0.0742
 EAMBER (non-restraint)  =    -12308.0853
 EKCMT  =         0.0000  VIRIAL  =      3744.2402  VOLUME     =     34015.0215
                                                    Density    =         0.8250
 Ewald error estimate:   0.1021E-03
 ------------------------------------------------------------------------------


 NSTEP =     1000   TIME(PS) =       2.000  TEMP(K) =   294.04  PRESS =  -908.6
 Etot   =     -7160.1654  EKtot   =      1645.9956  EPtot      =     -8806.1610
 BOND   =         1.6142  ANGLE   =         6.1703  DIHED      =        11.3699
 1-4 NB =         3.0228  1-4 EEL =        47.8762  VDWAALS    =      1277.3721
 EELEC  =    -10156.9411  EHBOND  =         0.0000  RESTRAINT  =         3.3546
 EAMBER (non-restraint)  =     -8809.5156
 EKCMT  =       834.3759  VIRIAL  =      1443.6406  VOLUME     =     31057.2773
                                                    Density    =         0.9036
 Ewald error estimate:   0.2667E-03
 ------------------------------------------------------------------------------


 NSTEP =     2000   TIME(PS) =       4.000  TEMP(K) =   302.32  PRESS =  -123.1
 Etot   =     -7106.7871  EKtot   =      1692.3536  EPtot      =     -8799.1407
 BOND   =         2.0886  ANGLE   =        11.1886  DIHED      =        11.6600
 1-4 NB =         2.9161  1-4 EEL =        48.4445  VDWAALS    =      1318.8739
 EELEC  =    -10196.7689  EHBOND  =         0.0000  RESTRAINT  =         2.4564
 EAMBER (non-restraint)  =     -8801.5971
 EKCMT  =       840.8414  VIRIAL  =       919.5003  VOLUME     =     29603.2581
                                                    Density    =         0.9479
 Ewald error estimate:   0.8607E-04
 ------------------------------------------------------------------------------


 NSTEP =     3000   TIME(PS) =       6.000  TEMP(K) =   290.65  PRESS =  -410.7
 Etot   =     -7251.0771  EKtot   =      1627.0312  EPtot      =     -8878.1083
 BOND   =         3.6208  ANGLE   =         9.4670  DIHED      =        11.8400
 1-4 NB =         3.3962  1-4 EEL =        46.7165  VDWAALS    =      1311.5362
 EELEC  =    -10269.3197  EHBOND  =         0.0000  RESTRAINT  =         4.6347
 EAMBER (non-restraint)  =     -8882.7430
 EKCMT  =       819.7180  VIRIAL  =      1077.0054  VOLUME     =     29015.6444
                                                    Density    =         0.9671
 Ewald error estimate:   0.1121E-05
 ------------------------------------------------------------------------------


 NSTEP =     4000   TIME(PS) =       8.000  TEMP(K) =   289.20  PRESS =   735.9
 Etot   =     -7243.4536  EKtot   =      1618.9159  EPtot      =     -8862.3696
 BOND   =         5.0390  ANGLE   =         8.9128  DIHED      =        10.8053
 1-4 NB =         2.8792  1-4 EEL =        43.5498  VDWAALS    =      1398.9542
 EELEC  =    -10335.0277  EHBOND  =         0.0000  RESTRAINT  =         2.5180
 EAMBER (non-restraint)  =     -8864.8875
 EKCMT  =       822.4054  VIRIAL  =       368.2566  VOLUME     =     28581.9774
                                                    Density    =         0.9818
 Ewald error estimate:   0.4157E-03
 ------------------------------------------------------------------------------


 NSTEP =     5000   TIME(PS) =      10.000  TEMP(K) =   296.33  PRESS =   199.3
 Etot   =     -7221.2626  EKtot   =      1658.8090  EPtot      =     -8880.0716
 BOND   =         2.5309  ANGLE   =         8.5619  DIHED      =        11.0514
 1-4 NB =         3.0071  1-4 EEL =        45.4062  VDWAALS    =      1329.4674
 EELEC  =    -10282.8719  EHBOND  =         0.0000  RESTRAINT  =         2.7753
 EAMBER (non-restraint)  =     -8882.8469
 EKCMT  =       857.2715  VIRIAL  =       734.9999  VOLUME     =     28416.9862
                                                    Density    =         0.9875
 Ewald error estimate:   0.5996E-04
 ------------------------------------------------------------------------------


 NSTEP =     6000   TIME(PS) =      12.000  TEMP(K) =   293.04  PRESS =  -246.4
 Etot   =     -7365.1953  EKtot   =      1640.4372  EPtot      =     -9005.6325
 BOND   =         1.4547  ANGLE   =         8.0978  DIHED      =        12.4670
 1-4 NB =         3.3983  1-4 EEL =        45.5520  VDWAALS    =      1343.1048
 EELEC  =    -10426.2494  EHBOND  =         0.0000  RESTRAINT  =         6.5423
 EAMBER (non-restraint)  =     -9012.1748
 EKCMT  =       775.5844  VIRIAL  =       927.2492  VOLUME     =     28508.8370
                                                    Density    =         0.9843
 Ewald error estimate:   0.2686E-03
 ------------------------------------------------------------------------------


 NSTEP =     7000   TIME(PS) =      14.000  TEMP(K) =   304.40  PRESS =  -353.5
 Etot   =     -7312.8884  EKtot   =      1704.0236  EPtot      =     -9016.9120
 BOND   =         0.9963  ANGLE   =         6.8273  DIHED      =        11.8679
 1-4 NB =         2.5566  1-4 EEL =        48.1627  VDWAALS    =      1306.4809
 EELEC  =    -10396.8300  EHBOND  =         0.0000  RESTRAINT  =         3.0264
 EAMBER (non-restraint)  =     -9019.9383
 EKCMT  =       863.7609  VIRIAL  =      1080.5239  VOLUME     =     28396.8849
                                                    Density    =         0.9882
 Ewald error estimate:   0.3776E-03
 ------------------------------------------------------------------------------


 NSTEP =     8000   TIME(PS) =      16.000  TEMP(K) =   293.81  PRESS =  -843.4
 Etot   =     -7363.4154  EKtot   =      1644.6979  EPtot      =     -9008.1132
 BOND   =         2.2296  ANGLE   =         8.7539  DIHED      =        12.1135
 1-4 NB =         3.5305  1-4 EEL =        48.5446  VDWAALS    =      1255.1656
 EELEC  =    -10341.4018  EHBOND  =         0.0000  RESTRAINT  =         2.9508
 EAMBER (non-restraint)  =     -9011.0640
 EKCMT  =       799.0428  VIRIAL  =      1314.1059  VOLUME     =     28284.8125
                                                    Density    =         0.9921
 Ewald error estimate:   0.3296E-03
 ------------------------------------------------------------------------------


 NSTEP =     9000   TIME(PS) =      18.000  TEMP(K) =   289.12  PRESS =   270.4
 Etot   =     -7394.8200  EKtot   =      1618.4875  EPtot      =     -9013.3075
 BOND   =         4.9649  ANGLE   =         9.0657  DIHED      =        13.4275
 1-4 NB =         2.7223  1-4 EEL =        41.8907  VDWAALS    =      1390.7164
 EELEC  =    -10480.1837  EHBOND  =         0.0000  RESTRAINT  =         4.0887
 EAMBER (non-restraint)  =     -9017.3962
 EKCMT  =       787.9322  VIRIAL  =       622.1665  VOLUME     =     28391.8672
                                                    Density    =         0.9884
 Ewald error estimate:   0.9501E-04
 ------------------------------------------------------------------------------


 NSTEP =    10000   TIME(PS) =      20.000  TEMP(K) =   301.00  PRESS =   170.2
 Etot   =     -7191.3303  EKtot   =      1684.9789  EPtot      =     -8876.3091
 BOND   =         2.9158  ANGLE   =         8.1025  DIHED      =        11.6633
 1-4 NB =         2.2730  1-4 EEL =        44.7258  VDWAALS    =      1344.6968
 EELEC  =    -10293.2323  EHBOND  =         0.0000  RESTRAINT  =         2.5458
 EAMBER (non-restraint)  =     -8878.8550
 EKCMT  =       825.6788  VIRIAL  =       720.1893  VOLUME     =     28701.8044
                                                    Density    =         0.9777
 Ewald error estimate:   0.6134E-03
 ------------------------------------------------------------------------------


      A V E R A G E S   O V E R   10000 S T E P S


 NSTEP =    10000   TIME(PS) =      20.000  TEMP(K) =   291.76  PRESS =  -189.4
 Etot   =     -7301.7850  EKtot   =      1633.2554  EPtot      =     -8935.0404
 BOND   =         3.0830  ANGLE   =         8.2971  DIHED      =        11.7834
 1-4 NB =         3.0049  1-4 EEL =        46.6899  VDWAALS    =      1340.4885
 EELEC  =    -10351.5438  EHBOND  =         0.0000  RESTRAINT  =         3.1565
 EAMBER (non-restraint)  =     -8938.1969
 EKCMT  =       811.3621  VIRIAL  =       939.3315  VOLUME     =     29128.4188
                                                    Density    =         0.9649
 Ewald error estimate:   0.2129E-03
 ------------------------------------------------------------------------------


      R M S  F L U C T U A T I O N S


 NSTEP =    10000   TIME(PS) =      20.000  TEMP(K) =    26.40  PRESS =   470.2
 Etot   =       315.6584  EKtot   =       147.7670  EPtot      =       174.9353
 BOND   =         1.4852  ANGLE   =         2.2588  DIHED      =         1.1622
 1-4 NB =         0.6834  1-4 EEL =         2.0178  VDWAALS    =        85.3926
 EELEC  =       250.8236  EHBOND  =         0.0000  RESTRAINT  =         1.2663
 EAMBER (non-restraint)  =       173.6690
 EKCMT  =        71.7640  VIRIAL  =       285.0220  VOLUME     =      1186.7581
                                                    Density    =         0.0363
 Ewald error estimate:   0.1639E-03
 ------------------------------------------------------------------------------


--------------------------------------------------------------------------------
   5.  TIMINGS
--------------------------------------------------------------------------------

|>>>>>>>>PROFILE of Average TIMES>>>>>>>>> 
|                Build the list             9.18 (96.98% of List )
|                Other                      0.29 ( 3.02% of List )
|             List time                  9.47 ( 9.27% of Nonbo)
|                   Short_ene time            61.04 (96.26% of Direc)
|                   Other                      2.37 ( 3.74% of Direc)
|                Direct Ewald time         63.41 (68.40% of Ewald)
|                Adjust Ewald time          0.34 ( 0.36% of Ewald)
|                   Fill Bspline coeffs        1.63 ( 7.52% of Recip)
|                   Fill charge grid           1.19 ( 5.52% of Recip)
|                   Scalar sum                 5.54 (25.61% of Recip)
|                   Grad sum                   2.67 (12.34% of Recip)
|                      FFT back comm time         1.76 (18.21% of FFT t)
|                      Other                      7.90 (81.79% of FFT t)
|                   FFT time                   9.66 (44.66% of Recip)
|                   Other                      0.94 ( 4.34% of Recip)
|                Recip Ewald time          21.64 (23.34% of Ewald)
|                Force Adjust               6.86 ( 7.40% of Ewald)
|                Virial junk                0.41 ( 0.45% of Ewald)
|                Other                      0.04 ( 0.05% of Ewald)
|             Ewald time                92.70 (90.72% of Nonbo)
|             Other                      0.01 ( 0.01% of Nonbo)
|          Nonbond force            102.18 (98.77% of Force)
|          Bond/Angle/Dihedral        0.14 ( 0.14% of Force)
|          FRC Collect time           0.91 ( 0.88% of Force)
|          Other                      0.22 ( 0.21% of Force)
|       Force time               103.46 (92.63% of Runmd)
|       Shake time                 0.40 ( 0.36% of Runmd)
|       Verlet update time         4.07 ( 3.64% of Runmd)
|       Ekcmr time                 2.51 ( 2.25% of Runmd)
|       CRD distribute time        0.48 ( 0.43% of Runmd)
|       Other                      0.77 ( 0.69% of Runmd)
|    Runmd Time               111.68 (99.87% of Total)
|    Other                      0.15 ( 0.13% of Total)
| Total time               111.83 (100.0% of ALL  )

| Number of list builds   :        900

| Highest rstack allocated:      39289
| Highest istack allocated:        833

| Final Performance Info:
| -----------------------------------------------------
| Average timings for all steps:
|     Elapsed(s) =     112.06 Per Step(ms) =      11.21
|         ns/day =      15.42   seconds/ns =    5603.12
| -----------------------------------------------------

|           Job began  at 14:48:37.286  on 03/14/2017
|           Setup done at 14:48:37.432  on 03/14/2017
|           Run   done at 14:50:29.347  on 03/14/2017
|     wallclock() was called  571867 times
