
          -------------------------------------------------------
          Amber 16 SANDER                              2016
          -------------------------------------------------------

| Run on 03/14/2017 at 13:49:15

|   Executable path: sander.MPI
| Working directory: /home/steboss/projects/mdgx-tests/alanine/IPOLQ/input/PhiPsi_1/120/195
|          Hostname: node003

  [-O]verwriting output

File Assignments:
|  MDIN: min.in                                                                
| MDOUT: Conf195.min.out                                                       
|INPCRD: Conf195.crd                                                           
|  PARM: Conf195.top                                                           
|RESTRT: Conf195.min                                                           
|  REFC: Conf195.crd                                                           
| MDVEL: mdvel                                                                 
| MDFRC: mdfrc                                                                 
|  MDEN: mden                                                                  
| MDCRD: mdcrd                                                                 
|MDINFO: mdinfo                                                                
|  MTMD: mtmd                                                                  
|INPDIP: inpdip                                                                
|RSTDIP: rstdip                                                                
|INPTRA: inptraj                                                               

|    REMLOG: rem.log
|   REMTYPE: rem.type
|  REMSTRIP: 
|   SAVEENE: saveene
|CLUSTERINF: cluster.info
| RESERVOIR: reserv/frame
|   REMDDIM: 


 Here is the input file:

Initial minimization                                                           
 &cntrl                                                                        
  ntx    = 1,       irest  = 0,       ntrx   = 1,      ntxo   = 1,             
  ntpr   = 20,      ntwx   = 0,       ntwv   = 0,      ntwe   = 0,             
                                                                               
  ntf    = 1,       ntb    = 1,                                                
  ntc    = 1,       ntr    = 1,                                                
  restraintmask = ':1',                                                        
  restraint_wt = 100.0,                                                        
  cut    = 9.0,                                                                
                                                                               
  imin   = 1,                                                                  
  maxcyc = 1000,                                                               
  ncyc   = 100,                                                                
                                                                               
 &end                                                                          

--------------------------------------------------------------------------------
   1.  RESOURCE   USE: 
--------------------------------------------------------------------------------

| Flags: MPI                                                                    
 getting new box info from bottom of inpcrd
|  INFO: Old style inpcrd file read

| peek_ewald_inpcrd: Box info found
|Largest sphere to fit in unit cell has radius =    14.685
| New format PARM file being parsed.
| Version =    1.000 Date = 03/14/17 Time = 13:37:52
 NATOM  =    2962 NTYPES =       9 NBONH =    2952 MBONA  =       9
 NTHETH =      25 MTHETA =      11 NPHIH =      43 MPHIA  =      24
 NHPARM =       0 NPARM  =       0 NNB   =    4019 NRES   =     983
 NBONA  =       9 NTHETA =      11 NPHIA =      24 NUMBND =      10
 NUMANG =      16 NPTRA  =      19 NATYP =       9 NPHB   =       1
 IFBOX  =       2 NMXRS  =      10 IFCAP =       0 NEXTRA =       0
 NCOPY  =       0


|     Memory Use     Allocated
|     Real              338754
|     Hollerith           9871
|     Integer            90520
|     Max Pairs         328534
|     nblistReal         35544
|     nblist Int         99452
|       Total             4988 kbytes

| Note: 1-4 EEL scale factors are being read from the topology file.

| Note: 1-4 VDW scale factors are being read from the topology file.
| Duplicated    0 dihedrals
| Duplicated    0 dihedrals

     BOX TYPE: TRUNCATED OCTAHEDRON

--------------------------------------------------------------------------------
   2.  CONTROL  DATA  FOR  THE  RUN
--------------------------------------------------------------------------------

default_name                                                                    

General flags:
     imin    =       1, nmropt  =       0

Nature and format of input:
     ntx     =       1, irest   =       0, ntrx    =       1

Nature and format of output:
     ntxo    =       1, ntpr    =      20, ntrx    =       1, ntwr    =       1
     iwrap   =       0, ntwx    =       0, ntwv    =       0, ntwe    =       0
     ioutfm  =       1, ntwprt  =       0, idecomp =       0, rbornstat=      0

Potential function:
     ntf     =       1, ntb     =       1, igb     =       0, nsnb    =      25
     ipol    =       0, gbsa    =       0, iesp    =       0
     dielc   =   1.00000, cut     =   9.00000, intdiel =   1.00000

Frozen or restrained atoms:
     ibelly  =       0, ntr     =       1
     restraint_wt = 100.00000

Energy minimization:
     maxcyc  =    1000, ncyc    =     100, ntmin   =       1
     dx0     =   0.01000, drms    =   0.00010

Ewald parameters:
     verbose =       0, ew_type =       0, nbflag  =       1, use_pme =       1
     vdwmeth =       1, eedmeth =       1, netfrc  =       0
     Box X =   35.970   Box Y =   35.970   Box Z =   35.970
     Alpha =  109.471   Beta  =  109.471   Gamma =  109.471
     NFFT1 =   36       NFFT2 =   36       NFFT3 =   36
     Cutoff=    9.000   Tol   =0.100E-04
     Ewald Coefficient =  0.30768
     Interpolation order =    4

| MPI Timing options:
|      profile_mpi =        0

    LOADING THE CONSTRAINED ATOMS AS GROUPS


   5.  REFERENCE ATOM COORDINATES

  defa
     Mask :1; matches     6 atoms

--------------------------------------------------------------------------------
   3.  ATOMIC COORDINATES AND VELOCITIES
--------------------------------------------------------------------------------

default_name                                                                    
 begin time read from input coords =     0.000 ps

 Number of triangulated 3-point waters found:      980
|  Atom division among processors:
|         0     370     742    1111    1480    1852    2221    2590
|      2962

     Sum of charges from parm topology file =  -0.00000000
     Forcing neutrality...
|  Running AMBER/MPI version on    8 nodes


--------------------------------------------------------------------------------
   4.  RESULTS
--------------------------------------------------------------------------------

 ---------------------------------------------------
 APPROXIMATING switch and d/dx switch using CUBIC SPLINE INTERPOLATION
 using   5000.0 points per unit in tabled values
 TESTING RELATIVE ERROR over r ranging from 0.0 to cutoff
| CHECK switch(x): max rel err =   0.2738E-14   at   2.422500
| CHECK d/dx switch(x): max rel err =   0.8314E-11   at   2.736960
 ---------------------------------------------------
| Local SIZE OF NONBOND LIST =      92887
| TOTAL SIZE OF NONBOND LIST =     682700


   NSTEP       ENERGY          RMS            GMAX         NAME    NUMBER
      1      -8.2830E+03     1.2176E+01     5.9443E+01     O         311

 BOND    =        0.9583  ANGLE   =        3.7458  DIHED      =       15.8224
 VDWAALS =      912.3345  EEL     =    -9263.7761  HBOND      =        0.0000
 1-4 VDW =        3.0412  1-4 EEL =       44.8442  RESTRAINT  =        0.0000


   NSTEP       ENERGY          RMS            GMAX         NAME    NUMBER
     20      -9.1391E+03     2.6845E+00     2.0240E+01     O         395

 BOND    =      480.4176  ANGLE   =        3.7357  DIHED      =       15.6971
 VDWAALS =      862.1990  EEL     =   -10549.1274  HBOND      =        0.0000
 1-4 VDW =        3.0250  1-4 EEL =       44.9115  RESTRAINT  =        0.0160
 EAMBER  =    -9139.1414


   NSTEP       ENERGY          RMS            GMAX         NAME    NUMBER
     40      -9.7747E+03     1.5866E+00     7.0882E+00     H1       2460

 BOND    =      527.6449  ANGLE   =        3.6960  DIHED      =       15.5156
 VDWAALS =      901.4289  EEL     =   -11270.9577  HBOND      =        0.0000
 1-4 VDW =        2.9991  1-4 EEL =       44.9497  RESTRAINT  =        0.0285
 EAMBER  =    -9774.7235


   NSTEP       ENERGY          RMS            GMAX         NAME    NUMBER
     60      -1.0016E+04     3.3285E+00     1.0398E+01     H2       1387

 BOND    =      502.5439  ANGLE   =        3.7006  DIHED      =       15.3768
 VDWAALS =      936.6231  EEL     =   -11521.6814  HBOND      =        0.0000
 1-4 VDW =        2.9494  1-4 EEL =       44.9126  RESTRAINT  =        0.0412
 EAMBER  =   -10015.5749


   NSTEP       ENERGY          RMS            GMAX         NAME    NUMBER
     80      -1.0168E+04     3.9068E+00     1.2994E+01     H2       1387

 BOND    =      508.9006  ANGLE   =        3.7025  DIHED      =       15.2499
 VDWAALS =      970.5198  EEL     =   -11713.8766  HBOND      =        0.0000
 1-4 VDW =        2.9017  1-4 EEL =       44.8796  RESTRAINT  =        0.0555
 EAMBER  =   -10167.7225


   NSTEP       ENERGY          RMS            GMAX         NAME    NUMBER
    100      -1.0304E+04     9.2920E-01     4.2141E+00     H1       1182

 BOND    =      603.5408  ANGLE   =        3.7075  DIHED      =       15.1281
 VDWAALS =     1003.6240  EEL     =   -11977.5819  HBOND      =        0.0000
 1-4 VDW =        2.8567  1-4 EEL =       44.8529  RESTRAINT  =        0.0708
 EAMBER  =   -10303.8719


   NSTEP       ENERGY          RMS            GMAX         NAME    NUMBER
    120      -1.0803E+04     1.9640E+00     2.7730E+01     H1       2628

 BOND    =      735.6425  ANGLE   =        3.9116  DIHED      =       14.1306
 VDWAALS =     1466.6807  EEL     =   -13070.3343  HBOND      =        0.0000
 1-4 VDW =        2.4657  1-4 EEL =       44.5053  RESTRAINT  =        0.2657
 EAMBER  =   -10802.9978


   NSTEP       ENERGY          RMS            GMAX         NAME    NUMBER
    140      -1.0988E+04     1.7727E+00     3.6186E+01     O          16

 BOND    =      708.4671  ANGLE   =        6.9617  DIHED      =       13.7048
 VDWAALS =     1458.4811  EEL     =   -13223.0779  HBOND      =        0.0000
 1-4 VDW =        2.7520  1-4 EEL =       44.3201  RESTRAINT  =        0.2830
 EAMBER  =   -10988.3913


   NSTEP       ENERGY          RMS            GMAX         NAME    NUMBER
    160      -1.1082E+04     8.7910E-01     1.2299E+01     O        1184

 BOND    =      713.6231  ANGLE   =        3.3676  DIHED      =       13.4087
 VDWAALS =     1451.8538  EEL     =   -13311.3863  HBOND      =        0.0000
 1-4 VDW =        2.3049  1-4 EEL =       44.7140  RESTRAINT  =        0.3081
 EAMBER  =   -11082.1143


   NSTEP       ENERGY          RMS            GMAX         NAME    NUMBER
    180      -1.1182E+04     1.6758E+00     3.0158E+01     CA          9

 BOND    =      754.0024  ANGLE   =        5.0962  DIHED      =       13.6306
 VDWAALS =     1587.3504  EEL     =   -13590.5056  HBOND      =        0.0000
 1-4 VDW =        2.0582  1-4 EEL =       44.9318  RESTRAINT  =        0.9949
 EAMBER  =   -11183.4361


   NSTEP       ENERGY          RMS            GMAX         NAME    NUMBER
    200      -1.1260E+04     1.2004E+00     2.4343E+01     CH3         2

 BOND    =      763.0062  ANGLE   =        5.3853  DIHED      =       12.9408
 VDWAALS =     1600.9603  EEL     =   -13689.7455  HBOND      =        0.0000
 1-4 VDW =        2.3747  1-4 EEL =       44.4271  RESTRAINT  =        1.0212
 EAMBER  =   -11260.6512


   NSTEP       ENERGY          RMS            GMAX         NAME    NUMBER
    220      -1.1308E+04     1.1132E+00     3.1367E+01     CH3         2

 BOND    =      764.8853  ANGLE   =        3.8533  DIHED      =       13.3498
 VDWAALS =     1646.5658  EEL     =   -13784.4222  HBOND      =        0.0000
 1-4 VDW =        2.2992  1-4 EEL =       45.0868  RESTRAINT  =        0.2487
 EAMBER  =   -11308.3821


   NSTEP       ENERGY          RMS            GMAX         NAME    NUMBER
    240      -1.1366E+04     8.3376E-01     1.6626E+01     N           7

 BOND    =      789.7576  ANGLE   =        3.2462  DIHED      =       12.9641
 VDWAALS =     1688.0349  EEL     =   -13908.8535  HBOND      =        0.0000
 1-4 VDW =        2.5741  1-4 EEL =       45.4430  RESTRAINT  =        0.6587
 EAMBER  =   -11366.8336


   NSTEP       ENERGY          RMS            GMAX         NAME    NUMBER
    260      -1.1415E+04     1.0575E+00     3.5921E+01     C           5

 BOND    =      790.9802  ANGLE   =        3.3504  DIHED      =       13.0026
 VDWAALS =     1728.7949  EEL     =   -13999.7248  HBOND      =        0.0000
 1-4 VDW =        2.3881  1-4 EEL =       45.4535  RESTRAINT  =        0.7113
 EAMBER  =   -11415.7550


   NSTEP       ENERGY          RMS            GMAX         NAME    NUMBER
    280      -1.1454E+04     7.7433E-01     2.1090E+01     N           7

 BOND    =      803.2067  ANGLE   =        4.1821  DIHED      =       12.2944
 VDWAALS =     1772.6298  EEL     =   -14094.7279  HBOND      =        0.0000
 1-4 VDW =        2.1984  1-4 EEL =       44.2155  RESTRAINT  =        1.6084
 EAMBER  =   -11456.0011


   NSTEP       ENERGY          RMS            GMAX         NAME    NUMBER
    300      -1.1499E+04     1.0776E+00     2.3078E+01     CA          9

 BOND    =      819.2736  ANGLE   =        4.4483  DIHED      =       11.9822
 VDWAALS =     1813.3882  EEL     =   -14195.9132  HBOND      =        0.0000
 1-4 VDW =        2.3338  1-4 EEL =       44.0508  RESTRAINT  =        1.4353
 EAMBER  =   -11500.4361


   NSTEP       ENERGY          RMS            GMAX         NAME    NUMBER
    320      -1.1531E+04     6.9150E-01     1.8684E+01     C          15

 BOND    =      815.1664  ANGLE   =        3.1600  DIHED      =       11.9359
 VDWAALS =     1831.7792  EEL     =   -14240.8572  HBOND      =        0.0000
 1-4 VDW =        2.3904  1-4 EEL =       45.0605  RESTRAINT  =        0.4869
 EAMBER  =   -11531.3648


   NSTEP       ENERGY          RMS            GMAX         NAME    NUMBER
    340      -1.1551E+04     6.3131E-01     1.8907E+01     CH3         2

 BOND    =      822.8076  ANGLE   =        2.6357  DIHED      =       13.2836
 VDWAALS =     1845.8950  EEL     =   -14284.4672  HBOND      =        0.0000
 1-4 VDW =        2.6059  1-4 EEL =       46.2763  RESTRAINT  =        0.1755
 EAMBER  =   -11550.9631


   NSTEP       ENERGY          RMS            GMAX         NAME    NUMBER
    360      -1.1591E+04     9.0744E-01     2.1353E+01     C           5

 BOND    =      831.4696  ANGLE   =        2.5939  DIHED      =       12.3678
 VDWAALS =     1886.1366  EEL     =   -14372.0078  HBOND      =        0.0000
 1-4 VDW =        2.4702  1-4 EEL =       45.5442  RESTRAINT  =        0.4413
 EAMBER  =   -11591.4254


   NSTEP       ENERGY          RMS            GMAX         NAME    NUMBER
    380      -1.1612E+04     3.6789E-01     1.0659E+01     O           6

 BOND    =      834.8131  ANGLE   =        3.0764  DIHED      =       11.5351
 VDWAALS =     1902.1358  EEL     =   -14412.1461  HBOND      =        0.0000
 1-4 VDW =        2.2998  1-4 EEL =       44.8872  RESTRAINT  =        1.1478
 EAMBER  =   -11613.3988


   NSTEP       ENERGY          RMS            GMAX         NAME    NUMBER
    400      -1.1658E+04     1.3250E+00     2.7685E+01     CA          9

 BOND    =      850.7684  ANGLE   =        4.5805  DIHED      =       11.2518
 VDWAALS =     1970.5821  EEL     =   -14543.8577  HBOND      =        0.0000
 1-4 VDW =        2.5106  1-4 EEL =       43.7581  RESTRAINT  =        1.9366
 EAMBER  =   -11660.4063


   NSTEP       ENERGY          RMS            GMAX         NAME    NUMBER
    420      -1.1693E+04     4.3680E-01     1.5244E+01     C          15

 BOND    =      849.6205  ANGLE   =        3.0356  DIHED      =       11.2749
 VDWAALS =     1974.4010  EEL     =   -14579.3853  HBOND      =        0.0000
 1-4 VDW =        2.4324  1-4 EEL =       45.0362  RESTRAINT  =        0.6390
 EAMBER  =   -11693.5847


   NSTEP       ENERGY          RMS            GMAX         NAME    NUMBER
    440      -1.1705E+04     5.9523E-01     1.7206E+01     N           7

 BOND    =      853.3112  ANGLE   =        2.7720  DIHED      =       12.7886
 VDWAALS =     1983.4261  EEL     =   -14606.6359  HBOND      =        0.0000
 1-4 VDW =        2.6641  1-4 EEL =       46.4977  RESTRAINT  =        0.2365
 EAMBER  =   -11705.1762


   NSTEP       ENERGY          RMS            GMAX         NAME    NUMBER
    460      -1.1770E+04     9.4679E-01     2.0692E+01     CB         11

 BOND    =      871.6140  ANGLE   =        2.7738  DIHED      =       11.6583
 VDWAALS =     2038.7010  EEL     =   -14743.4585  HBOND      =        0.0000
 1-4 VDW =        2.5193  1-4 EEL =       46.0282  RESTRAINT  =        0.2002
 EAMBER  =   -11770.1639


   NSTEP       ENERGY          RMS            GMAX         NAME    NUMBER
    480      -1.1783E+04     3.8070E-01     9.2477E+00     O           6

 BOND    =      866.6799  ANGLE   =        2.7105  DIHED      =       11.1083
 VDWAALS =     2045.5926  EEL     =   -14757.7730  HBOND      =        0.0000
 1-4 VDW =        2.4116  1-4 EEL =       45.4228  RESTRAINT  =        0.5575
 EAMBER  =   -11783.8473


   NSTEP       ENERGY          RMS            GMAX         NAME    NUMBER
    500      -1.1810E+04     9.1695E-01     1.9445E+01     N           7

 BOND    =      879.1332  ANGLE   =        3.8984  DIHED      =       10.6581
 VDWAALS =     2071.4055  EEL     =   -14823.7282  HBOND      =        0.0000
 1-4 VDW =        2.7802  1-4 EEL =       44.6595  RESTRAINT  =        0.8862
 EAMBER  =   -11811.1934


   NSTEP       ENERGY          RMS            GMAX         NAME    NUMBER
    520      -1.1827E+04     4.9128E-01     1.4511E+01     C           5

 BOND    =      871.9233  ANGLE   =        3.2417  DIHED      =       10.7549
 VDWAALS =     2069.8219  EEL     =   -14830.7020  HBOND      =        0.0000
 1-4 VDW =        2.5464  1-4 EEL =       44.9658  RESTRAINT  =        0.4859
 EAMBER  =   -11827.4480


   NSTEP       ENERGY          RMS            GMAX         NAME    NUMBER
    540      -1.1837E+04     3.6595E-01     1.1739E+01     CH3        19

 BOND    =      876.1540  ANGLE   =        2.8032  DIHED      =       10.9460
 VDWAALS =     2076.2489  EEL     =   -14851.2917  HBOND      =        0.0000
 1-4 VDW =        2.3488  1-4 EEL =       45.5631  RESTRAINT  =        0.4094
 EAMBER  =   -11837.2277


   NSTEP       ENERGY          RMS            GMAX         NAME    NUMBER
    560      -1.1856E+04     6.1689E-01     2.0971E+01     N           7

 BOND    =      879.0552  ANGLE   =        2.7721  DIHED      =       11.0119
 VDWAALS =     2091.7336  EEL     =   -14889.2718  HBOND      =        0.0000
 1-4 VDW =        2.3951  1-4 EEL =       45.5629  RESTRAINT  =        0.4069
 EAMBER  =   -11856.7410


   NSTEP       ENERGY          RMS            GMAX         NAME    NUMBER
    580      -1.1866E+04     3.4442E-01     1.2026E+01     C           5

 BOND    =      880.2327  ANGLE   =        3.0897  DIHED      =       10.7037
 VDWAALS =     2095.5018  EEL     =   -14903.1021  HBOND      =        0.0000
 1-4 VDW =        2.5650  1-4 EEL =       44.9287  RESTRAINT  =        0.5235
 EAMBER  =   -11866.0806


   NSTEP       ENERGY          RMS            GMAX         NAME    NUMBER
    600      -1.1882E+04     7.6966E-01     1.7459E+01     C          15

 BOND    =      887.4991  ANGLE   =        3.8873  DIHED      =       10.3730
 VDWAALS =     2117.9611  EEL     =   -14949.3474  HBOND      =        0.0000
 1-4 VDW =        2.7763  1-4 EEL =       44.4545  RESTRAINT  =        0.8888
 EAMBER  =   -11882.3960


   NSTEP       ENERGY          RMS            GMAX         NAME    NUMBER
    620      -1.1894E+04     3.0472E-01     9.9269E+00     C          15

 BOND    =      884.3050  ANGLE   =        2.9318  DIHED      =       10.5253
 VDWAALS =     2115.6767  EEL     =   -14955.0237  HBOND      =        0.0000
 1-4 VDW =        2.4493  1-4 EEL =       44.9854  RESTRAINT  =        0.3198
 EAMBER  =   -11894.1502


   NSTEP       ENERGY          RMS            GMAX         NAME    NUMBER
    640      -1.1900E+04     3.6025E-01     8.3389E+00     CB         11

 BOND    =      886.5350  ANGLE   =        2.9321  DIHED      =       10.8368
 VDWAALS =     2121.1482  EEL     =   -14969.7263  HBOND      =        0.0000
 1-4 VDW =        2.2881  1-4 EEL =       45.6825  RESTRAINT  =        0.3455
 EAMBER  =   -11900.3035


   NSTEP       ENERGY          RMS            GMAX         NAME    NUMBER
    660      -1.1914E+04     5.7593E-01     1.3338E+01     CH3        19

 BOND    =      889.8698  ANGLE   =        2.6498  DIHED      =       10.6518
 VDWAALS =     2136.2995  EEL     =   -15001.3794  HBOND      =        0.0000
 1-4 VDW =        2.3560  1-4 EEL =       45.2550  RESTRAINT  =        0.2563
 EAMBER  =   -11914.2975


   NSTEP       ENERGY          RMS            GMAX         NAME    NUMBER
    680      -1.1920E+04     1.7818E-01     5.6227E+00     CH3         2

 BOND    =      889.6133  ANGLE   =        3.0302  DIHED      =       10.4169
 VDWAALS =     2139.5025  EEL     =   -15010.5606  HBOND      =        0.0000
 1-4 VDW =        2.4522  1-4 EEL =       44.8808  RESTRAINT  =        0.3021
 EAMBER  =   -11920.6647


   NSTEP       ENERGY          RMS            GMAX         NAME    NUMBER
    700      -1.1943E+04     1.6387E+00     7.2841E+01     H1       2409

 BOND    =      908.8984  ANGLE   =        4.2099  DIHED      =       10.3881
 VDWAALS =     2178.2258  EEL     =   -15091.4734  HBOND      =        0.0000
 1-4 VDW =        2.4861  1-4 EEL =       44.0560  RESTRAINT  =        0.6061
 EAMBER  =   -11943.2092


   NSTEP       ENERGY          RMS            GMAX         NAME    NUMBER
    720      -1.1956E+04     3.3065E-01     1.1557E+01     C           5

 BOND    =      897.2366  ANGLE   =        2.9837  DIHED      =       10.3262
 VDWAALS =     2177.2724  EEL     =   -15090.9912  HBOND      =        0.0000
 1-4 VDW =        2.3051  1-4 EEL =       44.9745  RESTRAINT  =        0.2067
 EAMBER  =   -11955.8927


   NSTEP       ENERGY          RMS            GMAX         NAME    NUMBER
    740      -1.1960E+04     2.9848E-01     9.9757E+00     C          15

 BOND    =      899.3972  ANGLE   =        3.2144  DIHED      =       10.4242
 VDWAALS =     2180.8267  EEL     =   -15101.6874  HBOND      =        0.0000
 1-4 VDW =        2.3757  1-4 EEL =       45.2938  RESTRAINT  =        0.1608
 EAMBER  =   -11960.1555


   NSTEP       ENERGY          RMS            GMAX         NAME    NUMBER
    760      -1.1967E+04     3.8008E-01     1.0446E+01     CA          9

 BOND    =      900.0526  ANGLE   =        3.0285  DIHED      =       10.4961
 VDWAALS =     2188.7225  EEL     =   -15116.8983  HBOND      =        0.0000
 1-4 VDW =        2.4408  1-4 EEL =       45.1788  RESTRAINT  =        0.1467
 EAMBER  =   -11966.9789


   NSTEP       ENERGY          RMS            GMAX         NAME    NUMBER
    780      -1.1971E+04     3.3869E-01     1.0810E+01     N           7

 BOND    =      901.1813  ANGLE   =        3.0915  DIHED      =       10.2993
 VDWAALS =     2193.0483  EEL     =   -15126.4363  HBOND      =        0.0000
 1-4 VDW =        2.4826  1-4 EEL =       44.7047  RESTRAINT  =        0.2315
 EAMBER  =   -11971.6285


   NSTEP       ENERGY          RMS            GMAX         NAME    NUMBER
    800      -1.1977E+04     4.0223E-01     1.1977E+01     CH3        19

 BOND    =      903.2568  ANGLE   =        3.3064  DIHED      =       10.2404
 VDWAALS =     2202.5073  EEL     =   -15144.0094  HBOND      =        0.0000
 1-4 VDW =        2.4994  1-4 EEL =       44.4794  RESTRAINT  =        0.3789
 EAMBER  =   -11977.7197


   NSTEP       ENERGY          RMS            GMAX         NAME    NUMBER
    820      -1.1982E+04     2.8379E-01     8.2378E+00     C           5

 BOND    =      902.9202  ANGLE   =        3.0263  DIHED      =       10.2459
 VDWAALS =     2203.8992  EEL     =   -15149.1991  HBOND      =        0.0000
 1-4 VDW =        2.3921  1-4 EEL =       44.7651  RESTRAINT  =        0.2058
 EAMBER  =   -11981.9504


   NSTEP       ENERGY          RMS            GMAX         NAME    NUMBER
    840      -1.1986E+04     2.3764E-01     8.1728E+00     CH3        19

 BOND    =      904.2213  ANGLE   =        3.1530  DIHED      =       10.3521
 VDWAALS =     2208.2795  EEL     =   -15159.4979  HBOND      =        0.0000
 1-4 VDW =        2.3821  1-4 EEL =       45.2172  RESTRAINT  =        0.1533
 EAMBER  =   -11985.8927


   NSTEP       ENERGY          RMS            GMAX         NAME    NUMBER
    860      -1.1991E+04     3.3654E-01     9.8472E+00     CA          9

 BOND    =      905.4137  ANGLE   =        3.1129  DIHED      =       10.3840
 VDWAALS =     2214.7797  EEL     =   -15172.8898  HBOND      =        0.0000
 1-4 VDW =        2.4643  1-4 EEL =       45.1468  RESTRAINT  =        0.1342
 EAMBER  =   -11991.5883


   NSTEP       ENERGY          RMS            GMAX         NAME    NUMBER
    880      -1.1996E+04     3.9513E-01     1.4699E+01     N           7

 BOND    =      907.6888  ANGLE   =        3.0554  DIHED      =       10.2820
 VDWAALS =     2218.9841  EEL     =   -15183.3941  HBOND      =        0.0000
 1-4 VDW =        2.5233  1-4 EEL =       44.7349  RESTRAINT  =        0.2204
 EAMBER  =   -11996.1255


   NSTEP       ENERGY          RMS            GMAX         NAME    NUMBER
    900      -1.2002E+04     3.7398E-01     1.2243E+01     CH3        19

 BOND    =      908.7851  ANGLE   =        3.1604  DIHED      =       10.2190
 VDWAALS =     2226.5390  EEL     =   -15197.8684  HBOND      =        0.0000
 1-4 VDW =        2.5123  1-4 EEL =       44.6307  RESTRAINT  =        0.3173
 EAMBER  =   -12002.0219


   NSTEP       ENERGY          RMS            GMAX         NAME    NUMBER
    920      -1.2007E+04     2.9592E-01     8.9361E+00     C           5

 BOND    =      907.7774  ANGLE   =        3.0106  DIHED      =       10.2151
 VDWAALS =     2227.5426  EEL     =   -15202.5797  HBOND      =        0.0000
 1-4 VDW =        2.4206  1-4 EEL =       44.7627  RESTRAINT  =        0.1985
 EAMBER  =   -12006.8506


   NSTEP       ENERGY          RMS            GMAX         NAME    NUMBER
    940      -1.2011E+04     2.3782E-01     7.6383E+00     CH3        19

 BOND    =      909.4829  ANGLE   =        3.1595  DIHED      =       10.2882
 VDWAALS =     2231.6612  EEL     =   -15213.7189  HBOND      =        0.0000
 1-4 VDW =        2.3884  1-4 EEL =       45.2416  RESTRAINT  =        0.1572
 EAMBER  =   -12011.4970


   NSTEP       ENERGY          RMS            GMAX         NAME    NUMBER
    960      -1.2017E+04     3.4223E-01     9.5170E+00     CA          9

 BOND    =      910.9498  ANGLE   =        3.1135  DIHED      =       10.3376
 VDWAALS =     2238.8095  EEL     =   -15227.8338  HBOND      =        0.0000
 1-4 VDW =        2.4786  1-4 EEL =       45.1964  RESTRAINT  =        0.1293
 EAMBER  =   -12016.9484


   NSTEP       ENERGY          RMS            GMAX         NAME    NUMBER
    980      -1.2021E+04     4.5957E-01     1.3720E+01     N           7

 BOND    =      913.0023  ANGLE   =        2.9996  DIHED      =       10.2538
 VDWAALS =     2243.7879  EEL     =   -15238.2171  HBOND      =        0.0000
 1-4 VDW =        2.5577  1-4 EEL =       44.7485  RESTRAINT  =        0.2065
 EAMBER  =   -12020.8673


   NSTEP       ENERGY          RMS            GMAX         NAME    NUMBER
   1000      -1.2025E+04     4.4531E-01     1.3832E+01     CH3        19

 BOND    =      914.3187  ANGLE   =        3.1396  DIHED      =       10.1682
 VDWAALS =     2252.5980  EEL     =   -15253.0399  HBOND      =        0.0000
 1-4 VDW =        2.5246  1-4 EEL =       44.6726  RESTRAINT  =        0.2884
 EAMBER  =   -12025.6183


  Maximum number of minimization cycles reached.


                    FINAL RESULTS



   NSTEP       ENERGY          RMS            GMAX         NAME    NUMBER
   1000      -1.2025E+04     4.4531E-01     1.3832E+01     CH3        19

 BOND    =      914.3187  ANGLE   =        3.1396  DIHED      =       10.1682
 VDWAALS =     2252.5980  EEL     =   -15253.0399  HBOND      =        0.0000
 1-4 VDW =        2.5246  1-4 EEL =       44.6726  RESTRAINT  =        0.2884
 EAMBER  =   -12025.6183

--------------------------------------------------------------------------------
   5.  TIMINGS
--------------------------------------------------------------------------------

|                Build the list             0.10 (54.00% of List )
|                Other                      0.09 (46.00% of List )
|             List time                  0.19 ( 0.81% of Nonbo)
|                   Short_ene time            14.21 (96.38% of Direc)
|                   Other                      0.53 ( 3.62% of Direc)
|                Direct Ewald time         14.75 (63.13% of Ewald)
|                Adjust Ewald time          0.08 ( 0.35% of Ewald)
|                Self Ewald time            0.00 ( 0.02% of Ewald)
|                   Fill Bspline coeffs        0.32 ( 4.42% of Recip)
|                   Fill charge grid           0.32 ( 4.31% of Recip)
|                   Scalar sum                 1.58 (21.52% of Recip)
|                   Grad sum                   0.67 ( 9.13% of Recip)
|                      FFT back comm time         2.11 (49.23% of FFT t)
|                      Other                      2.18 (50.77% of FFT t)
|                   FFT time                   4.29 (58.43% of Recip)
|                   Other                      0.16 ( 2.20% of Recip)
|                Recip Ewald time           7.35 (31.46% of Ewald)
|                Force Adjust               0.87 ( 3.71% of Ewald)
|                Virial junk                0.30 ( 1.27% of Ewald)
|                Other                      0.01 ( 0.05% of Ewald)
|             Ewald time                23.36 (99.17% of Nonbo)
|             Other                      0.01 ( 0.02% of Nonbo)
|          Nonbond force             23.55 (85.58% of Force)
|          Bond/Angle/Dihedral        0.06 ( 0.22% of Force)
|          FRC Collect time           1.01 ( 3.67% of Force)
|          Other                      2.90 (10.54% of Force)
|       Force time                27.52 (100.0% of Runmd)
|    Runmd Time                27.52 (11.80% of Total)
|    Other                    205.82 (88.20% of Total)
| Total time               233.35 (100.0% of ALL  )

| Highest rstack allocated:      40477
| Highest istack allocated:        877
|           Job began  at 13:49:15.221  on 03/14/2017
|           Setup done at 13:49:15.314  on 03/14/2017
|           Run   done at 13:53:08.577  on 03/14/2017
|     wallclock() was called   44070 times
