
          -------------------------------------------------------
          Amber 16 SANDER                              2016
          -------------------------------------------------------

| Run on 03/14/2017 at 13:55:04

|   Executable path: sander.MPI
| Working directory: /home/steboss/projects/mdgx-tests/alanine/IPOLQ/input/PhiPsi_1/120/45
|          Hostname: node012

  [-O]verwriting output

File Assignments:
|  MDIN: equil.in                                                              
| MDOUT: Conf45.eq.out                                                         
|INPCRD: Conf45.min                                                            
|  PARM: Conf45.top                                                            
|RESTRT: Conf45.rst                                                            
|  REFC: Conf45.crd                                                            
| MDVEL: mdvel                                                                 
| MDFRC: mdfrc                                                                 
|  MDEN: mden                                                                  
| MDCRD: mdcrd                                                                 
|MDINFO: mdinfo                                                                
|  MTMD: mtmd                                                                  
|INPDIP: inpdip                                                                
|RSTDIP: rstdip                                                                
|INPTRA: inptraj                                                               

|    REMLOG: rem.log
|   REMTYPE: rem.type
|  REMSTRIP: 
|   SAVEENE: saveene
|CLUSTERINF: cluster.info
| RESERVOIR: reserv/frame
|   REMDDIM: 


 Here is the input file:

Equilibrate water in NPT                                                       
 &cntrl                                                                        
                                                                               
  nmropt = 0,                                                                  
  ntx    = 1,       irest  = 0,       ntrx   = 1,      ntxo   = 1,             
  ntpr   = 1000,    ntwx   = 1000,    ntwv   = 0,      ntwe   = 1000,          
  iwrap  = 0,       ioutfm = 1,                                                
                                                                               
  ntf    = 2,       ntb    = 2,                                                
  cut = 9.0,                                                                   
                                                                               
  ibelly = 0,       ntr    = 1,                                                
  restraintmask = ':1',                                                        
  restraint_wt = 100.0,                                                        
                                                                               
  imin   = 0,                                                                  
  nstlim = 10000,                                                              
  nscm   = 1000,                                                               
  t      = 0.0,     dt     = 0.002,                                            
                                                                               
  temp0     = 298.0,   tempi  = 0.0,                                           
  ig        = -1,                                                              
  ntt       = 3,                                                               
  gamma_ln  = 3.0,                                                             
                                                                               
  ntp    = 1,       pres0  = 1.0,     comp   = 44.6,                           
  taup   = 1.0,                                                                
                                                                               
  ntc    = 2,       tol    = 0.000001, watnam = 'WAT ',                        
                                                                               
 &end                                                                          

--------------------------------------------------------------------------------
   1.  RESOURCE   USE: 
--------------------------------------------------------------------------------

| Flags: MPI                                                                    
 getting new box info from bottom of inpcrd
|  INFO: Old style inpcrd file read

| peek_ewald_inpcrd: Box info found
|Largest sphere to fit in unit cell has radius =    14.520
| New format PARM file being parsed.
| Version =    1.000 Date = 03/14/17 Time = 13:37:56
 NATOM  =    2887 NTYPES =       9 NBONH =    2877 MBONA  =       9
 NTHETH =      25 MTHETA =      11 NPHIH =      43 MPHIA  =      24
 NHPARM =       0 NPARM  =       0 NNB   =    3919 NRES   =     958
 NBONA  =       9 NTHETA =      11 NPHIA =      24 NUMBND =      10
 NUMANG =      16 NPTRA  =      19 NATYP =       9 NPHB   =       1
 IFBOX  =       2 NMXRS  =      10 IFCAP =       0 NEXTRA =       0
 NCOPY  =       0


|     Memory Use     Allocated
|     Real              297535
|     Hollerith           9621
|     Integer            88820
|     Max Pairs         320216
|     nblistReal         34644
|     nblist Int         87771
|       Total             4573 kbytes

| Note: 1-4 EEL scale factors are being read from the topology file.

| Note: 1-4 VDW scale factors are being read from the topology file.
| Duplicated    0 dihedrals
| Duplicated    0 dihedrals

     BOX TYPE: TRUNCATED OCTAHEDRON
Note: ig = -1. Setting random seed to   721010 based on wallclock time in microseconds
      and disabling the synchronization of random numbers between tasks
      to improve performance.

--------------------------------------------------------------------------------
   2.  CONTROL  DATA  FOR  THE  RUN
--------------------------------------------------------------------------------

default_name                                                                    

General flags:
     imin    =       0, nmropt  =       0

Nature and format of input:
     ntx     =       1, irest   =       0, ntrx    =       1

Nature and format of output:
     ntxo    =       1, ntpr    =    1000, ntrx    =       1, ntwr    =   10000
     iwrap   =       0, ntwx    =    1000, ntwv    =       0, ntwe    =    1000
     ioutfm  =       1, ntwprt  =       0, idecomp =       0, rbornstat=      0

Potential function:
     ntf     =       2, ntb     =       2, igb     =       0, nsnb    =      25
     ipol    =       0, gbsa    =       0, iesp    =       0
     dielc   =   1.00000, cut     =   9.00000, intdiel =   1.00000

Frozen or restrained atoms:
     ibelly  =       0, ntr     =       1
     restraint_wt = 100.00000

Molecular dynamics:
     nstlim  =     10000, nscm    =         0, nrespa  =         1
     t       =   0.00000, dt      =   0.00200, vlimit  =  20.00000

Langevin dynamics temperature regulation:
     ig      =  721010
     temp0   = 298.00000, tempi   =   0.00000, gamma_ln=   3.00000

Pressure regulation:
     ntp     =       1
     pres0   =   1.00000, comp    =  44.60000, taup    =   1.00000

SHAKE:
     ntc     =       2, jfastw  =       0
     tol     =   0.00000

Ewald parameters:
     verbose =       0, ew_type =       0, nbflag  =       1, use_pme =       1
     vdwmeth =       1, eedmeth =       1, netfrc  =       1
     Box X =   35.567   Box Y =   35.567   Box Z =   35.567
     Alpha =  109.471   Beta  =  109.471   Gamma =  109.471
     NFFT1 =   36       NFFT2 =   36       NFFT3 =   36
     Cutoff=    9.000   Tol   =0.100E-04
     Ewald Coefficient =  0.30768
     Interpolation order =    4

| MPI Timing options:
|      profile_mpi =        0

    LOADING THE CONSTRAINED ATOMS AS GROUPS


   5.  REFERENCE ATOM COORDINATES

  defa
     Mask :1; matches     6 atoms

--------------------------------------------------------------------------------
   3.  ATOMIC COORDINATES AND VELOCITIES
--------------------------------------------------------------------------------

defa                                                                            
 begin time read from input coords =     0.000 ps

 Number of triangulated 3-point waters found:      955
|  Atom division among processors:
|         0     361     721    1084    1444    1804    2167    2527
|      2887

     Sum of charges from parm topology file =  -0.00000000
     Forcing neutrality...
|  Running AMBER/MPI version on    8 nodes


--------------------------------------------------------------------------------
   4.  RESULTS
--------------------------------------------------------------------------------

|  # of SOLUTE  degrees of freedom (RNDFP):    5784.
|  # of SOLVENT degrees of freedom (RNDFS):       0.
|  NDFMIN =    5784.     NUM_NOSHAKE =      0     CORRECTED RNDFP =    5784.
|  TOTAL # of degrees of freedom (RNDF) =    5784.
 ---------------------------------------------------
 APPROXIMATING switch and d/dx switch using CUBIC SPLINE INTERPOLATION
 using   5000.0 points per unit in tabled values
 TESTING RELATIVE ERROR over r ranging from 0.0 to cutoff
| CHECK switch(x): max rel err =   0.2738E-14   at   2.422500
| CHECK d/dx switch(x): max rel err =   0.8314E-11   at   2.736960
 ---------------------------------------------------
| Local SIZE OF NONBOND LIST =      94688
| TOTAL SIZE OF NONBOND LIST =     671256

 NSTEP =        0   TIME(PS) =       0.000  TEMP(K) =     0.00  PRESS = -5554.7
 Etot   =    -12697.4029  EKtot   =         0.0000  EPtot      =    -12697.4029
 BOND   =         0.5190  ANGLE   =         3.1777  DIHED      =        13.6607
 1-4 NB =         1.9642  1-4 EEL =        45.0888  VDWAALS    =      2236.2235
 EELEC  =    -14998.2140  EHBOND  =         0.0000  RESTRAINT  =         0.1774
 EAMBER (non-restraint)  =    -12697.5802
 EKCMT  =         0.0000  VIRIAL  =      4153.8677  VOLUME     =     34635.2132
                                                    Density    =         0.8318
 Ewald error estimate:   0.1351E-04
 ------------------------------------------------------------------------------


 NSTEP =     1000   TIME(PS) =       2.000  TEMP(K) =   300.10  PRESS =  -954.3
 Etot   =     -7323.0779  EKtot   =      1724.6751  EPtot      =     -9047.7530
 BOND   =         4.7380  ANGLE   =        11.6093  DIHED      =         9.7149
 1-4 NB =         2.7298  1-4 EEL =        43.0411  VDWAALS    =      1308.8469
 EELEC  =    -10431.3269  EHBOND  =         0.0000  RESTRAINT  =         2.8939
 EAMBER (non-restraint)  =     -9050.6469
 EKCMT  =       853.4562  VIRIAL  =      1503.2802  VOLUME     =     31536.4097
                                                    Density    =         0.9135
 Ewald error estimate:   0.6467E-03
 ------------------------------------------------------------------------------


 NSTEP =     2000   TIME(PS) =       4.000  TEMP(K) =   305.86  PRESS =  -408.4
 Etot   =     -7355.9627  EKtot   =      1757.7893  EPtot      =     -9113.7520
 BOND   =         3.2984  ANGLE   =         9.7982  DIHED      =        11.6096
 1-4 NB =         2.3702  1-4 EEL =        42.8804  VDWAALS    =      1349.4227
 EELEC  =    -10536.0095  EHBOND  =         0.0000  RESTRAINT  =         2.8779
 EAMBER (non-restraint)  =     -9116.6299
 EKCMT  =       867.6025  VIRIAL  =      1135.2392  VOLUME     =     30349.7353
                                                    Density    =         0.9493
 Ewald error estimate:   0.9553E-04
 ------------------------------------------------------------------------------


 NSTEP =     3000   TIME(PS) =       6.000  TEMP(K) =   289.19  PRESS =   365.4
 Etot   =     -7457.0375  EKtot   =      1661.9443  EPtot      =     -9118.9818
 BOND   =         4.1865  ANGLE   =         8.0488  DIHED      =        14.6905
 1-4 NB =         2.6495  1-4 EEL =        44.7165  VDWAALS    =      1422.1129
 EELEC  =    -10619.5980  EHBOND  =         0.0000  RESTRAINT  =         4.2115
 EAMBER (non-restraint)  =     -9123.1933
 EKCMT  =       802.0197  VIRIAL  =       569.5015  VOLUME     =     29470.4916
                                                    Density    =         0.9776
 Ewald error estimate:   0.2758E-03
 ------------------------------------------------------------------------------


 NSTEP =     4000   TIME(PS) =       8.000  TEMP(K) =   295.15  PRESS =    53.3
 Etot   =     -7428.0666  EKtot   =      1696.2357  EPtot      =     -9124.3022
 BOND   =         4.5225  ANGLE   =         7.7881  DIHED      =        13.0475
 1-4 NB =         3.3928  1-4 EEL =        45.1160  VDWAALS    =      1348.1991
 EELEC  =    -10548.9011  EHBOND  =         0.0000  RESTRAINT  =         2.5331
 EAMBER (non-restraint)  =     -9126.8353
 EKCMT  =       834.7014  VIRIAL  =       800.9751  VOLUME     =     29295.4106
                                                    Density    =         0.9834
 Ewald error estimate:   0.2097E-03
 ------------------------------------------------------------------------------


 NSTEP =     5000   TIME(PS) =      10.000  TEMP(K) =   299.09  PRESS =   -50.2
 Etot   =     -7445.9919  EKtot   =      1718.8606  EPtot      =     -9164.8525
 BOND   =         2.1028  ANGLE   =         9.4231  DIHED      =        11.8159
 1-4 NB =         4.7797  1-4 EEL =        48.5308  VDWAALS    =      1342.1980
 EELEC  =    -10588.9105  EHBOND  =         0.0000  RESTRAINT  =         5.2078
 EAMBER (non-restraint)  =     -9170.0603
 EKCMT  =       869.6202  VIRIAL  =       901.1724  VOLUME     =     29111.3569
                                                    Density    =         0.9896
 Ewald error estimate:   0.3079E-03
 ------------------------------------------------------------------------------


 NSTEP =     6000   TIME(PS) =      12.000  TEMP(K) =   298.09  PRESS =  -342.8
 Etot   =     -7477.3277  EKtot   =      1713.0890  EPtot      =     -9190.4167
 BOND   =         3.6282  ANGLE   =         6.6360  DIHED      =        14.1679
 1-4 NB =         2.9201  1-4 EEL =        48.5970  VDWAALS    =      1325.3917
 EELEC  =    -10595.9482  EHBOND  =         0.0000  RESTRAINT  =         4.1905
 EAMBER (non-restraint)  =     -9194.6072
 EKCMT  =       844.6152  VIRIAL  =      1060.1048  VOLUME     =     29116.8843
                                                    Density    =         0.9895
 Ewald error estimate:   0.1477E-03
 ------------------------------------------------------------------------------


 NSTEP =     7000   TIME(PS) =      14.000  TEMP(K) =   303.26  PRESS =  -566.9
 Etot   =     -7435.5974  EKtot   =      1742.8365  EPtot      =     -9178.4339
 BOND   =         4.5360  ANGLE   =         5.3442  DIHED      =        10.8542
 1-4 NB =         3.8193  1-4 EEL =        46.6137  VDWAALS    =      1282.2859
 EELEC  =    -10534.8021  EHBOND  =         0.0000  RESTRAINT  =         2.9150
 EAMBER (non-restraint)  =     -9181.3489
 EKCMT  =       866.2291  VIRIAL  =      1222.7885  VOLUME     =     29129.7039
                                                    Density    =         0.9890
 Ewald error estimate:   0.6041E-04
 ------------------------------------------------------------------------------


 NSTEP =     8000   TIME(PS) =      16.000  TEMP(K) =   294.56  PRESS =  -351.7
 Etot   =     -7484.3577  EKtot   =      1692.8104  EPtot      =     -9177.1682
 BOND   =         4.5023  ANGLE   =        10.6364  DIHED      =        10.1471
 1-4 NB =         3.8994  1-4 EEL =        45.8519  VDWAALS    =      1340.2018
 EELEC  =    -10595.9849  EHBOND  =         0.0000  RESTRAINT  =         3.5778
 EAMBER (non-restraint)  =     -9180.7460
 EKCMT  =       841.2545  VIRIAL  =      1064.2253  VOLUME     =     29360.1581
                                                    Density    =         0.9813
 Ewald error estimate:   0.1788E-04
 ------------------------------------------------------------------------------


 NSTEP =     9000   TIME(PS) =      18.000  TEMP(K) =   295.70  PRESS =  -238.2
 Etot   =     -7437.2146  EKtot   =      1699.3502  EPtot      =     -9136.5648
 BOND   =         2.2836  ANGLE   =         6.6484  DIHED      =         9.9201
 1-4 NB =         3.5114  1-4 EEL =        45.9091  VDWAALS    =      1331.8078
 EELEC  =    -10538.8408  EHBOND  =         0.0000  RESTRAINT  =         2.1956
 EAMBER (non-restraint)  =     -9138.7604
 EKCMT  =       849.7466  VIRIAL  =      1001.4409  VOLUME     =     29491.0046
                                                    Density    =         0.9769
 Ewald error estimate:   0.2221E-03
 ------------------------------------------------------------------------------


 NSTEP =    10000   TIME(PS) =      20.000  TEMP(K) =   302.61  PRESS =  -220.7
 Etot   =     -7445.3876  EKtot   =      1739.0850  EPtot      =     -9184.4726
 BOND   =         3.5654  ANGLE   =         7.1466  DIHED      =         9.8199
 1-4 NB =         3.2053  1-4 EEL =        47.0539  VDWAALS    =      1350.2441
 EELEC  =    -10609.4644  EHBOND  =         0.0000  RESTRAINT  =         3.9567
 EAMBER (non-restraint)  =     -9188.4293
 EKCMT  =       878.3482  VIRIAL  =      1019.1015  VOLUME     =     29531.4163
                                                    Density    =         0.9756
 Ewald error estimate:   0.4675E-04
 ------------------------------------------------------------------------------


      A V E R A G E S   O V E R   10000 S T E P S


 NSTEP =    10000   TIME(PS) =      20.000  TEMP(K) =   292.73  PRESS =  -177.7
 Etot   =     -7493.7864  EKtot   =      1682.2865  EPtot      =     -9176.0729
 BOND   =         3.2428  ANGLE   =         9.0497  DIHED      =        11.9909
 1-4 NB =         3.2652  1-4 EEL =        45.0508  VDWAALS    =      1374.2779
 EELEC  =    -10626.0246  EHBOND  =         0.0000  RESTRAINT  =         3.0745
 EAMBER (non-restraint)  =     -9179.1474
 EKCMT  =       836.4059  VIRIAL  =       959.3151  VOLUME     =     29853.3972
                                                    Density    =         0.9664
 Ewald error estimate:   0.1917E-03
 ------------------------------------------------------------------------------


      R M S  F L U C T U A T I O N S


 NSTEP =    10000   TIME(PS) =      20.000  TEMP(K) =    26.27  PRESS =   465.8
 Etot   =       329.6796  EKtot   =       150.9526  EPtot      =       184.8956
 BOND   =         1.5060  ANGLE   =         2.2284  DIHED      =         1.5395
 1-4 NB =         0.7167  1-4 EEL =         1.8413  VDWAALS    =        88.6875
 EELEC  =       264.3910  EHBOND  =         0.0000  RESTRAINT  =         1.2280
 EAMBER (non-restraint)  =       183.6676
 EKCMT  =        73.3236  VIRIAL  =       283.5830  VOLUME     =      1141.1973
                                                    Density    =         0.0342
 Ewald error estimate:   0.1468E-03
 ------------------------------------------------------------------------------


--------------------------------------------------------------------------------
   5.  TIMINGS
--------------------------------------------------------------------------------

|>>>>>>>>PROFILE of Average TIMES>>>>>>>>> 
|                Build the list             7.80 (97.34% of List )
|                Other                      0.21 ( 2.66% of List )
|             List time                  8.02 (10.01% of Nonbo)
|                   Short_ene time            48.25 (96.22% of Direc)
|                   Other                      1.90 ( 3.78% of Direc)
|                Direct Ewald time         50.14 (69.60% of Ewald)
|                Adjust Ewald time          0.26 ( 0.36% of Ewald)
|                   Fill Bspline coeffs        1.07 ( 6.54% of Recip)
|                   Fill charge grid           0.97 ( 5.91% of Recip)
|                   Scalar sum                 4.25 (25.92% of Recip)
|                   Grad sum                   2.16 (13.18% of Recip)
|                      FFT back comm time         1.16 (16.00% of FFT t)
|                      Other                      6.11 (84.00% of FFT t)
|                   FFT time                   7.27 (44.37% of Recip)
|                   Other                      0.67 ( 4.07% of Recip)
|                Recip Ewald time          16.38 (22.74% of Ewald)
|                Force Adjust               4.86 ( 6.74% of Ewald)
|                Virial junk                0.37 ( 0.51% of Ewald)
|                Other                      0.03 ( 0.04% of Ewald)
|             Ewald time                72.04 (89.98% of Nonbo)
|             Other                      0.00 ( 0.01% of Nonbo)
|          Nonbond force             80.07 (98.83% of Force)
|          Bond/Angle/Dihedral        0.10 ( 0.13% of Force)
|          FRC Collect time           0.67 ( 0.83% of Force)
|          Other                      0.18 ( 0.22% of Force)
|       Force time                81.02 (93.55% of Runmd)
|       Shake time                 0.30 ( 0.35% of Runmd)
|       Verlet update time         3.00 ( 3.47% of Runmd)
|       Ekcmr time                 1.29 ( 1.49% of Runmd)
|       CRD distribute time        0.34 ( 0.39% of Runmd)
|       Other                      0.65 ( 0.75% of Runmd)
|    Runmd Time                86.60 (99.87% of Total)
|    Other                      0.11 ( 0.13% of Total)
| Total time                86.72 (100.0% of ALL  )

| Number of list builds   :        905

| Highest rstack allocated:      39883
| Highest istack allocated:        855

| Final Performance Info:
| -----------------------------------------------------
| Average timings for all steps:
|     Elapsed(s) =      87.09 Per Step(ms) =       8.71
|         ns/day =      19.84   seconds/ns =    4354.55
| -----------------------------------------------------

|           Job began  at 13:55:04.683  on 03/14/2017
|           Setup done at 13:55:04.794  on 03/14/2017
|           Run   done at 13:56:31.742  on 03/14/2017
|     wallclock() was called  571877 times
